================================================================================
                               cleanup (Finalize)
================================================================================
Cleaning up workspace
[Pipeline] }
[Pipeline] // withEnv
[Pipeline] withEnv
[Pipeline] {
[Pipeline] sh
[ecg-mayausd-branch-preflight-python3-linux] Running shell script
+ scl enable devtoolset-6 -
python ecg-maya-usd/build.py --stages=cleanup --workspace-dir=/local/S/jenkins/workspace/ecg-mayausd-branch-preflight-python3-linux --artifactory-dir=/local/S/jenkins/workspace/shared/Artifactory --build-dir=/local/S/jenkins/workspace/ecg-mayausd-branch-preflight-python3-linux/build --install-dir=/local/S/jenkins/workspace/ecg-mayausd-branch-preflight-python3-linux/install --signing-dir=/local/S/jenkins/workspace/ecg-mayausd-branch-preflight-python3-linux/signing --package-dir=/local/S/jenkins/workspace/ecg-mayausd-branch-preflight-python3-linux/package --output-dir=/local/S/jenkins/workspace/ecg-mayausd-branch-preflight-python3-linux/output --stash-dir=/local/S/jenkins/workspace/ecg-mayausd-branch-preflight-python3-linux/stash --jenkins-build=855 --git-commit=43095a6df3de284d65b0ddb5febabee3b2c97240 --git-branch=master --variants=RelWithDebInfo --python=3 --post-zips=false --maya-cut-config=maya-rundev-master.yaml --stage-banner
Using Maya cut from /local/S/jenkins/workspace/shared/Artifactory/Linux/rundev-master/202105010915/runtime/a1d2db1

================================================================================
                               cleanup (Finalize)
================================================================================
Cleaning up workspace
[Pipeline] }
[Pipeline] // withEnv
[Pipeline] }
[Pipeline] // stage
[Pipeline] }
[Pipeline] // timestamps
[Pipeline] }
[Pipeline] // timeout
[Pipeline] }
[Pipeline] // node
[Pipeline] End of Pipeline
Finished: SUCCESS
