[2023-05-01T14:02:30.484Z] ================================================================================
[2023-05-01T14:02:30.485Z]                              setup (RelWithDebInfo)
[2023-05-01T14:02:30.485Z] ================================================================================
[2023-05-01T14:02:30.485Z] Installing license file 'melicense.lic'.
[Pipeline] }
[Pipeline] // withEnv
[Pipeline] }
[Pipeline] // timeout
[Pipeline] }
[Pipeline] // stage
[Pipeline] }
[Pipeline] // timestamps
[Pipeline] timestamps
[Pipeline] {
[Pipeline] stage
[Pipeline] { (Clean)
[Pipeline] timeout
[2023-05-01T14:02:30.639Z] Timeout set to expire in 6 hr 0 min
[Pipeline] {
[Pipeline] withEnv
[Pipeline] {
[Pipeline] sh
[2023-05-01T14:02:31.137Z] + scl enable devtoolset-6 -
[2023-05-01T14:02:31.137Z] python ecg-maya-usd/build.py --stages=clean --workspace-dir=/local/S/jenkins/workspace/ECP/ecg-maya-usd/ecg-mayausd-branch-preflight-2023-python3-linux --artifactory-dir=/local/S/jenkins/workspace/shared/Artifactory --build-dir=/local/S/jenkins/workspace/ECP/ecg-maya-usd/ecg-mayausd-branch-preflight-2023-python3-linux/build --install-dir=/local/S/jenkins/workspace/ECP/ecg-maya-usd/ecg-mayausd-branch-preflight-2023-python3-linux/install --signing-dir=/local/S/jenkins/workspace/ECP/ecg-maya-usd/ecg-mayausd-branch-preflight-2023-python3-linux/signing --package-dir=/local/S/jenkins/workspace/ECP/ecg-maya-usd/ecg-mayausd-branch-preflight-2023-python3-linux/package --output-dir=/local/S/jenkins/workspace/ECP/ecg-maya-usd/ecg-mayausd-branch-preflight-2023-python3-linux/output --stash-dir=/local/S/jenkins/workspace/ECP/ecg-maya-usd/ecg-mayausd-branch-preflight-2023-python3-linux/stash --jenkins-build=879 --git-commit=a45e70e270093e888cb4c8b00119106c163009d2 --git-branch=master --variants=RelWithDebInfo --python=3.9 --post-zips=false --maya-cut-config=maya-rundev-2023.yaml --maya-package=rundev-2023 --stage-banner
[2023-05-01T14:02:31.638Z] Using Maya cut from /local/S/jenkins/workspace/shared/Artifactory/Linux/rundev-2023/202304272215/runtime/4a5fff5
[2023-05-01T14:02:31.638Z] 
[2023-05-01T14:02:31.638Z] ================================================================================
[2023-05-01T14:02:31.638Z]                              clean (RelWithDebInfo)
[2023-05-01T14:02:31.638Z] ================================================================================
[2023-05-01T14:02:31.638Z] Maya Python RelWithDebInfo Info:
[2023-05-01T14:02:31.638Z]   mayapy executable   = /local/S/jenkins/workspace/shared/Artifactory/Linux/rundev-2023/202304272215/runtime/4a5fff5/runTime/bin/mayapy
[2023-05-01T14:02:31.638Z]   Include Folder      = /local/S/jenkins/workspace/shared/Artifactory/Linux/rundev-2023/202304272215/runtime/4a5fff5/runTime/include/Python39/Python
[2023-05-01T14:02:31.638Z]   Library             = /local/S/jenkins/workspace/shared/Artifactory/Linux/rundev-2023/202304272215/runtime/4a5fff5/runTime/lib/libpython3.9.so.1.0
[2023-05-01T14:02:31.638Z]   site-package Folder = /local/S/jenkins/workspace/shared/Artifactory/Linux/rundev-2023/202304272215/runtime/4a5fff5/runTime/lib/python3.9/site-packages
[2023-05-01T14:02:33.042Z] Adding Python package requirements: ['/local/S/jenkins/workspace/shared/Artifactory/Linux/rundev-2023/202304272215/runtime/4a5fff5/runTime/bin/mayapy', '-m', 'pip', 'install', '-t', '/local/S/jenkins/workspace/shared/Artifactory/Linux/rundev-2023/202304272215/runtime/4a5fff5/runTime/lib/python3.9/site-packages', '-r', 'python_requirements.txt']
[2023-05-01T14:02:33.945Z] build.py: error: Command failed with error code: 1
[Pipeline] }
[Pipeline] // withEnv
[Pipeline] }
[Pipeline] // timeout
[Pipeline] }
[Pipeline] // stage
[Pipeline] }
[Pipeline] // timestamps
[Pipeline] emailextrecipients
Not sending mail to unregistered user ecg.jenkins@autodesk.com because your SCM claimed this was associated with a user ID ‘ecg.jenkins' which your security realm does not recognize; you may need changes in your SCM plugin
Not sending mail to unregistered user ecg.jenkins@autodesk.com because your SCM claimed this was associated with a user ID ‘ecg.jenkins' which your security realm does not recognize; you may need changes in your SCM plugin
[Pipeline] isUnix
[Pipeline] echo
Sending notification via SendGrid.
Sending email to pierre.baillargeon@autodesk.com
[Pipeline] withCredentials
Masking supported pattern matches of $TOKEN
[Pipeline] {
[Pipeline] isUnix
[Pipeline] sh
[Pipeline] }
[Pipeline] // withCredentials
[Pipeline] }
[Pipeline] // node
[Pipeline] End of Pipeline
ERROR: script returned exit code 1
[Checks API] No suitable checks publisher found.
Finished: FAILURE
