================================================================================
                             setup (RelWithDebInfo)
================================================================================
[Pipeline] }
[Pipeline] // withEnv
[Pipeline] }
[Pipeline] // stage
[Pipeline] }
[Pipeline] // timestamps
[Pipeline] }
[Pipeline] // timeout
[Pipeline] timeout
Timeout set to expire in 6 hr 0 min
[Pipeline] {
[Pipeline] timestamps
[Pipeline] {
[Pipeline] stage
[Pipeline] { (Clean)
[Pipeline] withEnv
[Pipeline] {
[Pipeline] sh
[ecg-mayausd-branch-preflight-2022-linux] Running shell script
+ scl enable devtoolset-6 -
python ecg-maya-usd/build.py --stages=clean --workspace-dir=/local/S/jenkins/workspace/ecg-mayausd-branch-preflight-2022-linux --artifactory-dir=/local/S/jenkins/workspace/shared/Artifactory --build-dir=/local/S/jenkins/workspace/ecg-mayausd-branch-preflight-2022-linux/build --install-dir=/local/S/jenkins/workspace/ecg-mayausd-branch-preflight-2022-linux/install --signing-dir=/local/S/jenkins/workspace/ecg-mayausd-branch-preflight-2022-linux/signing --package-dir=/local/S/jenkins/workspace/ecg-mayausd-branch-preflight-2022-linux/package --output-dir=/local/S/jenkins/workspace/ecg-mayausd-branch-preflight-2022-linux/output --stash-dir=/local/S/jenkins/workspace/ecg-mayausd-branch-preflight-2022-linux/stash --jenkins-build=1461 --git-commit=9b1b1ae5408a564f703093985e706a2cea37c138 --git-branch=master --variants=RelWithDebInfo --python=2.7 --post-zips=true --maya-cut-config=maya-rundev-2022.yaml --stage-banner
Using Maya cut from /local/S/jenkins/workspace/shared/Artifactory/Linux/rundev-2022/202204130615/runtime/f160bfb

================================================================================
                             clean (RelWithDebInfo)
================================================================================
Maya Python RelWithDebInfo Info:
  mayapy executable   = /local/S/jenkins/workspace/shared/Artifactory/Linux/rundev-2022/202204130615/runtime/f160bfb/runTime/bin/mayapy2
  Include Folder      = /local/S/jenkins/workspace/shared/Artifactory/Linux/rundev-2022/202204130615/runtime/f160bfb/runTime/include/Python27/Python
  Library             = /local/S/jenkins/workspace/shared/Artifactory/Linux/rundev-2022/202204130615/runtime/f160bfb/runTime/lib/libpython2.7.so.1.0
  site-package Folder = /local/S/jenkins/workspace/shared/Artifactory/Linux/rundev-2022/202204130615/runtime/f160bfb/runTime/lib/python2.7/site-packages
In workdir: /home/S/jenkins/workspace/ecg-mayausd-branch-preflight-2022-linux/ecg-maya-usd/maya-usd
Executing: /local/S/jenkins/workspace/shared/Artifactory/Linux/rundev-2022/202204130615/runtime/f160bfb/runTime/bin/mayapy2 /home/S/jenkins/workspace/ecg-mayausd-branch-preflight-2022-linux/ecg-maya-usd/maya-usd/build.py --generator Ninja --build-relwithdebug --maya-location /local/S/jenkins/workspace/shared/Artifactory/Linux/rundev-2022/202204130615/runtime/f160bfb/runTime --devkit-location /local/S/jenkins/workspace/shared/Artifactory/Linux/rundev-2022/202204130615/runtime/f160bfb/devkitBase --pxrusd-location /local/S/jenkins/workspace/shared/Artifactory/Linux/USD/b45703f --qt-location /local/S/jenkins/workspace/shared/Artifactory/Linux/qt/5.15.2/49402fc --build-args=-DCMAKE_MAKE_PROGRAM=/local/S/jenkins/workspace/shared/Artifactory/Linux/ninja/1.9.0/aca9939/ninja,-DPYTHON_INCLUDE_DIR=/local/S/jenkins/workspace/shared/Artifactory/Linux/rundev-2022/202204130615/runtime/f160bfb/runTime/include/Python27/Python,-DPython_EXECUTABLE=/local/S/jenkins/workspace/shared/Artifactory/Linux/rundev-2022/202204130615/runtime/f160bfb/runTime/bin/mayapy2,-DPYTHON_LIBRARIES=/local/S/jenkins/workspace/shared/Artifactory/Linux/rundev-2022/202204130615/runtime/f160bfb/runTime/lib/libpython2.7.so.1.0,-DMAYAUSD_TO_USD_RELATIVE_PATH=../USD,-DUSD_LIB_PREFIX=lib,-DCMAKE_WANT_MATERIALX_BUILD=ON,-DCMAKE_PREFIX_PATH=/local/S/jenkins/workspace/shared/Artifactory/Linux/USD/b45703f '--ctest-args=-E testUsdReferenceAssemblySelection|testUsdMayaAppDir,-LE interactive,--parallel 16' --stages=clean --redirect-outstream-file=False --install-location /local/S/jenkins/workspace/ecg-mayausd-branch-preflight-2022-linux/install/RelWithDebInfo/MayaUSD /local/S/jenkins/workspace/ecg-mayausd-branch-preflight-2022-linux
Modified environment variables:
    PATH=/local/S/jenkins/workspace/shared/Artifactory/Linux/cmake/3.14.4/656573b/bin:/opt/rh/devtoolset-6/root/usr/bin:/usr/local/bin:/usr/bin
    LD_LIBRARY_PATH=/opt/rh/devtoolset-6/root/usr/lib64:/opt/rh/devtoolset-6/root/usr/lib64:/opt/rh/devtoolset-6/root/usr/lib
    
        Building with settings:
          Source directory          /home/S/jenkins/workspace/ecg-mayausd-branch-preflight-2022-linux/ecg-maya-usd/maya-usd
          Workspace directory       /local/S/jenkins/workspace/ecg-mayausd-branch-preflight-2022-linux
          Build directory           /local/S/jenkins/workspace/ecg-mayausd-branch-preflight-2022-linux/build/RelWithDebInfo
          Install directory         /local/S/jenkins/workspace/ecg-mayausd-branch-preflight-2022-linux/install/RelWithDebInfo/MayaUSD
          Variant                   RelWithDebInfo
          Python Debug              Off
          CMake generator           Ninja
          Build arguments           ['-DCMAKE_MAKE_PROGRAM=/local/S/jenkins/workspace/shared/Artifactory/Linux/ninja/1.9.0/aca9939/ninja', '-DPYTHON_INCLUDE_DIR=/local/S/jenkins/workspace/shared/Artifactory/Linux/rundev-2022/202204130615/runtime/f160bfb/runTime/include/Python27/Python', '-DPython_EXECUTABLE=/local/S/jenkins/workspace/shared/Artifactory/Linux/rundev-2022/202204130615/runtime/f160bfb/runTime/bin/mayapy2', '-DPYTHON_LIBRARIES=/local/S/jenkins/workspace/shared/Artifactory/Linux/rundev-2022/202204130615/runtime/f160bfb/runTime/lib/libpython2.7.so.1.0', '-DMAYAUSD_TO_USD_RELATIVE_PATH=../USD', '-DUSD_LIB_PREFIX=lib', '-DCMAKE_WANT_MATERIALX_BUILD=ON', '-DCMAKE_PREFIX_PATH=/local/S/jenkins/workspace/shared/Artifactory/Linux/USD/b45703f']
          Stages arguments          ['clean']
          CTest arguments           ['-E testUsdReferenceAssemblySelection|testUsdMayaAppDir', '-LE interactive', '--parallel 16']
    Success MayaUSD build and install !!!!
    Elapsed time: 00:00:00
[Pipeline] }
[Pipeline] // withEnv
[Pipeline] }
[Pipeline] // stage
[Pipeline] }
[Pipeline] // timestamps
[Pipeline] }
[Pipeline] // timeout
[Pipeline] timeout
Timeout set to expire in 6 hr 0 min
[Pipeline] {
[Pipeline] timestamps
[Pipeline] {
[Pipeline] stage
[Pipeline] { (Configure)
[Pipeline] withEnv
[Pipeline] {
[Pipeline] sh
[ecg-mayausd-branch-preflight-2022-linux] Running shell script
+ scl enable devtoolset-6 -
python ecg-maya-usd/build.py --stages=configure --workspace-dir=/local/S/jenkins/workspace/ecg-mayausd-branch-preflight-2022-linux --artifactory-dir=/local/S/jenkins/workspace/shared/Artifactory --build-dir=/local/S/jenkins/workspace/ecg-mayausd-branch-preflight-2022-linux/build --install-dir=/local/S/jenkins/workspace/ecg-mayausd-branch-preflight-2022-linux/install --signing-dir=/local/S/jenkins/workspace/ecg-mayausd-branch-preflight-2022-linux/signing --package-dir=/local/S/jenkins/workspace/ecg-mayausd-branch-preflight-2022-linux/package --output-dir=/local/S/jenkins/workspace/ecg-mayausd-branch-preflight-2022-linux/output --stash-dir=/local/S/jenkins/workspace/ecg-mayausd-branch-preflight-2022-linux/stash --jenkins-build=1461 --git-commit=9b1b1ae5408a564f703093985e706a2cea37c138 --git-branch=master --variants=RelWithDebInfo --python=2.7 --post-zips=true --maya-cut-config=maya-rundev-2022.yaml --stage-banner
Using Maya cut from /local/S/jenkins/workspace/shared/Artifactory/Linux/rundev-2022/202204130615/runtime/f160bfb

================================================================================
                           configure (RelWithDebInfo)
================================================================================
Maya Python RelWithDebInfo Info:
  mayapy executable   = /local/S/jenkins/workspace/shared/Artifactory/Linux/rundev-2022/202204130615/runtime/f160bfb/runTime/bin/mayapy2
  Include Folder      = /local/S/jenkins/workspace/shared/Artifactory/Linux/rundev-2022/202204130615/runtime/f160bfb/runTime/include/Python27/Python
  Library             = /local/S/jenkins/workspace/shared/Artifactory/Linux/rundev-2022/202204130615/runtime/f160bfb/runTime/lib/libpython2.7.so.1.0
  site-package Folder = /local/S/jenkins/workspace/shared/Artifactory/Linux/rundev-2022/202204130615/runtime/f160bfb/runTime/lib/python2.7/site-packages
In workdir: /home/S/jenkins/workspace/ecg-mayausd-branch-preflight-2022-linux/ecg-maya-usd/maya-usd
Executing: /local/S/jenkins/workspace/shared/Artifactory/Linux/rundev-2022/202204130615/runtime/f160bfb/runTime/bin/mayapy2 /home/S/jenkins/workspace/ecg-mayausd-branch-preflight-2022-linux/ecg-maya-usd/maya-usd/build.py --generator Ninja --build-relwithdebug --maya-location /local/S/jenkins/workspace/shared/Artifactory/Linux/rundev-2022/202204130615/runtime/f160bfb/runTime --devkit-location /local/S/jenkins/workspace/shared/Artifactory/Linux/rundev-2022/202204130615/runtime/f160bfb/devkitBase --pxrusd-location /local/S/jenkins/workspace/shared/Artifactory/Linux/USD/b45703f --qt-location /local/S/jenkins/workspace/shared/Artifactory/Linux/qt/5.15.2/49402fc --build-args=-DCMAKE_MAKE_PROGRAM=/local/S/jenkins/workspace/shared/Artifactory/Linux/ninja/1.9.0/aca9939/ninja,-DPYTHON_INCLUDE_DIR=/local/S/jenkins/workspace/shared/Artifactory/Linux/rundev-2022/202204130615/runtime/f160bfb/runTime/include/Python27/Python,-DPython_EXECUTABLE=/local/S/jenkins/workspace/shared/Artifactory/Linux/rundev-2022/202204130615/runtime/f160bfb/runTime/bin/mayapy2,-DPYTHON_LIBRARIES=/local/S/jenkins/workspace/shared/Artifactory/Linux/rundev-2022/202204130615/runtime/f160bfb/runTime/lib/libpython2.7.so.1.0,-DMAYAUSD_TO_USD_RELATIVE_PATH=../USD,-DUSD_LIB_PREFIX=lib,-DCMAKE_WANT_MATERIALX_BUILD=ON,-DCMAKE_PREFIX_PATH=/local/S/jenkins/workspace/shared/Artifactory/Linux/USD/b45703f '--ctest-args=-E testUsdReferenceAssemblySelection|testUsdMayaAppDir,-LE interactive,--parallel 16' --stages=configure --redirect-outstream-file=False --install-location /local/S/jenkins/workspace/ecg-mayausd-branch-preflight-2022-linux/install/RelWithDebInfo/MayaUSD /local/S/jenkins/workspace/ecg-mayausd-branch-preflight-2022-linux
Modified environment variables:
    PATH=/local/S/jenkins/workspace/shared/Artifactory/Linux/cmake/3.14.4/656573b/bin:/opt/rh/devtoolset-6/root/usr/bin:/usr/local/bin:/usr/bin
    LD_LIBRARY_PATH=/opt/rh/devtoolset-6/root/usr/lib64:/opt/rh/devtoolset-6/root/usr/lib64:/opt/rh/devtoolset-6/root/usr/lib
    -- The C compiler identification is GNU 6.3.1
    -- The CXX compiler identification is GNU 6.3.1
    -- Check for working C compiler: /opt/rh/devtoolset-6/root/usr/bin/cc
    -- Check for working C compiler: /opt/rh/devtoolset-6/root/usr/bin/cc -- works
    -- Detecting C compiler ABI info
    -- Detecting C compiler ABI info - done
    -- Detecting C compile features
    -- Detecting C compile features - done
    -- Check for working CXX compiler: /opt/rh/devtoolset-6/root/usr/bin/c++
    -- Check for working CXX compiler: /opt/rh/devtoolset-6/root/usr/bin/c++ -- works
    -- Detecting CXX compiler ABI info
    -- Detecting CXX compiler ABI info - done
    -- Detecting CXX compile features
    -- Detecting CXX compile features - done
    -- Using Maya Light API Version 2
    -- Maya has setDefaultMaterialHandling API
    -- Maya has new point snapping API
    -- Maya has setUfeIdentifiers API
    -- Maya has updateUfeIdentifiers API
    -- Maya array iterator has difference_type trait
    -- Found Maya: /local/S/jenkins/workspace/shared/Artifactory/Linux/rundev-2022/202204130615/runtime/f160bfb/runTime/bin/maya (found suitable version "2022", minimum required is "2018")
    -- Found Python: /local/S/jenkins/workspace/shared/Artifactory/Linux/rundev-2022/202204130615/runtime/f160bfb/runTime/bin/mayapy2 (found suitable exact version "2.7.11") found components:  Interpreter
    -- Build MayaUSD with Python3 = OFF
    --    PYTHON_INCLUDE_DIRS = /local/S/jenkins/workspace/shared/Artifactory/Linux/rundev-2022/202204130615/runtime/f160bfb/runTime/include/Python27/Python
    --    PYTHON_LIBRARIES    = /local/S/jenkins/workspace/shared/Artifactory/Linux/rundev-2022/202204130615/runtime/f160bfb/runTime/lib/libpython2.7.so.1.0
    --    Python_EXECUTABLE   = /local/S/jenkins/workspace/shared/Artifactory/Linux/rundev-2022/202204130615/runtime/f160bfb/runTime/bin/mayapy2
    -- USD include dir: /local/S/jenkins/workspace/shared/Artifactory/Linux/USD/b45703f/include
    -- USD library dir: /local/S/jenkins/workspace/shared/Artifactory/Linux/USD/b45703f/lib
    -- USD version: 0.21.11
    -- Found USD: /local/S/jenkins/workspace/shared/Artifactory/Linux/USD/b45703f (found suitable version "0.21.11", minimum required is "0.20.05")
    Updated PYTHONPATH: /opt/rh/devtoolset-6/root/usr/lib64/python2.7/site-packages:/opt/rh/devtoolset-6/root/usr/lib/python2.7/site-packages:/local/S/jenkins/workspace/shared/Artifactory/Linux/USD/b45703f/lib/python
    -- UFE include dir: /local/S/jenkins/workspace/shared/Artifactory/Linux/rundev-2022/202204130615/runtime/f160bfb/devkitBase/devkit/ufe/include
    -- UFE library: /local/S/jenkins/workspace/shared/Artifactory/Linux/rundev-2022/202204130615/runtime/f160bfb/devkitBase/devkit/ufe/lib/libufe_2.so
    -- UFE version: 2.1.0
    -- Building with UFE 2.1.0 features enabled.
    -- Found MaterialX
    -- Building with Qt features enabled.
    -- **** Building Gulrak From Github Repository.
    -- Populating gulrak
    -- Configuring done
    -- Generating done
    -- Build files have been written to: /home/S/jenkins/workspace/ecg-mayausd-branch-preflight-2022-linux/build/RelWithDebInfo/_deps/gulrak-subbuild
    [1/9] Creating directories for 'gulrak-populate'
    [1/9] Performing download step (git clone) for 'gulrak-populate'
    Cloning into 'gulrak-src'...
    HEAD is now at 4e21ab3 Version bump and updated readme.
    [2/9] Performing update step for 'gulrak-populate'
    [3/9] No patch step for 'gulrak-populate'
    [5/9] No configure step for 'gulrak-populate'
    [6/9] No build step for 'gulrak-populate'
    [7/9] No install step for 'gulrak-populate'
    [8/9] No test step for 'gulrak-populate'
    [9/9] Completed 'gulrak-populate'
    -- ========== Installing GoogleTest... ==========
    -- Configuring done
    -- Generating done
    -- Build files have been written to: /home/S/jenkins/workspace/ecg-mayausd-branch-preflight-2022-linux/build/RelWithDebInfo/googletest-config
    [1/8] Creating directories for 'googletest'
    [2/8] Performing download step (git clone) for 'googletest'
    Cloning into 'googletest-src'...
    HEAD is now at 703bd9ca Googletest export
    [3/8] No patch step for 'googletest'
    [4/8] Performing update step for 'googletest'
    [5/8] Performing configure step for 'googletest'
    -- The C compiler identification is GNU 6.3.1
    -- The CXX compiler identification is GNU 6.3.1
    -- Check for working C compiler: /opt/rh/devtoolset-6/root/usr/bin/cc
    -- Check for working C compiler: /opt/rh/devtoolset-6/root/usr/bin/cc -- works
    -- Detecting C compiler ABI info
    -- Detecting C compiler ABI info - done
    -- Detecting C compile features
    -- Detecting C compile features - done
    -- Check for working CXX compiler: /opt/rh/devtoolset-6/root/usr/bin/c++
    -- Check for working CXX compiler: /opt/rh/devtoolset-6/root/usr/bin/c++ -- works
    -- Detecting CXX compiler ABI info
    -- Detecting CXX compiler ABI info - done
    -- Detecting CXX compile features
    -- Detecting CXX compile features - done
    -- Found PythonInterp: /usr/bin/python (found version "2.7.11")
    -- Looking for pthread.h
    -- Looking for pthread.h - found
    -- Looking for pthread_create
    -- Looking for pthread_create - not found
    -- Looking for pthread_create in pthreads
    -- Looking for pthread_create in pthreads - not found
    -- Looking for pthread_create in pthread
    -- Looking for pthread_create in pthread - found
    -- Found Threads: TRUE
    -- Configuring done
    -- Generating done
    -- Build files have been written to: /home/S/jenkins/workspace/ecg-mayausd-branch-preflight-2022-linux/build/RelWithDebInfo/googletest-build
    [6/8] Performing build step for 'googletest'
    [1/4] Building CXX object googletest/CMakeFiles/gtest_main.dir/src/gtest_main.cc.o
    [2/4] Building CXX object googletest/CMakeFiles/gtest.dir/src/gtest-all.cc.o
    [3/4] Linking CXX shared library lib/libgtest.so
    [4/4] Linking CXX shared library lib/libgtest_main.so
    [7/8] Performing install step for 'googletest'
    [0/1] Install the project...
    -- Install configuration: "RelWithDebInfo"
    -- Installing: /home/S/jenkins/workspace/ecg-mayausd-branch-preflight-2022-linux/build/RelWithDebInfo/googletest-install/lib64/cmake/GTest/GTestTargets.cmake
    -- Installing: /home/S/jenkins/workspace/ecg-mayausd-branch-preflight-2022-linux/build/RelWithDebInfo/googletest-install/lib64/cmake/GTest/GTestTargets-relwithdebinfo.cmake
    -- Installing: /home/S/jenkins/workspace/ecg-mayausd-branch-preflight-2022-linux/build/RelWithDebInfo/googletest-install/lib64/cmake/GTest/GTestConfigVersion.cmake
    -- Installing: /home/S/jenkins/workspace/ecg-mayausd-branch-preflight-2022-linux/build/RelWithDebInfo/googletest-install/lib64/cmake/GTest/GTestConfig.cmake
    -- Installing: /home/S/jenkins/workspace/ecg-mayausd-branch-preflight-2022-linux/build/RelWithDebInfo/googletest-install/include
    -- Installing: /home/S/jenkins/workspace/ecg-mayausd-branch-preflight-2022-linux/build/RelWithDebInfo/googletest-install/include/gtest
    -- Installing: /home/S/jenkins/workspace/ecg-mayausd-branch-preflight-2022-linux/build/RelWithDebInfo/googletest-install/include/gtest/internal
    -- Installing: /home/S/jenkins/workspace/ecg-mayausd-branch-preflight-2022-linux/build/RelWithDebInfo/googletest-install/include/gtest/internal/custom
    -- Installing: /home/S/jenkins/workspace/ecg-mayausd-branch-preflight-2022-linux/build/RelWithDebInfo/googletest-install/include/gtest/internal/custom/README.md
    -- Installing: /home/S/jenkins/workspace/ecg-mayausd-branch-preflight-2022-linux/build/RelWithDebInfo/googletest-install/include/gtest/internal/custom/gtest-port.h
    -- Installing: /home/S/jenkins/workspace/ecg-mayausd-branch-preflight-2022-linux/build/RelWithDebInfo/googletest-install/include/gtest/internal/custom/gtest-printers.h
    -- Installing: /home/S/jenkins/workspace/ecg-mayausd-branch-preflight-2022-linux/build/RelWithDebInfo/googletest-install/include/gtest/internal/custom/gtest.h
    -- Installing: /home/S/jenkins/workspace/ecg-mayausd-branch-preflight-2022-linux/build/RelWithDebInfo/googletest-install/include/gtest/internal/gtest-death-test-internal.h
    -- Installing: /home/S/jenkins/workspace/ecg-mayausd-branch-preflight-2022-linux/build/RelWithDebInfo/googletest-install/include/gtest/internal/gtest-filepath.h
    -- Installing: /home/S/jenkins/workspace/ecg-mayausd-branch-preflight-2022-linux/build/RelWithDebInfo/googletest-install/include/gtest/internal/gtest-internal.h
    -- Installing: /home/S/jenkins/workspace/ecg-mayausd-branch-preflight-2022-linux/build/RelWithDebInfo/googletest-install/include/gtest/internal/gtest-param-util.h
    -- Installing: /home/S/jenkins/workspace/ecg-mayausd-branch-preflight-2022-linux/build/RelWithDebInfo/googletest-install/include/gtest/internal/gtest-port-arch.h
    -- Installing: /home/S/jenkins/workspace/ecg-mayausd-branch-preflight-2022-linux/build/RelWithDebInfo/googletest-install/include/gtest/internal/gtest-port.h
    -- Installing: /home/S/jenkins/workspace/ecg-mayausd-branch-preflight-2022-linux/build/RelWithDebInfo/googletest-install/include/gtest/internal/gtest-string.h
    -- Installing: /home/S/jenkins/workspace/ecg-mayausd-branch-preflight-2022-linux/build/RelWithDebInfo/googletest-install/include/gtest/internal/gtest-type-util.h
    -- Installing: /home/S/jenkins/workspace/ecg-mayausd-branch-preflight-2022-linux/build/RelWithDebInfo/googletest-install/include/gtest/internal/gtest-type-util.h.pump
    -- Installing: /home/S/jenkins/workspace/ecg-mayausd-branch-preflight-2022-linux/build/RelWithDebInfo/googletest-install/include/gtest/gtest-death-test.h
    -- Installing: /home/S/jenkins/workspace/ecg-mayausd-branch-preflight-2022-linux/build/RelWithDebInfo/googletest-install/include/gtest/gtest-matchers.h
    -- Installing: /home/S/jenkins/workspace/ecg-mayausd-branch-preflight-2022-linux/build/RelWithDebInfo/googletest-install/include/gtest/gtest-message.h
    -- Installing: /home/S/jenkins/workspace/ecg-mayausd-branch-preflight-2022-linux/build/RelWithDebInfo/googletest-install/include/gtest/gtest-param-test.h
    -- Installing: /home/S/jenkins/workspace/ecg-mayausd-branch-preflight-2022-linux/build/RelWithDebInfo/googletest-install/include/gtest/gtest-printers.h
    -- Installing: /home/S/jenkins/workspace/ecg-mayausd-branch-preflight-2022-linux/build/RelWithDebInfo/googletest-install/include/gtest/gtest-spi.h
    -- Installing: /home/S/jenkins/workspace/ecg-mayausd-branch-preflight-2022-linux/build/RelWithDebInfo/googletest-install/include/gtest/gtest-test-part.h
    -- Installing: /home/S/jenkins/workspace/ecg-mayausd-branch-preflight-2022-linux/build/RelWithDebInfo/googletest-install/include/gtest/gtest-typed-test.h
    -- Installing: /home/S/jenkins/workspace/ecg-mayausd-branch-preflight-2022-linux/build/RelWithDebInfo/googletest-install/include/gtest/gtest.h
    -- Installing: /home/S/jenkins/workspace/ecg-mayausd-branch-preflight-2022-linux/build/RelWithDebInfo/googletest-install/include/gtest/gtest_pred_impl.h
    -- Installing: /home/S/jenkins/workspace/ecg-mayausd-branch-preflight-2022-linux/build/RelWithDebInfo/googletest-install/include/gtest/gtest_prod.h
    -- Installing: /home/S/jenkins/workspace/ecg-mayausd-branch-preflight-2022-linux/build/RelWithDebInfo/googletest-install/lib64/libgtest.so
    -- Installing: /home/S/jenkins/workspace/ecg-mayausd-branch-preflight-2022-linux/build/RelWithDebInfo/googletest-install/lib64/libgtest_main.so
    -- Set runtime path of "/home/S/jenkins/workspace/ecg-mayausd-branch-preflight-2022-linux/build/RelWithDebInfo/googletest-install/lib64/libgtest_main.so" to ""
    -- Installing: /home/S/jenkins/workspace/ecg-mayausd-branch-preflight-2022-linux/build/RelWithDebInfo/googletest-install/lib64/pkgconfig/gtest.pc
    -- Installing: /home/S/jenkins/workspace/ecg-mayausd-branch-preflight-2022-linux/build/RelWithDebInfo/googletest-install/lib64/pkgconfig/gtest_main.pc
    [8/8] Completed 'googletest'
    -- ========== ...  GoogleTest installed. ==========
    -- MAYA_HAS_DEFAULT_MATERIAL_API is TRUE
    -- MAYA_NEW_POINT_SNAPPING_SUPPORT is TRUE
    -- MAYA_HAS_CRASH_DETECTION is FALSE
    -- MAYA_CURRENT_UFE_CAMERA_SUPPORT is FALSE
    -- MAYA_MRENDERITEM_UFE_IDENTIFIER_SUPPORT is TRUE
    -- MAYA_UPDATE_UFE_IDENTIFIER_SUPPORT is TRUE
    -- MAYA_HAS_DISPLAY_STYLE_ALL_VIEWPORTS is FALSE
    -- MAYA_ARRAY_ITERATOR_DIFFERENCE_TYPE_SUPPORT is TRUE
    -- promoting: /home/S/jenkins/workspace/ecg-mayausd-branch-preflight-2022-linux/ecg-maya-usd/maya-usd/lib/mayaUsd/base/mayaUsd.h.src
    -- promoting: /home/S/jenkins/workspace/ecg-mayausd-branch-preflight-2022-linux/ecg-maya-usd/maya-usd/lib/mayaUsd/base/api.h
    -- promoting: /home/S/jenkins/workspace/ecg-mayausd-branch-preflight-2022-linux/ecg-maya-usd/maya-usd/lib/mayaUsd/base/debugCodes.h
    -- promoting: /home/S/jenkins/workspace/ecg-mayausd-branch-preflight-2022-linux/ecg-maya-usd/maya-usd/lib/mayaUsd/base/id.h
    -- promoting: /home/S/jenkins/workspace/ecg-mayausd-branch-preflight-2022-linux/ecg-maya-usd/maya-usd/lib/mayaUsd/base/syncId.h
    -- promoting: /home/S/jenkins/workspace/ecg-mayausd-branch-preflight-2022-linux/ecg-maya-usd/maya-usd/lib/mayaUsd/base/tokens.h
    -- promoting: /home/S/jenkins/workspace/ecg-mayausd-branch-preflight-2022-linux/ecg-maya-usd/maya-usd/lib/mayaUsd/commands/abstractLayerEditorWindow.h
    -- promoting: /home/S/jenkins/workspace/ecg-mayausd-branch-preflight-2022-linux/ecg-maya-usd/maya-usd/lib/mayaUsd/commands/baseExportCommand.h
    -- promoting: /home/S/jenkins/workspace/ecg-mayausd-branch-preflight-2022-linux/ecg-maya-usd/maya-usd/lib/mayaUsd/commands/baseImportCommand.h
    -- promoting: /home/S/jenkins/workspace/ecg-mayausd-branch-preflight-2022-linux/ecg-maya-usd/maya-usd/lib/mayaUsd/commands/baseListJobContextsCommand.h
    -- promoting: /home/S/jenkins/workspace/ecg-mayausd-branch-preflight-2022-linux/ecg-maya-usd/maya-usd/lib/mayaUsd/commands/baseListShadingModesCommand.h
    -- promoting: /home/S/jenkins/workspace/ecg-mayausd-branch-preflight-2022-linux/ecg-maya-usd/maya-usd/lib/mayaUsd/commands/editTargetCommand.h
    -- promoting: /home/S/jenkins/workspace/ecg-mayausd-branch-preflight-2022-linux/ecg-maya-usd/maya-usd/lib/mayaUsd/commands/layerEditorCommand.h
    -- promoting: /home/S/jenkins/workspace/ecg-mayausd-branch-preflight-2022-linux/ecg-maya-usd/maya-usd/lib/mayaUsd/commands/layerEditorWindowCommand.h
    -- promoting: /home/S/jenkins/workspace/ecg-mayausd-branch-preflight-2022-linux/ecg-maya-usd/maya-usd/lib/mayaUsd/fileio/fallbackPrimReader.h
    -- promoting: /home/S/jenkins/workspace/ecg-mayausd-branch-preflight-2022-linux/ecg-maya-usd/maya-usd/lib/mayaUsd/fileio/functorPrimReader.h
    -- promoting: /home/S/jenkins/workspace/ecg-mayausd-branch-preflight-2022-linux/ecg-maya-usd/maya-usd/lib/mayaUsd/fileio/functorPrimWriter.h
    -- promoting: /home/S/jenkins/workspace/ecg-mayausd-branch-preflight-2022-linux/ecg-maya-usd/maya-usd/lib/mayaUsd/fileio/importData.h
    -- promoting: /home/S/jenkins/workspace/ecg-mayausd-branch-preflight-2022-linux/ecg-maya-usd/maya-usd/lib/mayaUsd/fileio/instancedNodeWriter.h
    -- promoting: /home/S/jenkins/workspace/ecg-mayausd-branch-preflight-2022-linux/ecg-maya-usd/maya-usd/lib/mayaUsd/fileio/jobContextRegistry.h
    -- promoting: /home/S/jenkins/workspace/ecg-mayausd-branch-preflight-2022-linux/ecg-maya-usd/maya-usd/lib/mayaUsd/fileio/primReader.h
    -- promoting: /home/S/jenkins/workspace/ecg-mayausd-branch-preflight-2022-linux/ecg-maya-usd/maya-usd/lib/mayaUsd/fileio/primReaderArgs.h
    -- promoting: /home/S/jenkins/workspace/ecg-mayausd-branch-preflight-2022-linux/ecg-maya-usd/maya-usd/lib/mayaUsd/fileio/primReaderContext.h
    -- promoting: /home/S/jenkins/workspace/ecg-mayausd-branch-preflight-2022-linux/ecg-maya-usd/maya-usd/lib/mayaUsd/fileio/primReaderRegistry.h
    -- promoting: /home/S/jenkins/workspace/ecg-mayausd-branch-preflight-2022-linux/ecg-maya-usd/maya-usd/lib/mayaUsd/fileio/primWriter.h
    -- promoting: /home/S/jenkins/workspace/ecg-mayausd-branch-preflight-2022-linux/ecg-maya-usd/maya-usd/lib/mayaUsd/fileio/primWriterArgs.h
    -- promoting: /home/S/jenkins/workspace/ecg-mayausd-branch-preflight-2022-linux/ecg-maya-usd/maya-usd/lib/mayaUsd/fileio/primWriterContext.h
    -- promoting: /home/S/jenkins/workspace/ecg-mayausd-branch-preflight-2022-linux/ecg-maya-usd/maya-usd/lib/mayaUsd/fileio/primWriterRegistry.h
    -- promoting: /home/S/jenkins/workspace/ecg-mayausd-branch-preflight-2022-linux/ecg-maya-usd/maya-usd/lib/mayaUsd/fileio/registryHelper.h
    -- promoting: /home/S/jenkins/workspace/ecg-mayausd-branch-preflight-2022-linux/ecg-maya-usd/maya-usd/lib/mayaUsd/fileio/schemaApiAdaptor.h
    -- promoting: /home/S/jenkins/workspace/ecg-mayausd-branch-preflight-2022-linux/ecg-maya-usd/maya-usd/lib/mayaUsd/fileio/schemaApiAdaptorRegistry.h
    -- promoting: /home/S/jenkins/workspace/ecg-mayausd-branch-preflight-2022-linux/ecg-maya-usd/maya-usd/lib/mayaUsd/fileio/shaderReader.h
    -- promoting: /home/S/jenkins/workspace/ecg-mayausd-branch-preflight-2022-linux/ecg-maya-usd/maya-usd/lib/mayaUsd/fileio/shaderReaderRegistry.h
    -- promoting: /home/S/jenkins/workspace/ecg-mayausd-branch-preflight-2022-linux/ecg-maya-usd/maya-usd/lib/mayaUsd/fileio/shaderWriter.h
    -- promoting: /home/S/jenkins/workspace/ecg-mayausd-branch-preflight-2022-linux/ecg-maya-usd/maya-usd/lib/mayaUsd/fileio/shaderWriterRegistry.h
    -- promoting: /home/S/jenkins/workspace/ecg-mayausd-branch-preflight-2022-linux/ecg-maya-usd/maya-usd/lib/mayaUsd/fileio/transformWriter.h
    -- promoting: /home/S/jenkins/workspace/ecg-mayausd-branch-preflight-2022-linux/ecg-maya-usd/maya-usd/lib/mayaUsd/fileio/writeJobContext.h
    -- promoting: /home/S/jenkins/workspace/ecg-mayausd-branch-preflight-2022-linux/ecg-maya-usd/maya-usd/lib/mayaUsd/fileio/chaser/exportChaser.h
    -- promoting: /home/S/jenkins/workspace/ecg-mayausd-branch-preflight-2022-linux/ecg-maya-usd/maya-usd/lib/mayaUsd/fileio/chaser/exportChaserRegistry.h
    -- promoting: /home/S/jenkins/workspace/ecg-mayausd-branch-preflight-2022-linux/ecg-maya-usd/maya-usd/lib/mayaUsd/fileio/chaser/importChaserRegistry.h
    -- promoting: /home/S/jenkins/workspace/ecg-mayausd-branch-preflight-2022-linux/ecg-maya-usd/maya-usd/lib/mayaUsd/fileio/chaser/importChaser.h
    -- promoting: /home/S/jenkins/workspace/ecg-mayausd-branch-preflight-2022-linux/ecg-maya-usd/maya-usd/lib/mayaUsd/fileio/jobs/jobArgs.h
    -- promoting: /home/S/jenkins/workspace/ecg-mayausd-branch-preflight-2022-linux/ecg-maya-usd/maya-usd/lib/mayaUsd/fileio/jobs/meshDataReadJob.h
    -- promoting: /home/S/jenkins/workspace/ecg-mayausd-branch-preflight-2022-linux/ecg-maya-usd/maya-usd/lib/mayaUsd/fileio/jobs/modelKindProcessor.h
    -- promoting: /home/S/jenkins/workspace/ecg-mayausd-branch-preflight-2022-linux/ecg-maya-usd/maya-usd/lib/mayaUsd/fileio/jobs/readJob.h
    -- promoting: /home/S/jenkins/workspace/ecg-mayausd-branch-preflight-2022-linux/ecg-maya-usd/maya-usd/lib/mayaUsd/fileio/jobs/writeJob.h
    -- promoting: /home/S/jenkins/workspace/ecg-mayausd-branch-preflight-2022-linux/ecg-maya-usd/maya-usd/lib/mayaUsd/fileio/shading/rfmShaderMap.h
    -- promoting: /home/S/jenkins/workspace/ecg-mayausd-branch-preflight-2022-linux/ecg-maya-usd/maya-usd/lib/mayaUsd/fileio/shading/shadingModeExporter.h
    -- promoting: /home/S/jenkins/workspace/ecg-mayausd-branch-preflight-2022-linux/ecg-maya-usd/maya-usd/lib/mayaUsd/fileio/shading/shadingModeExporterContext.h
    -- promoting: /home/S/jenkins/workspace/ecg-mayausd-branch-preflight-2022-linux/ecg-maya-usd/maya-usd/lib/mayaUsd/fileio/shading/shadingModeImporter.h
    -- promoting: /home/S/jenkins/workspace/ecg-mayausd-branch-preflight-2022-linux/ecg-maya-usd/maya-usd/lib/mayaUsd/fileio/shading/shadingModeRegistry.h
    -- promoting: /home/S/jenkins/workspace/ecg-mayausd-branch-preflight-2022-linux/ecg-maya-usd/maya-usd/lib/mayaUsd/fileio/shading/symmetricShaderReader.h
    -- promoting: /home/S/jenkins/workspace/ecg-mayausd-branch-preflight-2022-linux/ecg-maya-usd/maya-usd/lib/mayaUsd/fileio/shading/symmetricShaderWriter.h
    -- promoting: /home/S/jenkins/workspace/ecg-mayausd-branch-preflight-2022-linux/ecg-maya-usd/maya-usd/lib/mayaUsd/fileio/translators/skelBindingsProcessor.h
    -- promoting: /home/S/jenkins/workspace/ecg-mayausd-branch-preflight-2022-linux/ecg-maya-usd/maya-usd/lib/mayaUsd/fileio/translators/translatorCamera.h
    -- promoting: /home/S/jenkins/workspace/ecg-mayausd-branch-preflight-2022-linux/ecg-maya-usd/maya-usd/lib/mayaUsd/fileio/translators/translatorCurves.h
    -- promoting: /home/S/jenkins/workspace/ecg-mayausd-branch-preflight-2022-linux/ecg-maya-usd/maya-usd/lib/mayaUsd/fileio/translators/translatorGprim.h
    -- promoting: /home/S/jenkins/workspace/ecg-mayausd-branch-preflight-2022-linux/ecg-maya-usd/maya-usd/lib/mayaUsd/fileio/translators/translatorLight.h
    -- promoting: /home/S/jenkins/workspace/ecg-mayausd-branch-preflight-2022-linux/ecg-maya-usd/maya-usd/lib/mayaUsd/fileio/translators/translatorMaterial.h
    -- promoting: /home/S/jenkins/workspace/ecg-mayausd-branch-preflight-2022-linux/ecg-maya-usd/maya-usd/lib/mayaUsd/fileio/translators/translatorMayaReference.h
    -- promoting: /home/S/jenkins/workspace/ecg-mayausd-branch-preflight-2022-linux/ecg-maya-usd/maya-usd/lib/mayaUsd/fileio/translators/translatorMesh.h
    -- promoting: /home/S/jenkins/workspace/ecg-mayausd-branch-preflight-2022-linux/ecg-maya-usd/maya-usd/lib/mayaUsd/fileio/translators/translatorNurbsPatch.h
    -- promoting: /home/S/jenkins/workspace/ecg-mayausd-branch-preflight-2022-linux/ecg-maya-usd/maya-usd/lib/mayaUsd/fileio/translators/translatorPrim.h
    -- promoting: /home/S/jenkins/workspace/ecg-mayausd-branch-preflight-2022-linux/ecg-maya-usd/maya-usd/lib/mayaUsd/fileio/translators/translatorRfMLight.h
    -- promoting: /home/S/jenkins/workspace/ecg-mayausd-branch-preflight-2022-linux/ecg-maya-usd/maya-usd/lib/mayaUsd/fileio/translators/translatorSkel.h
    -- promoting: /home/S/jenkins/workspace/ecg-mayausd-branch-preflight-2022-linux/ecg-maya-usd/maya-usd/lib/mayaUsd/fileio/translators/translatorUtil.h
    -- promoting: /home/S/jenkins/workspace/ecg-mayausd-branch-preflight-2022-linux/ecg-maya-usd/maya-usd/lib/mayaUsd/fileio/translators/translatorXformable.h
    -- promoting: /home/S/jenkins/workspace/ecg-mayausd-branch-preflight-2022-linux/ecg-maya-usd/maya-usd/lib/mayaUsd/fileio/utils/adaptor.h
    -- promoting: /home/S/jenkins/workspace/ecg-mayausd-branch-preflight-2022-linux/ecg-maya-usd/maya-usd/lib/mayaUsd/fileio/utils/jointWriteUtils.h
    -- promoting: /home/S/jenkins/workspace/ecg-mayausd-branch-preflight-2022-linux/ecg-maya-usd/maya-usd/lib/mayaUsd/fileio/utils/meshReadUtils.h
    -- promoting: /home/S/jenkins/workspace/ecg-mayausd-branch-preflight-2022-linux/ecg-maya-usd/maya-usd/lib/mayaUsd/fileio/utils/meshWriteUtils.h
    -- promoting: /home/S/jenkins/workspace/ecg-mayausd-branch-preflight-2022-linux/ecg-maya-usd/maya-usd/lib/mayaUsd/fileio/utils/readUtil.h
    -- promoting: /home/S/jenkins/workspace/ecg-mayausd-branch-preflight-2022-linux/ecg-maya-usd/maya-usd/lib/mayaUsd/fileio/utils/roundTripUtil.h
    -- promoting: /home/S/jenkins/workspace/ecg-mayausd-branch-preflight-2022-linux/ecg-maya-usd/maya-usd/lib/mayaUsd/fileio/utils/shadingUtil.h
    -- promoting: /home/S/jenkins/workspace/ecg-mayausd-branch-preflight-2022-linux/ecg-maya-usd/maya-usd/lib/mayaUsd/fileio/utils/userTaggedAttribute.h
    -- promoting: /home/S/jenkins/workspace/ecg-mayausd-branch-preflight-2022-linux/ecg-maya-usd/maya-usd/lib/mayaUsd/fileio/utils/writeUtil.h
    -- promoting: /home/S/jenkins/workspace/ecg-mayausd-branch-preflight-2022-linux/ecg-maya-usd/maya-usd/lib/mayaUsd/fileio/utils/xformStack.h
    -- promoting: /home/S/jenkins/workspace/ecg-mayausd-branch-preflight-2022-linux/ecg-maya-usd/maya-usd/lib/mayaUsd/listeners/notice.h
    -- promoting: /home/S/jenkins/workspace/ecg-mayausd-branch-preflight-2022-linux/ecg-maya-usd/maya-usd/lib/mayaUsd/listeners/proxyShapeNotice.h
    -- promoting: /home/S/jenkins/workspace/ecg-mayausd-branch-preflight-2022-linux/ecg-maya-usd/maya-usd/lib/mayaUsd/listeners/stageNoticeListener.h
    -- promoting: /home/S/jenkins/workspace/ecg-mayausd-branch-preflight-2022-linux/ecg-maya-usd/maya-usd/lib/mayaUsd/nodes/hdImagingShape.h
    -- promoting: /home/S/jenkins/workspace/ecg-mayausd-branch-preflight-2022-linux/ecg-maya-usd/maya-usd/lib/mayaUsd/nodes/pointBasedDeformerNode.h
    -- promoting: /home/S/jenkins/workspace/ecg-mayausd-branch-preflight-2022-linux/ecg-maya-usd/maya-usd/lib/mayaUsd/nodes/proxyAccessor.h
    -- promoting: /home/S/jenkins/workspace/ecg-mayausd-branch-preflight-2022-linux/ecg-maya-usd/maya-usd/lib/mayaUsd/nodes/proxyShapeBase.h
    -- promoting: /home/S/jenkins/workspace/ecg-mayausd-branch-preflight-2022-linux/ecg-maya-usd/maya-usd/lib/mayaUsd/nodes/proxyShapeLoadRules.h
    -- promoting: /home/S/jenkins/workspace/ecg-mayausd-branch-preflight-2022-linux/ecg-maya-usd/maya-usd/lib/mayaUsd/nodes/proxyShapePlugin.h
    -- promoting: /home/S/jenkins/workspace/ecg-mayausd-branch-preflight-2022-linux/ecg-maya-usd/maya-usd/lib/mayaUsd/nodes/proxyStageProvider.h
    -- promoting: /home/S/jenkins/workspace/ecg-mayausd-branch-preflight-2022-linux/ecg-maya-usd/maya-usd/lib/mayaUsd/nodes/stageData.h
    -- promoting: /home/S/jenkins/workspace/ecg-mayausd-branch-preflight-2022-linux/ecg-maya-usd/maya-usd/lib/mayaUsd/nodes/stageNode.h
    -- promoting: /home/S/jenkins/workspace/ecg-mayausd-branch-preflight-2022-linux/ecg-maya-usd/maya-usd/lib/mayaUsd/nodes/usdPrimProvider.h
    -- promoting: /home/S/jenkins/workspace/ecg-mayausd-branch-preflight-2022-linux/ecg-maya-usd/maya-usd/lib/mayaUsd/nodes/layerManager.h
    -- promoting: /home/S/jenkins/workspace/ecg-mayausd-branch-preflight-2022-linux/ecg-maya-usd/maya-usd/lib/mayaUsd/render/px_vp20/glslProgram.h
    -- promoting: /home/S/jenkins/workspace/ecg-mayausd-branch-preflight-2022-linux/ecg-maya-usd/maya-usd/lib/mayaUsd/render/px_vp20/utils.h
    -- promoting: /home/S/jenkins/workspace/ecg-mayausd-branch-preflight-2022-linux/ecg-maya-usd/maya-usd/lib/mayaUsd/render/px_vp20/utils_legacy.h
    -- promoting: /home/S/jenkins/workspace/ecg-mayausd-branch-preflight-2022-linux/ecg-maya-usd/maya-usd/lib/mayaUsd/render/pxrUsdMayaGL/batchRenderer.h
    -- promoting: /home/S/jenkins/workspace/ecg-mayausd-branch-preflight-2022-linux/ecg-maya-usd/maya-usd/lib/mayaUsd/render/pxrUsdMayaGL/debugCodes.h
    -- promoting: /home/S/jenkins/workspace/ecg-mayausd-branch-preflight-2022-linux/ecg-maya-usd/maya-usd/lib/mayaUsd/render/pxrUsdMayaGL/hdImagingShapeDrawOverride.h
    -- promoting: /home/S/jenkins/workspace/ecg-mayausd-branch-preflight-2022-linux/ecg-maya-usd/maya-usd/lib/mayaUsd/render/pxrUsdMayaGL/hdImagingShapeUI.h
    -- promoting: /home/S/jenkins/workspace/ecg-mayausd-branch-preflight-2022-linux/ecg-maya-usd/maya-usd/lib/mayaUsd/render/pxrUsdMayaGL/instancerImager.h
    -- promoting: /home/S/jenkins/workspace/ecg-mayausd-branch-preflight-2022-linux/ecg-maya-usd/maya-usd/lib/mayaUsd/render/pxrUsdMayaGL/instancerShapeAdapter.h
    -- promoting: /home/S/jenkins/workspace/ecg-mayausd-branch-preflight-2022-linux/ecg-maya-usd/maya-usd/lib/mayaUsd/render/pxrUsdMayaGL/proxyDrawOverride.h
    -- promoting: /home/S/jenkins/workspace/ecg-mayausd-branch-preflight-2022-linux/ecg-maya-usd/maya-usd/lib/mayaUsd/render/pxrUsdMayaGL/proxyShapeUI.h
    -- promoting: /home/S/jenkins/workspace/ecg-mayausd-branch-preflight-2022-linux/ecg-maya-usd/maya-usd/lib/mayaUsd/render/pxrUsdMayaGL/renderParams.h
    -- promoting: /home/S/jenkins/workspace/ecg-mayausd-branch-preflight-2022-linux/ecg-maya-usd/maya-usd/lib/mayaUsd/render/pxrUsdMayaGL/sceneDelegate.h
    -- promoting: /home/S/jenkins/workspace/ecg-mayausd-branch-preflight-2022-linux/ecg-maya-usd/maya-usd/lib/mayaUsd/render/pxrUsdMayaGL/shapeAdapter.h
    -- promoting: /home/S/jenkins/workspace/ecg-mayausd-branch-preflight-2022-linux/ecg-maya-usd/maya-usd/lib/mayaUsd/render/pxrUsdMayaGL/softSelectHelper.h
    -- promoting: /home/S/jenkins/workspace/ecg-mayausd-branch-preflight-2022-linux/ecg-maya-usd/maya-usd/lib/mayaUsd/render/pxrUsdMayaGL/usdProxyShapeAdapter.h
    -- promoting: /home/S/jenkins/workspace/ecg-mayausd-branch-preflight-2022-linux/ecg-maya-usd/maya-usd/lib/mayaUsd/render/pxrUsdMayaGL/userData.h
    -- promoting: /home/S/jenkins/workspace/ecg-mayausd-branch-preflight-2022-linux/ecg-maya-usd/maya-usd/lib/mayaUsd/render/vp2RenderDelegate/proxyRenderDelegate.h
    -- promoting: /home/S/jenkins/workspace/ecg-mayausd-branch-preflight-2022-linux/ecg-maya-usd/maya-usd/lib/mayaUsd/render/vp2ShaderFragments/shaderFragments.h
    -- promoting: /home/S/jenkins/workspace/ecg-mayausd-branch-preflight-2022-linux/ecg-maya-usd/maya-usd/lib/mayaUsd/render/MaterialXGenOgsXml/GlslFragmentGenerator.h
    -- promoting: /home/S/jenkins/workspace/ecg-mayausd-branch-preflight-2022-linux/ecg-maya-usd/maya-usd/lib/mayaUsd/render/MaterialXGenOgsXml/OgsFragment.h
    -- promoting: /home/S/jenkins/workspace/ecg-mayausd-branch-preflight-2022-linux/ecg-maya-usd/maya-usd/lib/mayaUsd/render/MaterialXGenOgsXml/OgsXmlGenerator.h
    -- promoting: /home/S/jenkins/workspace/ecg-mayausd-branch-preflight-2022-linux/ecg-maya-usd/maya-usd/lib/mayaUsd/ufe/Global.h
    -- promoting: /home/S/jenkins/workspace/ecg-mayausd-branch-preflight-2022-linux/ecg-maya-usd/maya-usd/lib/mayaUsd/ufe/ProxyShapeHandler.h
    -- promoting: /home/S/jenkins/workspace/ecg-mayausd-branch-preflight-2022-linux/ecg-maya-usd/maya-usd/lib/mayaUsd/ufe/ProxyShapeHierarchy.h
    -- promoting: /home/S/jenkins/workspace/ecg-mayausd-branch-preflight-2022-linux/ecg-maya-usd/maya-usd/lib/mayaUsd/ufe/ProxyShapeHierarchyHandler.h
    -- promoting: /home/S/jenkins/workspace/ecg-mayausd-branch-preflight-2022-linux/ecg-maya-usd/maya-usd/lib/mayaUsd/ufe/StagesSubject.h
    -- promoting: /home/S/jenkins/workspace/ecg-mayausd-branch-preflight-2022-linux/ecg-maya-usd/maya-usd/lib/mayaUsd/ufe/UsdHierarchy.h
    -- promoting: /home/S/jenkins/workspace/ecg-mayausd-branch-preflight-2022-linux/ecg-maya-usd/maya-usd/lib/mayaUsd/ufe/UsdHierarchyHandler.h
    -- promoting: /home/S/jenkins/workspace/ecg-mayausd-branch-preflight-2022-linux/ecg-maya-usd/maya-usd/lib/mayaUsd/ufe/UsdPointInstanceModifierBase.h
    -- promoting: /home/S/jenkins/workspace/ecg-mayausd-branch-preflight-2022-linux/ecg-maya-usd/maya-usd/lib/mayaUsd/ufe/UsdPointInstanceOrientationModifier.h
    -- promoting: /home/S/jenkins/workspace/ecg-mayausd-branch-preflight-2022-linux/ecg-maya-usd/maya-usd/lib/mayaUsd/ufe/UsdPointInstancePositionModifier.h
    -- promoting: /home/S/jenkins/workspace/ecg-mayausd-branch-preflight-2022-linux/ecg-maya-usd/maya-usd/lib/mayaUsd/ufe/UsdPointInstanceScaleModifier.h
    -- promoting: /home/S/jenkins/workspace/ecg-mayausd-branch-preflight-2022-linux/ecg-maya-usd/maya-usd/lib/mayaUsd/ufe/UsdRootChildHierarchy.h
    -- promoting: /home/S/jenkins/workspace/ecg-mayausd-branch-preflight-2022-linux/ecg-maya-usd/maya-usd/lib/mayaUsd/ufe/UsdRotatePivotTranslateUndoableCommand.h
    -- promoting: /home/S/jenkins/workspace/ecg-mayausd-branch-preflight-2022-linux/ecg-maya-usd/maya-usd/lib/mayaUsd/ufe/UsdRotateUndoableCommand.h
    -- promoting: /home/S/jenkins/workspace/ecg-mayausd-branch-preflight-2022-linux/ecg-maya-usd/maya-usd/lib/mayaUsd/ufe/UsdScaleUndoableCommand.h
    -- promoting: /home/S/jenkins/workspace/ecg-mayausd-branch-preflight-2022-linux/ecg-maya-usd/maya-usd/lib/mayaUsd/ufe/UsdSceneItem.h
    -- promoting: /home/S/jenkins/workspace/ecg-mayausd-branch-preflight-2022-linux/ecg-maya-usd/maya-usd/lib/mayaUsd/ufe/UsdSceneItemOps.h
    -- promoting: /home/S/jenkins/workspace/ecg-mayausd-branch-preflight-2022-linux/ecg-maya-usd/maya-usd/lib/mayaUsd/ufe/UsdSceneItemOpsHandler.h
    -- promoting: /home/S/jenkins/workspace/ecg-mayausd-branch-preflight-2022-linux/ecg-maya-usd/maya-usd/lib/mayaUsd/ufe/UsdStageMap.h
    -- promoting: /home/S/jenkins/workspace/ecg-mayausd-branch-preflight-2022-linux/ecg-maya-usd/maya-usd/lib/mayaUsd/ufe/UsdTRSUndoableCommandBase.h
    -- promoting: /home/S/jenkins/workspace/ecg-mayausd-branch-preflight-2022-linux/ecg-maya-usd/maya-usd/lib/mayaUsd/ufe/UsdTransform3d.h
    -- promoting: /home/S/jenkins/workspace/ecg-mayausd-branch-preflight-2022-linux/ecg-maya-usd/maya-usd/lib/mayaUsd/ufe/UsdTransform3dHandler.h
    -- promoting: /home/S/jenkins/workspace/ecg-mayausd-branch-preflight-2022-linux/ecg-maya-usd/maya-usd/lib/mayaUsd/ufe/UsdTranslateUndoableCommand.h
    -- promoting: /home/S/jenkins/workspace/ecg-mayausd-branch-preflight-2022-linux/ecg-maya-usd/maya-usd/lib/mayaUsd/ufe/UsdUndoDeleteCommand.h
    -- promoting: /home/S/jenkins/workspace/ecg-mayausd-branch-preflight-2022-linux/ecg-maya-usd/maya-usd/lib/mayaUsd/ufe/UsdUndoDuplicateCommand.h
    -- promoting: /home/S/jenkins/workspace/ecg-mayausd-branch-preflight-2022-linux/ecg-maya-usd/maya-usd/lib/mayaUsd/ufe/UsdUndoRenameCommand.h
    -- promoting: /home/S/jenkins/workspace/ecg-mayausd-branch-preflight-2022-linux/ecg-maya-usd/maya-usd/lib/mayaUsd/ufe/Utils.h
    -- promoting: /home/S/jenkins/workspace/ecg-mayausd-branch-preflight-2022-linux/ecg-maya-usd/maya-usd/lib/mayaUsd/ufe/UfeVersionCompat.h
    -- promoting: /home/S/jenkins/workspace/ecg-mayausd-branch-preflight-2022-linux/ecg-maya-usd/maya-usd/lib/mayaUsd/ufe/ProxyShapeContextOpsHandler.h
    -- promoting: /home/S/jenkins/workspace/ecg-mayausd-branch-preflight-2022-linux/ecg-maya-usd/maya-usd/lib/mayaUsd/ufe/RotationUtils.h
    -- promoting: /home/S/jenkins/workspace/ecg-mayausd-branch-preflight-2022-linux/ecg-maya-usd/maya-usd/lib/mayaUsd/ufe/UsdAttribute.h
    -- promoting: /home/S/jenkins/workspace/ecg-mayausd-branch-preflight-2022-linux/ecg-maya-usd/maya-usd/lib/mayaUsd/ufe/UsdAttributes.h
    -- promoting: /home/S/jenkins/workspace/ecg-mayausd-branch-preflight-2022-linux/ecg-maya-usd/maya-usd/lib/mayaUsd/ufe/UsdAttributesHandler.h
    -- promoting: /home/S/jenkins/workspace/ecg-mayausd-branch-preflight-2022-linux/ecg-maya-usd/maya-usd/lib/mayaUsd/ufe/UsdCamera.h
    -- promoting: /home/S/jenkins/workspace/ecg-mayausd-branch-preflight-2022-linux/ecg-maya-usd/maya-usd/lib/mayaUsd/ufe/UsdCameraHandler.h
    -- promoting: /home/S/jenkins/workspace/ecg-mayausd-branch-preflight-2022-linux/ecg-maya-usd/maya-usd/lib/mayaUsd/ufe/UsdContextOps.h
    -- promoting: /home/S/jenkins/workspace/ecg-mayausd-branch-preflight-2022-linux/ecg-maya-usd/maya-usd/lib/mayaUsd/ufe/UsdContextOpsHandler.h
    -- promoting: /home/S/jenkins/workspace/ecg-mayausd-branch-preflight-2022-linux/ecg-maya-usd/maya-usd/lib/mayaUsd/ufe/UsdObject3d.h
    -- promoting: /home/S/jenkins/workspace/ecg-mayausd-branch-preflight-2022-linux/ecg-maya-usd/maya-usd/lib/mayaUsd/ufe/UsdObject3dHandler.h
    -- promoting: /home/S/jenkins/workspace/ecg-mayausd-branch-preflight-2022-linux/ecg-maya-usd/maya-usd/lib/mayaUsd/ufe/UsdPointInstanceUndoableCommands.h
    -- promoting: /home/S/jenkins/workspace/ecg-mayausd-branch-preflight-2022-linux/ecg-maya-usd/maya-usd/lib/mayaUsd/ufe/UsdSetXformOpUndoableCommandBase.h
    -- promoting: /home/S/jenkins/workspace/ecg-mayausd-branch-preflight-2022-linux/ecg-maya-usd/maya-usd/lib/mayaUsd/ufe/UsdTransform3dBase.h
    -- promoting: /home/S/jenkins/workspace/ecg-mayausd-branch-preflight-2022-linux/ecg-maya-usd/maya-usd/lib/mayaUsd/ufe/UsdTransform3dCommonAPI.h
    -- promoting: /home/S/jenkins/workspace/ecg-mayausd-branch-preflight-2022-linux/ecg-maya-usd/maya-usd/lib/mayaUsd/ufe/UsdTransform3dFallbackMayaXformStack.h
    -- promoting: /home/S/jenkins/workspace/ecg-mayausd-branch-preflight-2022-linux/ecg-maya-usd/maya-usd/lib/mayaUsd/ufe/UsdTransform3dMatrixOp.h
    -- promoting: /home/S/jenkins/workspace/ecg-mayausd-branch-preflight-2022-linux/ecg-maya-usd/maya-usd/lib/mayaUsd/ufe/UsdTransform3dMayaXformStack.h
    -- promoting: /home/S/jenkins/workspace/ecg-mayausd-branch-preflight-2022-linux/ecg-maya-usd/maya-usd/lib/mayaUsd/ufe/UsdTransform3dPointInstance.h
    -- promoting: /home/S/jenkins/workspace/ecg-mayausd-branch-preflight-2022-linux/ecg-maya-usd/maya-usd/lib/mayaUsd/ufe/UsdTransform3dSetObjectMatrix.h
    -- promoting: /home/S/jenkins/workspace/ecg-mayausd-branch-preflight-2022-linux/ecg-maya-usd/maya-usd/lib/mayaUsd/ufe/UsdTransform3dUndoableCommands.h
    -- promoting: /home/S/jenkins/workspace/ecg-mayausd-branch-preflight-2022-linux/ecg-maya-usd/maya-usd/lib/mayaUsd/ufe/UsdUIInfoHandler.h
    -- promoting: /home/S/jenkins/workspace/ecg-mayausd-branch-preflight-2022-linux/ecg-maya-usd/maya-usd/lib/mayaUsd/ufe/UsdUIUfeObserver.h
    -- promoting: /home/S/jenkins/workspace/ecg-mayausd-branch-preflight-2022-linux/ecg-maya-usd/maya-usd/lib/mayaUsd/ufe/UsdUndoableCommand.h
    -- promoting: /home/S/jenkins/workspace/ecg-mayausd-branch-preflight-2022-linux/ecg-maya-usd/maya-usd/lib/mayaUsd/ufe/UsdUndoAddNewPrimCommand.h
    -- promoting: /home/S/jenkins/workspace/ecg-mayausd-branch-preflight-2022-linux/ecg-maya-usd/maya-usd/lib/mayaUsd/ufe/UsdUndoCreateGroupCommand.h
    -- promoting: /home/S/jenkins/workspace/ecg-mayausd-branch-preflight-2022-linux/ecg-maya-usd/maya-usd/lib/mayaUsd/ufe/UsdUndoInsertChildCommand.h
    -- promoting: /home/S/jenkins/workspace/ecg-mayausd-branch-preflight-2022-linux/ecg-maya-usd/maya-usd/lib/mayaUsd/ufe/UsdUndoReorderCommand.h
    -- promoting: /home/S/jenkins/workspace/ecg-mayausd-branch-preflight-2022-linux/ecg-maya-usd/maya-usd/lib/mayaUsd/ufe/UsdUndoSetKindCommand.h
    -- promoting: /home/S/jenkins/workspace/ecg-mayausd-branch-preflight-2022-linux/ecg-maya-usd/maya-usd/lib/mayaUsd/ufe/UsdUndoVisibleCommand.h
    -- promoting: /home/S/jenkins/workspace/ecg-mayausd-branch-preflight-2022-linux/ecg-maya-usd/maya-usd/lib/mayaUsd/ufe/XformOpUtils.h
    -- promoting: /home/S/jenkins/workspace/ecg-mayausd-branch-preflight-2022-linux/ecg-maya-usd/maya-usd/lib/mayaUsd/undo/OpUndoItemList.h
    -- promoting: /home/S/jenkins/workspace/ecg-mayausd-branch-preflight-2022-linux/ecg-maya-usd/maya-usd/lib/mayaUsd/undo/OpUndoItemMuting.h
    -- promoting: /home/S/jenkins/workspace/ecg-mayausd-branch-preflight-2022-linux/ecg-maya-usd/maya-usd/lib/mayaUsd/undo/OpUndoItemRecorder.h
    -- promoting: /home/S/jenkins/workspace/ecg-mayausd-branch-preflight-2022-linux/ecg-maya-usd/maya-usd/lib/mayaUsd/undo/OpUndoItems.h
    -- promoting: /home/S/jenkins/workspace/ecg-mayausd-branch-preflight-2022-linux/ecg-maya-usd/maya-usd/lib/mayaUsd/undo/UsdUndoBlock.h
    -- promoting: /home/S/jenkins/workspace/ecg-mayausd-branch-preflight-2022-linux/ecg-maya-usd/maya-usd/lib/mayaUsd/undo/UsdUndoManager.h
    -- promoting: /home/S/jenkins/workspace/ecg-mayausd-branch-preflight-2022-linux/ecg-maya-usd/maya-usd/lib/mayaUsd/undo/UsdUndoStateDelegate.h
    -- promoting: /home/S/jenkins/workspace/ecg-mayausd-branch-preflight-2022-linux/ecg-maya-usd/maya-usd/lib/mayaUsd/undo/UsdUndoableItem.h
    -- promoting: /home/S/jenkins/workspace/ecg-mayausd-branch-preflight-2022-linux/ecg-maya-usd/maya-usd/lib/mayaUsd/utils/blockSceneModificationContext.h
    -- promoting: /home/S/jenkins/workspace/ecg-mayausd-branch-preflight-2022-linux/ecg-maya-usd/maya-usd/lib/mayaUsd/utils/colorSpace.h
    -- promoting: /home/S/jenkins/workspace/ecg-mayausd-branch-preflight-2022-linux/ecg-maya-usd/maya-usd/lib/mayaUsd/utils/customLayerData.h
    -- promoting: /home/S/jenkins/workspace/ecg-mayausd-branch-preflight-2022-linux/ecg-maya-usd/maya-usd/lib/mayaUsd/utils/converter.h
    -- promoting: /home/S/jenkins/workspace/ecg-mayausd-branch-preflight-2022-linux/ecg-maya-usd/maya-usd/lib/mayaUsd/utils/diagnosticDelegate.h
    -- promoting: /home/S/jenkins/workspace/ecg-mayausd-branch-preflight-2022-linux/ecg-maya-usd/maya-usd/lib/mayaUsd/utils/editability.h
    -- promoting: /home/S/jenkins/workspace/ecg-mayausd-branch-preflight-2022-linux/ecg-maya-usd/maya-usd/lib/mayaUsd/utils/editRouter.h
    -- promoting: /home/S/jenkins/workspace/ecg-mayausd-branch-preflight-2022-linux/ecg-maya-usd/maya-usd/lib/mayaUsd/utils/hash.h
    -- promoting: /home/S/jenkins/workspace/ecg-mayausd-branch-preflight-2022-linux/ecg-maya-usd/maya-usd/lib/mayaUsd/utils/loadRules.h
    -- promoting: /home/S/jenkins/workspace/ecg-mayausd-branch-preflight-2022-linux/ecg-maya-usd/maya-usd/lib/mayaUsd/utils/query.h
    -- promoting: /home/S/jenkins/workspace/ecg-mayausd-branch-preflight-2022-linux/ecg-maya-usd/maya-usd/lib/mayaUsd/utils/plugRegistryHelper.h
    -- promoting: /home/S/jenkins/workspace/ecg-mayausd-branch-preflight-2022-linux/ecg-maya-usd/maya-usd/lib/mayaUsd/utils/selectability.h
    -- promoting: /home/S/jenkins/workspace/ecg-mayausd-branch-preflight-2022-linux/ecg-maya-usd/maya-usd/lib/mayaUsd/utils/stageCache.h
    -- promoting: /home/S/jenkins/workspace/ecg-mayausd-branch-preflight-2022-linux/ecg-maya-usd/maya-usd/lib/mayaUsd/utils/traverseLayer.h
    -- promoting: /home/S/jenkins/workspace/ecg-mayausd-branch-preflight-2022-linux/ecg-maya-usd/maya-usd/lib/mayaUsd/utils/undoHelperCommand.h
    -- promoting: /home/S/jenkins/workspace/ecg-mayausd-branch-preflight-2022-linux/ecg-maya-usd/maya-usd/lib/mayaUsd/utils/util.h
    -- promoting: /home/S/jenkins/workspace/ecg-mayausd-branch-preflight-2022-linux/ecg-maya-usd/maya-usd/lib/mayaUsd/utils/utilFileSystem.h
    -- promoting: /home/S/jenkins/workspace/ecg-mayausd-branch-preflight-2022-linux/ecg-maya-usd/maya-usd/lib/mayaUsd/utils/utilSerialization.h
    -- promoting: /home/S/jenkins/workspace/ecg-mayausd-branch-preflight-2022-linux/ecg-maya-usd/maya-usd/lib/mayaUsd/render/mayaToHydra/utils.h
    -- promoting: /home/S/jenkins/workspace/ecg-mayausd-branch-preflight-2022-linux/ecg-maya-usd/maya-usd/lib/usd/hdMaya/api.h
    -- promoting: /home/S/jenkins/workspace/ecg-mayausd-branch-preflight-2022-linux/ecg-maya-usd/maya-usd/lib/usd/hdMaya/utils.h
    -- promoting: /home/S/jenkins/workspace/ecg-mayausd-branch-preflight-2022-linux/ecg-maya-usd/maya-usd/lib/usd/hdMaya/debugCodes.h
    -- promoting: /home/S/jenkins/workspace/ecg-mayausd-branch-preflight-2022-linux/ecg-maya-usd/maya-usd/lib/usd/hdMaya/adapters/adapter.h
    -- promoting: /home/S/jenkins/workspace/ecg-mayausd-branch-preflight-2022-linux/ecg-maya-usd/maya-usd/lib/usd/hdMaya/adapters/adapterDebugCodes.h
    -- promoting: /home/S/jenkins/workspace/ecg-mayausd-branch-preflight-2022-linux/ecg-maya-usd/maya-usd/lib/usd/hdMaya/adapters/adapterRegistry.h
    -- promoting: /home/S/jenkins/workspace/ecg-mayausd-branch-preflight-2022-linux/ecg-maya-usd/maya-usd/lib/usd/hdMaya/adapters/cameraAdapter.h
    -- promoting: /home/S/jenkins/workspace/ecg-mayausd-branch-preflight-2022-linux/ecg-maya-usd/maya-usd/lib/usd/hdMaya/adapters/constantShadowMatrix.h
    -- promoting: /home/S/jenkins/workspace/ecg-mayausd-branch-preflight-2022-linux/ecg-maya-usd/maya-usd/lib/usd/hdMaya/adapters/dagAdapter.h
    -- promoting: /home/S/jenkins/workspace/ecg-mayausd-branch-preflight-2022-linux/ecg-maya-usd/maya-usd/lib/usd/hdMaya/adapters/lightAdapter.h
    -- promoting: /home/S/jenkins/workspace/ecg-mayausd-branch-preflight-2022-linux/ecg-maya-usd/maya-usd/lib/usd/hdMaya/adapters/proxyAdapter.h
    -- promoting: /home/S/jenkins/workspace/ecg-mayausd-branch-preflight-2022-linux/ecg-maya-usd/maya-usd/lib/usd/hdMaya/adapters/materialAdapter.h
    -- promoting: /home/S/jenkins/workspace/ecg-mayausd-branch-preflight-2022-linux/ecg-maya-usd/maya-usd/lib/usd/hdMaya/adapters/materialNetworkConverter.h
    -- promoting: /home/S/jenkins/workspace/ecg-mayausd-branch-preflight-2022-linux/ecg-maya-usd/maya-usd/lib/usd/hdMaya/adapters/mayaAttrs.h
    -- promoting: /home/S/jenkins/workspace/ecg-mayausd-branch-preflight-2022-linux/ecg-maya-usd/maya-usd/lib/usd/hdMaya/adapters/shapeAdapter.h
    -- promoting: /home/S/jenkins/workspace/ecg-mayausd-branch-preflight-2022-linux/ecg-maya-usd/maya-usd/lib/usd/hdMaya/adapters/tokens.h
    -- promoting: /home/S/jenkins/workspace/ecg-mayausd-branch-preflight-2022-linux/ecg-maya-usd/maya-usd/lib/usd/hdMaya/delegates/delegate.h
    -- promoting: /home/S/jenkins/workspace/ecg-mayausd-branch-preflight-2022-linux/ecg-maya-usd/maya-usd/lib/usd/hdMaya/delegates/delegateCtx.h
    -- promoting: /home/S/jenkins/workspace/ecg-mayausd-branch-preflight-2022-linux/ecg-maya-usd/maya-usd/lib/usd/hdMaya/delegates/delegateDebugCodes.h
    -- promoting: /home/S/jenkins/workspace/ecg-mayausd-branch-preflight-2022-linux/ecg-maya-usd/maya-usd/lib/usd/hdMaya/delegates/delegateRegistry.h
    -- promoting: /home/S/jenkins/workspace/ecg-mayausd-branch-preflight-2022-linux/ecg-maya-usd/maya-usd/lib/usd/hdMaya/delegates/params.h
    -- promoting: /home/S/jenkins/workspace/ecg-mayausd-branch-preflight-2022-linux/ecg-maya-usd/maya-usd/lib/usd/hdMaya/delegates/proxyDelegate.h
    -- promoting: /home/S/jenkins/workspace/ecg-mayausd-branch-preflight-2022-linux/ecg-maya-usd/maya-usd/lib/usd/hdMaya/delegates/proxyUsdImagingDelegate.h
    -- promoting: /home/S/jenkins/workspace/ecg-mayausd-branch-preflight-2022-linux/ecg-maya-usd/maya-usd/lib/usd/hdMaya/delegates/sceneDelegate.h
    -- promoting: /home/S/jenkins/workspace/ecg-mayausd-branch-preflight-2022-linux/ecg-maya-usd/maya-usd/lib/usd/hdMaya/delegates/testDelegate.h
    -- promoting: /home/S/jenkins/workspace/ecg-mayausd-branch-preflight-2022-linux/ecg-maya-usd/maya-usd/lib/usd/pxrUsdPreviewSurface/usdPreviewSurface.h
    -- promoting: /home/S/jenkins/workspace/ecg-mayausd-branch-preflight-2022-linux/ecg-maya-usd/maya-usd/lib/usd/pxrUsdPreviewSurface/usdPreviewSurfacePlugin.h
    -- promoting: /home/S/jenkins/workspace/ecg-mayausd-branch-preflight-2022-linux/ecg-maya-usd/maya-usd/lib/usd/schemas/api.h
    -- promoting: /home/S/jenkins/workspace/ecg-mayausd-branch-preflight-2022-linux/ecg-maya-usd/maya-usd/lib/usd/schemas/ALMayaReference.h
    -- promoting: /home/S/jenkins/workspace/ecg-mayausd-branch-preflight-2022-linux/ecg-maya-usd/maya-usd/lib/usd/schemas/MayaReference.h
    -- promoting: /home/S/jenkins/workspace/ecg-mayausd-branch-preflight-2022-linux/ecg-maya-usd/maya-usd/lib/usd/schemas/tokens.h
    #################################################################################################
    #  USD_DISABLE_PRIM_DEFINITIONS_FOR_USDGENSCHEMA is overridden to 'true'.  Default is 'false'.  #
    #################################################################################################
    Processing schema classes:
    MayaReference, ALMayaReference
    Loading Templates from /local/S/jenkins/workspace/shared/Artifactory/Linux/USD/b45703f/lib/usd/usd/resources/codegenTemplates
    Writing API:
    	    wrote /home/S/jenkins/workspace/ecg-mayausd-branch-preflight-2022-linux/build/RelWithDebInfo/lib/usd/schemas/api.h
    Writing Schema Tokens:
    	    wrote /home/S/jenkins/workspace/ecg-mayausd-branch-preflight-2022-linux/build/RelWithDebInfo/lib/usd/schemas/tokens.h
    	    wrote /home/S/jenkins/workspace/ecg-mayausd-branch-preflight-2022-linux/build/RelWithDebInfo/lib/usd/schemas/tokens.cpp
    	    wrote /home/S/jenkins/workspace/ecg-mayausd-branch-preflight-2022-linux/build/RelWithDebInfo/lib/usd/schemas/wrapTokens.cpp
    Generating Classes:
    	    wrote /home/S/jenkins/workspace/ecg-mayausd-branch-preflight-2022-linux/build/RelWithDebInfo/lib/usd/schemas/MayaReference.h
    	    wrote /home/S/jenkins/workspace/ecg-mayausd-branch-preflight-2022-linux/build/RelWithDebInfo/lib/usd/schemas/MayaReference.cpp
    	    wrote /home/S/jenkins/workspace/ecg-mayausd-branch-preflight-2022-linux/build/RelWithDebInfo/lib/usd/schemas/wrapMayaReference.cpp
    	    wrote /home/S/jenkins/workspace/ecg-mayausd-branch-preflight-2022-linux/build/RelWithDebInfo/lib/usd/schemas/ALMayaReference.h
    	    wrote /home/S/jenkins/workspace/ecg-mayausd-branch-preflight-2022-linux/build/RelWithDebInfo/lib/usd/schemas/ALMayaReference.cpp
    	    wrote /home/S/jenkins/workspace/ecg-mayausd-branch-preflight-2022-linux/build/RelWithDebInfo/lib/usd/schemas/wrapALMayaReference.cpp
    Loading Templates from /local/S/jenkins/workspace/shared/Artifactory/Linux/USD/b45703f/lib/usd/usd/resources/codegenTemplates
    	    wrote /home/S/jenkins/workspace/ecg-mayausd-branch-preflight-2022-linux/build/RelWithDebInfo/lib/usd/schemas/plugInfo.json
    Generating Schematics:
    	    wrote /home/S/jenkins/workspace/ecg-mayausd-branch-preflight-2022-linux/build/RelWithDebInfo/lib/usd/schemas/generatedSchema.usda
    -- promoting: /home/S/jenkins/workspace/ecg-mayausd-branch-preflight-2022-linux/ecg-maya-usd/maya-usd/lib/usd/utils/ALHalf.h
    -- promoting: /home/S/jenkins/workspace/ecg-mayausd-branch-preflight-2022-linux/ecg-maya-usd/maya-usd/lib/usd/utils/Api.h
    -- promoting: /home/S/jenkins/workspace/ecg-mayausd-branch-preflight-2022-linux/ecg-maya-usd/maya-usd/lib/usd/utils/DebugCodes.h
    -- promoting: /home/S/jenkins/workspace/ecg-mayausd-branch-preflight-2022-linux/ecg-maya-usd/maya-usd/lib/usd/utils/DiffCore.h
    -- promoting: /home/S/jenkins/workspace/ecg-mayausd-branch-preflight-2022-linux/ecg-maya-usd/maya-usd/lib/usd/utils/DiffPrims.h
    -- promoting: /home/S/jenkins/workspace/ecg-mayausd-branch-preflight-2022-linux/ecg-maya-usd/maya-usd/lib/usd/utils/MergePrims.h
    -- promoting: /home/S/jenkins/workspace/ecg-mayausd-branch-preflight-2022-linux/ecg-maya-usd/maya-usd/lib/usd/utils/MergePrimsOptions.h
    -- promoting: /home/S/jenkins/workspace/ecg-mayausd-branch-preflight-2022-linux/ecg-maya-usd/maya-usd/lib/usd/utils/ForwardDeclares.h
    -- promoting: /home/S/jenkins/workspace/ecg-mayausd-branch-preflight-2022-linux/ecg-maya-usd/maya-usd/lib/usd/utils/SIMD.h
    -- promoting: /home/S/jenkins/workspace/ecg-mayausd-branch-preflight-2022-linux/ecg-maya-usd/maya-usd/lib/usd/utils/util.h
    -- promoting: /home/S/jenkins/workspace/ecg-mayausd-branch-preflight-2022-linux/ecg-maya-usd/maya-usd/lib/usd/ui/layerEditor/batchSaveLayersUIDelegate.h
    -- promoting: /home/S/jenkins/workspace/ecg-mayausd-branch-preflight-2022-linux/ecg-maya-usd/maya-usd/lib/usd/ui/importDialog/IMayaMQtUtil.h
    -- promoting: /home/S/jenkins/workspace/ecg-mayausd-branch-preflight-2022-linux/ecg-maya-usd/maya-usd/lib/usd/ui/importDialog/ItemDelegate.h
    -- promoting: /home/S/jenkins/workspace/ecg-mayausd-branch-preflight-2022-linux/ecg-maya-usd/maya-usd/lib/usd/ui/importDialog/IUSDImportView.h
    -- promoting: /home/S/jenkins/workspace/ecg-mayausd-branch-preflight-2022-linux/ecg-maya-usd/maya-usd/lib/usd/ui/importDialog/TreeItem.h
    -- promoting: /home/S/jenkins/workspace/ecg-mayausd-branch-preflight-2022-linux/ecg-maya-usd/maya-usd/lib/usd/ui/importDialog/TreeModel.h
    -- promoting: /home/S/jenkins/workspace/ecg-mayausd-branch-preflight-2022-linux/ecg-maya-usd/maya-usd/lib/usd/ui/importDialog/TreeModelFactory.h
    -- promoting: /home/S/jenkins/workspace/ecg-mayausd-branch-preflight-2022-linux/ecg-maya-usd/maya-usd/lib/usd/ui/importDialog/USDImportDialog.h
    -- promoting: /home/S/jenkins/workspace/ecg-mayausd-branch-preflight-2022-linux/ecg-maya-usd/maya-usd/lib/usd/ui/importDialog/USDImportDialogCmd.h
    -- promoting: /home/S/jenkins/workspace/ecg-mayausd-branch-preflight-2022-linux/ecg-maya-usd/maya-usd/lib/usd/ui/importDialog/USDQtUtil.h
    -- promoting: /home/S/jenkins/workspace/ecg-mayausd-branch-preflight-2022-linux/ecg-maya-usd/maya-usd/lib/usd/ui/api.h
    -- promoting: /home/S/jenkins/workspace/ecg-mayausd-branch-preflight-2022-linux/ecg-maya-usd/maya-usd/lib/usd/ui/initStringResources.h
    ========== Pixar USD Plugin ==========
    Compiling /home/S/jenkins/workspace/ecg-mayausd-branch-preflight-2022-linux/build/RelWithDebInfo/plugin/pxr/__init__.py ...
    ========== AL USD Plugin ==========
    CMake Deprecation Warning at plugin/al/CMakeLists.txt:7 (cmake_policy):
      The OLD behavior for policy CMP0026 will be removed from a future version
      of CMake.
    
      The cmake-policies(7) manual explains that the OLD behaviors of all
      policies are deprecated and that a policy should be set to OLD only under
      specific short-term circumstances.  Projects should be ported to the NEW
      behavior and not rely on setting a policy to OLD.
    
    
    -- Boost version: 1.66.0
    -- Boost version: 1.66.0
    -- Found the following Boost libraries:
    --   python
    -- Found GTest: /home/S/jenkins/workspace/ecg-mayausd-branch-preflight-2022-linux/build/RelWithDebInfo/googletest-install/lib64/libgtest.so
    -- Building AL_USDMayaSchemas
    #################################################################################################
    #  USD_DISABLE_PRIM_DEFINITIONS_FOR_USDGENSCHEMA is overridden to 'true'.  Default is 'false'.  #
    #################################################################################################
    Processing schema classes:
    ALModelAPI, ALFrameRange
    Loading Templates from /local/S/jenkins/workspace/shared/Artifactory/Linux/USD/b45703f/lib/usd/usd/resources/codegenTemplates
    Writing API:
    	    wrote /home/S/jenkins/workspace/ecg-mayausd-branch-preflight-2022-linux/build/RelWithDebInfo/plugin/al/schemas/AL/usd/schemas/maya/api.h
    Writing Schema Tokens:
    	    wrote /home/S/jenkins/workspace/ecg-mayausd-branch-preflight-2022-linux/build/RelWithDebInfo/plugin/al/schemas/AL/usd/schemas/maya/tokens.h
    	    wrote /home/S/jenkins/workspace/ecg-mayausd-branch-preflight-2022-linux/build/RelWithDebInfo/plugin/al/schemas/AL/usd/schemas/maya/tokens.cpp
    	    wrote /home/S/jenkins/workspace/ecg-mayausd-branch-preflight-2022-linux/build/RelWithDebInfo/plugin/al/schemas/AL/usd/schemas/maya/wrapTokens.cpp
    Generating Classes:
    	    wrote /home/S/jenkins/workspace/ecg-mayausd-branch-preflight-2022-linux/build/RelWithDebInfo/plugin/al/schemas/AL/usd/schemas/maya/ModelAPI.h
    	    wrote /home/S/jenkins/workspace/ecg-mayausd-branch-preflight-2022-linux/build/RelWithDebInfo/plugin/al/schemas/AL/usd/schemas/maya/ModelAPI.cpp
    	    wrote /home/S/jenkins/workspace/ecg-mayausd-branch-preflight-2022-linux/build/RelWithDebInfo/plugin/al/schemas/AL/usd/schemas/maya/wrapModelAPI.cpp
    	    wrote /home/S/jenkins/workspace/ecg-mayausd-branch-preflight-2022-linux/build/RelWithDebInfo/plugin/al/schemas/AL/usd/schemas/maya/FrameRange.h
    	    wrote /home/S/jenkins/workspace/ecg-mayausd-branch-preflight-2022-linux/build/RelWithDebInfo/plugin/al/schemas/AL/usd/schemas/maya/FrameRange.cpp
    	    wrote /home/S/jenkins/workspace/ecg-mayausd-branch-preflight-2022-linux/build/RelWithDebInfo/plugin/al/schemas/AL/usd/schemas/maya/wrapFrameRange.cpp
    Loading Templates from /local/S/jenkins/workspace/shared/Artifactory/Linux/USD/b45703f/lib/usd/usd/resources/codegenTemplates
    	    wrote /home/S/jenkins/workspace/ecg-mayausd-branch-preflight-2022-linux/build/RelWithDebInfo/plugin/al/schemas/AL/usd/schemas/maya/plugInfo.json
    Generating Schematics:
    	    wrote /home/S/jenkins/workspace/ecg-mayausd-branch-preflight-2022-linux/build/RelWithDebInfo/plugin/al/schemas/AL/usd/schemas/maya/generatedSchema.usda
    #################################################################################################
    #  USD_DISABLE_PRIM_DEFINITIONS_FOR_USDGENSCHEMA is overridden to 'true'.  Default is 'false'.  #
    #################################################################################################
    Processing schema classes:
    ALExamplePolyCubeNode
    Loading Templates from /local/S/jenkins/workspace/shared/Artifactory/Linux/USD/b45703f/lib/usd/usd/resources/codegenTemplates
    Writing API:
    	    wrote /home/S/jenkins/workspace/ecg-mayausd-branch-preflight-2022-linux/build/RelWithDebInfo/plugin/al/schemas/AL/usd/schemas/mayatest/api.h
    Writing Schema Tokens:
    	    wrote /home/S/jenkins/workspace/ecg-mayausd-branch-preflight-2022-linux/build/RelWithDebInfo/plugin/al/schemas/AL/usd/schemas/mayatest/tokens.h
    	    wrote /home/S/jenkins/workspace/ecg-mayausd-branch-preflight-2022-linux/build/RelWithDebInfo/plugin/al/schemas/AL/usd/schemas/mayatest/tokens.cpp
    	    wrote /home/S/jenkins/workspace/ecg-mayausd-branch-preflight-2022-linux/build/RelWithDebInfo/plugin/al/schemas/AL/usd/schemas/mayatest/wrapTokens.cpp
    Generating Classes:
    	    wrote /home/S/jenkins/workspace/ecg-mayausd-branch-preflight-2022-linux/build/RelWithDebInfo/plugin/al/schemas/AL/usd/schemas/mayatest/ExamplePolyCubeNode.h
    	    wrote /home/S/jenkins/workspace/ecg-mayausd-branch-preflight-2022-linux/build/RelWithDebInfo/plugin/al/schemas/AL/usd/schemas/mayatest/ExamplePolyCubeNode.cpp
    	    wrote /home/S/jenkins/workspace/ecg-mayausd-branch-preflight-2022-linux/build/RelWithDebInfo/plugin/al/schemas/AL/usd/schemas/mayatest/wrapExamplePolyCubeNode.cpp
    Loading Templates from /local/S/jenkins/workspace/shared/Artifactory/Linux/USD/b45703f/lib/usd/usd/resources/codegenTemplates
    	    wrote /home/S/jenkins/workspace/ecg-mayausd-branch-preflight-2022-linux/build/RelWithDebInfo/plugin/al/schemas/AL/usd/schemas/mayatest/plugInfo.json
    Generating Schematics:
    	    wrote /home/S/jenkins/workspace/ecg-mayausd-branch-preflight-2022-linux/build/RelWithDebInfo/plugin/al/schemas/AL/usd/schemas/mayatest/generatedSchema.usda
    -- Building AL_USDMayaTranslators
    ========== ADSK USD Plugin ==========
    -- Configuring done
    -- Generating done
    -- Build files have been written to: /home/S/jenkins/workspace/ecg-mayausd-branch-preflight-2022-linux/build/RelWithDebInfo
    
        Building with settings:
          Source directory          /home/S/jenkins/workspace/ecg-mayausd-branch-preflight-2022-linux/ecg-maya-usd/maya-usd
          Workspace directory       /local/S/jenkins/workspace/ecg-mayausd-branch-preflight-2022-linux
          Build directory           /local/S/jenkins/workspace/ecg-mayausd-branch-preflight-2022-linux/build/RelWithDebInfo
          Install directory         /local/S/jenkins/workspace/ecg-mayausd-branch-preflight-2022-linux/install/RelWithDebInfo/MayaUSD
          Variant                   RelWithDebInfo
          Python Debug              Off
          CMake generator           Ninja
          Build arguments           ['-DCMAKE_MAKE_PROGRAM=/local/S/jenkins/workspace/shared/Artifactory/Linux/ninja/1.9.0/aca9939/ninja', '-DPYTHON_INCLUDE_DIR=/local/S/jenkins/workspace/shared/Artifactory/Linux/rundev-2022/202204130615/runtime/f160bfb/runTime/include/Python27/Python', '-DPython_EXECUTABLE=/local/S/jenkins/workspace/shared/Artifactory/Linux/rundev-2022/202204130615/runtime/f160bfb/runTime/bin/mayapy2', '-DPYTHON_LIBRARIES=/local/S/jenkins/workspace/shared/Artifactory/Linux/rundev-2022/202204130615/runtime/f160bfb/runTime/lib/libpython2.7.so.1.0', '-DMAYAUSD_TO_USD_RELATIVE_PATH=../USD', '-DUSD_LIB_PREFIX=lib', '-DCMAKE_WANT_MATERIALX_BUILD=ON', '-DCMAKE_PREFIX_PATH=/local/S/jenkins/workspace/shared/Artifactory/Linux/USD/b45703f']
          Stages arguments          ['configure']
          CTest arguments           ['-E testUsdReferenceAssemblySelection|testUsdMayaAppDir', '-LE interactive', '--parallel 16']
    Success MayaUSD build and install !!!!
    Elapsed time: 00:00:14
[Pipeline] }
[Pipeline] // withEnv
[Pipeline] }
[Pipeline] // stage
[Pipeline] }
[Pipeline] // timestamps
[Pipeline] }
[Pipeline] // timeout
[Pipeline] timeout
Timeout set to expire in 6 hr 0 min
[Pipeline] {
[Pipeline] timestamps
[Pipeline] {
[Pipeline] stage
[Pipeline] { (Build)
[Pipeline] withEnv
[Pipeline] {
[Pipeline] sh
[ecg-mayausd-branch-preflight-2022-linux] Running shell script
+ scl enable devtoolset-6 -
python ecg-maya-usd/build.py --stages=build --workspace-dir=/local/S/jenkins/workspace/ecg-mayausd-branch-preflight-2022-linux --artifactory-dir=/local/S/jenkins/workspace/shared/Artifactory --build-dir=/local/S/jenkins/workspace/ecg-mayausd-branch-preflight-2022-linux/build --install-dir=/local/S/jenkins/workspace/ecg-mayausd-branch-preflight-2022-linux/install --signing-dir=/local/S/jenkins/workspace/ecg-mayausd-branch-preflight-2022-linux/signing --package-dir=/local/S/jenkins/workspace/ecg-mayausd-branch-preflight-2022-linux/package --output-dir=/local/S/jenkins/workspace/ecg-mayausd-branch-preflight-2022-linux/output --stash-dir=/local/S/jenkins/workspace/ecg-mayausd-branch-preflight-2022-linux/stash --jenkins-build=1461 --git-commit=9b1b1ae5408a564f703093985e706a2cea37c138 --git-branch=master --variants=RelWithDebInfo --python=2.7 --post-zips=true --build-retry=3 --maya-cut-config=maya-rundev-2022.yaml --stage-banner
Using Maya cut from /local/S/jenkins/workspace/shared/Artifactory/Linux/rundev-2022/202204130615/runtime/f160bfb

================================================================================
                             build (RelWithDebInfo)
================================================================================
Maya Python RelWithDebInfo Info:
  mayapy executable   = /local/S/jenkins/workspace/shared/Artifactory/Linux/rundev-2022/202204130615/runtime/f160bfb/runTime/bin/mayapy2
  Include Folder      = /local/S/jenkins/workspace/shared/Artifactory/Linux/rundev-2022/202204130615/runtime/f160bfb/runTime/include/Python27/Python
  Library             = /local/S/jenkins/workspace/shared/Artifactory/Linux/rundev-2022/202204130615/runtime/f160bfb/runTime/lib/libpython2.7.so.1.0
  site-package Folder = /local/S/jenkins/workspace/shared/Artifactory/Linux/rundev-2022/202204130615/runtime/f160bfb/runTime/lib/python2.7/site-packages
In workdir: /home/S/jenkins/workspace/ecg-mayausd-branch-preflight-2022-linux/ecg-maya-usd/maya-usd
Executing: /local/S/jenkins/workspace/shared/Artifactory/Linux/rundev-2022/202204130615/runtime/f160bfb/runTime/bin/mayapy2 /home/S/jenkins/workspace/ecg-mayausd-branch-preflight-2022-linux/ecg-maya-usd/maya-usd/build.py --generator Ninja --build-relwithdebug --maya-location /local/S/jenkins/workspace/shared/Artifactory/Linux/rundev-2022/202204130615/runtime/f160bfb/runTime --devkit-location /local/S/jenkins/workspace/shared/Artifactory/Linux/rundev-2022/202204130615/runtime/f160bfb/devkitBase --pxrusd-location /local/S/jenkins/workspace/shared/Artifactory/Linux/USD/b45703f --qt-location /local/S/jenkins/workspace/shared/Artifactory/Linux/qt/5.15.2/49402fc --build-args=-DCMAKE_MAKE_PROGRAM=/local/S/jenkins/workspace/shared/Artifactory/Linux/ninja/1.9.0/aca9939/ninja,-DPYTHON_INCLUDE_DIR=/local/S/jenkins/workspace/shared/Artifactory/Linux/rundev-2022/202204130615/runtime/f160bfb/runTime/include/Python27/Python,-DPython_EXECUTABLE=/local/S/jenkins/workspace/shared/Artifactory/Linux/rundev-2022/202204130615/runtime/f160bfb/runTime/bin/mayapy2,-DPYTHON_LIBRARIES=/local/S/jenkins/workspace/shared/Artifactory/Linux/rundev-2022/202204130615/runtime/f160bfb/runTime/lib/libpython2.7.so.1.0,-DMAYAUSD_TO_USD_RELATIVE_PATH=../USD,-DUSD_LIB_PREFIX=lib,-DCMAKE_WANT_MATERIALX_BUILD=ON,-DCMAKE_PREFIX_PATH=/local/S/jenkins/workspace/shared/Artifactory/Linux/USD/b45703f '--ctest-args=-E testUsdReferenceAssemblySelection|testUsdMayaAppDir,-LE interactive,--parallel 16' --stages=build --redirect-outstream-file=False --install-location /local/S/jenkins/workspace/ecg-mayausd-branch-preflight-2022-linux/install/RelWithDebInfo/MayaUSD /local/S/jenkins/workspace/ecg-mayausd-branch-preflight-2022-linux
Modified environment variables:
    PATH=/local/S/jenkins/workspace/shared/Artifactory/Linux/cmake/3.14.4/656573b/bin:/opt/rh/devtoolset-6/root/usr/bin:/usr/local/bin:/usr/bin
    LD_LIBRARY_PATH=/opt/rh/devtoolset-6/root/usr/lib64:/opt/rh/devtoolset-6/root/usr/lib64:/opt/rh/devtoolset-6/root/usr/lib
    [1/689] Building CXX object test/lib/usd/plugin/CMakeFiles/usdTestInfoImportChaser.dir/plugin.cpp.o
    [2/689] Building CXX object test/lib/usd/plugin/CMakeFiles/usdTestApiWriter.dir/plugin.cpp.o
    [3/689] Building CXX object test/lib/usd/plugin/CMakeFiles/usdTestMayaPlugin.dir/plugin.cpp.o
    [4/689] Building CXX object test/lib/usd/utils/CMakeFiles/testDiffCore.dir/main.cpp.o
    [5/689] Building CXX object test/lib/usd/utils/CMakeFiles/testDiffDictionaries.dir/main.cpp.o
    [6/689] Building CXX object test/lib/usd/utils/CMakeFiles/testDiffLists.dir/main.cpp.o
    [7/689] Building CXX object test/lib/usd/utils/CMakeFiles/testMergePrims.dir/main.cpp.o
    [8/689] Building CXX object test/lib/usd/utils/CMakeFiles/testDiffAttributes.dir/main.cpp.o
    [9/689] Building CXX object test/lib/usd/utils/CMakeFiles/testDiffMetadatas.dir/main.cpp.o
    [10/689] Building CXX object test/lib/usd/utils/CMakeFiles/testDiffRelationships.dir/main.cpp.o
    [11/689] Building CXX object test/lib/usd/utils/CMakeFiles/testDiffCore.dir/test_DiffCore.cpp.o
    [12/689] Building CXX object test/lib/usd/plugin/CMakeFiles/usdTestInfoImportChaser.dir/infoImportChaser.cpp.o
    [13/689] Building CXX object test/lib/usd/plugin/CMakeFiles/usdTestUsdPlugin.dir/mayaShaderTranslation.cpp.o
    [14/689] Building CXX object test/lib/usd/plugin/CMakeFiles/usdTestMayaPlugin.dir/mayaShaderTranslation.cpp.o
    [15/689] Building CXX object test/lib/usd/utils/CMakeFiles/testDiffDictionaries.dir/test_DiffDictionaries.cpp.o
    [16/689] Building CXX object test/lib/usd/utils/CMakeFiles/testDiffPrims.dir/test_DiffPrimsChildren.cpp.o
    [17/689] Building CXX object test/lib/usd/utils/CMakeFiles/testDiffPrims.dir/test_DiffPrims.cpp.o
    [18/689] Building CXX object test/lib/usd/utils/CMakeFiles/testDiffComputeOverall.dir/main.cpp.o
    [19/689] Building CXX object test/lib/usd/plugin/CMakeFiles/usdTestApiWriter.dir/nullApiExporter.cpp.o
    [20/689] Building CXX object test/lib/usd/utils/CMakeFiles/testDiffAttributes.dir/test_DiffAttributes.cpp.o
    [21/689] Building CXX object test/lib/usd/plugin/CMakeFiles/usdTestApiWriter.dir/bulletAdaptor.cpp.o
    [22/689] Building CXX object test/lib/usd/utils/CMakeFiles/testDiffPrims.dir/main.cpp.o
    [23/689] Building CXX object test/lib/usd/utils/CMakeFiles/testDiffMetadatas.dir/test_DiffMetadatas.cpp.o
    [24/689] Building CXX object test/lib/usd/utils/CMakeFiles/testMergePrims.dir/test_MergePrims.cpp.o
    [25/689] Building CXX object test/lib/usd/utils/CMakeFiles/testDiffValues.dir/main.cpp.o
    [26/689] Building CXX object test/lib/usd/utils/CMakeFiles/testDiffRelationships.dir/test_DiffRelationships.cpp.o
    [27/689] Building CXX object lib/mayaUsd/CMakeFiles/mayaUsd.dir/ufe/UsdUndoDuplicateCommand.cpp.o
    [28/689] Building CXX object test/lib/usd/utils/CMakeFiles/testDiffLists.dir/test_DiffLists.cpp.o
    [29/689] Building CXX object lib/mayaUsd/CMakeFiles/mayaUsd.dir/base/debugCodes.cpp.o
    [30/689] Building CXX object lib/mayaUsd/CMakeFiles/mayaUsd.dir/ufe/UsdSceneItemOpsHandler.cpp.o
    [31/689] Building CXX object lib/mayaUsd/CMakeFiles/mayaUsd.dir/base/tokens.cpp.o
    [32/689] Building CXX object lib/mayaUsd/CMakeFiles/mayaUsd.dir/ufe/UsdTransform3d.cpp.o
    [33/689] Building CXX object test/lib/usd/utils/CMakeFiles/testDiffComputeOverall.dir/test_DiffComputeOverall.cpp.o
    [34/689] Building CXX object test/lib/usd/utils/CMakeFiles/testDiffPrims.dir/test_DiffPrimsAttributes.cpp.o
    [35/689] Building CXX object test/lib/usd/utils/CMakeFiles/testDiffPrims.dir/test_DiffPrimsRelations.cpp.o
    [36/689] Building CXX object test/lib/usd/utils/CMakeFiles/testDiffValues.dir/test_DiffValuesMatrices.cpp.o
    [37/689] Building CXX object lib/mayaUsd/CMakeFiles/mayaUsd.dir/fileio/importData.cpp.o
    [38/689] Building CXX object test/lib/usd/utils/CMakeFiles/testDiffValues.dir/test_DiffValues.cpp.o
    [39/689] Building CXX object test/lib/usd/utils/CMakeFiles/testDiffValues.dir/test_DiffValuesGeneric.cpp.o
    [40/689] Building CXX object lib/mayaUsd/CMakeFiles/mayaUsd.dir/commands/layerEditorWindowCommand.cpp.o
    [41/689] Building CXX object test/lib/usd/utils/CMakeFiles/testDiffValues.dir/test_DiffValuesIntVecs.cpp.o
    [42/689] Building CXX object test/lib/usd/utils/CMakeFiles/testDiffValues.dir/test_DiffValuesQuaternions.cpp.o
    [43/689] Building CXX object test/lib/usd/utils/CMakeFiles/testDiffValues.dir/test_DiffValuesArrays.cpp.o
    [44/689] Building CXX object lib/mayaUsd/CMakeFiles/mayaUsd.dir/commands/baseImportCommand.cpp.o
    [45/689] Building CXX object lib/mayaUsd/CMakeFiles/mayaUsd.dir/commands/baseExportCommand.cpp.o
    [46/689] Building CXX object test/lib/usd/utils/CMakeFiles/testDiffValues.dir/test_DiffValuesDoubleVecs.cpp.o
    [47/689] Building CXX object test/lib/usd/utils/CMakeFiles/testDiffValues.dir/test_DiffValuesHalfVecs.cpp.o
    [48/689] Building CXX object test/lib/usd/utils/CMakeFiles/testDiffValues.dir/test_DiffValuesFloatVecs.cpp.o
    [49/689] Building CXX object lib/mayaUsd/CMakeFiles/mayaUsd.dir/commands/baseListJobContextsCommand.cpp.o
    [50/689] Building CXX object lib/mayaUsd/CMakeFiles/mayaUsd.dir/fileio/jobContextRegistry.cpp.o
    [51/689] Building CXX object lib/mayaUsd/CMakeFiles/mayaUsd.dir/commands/editTargetCommand.cpp.o
    [52/689] Building CXX object lib/mayaUsd/CMakeFiles/mayaUsd.dir/fileio/functorPrimReader.cpp.o
    [53/689] Building CXX object lib/mayaUsd/CMakeFiles/mayaUsd.dir/commands/baseListShadingModesCommand.cpp.o
    [54/689] Building CXX object lib/mayaUsd/CMakeFiles/mayaUsd.dir/fileio/fallbackPrimReader.cpp.o
    [55/689] Building CXX object lib/mayaUsd/CMakeFiles/mayaUsd.dir/fileio/primReader.cpp.o
    [56/689] Building CXX object lib/mayaUsd/CMakeFiles/mayaUsd.dir/fileio/functorPrimWriter.cpp.o
    [57/689] Building CXX object lib/mayaUsd/CMakeFiles/mayaUsd.dir/fileio/primReaderArgs.cpp.o
    [58/689] Building CXX object lib/mayaUsd/CMakeFiles/mayaUsd.dir/fileio/primReaderContext.cpp.o
    [59/689] Building CXX object lib/mayaUsd/CMakeFiles/mayaUsd.dir/fileio/instancedNodeWriter.cpp.o
    [60/689] Building CXX object lib/mayaUsd/CMakeFiles/mayaUsd.dir/fileio/primWriterContext.cpp.o
    [61/689] Building CXX object lib/mayaUsd/CMakeFiles/mayaUsd.dir/fileio/primReaderRegistry.cpp.o
    [62/689] Building CXX object lib/mayaUsd/CMakeFiles/mayaUsd.dir/fileio/primWriterArgs.cpp.o
    [63/689] Building CXX object lib/mayaUsd/CMakeFiles/mayaUsd.dir/fileio/chaser/exportChaser.cpp.o
    [64/689] Building CXX object lib/mayaUsd/CMakeFiles/mayaUsd.dir/fileio/registryHelper.cpp.o
    [65/689] Building CXX object lib/mayaUsd/CMakeFiles/mayaUsd.dir/fileio/primWriterRegistry.cpp.o
    [66/689] Building CXX object lib/mayaUsd/CMakeFiles/mayaUsd.dir/fileio/primWriter.cpp.o
    [67/689] Building CXX object lib/mayaUsd/CMakeFiles/mayaUsd.dir/commands/layerEditorCommand.cpp.o
    [68/689] Building CXX object lib/mayaUsd/CMakeFiles/mayaUsd.dir/fileio/schemaApiAdaptor.cpp.o
    [69/689] Building CXX object lib/mayaUsd/CMakeFiles/mayaUsd.dir/fileio/shaderWriter.cpp.o
    [70/689] Building CXX object lib/mayaUsd/CMakeFiles/mayaUsd.dir/fileio/schemaApiAdaptorRegistry.cpp.o
    [71/689] Building CXX object lib/mayaUsd/CMakeFiles/mayaUsd.dir/fileio/shaderReader.cpp.o
    [72/689] Building CXX object lib/mayaUsd/CMakeFiles/mayaUsd.dir/fileio/shaderReaderRegistry.cpp.o
    [73/689] Building CXX object lib/mayaUsd/CMakeFiles/mayaUsd.dir/fileio/shaderWriterRegistry.cpp.o
    [74/689] Building CXX object lib/mayaUsd/CMakeFiles/mayaUsd.dir/fileio/chaser/exportChaserRegistry.cpp.o
    [75/689] Building CXX object lib/mayaUsd/CMakeFiles/mayaUsd.dir/fileio/chaser/importChaser.cpp.o
    [76/689] Building CXX object lib/mayaUsd/CMakeFiles/mayaUsd.dir/fileio/chaser/importChaserRegistry.cpp.o
    [77/689] Building CXX object lib/mayaUsd/CMakeFiles/mayaUsd.dir/fileio/transformWriter.cpp.o
    [78/689] Building CXX object lib/mayaUsd/CMakeFiles/mayaUsd.dir/fileio/writeJobContext.cpp.o
    [79/689] Building CXX object lib/mayaUsd/CMakeFiles/mayaUsd.dir/fileio/jobs/meshDataReadJob.cpp.o
    [80/689] Building CXX object lib/mayaUsd/CMakeFiles/mayaUsd.dir/fileio/jobs/modelKindProcessor.cpp.o
    [81/689] Building CXX object lib/mayaUsd/CMakeFiles/mayaUsd.dir/fileio/shading/shadingModeImporter.cpp.o
    [82/689] Building CXX object lib/mayaUsd/CMakeFiles/mayaUsd.dir/fileio/shading/shadingModeExporter.cpp.o
    [83/689] Building CXX object lib/mayaUsd/CMakeFiles/mayaUsd.dir/fileio/jobs/readJob.cpp.o
    [84/689] Building CXX object lib/mayaUsd/CMakeFiles/mayaUsd.dir/fileio/translators/skelBindingsProcessor.cpp.o
    [85/689] Building CXX object lib/mayaUsd/CMakeFiles/mayaUsd.dir/fileio/shading/shadingModeDisplayColor.cpp.o
    [86/689] Building CXX object lib/mayaUsd/CMakeFiles/mayaUsd.dir/fileio/jobs/jobArgs.cpp.o
    [87/689] Building CXX object lib/mayaUsd/CMakeFiles/mayaUsd.dir/fileio/jobs/writeJob.cpp.o
    [88/689] Building CXX object lib/mayaUsd/CMakeFiles/mayaUsd.dir/fileio/shading/shadingModeExporterContext.cpp.o
    [89/689] Building CXX object lib/mayaUsd/CMakeFiles/mayaUsd.dir/fileio/shading/symmetricShaderReader.cpp.o
    [90/689] Building CXX object lib/mayaUsd/CMakeFiles/mayaUsd.dir/fileio/shading/shadingModeRegistry.cpp.o
    [91/689] Building CXX object lib/mayaUsd/CMakeFiles/mayaUsd.dir/fileio/shading/shadingModePxrRis.cpp.o
    [92/689] Building CXX object lib/mayaUsd/CMakeFiles/mayaUsd.dir/fileio/shading/symmetricShaderWriter.cpp.o
    [93/689] Building CXX object lib/mayaUsd/CMakeFiles/mayaUsd.dir/fileio/shading/shadingModeUseRegistry.cpp.o
    [94/689] Building CXX object lib/mayaUsd/CMakeFiles/mayaUsd.dir/fileio/translators/translatorCurves.cpp.o
    [95/689] Building CXX object lib/mayaUsd/CMakeFiles/mayaUsd.dir/fileio/translators/translatorCamera.cpp.o
    [96/689] Building CXX object lib/mayaUsd/CMakeFiles/mayaUsd.dir/fileio/translators/translatorGprim.cpp.o
    [97/689] Building CXX object lib/mayaUsd/CMakeFiles/mayaUsd.dir/fileio/translators/translatorMayaReference.cpp.o
    [98/689] Building CXX object lib/mayaUsd/CMakeFiles/mayaUsd.dir/fileio/translators/translatorPrim.cpp.o
    [99/689] Building CXX object lib/mayaUsd/CMakeFiles/mayaUsd.dir/fileio/translators/translatorLight.cpp.o
    [100/689] Building CXX object lib/mayaUsd/CMakeFiles/mayaUsd.dir/fileio/translators/translatorNurbsPatch.cpp.o
    [101/689] Building CXX object lib/mayaUsd/CMakeFiles/mayaUsd.dir/fileio/translators/translatorMesh.cpp.o
    [102/689] Building CXX object lib/mayaUsd/CMakeFiles/mayaUsd.dir/fileio/translators/translatorMaterial.cpp.o
    [103/689] Building CXX object lib/mayaUsd/CMakeFiles/mayaUsd.dir/listeners/notice.cpp.o
    [104/689] Building CXX object lib/mayaUsd/CMakeFiles/mayaUsd.dir/fileio/translators/translatorXformable_decompose.cpp.o
    [105/689] Building CXX object lib/mayaUsd/CMakeFiles/mayaUsd.dir/fileio/translators/translatorUtil.cpp.o
    [106/689] Building CXX object lib/mayaUsd/CMakeFiles/mayaUsd.dir/fileio/translators/translatorXformable.cpp.o
    [107/689] Building CXX object lib/mayaUsd/CMakeFiles/mayaUsd.dir/fileio/translators/translatorSkel.cpp.o
    [108/689] Building CXX object lib/mayaUsd/CMakeFiles/mayaUsd.dir/fileio/translators/translatorRfMLight.cpp.o
    [109/689] Building CXX object lib/mayaUsd/CMakeFiles/mayaUsd.dir/fileio/utils/readUtil.cpp.o
    [110/689] Building CXX object lib/mayaUsd/CMakeFiles/mayaUsd.dir/fileio/utils/jointWriteUtils.cpp.o
    [111/689] Building CXX object lib/mayaUsd/CMakeFiles/mayaUsd.dir/fileio/utils/adaptor.cpp.o
    [112/689] Building CXX object lib/mayaUsd/CMakeFiles/mayaUsd.dir/fileio/utils/roundTripUtil.cpp.o
    [113/689] Building CXX object lib/mayaUsd/CMakeFiles/mayaUsd.dir/fileio/utils/meshReadUtils.cpp.o
    [114/689] Building CXX object lib/mayaUsd/CMakeFiles/mayaUsd.dir/listeners/proxyShapeNotice.cpp.o
    [115/689] Building CXX object lib/mayaUsd/CMakeFiles/mayaUsd.dir/listeners/stageNoticeListener.cpp.o
    [116/689] Building CXX object lib/mayaUsd/CMakeFiles/mayaUsd.dir/fileio/utils/meshWriteUtils.cpp.o
    [117/689] Building CXX object lib/mayaUsd/CMakeFiles/mayaUsd.dir/fileio/utils/userTaggedAttribute.cpp.o
    [118/689] Building CXX object lib/mayaUsd/CMakeFiles/mayaUsd.dir/nodes/hdImagingShape.cpp.o
    [119/689] Building CXX object lib/mayaUsd/CMakeFiles/mayaUsd.dir/render/px_vp20/glslProgram.cpp.o
    [120/689] Building CXX object lib/mayaUsd/CMakeFiles/mayaUsd.dir/fileio/utils/xformStack.cpp.o
    [121/689] Building CXX object lib/mayaUsd/CMakeFiles/mayaUsd.dir/render/pxrUsdMayaGL/debugCodes.cpp.o
    [122/689] Building CXX object lib/mayaUsd/CMakeFiles/mayaUsd.dir/nodes/pointBasedDeformerNode.cpp.o
    [123/689] Building CXX object lib/mayaUsd/CMakeFiles/mayaUsd.dir/python/moduleDeps.cpp.o
    [124/689] Building CXX object lib/mayaUsd/CMakeFiles/mayaUsd.dir/nodes/proxyShapeLoadRules.cpp.o
    [125/689] Building CXX object lib/mayaUsd/CMakeFiles/mayaUsd.dir/render/px_vp20/utils_legacy.cpp.o
    [126/689] Building CXX object lib/mayaUsd/CMakeFiles/mayaUsd.dir/fileio/utils/writeUtil.cpp.o
    [127/689] Building CXX object lib/mayaUsd/CMakeFiles/mayaUsd.dir/nodes/proxyAccessor.cpp.o
    [128/689] Building CXX object lib/mayaUsd/CMakeFiles/mayaUsd.dir/nodes/stageData.cpp.o
    [129/689] Building CXX object lib/mayaUsd/CMakeFiles/mayaUsd.dir/nodes/proxyShapePlugin.cpp.o
    [130/689] Building CXX object lib/mayaUsd/CMakeFiles/mayaUsd.dir/render/px_vp20/utils.cpp.o
    [131/689] Building CXX object lib/mayaUsd/CMakeFiles/mayaUsd.dir/nodes/usdPrimProvider.cpp.o
    [132/689] Building CXX object lib/mayaUsd/CMakeFiles/mayaUsd.dir/fileio/utils/shadingUtil.cpp.o
    [133/689] Building CXX object lib/mayaUsd/CMakeFiles/mayaUsd.dir/render/pxrUsdMayaGL/softSelectHelper.cpp.o
    [134/689] Building CXX object lib/mayaUsd/CMakeFiles/mayaUsd.dir/nodes/stageNode.cpp.o
    [135/689] Building CXX object lib/mayaUsd/CMakeFiles/mayaUsd.dir/render/pxrUsdMayaGL/userData.cpp.o
    [136/689] Building CXX object lib/mayaUsd/CMakeFiles/mayaUsd.dir/render/vp2RenderDelegate/bboxGeom.cpp.o
    [137/689] Building CXX object lib/mayaUsd/CMakeFiles/mayaUsd.dir/nodes/proxyShapeBase.cpp.o
    [138/689] Building CXX object lib/mayaUsd/CMakeFiles/mayaUsd.dir/render/vp2RenderDelegate/debugCodes.cpp.o
    [139/689] Building CXX object lib/mayaUsd/CMakeFiles/mayaUsd.dir/render/vp2RenderDelegate/extComputation.cpp.o
    [140/689] Building CXX object lib/mayaUsd/CMakeFiles/mayaUsd.dir/render/pxrUsdMayaGL/proxyShapeDelegate.cpp.o
    [141/689] Building CXX object lib/mayaUsd/CMakeFiles/mayaUsd.dir/nodes/layerManager.cpp.o
    [142/689] Building CXX object lib/mayaUsd/CMakeFiles/mayaUsd.dir/render/pxrUsdMayaGL/hdImagingShapeDrawOverride.cpp.o
    [143/689] Building CXX object lib/mayaUsd/CMakeFiles/mayaUsd.dir/render/pxrUsdMayaGL/hdImagingShapeUI.cpp.o
    [144/689] Building CXX object lib/mayaUsd/CMakeFiles/mayaUsd.dir/render/vp2RenderDelegate/draw_item.cpp.o
    [145/689] Building CXX object lib/mayaUsd/CMakeFiles/mayaUsd.dir/render/pxrUsdMayaGL/batchRenderer.cpp.o
    [146/689] Building CXX object lib/mayaUsd/CMakeFiles/mayaUsd.dir/render/pxrUsdMayaGL/shapeAdapter.cpp.o
    [147/689] Building CXX object lib/mayaUsd/CMakeFiles/mayaUsd.dir/render/pxrUsdMayaGL/proxyShapeUI.cpp.o
    [148/689] Building CXX object lib/mayaUsd/CMakeFiles/mayaUsd.dir/render/pxrUsdMayaGL/instancerImager.cpp.o
    [149/689] Building CXX object lib/mayaUsd/CMakeFiles/mayaUsd.dir/render/pxrUsdMayaGL/proxyDrawOverride.cpp.o
    [150/689] Building CXX object lib/mayaUsd/CMakeFiles/mayaUsd.dir/render/pxrUsdMayaGL/usdProxyShapeAdapter.cpp.o
    [151/689] Building CXX object lib/mayaUsd/CMakeFiles/mayaUsd.dir/render/vp2RenderDelegate/tokens.cpp.o
    [152/689] Building CXX object lib/mayaUsd/CMakeFiles/mayaUsd.dir/render/vp2RenderDelegate/shader.cpp.o
    [153/689] Building CXX object lib/mayaUsd/CMakeFiles/mayaUsd.dir/render/pxrUsdMayaGL/instancerShapeAdapter.cpp.o
    [154/689] Building CXX object lib/mayaUsd/CMakeFiles/mayaUsd.dir/render/pxrUsdMayaGL/sceneDelegate.cpp.o
    [155/689] Building CXX object lib/mayaUsd/CMakeFiles/mayaUsd.dir/render/vp2RenderDelegate/sampler.cpp.o
    [156/689] Building CXX object lib/mayaUsd/CMakeFiles/mayaUsd.dir/render/vp2RenderDelegate/instancer.cpp.o
    [157/689] Building CXX object lib/mayaUsd/CMakeFiles/mayaUsd.dir/render/vp2RenderDelegate/render_param.cpp.o
    [158/689] Building CXX object lib/mayaUsd/CMakeFiles/mayaUsd.dir/ufe/Global.cpp.o
    FAILED: lib/mayaUsd/CMakeFiles/mayaUsd.dir/ufe/Global.cpp.o
    /opt/rh/devtoolset-6/root/usr/bin/c++  -DBUILD_HDMAYA -DGLX_GLXEXT_PROTOTYPES -DGL_GLEXT_PROTOTYPES -DHAS_DEFAULT_MATERIAL_SUPPORT_API=1 -DLINUX -DMATERIALX_BUILD_SHARED_LIBS -DMAYAUSD_CORE_EXPORT -DMAYAUSD_MACROS_EXPORT -DMAYAUSD_VERSION=0.18.0 -DMAYA_ARRAY_ITERATOR_DIFFERENCE_TYPE_SUPPORT=1 -DMAYA_LIGHTAPI_VERSION_2=2 -DMAYA_MRENDERITEM_UFE_IDENTIFIER_SUPPORT=1 -DMAYA_NEW_POINT_SNAPPING_SUPPORT=1 -DMAYA_PY_VERSION=2 -DMAYA_UPDATE_UFE_IDENTIFIER_SUPPORT=1 -DMAYA_USD_VERSION=0.21.11 -DMFB_ALT_PACKAGE_NAME=\"mayaUsd\" -DMFB_PACKAGE_MODULE=\"mayaUsd\" -DMFB_PACKAGE_NAME=\"mayaUsd\" -DMaterialX_DIR=\"/local/S/jenkins/workspace/shared/Artifactory/Linux/USD/b45703f/lib/cmake/MaterialX\" -DPXR_PLUGINPATH_NAME=PXR_PLUGINPATH_NAME -DPXR_PYTHON_ENABLED=1 -DTBB_SUPPRESS_DEPRECATED_MESSAGES -DWANT_MATERIALX_BUILD -DWANT_QT_BUILD -DWANT_UFE_BUILD -D_GLIBCXX_USE_CXX11_ABI=0 -DmayaUsd_EXPORTS -I/local/S/jenkins/workspace/shared/Artifactory/Linux/rundev-2022/202204130615/runtime/f160bfb/runTime/include -I/local/S/jenkins/workspace/shared/Artifactory/Linux/rundev-2022/202204130615/runtime/f160bfb/devkitBase/devkit/ufe/include -Iinclude -I_deps/gulrak-src/include -isystem /local/S/jenkins/workspace/shared/Artifactory/Linux/USD/b45703f/include -isystem /local/S/jenkins/workspace/shared/Artifactory/Linux/rundev-2022/202204130615/runtime/f160bfb/runTime/include/Python27/Python -O2 -g -DNDEBUG -fPIC   -Wall -Werror -msse4.2 -Wno-deprecated -Wno-deprecated-declarations -Wno-unused-local-typedefs -std=c++14 -MD -MT lib/mayaUsd/CMakeFiles/mayaUsd.dir/ufe/Global.cpp.o -MF lib/mayaUsd/CMakeFiles/mayaUsd.dir/ufe/Global.cpp.o.d -o lib/mayaUsd/CMakeFiles/mayaUsd.dir/ufe/Global.cpp.o -c /home/S/jenkins/workspace/ecg-mayausd-branch-preflight-2022-linux/ecg-maya-usd/maya-usd/lib/mayaUsd/ufe/Global.cpp
    /home/S/jenkins/workspace/ecg-mayausd-branch-preflight-2022-linux/ecg-maya-usd/maya-usd/lib/mayaUsd/ufe/Global.cpp:28:43: fatal error: mayaUsd/ufe/MayaUIInfoHandler.h: No such file or directory
     #include <mayaUsd/ufe/MayaUIInfoHandler.h>
                                               ^
    compilation terminated.
    [159/689] Building CXX object lib/mayaUsd/CMakeFiles/mayaUsd.dir/render/MaterialXGenOgsXml/Nodes/SurfaceNodeMaya.cpp.o
    [160/689] Building CXX object lib/mayaUsd/CMakeFiles/mayaUsd.dir/render/vp2RenderDelegate/basisCurves.cpp.o
    [161/689] Building CXX object lib/mayaUsd/CMakeFiles/mayaUsd.dir/render/MaterialXGenOgsXml/OgsXmlGenerator.cpp.o
    [162/689] Building CXX object lib/mayaUsd/CMakeFiles/mayaUsd.dir/render/MaterialXGenOgsXml/GlslFragmentGenerator.cpp.o
    [163/689] Building CXX object lib/mayaUsd/CMakeFiles/mayaUsd.dir/render/vp2RenderDelegate/mayaPrimCommon.cpp.o
    [164/689] Building CXX object lib/mayaUsd/CMakeFiles/mayaUsd.dir/render/vp2RenderDelegate/meshViewportCompute.cpp.o
    [165/689] Building CXX object lib/mayaUsd/CMakeFiles/mayaUsd.dir/render/MaterialXGenOgsXml/OgsFragment.cpp.o
    [166/689] Building CXX object lib/mayaUsd/CMakeFiles/mayaUsd.dir/render/vp2ShaderFragments/shaderFragments.cpp.o
    [167/689] Building CXX object lib/mayaUsd/CMakeFiles/mayaUsd.dir/render/MaterialXGenOgsXml/PugiXML/pugixml.cpp.o
    [168/689] Building CXX object lib/mayaUsd/CMakeFiles/mayaUsd.dir/render/vp2RenderDelegate/render_delegate.cpp.o
    [169/689] Building CXX object lib/mayaUsd/CMakeFiles/mayaUsd.dir/ufe/ProxyShapeHandler.cpp.o
    [170/689] Building CXX object lib/mayaUsd/CMakeFiles/mayaUsd.dir/render/vp2RenderDelegate/points.cpp.o
    [171/689] Building CXX object lib/mayaUsd/CMakeFiles/mayaUsd.dir/render/vp2RenderDelegate/proxyRenderDelegate.cpp.o
    [172/689] Building CXX object lib/mayaUsd/CMakeFiles/mayaUsd.dir/render/vp2RenderDelegate/mesh.cpp.o
    [173/689] Building CXX object lib/mayaUsd/CMakeFiles/mayaUsd.dir/render/vp2RenderDelegate/material.cpp.o
    ninja: build stopped: subcommand failed.
    
        Building with settings:
          Source directory          /home/S/jenkins/workspace/ecg-mayausd-branch-preflight-2022-linux/ecg-maya-usd/maya-usd
          Workspace directory       /local/S/jenkins/workspace/ecg-mayausd-branch-preflight-2022-linux
          Build directory           /local/S/jenkins/workspace/ecg-mayausd-branch-preflight-2022-linux/build/RelWithDebInfo
          Install directory         /local/S/jenkins/workspace/ecg-mayausd-branch-preflight-2022-linux/install/RelWithDebInfo/MayaUSD
          Variant                   RelWithDebInfo
          Python Debug              Off
          CMake generator           Ninja
          Build arguments           ['-DCMAKE_MAKE_PROGRAM=/local/S/jenkins/workspace/shared/Artifactory/Linux/ninja/1.9.0/aca9939/ninja', '-DPYTHON_INCLUDE_DIR=/local/S/jenkins/workspace/shared/Artifactory/Linux/rundev-2022/202204130615/runtime/f160bfb/runTime/include/Python27/Python', '-DPython_EXECUTABLE=/local/S/jenkins/workspace/shared/Artifactory/Linux/rundev-2022/202204130615/runtime/f160bfb/runTime/bin/mayapy2', '-DPYTHON_LIBRARIES=/local/S/jenkins/workspace/shared/Artifactory/Linux/rundev-2022/202204130615/runtime/f160bfb/runTime/lib/libpython2.7.so.1.0', '-DMAYAUSD_TO_USD_RELATIVE_PATH=../USD', '-DUSD_LIB_PREFIX=lib', '-DCMAKE_WANT_MATERIALX_BUILD=ON', '-DCMAKE_PREFIX_PATH=/local/S/jenkins/workspace/shared/Artifactory/Linux/USD/b45703f']
          Stages arguments          ['build']
          CTest arguments           ['-E testUsdReferenceAssemblySelection|testUsdMayaAppDir', '-LE interactive', '--parallel 16']
    #####################################################################################
    log date: 2022-04-14 08:58
    commit sha: bda7237efa049e784cb3a8b9c3b65d3286fa0d29
    commit date: Thu Apr 14 08:57:43 2022 -0700
    #####################################################################################
    
    cmake --build . --config RelWithDebInfo  -- -j16
    
    Traceback (most recent call last):
      File "/home/S/jenkins/workspace/ecg-mayausd-branch-preflight-2022-linux/ecg-maya-usd/maya-usd/build.py", line 602, in <module>
        BuildAndInstall(context, context.buildArgs, context.stagesArgs)
      File "/home/S/jenkins/workspace/ecg-mayausd-branch-preflight-2022-linux/ecg-maya-usd/maya-usd/build.py", line 371, in BuildAndInstall
        RunCMake(context, extraArgs, stagesArgs)
      File "/home/S/jenkins/workspace/ecg-mayausd-branch-preflight-2022-linux/ecg-maya-usd/maya-usd/build.py", line 287, in RunCMake
        multiproc=FormatMultiProcs(context.numJobs, generator)))
      File "/home/S/jenkins/workspace/ecg-mayausd-branch-preflight-2022-linux/ecg-maya-usd/maya-usd/build.py", line 165, in Run
        .format(cmd=cmd, log=os.path.abspath(context.logFileLocation)))
    RuntimeError: Failed to run 'cmake --build . --config RelWithDebInfo  -- -j16'
    See /local/S/jenkins/workspace/ecg-mayausd-branch-preflight-2022-linux/build/RelWithDebInfo/build_log.txt for more details.
build.py: error: Command failed with error code: 1
[Pipeline] }
[Pipeline] // withEnv
[Pipeline] }
[Pipeline] // stage
[Pipeline] }
[Pipeline] // timestamps
[Pipeline] }
[Pipeline] // timeout
[Pipeline] emailextrecipients
[Pipeline] isUnix
[Pipeline] echo
Sending notification via SendGrid.
Sending email to pierre.tremblay@autodesk.com
[Pipeline] withCredentials
[Pipeline] {
[Pipeline] sh
[ecg-mayausd-branch-preflight-2022-linux] Running shell script
[Pipeline] }
[Pipeline] // withCredentials
[Pipeline] }
[Pipeline] // node
[Pipeline] End of Pipeline
ERROR: script returned exit code 1
Finished: FAILURE
