================================================================================
                             setup (RelWithDebInfo)
================================================================================
[Pipeline] }
[Pipeline] // withEnv
[Pipeline] }
[Pipeline] // stage
[Pipeline] }
[Pipeline] // timestamps
[Pipeline] }
[Pipeline] // timeout
[Pipeline] timeout
Timeout set to expire in 6 hr 0 min
[Pipeline] {
[Pipeline] timestamps
[Pipeline] {
[Pipeline] stage
[Pipeline] { (Clean)
[Pipeline] withEnv
[Pipeline] {
[Pipeline] sh
[ecg-mayausd-branch-preflight-2020-pxrusd-mid1-osx] Running shell script
+ python ecg-maya-usd/build.py --stages=clean --workspace-dir=/local/S/jenkins/workspace/ecg-mayausd-branch-preflight-2020-pxrusd-mid1-osx --artifactory-dir=/local/S/jenkins/workspace/shared/Artifactory --build-dir=/local/S/jenkins/workspace/ecg-mayausd-branch-preflight-2020-pxrusd-mid1-osx/build --install-dir=/local/S/jenkins/workspace/ecg-mayausd-branch-preflight-2020-pxrusd-mid1-osx/install --signing-dir=/local/S/jenkins/workspace/ecg-mayausd-branch-preflight-2020-pxrusd-mid1-osx/signing --package-dir=/local/S/jenkins/workspace/ecg-mayausd-branch-preflight-2020-pxrusd-mid1-osx/package --output-dir=/local/S/jenkins/workspace/ecg-mayausd-branch-preflight-2020-pxrusd-mid1-osx/output --stash-dir=/local/S/jenkins/workspace/ecg-mayausd-branch-preflight-2020-pxrusd-mid1-osx/stash --jenkins-build=826 --git-commit=9d5802f6d92fab88d411b0a8c8f7003992929786 --git-branch=master --variants=RelWithDebInfo --python=2.7 --pxrusd-version=0.21.05-gold --post-zips=true --maya-cut-config=maya-rundev-2020.yaml --stage-banner
Using Maya cut from /local/S/jenkins/workspace/shared/Artifactory/OSX/rundev-2020/202107140359/runtime/446214e

================================================================================
                             clean (RelWithDebInfo)
================================================================================
Maya Python RelWithDebInfo Info:
  mayapy executable   = /local/S/jenkins/workspace/shared/Artifactory/OSX/rundev-2020/202107140359/runtime/446214e/runTime/Maya.app/Contents/bin/mayapy
  Include Folder      = /local/S/jenkins/workspace/shared/Artifactory/OSX/rundev-2020/202107140359/runtime/446214e/runTime/Maya.app/Contents/Frameworks/Python.framework/Versions/Current/include/python2.7
  Library             = /local/S/jenkins/workspace/shared/Artifactory/OSX/rundev-2020/202107140359/runtime/446214e/runTime/Maya.app/Contents/Frameworks/Python.framework/Versions/Current/lib/libpython2.7.dylib
  site-package Folder = /local/S/jenkins/workspace/shared/Artifactory/OSX/rundev-2020/202107140359/runtime/446214e/runTime/Maya.app/Contents/Frameworks/Python.framework/Versions/Current/lib/python2.7/site-packages
In workdir: /local/S/jenkins/workspace/ecg-mayausd-branch-preflight-2020-pxrusd-mid1-osx/ecg-maya-usd/maya-usd
Executing: /local/S/jenkins/workspace/shared/Artifactory/OSX/rundev-2020/202107140359/runtime/446214e/runTime/Maya.app/Contents/bin/mayapy /local/S/jenkins/workspace/ecg-mayausd-branch-preflight-2020-pxrusd-mid1-osx/ecg-maya-usd/maya-usd/build.py --generator Ninja --build-relwithdebug --maya-location /local/S/jenkins/workspace/shared/Artifactory/OSX/rundev-2020/202107140359/runtime/446214e/runTime --devkit-location /local/S/jenkins/workspace/shared/Artifactory/OSX/rundev-2020/202107140359/runtime/446214e/devkitBase --pxrusd-location /local/S/jenkins/workspace/shared/Artifactory/OSX/USD/cae4017 --qt-location /local/S/jenkins/workspace/shared/Artifactory/OSX/qt/5.12.5/3ca78fe --build-args=-DCMAKE_MAKE_PROGRAM=/local/S/jenkins/workspace/shared/Artifactory/OSX/ninja/1.9.0/41005eb/ninja,-DPYTHON_INCLUDE_DIR=/local/S/jenkins/workspace/shared/Artifactory/OSX/rundev-2020/202107140359/runtime/446214e/runTime/Maya.app/Contents/Frameworks/Python.framework/Versions/Current/include/python2.7,-DPython_EXECUTABLE=/local/S/jenkins/workspace/shared/Artifactory/OSX/rundev-2020/202107140359/runtime/446214e/runTime/Maya.app/Contents/bin/mayapy,-DPYTHON_LIBRARIES=/local/S/jenkins/workspace/shared/Artifactory/OSX/rundev-2020/202107140359/runtime/446214e/runTime/Maya.app/Contents/Frameworks/Python.framework/Versions/Current/lib/libpython2.7.dylib,-DMAYAUSD_TO_USD_RELATIVE_PATH=../USD,-DCMAKE_WANT_MATERIALX_BUILD=ON,-DCMAKE_PREFIX_PATH=/local/S/jenkins/workspace/shared/Artifactory/OSX/USD/cae4017 '--ctest-args=-E testUsdReferenceAssemblySelection|testUsdMayaAppDir|TestALUSDMayaPython_LayerManager|testUsdExportAsClip,-LE interactive,--parallel 4' --stages=clean --redirect-outstream-file=False --install-location /local/S/jenkins/workspace/ecg-mayausd-branch-preflight-2020-pxrusd-mid1-osx/install/RelWithDebInfo/MayaUSD /local/S/jenkins/workspace/ecg-mayausd-branch-preflight-2020-pxrusd-mid1-osx
Modified environment variables:
    PATH=/local/S/jenkins/workspace/shared/Artifactory/OSX/cmake/3.14.4/e159059/bin:/usr/local/bin:/bin:/usr/sbin:/sbin:/usr/bin
    
        Building with settings:
          Source directory          /local/S/jenkins/workspace/ecg-mayausd-branch-preflight-2020-pxrusd-mid1-osx/ecg-maya-usd/maya-usd
          Workspace directory       /local/S/jenkins/workspace/ecg-mayausd-branch-preflight-2020-pxrusd-mid1-osx
          Build directory           /local/S/jenkins/workspace/ecg-mayausd-branch-preflight-2020-pxrusd-mid1-osx/build/RelWithDebInfo
          Install directory         /local/S/jenkins/workspace/ecg-mayausd-branch-preflight-2020-pxrusd-mid1-osx/install/RelWithDebInfo/MayaUSD
          Variant                   RelWithDebInfo
          Python Debug              Off
          CMake generator           Ninja
          Build arguments           ['-DCMAKE_MAKE_PROGRAM=/local/S/jenkins/workspace/shared/Artifactory/OSX/ninja/1.9.0/41005eb/ninja', '-DPYTHON_INCLUDE_DIR=/local/S/jenkins/workspace/shared/Artifactory/OSX/rundev-2020/202107140359/runtime/446214e/runTime/Maya.app/Contents/Frameworks/Python.framework/Versions/Current/include/python2.7', '-DPython_EXECUTABLE=/local/S/jenkins/workspace/shared/Artifactory/OSX/rundev-2020/202107140359/runtime/446214e/runTime/Maya.app/Contents/bin/mayapy', '-DPYTHON_LIBRARIES=/local/S/jenkins/workspace/shared/Artifactory/OSX/rundev-2020/202107140359/runtime/446214e/runTime/Maya.app/Contents/Frameworks/Python.framework/Versions/Current/lib/libpython2.7.dylib', '-DMAYAUSD_TO_USD_RELATIVE_PATH=../USD', '-DCMAKE_WANT_MATERIALX_BUILD=ON', '-DCMAKE_PREFIX_PATH=/local/S/jenkins/workspace/shared/Artifactory/OSX/USD/cae4017']
          Stages arguments          ['clean']
          CTest arguments           ['-E testUsdReferenceAssemblySelection|testUsdMayaAppDir|TestALUSDMayaPython_LayerManager|testUsdExportAsClip', '-LE interactive', '--parallel 4']
    Success MayaUSD build and install !!!!
    Elapsed time: 00:00:00
[Pipeline] }
[Pipeline] // withEnv
[Pipeline] }
[Pipeline] // stage
[Pipeline] }
[Pipeline] // timestamps
[Pipeline] }
[Pipeline] // timeout
[Pipeline] timeout
Timeout set to expire in 6 hr 0 min
[Pipeline] {
[Pipeline] timestamps
[Pipeline] {
[Pipeline] stage
[Pipeline] { (Configure)
[Pipeline] withEnv
[Pipeline] {
[Pipeline] sh
[ecg-mayausd-branch-preflight-2020-pxrusd-mid1-osx] Running shell script
+ python ecg-maya-usd/build.py --stages=configure --workspace-dir=/local/S/jenkins/workspace/ecg-mayausd-branch-preflight-2020-pxrusd-mid1-osx --artifactory-dir=/local/S/jenkins/workspace/shared/Artifactory --build-dir=/local/S/jenkins/workspace/ecg-mayausd-branch-preflight-2020-pxrusd-mid1-osx/build --install-dir=/local/S/jenkins/workspace/ecg-mayausd-branch-preflight-2020-pxrusd-mid1-osx/install --signing-dir=/local/S/jenkins/workspace/ecg-mayausd-branch-preflight-2020-pxrusd-mid1-osx/signing --package-dir=/local/S/jenkins/workspace/ecg-mayausd-branch-preflight-2020-pxrusd-mid1-osx/package --output-dir=/local/S/jenkins/workspace/ecg-mayausd-branch-preflight-2020-pxrusd-mid1-osx/output --stash-dir=/local/S/jenkins/workspace/ecg-mayausd-branch-preflight-2020-pxrusd-mid1-osx/stash --jenkins-build=826 --git-commit=9d5802f6d92fab88d411b0a8c8f7003992929786 --git-branch=master --variants=RelWithDebInfo --python=2.7 --pxrusd-version=0.21.05-gold --post-zips=true --maya-cut-config=maya-rundev-2020.yaml --stage-banner
Using Maya cut from /local/S/jenkins/workspace/shared/Artifactory/OSX/rundev-2020/202107140359/runtime/446214e

================================================================================
                           configure (RelWithDebInfo)
================================================================================
Maya Python RelWithDebInfo Info:
  mayapy executable   = /local/S/jenkins/workspace/shared/Artifactory/OSX/rundev-2020/202107140359/runtime/446214e/runTime/Maya.app/Contents/bin/mayapy
  Include Folder      = /local/S/jenkins/workspace/shared/Artifactory/OSX/rundev-2020/202107140359/runtime/446214e/runTime/Maya.app/Contents/Frameworks/Python.framework/Versions/Current/include/python2.7
  Library             = /local/S/jenkins/workspace/shared/Artifactory/OSX/rundev-2020/202107140359/runtime/446214e/runTime/Maya.app/Contents/Frameworks/Python.framework/Versions/Current/lib/libpython2.7.dylib
  site-package Folder = /local/S/jenkins/workspace/shared/Artifactory/OSX/rundev-2020/202107140359/runtime/446214e/runTime/Maya.app/Contents/Frameworks/Python.framework/Versions/Current/lib/python2.7/site-packages
In workdir: /local/S/jenkins/workspace/ecg-mayausd-branch-preflight-2020-pxrusd-mid1-osx/ecg-maya-usd/maya-usd
Executing: /local/S/jenkins/workspace/shared/Artifactory/OSX/rundev-2020/202107140359/runtime/446214e/runTime/Maya.app/Contents/bin/mayapy /local/S/jenkins/workspace/ecg-mayausd-branch-preflight-2020-pxrusd-mid1-osx/ecg-maya-usd/maya-usd/build.py --generator Ninja --build-relwithdebug --maya-location /local/S/jenkins/workspace/shared/Artifactory/OSX/rundev-2020/202107140359/runtime/446214e/runTime --devkit-location /local/S/jenkins/workspace/shared/Artifactory/OSX/rundev-2020/202107140359/runtime/446214e/devkitBase --pxrusd-location /local/S/jenkins/workspace/shared/Artifactory/OSX/USD/cae4017 --qt-location /local/S/jenkins/workspace/shared/Artifactory/OSX/qt/5.12.5/3ca78fe --build-args=-DCMAKE_MAKE_PROGRAM=/local/S/jenkins/workspace/shared/Artifactory/OSX/ninja/1.9.0/41005eb/ninja,-DPYTHON_INCLUDE_DIR=/local/S/jenkins/workspace/shared/Artifactory/OSX/rundev-2020/202107140359/runtime/446214e/runTime/Maya.app/Contents/Frameworks/Python.framework/Versions/Current/include/python2.7,-DPython_EXECUTABLE=/local/S/jenkins/workspace/shared/Artifactory/OSX/rundev-2020/202107140359/runtime/446214e/runTime/Maya.app/Contents/bin/mayapy,-DPYTHON_LIBRARIES=/local/S/jenkins/workspace/shared/Artifactory/OSX/rundev-2020/202107140359/runtime/446214e/runTime/Maya.app/Contents/Frameworks/Python.framework/Versions/Current/lib/libpython2.7.dylib,-DMAYAUSD_TO_USD_RELATIVE_PATH=../USD,-DCMAKE_WANT_MATERIALX_BUILD=ON,-DCMAKE_PREFIX_PATH=/local/S/jenkins/workspace/shared/Artifactory/OSX/USD/cae4017 '--ctest-args=-E testUsdReferenceAssemblySelection|testUsdMayaAppDir|TestALUSDMayaPython_LayerManager|testUsdExportAsClip,-LE interactive,--parallel 4' --stages=configure --redirect-outstream-file=False --install-location /local/S/jenkins/workspace/ecg-mayausd-branch-preflight-2020-pxrusd-mid1-osx/install/RelWithDebInfo/MayaUSD /local/S/jenkins/workspace/ecg-mayausd-branch-preflight-2020-pxrusd-mid1-osx
Modified environment variables:
    PATH=/local/S/jenkins/workspace/shared/Artifactory/OSX/cmake/3.14.4/e159059/bin:/usr/local/bin:/bin:/usr/sbin:/sbin:/usr/bin
    -- The C compiler identification is AppleClang 10.0.1.10010046
    -- The CXX compiler identification is AppleClang 10.0.1.10010046
    -- Check for working C compiler: /Applications/Xcode.app/Contents/Developer/Toolchains/XcodeDefault.xctoolchain/usr/bin/cc
    -- Check for working C compiler: /Applications/Xcode.app/Contents/Developer/Toolchains/XcodeDefault.xctoolchain/usr/bin/cc -- works
    -- Detecting C compiler ABI info
    -- Detecting C compiler ABI info - done
    -- Detecting C compile features
    -- Detecting C compile features - done
    -- Check for working CXX compiler: /Applications/Xcode.app/Contents/Developer/Toolchains/XcodeDefault.xctoolchain/usr/bin/c++
    -- Check for working CXX compiler: /Applications/Xcode.app/Contents/Developer/Toolchains/XcodeDefault.xctoolchain/usr/bin/c++ -- works
    -- Detecting CXX compiler ABI info
    -- Detecting CXX compiler ABI info - done
    -- Detecting CXX compile features
    -- Detecting CXX compile features - done
    -- Using Maya Light API Version 1
    -- Found Maya: /local/S/jenkins/workspace/shared/Artifactory/OSX/rundev-2020/202107140359/runtime/446214e/runTime/maya.app/Contents/MacOS/Maya (found suitable version "2020", minimum required is "2018")
    -- Found Python: /local/S/jenkins/workspace/shared/Artifactory/OSX/rundev-2020/202107140359/runtime/446214e/runTime/Maya.app/Contents/bin/mayapy (found suitable exact version "2.7.15") found components:  Interpreter
    -- Build MayaUSD with Python3 = OFF
    --    PYTHON_INCLUDE_DIRS = /local/S/jenkins/workspace/shared/Artifactory/OSX/rundev-2020/202107140359/runtime/446214e/runTime/Maya.app/Contents/Frameworks/Python.framework/Versions/Current/include/python2.7
    --    PYTHON_LIBRARIES    = /local/S/jenkins/workspace/shared/Artifactory/OSX/rundev-2020/202107140359/runtime/446214e/runTime/Maya.app/Contents/Frameworks/Python.framework/Versions/Current/lib/libpython2.7.dylib
    --    Python_EXECUTABLE   = /local/S/jenkins/workspace/shared/Artifactory/OSX/rundev-2020/202107140359/runtime/446214e/runTime/Maya.app/Contents/bin/mayapy
    -- USD include dir: /local/S/jenkins/workspace/shared/Artifactory/OSX/USD/cae4017/include
    -- USD library dir: /local/S/jenkins/workspace/shared/Artifactory/OSX/USD/cae4017/lib
    -- USD version: 0.21.05
    -- Found USD: /local/S/jenkins/workspace/shared/Artifactory/OSX/USD/cae4017 (found suitable version "0.21.05", minimum required is "0.20.05")
    CMake Warning at CMakeLists.txt:109 (message):
      Disabling MaterialX VP2 rendering: it is not supported by this USD package.
    
    
    Updated PYTHONPATH: /local/S/jenkins/workspace/shared/Artifactory/OSX/USD/cae4017/lib/python
    -- UFE include dir: /local/S/jenkins/workspace/shared/Artifactory/OSX/rundev-2020/202107140359/runtime/446214e/devkitBase/devkit/ufe/include
    -- UFE library: /local/S/jenkins/workspace/shared/Artifactory/OSX/rundev-2020/202107140359/runtime/446214e/devkitBase/devkit/ufe/lib/libufe_1.dylib
    -- UFE version: 1.0.0
    -- Building with UFE 1.0.0 features enabled.
    -- Building with Qt features enabled.
    -- **** Building Gulrak From Github Repository.
    -- Populating gulrak
    -- Configuring done
    -- Generating done
    -- Build files have been written to: /local/S/jenkins/workspace/ecg-mayausd-branch-preflight-2020-pxrusd-mid1-osx/build/RelWithDebInfo/_deps/gulrak-subbuild
    [1/9] Creating directories for 'gulrak-populate'
    [1/9] Performing download step (git clone) for 'gulrak-populate'
    Cloning into 'gulrak-src'...
    HEAD is now at 4e21ab3 Version bump and updated readme.
    [2/9] Performing update step for 'gulrak-populate'
    [3/9] No patch step for 'gulrak-populate'
    [5/9] No configure step for 'gulrak-populate'
    [6/9] No build step for 'gulrak-populate'
    [7/9] No install step for 'gulrak-populate'
    [8/9] No test step for 'gulrak-populate'
    [9/9] Completed 'gulrak-populate'
    -- ========== Installing GoogleTest... ==========
    -- Configuring done
    -- Generating done
    -- Build files have been written to: /local/S/jenkins/workspace/ecg-mayausd-branch-preflight-2020-pxrusd-mid1-osx/build/RelWithDebInfo/googletest-config
    [1/8] Creating directories for 'googletest'
    [2/8] Performing download step (git clone) for 'googletest'
    Cloning into 'googletest-src'...
    HEAD is now at 703bd9ca Googletest export
    [3/8] No patch step for 'googletest'
    [4/8] Performing update step for 'googletest'
    [5/8] Performing configure step for 'googletest'
    -- The C compiler identification is AppleClang 10.0.1.10010046
    -- The CXX compiler identification is AppleClang 10.0.1.10010046
    -- Check for working C compiler: /Applications/Xcode.app/Contents/Developer/Toolchains/XcodeDefault.xctoolchain/usr/bin/cc
    -- Check for working C compiler: /Applications/Xcode.app/Contents/Developer/Toolchains/XcodeDefault.xctoolchain/usr/bin/cc -- works
    -- Detecting C compiler ABI info
    -- Detecting C compiler ABI info - done
    -- Detecting C compile features
    -- Detecting C compile features - done
    -- Check for working CXX compiler: /Applications/Xcode.app/Contents/Developer/Toolchains/XcodeDefault.xctoolchain/usr/bin/c++
    -- Check for working CXX compiler: /Applications/Xcode.app/Contents/Developer/Toolchains/XcodeDefault.xctoolchain/usr/bin/c++ -- works
    -- Detecting CXX compiler ABI info
    -- Detecting CXX compiler ABI info - done
    -- Detecting CXX compile features
    -- Detecting CXX compile features - done
    -- Found PythonInterp: /usr/local/bin/python (found version "2.7.15")
    -- Looking for pthread.h
    -- Looking for pthread.h - found
    -- Looking for pthread_create
    -- Looking for pthread_create - found
    -- Found Threads: TRUE
    -- Configuring done
    -- Generating done
    -- Build files have been written to: /local/S/jenkins/workspace/ecg-mayausd-branch-preflight-2020-pxrusd-mid1-osx/build/RelWithDebInfo/googletest-build
    [6/8] Performing build step for 'googletest'
    [1/8] Building CXX object googletest/CMakeFiles/gtest_main.dir/src/gtest_main.cc.o
    [2/8] Building CXX object googlemock/CMakeFiles/gmock_main.dir/src/gmock_main.cc.o
    [3/8] Building CXX object googlemock/CMakeFiles/gmock.dir/src/gmock-all.cc.o
    [4/8] Building CXX object googletest/CMakeFiles/gtest.dir/src/gtest-all.cc.o
    [5/8] Linking CXX shared library lib/libgtest.dylib
    [6/8] Linking CXX shared library lib/libgtest_main.dylib
    [7/8] Linking CXX shared library lib/libgmock.dylib
    [8/8] Linking CXX shared library lib/libgmock_main.dylib
    [7/8] Performing install step for 'googletest'
    [0/1] Install the project...
    -- Install configuration: "RelWithDebInfo"
    -- Installing: /local/S/jenkins/workspace/ecg-mayausd-branch-preflight-2020-pxrusd-mid1-osx/build/RelWithDebInfo/googletest-install/include
    -- Installing: /local/S/jenkins/workspace/ecg-mayausd-branch-preflight-2020-pxrusd-mid1-osx/build/RelWithDebInfo/googletest-install/include/gmock
    -- Installing: /local/S/jenkins/workspace/ecg-mayausd-branch-preflight-2020-pxrusd-mid1-osx/build/RelWithDebInfo/googletest-install/include/gmock/gmock-actions.h
    -- Installing: /local/S/jenkins/workspace/ecg-mayausd-branch-preflight-2020-pxrusd-mid1-osx/build/RelWithDebInfo/googletest-install/include/gmock/gmock-cardinalities.h
    -- Installing: /local/S/jenkins/workspace/ecg-mayausd-branch-preflight-2020-pxrusd-mid1-osx/build/RelWithDebInfo/googletest-install/include/gmock/gmock-function-mocker.h
    -- Installing: /local/S/jenkins/workspace/ecg-mayausd-branch-preflight-2020-pxrusd-mid1-osx/build/RelWithDebInfo/googletest-install/include/gmock/gmock-generated-actions.h
    -- Installing: /local/S/jenkins/workspace/ecg-mayausd-branch-preflight-2020-pxrusd-mid1-osx/build/RelWithDebInfo/googletest-install/include/gmock/gmock-generated-actions.h.pump
    -- Installing: /local/S/jenkins/workspace/ecg-mayausd-branch-preflight-2020-pxrusd-mid1-osx/build/RelWithDebInfo/googletest-install/include/gmock/gmock-generated-function-mockers.h
    -- Installing: /local/S/jenkins/workspace/ecg-mayausd-branch-preflight-2020-pxrusd-mid1-osx/build/RelWithDebInfo/googletest-install/include/gmock/gmock-generated-function-mockers.h.pump
    -- Installing: /local/S/jenkins/workspace/ecg-mayausd-branch-preflight-2020-pxrusd-mid1-osx/build/RelWithDebInfo/googletest-install/include/gmock/gmock-generated-matchers.h
    -- Installing: /local/S/jenkins/workspace/ecg-mayausd-branch-preflight-2020-pxrusd-mid1-osx/build/RelWithDebInfo/googletest-install/include/gmock/gmock-generated-matchers.h.pump
    -- Installing: /local/S/jenkins/workspace/ecg-mayausd-branch-preflight-2020-pxrusd-mid1-osx/build/RelWithDebInfo/googletest-install/include/gmock/gmock-matchers.h
    -- Installing: /local/S/jenkins/workspace/ecg-mayausd-branch-preflight-2020-pxrusd-mid1-osx/build/RelWithDebInfo/googletest-install/include/gmock/gmock-more-actions.h
    -- Installing: /local/S/jenkins/workspace/ecg-mayausd-branch-preflight-2020-pxrusd-mid1-osx/build/RelWithDebInfo/googletest-install/include/gmock/gmock-more-matchers.h
    -- Installing: /local/S/jenkins/workspace/ecg-mayausd-branch-preflight-2020-pxrusd-mid1-osx/build/RelWithDebInfo/googletest-install/include/gmock/gmock-nice-strict.h
    -- Installing: /local/S/jenkins/workspace/ecg-mayausd-branch-preflight-2020-pxrusd-mid1-osx/build/RelWithDebInfo/googletest-install/include/gmock/gmock-spec-builders.h
    -- Installing: /local/S/jenkins/workspace/ecg-mayausd-branch-preflight-2020-pxrusd-mid1-osx/build/RelWithDebInfo/googletest-install/include/gmock/gmock.h
    -- Installing: /local/S/jenkins/workspace/ecg-mayausd-branch-preflight-2020-pxrusd-mid1-osx/build/RelWithDebInfo/googletest-install/include/gmock/internal
    -- Installing: /local/S/jenkins/workspace/ecg-mayausd-branch-preflight-2020-pxrusd-mid1-osx/build/RelWithDebInfo/googletest-install/include/gmock/internal/custom
    -- Installing: /local/S/jenkins/workspace/ecg-mayausd-branch-preflight-2020-pxrusd-mid1-osx/build/RelWithDebInfo/googletest-install/include/gmock/internal/custom/gmock-generated-actions.h
    -- Installing: /local/S/jenkins/workspace/ecg-mayausd-branch-preflight-2020-pxrusd-mid1-osx/build/RelWithDebInfo/googletest-install/include/gmock/internal/custom/gmock-generated-actions.h.pump
    -- Installing: /local/S/jenkins/workspace/ecg-mayausd-branch-preflight-2020-pxrusd-mid1-osx/build/RelWithDebInfo/googletest-install/include/gmock/internal/custom/gmock-matchers.h
    -- Installing: /local/S/jenkins/workspace/ecg-mayausd-branch-preflight-2020-pxrusd-mid1-osx/build/RelWithDebInfo/googletest-install/include/gmock/internal/custom/gmock-port.h
    -- Installing: /local/S/jenkins/workspace/ecg-mayausd-branch-preflight-2020-pxrusd-mid1-osx/build/RelWithDebInfo/googletest-install/include/gmock/internal/custom/README.md
    -- Installing: /local/S/jenkins/workspace/ecg-mayausd-branch-preflight-2020-pxrusd-mid1-osx/build/RelWithDebInfo/googletest-install/include/gmock/internal/gmock-internal-utils.h
    -- Installing: /local/S/jenkins/workspace/ecg-mayausd-branch-preflight-2020-pxrusd-mid1-osx/build/RelWithDebInfo/googletest-install/include/gmock/internal/gmock-port.h
    -- Installing: /local/S/jenkins/workspace/ecg-mayausd-branch-preflight-2020-pxrusd-mid1-osx/build/RelWithDebInfo/googletest-install/include/gmock/internal/gmock-pp.h
    -- Installing: /local/S/jenkins/workspace/ecg-mayausd-branch-preflight-2020-pxrusd-mid1-osx/build/RelWithDebInfo/googletest-install/lib/libgmock.dylib
    -- Installing: /local/S/jenkins/workspace/ecg-mayausd-branch-preflight-2020-pxrusd-mid1-osx/build/RelWithDebInfo/googletest-install/lib/libgmock_main.dylib
    -- Installing: /local/S/jenkins/workspace/ecg-mayausd-branch-preflight-2020-pxrusd-mid1-osx/build/RelWithDebInfo/googletest-install/lib/pkgconfig/gmock.pc
    -- Installing: /local/S/jenkins/workspace/ecg-mayausd-branch-preflight-2020-pxrusd-mid1-osx/build/RelWithDebInfo/googletest-install/lib/pkgconfig/gmock_main.pc
    -- Installing: /local/S/jenkins/workspace/ecg-mayausd-branch-preflight-2020-pxrusd-mid1-osx/build/RelWithDebInfo/googletest-install/lib/cmake/GTest/GTestTargets.cmake
    -- Installing: /local/S/jenkins/workspace/ecg-mayausd-branch-preflight-2020-pxrusd-mid1-osx/build/RelWithDebInfo/googletest-install/lib/cmake/GTest/GTestTargets-relwithdebinfo.cmake
    -- Installing: /local/S/jenkins/workspace/ecg-mayausd-branch-preflight-2020-pxrusd-mid1-osx/build/RelWithDebInfo/googletest-install/lib/cmake/GTest/GTestConfigVersion.cmake
    -- Installing: /local/S/jenkins/workspace/ecg-mayausd-branch-preflight-2020-pxrusd-mid1-osx/build/RelWithDebInfo/googletest-install/lib/cmake/GTest/GTestConfig.cmake
    -- Up-to-date: /local/S/jenkins/workspace/ecg-mayausd-branch-preflight-2020-pxrusd-mid1-osx/build/RelWithDebInfo/googletest-install/include
    -- Installing: /local/S/jenkins/workspace/ecg-mayausd-branch-preflight-2020-pxrusd-mid1-osx/build/RelWithDebInfo/googletest-install/include/gtest
    -- Installing: /local/S/jenkins/workspace/ecg-mayausd-branch-preflight-2020-pxrusd-mid1-osx/build/RelWithDebInfo/googletest-install/include/gtest/gtest-death-test.h
    -- Installing: /local/S/jenkins/workspace/ecg-mayausd-branch-preflight-2020-pxrusd-mid1-osx/build/RelWithDebInfo/googletest-install/include/gtest/gtest-matchers.h
    -- Installing: /local/S/jenkins/workspace/ecg-mayausd-branch-preflight-2020-pxrusd-mid1-osx/build/RelWithDebInfo/googletest-install/include/gtest/gtest-message.h
    -- Installing: /local/S/jenkins/workspace/ecg-mayausd-branch-preflight-2020-pxrusd-mid1-osx/build/RelWithDebInfo/googletest-install/include/gtest/gtest-param-test.h
    -- Installing: /local/S/jenkins/workspace/ecg-mayausd-branch-preflight-2020-pxrusd-mid1-osx/build/RelWithDebInfo/googletest-install/include/gtest/gtest-printers.h
    -- Installing: /local/S/jenkins/workspace/ecg-mayausd-branch-preflight-2020-pxrusd-mid1-osx/build/RelWithDebInfo/googletest-install/include/gtest/gtest-spi.h
    -- Installing: /local/S/jenkins/workspace/ecg-mayausd-branch-preflight-2020-pxrusd-mid1-osx/build/RelWithDebInfo/googletest-install/include/gtest/gtest-test-part.h
    -- Installing: /local/S/jenkins/workspace/ecg-mayausd-branch-preflight-2020-pxrusd-mid1-osx/build/RelWithDebInfo/googletest-install/include/gtest/gtest-typed-test.h
    -- Installing: /local/S/jenkins/workspace/ecg-mayausd-branch-preflight-2020-pxrusd-mid1-osx/build/RelWithDebInfo/googletest-install/include/gtest/gtest.h
    -- Installing: /local/S/jenkins/workspace/ecg-mayausd-branch-preflight-2020-pxrusd-mid1-osx/build/RelWithDebInfo/googletest-install/include/gtest/gtest_pred_impl.h
    -- Installing: /local/S/jenkins/workspace/ecg-mayausd-branch-preflight-2020-pxrusd-mid1-osx/build/RelWithDebInfo/googletest-install/include/gtest/gtest_prod.h
    -- Installing: /local/S/jenkins/workspace/ecg-mayausd-branch-preflight-2020-pxrusd-mid1-osx/build/RelWithDebInfo/googletest-install/include/gtest/internal
    -- Installing: /local/S/jenkins/workspace/ecg-mayausd-branch-preflight-2020-pxrusd-mid1-osx/build/RelWithDebInfo/googletest-install/include/gtest/internal/custom
    -- Installing: /local/S/jenkins/workspace/ecg-mayausd-branch-preflight-2020-pxrusd-mid1-osx/build/RelWithDebInfo/googletest-install/include/gtest/internal/custom/gtest-port.h
    -- Installing: /local/S/jenkins/workspace/ecg-mayausd-branch-preflight-2020-pxrusd-mid1-osx/build/RelWithDebInfo/googletest-install/include/gtest/internal/custom/gtest-printers.h
    -- Installing: /local/S/jenkins/workspace/ecg-mayausd-branch-preflight-2020-pxrusd-mid1-osx/build/RelWithDebInfo/googletest-install/include/gtest/internal/custom/gtest.h
    -- Installing: /local/S/jenkins/workspace/ecg-mayausd-branch-preflight-2020-pxrusd-mid1-osx/build/RelWithDebInfo/googletest-install/include/gtest/internal/custom/README.md
    -- Installing: /local/S/jenkins/workspace/ecg-mayausd-branch-preflight-2020-pxrusd-mid1-osx/build/RelWithDebInfo/googletest-install/include/gtest/internal/gtest-death-test-internal.h
    -- Installing: /local/S/jenkins/workspace/ecg-mayausd-branch-preflight-2020-pxrusd-mid1-osx/build/RelWithDebInfo/googletest-install/include/gtest/internal/gtest-filepath.h
    -- Installing: /local/S/jenkins/workspace/ecg-mayausd-branch-preflight-2020-pxrusd-mid1-osx/build/RelWithDebInfo/googletest-install/include/gtest/internal/gtest-internal.h
    -- Installing: /local/S/jenkins/workspace/ecg-mayausd-branch-preflight-2020-pxrusd-mid1-osx/build/RelWithDebInfo/googletest-install/include/gtest/internal/gtest-param-util.h
    -- Installing: /local/S/jenkins/workspace/ecg-mayausd-branch-preflight-2020-pxrusd-mid1-osx/build/RelWithDebInfo/googletest-install/include/gtest/internal/gtest-port-arch.h
    -- Installing: /local/S/jenkins/workspace/ecg-mayausd-branch-preflight-2020-pxrusd-mid1-osx/build/RelWithDebInfo/googletest-install/include/gtest/internal/gtest-port.h
    -- Installing: /local/S/jenkins/workspace/ecg-mayausd-branch-preflight-2020-pxrusd-mid1-osx/build/RelWithDebInfo/googletest-install/include/gtest/internal/gtest-string.h
    -- Installing: /local/S/jenkins/workspace/ecg-mayausd-branch-preflight-2020-pxrusd-mid1-osx/build/RelWithDebInfo/googletest-install/include/gtest/internal/gtest-type-util.h
    -- Installing: /local/S/jenkins/workspace/ecg-mayausd-branch-preflight-2020-pxrusd-mid1-osx/build/RelWithDebInfo/googletest-install/include/gtest/internal/gtest-type-util.h.pump
    -- Installing: /local/S/jenkins/workspace/ecg-mayausd-branch-preflight-2020-pxrusd-mid1-osx/build/RelWithDebInfo/googletest-install/lib/libgtest.dylib
    -- Installing: /local/S/jenkins/workspace/ecg-mayausd-branch-preflight-2020-pxrusd-mid1-osx/build/RelWithDebInfo/googletest-install/lib/libgtest_main.dylib
    -- Installing: /local/S/jenkins/workspace/ecg-mayausd-branch-preflight-2020-pxrusd-mid1-osx/build/RelWithDebInfo/googletest-install/lib/pkgconfig/gtest.pc
    -- Installing: /local/S/jenkins/workspace/ecg-mayausd-branch-preflight-2020-pxrusd-mid1-osx/build/RelWithDebInfo/googletest-install/lib/pkgconfig/gtest_main.pc
    [8/8] Completed 'googletest'
    -- ========== ...  GoogleTest installed. ==========
    -- MAYA_HAS_DEFAULT_MATERIAL_API is FALSE
    -- MAYA_NEW_POINT_SNAPPING_SUPPORT is FALSE
    -- MAYA_HAS_CRASH_DETECTION is FALSE
    -- MAYA_CURRENT_UFE_CAMERA_SUPPORT is FALSE
    -- MAYA_MRENDERITEM_UFE_IDENTIFIER_SUPPORT is FALSE
    -- MAYA_UPDATE_UFE_IDENTIFIER_SUPPORT is FALSE
    -- promoting: /local/S/jenkins/workspace/ecg-mayausd-branch-preflight-2020-pxrusd-mid1-osx/ecg-maya-usd/maya-usd/lib/mayaUsd/base/mayaUsd.h.src
    -- promoting: /local/S/jenkins/workspace/ecg-mayausd-branch-preflight-2020-pxrusd-mid1-osx/ecg-maya-usd/maya-usd/lib/mayaUsd/base/api.h
    -- promoting: /local/S/jenkins/workspace/ecg-mayausd-branch-preflight-2020-pxrusd-mid1-osx/ecg-maya-usd/maya-usd/lib/mayaUsd/base/debugCodes.h
    -- promoting: /local/S/jenkins/workspace/ecg-mayausd-branch-preflight-2020-pxrusd-mid1-osx/ecg-maya-usd/maya-usd/lib/mayaUsd/base/id.h
    -- promoting: /local/S/jenkins/workspace/ecg-mayausd-branch-preflight-2020-pxrusd-mid1-osx/ecg-maya-usd/maya-usd/lib/mayaUsd/base/syncId.h
    -- promoting: /local/S/jenkins/workspace/ecg-mayausd-branch-preflight-2020-pxrusd-mid1-osx/ecg-maya-usd/maya-usd/lib/mayaUsd/base/tokens.h
    -- promoting: /local/S/jenkins/workspace/ecg-mayausd-branch-preflight-2020-pxrusd-mid1-osx/ecg-maya-usd/maya-usd/lib/mayaUsd/commands/abstractLayerEditorWindow.h
    -- promoting: /local/S/jenkins/workspace/ecg-mayausd-branch-preflight-2020-pxrusd-mid1-osx/ecg-maya-usd/maya-usd/lib/mayaUsd/commands/baseExportCommand.h
    -- promoting: /local/S/jenkins/workspace/ecg-mayausd-branch-preflight-2020-pxrusd-mid1-osx/ecg-maya-usd/maya-usd/lib/mayaUsd/commands/baseImportCommand.h
    -- promoting: /local/S/jenkins/workspace/ecg-mayausd-branch-preflight-2020-pxrusd-mid1-osx/ecg-maya-usd/maya-usd/lib/mayaUsd/commands/baseListJobContextsCommand.h
    -- promoting: /local/S/jenkins/workspace/ecg-mayausd-branch-preflight-2020-pxrusd-mid1-osx/ecg-maya-usd/maya-usd/lib/mayaUsd/commands/baseListShadingModesCommand.h
    -- promoting: /local/S/jenkins/workspace/ecg-mayausd-branch-preflight-2020-pxrusd-mid1-osx/ecg-maya-usd/maya-usd/lib/mayaUsd/commands/editTargetCommand.h
    -- promoting: /local/S/jenkins/workspace/ecg-mayausd-branch-preflight-2020-pxrusd-mid1-osx/ecg-maya-usd/maya-usd/lib/mayaUsd/commands/layerEditorCommand.h
    -- promoting: /local/S/jenkins/workspace/ecg-mayausd-branch-preflight-2020-pxrusd-mid1-osx/ecg-maya-usd/maya-usd/lib/mayaUsd/commands/layerEditorWindowCommand.h
    -- promoting: /local/S/jenkins/workspace/ecg-mayausd-branch-preflight-2020-pxrusd-mid1-osx/ecg-maya-usd/maya-usd/lib/mayaUsd/fileio/fallbackPrimReader.h
    -- promoting: /local/S/jenkins/workspace/ecg-mayausd-branch-preflight-2020-pxrusd-mid1-osx/ecg-maya-usd/maya-usd/lib/mayaUsd/fileio/functorPrimReader.h
    -- promoting: /local/S/jenkins/workspace/ecg-mayausd-branch-preflight-2020-pxrusd-mid1-osx/ecg-maya-usd/maya-usd/lib/mayaUsd/fileio/functorPrimWriter.h
    -- promoting: /local/S/jenkins/workspace/ecg-mayausd-branch-preflight-2020-pxrusd-mid1-osx/ecg-maya-usd/maya-usd/lib/mayaUsd/fileio/importData.h
    -- promoting: /local/S/jenkins/workspace/ecg-mayausd-branch-preflight-2020-pxrusd-mid1-osx/ecg-maya-usd/maya-usd/lib/mayaUsd/fileio/instancedNodeWriter.h
    -- promoting: /local/S/jenkins/workspace/ecg-mayausd-branch-preflight-2020-pxrusd-mid1-osx/ecg-maya-usd/maya-usd/lib/mayaUsd/fileio/jobContextRegistry.h
    -- promoting: /local/S/jenkins/workspace/ecg-mayausd-branch-preflight-2020-pxrusd-mid1-osx/ecg-maya-usd/maya-usd/lib/mayaUsd/fileio/primReader.h
    -- promoting: /local/S/jenkins/workspace/ecg-mayausd-branch-preflight-2020-pxrusd-mid1-osx/ecg-maya-usd/maya-usd/lib/mayaUsd/fileio/primReaderArgs.h
    -- promoting: /local/S/jenkins/workspace/ecg-mayausd-branch-preflight-2020-pxrusd-mid1-osx/ecg-maya-usd/maya-usd/lib/mayaUsd/fileio/primReaderContext.h
    -- promoting: /local/S/jenkins/workspace/ecg-mayausd-branch-preflight-2020-pxrusd-mid1-osx/ecg-maya-usd/maya-usd/lib/mayaUsd/fileio/primReaderRegistry.h
    -- promoting: /local/S/jenkins/workspace/ecg-mayausd-branch-preflight-2020-pxrusd-mid1-osx/ecg-maya-usd/maya-usd/lib/mayaUsd/fileio/primWriter.h
    -- promoting: /local/S/jenkins/workspace/ecg-mayausd-branch-preflight-2020-pxrusd-mid1-osx/ecg-maya-usd/maya-usd/lib/mayaUsd/fileio/primWriterArgs.h
    -- promoting: /local/S/jenkins/workspace/ecg-mayausd-branch-preflight-2020-pxrusd-mid1-osx/ecg-maya-usd/maya-usd/lib/mayaUsd/fileio/primWriterContext.h
    -- promoting: /local/S/jenkins/workspace/ecg-mayausd-branch-preflight-2020-pxrusd-mid1-osx/ecg-maya-usd/maya-usd/lib/mayaUsd/fileio/primWriterRegistry.h
    -- promoting: /local/S/jenkins/workspace/ecg-mayausd-branch-preflight-2020-pxrusd-mid1-osx/ecg-maya-usd/maya-usd/lib/mayaUsd/fileio/registryHelper.h
    -- promoting: /local/S/jenkins/workspace/ecg-mayausd-branch-preflight-2020-pxrusd-mid1-osx/ecg-maya-usd/maya-usd/lib/mayaUsd/fileio/schemaApiAdaptor.h
    -- promoting: /local/S/jenkins/workspace/ecg-mayausd-branch-preflight-2020-pxrusd-mid1-osx/ecg-maya-usd/maya-usd/lib/mayaUsd/fileio/schemaApiAdaptorRegistry.h
    -- promoting: /local/S/jenkins/workspace/ecg-mayausd-branch-preflight-2020-pxrusd-mid1-osx/ecg-maya-usd/maya-usd/lib/mayaUsd/fileio/shaderReader.h
    -- promoting: /local/S/jenkins/workspace/ecg-mayausd-branch-preflight-2020-pxrusd-mid1-osx/ecg-maya-usd/maya-usd/lib/mayaUsd/fileio/shaderReaderRegistry.h
    -- promoting: /local/S/jenkins/workspace/ecg-mayausd-branch-preflight-2020-pxrusd-mid1-osx/ecg-maya-usd/maya-usd/lib/mayaUsd/fileio/shaderWriter.h
    -- promoting: /local/S/jenkins/workspace/ecg-mayausd-branch-preflight-2020-pxrusd-mid1-osx/ecg-maya-usd/maya-usd/lib/mayaUsd/fileio/shaderWriterRegistry.h
    -- promoting: /local/S/jenkins/workspace/ecg-mayausd-branch-preflight-2020-pxrusd-mid1-osx/ecg-maya-usd/maya-usd/lib/mayaUsd/fileio/transformWriter.h
    -- promoting: /local/S/jenkins/workspace/ecg-mayausd-branch-preflight-2020-pxrusd-mid1-osx/ecg-maya-usd/maya-usd/lib/mayaUsd/fileio/writeJobContext.h
    -- promoting: /local/S/jenkins/workspace/ecg-mayausd-branch-preflight-2020-pxrusd-mid1-osx/ecg-maya-usd/maya-usd/lib/mayaUsd/fileio/chaser/exportChaser.h
    -- promoting: /local/S/jenkins/workspace/ecg-mayausd-branch-preflight-2020-pxrusd-mid1-osx/ecg-maya-usd/maya-usd/lib/mayaUsd/fileio/chaser/exportChaserRegistry.h
    -- promoting: /local/S/jenkins/workspace/ecg-mayausd-branch-preflight-2020-pxrusd-mid1-osx/ecg-maya-usd/maya-usd/lib/mayaUsd/fileio/chaser/importChaserRegistry.h
    -- promoting: /local/S/jenkins/workspace/ecg-mayausd-branch-preflight-2020-pxrusd-mid1-osx/ecg-maya-usd/maya-usd/lib/mayaUsd/fileio/chaser/importChaser.h
    -- promoting: /local/S/jenkins/workspace/ecg-mayausd-branch-preflight-2020-pxrusd-mid1-osx/ecg-maya-usd/maya-usd/lib/mayaUsd/fileio/jobs/jobArgs.h
    -- promoting: /local/S/jenkins/workspace/ecg-mayausd-branch-preflight-2020-pxrusd-mid1-osx/ecg-maya-usd/maya-usd/lib/mayaUsd/fileio/jobs/modelKindProcessor.h
    -- promoting: /local/S/jenkins/workspace/ecg-mayausd-branch-preflight-2020-pxrusd-mid1-osx/ecg-maya-usd/maya-usd/lib/mayaUsd/fileio/jobs/readJob.h
    -- promoting: /local/S/jenkins/workspace/ecg-mayausd-branch-preflight-2020-pxrusd-mid1-osx/ecg-maya-usd/maya-usd/lib/mayaUsd/fileio/jobs/writeJob.h
    -- promoting: /local/S/jenkins/workspace/ecg-mayausd-branch-preflight-2020-pxrusd-mid1-osx/ecg-maya-usd/maya-usd/lib/mayaUsd/fileio/shading/rfmShaderMap.h
    -- promoting: /local/S/jenkins/workspace/ecg-mayausd-branch-preflight-2020-pxrusd-mid1-osx/ecg-maya-usd/maya-usd/lib/mayaUsd/fileio/shading/shadingModeExporter.h
    -- promoting: /local/S/jenkins/workspace/ecg-mayausd-branch-preflight-2020-pxrusd-mid1-osx/ecg-maya-usd/maya-usd/lib/mayaUsd/fileio/shading/shadingModeExporterContext.h
    -- promoting: /local/S/jenkins/workspace/ecg-mayausd-branch-preflight-2020-pxrusd-mid1-osx/ecg-maya-usd/maya-usd/lib/mayaUsd/fileio/shading/shadingModeImporter.h
    -- promoting: /local/S/jenkins/workspace/ecg-mayausd-branch-preflight-2020-pxrusd-mid1-osx/ecg-maya-usd/maya-usd/lib/mayaUsd/fileio/shading/shadingModeRegistry.h
    -- promoting: /local/S/jenkins/workspace/ecg-mayausd-branch-preflight-2020-pxrusd-mid1-osx/ecg-maya-usd/maya-usd/lib/mayaUsd/fileio/shading/symmetricShaderReader.h
    -- promoting: /local/S/jenkins/workspace/ecg-mayausd-branch-preflight-2020-pxrusd-mid1-osx/ecg-maya-usd/maya-usd/lib/mayaUsd/fileio/shading/symmetricShaderWriter.h
    -- promoting: /local/S/jenkins/workspace/ecg-mayausd-branch-preflight-2020-pxrusd-mid1-osx/ecg-maya-usd/maya-usd/lib/mayaUsd/fileio/translators/skelBindingsProcessor.h
    -- promoting: /local/S/jenkins/workspace/ecg-mayausd-branch-preflight-2020-pxrusd-mid1-osx/ecg-maya-usd/maya-usd/lib/mayaUsd/fileio/translators/translatorCamera.h
    -- promoting: /local/S/jenkins/workspace/ecg-mayausd-branch-preflight-2020-pxrusd-mid1-osx/ecg-maya-usd/maya-usd/lib/mayaUsd/fileio/translators/translatorCurves.h
    -- promoting: /local/S/jenkins/workspace/ecg-mayausd-branch-preflight-2020-pxrusd-mid1-osx/ecg-maya-usd/maya-usd/lib/mayaUsd/fileio/translators/translatorGprim.h
    -- promoting: /local/S/jenkins/workspace/ecg-mayausd-branch-preflight-2020-pxrusd-mid1-osx/ecg-maya-usd/maya-usd/lib/mayaUsd/fileio/translators/translatorLight.h
    -- promoting: /local/S/jenkins/workspace/ecg-mayausd-branch-preflight-2020-pxrusd-mid1-osx/ecg-maya-usd/maya-usd/lib/mayaUsd/fileio/translators/translatorMaterial.h
    -- promoting: /local/S/jenkins/workspace/ecg-mayausd-branch-preflight-2020-pxrusd-mid1-osx/ecg-maya-usd/maya-usd/lib/mayaUsd/fileio/translators/translatorMayaReference.h
    -- promoting: /local/S/jenkins/workspace/ecg-mayausd-branch-preflight-2020-pxrusd-mid1-osx/ecg-maya-usd/maya-usd/lib/mayaUsd/fileio/translators/translatorMesh.h
    -- promoting: /local/S/jenkins/workspace/ecg-mayausd-branch-preflight-2020-pxrusd-mid1-osx/ecg-maya-usd/maya-usd/lib/mayaUsd/fileio/translators/translatorNurbsPatch.h
    -- promoting: /local/S/jenkins/workspace/ecg-mayausd-branch-preflight-2020-pxrusd-mid1-osx/ecg-maya-usd/maya-usd/lib/mayaUsd/fileio/translators/translatorPrim.h
    -- promoting: /local/S/jenkins/workspace/ecg-mayausd-branch-preflight-2020-pxrusd-mid1-osx/ecg-maya-usd/maya-usd/lib/mayaUsd/fileio/translators/translatorRfMLight.h
    -- promoting: /local/S/jenkins/workspace/ecg-mayausd-branch-preflight-2020-pxrusd-mid1-osx/ecg-maya-usd/maya-usd/lib/mayaUsd/fileio/translators/translatorSkel.h
    -- promoting: /local/S/jenkins/workspace/ecg-mayausd-branch-preflight-2020-pxrusd-mid1-osx/ecg-maya-usd/maya-usd/lib/mayaUsd/fileio/translators/translatorUtil.h
    -- promoting: /local/S/jenkins/workspace/ecg-mayausd-branch-preflight-2020-pxrusd-mid1-osx/ecg-maya-usd/maya-usd/lib/mayaUsd/fileio/translators/translatorXformable.h
    -- promoting: /local/S/jenkins/workspace/ecg-mayausd-branch-preflight-2020-pxrusd-mid1-osx/ecg-maya-usd/maya-usd/lib/mayaUsd/fileio/utils/adaptor.h
    -- promoting: /local/S/jenkins/workspace/ecg-mayausd-branch-preflight-2020-pxrusd-mid1-osx/ecg-maya-usd/maya-usd/lib/mayaUsd/fileio/utils/jointWriteUtils.h
    -- promoting: /local/S/jenkins/workspace/ecg-mayausd-branch-preflight-2020-pxrusd-mid1-osx/ecg-maya-usd/maya-usd/lib/mayaUsd/fileio/utils/meshReadUtils.h
    -- promoting: /local/S/jenkins/workspace/ecg-mayausd-branch-preflight-2020-pxrusd-mid1-osx/ecg-maya-usd/maya-usd/lib/mayaUsd/fileio/utils/meshWriteUtils.h
    -- promoting: /local/S/jenkins/workspace/ecg-mayausd-branch-preflight-2020-pxrusd-mid1-osx/ecg-maya-usd/maya-usd/lib/mayaUsd/fileio/utils/readUtil.h
    -- promoting: /local/S/jenkins/workspace/ecg-mayausd-branch-preflight-2020-pxrusd-mid1-osx/ecg-maya-usd/maya-usd/lib/mayaUsd/fileio/utils/roundTripUtil.h
    -- promoting: /local/S/jenkins/workspace/ecg-mayausd-branch-preflight-2020-pxrusd-mid1-osx/ecg-maya-usd/maya-usd/lib/mayaUsd/fileio/utils/shadingUtil.h
    -- promoting: /local/S/jenkins/workspace/ecg-mayausd-branch-preflight-2020-pxrusd-mid1-osx/ecg-maya-usd/maya-usd/lib/mayaUsd/fileio/utils/userTaggedAttribute.h
    -- promoting: /local/S/jenkins/workspace/ecg-mayausd-branch-preflight-2020-pxrusd-mid1-osx/ecg-maya-usd/maya-usd/lib/mayaUsd/fileio/utils/writeUtil.h
    -- promoting: /local/S/jenkins/workspace/ecg-mayausd-branch-preflight-2020-pxrusd-mid1-osx/ecg-maya-usd/maya-usd/lib/mayaUsd/fileio/utils/xformStack.h
    -- promoting: /local/S/jenkins/workspace/ecg-mayausd-branch-preflight-2020-pxrusd-mid1-osx/ecg-maya-usd/maya-usd/lib/mayaUsd/listeners/notice.h
    -- promoting: /local/S/jenkins/workspace/ecg-mayausd-branch-preflight-2020-pxrusd-mid1-osx/ecg-maya-usd/maya-usd/lib/mayaUsd/listeners/proxyShapeNotice.h
    -- promoting: /local/S/jenkins/workspace/ecg-mayausd-branch-preflight-2020-pxrusd-mid1-osx/ecg-maya-usd/maya-usd/lib/mayaUsd/listeners/stageNoticeListener.h
    -- promoting: /local/S/jenkins/workspace/ecg-mayausd-branch-preflight-2020-pxrusd-mid1-osx/ecg-maya-usd/maya-usd/lib/mayaUsd/nodes/hdImagingShape.h
    -- promoting: /local/S/jenkins/workspace/ecg-mayausd-branch-preflight-2020-pxrusd-mid1-osx/ecg-maya-usd/maya-usd/lib/mayaUsd/nodes/pointBasedDeformerNode.h
    -- promoting: /local/S/jenkins/workspace/ecg-mayausd-branch-preflight-2020-pxrusd-mid1-osx/ecg-maya-usd/maya-usd/lib/mayaUsd/nodes/proxyAccessor.h
    -- promoting: /local/S/jenkins/workspace/ecg-mayausd-branch-preflight-2020-pxrusd-mid1-osx/ecg-maya-usd/maya-usd/lib/mayaUsd/nodes/proxyShapeBase.h
    -- promoting: /local/S/jenkins/workspace/ecg-mayausd-branch-preflight-2020-pxrusd-mid1-osx/ecg-maya-usd/maya-usd/lib/mayaUsd/nodes/proxyShapePlugin.h
    -- promoting: /local/S/jenkins/workspace/ecg-mayausd-branch-preflight-2020-pxrusd-mid1-osx/ecg-maya-usd/maya-usd/lib/mayaUsd/nodes/proxyStageProvider.h
    -- promoting: /local/S/jenkins/workspace/ecg-mayausd-branch-preflight-2020-pxrusd-mid1-osx/ecg-maya-usd/maya-usd/lib/mayaUsd/nodes/stageData.h
    -- promoting: /local/S/jenkins/workspace/ecg-mayausd-branch-preflight-2020-pxrusd-mid1-osx/ecg-maya-usd/maya-usd/lib/mayaUsd/nodes/stageNode.h
    -- promoting: /local/S/jenkins/workspace/ecg-mayausd-branch-preflight-2020-pxrusd-mid1-osx/ecg-maya-usd/maya-usd/lib/mayaUsd/nodes/usdPrimProvider.h
    -- promoting: /local/S/jenkins/workspace/ecg-mayausd-branch-preflight-2020-pxrusd-mid1-osx/ecg-maya-usd/maya-usd/lib/mayaUsd/nodes/layerManager.h
    -- promoting: /local/S/jenkins/workspace/ecg-mayausd-branch-preflight-2020-pxrusd-mid1-osx/ecg-maya-usd/maya-usd/lib/mayaUsd/render/px_vp20/glslProgram.h
    -- promoting: /local/S/jenkins/workspace/ecg-mayausd-branch-preflight-2020-pxrusd-mid1-osx/ecg-maya-usd/maya-usd/lib/mayaUsd/render/px_vp20/utils.h
    -- promoting: /local/S/jenkins/workspace/ecg-mayausd-branch-preflight-2020-pxrusd-mid1-osx/ecg-maya-usd/maya-usd/lib/mayaUsd/render/px_vp20/utils_legacy.h
    -- promoting: /local/S/jenkins/workspace/ecg-mayausd-branch-preflight-2020-pxrusd-mid1-osx/ecg-maya-usd/maya-usd/lib/mayaUsd/render/pxrUsdMayaGL/batchRenderer.h
    -- promoting: /local/S/jenkins/workspace/ecg-mayausd-branch-preflight-2020-pxrusd-mid1-osx/ecg-maya-usd/maya-usd/lib/mayaUsd/render/pxrUsdMayaGL/debugCodes.h
    -- promoting: /local/S/jenkins/workspace/ecg-mayausd-branch-preflight-2020-pxrusd-mid1-osx/ecg-maya-usd/maya-usd/lib/mayaUsd/render/pxrUsdMayaGL/hdImagingShapeDrawOverride.h
    -- promoting: /local/S/jenkins/workspace/ecg-mayausd-branch-preflight-2020-pxrusd-mid1-osx/ecg-maya-usd/maya-usd/lib/mayaUsd/render/pxrUsdMayaGL/hdImagingShapeUI.h
    -- promoting: /local/S/jenkins/workspace/ecg-mayausd-branch-preflight-2020-pxrusd-mid1-osx/ecg-maya-usd/maya-usd/lib/mayaUsd/render/pxrUsdMayaGL/instancerImager.h
    -- promoting: /local/S/jenkins/workspace/ecg-mayausd-branch-preflight-2020-pxrusd-mid1-osx/ecg-maya-usd/maya-usd/lib/mayaUsd/render/pxrUsdMayaGL/instancerShapeAdapter.h
    -- promoting: /local/S/jenkins/workspace/ecg-mayausd-branch-preflight-2020-pxrusd-mid1-osx/ecg-maya-usd/maya-usd/lib/mayaUsd/render/pxrUsdMayaGL/proxyDrawOverride.h
    -- promoting: /local/S/jenkins/workspace/ecg-mayausd-branch-preflight-2020-pxrusd-mid1-osx/ecg-maya-usd/maya-usd/lib/mayaUsd/render/pxrUsdMayaGL/proxyShapeUI.h
    -- promoting: /local/S/jenkins/workspace/ecg-mayausd-branch-preflight-2020-pxrusd-mid1-osx/ecg-maya-usd/maya-usd/lib/mayaUsd/render/pxrUsdMayaGL/renderParams.h
    -- promoting: /local/S/jenkins/workspace/ecg-mayausd-branch-preflight-2020-pxrusd-mid1-osx/ecg-maya-usd/maya-usd/lib/mayaUsd/render/pxrUsdMayaGL/sceneDelegate.h
    -- promoting: /local/S/jenkins/workspace/ecg-mayausd-branch-preflight-2020-pxrusd-mid1-osx/ecg-maya-usd/maya-usd/lib/mayaUsd/render/pxrUsdMayaGL/shapeAdapter.h
    -- promoting: /local/S/jenkins/workspace/ecg-mayausd-branch-preflight-2020-pxrusd-mid1-osx/ecg-maya-usd/maya-usd/lib/mayaUsd/render/pxrUsdMayaGL/softSelectHelper.h
    -- promoting: /local/S/jenkins/workspace/ecg-mayausd-branch-preflight-2020-pxrusd-mid1-osx/ecg-maya-usd/maya-usd/lib/mayaUsd/render/pxrUsdMayaGL/usdProxyShapeAdapter.h
    -- promoting: /local/S/jenkins/workspace/ecg-mayausd-branch-preflight-2020-pxrusd-mid1-osx/ecg-maya-usd/maya-usd/lib/mayaUsd/render/pxrUsdMayaGL/userData.h
    -- promoting: /local/S/jenkins/workspace/ecg-mayausd-branch-preflight-2020-pxrusd-mid1-osx/ecg-maya-usd/maya-usd/lib/mayaUsd/render/vp2RenderDelegate/proxyRenderDelegate.h
    -- promoting: /local/S/jenkins/workspace/ecg-mayausd-branch-preflight-2020-pxrusd-mid1-osx/ecg-maya-usd/maya-usd/lib/mayaUsd/render/vp2ShaderFragments/shaderFragments.h
    -- promoting: /local/S/jenkins/workspace/ecg-mayausd-branch-preflight-2020-pxrusd-mid1-osx/ecg-maya-usd/maya-usd/lib/mayaUsd/ufe/Global.h
    -- promoting: /local/S/jenkins/workspace/ecg-mayausd-branch-preflight-2020-pxrusd-mid1-osx/ecg-maya-usd/maya-usd/lib/mayaUsd/ufe/ProxyShapeHandler.h
    -- promoting: /local/S/jenkins/workspace/ecg-mayausd-branch-preflight-2020-pxrusd-mid1-osx/ecg-maya-usd/maya-usd/lib/mayaUsd/ufe/ProxyShapeHierarchy.h
    -- promoting: /local/S/jenkins/workspace/ecg-mayausd-branch-preflight-2020-pxrusd-mid1-osx/ecg-maya-usd/maya-usd/lib/mayaUsd/ufe/ProxyShapeHierarchyHandler.h
    -- promoting: /local/S/jenkins/workspace/ecg-mayausd-branch-preflight-2020-pxrusd-mid1-osx/ecg-maya-usd/maya-usd/lib/mayaUsd/ufe/StagesSubject.h
    -- promoting: /local/S/jenkins/workspace/ecg-mayausd-branch-preflight-2020-pxrusd-mid1-osx/ecg-maya-usd/maya-usd/lib/mayaUsd/ufe/UsdHierarchy.h
    -- promoting: /local/S/jenkins/workspace/ecg-mayausd-branch-preflight-2020-pxrusd-mid1-osx/ecg-maya-usd/maya-usd/lib/mayaUsd/ufe/UsdHierarchyHandler.h
    -- promoting: /local/S/jenkins/workspace/ecg-mayausd-branch-preflight-2020-pxrusd-mid1-osx/ecg-maya-usd/maya-usd/lib/mayaUsd/ufe/UsdPointInstanceModifierBase.h
    -- promoting: /local/S/jenkins/workspace/ecg-mayausd-branch-preflight-2020-pxrusd-mid1-osx/ecg-maya-usd/maya-usd/lib/mayaUsd/ufe/UsdPointInstanceOrientationModifier.h
    -- promoting: /local/S/jenkins/workspace/ecg-mayausd-branch-preflight-2020-pxrusd-mid1-osx/ecg-maya-usd/maya-usd/lib/mayaUsd/ufe/UsdPointInstancePositionModifier.h
    -- promoting: /local/S/jenkins/workspace/ecg-mayausd-branch-preflight-2020-pxrusd-mid1-osx/ecg-maya-usd/maya-usd/lib/mayaUsd/ufe/UsdPointInstanceScaleModifier.h
    -- promoting: /local/S/jenkins/workspace/ecg-mayausd-branch-preflight-2020-pxrusd-mid1-osx/ecg-maya-usd/maya-usd/lib/mayaUsd/ufe/UsdRootChildHierarchy.h
    -- promoting: /local/S/jenkins/workspace/ecg-mayausd-branch-preflight-2020-pxrusd-mid1-osx/ecg-maya-usd/maya-usd/lib/mayaUsd/ufe/UsdRotatePivotTranslateUndoableCommand.h
    -- promoting: /local/S/jenkins/workspace/ecg-mayausd-branch-preflight-2020-pxrusd-mid1-osx/ecg-maya-usd/maya-usd/lib/mayaUsd/ufe/UsdRotateUndoableCommand.h
    -- promoting: /local/S/jenkins/workspace/ecg-mayausd-branch-preflight-2020-pxrusd-mid1-osx/ecg-maya-usd/maya-usd/lib/mayaUsd/ufe/UsdScaleUndoableCommand.h
    -- promoting: /local/S/jenkins/workspace/ecg-mayausd-branch-preflight-2020-pxrusd-mid1-osx/ecg-maya-usd/maya-usd/lib/mayaUsd/ufe/UsdSceneItem.h
    -- promoting: /local/S/jenkins/workspace/ecg-mayausd-branch-preflight-2020-pxrusd-mid1-osx/ecg-maya-usd/maya-usd/lib/mayaUsd/ufe/UsdSceneItemOps.h
    -- promoting: /local/S/jenkins/workspace/ecg-mayausd-branch-preflight-2020-pxrusd-mid1-osx/ecg-maya-usd/maya-usd/lib/mayaUsd/ufe/UsdSceneItemOpsHandler.h
    -- promoting: /local/S/jenkins/workspace/ecg-mayausd-branch-preflight-2020-pxrusd-mid1-osx/ecg-maya-usd/maya-usd/lib/mayaUsd/ufe/UsdStageMap.h
    -- promoting: /local/S/jenkins/workspace/ecg-mayausd-branch-preflight-2020-pxrusd-mid1-osx/ecg-maya-usd/maya-usd/lib/mayaUsd/ufe/UsdTRSUndoableCommandBase.h
    -- promoting: /local/S/jenkins/workspace/ecg-mayausd-branch-preflight-2020-pxrusd-mid1-osx/ecg-maya-usd/maya-usd/lib/mayaUsd/ufe/UsdTransform3d.h
    -- promoting: /local/S/jenkins/workspace/ecg-mayausd-branch-preflight-2020-pxrusd-mid1-osx/ecg-maya-usd/maya-usd/lib/mayaUsd/ufe/UsdTransform3dHandler.h
    -- promoting: /local/S/jenkins/workspace/ecg-mayausd-branch-preflight-2020-pxrusd-mid1-osx/ecg-maya-usd/maya-usd/lib/mayaUsd/ufe/UsdTranslateUndoableCommand.h
    -- promoting: /local/S/jenkins/workspace/ecg-mayausd-branch-preflight-2020-pxrusd-mid1-osx/ecg-maya-usd/maya-usd/lib/mayaUsd/ufe/UsdUndoDeleteCommand.h
    -- promoting: /local/S/jenkins/workspace/ecg-mayausd-branch-preflight-2020-pxrusd-mid1-osx/ecg-maya-usd/maya-usd/lib/mayaUsd/ufe/UsdUndoDuplicateCommand.h
    -- promoting: /local/S/jenkins/workspace/ecg-mayausd-branch-preflight-2020-pxrusd-mid1-osx/ecg-maya-usd/maya-usd/lib/mayaUsd/ufe/UsdUndoRenameCommand.h
    -- promoting: /local/S/jenkins/workspace/ecg-mayausd-branch-preflight-2020-pxrusd-mid1-osx/ecg-maya-usd/maya-usd/lib/mayaUsd/ufe/Utils.h
    -- promoting: /local/S/jenkins/workspace/ecg-mayausd-branch-preflight-2020-pxrusd-mid1-osx/ecg-maya-usd/maya-usd/lib/mayaUsd/ufe/UfeVersionCompat.h
    -- promoting: /local/S/jenkins/workspace/ecg-mayausd-branch-preflight-2020-pxrusd-mid1-osx/ecg-maya-usd/maya-usd/lib/mayaUsd/undo/OpUndoItemList.h
    -- promoting: /local/S/jenkins/workspace/ecg-mayausd-branch-preflight-2020-pxrusd-mid1-osx/ecg-maya-usd/maya-usd/lib/mayaUsd/undo/OpUndoItemMuting.h
    -- promoting: /local/S/jenkins/workspace/ecg-mayausd-branch-preflight-2020-pxrusd-mid1-osx/ecg-maya-usd/maya-usd/lib/mayaUsd/undo/OpUndoItemRecorder.h
    -- promoting: /local/S/jenkins/workspace/ecg-mayausd-branch-preflight-2020-pxrusd-mid1-osx/ecg-maya-usd/maya-usd/lib/mayaUsd/undo/OpUndoItems.h
    -- promoting: /local/S/jenkins/workspace/ecg-mayausd-branch-preflight-2020-pxrusd-mid1-osx/ecg-maya-usd/maya-usd/lib/mayaUsd/undo/UsdUndoBlock.h
    -- promoting: /local/S/jenkins/workspace/ecg-mayausd-branch-preflight-2020-pxrusd-mid1-osx/ecg-maya-usd/maya-usd/lib/mayaUsd/undo/UsdUndoManager.h
    -- promoting: /local/S/jenkins/workspace/ecg-mayausd-branch-preflight-2020-pxrusd-mid1-osx/ecg-maya-usd/maya-usd/lib/mayaUsd/undo/UsdUndoStateDelegate.h
    -- promoting: /local/S/jenkins/workspace/ecg-mayausd-branch-preflight-2020-pxrusd-mid1-osx/ecg-maya-usd/maya-usd/lib/mayaUsd/undo/UsdUndoableItem.h
    -- promoting: /local/S/jenkins/workspace/ecg-mayausd-branch-preflight-2020-pxrusd-mid1-osx/ecg-maya-usd/maya-usd/lib/mayaUsd/utils/blockSceneModificationContext.h
    -- promoting: /local/S/jenkins/workspace/ecg-mayausd-branch-preflight-2020-pxrusd-mid1-osx/ecg-maya-usd/maya-usd/lib/mayaUsd/utils/colorSpace.h
    -- promoting: /local/S/jenkins/workspace/ecg-mayausd-branch-preflight-2020-pxrusd-mid1-osx/ecg-maya-usd/maya-usd/lib/mayaUsd/utils/customLayerData.h
    -- promoting: /local/S/jenkins/workspace/ecg-mayausd-branch-preflight-2020-pxrusd-mid1-osx/ecg-maya-usd/maya-usd/lib/mayaUsd/utils/converter.h
    -- promoting: /local/S/jenkins/workspace/ecg-mayausd-branch-preflight-2020-pxrusd-mid1-osx/ecg-maya-usd/maya-usd/lib/mayaUsd/utils/diagnosticDelegate.h
    -- promoting: /local/S/jenkins/workspace/ecg-mayausd-branch-preflight-2020-pxrusd-mid1-osx/ecg-maya-usd/maya-usd/lib/mayaUsd/utils/editability.h
    -- promoting: /local/S/jenkins/workspace/ecg-mayausd-branch-preflight-2020-pxrusd-mid1-osx/ecg-maya-usd/maya-usd/lib/mayaUsd/utils/editRouter.h
    -- promoting: /local/S/jenkins/workspace/ecg-mayausd-branch-preflight-2020-pxrusd-mid1-osx/ecg-maya-usd/maya-usd/lib/mayaUsd/utils/hash.h
    -- promoting: /local/S/jenkins/workspace/ecg-mayausd-branch-preflight-2020-pxrusd-mid1-osx/ecg-maya-usd/maya-usd/lib/mayaUsd/utils/query.h
    -- promoting: /local/S/jenkins/workspace/ecg-mayausd-branch-preflight-2020-pxrusd-mid1-osx/ecg-maya-usd/maya-usd/lib/mayaUsd/utils/plugRegistryHelper.h
    -- promoting: /local/S/jenkins/workspace/ecg-mayausd-branch-preflight-2020-pxrusd-mid1-osx/ecg-maya-usd/maya-usd/lib/mayaUsd/utils/selectability.h
    -- promoting: /local/S/jenkins/workspace/ecg-mayausd-branch-preflight-2020-pxrusd-mid1-osx/ecg-maya-usd/maya-usd/lib/mayaUsd/utils/stageCache.h
    -- promoting: /local/S/jenkins/workspace/ecg-mayausd-branch-preflight-2020-pxrusd-mid1-osx/ecg-maya-usd/maya-usd/lib/mayaUsd/utils/traverseLayer.h
    -- promoting: /local/S/jenkins/workspace/ecg-mayausd-branch-preflight-2020-pxrusd-mid1-osx/ecg-maya-usd/maya-usd/lib/mayaUsd/utils/undoHelperCommand.h
    -- promoting: /local/S/jenkins/workspace/ecg-mayausd-branch-preflight-2020-pxrusd-mid1-osx/ecg-maya-usd/maya-usd/lib/mayaUsd/utils/util.h
    -- promoting: /local/S/jenkins/workspace/ecg-mayausd-branch-preflight-2020-pxrusd-mid1-osx/ecg-maya-usd/maya-usd/lib/mayaUsd/utils/utilFileSystem.h
    -- promoting: /local/S/jenkins/workspace/ecg-mayausd-branch-preflight-2020-pxrusd-mid1-osx/ecg-maya-usd/maya-usd/lib/mayaUsd/utils/utilSerialization.h
    -- promoting: /local/S/jenkins/workspace/ecg-mayausd-branch-preflight-2020-pxrusd-mid1-osx/ecg-maya-usd/maya-usd/lib/mayaUsd/render/mayaToHydra/utils.h
    -- promoting: /local/S/jenkins/workspace/ecg-mayausd-branch-preflight-2020-pxrusd-mid1-osx/ecg-maya-usd/maya-usd/lib/usd/hdMaya/api.h
    -- promoting: /local/S/jenkins/workspace/ecg-mayausd-branch-preflight-2020-pxrusd-mid1-osx/ecg-maya-usd/maya-usd/lib/usd/hdMaya/utils.h
    -- promoting: /local/S/jenkins/workspace/ecg-mayausd-branch-preflight-2020-pxrusd-mid1-osx/ecg-maya-usd/maya-usd/lib/usd/hdMaya/debugCodes.h
    -- promoting: /local/S/jenkins/workspace/ecg-mayausd-branch-preflight-2020-pxrusd-mid1-osx/ecg-maya-usd/maya-usd/lib/usd/hdMaya/adapters/adapter.h
    -- promoting: /local/S/jenkins/workspace/ecg-mayausd-branch-preflight-2020-pxrusd-mid1-osx/ecg-maya-usd/maya-usd/lib/usd/hdMaya/adapters/adapterDebugCodes.h
    -- promoting: /local/S/jenkins/workspace/ecg-mayausd-branch-preflight-2020-pxrusd-mid1-osx/ecg-maya-usd/maya-usd/lib/usd/hdMaya/adapters/adapterRegistry.h
    -- promoting: /local/S/jenkins/workspace/ecg-mayausd-branch-preflight-2020-pxrusd-mid1-osx/ecg-maya-usd/maya-usd/lib/usd/hdMaya/adapters/cameraAdapter.h
    -- promoting: /local/S/jenkins/workspace/ecg-mayausd-branch-preflight-2020-pxrusd-mid1-osx/ecg-maya-usd/maya-usd/lib/usd/hdMaya/adapters/constantShadowMatrix.h
    -- promoting: /local/S/jenkins/workspace/ecg-mayausd-branch-preflight-2020-pxrusd-mid1-osx/ecg-maya-usd/maya-usd/lib/usd/hdMaya/adapters/dagAdapter.h
    -- promoting: /local/S/jenkins/workspace/ecg-mayausd-branch-preflight-2020-pxrusd-mid1-osx/ecg-maya-usd/maya-usd/lib/usd/hdMaya/adapters/lightAdapter.h
    -- promoting: /local/S/jenkins/workspace/ecg-mayausd-branch-preflight-2020-pxrusd-mid1-osx/ecg-maya-usd/maya-usd/lib/usd/hdMaya/adapters/proxyAdapter.h
    -- promoting: /local/S/jenkins/workspace/ecg-mayausd-branch-preflight-2020-pxrusd-mid1-osx/ecg-maya-usd/maya-usd/lib/usd/hdMaya/adapters/materialAdapter.h
    -- promoting: /local/S/jenkins/workspace/ecg-mayausd-branch-preflight-2020-pxrusd-mid1-osx/ecg-maya-usd/maya-usd/lib/usd/hdMaya/adapters/materialNetworkConverter.h
    -- promoting: /local/S/jenkins/workspace/ecg-mayausd-branch-preflight-2020-pxrusd-mid1-osx/ecg-maya-usd/maya-usd/lib/usd/hdMaya/adapters/mayaAttrs.h
    -- promoting: /local/S/jenkins/workspace/ecg-mayausd-branch-preflight-2020-pxrusd-mid1-osx/ecg-maya-usd/maya-usd/lib/usd/hdMaya/adapters/shapeAdapter.h
    -- promoting: /local/S/jenkins/workspace/ecg-mayausd-branch-preflight-2020-pxrusd-mid1-osx/ecg-maya-usd/maya-usd/lib/usd/hdMaya/adapters/tokens.h
    -- promoting: /local/S/jenkins/workspace/ecg-mayausd-branch-preflight-2020-pxrusd-mid1-osx/ecg-maya-usd/maya-usd/lib/usd/hdMaya/delegates/delegate.h
    -- promoting: /local/S/jenkins/workspace/ecg-mayausd-branch-preflight-2020-pxrusd-mid1-osx/ecg-maya-usd/maya-usd/lib/usd/hdMaya/delegates/delegateCtx.h
    -- promoting: /local/S/jenkins/workspace/ecg-mayausd-branch-preflight-2020-pxrusd-mid1-osx/ecg-maya-usd/maya-usd/lib/usd/hdMaya/delegates/delegateDebugCodes.h
    -- promoting: /local/S/jenkins/workspace/ecg-mayausd-branch-preflight-2020-pxrusd-mid1-osx/ecg-maya-usd/maya-usd/lib/usd/hdMaya/delegates/delegateRegistry.h
    -- promoting: /local/S/jenkins/workspace/ecg-mayausd-branch-preflight-2020-pxrusd-mid1-osx/ecg-maya-usd/maya-usd/lib/usd/hdMaya/delegates/params.h
    -- promoting: /local/S/jenkins/workspace/ecg-mayausd-branch-preflight-2020-pxrusd-mid1-osx/ecg-maya-usd/maya-usd/lib/usd/hdMaya/delegates/proxyDelegate.h
    -- promoting: /local/S/jenkins/workspace/ecg-mayausd-branch-preflight-2020-pxrusd-mid1-osx/ecg-maya-usd/maya-usd/lib/usd/hdMaya/delegates/proxyUsdImagingDelegate.h
    -- promoting: /local/S/jenkins/workspace/ecg-mayausd-branch-preflight-2020-pxrusd-mid1-osx/ecg-maya-usd/maya-usd/lib/usd/hdMaya/delegates/sceneDelegate.h
    -- promoting: /local/S/jenkins/workspace/ecg-mayausd-branch-preflight-2020-pxrusd-mid1-osx/ecg-maya-usd/maya-usd/lib/usd/hdMaya/delegates/testDelegate.h
    -- promoting: /local/S/jenkins/workspace/ecg-mayausd-branch-preflight-2020-pxrusd-mid1-osx/ecg-maya-usd/maya-usd/lib/usd/pxrUsdPreviewSurface/usdPreviewSurface.h
    -- promoting: /local/S/jenkins/workspace/ecg-mayausd-branch-preflight-2020-pxrusd-mid1-osx/ecg-maya-usd/maya-usd/lib/usd/pxrUsdPreviewSurface/usdPreviewSurfacePlugin.h
    -- promoting: /local/S/jenkins/workspace/ecg-mayausd-branch-preflight-2020-pxrusd-mid1-osx/ecg-maya-usd/maya-usd/lib/usd/schemas/api.h
    -- promoting: /local/S/jenkins/workspace/ecg-mayausd-branch-preflight-2020-pxrusd-mid1-osx/ecg-maya-usd/maya-usd/lib/usd/schemas/ALMayaReference.h
    -- promoting: /local/S/jenkins/workspace/ecg-mayausd-branch-preflight-2020-pxrusd-mid1-osx/ecg-maya-usd/maya-usd/lib/usd/schemas/MayaReference.h
    -- promoting: /local/S/jenkins/workspace/ecg-mayausd-branch-preflight-2020-pxrusd-mid1-osx/ecg-maya-usd/maya-usd/lib/usd/schemas/tokens.h
    Processing schema classes:
    MayaReference, ALMayaReference
    Loading Templates from /local/S/jenkins/workspace/shared/Artifactory/OSX/USD/cae4017/lib/usd/usd/resources/codegenTemplates
    Writing API:
    	    wrote /local/S/jenkins/workspace/ecg-mayausd-branch-preflight-2020-pxrusd-mid1-osx/build/RelWithDebInfo/lib/usd/schemas/api.h
    Writing Schema Tokens:
    	    wrote /local/S/jenkins/workspace/ecg-mayausd-branch-preflight-2020-pxrusd-mid1-osx/build/RelWithDebInfo/lib/usd/schemas/tokens.h
    	    wrote /local/S/jenkins/workspace/ecg-mayausd-branch-preflight-2020-pxrusd-mid1-osx/build/RelWithDebInfo/lib/usd/schemas/tokens.cpp
    	    wrote /local/S/jenkins/workspace/ecg-mayausd-branch-preflight-2020-pxrusd-mid1-osx/build/RelWithDebInfo/lib/usd/schemas/wrapTokens.cpp
    Generating Classes:
    	    wrote /local/S/jenkins/workspace/ecg-mayausd-branch-preflight-2020-pxrusd-mid1-osx/build/RelWithDebInfo/lib/usd/schemas/MayaReference.h
    	    wrote /local/S/jenkins/workspace/ecg-mayausd-branch-preflight-2020-pxrusd-mid1-osx/build/RelWithDebInfo/lib/usd/schemas/MayaReference.cpp
    	    wrote /local/S/jenkins/workspace/ecg-mayausd-branch-preflight-2020-pxrusd-mid1-osx/build/RelWithDebInfo/lib/usd/schemas/wrapMayaReference.cpp
    	    wrote /local/S/jenkins/workspace/ecg-mayausd-branch-preflight-2020-pxrusd-mid1-osx/build/RelWithDebInfo/lib/usd/schemas/ALMayaReference.h
    	    wrote /local/S/jenkins/workspace/ecg-mayausd-branch-preflight-2020-pxrusd-mid1-osx/build/RelWithDebInfo/lib/usd/schemas/ALMayaReference.cpp
    	    wrote /local/S/jenkins/workspace/ecg-mayausd-branch-preflight-2020-pxrusd-mid1-osx/build/RelWithDebInfo/lib/usd/schemas/wrapALMayaReference.cpp
    Loading Templates from /local/S/jenkins/workspace/shared/Artifactory/OSX/USD/cae4017/lib/usd/usd/resources/codegenTemplates
    	    wrote /local/S/jenkins/workspace/ecg-mayausd-branch-preflight-2020-pxrusd-mid1-osx/build/RelWithDebInfo/lib/usd/schemas/plugInfo.json
    Generating Schematics:
    	    wrote /local/S/jenkins/workspace/ecg-mayausd-branch-preflight-2020-pxrusd-mid1-osx/build/RelWithDebInfo/lib/usd/schemas/generatedSchema.usda
    -- promoting: /local/S/jenkins/workspace/ecg-mayausd-branch-preflight-2020-pxrusd-mid1-osx/ecg-maya-usd/maya-usd/lib/usd/utils/ALHalf.h
    -- promoting: /local/S/jenkins/workspace/ecg-mayausd-branch-preflight-2020-pxrusd-mid1-osx/ecg-maya-usd/maya-usd/lib/usd/utils/Api.h
    -- promoting: /local/S/jenkins/workspace/ecg-mayausd-branch-preflight-2020-pxrusd-mid1-osx/ecg-maya-usd/maya-usd/lib/usd/utils/DebugCodes.h
    -- promoting: /local/S/jenkins/workspace/ecg-mayausd-branch-preflight-2020-pxrusd-mid1-osx/ecg-maya-usd/maya-usd/lib/usd/utils/DiffCore.h
    -- promoting: /local/S/jenkins/workspace/ecg-mayausd-branch-preflight-2020-pxrusd-mid1-osx/ecg-maya-usd/maya-usd/lib/usd/utils/DiffPrims.h
    -- promoting: /local/S/jenkins/workspace/ecg-mayausd-branch-preflight-2020-pxrusd-mid1-osx/ecg-maya-usd/maya-usd/lib/usd/utils/MergePrims.h
    -- promoting: /local/S/jenkins/workspace/ecg-mayausd-branch-preflight-2020-pxrusd-mid1-osx/ecg-maya-usd/maya-usd/lib/usd/utils/MergePrimsOptions.h
    -- promoting: /local/S/jenkins/workspace/ecg-mayausd-branch-preflight-2020-pxrusd-mid1-osx/ecg-maya-usd/maya-usd/lib/usd/utils/ForwardDeclares.h
    -- promoting: /local/S/jenkins/workspace/ecg-mayausd-branch-preflight-2020-pxrusd-mid1-osx/ecg-maya-usd/maya-usd/lib/usd/utils/SIMD.h
    -- promoting: /local/S/jenkins/workspace/ecg-mayausd-branch-preflight-2020-pxrusd-mid1-osx/ecg-maya-usd/maya-usd/lib/usd/utils/util.h
    -- promoting: /local/S/jenkins/workspace/ecg-mayausd-branch-preflight-2020-pxrusd-mid1-osx/ecg-maya-usd/maya-usd/lib/usd/ui/layerEditor/batchSaveLayersUIDelegate.h
    -- promoting: /local/S/jenkins/workspace/ecg-mayausd-branch-preflight-2020-pxrusd-mid1-osx/ecg-maya-usd/maya-usd/lib/usd/ui/importDialog/IMayaMQtUtil.h
    -- promoting: /local/S/jenkins/workspace/ecg-mayausd-branch-preflight-2020-pxrusd-mid1-osx/ecg-maya-usd/maya-usd/lib/usd/ui/importDialog/ItemDelegate.h
    -- promoting: /local/S/jenkins/workspace/ecg-mayausd-branch-preflight-2020-pxrusd-mid1-osx/ecg-maya-usd/maya-usd/lib/usd/ui/importDialog/IUSDImportView.h
    -- promoting: /local/S/jenkins/workspace/ecg-mayausd-branch-preflight-2020-pxrusd-mid1-osx/ecg-maya-usd/maya-usd/lib/usd/ui/importDialog/TreeItem.h
    -- promoting: /local/S/jenkins/workspace/ecg-mayausd-branch-preflight-2020-pxrusd-mid1-osx/ecg-maya-usd/maya-usd/lib/usd/ui/importDialog/TreeModel.h
    -- promoting: /local/S/jenkins/workspace/ecg-mayausd-branch-preflight-2020-pxrusd-mid1-osx/ecg-maya-usd/maya-usd/lib/usd/ui/importDialog/TreeModelFactory.h
    -- promoting: /local/S/jenkins/workspace/ecg-mayausd-branch-preflight-2020-pxrusd-mid1-osx/ecg-maya-usd/maya-usd/lib/usd/ui/importDialog/USDImportDialog.h
    -- promoting: /local/S/jenkins/workspace/ecg-mayausd-branch-preflight-2020-pxrusd-mid1-osx/ecg-maya-usd/maya-usd/lib/usd/ui/importDialog/USDImportDialogCmd.h
    -- promoting: /local/S/jenkins/workspace/ecg-mayausd-branch-preflight-2020-pxrusd-mid1-osx/ecg-maya-usd/maya-usd/lib/usd/ui/importDialog/USDQtUtil.h
    -- promoting: /local/S/jenkins/workspace/ecg-mayausd-branch-preflight-2020-pxrusd-mid1-osx/ecg-maya-usd/maya-usd/lib/usd/ui/api.h
    -- promoting: /local/S/jenkins/workspace/ecg-mayausd-branch-preflight-2020-pxrusd-mid1-osx/ecg-maya-usd/maya-usd/lib/usd/ui/initStringResources.h
    ========== Pixar USD Plugin ==========
    Compiling /local/S/jenkins/workspace/ecg-mayausd-branch-preflight-2020-pxrusd-mid1-osx/build/RelWithDebInfo/plugin/pxr/__init__.py ...
    ========== AL USD Plugin ==========
    CMake Deprecation Warning at plugin/al/CMakeLists.txt:7 (cmake_policy):
      The OLD behavior for policy CMP0026 will be removed from a future version
      of CMake.
    
      The cmake-policies(7) manual explains that the OLD behaviors of all
      policies are deprecated and that a policy should be set to OLD only under
      specific short-term circumstances.  Projects should be ported to the NEW
      behavior and not rely on setting a policy to OLD.
    
    
    -- Found Boost 1.70.0 at /local/S/jenkins/workspace/shared/Artifactory/OSX/USD/cae4017/lib/cmake/Boost-1.70.0
    --   Requested configuration: QUIET REQUIRED
    -- Found boost_headers 1.70.0 at /local/S/jenkins/workspace/shared/Artifactory/OSX/USD/cae4017/lib/cmake/boost_headers-1.70.0
    -- Boost  found.
    -- Found Boost 1.70.0 at /local/S/jenkins/workspace/shared/Artifactory/OSX/USD/cae4017/lib/cmake/Boost-1.70.0
    --   Requested configuration: QUIET REQUIRED COMPONENTS python
    -- Found boost_python 1.70.0 at /local/S/jenkins/workspace/shared/Artifactory/OSX/USD/cae4017/lib/cmake/boost_python-1.70.0
    --   libboost_python27.dylib
    -- Adding boost_python dependencies: headers
    -- Boost  found.
    -- Found Boost components:
       python
    -- Found GTest: /local/S/jenkins/workspace/ecg-mayausd-branch-preflight-2020-pxrusd-mid1-osx/build/RelWithDebInfo/googletest-install/lib/libgtest.dylib
    -- Building AL_USDMayaSchemas
    Processing schema classes:
    ALModelAPI, ALFrameRange
    Loading Templates from /local/S/jenkins/workspace/shared/Artifactory/OSX/USD/cae4017/lib/usd/usd/resources/codegenTemplates
    Writing API:
    	    wrote /local/S/jenkins/workspace/ecg-mayausd-branch-preflight-2020-pxrusd-mid1-osx/build/RelWithDebInfo/plugin/al/schemas/AL/usd/schemas/maya/api.h
    Writing Schema Tokens:
    	    wrote /local/S/jenkins/workspace/ecg-mayausd-branch-preflight-2020-pxrusd-mid1-osx/build/RelWithDebInfo/plugin/al/schemas/AL/usd/schemas/maya/tokens.h
    	    wrote /local/S/jenkins/workspace/ecg-mayausd-branch-preflight-2020-pxrusd-mid1-osx/build/RelWithDebInfo/plugin/al/schemas/AL/usd/schemas/maya/tokens.cpp
    	    wrote /local/S/jenkins/workspace/ecg-mayausd-branch-preflight-2020-pxrusd-mid1-osx/build/RelWithDebInfo/plugin/al/schemas/AL/usd/schemas/maya/wrapTokens.cpp
    Generating Classes:
    	    wrote /local/S/jenkins/workspace/ecg-mayausd-branch-preflight-2020-pxrusd-mid1-osx/build/RelWithDebInfo/plugin/al/schemas/AL/usd/schemas/maya/ModelAPI.h
    	    wrote /local/S/jenkins/workspace/ecg-mayausd-branch-preflight-2020-pxrusd-mid1-osx/build/RelWithDebInfo/plugin/al/schemas/AL/usd/schemas/maya/ModelAPI.cpp
    	    wrote /local/S/jenkins/workspace/ecg-mayausd-branch-preflight-2020-pxrusd-mid1-osx/build/RelWithDebInfo/plugin/al/schemas/AL/usd/schemas/maya/wrapModelAPI.cpp
    	    wrote /local/S/jenkins/workspace/ecg-mayausd-branch-preflight-2020-pxrusd-mid1-osx/build/RelWithDebInfo/plugin/al/schemas/AL/usd/schemas/maya/FrameRange.h
    	    wrote /local/S/jenkins/workspace/ecg-mayausd-branch-preflight-2020-pxrusd-mid1-osx/build/RelWithDebInfo/plugin/al/schemas/AL/usd/schemas/maya/FrameRange.cpp
    	    wrote /local/S/jenkins/workspace/ecg-mayausd-branch-preflight-2020-pxrusd-mid1-osx/build/RelWithDebInfo/plugin/al/schemas/AL/usd/schemas/maya/wrapFrameRange.cpp
    Loading Templates from /local/S/jenkins/workspace/shared/Artifactory/OSX/USD/cae4017/lib/usd/usd/resources/codegenTemplates
    	    wrote /local/S/jenkins/workspace/ecg-mayausd-branch-preflight-2020-pxrusd-mid1-osx/build/RelWithDebInfo/plugin/al/schemas/AL/usd/schemas/maya/plugInfo.json
    Generating Schematics:
    	    wrote /local/S/jenkins/workspace/ecg-mayausd-branch-preflight-2020-pxrusd-mid1-osx/build/RelWithDebInfo/plugin/al/schemas/AL/usd/schemas/maya/generatedSchema.usda
    Processing schema classes:
    ALExamplePolyCubeNode
    Loading Templates from /local/S/jenkins/workspace/shared/Artifactory/OSX/USD/cae4017/lib/usd/usd/resources/codegenTemplates
    Writing API:
    	    wrote /local/S/jenkins/workspace/ecg-mayausd-branch-preflight-2020-pxrusd-mid1-osx/build/RelWithDebInfo/plugin/al/schemas/AL/usd/schemas/mayatest/api.h
    Writing Schema Tokens:
    	    wrote /local/S/jenkins/workspace/ecg-mayausd-branch-preflight-2020-pxrusd-mid1-osx/build/RelWithDebInfo/plugin/al/schemas/AL/usd/schemas/mayatest/tokens.h
    	    wrote /local/S/jenkins/workspace/ecg-mayausd-branch-preflight-2020-pxrusd-mid1-osx/build/RelWithDebInfo/plugin/al/schemas/AL/usd/schemas/mayatest/tokens.cpp
    	    wrote /local/S/jenkins/workspace/ecg-mayausd-branch-preflight-2020-pxrusd-mid1-osx/build/RelWithDebInfo/plugin/al/schemas/AL/usd/schemas/mayatest/wrapTokens.cpp
    Generating Classes:
    	    wrote /local/S/jenkins/workspace/ecg-mayausd-branch-preflight-2020-pxrusd-mid1-osx/build/RelWithDebInfo/plugin/al/schemas/AL/usd/schemas/mayatest/ExamplePolyCubeNode.h
    	    wrote /local/S/jenkins/workspace/ecg-mayausd-branch-preflight-2020-pxrusd-mid1-osx/build/RelWithDebInfo/plugin/al/schemas/AL/usd/schemas/mayatest/ExamplePolyCubeNode.cpp
    	    wrote /local/S/jenkins/workspace/ecg-mayausd-branch-preflight-2020-pxrusd-mid1-osx/build/RelWithDebInfo/plugin/al/schemas/AL/usd/schemas/mayatest/wrapExamplePolyCubeNode.cpp
    Loading Templates from /local/S/jenkins/workspace/shared/Artifactory/OSX/USD/cae4017/lib/usd/usd/resources/codegenTemplates
    	    wrote /local/S/jenkins/workspace/ecg-mayausd-branch-preflight-2020-pxrusd-mid1-osx/build/RelWithDebInfo/plugin/al/schemas/AL/usd/schemas/mayatest/plugInfo.json
    Generating Schematics:
    	    wrote /local/S/jenkins/workspace/ecg-mayausd-branch-preflight-2020-pxrusd-mid1-osx/build/RelWithDebInfo/plugin/al/schemas/AL/usd/schemas/mayatest/generatedSchema.usda
    -- Building AL_USDMayaTranslators
    ========== ADSK USD Plugin ==========
    -- Configuring done
    -- Generating done
    -- Build files have been written to: /local/S/jenkins/workspace/ecg-mayausd-branch-preflight-2020-pxrusd-mid1-osx/build/RelWithDebInfo
    
        Building with settings:
          Source directory          /local/S/jenkins/workspace/ecg-mayausd-branch-preflight-2020-pxrusd-mid1-osx/ecg-maya-usd/maya-usd
          Workspace directory       /local/S/jenkins/workspace/ecg-mayausd-branch-preflight-2020-pxrusd-mid1-osx
          Build directory           /local/S/jenkins/workspace/ecg-mayausd-branch-preflight-2020-pxrusd-mid1-osx/build/RelWithDebInfo
          Install directory         /local/S/jenkins/workspace/ecg-mayausd-branch-preflight-2020-pxrusd-mid1-osx/install/RelWithDebInfo/MayaUSD
          Variant                   RelWithDebInfo
          Python Debug              Off
          CMake generator           Ninja
          Build arguments           ['-DCMAKE_MAKE_PROGRAM=/local/S/jenkins/workspace/shared/Artifactory/OSX/ninja/1.9.0/41005eb/ninja', '-DPYTHON_INCLUDE_DIR=/local/S/jenkins/workspace/shared/Artifactory/OSX/rundev-2020/202107140359/runtime/446214e/runTime/Maya.app/Contents/Frameworks/Python.framework/Versions/Current/include/python2.7', '-DPython_EXECUTABLE=/local/S/jenkins/workspace/shared/Artifactory/OSX/rundev-2020/202107140359/runtime/446214e/runTime/Maya.app/Contents/bin/mayapy', '-DPYTHON_LIBRARIES=/local/S/jenkins/workspace/shared/Artifactory/OSX/rundev-2020/202107140359/runtime/446214e/runTime/Maya.app/Contents/Frameworks/Python.framework/Versions/Current/lib/libpython2.7.dylib', '-DMAYAUSD_TO_USD_RELATIVE_PATH=../USD', '-DCMAKE_WANT_MATERIALX_BUILD=ON', '-DCMAKE_PREFIX_PATH=/local/S/jenkins/workspace/shared/Artifactory/OSX/USD/cae4017']
          Stages arguments          ['configure']
          CTest arguments           ['-E testUsdReferenceAssemblySelection|testUsdMayaAppDir|TestALUSDMayaPython_LayerManager|testUsdExportAsClip', '-LE interactive', '--parallel 4']
    Success MayaUSD build and install !!!!
    Elapsed time: 00:00:35
[Pipeline] }
[Pipeline] // withEnv
[Pipeline] }
[Pipeline] // stage
[Pipeline] }
[Pipeline] // timestamps
[Pipeline] }
[Pipeline] // timeout
[Pipeline] timeout
Timeout set to expire in 6 hr 0 min
[Pipeline] {
[Pipeline] timestamps
[Pipeline] {
[Pipeline] stage
[Pipeline] { (Build)
[Pipeline] withEnv
[Pipeline] {
[Pipeline] sh
[ecg-mayausd-branch-preflight-2020-pxrusd-mid1-osx] Running shell script
+ python ecg-maya-usd/build.py --stages=build --workspace-dir=/local/S/jenkins/workspace/ecg-mayausd-branch-preflight-2020-pxrusd-mid1-osx --artifactory-dir=/local/S/jenkins/workspace/shared/Artifactory --build-dir=/local/S/jenkins/workspace/ecg-mayausd-branch-preflight-2020-pxrusd-mid1-osx/build --install-dir=/local/S/jenkins/workspace/ecg-mayausd-branch-preflight-2020-pxrusd-mid1-osx/install --signing-dir=/local/S/jenkins/workspace/ecg-mayausd-branch-preflight-2020-pxrusd-mid1-osx/signing --package-dir=/local/S/jenkins/workspace/ecg-mayausd-branch-preflight-2020-pxrusd-mid1-osx/package --output-dir=/local/S/jenkins/workspace/ecg-mayausd-branch-preflight-2020-pxrusd-mid1-osx/output --stash-dir=/local/S/jenkins/workspace/ecg-mayausd-branch-preflight-2020-pxrusd-mid1-osx/stash --jenkins-build=826 --git-commit=9d5802f6d92fab88d411b0a8c8f7003992929786 --git-branch=master --variants=RelWithDebInfo --python=2.7 --pxrusd-version=0.21.05-gold --post-zips=true --build-retry=3 --maya-cut-config=maya-rundev-2020.yaml --stage-banner
Using Maya cut from /local/S/jenkins/workspace/shared/Artifactory/OSX/rundev-2020/202107140359/runtime/446214e

================================================================================
                             build (RelWithDebInfo)
================================================================================
Maya Python RelWithDebInfo Info:
  mayapy executable   = /local/S/jenkins/workspace/shared/Artifactory/OSX/rundev-2020/202107140359/runtime/446214e/runTime/Maya.app/Contents/bin/mayapy
  Include Folder      = /local/S/jenkins/workspace/shared/Artifactory/OSX/rundev-2020/202107140359/runtime/446214e/runTime/Maya.app/Contents/Frameworks/Python.framework/Versions/Current/include/python2.7
  Library             = /local/S/jenkins/workspace/shared/Artifactory/OSX/rundev-2020/202107140359/runtime/446214e/runTime/Maya.app/Contents/Frameworks/Python.framework/Versions/Current/lib/libpython2.7.dylib
  site-package Folder = /local/S/jenkins/workspace/shared/Artifactory/OSX/rundev-2020/202107140359/runtime/446214e/runTime/Maya.app/Contents/Frameworks/Python.framework/Versions/Current/lib/python2.7/site-packages
In workdir: /local/S/jenkins/workspace/ecg-mayausd-branch-preflight-2020-pxrusd-mid1-osx/ecg-maya-usd/maya-usd
Executing: /local/S/jenkins/workspace/shared/Artifactory/OSX/rundev-2020/202107140359/runtime/446214e/runTime/Maya.app/Contents/bin/mayapy /local/S/jenkins/workspace/ecg-mayausd-branch-preflight-2020-pxrusd-mid1-osx/ecg-maya-usd/maya-usd/build.py --generator Ninja --build-relwithdebug --maya-location /local/S/jenkins/workspace/shared/Artifactory/OSX/rundev-2020/202107140359/runtime/446214e/runTime --devkit-location /local/S/jenkins/workspace/shared/Artifactory/OSX/rundev-2020/202107140359/runtime/446214e/devkitBase --pxrusd-location /local/S/jenkins/workspace/shared/Artifactory/OSX/USD/cae4017 --qt-location /local/S/jenkins/workspace/shared/Artifactory/OSX/qt/5.12.5/3ca78fe --build-args=-DCMAKE_MAKE_PROGRAM=/local/S/jenkins/workspace/shared/Artifactory/OSX/ninja/1.9.0/41005eb/ninja,-DPYTHON_INCLUDE_DIR=/local/S/jenkins/workspace/shared/Artifactory/OSX/rundev-2020/202107140359/runtime/446214e/runTime/Maya.app/Contents/Frameworks/Python.framework/Versions/Current/include/python2.7,-DPython_EXECUTABLE=/local/S/jenkins/workspace/shared/Artifactory/OSX/rundev-2020/202107140359/runtime/446214e/runTime/Maya.app/Contents/bin/mayapy,-DPYTHON_LIBRARIES=/local/S/jenkins/workspace/shared/Artifactory/OSX/rundev-2020/202107140359/runtime/446214e/runTime/Maya.app/Contents/Frameworks/Python.framework/Versions/Current/lib/libpython2.7.dylib,-DMAYAUSD_TO_USD_RELATIVE_PATH=../USD,-DCMAKE_WANT_MATERIALX_BUILD=ON,-DCMAKE_PREFIX_PATH=/local/S/jenkins/workspace/shared/Artifactory/OSX/USD/cae4017 '--ctest-args=-E testUsdReferenceAssemblySelection|testUsdMayaAppDir|TestALUSDMayaPython_LayerManager|testUsdExportAsClip,-LE interactive,--parallel 4' --stages=build --redirect-outstream-file=False --install-location /local/S/jenkins/workspace/ecg-mayausd-branch-preflight-2020-pxrusd-mid1-osx/install/RelWithDebInfo/MayaUSD /local/S/jenkins/workspace/ecg-mayausd-branch-preflight-2020-pxrusd-mid1-osx
Modified environment variables:
    PATH=/local/S/jenkins/workspace/shared/Artifactory/OSX/cmake/3.14.4/e159059/bin:/usr/local/bin:/bin:/usr/sbin:/sbin:/usr/bin
    [1/648] Building CXX object test/lib/usd/plugin/CMakeFiles/usdTestApiWriter.dir/plugin.cpp.o
    [2/648] Building CXX object test/lib/usd/plugin/CMakeFiles/usdTestInfoImportChaser.dir/plugin.cpp.o
    [3/648] Building CXX object test/lib/usd/plugin/CMakeFiles/usdTestMayaPlugin.dir/plugin.cpp.o
    [4/648] Building CXX object test/lib/usd/plugin/CMakeFiles/usdTestInfoImportChaser.dir/infoImportChaser.cpp.o
    [5/648] Building CXX object test/lib/usd/plugin/CMakeFiles/usdTestApiWriter.dir/nullApiExporter.cpp.o
    [6/648] Building CXX object test/lib/usd/utils/CMakeFiles/testMergePrims.dir/main.cpp.o
    [7/648] Building CXX object test/lib/usd/plugin/CMakeFiles/usdTestUsdPlugin.dir/mayaShaderTranslation.cpp.o
    [8/648] Building CXX object test/lib/usd/plugin/CMakeFiles/usdTestMayaPlugin.dir/mayaShaderTranslation.cpp.o
    [9/648] Building CXX object test/lib/usd/utils/CMakeFiles/testDiffComputeOverall.dir/main.cpp.o
    [10/648] Building CXX object test/lib/usd/utils/CMakeFiles/testDiffPrims.dir/main.cpp.o
    [11/648] Building CXX object test/lib/usd/utils/CMakeFiles/testDiffComputeOverall.dir/test_DiffComputeOverall.cpp.o
    [12/648] Building CXX object test/lib/usd/utils/CMakeFiles/testDiffPrims.dir/test_DiffPrimsAttributes.cpp.o
    [13/648] Building CXX object test/lib/usd/utils/CMakeFiles/testMergePrims.dir/test_MergePrims.cpp.o
    [14/648] Building CXX object test/lib/usd/utils/CMakeFiles/testDiffPrims.dir/test_DiffPrimsRelations.cpp.o
    [15/648] Building CXX object test/lib/usd/utils/CMakeFiles/testDiffDictionaries.dir/main.cpp.o
    [16/648] Building CXX object test/lib/usd/utils/CMakeFiles/testDiffLists.dir/main.cpp.o
    [17/648] Building CXX object test/lib/usd/utils/CMakeFiles/testDiffPrims.dir/test_DiffPrims.cpp.o
    [18/648] Building CXX object test/lib/usd/utils/CMakeFiles/testDiffPrims.dir/test_DiffPrimsChildren.cpp.o
    [19/648] Building CXX object test/lib/usd/utils/CMakeFiles/testDiffDictionaries.dir/test_DiffDictionaries.cpp.o
    [20/648] Building CXX object test/lib/usd/utils/CMakeFiles/testDiffAttributes.dir/main.cpp.o
    [21/648] Building CXX object test/lib/usd/utils/CMakeFiles/testDiffCore.dir/main.cpp.o
    [22/648] Building CXX object test/lib/usd/utils/CMakeFiles/testDiffMetadatas.dir/main.cpp.o
    [23/648] Building CXX object test/lib/usd/utils/CMakeFiles/testDiffCore.dir/test_DiffCore.cpp.o
    [24/648] Building CXX object test/lib/usd/utils/CMakeFiles/testDiffLists.dir/test_DiffLists.cpp.o
    [25/648] Building CXX object test/lib/usd/utils/CMakeFiles/testDiffValues.dir/main.cpp.o
    [26/648] Building CXX object test/lib/usd/utils/CMakeFiles/testDiffAttributes.dir/test_DiffAttributes.cpp.o
    [27/648] Building CXX object test/lib/usd/utils/CMakeFiles/testDiffMetadatas.dir/test_DiffMetadatas.cpp.o
    [28/648] Building CXX object test/lib/usd/utils/CMakeFiles/testDiffValues.dir/test_DiffValues.cpp.o
    [29/648] Building CXX object test/lib/usd/utils/CMakeFiles/testDiffValues.dir/test_DiffValuesArrays.cpp.o
    [30/648] Building CXX object test/lib/usd/utils/CMakeFiles/testDiffValues.dir/test_DiffValuesGeneric.cpp.o
    [31/648] Building CXX object test/lib/usd/utils/CMakeFiles/testDiffValues.dir/test_DiffValuesMatrices.cpp.o
    [32/648] Building CXX object test/lib/usd/utils/CMakeFiles/testDiffValues.dir/test_DiffValuesQuaternions.cpp.o
    [33/648] Building CXX object test/lib/usd/utils/CMakeFiles/testDiffValues.dir/test_DiffValuesDoubleVecs.cpp.o
    [34/648] Building CXX object test/lib/usd/utils/CMakeFiles/testDiffRelationships.dir/main.cpp.o
    [35/648] Building CXX object test/lib/usd/utils/CMakeFiles/testDiffValues.dir/test_DiffValuesFloatVecs.cpp.o
    [36/648] Building CXX object test/lib/usd/utils/CMakeFiles/testDiffValues.dir/test_DiffValuesHalfVecs.cpp.o
    [37/648] Building CXX object lib/mayaUsd/CMakeFiles/mayaUsd.dir/base/debugCodes.cpp.o
    [38/648] Building CXX object lib/mayaUsd/CMakeFiles/mayaUsd.dir/base/tokens.cpp.o
    [39/648] Building CXX object test/lib/usd/utils/CMakeFiles/testDiffValues.dir/test_DiffValuesIntVecs.cpp.o
    [40/648] Building CXX object test/lib/usd/utils/CMakeFiles/testDiffRelationships.dir/test_DiffRelationships.cpp.o
    [41/648] Building CXX object lib/mayaUsd/CMakeFiles/mayaUsd.dir/commands/baseListJobContextsCommand.cpp.o
    [42/648] Building CXX object lib/mayaUsd/CMakeFiles/mayaUsd.dir/commands/baseImportCommand.cpp.o
    [43/648] Building CXX object lib/mayaUsd/CMakeFiles/mayaUsd.dir/commands/baseExportCommand.cpp.o
    FAILED: lib/mayaUsd/CMakeFiles/mayaUsd.dir/commands/baseExportCommand.cpp.o
    /Applications/Xcode.app/Contents/Developer/Toolchains/XcodeDefault.xctoolchain/usr/bin/c++  -DBUILD_HDMAYA -DMAYAUSD_CORE_EXPORT -DMAYAUSD_MACROS_EXPORT -DMAYAUSD_VERSION=0.16.0 -DMAYA_PY_VERSION=2 -DMAYA_USD_VERSION=0.21.05 -DMFB_ALT_PACKAGE_NAME=\"mayaUsd\" -DMFB_PACKAGE_MODULE=\"mayaUsd\" -DMFB_PACKAGE_NAME=\"mayaUsd\" -DOSMac_ -DPXR_PLUGINPATH_NAME=PXR_PLUGINPATH_NAME -DPXR_PYTHON_ENABLED=1 -DTBB_SUPPRESS_DEPRECATED_MESSAGES -DWANT_QT_BUILD -DWANT_UFE_BUILD -DmayaUsd_EXPORTS -I/local/S/jenkins/workspace/shared/Artifactory/OSX/rundev-2020/202107140359/runtime/446214e/runTime/include -I/local/S/jenkins/workspace/shared/Artifactory/OSX/rundev-2020/202107140359/runtime/446214e/devkitBase/devkit/ufe/include -Iinclude -I_deps/gulrak-src/include -isystem /local/S/jenkins/workspace/shared/Artifactory/OSX/USD/cae4017/include -isystem /local/S/jenkins/workspace/shared/Artifactory/OSX/rundev-2020/202107140359/runtime/446214e/runTime/Maya.app/Contents/Frameworks/Python.framework/Versions/Current/include/python2.7 -O2 -g -DNDEBUG -arch x86_64 -isysroot /Applications/Xcode.app/Contents/Developer/Platforms/MacOSX.platform/Developer/SDKs/MacOSX10.14.sdk -fPIC   -Wall -Werror -msse3 -Wno-deprecated -Wno-deprecated-declarations -Wno-unused-local-typedefs -Wrange-loop-analysis -std=c++14 -MD -MT lib/mayaUsd/CMakeFiles/mayaUsd.dir/commands/baseExportCommand.cpp.o -MF lib/mayaUsd/CMakeFiles/mayaUsd.dir/commands/baseExportCommand.cpp.o.d -o lib/mayaUsd/CMakeFiles/mayaUsd.dir/commands/baseExportCommand.cpp.o -c /local/S/jenkins/workspace/ecg-mayausd-branch-preflight-2020-pxrusd-mid1-osx/ecg-maya-usd/maya-usd/lib/mayaUsd/commands/baseExportCommand.cpp
    clang: error: unable to execute command: Segmentation fault: 11
    clang: error: clang frontend command failed due to signal (use -v to see invocation)
    Apple LLVM version 10.0.1 (clang-1001.0.46.4)
    Target: x86_64-apple-darwin18.2.0
    Thread model: posix
    InstalledDir: /Applications/Xcode.app/Contents/Developer/Toolchains/XcodeDefault.xctoolchain/usr/bin
    clang: note: diagnostic msg: PLEASE submit a bug report to http://developer.apple.com/bugreporter/ and include the crash backtrace, preprocessed source, and associated run script.
    clang: note: diagnostic msg:
    ********************
    
    PLEASE ATTACH THE FOLLOWING FILES TO THE BUG REPORT:
    Preprocessed source(s) and associated run script(s) are located at:
    clang: note: diagnostic msg: /var/folders/cc/h3hp1kt14rv3j5t_lybwwgqh0000gp/T/baseExportCommand-c35015.cpp
    clang: note: diagnostic msg: /var/folders/cc/h3hp1kt14rv3j5t_lybwwgqh0000gp/T/baseExportCommand-c35015.sh
    clang: note: diagnostic msg: Crash backtrace is located in
    clang: note: diagnostic msg: /Users/administrator/Library/Logs/DiagnosticReports/clang_<YYYY-MM-DD-HHMMSS>_<hostname>.crash
    clang: note: diagnostic msg: (choose the .crash file that corresponds to your crash)
    clang: note: diagnostic msg:
    
    ********************
    [44/648] Building CXX object lib/mayaUsd/CMakeFiles/mayaUsd.dir/commands/baseListShadingModesCommand.cpp.o
    [45/648] Building CXX object lib/mayaUsd/CMakeFiles/mayaUsd.dir/commands/editTargetCommand.cpp.o
    [46/648] Building CXX object lib/mayaUsd/CMakeFiles/mayaUsd.dir/commands/layerEditorCommand.cpp.o
    ninja: build stopped: subcommand failed.
    
        Building with settings:
          Source directory          /local/S/jenkins/workspace/ecg-mayausd-branch-preflight-2020-pxrusd-mid1-osx/ecg-maya-usd/maya-usd
          Workspace directory       /local/S/jenkins/workspace/ecg-mayausd-branch-preflight-2020-pxrusd-mid1-osx
          Build directory           /local/S/jenkins/workspace/ecg-mayausd-branch-preflight-2020-pxrusd-mid1-osx/build/RelWithDebInfo
          Install directory         /local/S/jenkins/workspace/ecg-mayausd-branch-preflight-2020-pxrusd-mid1-osx/install/RelWithDebInfo/MayaUSD
          Variant                   RelWithDebInfo
          Python Debug              Off
          CMake generator           Ninja
          Build arguments           ['-DCMAKE_MAKE_PROGRAM=/local/S/jenkins/workspace/shared/Artifactory/OSX/ninja/1.9.0/41005eb/ninja', '-DPYTHON_INCLUDE_DIR=/local/S/jenkins/workspace/shared/Artifactory/OSX/rundev-2020/202107140359/runtime/446214e/runTime/Maya.app/Contents/Frameworks/Python.framework/Versions/Current/include/python2.7', '-DPython_EXECUTABLE=/local/S/jenkins/workspace/shared/Artifactory/OSX/rundev-2020/202107140359/runtime/446214e/runTime/Maya.app/Contents/bin/mayapy', '-DPYTHON_LIBRARIES=/local/S/jenkins/workspace/shared/Artifactory/OSX/rundev-2020/202107140359/runtime/446214e/runTime/Maya.app/Contents/Frameworks/Python.framework/Versions/Current/lib/libpython2.7.dylib', '-DMAYAUSD_TO_USD_RELATIVE_PATH=../USD', '-DCMAKE_WANT_MATERIALX_BUILD=ON', '-DCMAKE_PREFIX_PATH=/local/S/jenkins/workspace/shared/Artifactory/OSX/USD/cae4017']
          Stages arguments          ['build']
          CTest arguments           ['-E testUsdReferenceAssemblySelection|testUsdMayaAppDir|TestALUSDMayaPython_LayerManager|testUsdExportAsClip', '-LE interactive', '--parallel 4']
    #####################################################################################
    log date: 2022-02-10 10:07
    commit sha: 8d4f6e6ae4916eb4ee44bb4ad6fb3f966c1af4e3
    commit date: Thu Feb 10 10:05:34 2022 -0800
    #####################################################################################
    
    cmake --build . --config RelWithDebInfo  -- -j4
    
    Traceback (most recent call last):
      File "/local/S/jenkins/workspace/ecg-mayausd-branch-preflight-2020-pxrusd-mid1-osx/ecg-maya-usd/maya-usd/build.py", line 602, in <module>
        BuildAndInstall(context, context.buildArgs, context.stagesArgs)
      File "/local/S/jenkins/workspace/ecg-mayausd-branch-preflight-2020-pxrusd-mid1-osx/ecg-maya-usd/maya-usd/build.py", line 371, in BuildAndInstall
        RunCMake(context, extraArgs, stagesArgs)
      File "/local/S/jenkins/workspace/ecg-mayausd-branch-preflight-2020-pxrusd-mid1-osx/ecg-maya-usd/maya-usd/build.py", line 287, in RunCMake
        multiproc=FormatMultiProcs(context.numJobs, generator)))
      File "/local/S/jenkins/workspace/ecg-mayausd-branch-preflight-2020-pxrusd-mid1-osx/ecg-maya-usd/maya-usd/build.py", line 165, in Run
        .format(cmd=cmd, log=os.path.abspath(context.logFileLocation)))
    RuntimeError: Failed to run 'cmake --build . --config RelWithDebInfo  -- -j4'
    See /local/S/jenkins/workspace/ecg-mayausd-branch-preflight-2020-pxrusd-mid1-osx/build/RelWithDebInfo/build_log.txt for more details.
build.py: error: Command failed with error code: 1
[Pipeline] }
[Pipeline] // withEnv
[Pipeline] }
[Pipeline] // stage
[Pipeline] }
[Pipeline] // timestamps
[Pipeline] }
[Pipeline] // timeout
[Pipeline] emailextrecipients
[Pipeline] isUnix
[Pipeline] echo
Sending notification via SendGrid.
Sending email to sean.donnelly@autodesk.com
[Pipeline] withCredentials
[Pipeline] {
[Pipeline] sh
[ecg-mayausd-branch-preflight-2020-pxrusd-mid1-osx] Running shell script
[Pipeline] }
[Pipeline] // withCredentials
[Pipeline] }
[Pipeline] // node
[Pipeline] End of Pipeline
ERROR: script returned exit code 1
Finished: FAILURE
