================================================================================
                               cleanup (Finalize)
================================================================================
Cleaning up workspace
Deleting subst P:
Deleting subst W:
[Pipeline] }
[Pipeline] // withEnv
[Pipeline] withEnv
[Pipeline] {
[Pipeline] bat
[ecg-mayausd-branch-preflight-python3-windows] Running batch script
Subst W: S:\jenkins\workspace\ecg-mayausd-branch-preflight-python3-windows
Subst P: S:\jenkins\workspace
"C:\Program Files (x86)\Microsoft Visual Studio\2017\Professional\VC\Auxiliary\Build\vcvarsall.bat" x64
**********************************************************************
** Visual Studio 2017 Developer Command Prompt v15.9.15
** Copyright (c) 2017 Microsoft Corporation
**********************************************************************
[vcvarsall.bat] Environment initialized for: 'x64'
python ecg-maya-usd/build.py --stages=cleanup --workspace-dir=W:\ --artifactory-dir=P:\shared\Artifactory --build-dir=W:\build --install-dir=W:\install --signing-dir=W:\signing --package-dir=W:\package --output-dir=W:\output --stash-dir=W:\stash --jenkins-build=863 --git-commit=43095a6df3de284d65b0ddb5febabee3b2c97240 --git-branch=master --variants=RelWithDebInfo --python=3 --post-zips=false --maya-cut-config=maya-rundev-master.yaml --stage-banner
Using Maya cut from P:\shared\Artifactory\Windows\rundev-master\202105010915\runtime\2b1d1cc

================================================================================
                               cleanup (Finalize)
================================================================================
Cleaning up workspace
Deleting subst P:
Deleting subst W:
[Pipeline] }
[Pipeline] // withEnv
[Pipeline] }
[Pipeline] // stage
[Pipeline] }
[Pipeline] // timestamps
[Pipeline] }
[Pipeline] // timeout
[Pipeline] }
[Pipeline] // node
[Pipeline] End of Pipeline
Finished: SUCCESS
