[2023-05-11T13:33:01.590Z] ================================================================================
[2023-05-11T13:33:01.590Z]                              setup (RelWithDebInfo)
[2023-05-11T13:33:01.590Z] ================================================================================
[2023-05-11T13:33:01.590Z] Installing license file 'melicense.lic'.
[Pipeline] }
[Pipeline] // withEnv
[Pipeline] }
[Pipeline] // timeout
[Pipeline] }
[Pipeline] // stage
[Pipeline] }
[Pipeline] // timestamps
[Pipeline] timestamps
[Pipeline] {
[Pipeline] stage
[Pipeline] { (Clean)
[Pipeline] timeout
[2023-05-11T13:33:01.874Z] Timeout set to expire in 6 hr 0 min
[Pipeline] {
[Pipeline] withEnv
[Pipeline] {
[Pipeline] sh
[2023-05-11T13:33:03.952Z] + python ecg-maya-usd/build.py --stages=clean --workspace-dir=/local/S/jenkins/workspace/ECP/ecg-maya-usd/ecg-mayausd-branch-preflight-2024-python3-osx --artifactory-dir=/local/S/jenkins/workspace/shared/Artifactory --build-dir=/local/S/jenkins/workspace/ECP/ecg-maya-usd/ecg-mayausd-branch-preflight-2024-python3-osx/build --install-dir=/local/S/jenkins/workspace/ECP/ecg-maya-usd/ecg-mayausd-branch-preflight-2024-python3-osx/install --signing-dir=/local/S/jenkins/workspace/ECP/ecg-maya-usd/ecg-mayausd-branch-preflight-2024-python3-osx/signing --package-dir=/local/S/jenkins/workspace/ECP/ecg-maya-usd/ecg-mayausd-branch-preflight-2024-python3-osx/package --output-dir=/local/S/jenkins/workspace/ECP/ecg-maya-usd/ecg-mayausd-branch-preflight-2024-python3-osx/output --stash-dir=/local/S/jenkins/workspace/ECP/ecg-maya-usd/ecg-mayausd-branch-preflight-2024-python3-osx/stash --jenkins-build=316 --git-commit=7a9971d0ce8a2da859477ecee43fff7e676e8bd9 --git-branch=master --variants=RelWithDebInfo --python=3.10 --post-zips=false --osx-binary-architecture-target=ub2 --osx-deployment-target=11.0 --osx-base-sdk=CurrentActiveSDK --maya-cut-config=maya-rundev-2024.yaml --maya-package=rundev-2024 --stage-banner
[2023-05-11T13:33:03.952Z] Using Maya cut from /local/S/jenkins/workspace/shared/Artifactory/OSX/rundev-2024/202305101415/runtime/b3d0572
[2023-05-11T13:33:03.952Z] Using Maya ADSK Signatures from /local/S/jenkins/workspace/shared/Artifactory/OSX/adsk-plugin-signatures-maya/2023/3ae1ae7
[2023-05-11T13:33:03.952Z] Using Maya Security Library from /local/S/jenkins/workspace/shared/Artifactory/OSX/maya-security-library/3.4.0/5e08f3e
[2023-05-11T13:33:03.952Z] 
[2023-05-11T13:33:03.952Z] ================================================================================
[2023-05-11T13:33:03.952Z]                              clean (RelWithDebInfo)
[2023-05-11T13:33:03.952Z] ================================================================================
[2023-05-11T13:33:03.952Z] Maya Python RelWithDebInfo Info:
[2023-05-11T13:33:03.952Z]   mayapy executable   = /local/S/jenkins/workspace/shared/Artifactory/OSX/rundev-2024/202305101415/runtime/b3d0572/runTime/Maya.app/Contents/bin/mayapy
[2023-05-11T13:33:03.952Z]   Include Folder      = /local/S/jenkins/workspace/shared/Artifactory/OSX/rundev-2024/202305101415/runtime/b3d0572/runTime/Maya.app/Contents/Frameworks/Python.framework/Versions/Current/include/python3.10
[2023-05-11T13:33:03.952Z]   Library             = /local/S/jenkins/workspace/shared/Artifactory/OSX/rundev-2024/202305101415/runtime/b3d0572/runTime/Maya.app/Contents/Frameworks/Python.framework/Versions/Current/lib/libpython3.10.dylib
[2023-05-11T13:33:03.952Z]   site-package Folder = /local/S/jenkins/workspace/shared/Artifactory/OSX/rundev-2024/202305101415/runtime/b3d0572/runTime/Maya.app/Contents/Frameworks/Python.framework/Versions/Current/lib/python3.10/site-packages
[2023-05-11T13:33:17.577Z] Adding Python package requirements: ['/local/S/jenkins/workspace/shared/Artifactory/OSX/rundev-2024/202305101415/runtime/b3d0572/runTime/Maya.app/Contents/bin/mayapy', '-m', 'pip', 'install', '-t', '/local/S/jenkins/workspace/shared/Artifactory/OSX/rundev-2024/202305101415/runtime/b3d0572/runTime/Maya.app/Contents/Frameworks/Python.framework/Versions/Current/lib/python3.10/site-packages', '-r', 'python_requirements.txt']
[2023-05-11T13:33:20.215Z] In workdir: /Volumes/DATA/local/S/jenkins/workspace/ECP/ecg-maya-usd/ecg-mayausd-branch-preflight-2024-python3-osx/ecg-maya-usd/maya-usd
[2023-05-11T13:33:20.215Z] Executing: arch -arch arm64 /local/S/jenkins/workspace/shared/Artifactory/OSX/rundev-2024/202305101415/runtime/b3d0572/runTime/Maya.app/Contents/bin/mayapy /Volumes/DATA/local/S/jenkins/workspace/ECP/ecg-maya-usd/ecg-mayausd-branch-preflight-2024-python3-osx/ecg-maya-usd/maya-usd/build.py --generator Ninja --build-relwithdebug --maya-location /local/S/jenkins/workspace/shared/Artifactory/OSX/rundev-2024/202305101415/runtime/b3d0572/runTime --devkit-location /local/S/jenkins/workspace/shared/Artifactory/OSX/rundev-2024/202305101415/runtime/b3d0572/devkitBase --pxrusd-location /local/S/jenkins/workspace/shared/Artifactory/OSX/USD/736e9b6 --qt-location /local/S/jenkins/workspace/shared/Artifactory/OSX/qt/5.15.2/12f6c7d --materialx --build-args=-DCMAKE_MAKE_PROGRAM=/local/S/jenkins/workspace/shared/Artifactory/OSX/ninja/1.10.2/95d0ca5/ninja,-DPYTHON_INCLUDE_DIR=/local/S/jenkins/workspace/shared/Artifactory/OSX/rundev-2024/202305101415/runtime/b3d0572/runTime/Maya.app/Contents/Frameworks/Python.framework/Versions/Current/include/python3.10,-DPython_EXECUTABLE=/local/S/jenkins/workspace/shared/Artifactory/OSX/rundev-2024/202305101415/runtime/b3d0572/runTime/Maya.app/Contents/bin/mayapy,-DPYTHON_LIBRARIES=/local/S/jenkins/workspace/shared/Artifactory/OSX/rundev-2024/202305101415/runtime/b3d0572/runTime/Maya.app/Contents/Frameworks/Python.framework/Versions/Current/lib/libpython3.10.dylib,-DBUILD_WITH_PYTHON_3=ON,-DBUILD_WITH_PYTHON_3_VERSION=3.10,-DBUILD_UB2=ON,-DBUILD_HDMAYA=OFF '--ctest-args=-E testUsdReferenceAssemblySelection|testUsdMayaAppDir,-LE interactive,--parallel 8' --stages=clean --redirect-outstream-file=False --install-location /local/S/jenkins/workspace/ECP/ecg-maya-usd/ecg-mayausd-branch-preflight-2024-python3-osx/install/RelWithDebInfo/MayaUSD /local/S/jenkins/workspace/ECP/ecg-maya-usd/ecg-mayausd-branch-preflight-2024-python3-osx
[2023-05-11T13:33:20.215Z] Modified environment variables:
[2023-05-11T13:33:20.215Z]     PATH=/local/S/jenkins/workspace/shared/Artifactory/OSX/cmake/3.20.3/2594509/bin:/opt/homebrew/bin:/usr/local/bin:/bin:/usr/sbin:/sbin:/usr/bin:/opt/homebrew/bin:/usr/local/bin:/bin:/usr/sbin:/sbin:/usr/bin:/usr/bin:/bin:/usr/sbin:/sbin
[2023-05-11T13:33:20.325Z]     
[2023-05-11T13:33:20.325Z]         Building with settings:
[2023-05-11T13:33:20.325Z]           Source directory          /Volumes/DATA/local/S/jenkins/workspace/ECP/ecg-maya-usd/ecg-mayausd-branch-preflight-2024-python3-osx/ecg-maya-usd/maya-usd
[2023-05-11T13:33:20.325Z]           Workspace directory       /local/S/jenkins/workspace/ECP/ecg-maya-usd/ecg-mayausd-branch-preflight-2024-python3-osx
[2023-05-11T13:33:20.325Z]           Build directory           /local/S/jenkins/workspace/ECP/ecg-maya-usd/ecg-mayausd-branch-preflight-2024-python3-osx/build/RelWithDebInfo
[2023-05-11T13:33:20.325Z]           Install directory         /local/S/jenkins/workspace/ECP/ecg-maya-usd/ecg-mayausd-branch-preflight-2024-python3-osx/install/RelWithDebInfo/MayaUSD
[2023-05-11T13:33:20.325Z]           Variant                   RelWithDebInfo
[2023-05-11T13:33:20.325Z]           Python Debug              Off
[2023-05-11T13:33:20.325Z]           CMake generator           Ninja
[2023-05-11T13:33:20.325Z]           Build arguments           ['-DCMAKE_MAKE_PROGRAM=/local/S/jenkins/workspace/shared/Artifactory/OSX/ninja/1.10.2/95d0ca5/ninja', '-DPYTHON_INCLUDE_DIR=/local/S/jenkins/workspace/shared/Artifactory/OSX/rundev-2024/202305101415/runtime/b3d0572/runTime/Maya.app/Contents/Frameworks/Python.framework/Versions/Current/include/python3.10', '-DPython_EXECUTABLE=/local/S/jenkins/workspace/shared/Artifactory/OSX/rundev-2024/202305101415/runtime/b3d0572/runTime/Maya.app/Contents/bin/mayapy', '-DPYTHON_LIBRARIES=/local/S/jenkins/workspace/shared/Artifactory/OSX/rundev-2024/202305101415/runtime/b3d0572/runTime/Maya.app/Contents/Frameworks/Python.framework/Versions/Current/lib/libpython3.10.dylib', '-DBUILD_WITH_PYTHON_3=ON', '-DBUILD_WITH_PYTHON_3_VERSION=3.10', '-DBUILD_UB2=ON', '-DBUILD_HDMAYA=OFF']
[2023-05-11T13:33:20.325Z]           Stages arguments          ['clean']
[2023-05-11T13:33:20.325Z]           CTest arguments           ['-E testUsdReferenceAssemblySelection|testUsdMayaAppDir', '-LE interactive', '--parallel 8']
[2023-05-11T13:33:20.325Z]     Success MayaUSD build and install !!!!
[2023-05-11T13:33:20.325Z]     Elapsed time: 00:00:00
[Pipeline] }
[Pipeline] // withEnv
[Pipeline] }
[Pipeline] // timeout
[Pipeline] }
[Pipeline] // stage
[Pipeline] }
[Pipeline] // timestamps
[Pipeline] timestamps
[Pipeline] {
[Pipeline] stage
[Pipeline] { (Configure)
[Pipeline] timeout
[2023-05-11T13:33:20.663Z] Timeout set to expire in 6 hr 0 min
[Pipeline] {
[Pipeline] withEnv
[Pipeline] {
[Pipeline] sh
[2023-05-11T13:33:21.981Z] + python ecg-maya-usd/build.py --stages=configure --workspace-dir=/local/S/jenkins/workspace/ECP/ecg-maya-usd/ecg-mayausd-branch-preflight-2024-python3-osx --artifactory-dir=/local/S/jenkins/workspace/shared/Artifactory --build-dir=/local/S/jenkins/workspace/ECP/ecg-maya-usd/ecg-mayausd-branch-preflight-2024-python3-osx/build --install-dir=/local/S/jenkins/workspace/ECP/ecg-maya-usd/ecg-mayausd-branch-preflight-2024-python3-osx/install --signing-dir=/local/S/jenkins/workspace/ECP/ecg-maya-usd/ecg-mayausd-branch-preflight-2024-python3-osx/signing --package-dir=/local/S/jenkins/workspace/ECP/ecg-maya-usd/ecg-mayausd-branch-preflight-2024-python3-osx/package --output-dir=/local/S/jenkins/workspace/ECP/ecg-maya-usd/ecg-mayausd-branch-preflight-2024-python3-osx/output --stash-dir=/local/S/jenkins/workspace/ECP/ecg-maya-usd/ecg-mayausd-branch-preflight-2024-python3-osx/stash --jenkins-build=316 --git-commit=7a9971d0ce8a2da859477ecee43fff7e676e8bd9 --git-branch=master --variants=RelWithDebInfo --python=3.10 --post-zips=false --osx-binary-architecture-target=ub2 --osx-deployment-target=11.0 --osx-base-sdk=CurrentActiveSDK --maya-cut-config=maya-rundev-2024.yaml --maya-package=rundev-2024 --stage-banner
[2023-05-11T13:33:21.981Z] Using Maya cut from /local/S/jenkins/workspace/shared/Artifactory/OSX/rundev-2024/202305101415/runtime/b3d0572
[2023-05-11T13:33:21.981Z] Using Maya ADSK Signatures from /local/S/jenkins/workspace/shared/Artifactory/OSX/adsk-plugin-signatures-maya/2023/3ae1ae7
[2023-05-11T13:33:21.981Z] Using Maya Security Library from /local/S/jenkins/workspace/shared/Artifactory/OSX/maya-security-library/3.4.0/5e08f3e
[2023-05-11T13:33:21.981Z] 
[2023-05-11T13:33:21.981Z] ================================================================================
[2023-05-11T13:33:21.981Z]                            configure (RelWithDebInfo)
[2023-05-11T13:33:21.981Z] ================================================================================
[2023-05-11T13:33:21.981Z] Maya Python RelWithDebInfo Info:
[2023-05-11T13:33:21.981Z]   mayapy executable   = /local/S/jenkins/workspace/shared/Artifactory/OSX/rundev-2024/202305101415/runtime/b3d0572/runTime/Maya.app/Contents/bin/mayapy
[2023-05-11T13:33:21.981Z]   Include Folder      = /local/S/jenkins/workspace/shared/Artifactory/OSX/rundev-2024/202305101415/runtime/b3d0572/runTime/Maya.app/Contents/Frameworks/Python.framework/Versions/Current/include/python3.10
[2023-05-11T13:33:21.981Z]   Library             = /local/S/jenkins/workspace/shared/Artifactory/OSX/rundev-2024/202305101415/runtime/b3d0572/runTime/Maya.app/Contents/Frameworks/Python.framework/Versions/Current/lib/libpython3.10.dylib
[2023-05-11T13:33:21.981Z]   site-package Folder = /local/S/jenkins/workspace/shared/Artifactory/OSX/rundev-2024/202305101415/runtime/b3d0572/runTime/Maya.app/Contents/Frameworks/Python.framework/Versions/Current/lib/python3.10/site-packages
[2023-05-11T13:33:22.092Z] In workdir: /Volumes/DATA/local/S/jenkins/workspace/ECP/ecg-maya-usd/ecg-mayausd-branch-preflight-2024-python3-osx/ecg-maya-usd/maya-usd
[2023-05-11T13:33:22.092Z] Executing: arch -arch arm64 /local/S/jenkins/workspace/shared/Artifactory/OSX/rundev-2024/202305101415/runtime/b3d0572/runTime/Maya.app/Contents/bin/mayapy /Volumes/DATA/local/S/jenkins/workspace/ECP/ecg-maya-usd/ecg-mayausd-branch-preflight-2024-python3-osx/ecg-maya-usd/maya-usd/build.py --generator Ninja --build-relwithdebug --maya-location /local/S/jenkins/workspace/shared/Artifactory/OSX/rundev-2024/202305101415/runtime/b3d0572/runTime --devkit-location /local/S/jenkins/workspace/shared/Artifactory/OSX/rundev-2024/202305101415/runtime/b3d0572/devkitBase --pxrusd-location /local/S/jenkins/workspace/shared/Artifactory/OSX/USD/736e9b6 --qt-location /local/S/jenkins/workspace/shared/Artifactory/OSX/qt/5.15.2/12f6c7d --materialx --build-args=-DCMAKE_MAKE_PROGRAM=/local/S/jenkins/workspace/shared/Artifactory/OSX/ninja/1.10.2/95d0ca5/ninja,-DPYTHON_INCLUDE_DIR=/local/S/jenkins/workspace/shared/Artifactory/OSX/rundev-2024/202305101415/runtime/b3d0572/runTime/Maya.app/Contents/Frameworks/Python.framework/Versions/Current/include/python3.10,-DPython_EXECUTABLE=/local/S/jenkins/workspace/shared/Artifactory/OSX/rundev-2024/202305101415/runtime/b3d0572/runTime/Maya.app/Contents/bin/mayapy,-DPYTHON_LIBRARIES=/local/S/jenkins/workspace/shared/Artifactory/OSX/rundev-2024/202305101415/runtime/b3d0572/runTime/Maya.app/Contents/Frameworks/Python.framework/Versions/Current/lib/libpython3.10.dylib,-DBUILD_WITH_PYTHON_3=ON,-DBUILD_WITH_PYTHON_3_VERSION=3.10,-DBUILD_UB2=ON,-DBUILD_HDMAYA=OFF '--ctest-args=-E testUsdReferenceAssemblySelection|testUsdMayaAppDir,-LE interactive,--parallel 8' --stages=configure --redirect-outstream-file=False --install-location /local/S/jenkins/workspace/ECP/ecg-maya-usd/ecg-mayausd-branch-preflight-2024-python3-osx/install/RelWithDebInfo/MayaUSD /local/S/jenkins/workspace/ECP/ecg-maya-usd/ecg-mayausd-branch-preflight-2024-python3-osx
[2023-05-11T13:33:22.092Z] Modified environment variables:
[2023-05-11T13:33:22.092Z]     PATH=/local/S/jenkins/workspace/shared/Artifactory/OSX/cmake/3.20.3/2594509/bin:/opt/homebrew/bin:/usr/local/bin:/bin:/usr/sbin:/sbin:/usr/bin:/opt/homebrew/bin:/usr/local/bin:/bin:/usr/sbin:/sbin:/usr/bin:/usr/bin:/bin:/usr/sbin:/sbin
[2023-05-11T13:33:22.527Z]     -- The C compiler identification is AppleClang 13.1.6.13160021
[2023-05-11T13:33:22.527Z]     -- The CXX compiler identification is AppleClang 13.1.6.13160021
[2023-05-11T13:33:22.638Z]     -- Detecting C compiler ABI info
[2023-05-11T13:33:22.638Z]     -- Detecting C compiler ABI info - done
[2023-05-11T13:33:22.638Z]     -- Check for working C compiler: /Applications/Xcode.app/Contents/Developer/Toolchains/XcodeDefault.xctoolchain/usr/bin/cc - skipped
[2023-05-11T13:33:22.638Z]     -- Detecting C compile features
[2023-05-11T13:33:22.638Z]     -- Detecting C compile features - done
[2023-05-11T13:33:22.638Z]     -- Detecting CXX compiler ABI info
[2023-05-11T13:33:22.749Z]     -- Detecting CXX compiler ABI info - done
[2023-05-11T13:33:22.749Z]     -- Check for working CXX compiler: /Applications/Xcode.app/Contents/Developer/Toolchains/XcodeDefault.xctoolchain/usr/bin/c++ - skipped
[2023-05-11T13:33:22.749Z]     -- Detecting CXX compile features
[2023-05-11T13:33:22.749Z]     -- Detecting CXX compile features - done
[2023-05-11T13:33:22.749Z]     -- Building with Universal Binary 2
[2023-05-11T13:33:23.521Z]     -- Using Maya Light API Version 3
[2023-05-11T13:33:23.521Z]     -- Maya has setDefaultMaterialHandling API
[2023-05-11T13:33:23.521Z]     -- Maya has new point snapping API
[2023-05-11T13:33:23.521Z]     -- Maya has getCurrentUfeCameraPath
[2023-05-11T13:33:23.521Z]     -- Maya has isInCrashHandler API
[2023-05-11T13:33:23.521Z]     -- Maya has setUfeIdentifiers API
[2023-05-11T13:33:23.521Z]     -- Maya has updateUfeIdentifiers API
[2023-05-11T13:33:23.521Z]     -- Maya has getDisplayStyleOfAllViewports API
[2023-05-11T13:33:23.521Z]     -- Maya array iterator has difference_type trait
[2023-05-11T13:33:23.521Z]     -- MFnSet has getMemberPaths function
[2023-05-11T13:33:23.521Z]     -- MFnDisplayLayer exists
[2023-05-11T13:33:23.521Z]     -- MDisplayLayerMessage has MDisplayLayerMemberChangedFunction
[2023-05-11T13:33:23.521Z]     -- MRenderItem has HideOnPlayback API
[2023-05-11T13:33:23.521Z]     -- Maya has UFE gizmo drawing
[2023-05-11T13:33:23.521Z]     -- MacOSX: Maya was built with Universal Binary 2 (x86_64/arm64)
[2023-05-11T13:33:23.521Z]     -- Found Maya: /local/S/jenkins/workspace/shared/Artifactory/OSX/rundev-2024/202305101415/runtime/b3d0572/runTime/maya.app/Contents/MacOS/Maya (found suitable version "2024", minimum required is "2018")
[2023-05-11T13:33:23.741Z]     -- Found Python: /local/S/jenkins/workspace/shared/Artifactory/OSX/rundev-2024/202305101415/runtime/b3d0572/runTime/Maya.app/Contents/bin/mayapy (found suitable exact version "3.10.8") found components: Interpreter
[2023-05-11T13:33:23.741Z]     -- Build MayaUSD with Python3 = ON
[2023-05-11T13:33:23.741Z]     --    PYTHON_INCLUDE_DIRS = /local/S/jenkins/workspace/shared/Artifactory/OSX/rundev-2024/202305101415/runtime/b3d0572/runTime/Maya.app/Contents/Frameworks/Python.framework/Versions/Current/include/python3.10
[2023-05-11T13:33:23.741Z]     --    PYTHON_LIBRARIES    = /local/S/jenkins/workspace/shared/Artifactory/OSX/rundev-2024/202305101415/runtime/b3d0572/runTime/Maya.app/Contents/Frameworks/Python.framework/Versions/Current/lib/libpython3.10.dylib
[2023-05-11T13:33:23.741Z]     --    Python_EXECUTABLE   = /local/S/jenkins/workspace/shared/Artifactory/OSX/rundev-2024/202305101415/runtime/b3d0572/runTime/Maya.app/Contents/bin/mayapy
[2023-05-11T13:33:23.851Z]     -- USD v0.22.11 has security patches.
[2023-05-11T13:33:23.851Z]     -- USD has new Sdr.PropertyTypes.Color4
[2023-05-11T13:33:23.962Z]     -- USD has MaterialX metadata support
[2023-05-11T13:33:23.962Z]     -- USD include dir: /local/S/jenkins/workspace/shared/Artifactory/OSX/USD/736e9b6/include
[2023-05-11T13:33:23.962Z]     -- USD library dir: /local/S/jenkins/workspace/shared/Artifactory/OSX/USD/736e9b6/lib
[2023-05-11T13:33:23.962Z]     -- USD version: 0.22.11
[2023-05-11T13:33:23.962Z]     -- Autodesk USD version: 0.22.11-ad1
[2023-05-11T13:33:23.962Z]     -- Found USD: /local/S/jenkins/workspace/shared/Artifactory/OSX/USD/736e9b6 (found suitable version "0.22.11", minimum required is "0.20.05")
[2023-05-11T13:33:23.962Z]     Updated PYTHONPATH: /local/S/jenkins/workspace/shared/Artifactory/OSX/USD/736e9b6/lib/python
[2023-05-11T13:33:23.962Z]     -- UFE include dir: /local/S/jenkins/workspace/shared/Artifactory/OSX/rundev-2024/202305101415/runtime/b3d0572/devkitBase/devkit/ufe/include
[2023-05-11T13:33:23.962Z]     -- UFE library: /local/S/jenkins/workspace/shared/Artifactory/OSX/rundev-2024/202305101415/runtime/b3d0572/devkitBase/devkit/ufe/lib/libufe_4.dylib
[2023-05-11T13:33:23.962Z]     -- UFE version: 4.1.0
[2023-05-11T13:33:23.962Z]     -- UFE preview features: ufe;v4_BatchOps
[2023-05-11T13:33:23.962Z]     -- Maya has UFE lights API
[2023-05-11T13:33:23.962Z]     -- Maya has UFE materials API
[2023-05-11T13:33:23.962Z]     -- Maya has UFE scene segment API
[2023-05-11T13:33:23.962Z]     -- Maya has UFE TrieNode childrenComponents accessor
[2023-05-11T13:33:23.962Z]     -- Maya has UFE UINodeGraphNode size interface
[2023-05-11T13:33:23.962Z]     -- Building with UFE 4.1.0 features enabled.
[2023-05-11T13:33:23.962Z]     -- Found MaterialX
[2023-05-11T13:33:24.070Z]     -- Building with Qt features enabled.
[2023-05-11T13:33:24.070Z]     -- **** Building Gulrak From Github Repository.
[2023-05-11T13:33:24.070Z]     -- Populating gulrak
[2023-05-11T13:33:24.180Z]     -- Configuring done
[2023-05-11T13:33:24.180Z]     -- Generating done
[2023-05-11T13:33:24.180Z]     -- Build files have been written to: /Volumes/DATA/local/S/jenkins/workspace/ECP/ecg-maya-usd/ecg-mayausd-branch-preflight-2024-python3-osx/build/RelWithDebInfo/_deps/gulrak-subbuild
[2023-05-11T13:33:24.180Z]     [1/9] Creating directories for 'gulrak-populate'
[2023-05-11T13:33:24.180Z]     [1/9] Performing download step (git clone) for 'gulrak-populate'
[2023-05-11T13:33:24.180Z]     Cloning into 'gulrak-src'...
[2023-05-11T13:33:27.122Z]     remote: Internal Server Error
[2023-05-11T13:33:27.122Z]     fatal: unable to access 'https://github.com/gulrak/filesystem.git/': The requested URL returned error: 500
[2023-05-11T13:33:27.226Z]     Cloning into 'gulrak-src'...
[2023-05-11T13:33:30.365Z]     remote: Internal Server Error
[2023-05-11T13:33:30.365Z]     fatal: unable to access 'https://github.com/gulrak/filesystem.git/': The requested URL returned error: 500
[2023-05-11T13:33:30.365Z]     Cloning into 'gulrak-src'...
[2023-05-11T13:33:33.633Z]     remote: Internal Server Error
[2023-05-11T13:33:33.633Z]     fatal: unable to access 'https://github.com/gulrak/filesystem.git/': The requested URL returned error: 500
[2023-05-11T13:33:33.633Z]     -- Had to git clone more than once:
[2023-05-11T13:33:33.633Z]               3 times.
[2023-05-11T13:33:33.633Z]     CMake Error at gulrak-subbuild/gulrak-populate-prefix/tmp/gulrak-populate-gitclone.cmake:31 (message):
[2023-05-11T13:33:33.633Z]       Failed to clone repository: 'https://github.com/gulrak/filesystem.git'
[2023-05-11T13:33:33.633Z]     
[2023-05-11T13:33:33.633Z]     
[2023-05-11T13:33:33.633Z]     FAILED: gulrak-populate-prefix/src/gulrak-populate-stamp/gulrak-populate-download
[2023-05-11T13:33:33.633Z]     cd /Volumes/DATA/local/S/jenkins/workspace/ECP/ecg-maya-usd/ecg-mayausd-branch-preflight-2024-python3-osx/build/RelWithDebInfo/_deps && /Volumes/DATA/local/S/jenkins/workspace/shared/Artifactory/OSX/cmake/3.20.3/2594509/bin/cmake -P /Volumes/DATA/local/S/jenkins/workspace/ECP/ecg-maya-usd/ecg-mayausd-branch-preflight-2024-python3-osx/build/RelWithDebInfo/_deps/gulrak-subbuild/gulrak-populate-prefix/tmp/gulrak-populate-gitclone.cmake && /Volumes/DATA/local/S/jenkins/workspace/shared/Artifactory/OSX/cmake/3.20.3/2594509/bin/cmake -E touch /Volumes/DATA/local/S/jenkins/workspace/ECP/ecg-maya-usd/ecg-mayausd-branch-preflight-2024-python3-osx/build/RelWithDebInfo/_deps/gulrak-subbuild/gulrak-populate-prefix/src/gulrak-populate-stamp/gulrak-populate-download
[2023-05-11T13:33:33.633Z]     ninja: build stopped: subcommand failed.
[2023-05-11T13:33:33.633Z]     CMake Error at /Volumes/DATA/local/S/jenkins/workspace/shared/Artifactory/OSX/cmake/3.20.3/2594509/share/cmake-3.20/Modules/FetchContent.cmake:1012 (message):
[2023-05-11T13:33:33.633Z]       Build step for gulrak failed: 1
[2023-05-11T13:33:33.633Z]     Call Stack (most recent call first):
[2023-05-11T13:33:33.633Z]       /Volumes/DATA/local/S/jenkins/workspace/shared/Artifactory/OSX/cmake/3.20.3/2594509/share/cmake-3.20/Modules/FetchContent.cmake:1141:EVAL:2 (__FetchContent_directPopulate)
[2023-05-11T13:33:33.633Z]       /Volumes/DATA/local/S/jenkins/workspace/shared/Artifactory/OSX/cmake/3.20.3/2594509/share/cmake-3.20/Modules/FetchContent.cmake:1141 (cmake_language)
[2023-05-11T13:33:33.634Z]       /Volumes/DATA/local/S/jenkins/workspace/shared/Artifactory/OSX/cmake/3.20.3/2594509/share/cmake-3.20/Modules/FetchContent.cmake:1184 (FetchContent_Populate)
[2023-05-11T13:33:33.634Z]       cmake/gulrak.cmake:48 (FetchContent_MakeAvailable)
[2023-05-11T13:33:33.634Z]       CMakeLists.txt:184 (include)
[2023-05-11T13:33:33.634Z]     
[2023-05-11T13:33:33.634Z]     
[2023-05-11T13:33:33.634Z]     -- Configuring incomplete, errors occurred!
[2023-05-11T13:33:33.634Z]     See also "/Volumes/DATA/local/S/jenkins/workspace/ECP/ecg-maya-usd/ecg-mayausd-branch-preflight-2024-python3-osx/build/RelWithDebInfo/CMakeFiles/CMakeOutput.log".
[2023-05-11T13:33:33.634Z]     See also "/Volumes/DATA/local/S/jenkins/workspace/ECP/ecg-maya-usd/ecg-mayausd-branch-preflight-2024-python3-osx/build/RelWithDebInfo/CMakeFiles/CMakeError.log".
[2023-05-11T13:33:33.740Z]     
[2023-05-11T13:33:33.741Z]         Building with settings:
[2023-05-11T13:33:33.741Z]           Source directory          /Volumes/DATA/local/S/jenkins/workspace/ECP/ecg-maya-usd/ecg-mayausd-branch-preflight-2024-python3-osx/ecg-maya-usd/maya-usd
[2023-05-11T13:33:33.741Z]           Workspace directory       /local/S/jenkins/workspace/ECP/ecg-maya-usd/ecg-mayausd-branch-preflight-2024-python3-osx
[2023-05-11T13:33:33.741Z]           Build directory           /local/S/jenkins/workspace/ECP/ecg-maya-usd/ecg-mayausd-branch-preflight-2024-python3-osx/build/RelWithDebInfo
[2023-05-11T13:33:33.741Z]           Install directory         /local/S/jenkins/workspace/ECP/ecg-maya-usd/ecg-mayausd-branch-preflight-2024-python3-osx/install/RelWithDebInfo/MayaUSD
[2023-05-11T13:33:33.741Z]           Variant                   RelWithDebInfo
[2023-05-11T13:33:33.741Z]           Python Debug              Off
[2023-05-11T13:33:33.741Z]           CMake generator           Ninja
[2023-05-11T13:33:33.741Z]           Build arguments           ['-DCMAKE_MAKE_PROGRAM=/local/S/jenkins/workspace/shared/Artifactory/OSX/ninja/1.10.2/95d0ca5/ninja', '-DPYTHON_INCLUDE_DIR=/local/S/jenkins/workspace/shared/Artifactory/OSX/rundev-2024/202305101415/runtime/b3d0572/runTime/Maya.app/Contents/Frameworks/Python.framework/Versions/Current/include/python3.10', '-DPython_EXECUTABLE=/local/S/jenkins/workspace/shared/Artifactory/OSX/rundev-2024/202305101415/runtime/b3d0572/runTime/Maya.app/Contents/bin/mayapy', '-DPYTHON_LIBRARIES=/local/S/jenkins/workspace/shared/Artifactory/OSX/rundev-2024/202305101415/runtime/b3d0572/runTime/Maya.app/Contents/Frameworks/Python.framework/Versions/Current/lib/libpython3.10.dylib', '-DBUILD_WITH_PYTHON_3=ON', '-DBUILD_WITH_PYTHON_3_VERSION=3.10', '-DBUILD_UB2=ON', '-DBUILD_HDMAYA=OFF']
[2023-05-11T13:33:33.741Z]           Stages arguments          ['configure']
[2023-05-11T13:33:33.741Z]           CTest arguments           ['-E testUsdReferenceAssemblySelection|testUsdMayaAppDir', '-LE interactive', '--parallel 8']
[2023-05-11T13:33:33.741Z]     #####################################################################################
[2023-05-11T13:33:33.741Z]     log date: 2023-05-11 06:33
[2023-05-11T13:33:33.741Z]     commit sha: e3a2d2aa6a1beb021dc8d7cca4f6276abfbda2fa
[2023-05-11T13:33:33.741Z]     commit date: Wed May 10 13:15:33 2023 -0400
[2023-05-11T13:33:33.741Z]     #####################################################################################
[2023-05-11T13:33:33.741Z]     
[2023-05-11T13:33:33.741Z]     cmake -DCMAKE_INSTALL_PREFIX="/local/S/jenkins/workspace/ECP/ecg-maya-usd/ecg-mayausd-branch-preflight-2024-python3-osx/install/RelWithDebInfo/MayaUSD" -DCMAKE_BUILD_TYPE=RelWithDebInfo -DCMAKE_EXPORT_COMPILE_COMMANDS=ON -G "Ninja" -DMAYA_LOCATION="/local/S/jenkins/workspace/shared/Artifactory/OSX/rundev-2024/202305101415/runtime/b3d0572/runTime" -DPXR_USD_LOCATION="/local/S/jenkins/workspace/shared/Artifactory/OSX/USD/736e9b6" -DMAYA_DEVKIT_LOCATION="/local/S/jenkins/workspace/shared/Artifactory/OSX/rundev-2024/202305101415/runtime/b3d0572/devkitBase" -DCMAKE_WANT_MATERIALX_BUILD=ON -DCMAKE_PREFIX_PATH="/local/S/jenkins/workspace/shared/Artifactory/OSX/USD/736e9b6" -DMAYAUSD_DEFINE_BOOST_DEBUG_PYTHON_FLAG=OFF -DQT_LOCATION="/local/S/jenkins/workspace/shared/Artifactory/OSX/qt/5.15.2/12f6c7d" -DCMAKE_MAKE_PROGRAM=/local/S/jenkins/workspace/shared/Artifactory/OSX/ninja/1.10.2/95d0ca5/ninja -DPYTHON_INCLUDE_DIR=/local/S/jenkins/workspace/shared/Artifactory/OSX/rundev-2024/202305101415/runtime/b3d0572/runTime/Maya.app/Contents/Frameworks/Python.framework/Versions/Current/include/python3.10 -DPython_EXECUTABLE=/local/S/jenkins/workspace/shared/Artifactory/OSX/rundev-2024/202305101415/runtime/b3d0572/runTime/Maya.app/Contents/bin/mayapy -DPYTHON_LIBRARIES=/local/S/jenkins/workspace/shared/Artifactory/OSX/rundev-2024/202305101415/runtime/b3d0572/runTime/Maya.app/Contents/Frameworks/Python.framework/Versions/Current/lib/libpython3.10.dylib -DBUILD_WITH_PYTHON_3=ON -DBUILD_WITH_PYTHON_3_VERSION=3.10 -DBUILD_UB2=ON -DBUILD_HDMAYA=OFF "/Volumes/DATA/local/S/jenkins/workspace/ECP/ecg-maya-usd/ecg-mayausd-branch-preflight-2024-python3-osx/ecg-maya-usd/maya-usd"
[2023-05-11T13:33:33.741Z]     
[2023-05-11T13:33:33.741Z]     Traceback (most recent call last):
[2023-05-11T13:33:33.741Z]       File "/Volumes/DATA/local/S/jenkins/workspace/ECP/ecg-maya-usd/ecg-mayausd-branch-preflight-2024-python3-osx/ecg-maya-usd/maya-usd/build.py", line 636, in <module>
[2023-05-11T13:33:33.741Z]         BuildAndInstall(context, context.buildArgs, context.stagesArgs)
[2023-05-11T13:33:33.741Z]       File "/Volumes/DATA/local/S/jenkins/workspace/ECP/ecg-maya-usd/ecg-mayausd-branch-preflight-2024-python3-osx/ecg-maya-usd/maya-usd/build.py", line 397, in BuildAndInstall
[2023-05-11T13:33:33.741Z]         RunCMake(context, extraArgs, stagesArgs)
[2023-05-11T13:33:33.741Z]       File "/Volumes/DATA/local/S/jenkins/workspace/ECP/ecg-maya-usd/ecg-mayausd-branch-preflight-2024-python3-osx/ecg-maya-usd/maya-usd/build.py", line 286, in RunCMake
[2023-05-11T13:33:33.741Z]         Run(context,
[2023-05-11T13:33:33.741Z]       File "/Volumes/DATA/local/S/jenkins/workspace/ECP/ecg-maya-usd/ecg-mayausd-branch-preflight-2024-python3-osx/ecg-maya-usd/maya-usd/build.py", line 178, in Run
[2023-05-11T13:33:33.741Z]         raise RuntimeError("Failed to run '{cmd}'\nSee {log} for more details."
[2023-05-11T13:33:33.741Z]     RuntimeError: Failed to run 'cmake -DCMAKE_INSTALL_PREFIX="/local/S/jenkins/workspace/ECP/ecg-maya-usd/ecg-mayausd-branch-preflight-2024-python3-osx/install/RelWithDebInfo/MayaUSD" -DCMAKE_BUILD_TYPE=RelWithDebInfo -DCMAKE_EXPORT_COMPILE_COMMANDS=ON -G "Ninja" -DMAYA_LOCATION="/local/S/jenkins/workspace/shared/Artifactory/OSX/rundev-2024/202305101415/runtime/b3d0572/runTime" -DPXR_USD_LOCATION="/local/S/jenkins/workspace/shared/Artifactory/OSX/USD/736e9b6" -DMAYA_DEVKIT_LOCATION="/local/S/jenkins/workspace/shared/Artifactory/OSX/rundev-2024/202305101415/runtime/b3d0572/devkitBase" -DCMAKE_WANT_MATERIALX_BUILD=ON -DCMAKE_PREFIX_PATH="/local/S/jenkins/workspace/shared/Artifactory/OSX/USD/736e9b6" -DMAYAUSD_DEFINE_BOOST_DEBUG_PYTHON_FLAG=OFF -DQT_LOCATION="/local/S/jenkins/workspace/shared/Artifactory/OSX/qt/5.15.2/12f6c7d" -DCMAKE_MAKE_PROGRAM=/local/S/jenkins/workspace/shared/Artifactory/OSX/ninja/1.10.2/95d0ca5/ninja -DPYTHON_INCLUDE_DIR=/local/S/jenkins/workspace/shared/Artifactory/OSX/rundev-2024/202305101415/runtime/b3d0572/runTime/Maya.app/Contents/Frameworks/Python.framework/Versions/Current/include/python3.10 -DPython_EXECUTABLE=/local/S/jenkins/workspace/shared/Artifactory/OSX/rundev-2024/202305101415/runtime/b3d0572/runTime/Maya.app/Contents/bin/mayapy -DPYTHON_LIBRARIES=/local/S/jenkins/workspace/shared/Artifactory/OSX/rundev-2024/202305101415/runtime/b3d0572/runTime/Maya.app/Contents/Frameworks/Python.framework/Versions/Current/lib/libpython3.10.dylib -DBUILD_WITH_PYTHON_3=ON -DBUILD_WITH_PYTHON_3_VERSION=3.10 -DBUILD_UB2=ON -DBUILD_HDMAYA=OFF "/Volumes/DATA/local/S/jenkins/workspace/ECP/ecg-maya-usd/ecg-mayausd-branch-preflight-2024-python3-osx/ecg-maya-usd/maya-usd"'
[2023-05-11T13:33:33.741Z]     See /local/S/jenkins/workspace/ECP/ecg-maya-usd/ecg-mayausd-branch-preflight-2024-python3-osx/build/RelWithDebInfo/build_log.txt for more details.
[2023-05-11T13:33:33.741Z] build.py: error: Command failed with error code: 1
[Pipeline] }
[Pipeline] // withEnv
[Pipeline] }
[Pipeline] // timeout
[Pipeline] }
[Pipeline] // stage
[Pipeline] }
[Pipeline] // timestamps
[Pipeline] emailextrecipients
Not sending mail to unregistered user ecg.jenkins@autodesk.com because your SCM claimed this was associated with a user ID ‘ecg.jenkins' which your security realm does not recognize; you may need changes in your SCM plugin
Not sending mail to unregistered user ecg.jenkins@autodesk.com because your SCM claimed this was associated with a user ID ‘ecg.jenkins' which your security realm does not recognize; you may need changes in your SCM plugin
[Pipeline] isUnix
[Pipeline] echo
Sending notification via SendGrid.
Sending email to sean.donnelly@autodesk.com
[Pipeline] withCredentials
Masking supported pattern matches of $TOKEN
[Pipeline] {
[Pipeline] isUnix
[Pipeline] sh
[Pipeline] }
[Pipeline] // withCredentials
[Pipeline] }
[Pipeline] // node
[Pipeline] End of Pipeline
ERROR: script returned exit code 1
[Checks API] No suitable checks publisher found.
Finished: FAILURE
