================================================================================
                               cleanup (Finalize)
================================================================================
Cleaning up workspace
Deleting subst P:
Deleting subst W:
[Pipeline] }
[Pipeline] // withEnv
[Pipeline] withEnv
[Pipeline] {
[Pipeline] bat
[ecg-mayausd-branch-preflight-pr-python3-pxrusd-0.20.08-windows] Running batch script
Subst W: S:\jenkins\workspace\ecg-mayausd-branch-preflight-pr-python3-pxrusd-0.20.08-windows
Subst P: S:\jenkins\workspace
"C:\Program Files (x86)\Microsoft Visual Studio\2017\Professional\VC\Auxiliary\Build\vcvarsall.bat" x64
**********************************************************************
** Visual Studio 2017 Developer Command Prompt v15.9.15
** Copyright (c) 2017 Microsoft Corporation
**********************************************************************
[vcvarsall.bat] Environment initialized for: 'x64'
python ecg-maya-usd/build.py --stages=cleanup --workspace-dir=W:\ --artifactory-dir=P:\shared\Artifactory --build-dir=W:\build --install-dir=W:\install --signing-dir=W:\signing --package-dir=W:\package --output-dir=W:\output --stash-dir=W:\stash --jenkins-build=37 --git-commit=43095a6df3de284d65b0ddb5febabee3b2c97240 --git-branch=master --variants=RelWithDebInfo --python=3 --pxrusd-version=0.20.8-gold --maya-cut-config=maya-rundev-master.yaml --maya-cut-id=202104142115-fba6595483 --stage-banner
Finding Artifactory servers response times
[VERBOSE] Start loading URL (CURL): https://art-bobcat.autodesk.com/artifactory/api/system/ping
[DEBUG] Running: C:\WINDOWS\system32\curl.exe -s -X GET --keepalive-time 10 --connect-timeout 60 --speed-limit 10000 --speed-time 60 --max-time 1800 --retry 5 --retry-max-time 2400 -H Connection:close https://art-bobcat.autodesk.com/artifactory/api/system/ping
[DEBUG] Output:
OK
[VERBOSE] End loading URL (CURL): https://art-bobcat.autodesk.com/artifactory/api/system/ping
[VERBOSE] Start loading URL (CURL): https://art-cougar.autodesk.com/artifactory/api/system/ping
[DEBUG] Running: C:\WINDOWS\system32\curl.exe -s -X GET --keepalive-time 10 --connect-timeout 60 --speed-limit 10000 --speed-time 60 --max-time 1800 --retry 5 --retry-max-time 2400 -H Connection:close https://art-cougar.autodesk.com/artifactory/api/system/ping
[DEBUG] Output:
OK
[VERBOSE] End loading URL (CURL): https://art-cougar.autodesk.com/artifactory/api/system/ping
[VERBOSE] Start loading URL (CURL): https://art-bear.autodesk.com/artifactory/api/system/ping
[DEBUG] Running: C:\WINDOWS\system32\curl.exe -s -X GET --keepalive-time 10 --connect-timeout 60 --speed-limit 10000 --speed-time 60 --max-time 1800 --retry 5 --retry-max-time 2400 -H Connection:close https://art-bear.autodesk.com/artifactory/api/system/ping
[DEBUG] Output:
OK
[VERBOSE] End loading URL (CURL): https://art-bear.autodesk.com/artifactory/api/system/ping
[VERBOSE] Start loading URL (CURL): https://art-marmotte.autodesk.com/artifactory/api/system/ping
[DEBUG] Running: C:\WINDOWS\system32\curl.exe -s -X GET --keepalive-time 10 --connect-timeout 60 --speed-limit 10000 --speed-time 60 --max-time 1800 --retry 5 --retry-max-time 2400 -H Connection:close https://art-marmotte.autodesk.com/artifactory/api/system/ping
[DEBUG] Output:
OK
[VERBOSE] End loading URL (CURL): https://art-marmotte.autodesk.com/artifactory/api/system/ping
[VERBOSE] Start loading URL (CURL): https://art-panda.autodesk.com/artifactory/api/system/ping
[DEBUG] Running: C:\WINDOWS\system32\curl.exe -s -X GET --keepalive-time 10 --connect-timeout 60 --speed-limit 10000 --speed-time 60 --max-time 1800 --retry 5 --retry-max-time 2400 -H Connection:close https://art-panda.autodesk.com/artifactory/api/system/ping
[DEBUG] Output:
OK
[VERBOSE] End loading URL (CURL): https://art-panda.autodesk.com/artifactory/api/system/ping
[VERBOSE] Start loading URL (CURL): https://art-hare.autodesk.com/artifactory/api/system/ping
[DEBUG] Running: C:\WINDOWS\system32\curl.exe -s -X GET --keepalive-time 10 --connect-timeout 60 --speed-limit 10000 --speed-time 60 --max-time 1800 --retry 5 --retry-max-time 2400 -H Connection:close https://art-hare.autodesk.com/artifactory/api/system/ping
[DEBUG] Output:
OK
[VERBOSE] End loading URL (CURL): https://art-hare.autodesk.com/artifactory/api/system/ping
[VERBOSE] Start loading URL (CURL): https://art-lion.autodesk.com/artifactory/api/system/ping
[DEBUG] Running: C:\WINDOWS\system32\curl.exe -s -X GET --keepalive-time 10 --connect-timeout 60 --speed-limit 10000 --speed-time 60 --max-time 1800 --retry 5 --retry-max-time 2400 -H Connection:close https://art-lion.autodesk.com/artifactory/api/system/ping
[DEBUG] Output:
OK
[VERBOSE] End loading URL (CURL): https://art-lion.autodesk.com/artifactory/api/system/ping
[VERBOSE] Start loading URL (CURL): https://art-kangaroo.autodesk.com/artifactory/api/system/ping
[DEBUG] Running: C:\WINDOWS\system32\curl.exe -s -X GET --keepalive-time 10 --connect-timeout 60 --speed-limit 10000 --speed-time 60 --max-time 1800 --retry 5 --retry-max-time 2400 -H Connection:close https://art-kangaroo.autodesk.com/artifactory/api/system/ping
[DEBUG] Output:
OK
[VERBOSE] End loading URL (CURL): https://art-kangaroo.autodesk.com/artifactory/api/system/ping
Checking server art-bobcat.autodesk.com for artifacts matching properties:
	cut_id=202104142115-fba6595483
	package=rundev-master
	platform=win
[VERBOSE] Start loading URL (CURL): https://art-bobcat.autodesk.com/artifactory/api/search/aql
[DEBUG] Running: C:\WINDOWS\system32\curl.exe -s -X POST --keepalive-time 10 --connect-timeout 60 --speed-limit 10000 --speed-time 60 --max-time 1800 --retry 5 --retry-max-time 2400 -H Connection:close -H Authorization:Basic ZWNnYmlmcm9zdDpvcGUqKjAw -H Content-Type:text/plain --data items.find({"@cut_id": "202104142115-fba6595483", "@package": "rundev-master", "@platform": "win"}) https://art-bobcat.autodesk.com/artifactory/api/search/aql
[DEBUG] Output:
{
"results" : [ {
  "repo" : "oss-stg-generic",
  "path" : "Maya/master/2021-04-14-21-15/windows",
  "name" : "202104142115-fba6595483-RUNDEV.zip",
  "type" : "file",
  "size" : 1574358459,
  "created" : "2021-04-15T01:33:05.093-07:00",
  "created_by" : "svc_p_mescm",
  "modified" : "2021-04-15T01:05:47.780-07:00",
  "modified_by" : "svc_p_mescm",
  "updated" : "2021-04-15T01:33:05.095-07:00"
},{
  "repo" : "team-mayausd-dev-generic",
  "path" : "maya-cuts/master/2021-04-14-21-15.PR124/windows",
  "name" : "202104142115-fba6595483-RUNDEV.zip",
  "type" : "file",
  "size" : 1574358459,
  "created" : "2021-04-15T01:33:05.093-07:00",
  "created_by" : "svc_p_mescm",
  "modified" : "2021-04-15T01:05:47.780-07:00",
  "modified_by" : "svc_p_mescm",
  "updated" : "2021-04-15T01:33:05.095-07:00"
} ],
"range" : {
  "start_pos" : 0,
  "end_pos" : 2,
  "total" : 2
}
}
[VERBOSE] End loading URL (CURL): https://art-bobcat.autodesk.com/artifactory/api/search/aql
Multiple artifacts matching the selection properties were found on server art-bobcat.autodesk.com.
[VERBOSE] Start loading URL (CURL): https://art-bobcat.autodesk.com/artifactory/api/storage/oss-stg-generic/Maya/master/2021-04-14-21-15/windows/202104142115-fba6595483-RUNDEV.zip
[DEBUG] Running: C:\WINDOWS\system32\curl.exe -s -X GET --keepalive-time 10 --connect-timeout 60 --speed-limit 10000 --speed-time 60 --max-time 1800 --retry 5 --retry-max-time 2400 -H Connection:close -H Authorization:Basic ZWNnYmlmcm9zdDpvcGUqKjAw https://art-bobcat.autodesk.com/artifactory/api/storage/oss-stg-generic/Maya/master/2021-04-14-21-15/windows/202104142115-fba6595483-RUNDEV.zip
[DEBUG] Output:
{
  "repo" : "oss-stg-generic",
  "path" : "/Maya/master/2021-04-14-21-15/windows/202104142115-fba6595483-RUNDEV.zip",
  "created" : "2021-04-15T01:33:05.093-07:00",
  "createdBy" : "svc_p_mescm",
  "lastModified" : "2021-04-15T01:05:47.780-07:00",
  "modifiedBy" : "svc_p_mescm",
  "lastUpdated" : "2021-04-15T01:33:05.095-07:00",
  "downloadUri" : "https://art-bobcat.autodesk.com:443/artifactory/oss-stg-generic/Maya/master/2021-04-14-21-15/windows/202104142115-fba6595483-RUNDEV.zip",
  "mimeType" : "application/zip",
  "size" : "1574358459",
  "checksums" : {
    "sha1" : "a4edadeadaa556452925205ac40c0b75370cab7c",
    "md5" : "e0104b9835e6bf5cc5239e399253bd7f",
    "sha256" : "83d8a1c7d233819ba5e8c45b2668ad1c39a10e9badafffaedab0d4b0751c6665"
  },
  "originalChecksums" : {
    "sha1" : "a4edadeadaa556452925205ac40c0b75370cab7c",
    "md5" : "e0104b9835e6bf5cc5239e399253bd7f",
    "sha256" : "83d8a1c7d233819ba5e8c45b2668ad1c39a10e9badafffaedab0d4b0751c6665"
  },
  "uri" : "https://art-bobcat.autodesk.com:443/artifactory/api/storage/oss-stg-generic/Maya/master/2021-04-14-21-15/windows/202104142115-fba6595483-RUNDEV.zip"
}
[VERBOSE] End loading URL (CURL): https://art-bobcat.autodesk.com/artifactory/api/storage/oss-stg-generic/Maya/master/2021-04-14-21-15/windows/202104142115-fba6595483-RUNDEV.zip
[VERBOSE] Start loading URL (CURL): https://art-bobcat.autodesk.com/artifactory/api/storage/team-mayausd-dev-generic/maya-cuts/master/2021-04-14-21-15.PR124/windows/202104142115-fba6595483-RUNDEV.zip
[DEBUG] Running: C:\WINDOWS\system32\curl.exe -s -X GET --keepalive-time 10 --connect-timeout 60 --speed-limit 10000 --speed-time 60 --max-time 1800 --retry 5 --retry-max-time 2400 -H Connection:close -H Authorization:Basic ZWNnYmlmcm9zdDpvcGUqKjAw https://art-bobcat.autodesk.com/artifactory/api/storage/team-mayausd-dev-generic/maya-cuts/master/2021-04-14-21-15.PR124/windows/202104142115-fba6595483-RUNDEV.zip
[DEBUG] Output:
{
  "repo" : "team-mayausd-dev-generic",
  "path" : "/maya-cuts/master/2021-04-14-21-15.PR124/windows/202104142115-fba6595483-RUNDEV.zip",
  "created" : "2021-04-15T01:33:05.093-07:00",
  "createdBy" : "svc_p_mescm",
  "lastModified" : "2021-04-15T01:05:47.780-07:00",
  "modifiedBy" : "svc_p_mescm",
  "lastUpdated" : "2021-04-15T01:33:05.095-07:00",
  "downloadUri" : "https://art-bobcat.autodesk.com:443/artifactory/team-mayausd-dev-generic/maya-cuts/master/2021-04-14-21-15.PR124/windows/202104142115-fba6595483-RUNDEV.zip",
  "mimeType" : "application/zip",
  "size" : "1574358459",
  "checksums" : {
    "sha1" : "a4edadeadaa556452925205ac40c0b75370cab7c",
    "md5" : "e0104b9835e6bf5cc5239e399253bd7f",
    "sha256" : "83d8a1c7d233819ba5e8c45b2668ad1c39a10e9badafffaedab0d4b0751c6665"
  },
  "originalChecksums" : {
    "sha1" : "a4edadeadaa556452925205ac40c0b75370cab7c",
    "md5" : "e0104b9835e6bf5cc5239e399253bd7f",
    "sha256" : "83d8a1c7d233819ba5e8c45b2668ad1c39a10e9badafffaedab0d4b0751c6665"
  },
  "uri" : "https://art-bobcat.autodesk.com:443/artifactory/api/storage/team-mayausd-dev-generic/maya-cuts/master/2021-04-14-21-15.PR124/windows/202104142115-fba6595483-RUNDEV.zip"
}
[VERBOSE] End loading URL (CURL): https://art-bobcat.autodesk.com/artifactory/api/storage/team-mayausd-dev-generic/maya-cuts/master/2021-04-14-21-15.PR124/windows/202104142115-fba6595483-RUNDEV.zip
Selecting latest Maya cut
[VERBOSE] Start loading URL (CURL): https://art-bobcat.autodesk.com:443/artifactory/api/storage/oss-stg-generic/Maya/master/2021-04-14-21-15/windows/202104142115-fba6595483-RUNDEV.zip
[DEBUG] Running: C:\WINDOWS\system32\curl.exe -s -X GET --keepalive-time 10 --connect-timeout 60 --speed-limit 10000 --speed-time 60 --max-time 1800 --retry 5 --retry-max-time 2400 -H Connection:close -H Authorization:Basic ZWNnYmlmcm9zdDpvcGUqKjAw https://art-bobcat.autodesk.com:443/artifactory/api/storage/oss-stg-generic/Maya/master/2021-04-14-21-15/windows/202104142115-fba6595483-RUNDEV.zip
[DEBUG] Output:
{
  "repo" : "oss-stg-generic",
  "path" : "/Maya/master/2021-04-14-21-15/windows/202104142115-fba6595483-RUNDEV.zip",
  "created" : "2021-04-15T01:33:05.093-07:00",
  "createdBy" : "svc_p_mescm",
  "lastModified" : "2021-04-15T01:05:47.780-07:00",
  "modifiedBy" : "svc_p_mescm",
  "lastUpdated" : "2021-04-15T01:33:05.095-07:00",
  "downloadUri" : "https://art-bobcat.autodesk.com:443/artifactory/oss-stg-generic/Maya/master/2021-04-14-21-15/windows/202104142115-fba6595483-RUNDEV.zip",
  "mimeType" : "application/zip",
  "size" : "1574358459",
  "checksums" : {
    "sha1" : "a4edadeadaa556452925205ac40c0b75370cab7c",
    "md5" : "e0104b9835e6bf5cc5239e399253bd7f",
    "sha256" : "83d8a1c7d233819ba5e8c45b2668ad1c39a10e9badafffaedab0d4b0751c6665"
  },
  "originalChecksums" : {
    "sha1" : "a4edadeadaa556452925205ac40c0b75370cab7c",
    "md5" : "e0104b9835e6bf5cc5239e399253bd7f",
    "sha256" : "83d8a1c7d233819ba5e8c45b2668ad1c39a10e9badafffaedab0d4b0751c6665"
  },
  "uri" : "https://art-bobcat.autodesk.com:443/artifactory/api/storage/oss-stg-generic/Maya/master/2021-04-14-21-15/windows/202104142115-fba6595483-RUNDEV.zip"
}
[VERBOSE] End loading URL (CURL): https://art-bobcat.autodesk.com:443/artifactory/api/storage/oss-stg-generic/Maya/master/2021-04-14-21-15/windows/202104142115-fba6595483-RUNDEV.zip
[VERBOSE] Start loading URL (CURL): https://art-bobcat.autodesk.com:443/artifactory/api/storage/oss-stg-generic/Maya/master/2021-04-14-21-15/windows/202104142115-fba6595483-RUNDEV.zip?properties
[DEBUG] Running: C:\WINDOWS\system32\curl.exe -s -X GET --keepalive-time 10 --connect-timeout 60 --speed-limit 10000 --speed-time 60 --max-time 1800 --retry 5 --retry-max-time 2400 -H Connection:close -H Authorization:Basic ZWNnYmlmcm9zdDpvcGUqKjAw https://art-bobcat.autodesk.com:443/artifactory/api/storage/oss-stg-generic/Maya/master/2021-04-14-21-15/windows/202104142115-fba6595483-RUNDEV.zip?properties
[DEBUG] Output:
{
  "properties" : {
    "RetentionPolicy" : [ "30" ],
    "branch" : [ "master" ],
    "change_set" : [ "fba65954837accd0ad5d06fdbdcbba179cd22c47" ],
    "cut_id" : [ "202104142115-fba6595483" ],
    "package" : [ "rundev-master" ],
    "platform" : [ "win" ]
  },
  "uri" : "https://art-bobcat.autodesk.com:443/artifactory/api/storage/oss-stg-generic/Maya/master/2021-04-14-21-15/windows/202104142115-fba6595483-RUNDEV.zip"
}
[VERBOSE] End loading URL (CURL): https://art-bobcat.autodesk.com:443/artifactory/api/storage/oss-stg-generic/Maya/master/2021-04-14-21-15/windows/202104142115-fba6595483-RUNDEV.zip?properties
[VERBOSE] Start loading URL (CURL): https://art-bobcat.autodesk.com:443/artifactory/api/storage/team-mayausd-dev-generic/maya-cuts/master/2021-04-14-21-15.PR124/windows/202104142115-fba6595483-RUNDEV.zip
[DEBUG] Running: C:\WINDOWS\system32\curl.exe -s -X GET --keepalive-time 10 --connect-timeout 60 --speed-limit 10000 --speed-time 60 --max-time 1800 --retry 5 --retry-max-time 2400 -H Connection:close -H Authorization:Basic ZWNnYmlmcm9zdDpvcGUqKjAw https://art-bobcat.autodesk.com:443/artifactory/api/storage/team-mayausd-dev-generic/maya-cuts/master/2021-04-14-21-15.PR124/windows/202104142115-fba6595483-RUNDEV.zip
[DEBUG] Output:
{
  "repo" : "team-mayausd-dev-generic",
  "path" : "/maya-cuts/master/2021-04-14-21-15.PR124/windows/202104142115-fba6595483-RUNDEV.zip",
  "created" : "2021-04-15T01:33:05.093-07:00",
  "createdBy" : "svc_p_mescm",
  "lastModified" : "2021-04-15T01:05:47.780-07:00",
  "modifiedBy" : "svc_p_mescm",
  "lastUpdated" : "2021-04-15T01:33:05.095-07:00",
  "downloadUri" : "https://art-bobcat.autodesk.com:443/artifactory/team-mayausd-dev-generic/maya-cuts/master/2021-04-14-21-15.PR124/windows/202104142115-fba6595483-RUNDEV.zip",
  "mimeType" : "application/zip",
  "size" : "1574358459",
  "checksums" : {
    "sha1" : "a4edadeadaa556452925205ac40c0b75370cab7c",
    "md5" : "e0104b9835e6bf5cc5239e399253bd7f",
    "sha256" : "83d8a1c7d233819ba5e8c45b2668ad1c39a10e9badafffaedab0d4b0751c6665"
  },
  "originalChecksums" : {
    "sha1" : "a4edadeadaa556452925205ac40c0b75370cab7c",
    "md5" : "e0104b9835e6bf5cc5239e399253bd7f",
    "sha256" : "83d8a1c7d233819ba5e8c45b2668ad1c39a10e9badafffaedab0d4b0751c6665"
  },
  "uri" : "https://art-bobcat.autodesk.com:443/artifactory/api/storage/team-mayausd-dev-generic/maya-cuts/master/2021-04-14-21-15.PR124/windows/202104142115-fba6595483-RUNDEV.zip"
}
[VERBOSE] End loading URL (CURL): https://art-bobcat.autodesk.com:443/artifactory/api/storage/team-mayausd-dev-generic/maya-cuts/master/2021-04-14-21-15.PR124/windows/202104142115-fba6595483-RUNDEV.zip
[VERBOSE] Start loading URL (CURL): https://art-bobcat.autodesk.com:443/artifactory/api/storage/team-mayausd-dev-generic/maya-cuts/master/2021-04-14-21-15.PR124/windows/202104142115-fba6595483-RUNDEV.zip?properties
[DEBUG] Running: C:\WINDOWS\system32\curl.exe -s -X GET --keepalive-time 10 --connect-timeout 60 --speed-limit 10000 --speed-time 60 --max-time 1800 --retry 5 --retry-max-time 2400 -H Connection:close -H Authorization:Basic ZWNnYmlmcm9zdDpvcGUqKjAw https://art-bobcat.autodesk.com:443/artifactory/api/storage/team-mayausd-dev-generic/maya-cuts/master/2021-04-14-21-15.PR124/windows/202104142115-fba6595483-RUNDEV.zip?properties
[DEBUG] Output:
{
  "properties" : {
    "branch" : [ "master" ],
    "change_set" : [ "fba65954837accd0ad5d06fdbdcbba179cd22c47" ],
    "cut_id" : [ "202104142115-fba6595483" ],
    "package" : [ "rundev-master" ],
    "platform" : [ "win" ]
  },
  "uri" : "https://art-bobcat.autodesk.com:443/artifactory/api/storage/team-mayausd-dev-generic/maya-cuts/master/2021-04-14-21-15.PR124/windows/202104142115-fba6595483-RUNDEV.zip"
}
[VERBOSE] End loading URL (CURL): https://art-bobcat.autodesk.com:443/artifactory/api/storage/team-mayausd-dev-generic/maya-cuts/master/2021-04-14-21-15.PR124/windows/202104142115-fba6595483-RUNDEV.zip?properties
[VERBOSE] Start loading URL (CURL): https://art-bobcat.autodesk.com:443/artifactory/api/storage/oss-stg-generic/Maya/master/2021-04-14-21-15/windows/202104142115-fba6595483-RUNDEV.zip
[DEBUG] Running: C:\WINDOWS\system32\curl.exe -s -X GET --keepalive-time 10 --connect-timeout 60 --speed-limit 10000 --speed-time 60 --max-time 1800 --retry 5 --retry-max-time 2400 -H Connection:close -H Authorization:Basic ZWNnYmlmcm9zdDpvcGUqKjAw https://art-bobcat.autodesk.com:443/artifactory/api/storage/oss-stg-generic/Maya/master/2021-04-14-21-15/windows/202104142115-fba6595483-RUNDEV.zip
[DEBUG] Output:
{
  "repo" : "oss-stg-generic",
  "path" : "/Maya/master/2021-04-14-21-15/windows/202104142115-fba6595483-RUNDEV.zip",
  "created" : "2021-04-15T01:33:05.093-07:00",
  "createdBy" : "svc_p_mescm",
  "lastModified" : "2021-04-15T01:05:47.780-07:00",
  "modifiedBy" : "svc_p_mescm",
  "lastUpdated" : "2021-04-15T01:33:05.095-07:00",
  "downloadUri" : "https://art-bobcat.autodesk.com:443/artifactory/oss-stg-generic/Maya/master/2021-04-14-21-15/windows/202104142115-fba6595483-RUNDEV.zip",
  "mimeType" : "application/zip",
  "size" : "1574358459",
  "checksums" : {
    "sha1" : "a4edadeadaa556452925205ac40c0b75370cab7c",
    "md5" : "e0104b9835e6bf5cc5239e399253bd7f",
    "sha256" : "83d8a1c7d233819ba5e8c45b2668ad1c39a10e9badafffaedab0d4b0751c6665"
  },
  "originalChecksums" : {
    "sha1" : "a4edadeadaa556452925205ac40c0b75370cab7c",
    "md5" : "e0104b9835e6bf5cc5239e399253bd7f",
    "sha256" : "83d8a1c7d233819ba5e8c45b2668ad1c39a10e9badafffaedab0d4b0751c6665"
  },
  "uri" : "https://art-bobcat.autodesk.com:443/artifactory/api/storage/oss-stg-generic/Maya/master/2021-04-14-21-15/windows/202104142115-fba6595483-RUNDEV.zip"
}
[VERBOSE] End loading URL (CURL): https://art-bobcat.autodesk.com:443/artifactory/api/storage/oss-stg-generic/Maya/master/2021-04-14-21-15/windows/202104142115-fba6595483-RUNDEV.zip
[VERBOSE] Start loading URL (CURL): https://art-bobcat.autodesk.com:443/artifactory/api/storage/oss-stg-generic/Maya/master/2021-04-14-21-15/windows/202104142115-fba6595483-RUNDEV.zip?properties
[DEBUG] Running: C:\WINDOWS\system32\curl.exe -s -X GET --keepalive-time 10 --connect-timeout 60 --speed-limit 10000 --speed-time 60 --max-time 1800 --retry 5 --retry-max-time 2400 -H Connection:close -H Authorization:Basic ZWNnYmlmcm9zdDpvcGUqKjAw https://art-bobcat.autodesk.com:443/artifactory/api/storage/oss-stg-generic/Maya/master/2021-04-14-21-15/windows/202104142115-fba6595483-RUNDEV.zip?properties
[DEBUG] Output:
{
  "properties" : {
    "RetentionPolicy" : [ "30" ],
    "branch" : [ "master" ],
    "change_set" : [ "fba65954837accd0ad5d06fdbdcbba179cd22c47" ],
    "cut_id" : [ "202104142115-fba6595483" ],
    "package" : [ "rundev-master" ],
    "platform" : [ "win" ]
  },
  "uri" : "https://art-bobcat.autodesk.com:443/artifactory/api/storage/oss-stg-generic/Maya/master/2021-04-14-21-15/windows/202104142115-fba6595483-RUNDEV.zip"
}
[VERBOSE] End loading URL (CURL): https://art-bobcat.autodesk.com:443/artifactory/api/storage/oss-stg-generic/Maya/master/2021-04-14-21-15/windows/202104142115-fba6595483-RUNDEV.zip?properties
Using Maya cut from P:\shared\Artifactory\Windows\rundev-master\202104142115\runtime\a4edade
[VERBOSE] Start loading URL (CURL): https://art-bobcat.autodesk.com:443/artifactory/api/storage/oss-stg-generic/Maya/master/2021-04-14-21-15/windows/202104142115-fba6595483-RUNDEV.zip.multipart
[DEBUG] Running: C:\WINDOWS\system32\curl.exe -s -X GET --keepalive-time 10 --connect-timeout 60 --speed-limit 10000 --speed-time 60 --max-time 1800 --retry 5 --retry-max-time 2400 -H Connection:close -H Authorization:Basic ZWNnYmlmcm9zdDpvcGUqKjAw https://art-bobcat.autodesk.com:443/artifactory/api/storage/oss-stg-generic/Maya/master/2021-04-14-21-15/windows/202104142115-fba6595483-RUNDEV.zip.multipart
[DEBUG] Output:
{
  "errors" : [ {
    "status" : 404,
    "message" : "Unable to find item"
  } ]
}
[VERBOSE] End loading URL (CURL): https://art-bobcat.autodesk.com:443/artifactory/api/storage/oss-stg-generic/Maya/master/2021-04-14-21-15/windows/202104142115-fba6595483-RUNDEV.zip.multipart
Downloading https://art-bobcat.autodesk.com:443/artifactory/oss-stg-generic/Maya/master/2021-04-14-21-15/windows/202104142115-fba6595483-RUNDEV.zip to P:\shared\Artifactory\Windows\tmp\tmpqiuffi
[VERBOSE] Start downloading file (CURL): https://art-bobcat.autodesk.com:443/artifactory/oss-stg-generic/Maya/master/2021-04-14-21-15/windows/202104142115-fba6595483-RUNDEV.zip
[DEBUG] Running: C:\WINDOWS\system32\curl.exe -sI -X GET --keepalive-time 10 --connect-timeout 60 --speed-limit 10000 --speed-time 60 --max-time 1800 --retry 5 --retry-max-time 2400 -H Connection:close -H Authorization:Basic ZWNnYmlmcm9zdDpvcGUqKjAw https://art-bobcat.autodesk.com:443/artifactory/oss-stg-generic/Maya/master/2021-04-14-21-15/windows/202104142115-fba6595483-RUNDEV.zip
[DEBUG] Header:
HTTP/1.1 200 OK
Date: Tue, 04 May 2021 20:03:15 GMT
Content-Type: application/zip
Content-Length: 1574358459
Connection: close
X-JFrog-Version: Artifactory/7.10.2 71002900
X-Artifactory-Id: 8a512369465a2741f3af5f418a1b2012e25c84a0
X-Artifactory-Node-Id: ussclpdrsync010
Last-Modified: Thu, 15 Apr 2021 08:05:47 GMT
ETag: a4edadeadaa556452925205ac40c0b75370cab7c
X-Checksum-Sha1: a4edadeadaa556452925205ac40c0b75370cab7c
X-Checksum-Sha256: 83d8a1c7d233819ba5e8c45b2668ad1c39a10e9badafffaedab0d4b0751c6665
X-Checksum-Md5: e0104b9835e6bf5cc5239e399253bd7f
Accept-Ranges: bytes
X-Artifactory-Filename: 202104142115-fba6595483-RUNDEV.zip
Content-Disposition: attachment; filename="202104142115-fba6595483-RUNDEV.zip"; filename*=UTF-8''202104142115-fba6595483-RUNDEV.zip
Access-Control-Allow-Methods: GET, PUT, POST, OPTIONS, HEAD
Access-Control-Allow-Headers: Authorization, Origin, X-Requested-With, Content-Type, Accept
Access-Control-Allow-Credentials: true
Set-Cookie: AlteonSC=1465459466.47873.0000; path=/; Httponly; Secure
[DEBUG] Running: C:\WINDOWS\system32\curl.exe --progress-bar -X GET --keepalive-time 10 --connect-timeout 60 --speed-limit 10000 --speed-time 60 --max-time 1800 --retry 5 --retry-max-time 2400 -H Connection:close -H Authorization:Basic ZWNnYmlmcm9zdDpvcGUqKjAw https://art-bobcat.autodesk.com:443/artifactory/oss-stg-generic/Maya/master/2021-04-14-21-15/windows/202104142115-fba6595483-RUNDEV.zip -o P:\shared\Artifactory\Windows\tmp\tmpqiuffi\202104142115-fba6595483-RUNDEV.zip
      0% complete.
      1% complete.
      2% complete.
      3% complete.
      4% complete.
      5% complete.
      6% complete.
      7% complete.
      8% complete.
      9% complete.
     10% complete.
     11% complete.
     12% complete.
     13% complete.
     14% complete.
     15% complete.
     16% complete.
     17% complete.
     18% complete.
     19% complete.
     20% complete.
     21% complete.
     22% complete.
     23% complete.
     24% complete.
     25% complete.
     26% complete.
     27% complete.
     28% complete.
     29% complete.
     30% complete.
     31% complete.
     32% complete.
     33% complete.
     34% complete.
     35% complete.
     36% complete.
     37% complete.
     38% complete.
     39% complete.
     40% complete.
     41% complete.
     42% complete.
     43% complete.
     44% complete.
     45% complete.
     46% complete.
     47% complete.
     48% complete.
     49% complete.
     50% complete.
     51% complete.
     52% complete.
     53% complete.
     54% complete.
     55% complete.
     56% complete.
     57% complete.
     58% complete.
     59% complete.
     60% complete.
     61% complete.
     62% complete.
     63% complete.
     64% complete.
     65% complete.
     66% complete.
     67% complete.
     68% complete.
     69% complete.
     70% complete.
     71% complete.
     72% complete.
     73% complete.
     74% complete.
     75% complete.
     76% complete.
     77% complete.
     78% complete.
     79% complete.
     80% complete.
     81% complete.
     82% complete.
     83% complete.
     84% complete.
     85% complete.
     86% complete.
     87% complete.
     88% complete.
     89% complete.
     90% complete.
     91% complete.
     92% complete.
     93% complete.
     94% complete.
     95% complete.
     96% complete.
     97% complete.
     98% complete.
     99% complete.
    100% complete.
[VERBOSE] End downloading file (CURL): https://art-bobcat.autodesk.com:443/artifactory/oss-stg-generic/Maya/master/2021-04-14-21-15/windows/202104142115-fba6595483-RUNDEV.zip
Extracting 202104142115-fba6595483-RUNDEV.zip to P:\shared\Artifactory\Windows\tmp\tmpbnblhm
Installing on P:\shared\Artifactory\Windows\rundev-master\202104142115\runtime\a4edade

================================================================================
                               cleanup (Finalize)
================================================================================
Cleaning up workspace
Deleting subst P:
Deleting subst W:
[Pipeline] }
[Pipeline] // withEnv
[Pipeline] }
[Pipeline] // stage
[Pipeline] }
[Pipeline] // timestamps
[Pipeline] }
[Pipeline] // timeout
[Pipeline] }
[Pipeline] // node
[Pipeline] End of Pipeline
Finished: SUCCESS
