================================================================================
                                 setup (Debug)
================================================================================
Deleting subst P:
Deleting subst W:
[Pipeline] }
[Pipeline] // withEnv
[Pipeline] withEnv
[Pipeline] {
[Pipeline] bat
[ecg-mayausd-branch-preflight-pr-python3-pxrusd-0.20.08-windows] Running batch script
Subst W: S:\jenkins\workspace\ecg-mayausd-branch-preflight-pr-python3-pxrusd-0.20.08-windows
Subst P: S:\jenkins\workspace
"C:\Program Files (x86)\Microsoft Visual Studio\2017\Professional\VC\Auxiliary\Build\vcvarsall.bat" x64
**********************************************************************
** Visual Studio 2017 Developer Command Prompt v15.9.15
** Copyright (c) 2017 Microsoft Corporation
**********************************************************************
[vcvarsall.bat] Environment initialized for: 'x64'
python ecg-maya-usd/build.py --stages=setup --workspace-dir=W:\ --artifactory-dir=P:\shared\Artifactory --build-dir=W:\build --install-dir=W:\install --signing-dir=W:\signing --package-dir=W:\package --output-dir=W:\output --stash-dir=W:\stash --jenkins-build=172 --git-commit=534b6117a4dbb3032a04181b1bf52e80a3ae41b9 --git-branch=master --variants=RelWithDebInfo --python=3 --pxrusd-version=0.20.8-gold --post-zips=false --extra-license-file=ecg-maya-usd/jenkins/melicense.lic --maya-cut-config=maya-rundev-master.yaml --maya-cut-id=202104142115-fba6595483 --stage-banner
Finding Artifactory servers response times
[VERBOSE] Start loading URL (CURL): https://art-bobcat.autodesk.com/artifactory/api/system/ping
[DEBUG] Running: C:\WINDOWS\system32\curl.exe -s -X GET --keepalive-time 10 --connect-timeout 60 --speed-limit 10000 --speed-time 60 --max-time 1800 --retry 5 --retry-max-time 2400 -H Connection:close https://art-bobcat.autodesk.com/artifactory/api/system/ping
[DEBUG] Output:
OK
[VERBOSE] End loading URL (CURL): https://art-bobcat.autodesk.com/artifactory/api/system/ping
[VERBOSE] Start loading URL (CURL): https://art-cougar.autodesk.com/artifactory/api/system/ping
[DEBUG] Running: C:\WINDOWS\system32\curl.exe -s -X GET --keepalive-time 10 --connect-timeout 60 --speed-limit 10000 --speed-time 60 --max-time 1800 --retry 5 --retry-max-time 2400 -H Connection:close https://art-cougar.autodesk.com/artifactory/api/system/ping
[DEBUG] Output:
OK
[VERBOSE] End loading URL (CURL): https://art-cougar.autodesk.com/artifactory/api/system/ping
[VERBOSE] Start loading URL (CURL): https://art-marmotte.autodesk.com/artifactory/api/system/ping
[DEBUG] Running: C:\WINDOWS\system32\curl.exe -s -X GET --keepalive-time 10 --connect-timeout 60 --speed-limit 10000 --speed-time 60 --max-time 1800 --retry 5 --retry-max-time 2400 -H Connection:close https://art-marmotte.autodesk.com/artifactory/api/system/ping
[DEBUG] Output:
OK
[VERBOSE] End loading URL (CURL): https://art-marmotte.autodesk.com/artifactory/api/system/ping
[VERBOSE] Start loading URL (CURL): https://art-bear.autodesk.com/artifactory/api/system/ping
[DEBUG] Running: C:\WINDOWS\system32\curl.exe -s -X GET --keepalive-time 10 --connect-timeout 60 --speed-limit 10000 --speed-time 60 --max-time 1800 --retry 5 --retry-max-time 2400 -H Connection:close https://art-bear.autodesk.com/artifactory/api/system/ping
[DEBUG] Output:
OK
[VERBOSE] End loading URL (CURL): https://art-bear.autodesk.com/artifactory/api/system/ping
[VERBOSE] Start loading URL (CURL): https://art-panda.autodesk.com/artifactory/api/system/ping
[DEBUG] Running: C:\WINDOWS\system32\curl.exe -s -X GET --keepalive-time 10 --connect-timeout 60 --speed-limit 10000 --speed-time 60 --max-time 1800 --retry 5 --retry-max-time 2400 -H Connection:close https://art-panda.autodesk.com/artifactory/api/system/ping
[DEBUG] Output:
OK
[VERBOSE] End loading URL (CURL): https://art-panda.autodesk.com/artifactory/api/system/ping
[VERBOSE] Start loading URL (CURL): https://art-hare.autodesk.com/artifactory/api/system/ping
[DEBUG] Running: C:\WINDOWS\system32\curl.exe -s -X GET --keepalive-time 10 --connect-timeout 60 --speed-limit 10000 --speed-time 60 --max-time 1800 --retry 5 --retry-max-time 2400 -H Connection:close https://art-hare.autodesk.com/artifactory/api/system/ping
[DEBUG] Output:
OK
[VERBOSE] End loading URL (CURL): https://art-hare.autodesk.com/artifactory/api/system/ping
[VERBOSE] Start loading URL (CURL): https://art-lion.autodesk.com/artifactory/api/system/ping
[DEBUG] Running: C:\WINDOWS\system32\curl.exe -s -X GET --keepalive-time 10 --connect-timeout 60 --speed-limit 10000 --speed-time 60 --max-time 1800 --retry 5 --retry-max-time 2400 -H Connection:close https://art-lion.autodesk.com/artifactory/api/system/ping
[DEBUG] Output:
OK
[VERBOSE] End loading URL (CURL): https://art-lion.autodesk.com/artifactory/api/system/ping
[VERBOSE] Start loading URL (CURL): https://art-kangaroo.autodesk.com/artifactory/api/system/ping
[DEBUG] Running: C:\WINDOWS\system32\curl.exe -s -X GET --keepalive-time 10 --connect-timeout 60 --speed-limit 10000 --speed-time 60 --max-time 1800 --retry 5 --retry-max-time 2400 -H Connection:close https://art-kangaroo.autodesk.com/artifactory/api/system/ping
[DEBUG] Output:
OK
[VERBOSE] End loading URL (CURL): https://art-kangaroo.autodesk.com/artifactory/api/system/ping
Checking server art-bobcat.autodesk.com for artifacts matching properties:
	cut_id=202104142115-fba6595483
	package=rundev-master
	platform=win
[VERBOSE] Start loading URL (CURL): https://art-bobcat.autodesk.com/artifactory/api/search/aql
[DEBUG] Running: C:\WINDOWS\system32\curl.exe -s -X POST --keepalive-time 10 --connect-timeout 60 --speed-limit 10000 --speed-time 60 --max-time 1800 --retry 5 --retry-max-time 2400 -H Connection:close -H Authorization:Basic ZWNnYmlmcm9zdDpvcGUqKjAw -H Content-Type:text/plain --data items.find({"@cut_id": "202104142115-fba6595483", "@package": "rundev-master", "@platform": "win"}) https://art-bobcat.autodesk.com/artifactory/api/search/aql
[DEBUG] Output:
{
"results" : [ {
  "repo" : "team-mayausd-dev-generic",
  "path" : "maya-cuts/master/2021-04-14-21-15.PR124/windows",
  "name" : "202104142115-fba6595483-RUNDEV.zip",
  "type" : "file",
  "size" : 1574358459,
  "created" : "2021-04-15T01:33:05.093-07:00",
  "created_by" : "svc_p_mescm",
  "modified" : "2021-04-15T01:05:47.780-07:00",
  "modified_by" : "svc_p_mescm",
  "updated" : "2021-04-15T01:33:05.095-07:00"
} ],
"range" : {
  "start_pos" : 0,
  "end_pos" : 1,
  "total" : 1
}
}
[VERBOSE] End loading URL (CURL): https://art-bobcat.autodesk.com/artifactory/api/search/aql
[VERBOSE] Start loading URL (CURL): https://art-bobcat.autodesk.com/artifactory/api/storage/team-mayausd-dev-generic/maya-cuts/master/2021-04-14-21-15.PR124/windows/202104142115-fba6595483-RUNDEV.zip
[DEBUG] Running: C:\WINDOWS\system32\curl.exe -s -X GET --keepalive-time 10 --connect-timeout 60 --speed-limit 10000 --speed-time 60 --max-time 1800 --retry 5 --retry-max-time 2400 -H Connection:close -H Authorization:Basic ZWNnYmlmcm9zdDpvcGUqKjAw https://art-bobcat.autodesk.com/artifactory/api/storage/team-mayausd-dev-generic/maya-cuts/master/2021-04-14-21-15.PR124/windows/202104142115-fba6595483-RUNDEV.zip
[DEBUG] Output:
{
  "repo" : "team-mayausd-dev-generic",
  "path" : "/maya-cuts/master/2021-04-14-21-15.PR124/windows/202104142115-fba6595483-RUNDEV.zip",
  "created" : "2021-04-15T01:33:05.093-07:00",
  "createdBy" : "svc_p_mescm",
  "lastModified" : "2021-04-15T01:05:47.780-07:00",
  "modifiedBy" : "svc_p_mescm",
  "lastUpdated" : "2021-04-15T01:33:05.095-07:00",
  "downloadUri" : "https://art-bobcat.autodesk.com:443/artifactory/team-mayausd-dev-generic/maya-cuts/master/2021-04-14-21-15.PR124/windows/202104142115-fba6595483-RUNDEV.zip",
  "mimeType" : "application/zip",
  "size" : "1574358459",
  "checksums" : {
    "sha1" : "a4edadeadaa556452925205ac40c0b75370cab7c",
    "md5" : "e0104b9835e6bf5cc5239e399253bd7f",
    "sha256" : "83d8a1c7d233819ba5e8c45b2668ad1c39a10e9badafffaedab0d4b0751c6665"
  },
  "originalChecksums" : {
    "sha1" : "a4edadeadaa556452925205ac40c0b75370cab7c",
    "md5" : "e0104b9835e6bf5cc5239e399253bd7f",
    "sha256" : "83d8a1c7d233819ba5e8c45b2668ad1c39a10e9badafffaedab0d4b0751c6665"
  },
  "uri" : "https://art-bobcat.autodesk.com:443/artifactory/api/storage/team-mayausd-dev-generic/maya-cuts/master/2021-04-14-21-15.PR124/windows/202104142115-fba6595483-RUNDEV.zip"
}
[VERBOSE] End loading URL (CURL): https://art-bobcat.autodesk.com/artifactory/api/storage/team-mayausd-dev-generic/maya-cuts/master/2021-04-14-21-15.PR124/windows/202104142115-fba6595483-RUNDEV.zip
[VERBOSE] Start loading URL (CURL): https://art-bobcat.autodesk.com:443/artifactory/api/storage/team-mayausd-dev-generic/maya-cuts/master/2021-04-14-21-15.PR124/windows/202104142115-fba6595483-RUNDEV.zip
[DEBUG] Running: C:\WINDOWS\system32\curl.exe -s -X GET --keepalive-time 10 --connect-timeout 60 --speed-limit 10000 --speed-time 60 --max-time 1800 --retry 5 --retry-max-time 2400 -H Connection:close -H Authorization:Basic ZWNnYmlmcm9zdDpvcGUqKjAw https://art-bobcat.autodesk.com:443/artifactory/api/storage/team-mayausd-dev-generic/maya-cuts/master/2021-04-14-21-15.PR124/windows/202104142115-fba6595483-RUNDEV.zip
[DEBUG] Output:
{
  "repo" : "team-mayausd-dev-generic",
  "path" : "/maya-cuts/master/2021-04-14-21-15.PR124/windows/202104142115-fba6595483-RUNDEV.zip",
  "created" : "2021-04-15T01:33:05.093-07:00",
  "createdBy" : "svc_p_mescm",
  "lastModified" : "2021-04-15T01:05:47.780-07:00",
  "modifiedBy" : "svc_p_mescm",
  "lastUpdated" : "2021-04-15T01:33:05.095-07:00",
  "downloadUri" : "https://art-bobcat.autodesk.com:443/artifactory/team-mayausd-dev-generic/maya-cuts/master/2021-04-14-21-15.PR124/windows/202104142115-fba6595483-RUNDEV.zip",
  "mimeType" : "application/zip",
  "size" : "1574358459",
  "checksums" : {
    "sha1" : "a4edadeadaa556452925205ac40c0b75370cab7c",
    "md5" : "e0104b9835e6bf5cc5239e399253bd7f",
    "sha256" : "83d8a1c7d233819ba5e8c45b2668ad1c39a10e9badafffaedab0d4b0751c6665"
  },
  "originalChecksums" : {
    "sha1" : "a4edadeadaa556452925205ac40c0b75370cab7c",
    "md5" : "e0104b9835e6bf5cc5239e399253bd7f",
    "sha256" : "83d8a1c7d233819ba5e8c45b2668ad1c39a10e9badafffaedab0d4b0751c6665"
  },
  "uri" : "https://art-bobcat.autodesk.com:443/artifactory/api/storage/team-mayausd-dev-generic/maya-cuts/master/2021-04-14-21-15.PR124/windows/202104142115-fba6595483-RUNDEV.zip"
}
[VERBOSE] End loading URL (CURL): https://art-bobcat.autodesk.com:443/artifactory/api/storage/team-mayausd-dev-generic/maya-cuts/master/2021-04-14-21-15.PR124/windows/202104142115-fba6595483-RUNDEV.zip
[VERBOSE] Start loading URL (CURL): https://art-bobcat.autodesk.com:443/artifactory/api/storage/team-mayausd-dev-generic/maya-cuts/master/2021-04-14-21-15.PR124/windows/202104142115-fba6595483-RUNDEV.zip?properties
[DEBUG] Running: C:\WINDOWS\system32\curl.exe -s -X GET --keepalive-time 10 --connect-timeout 60 --speed-limit 10000 --speed-time 60 --max-time 1800 --retry 5 --retry-max-time 2400 -H Connection:close -H Authorization:Basic ZWNnYmlmcm9zdDpvcGUqKjAw https://art-bobcat.autodesk.com:443/artifactory/api/storage/team-mayausd-dev-generic/maya-cuts/master/2021-04-14-21-15.PR124/windows/202104142115-fba6595483-RUNDEV.zip?properties
[DEBUG] Output:
{
  "properties" : {
    "branch" : [ "master" ],
    "change_set" : [ "fba65954837accd0ad5d06fdbdcbba179cd22c47" ],
    "cut_id" : [ "202104142115-fba6595483" ],
    "package" : [ "rundev-master" ],
    "platform" : [ "win" ]
  },
  "uri" : "https://art-bobcat.autodesk.com:443/artifactory/api/storage/team-mayausd-dev-generic/maya-cuts/master/2021-04-14-21-15.PR124/windows/202104142115-fba6595483-RUNDEV.zip"
}
[VERBOSE] End loading URL (CURL): https://art-bobcat.autodesk.com:443/artifactory/api/storage/team-mayausd-dev-generic/maya-cuts/master/2021-04-14-21-15.PR124/windows/202104142115-fba6595483-RUNDEV.zip?properties
Using Maya cut from P:\shared\Artifactory\Windows\rundev-master\202104142115\runtime\a4edade

================================================================================
                             setup (RelWithDebInfo)
================================================================================
Deleting subst P:
Deleting subst W:
[Pipeline] }
[Pipeline] // withEnv
[Pipeline] }
[Pipeline] // stage
[Pipeline] }
[Pipeline] // timestamps
[Pipeline] }
[Pipeline] // timeout
[Pipeline] timeout
Timeout set to expire in 6 hr 0 min
[Pipeline] {
[Pipeline] timestamps
[Pipeline] {
[Pipeline] stage
[Pipeline] { (Clean)
[Pipeline] withEnv
[Pipeline] {
[Pipeline] bat
[ecg-mayausd-branch-preflight-pr-python3-pxrusd-0.20.08-windows] Running batch script
Subst W: S:\jenkins\workspace\ecg-mayausd-branch-preflight-pr-python3-pxrusd-0.20.08-windows
Subst P: S:\jenkins\workspace
"C:\Program Files (x86)\Microsoft Visual Studio\2017\Professional\VC\Auxiliary\Build\vcvarsall.bat" x64
**********************************************************************
** Visual Studio 2017 Developer Command Prompt v15.9.15
** Copyright (c) 2017 Microsoft Corporation
**********************************************************************
[vcvarsall.bat] Environment initialized for: 'x64'
python ecg-maya-usd/build.py --stages=clean --workspace-dir=W:\ --artifactory-dir=P:\shared\Artifactory --build-dir=W:\build --install-dir=W:\install --signing-dir=W:\signing --package-dir=W:\package --output-dir=W:\output --stash-dir=W:\stash --jenkins-build=172 --git-commit=534b6117a4dbb3032a04181b1bf52e80a3ae41b9 --git-branch=master --variants=Debug --python=3 --pxrusd-version=0.20.8-gold --post-zips=false --maya-cut-config=maya-rundev-master-debug.yaml --maya-cut-id=202104141515-fba6595483 --stage-banner
Finding Artifactory servers response times
[VERBOSE] Start loading URL (CURL): https://art-bobcat.autodesk.com/artifactory/api/system/ping
[DEBUG] Running: C:\WINDOWS\system32\curl.exe -s -X GET --keepalive-time 10 --connect-timeout 60 --speed-limit 10000 --speed-time 60 --max-time 1800 --retry 5 --retry-max-time 2400 -H Connection:close https://art-bobcat.autodesk.com/artifactory/api/system/ping
[DEBUG] Output:
OK
[VERBOSE] End loading URL (CURL): https://art-bobcat.autodesk.com/artifactory/api/system/ping
[VERBOSE] Start loading URL (CURL): https://art-cougar.autodesk.com/artifactory/api/system/ping
[DEBUG] Running: C:\WINDOWS\system32\curl.exe -s -X GET --keepalive-time 10 --connect-timeout 60 --speed-limit 10000 --speed-time 60 --max-time 1800 --retry 5 --retry-max-time 2400 -H Connection:close https://art-cougar.autodesk.com/artifactory/api/system/ping
[DEBUG] Output:
OK
[VERBOSE] End loading URL (CURL): https://art-cougar.autodesk.com/artifactory/api/system/ping
[VERBOSE] Start loading URL (CURL): https://art-bear.autodesk.com/artifactory/api/system/ping
[DEBUG] Running: C:\WINDOWS\system32\curl.exe -s -X GET --keepalive-time 10 --connect-timeout 60 --speed-limit 10000 --speed-time 60 --max-time 1800 --retry 5 --retry-max-time 2400 -H Connection:close https://art-bear.autodesk.com/artifactory/api/system/ping
[DEBUG] Output:
OK
[VERBOSE] End loading URL (CURL): https://art-bear.autodesk.com/artifactory/api/system/ping
[VERBOSE] Start loading URL (CURL): https://art-marmotte.autodesk.com/artifactory/api/system/ping
[DEBUG] Running: C:\WINDOWS\system32\curl.exe -s -X GET --keepalive-time 10 --connect-timeout 60 --speed-limit 10000 --speed-time 60 --max-time 1800 --retry 5 --retry-max-time 2400 -H Connection:close https://art-marmotte.autodesk.com/artifactory/api/system/ping
[DEBUG] Output:
OK
[VERBOSE] End loading URL (CURL): https://art-marmotte.autodesk.com/artifactory/api/system/ping
[VERBOSE] Start loading URL (CURL): https://art-panda.autodesk.com/artifactory/api/system/ping
[DEBUG] Running: C:\WINDOWS\system32\curl.exe -s -X GET --keepalive-time 10 --connect-timeout 60 --speed-limit 10000 --speed-time 60 --max-time 1800 --retry 5 --retry-max-time 2400 -H Connection:close https://art-panda.autodesk.com/artifactory/api/system/ping
[DEBUG] Output:
OK
[VERBOSE] End loading URL (CURL): https://art-panda.autodesk.com/artifactory/api/system/ping
[VERBOSE] Start loading URL (CURL): https://art-hare.autodesk.com/artifactory/api/system/ping
[DEBUG] Running: C:\WINDOWS\system32\curl.exe -s -X GET --keepalive-time 10 --connect-timeout 60 --speed-limit 10000 --speed-time 60 --max-time 1800 --retry 5 --retry-max-time 2400 -H Connection:close https://art-hare.autodesk.com/artifactory/api/system/ping
[DEBUG] Output:
OK
[VERBOSE] End loading URL (CURL): https://art-hare.autodesk.com/artifactory/api/system/ping
[VERBOSE] Start loading URL (CURL): https://art-lion.autodesk.com/artifactory/api/system/ping
[DEBUG] Running: C:\WINDOWS\system32\curl.exe -s -X GET --keepalive-time 10 --connect-timeout 60 --speed-limit 10000 --speed-time 60 --max-time 1800 --retry 5 --retry-max-time 2400 -H Connection:close https://art-lion.autodesk.com/artifactory/api/system/ping
[DEBUG] Output:
OK
[VERBOSE] End loading URL (CURL): https://art-lion.autodesk.com/artifactory/api/system/ping
[VERBOSE] Start loading URL (CURL): https://art-kangaroo.autodesk.com/artifactory/api/system/ping
[DEBUG] Running: C:\WINDOWS\system32\curl.exe -s -X GET --keepalive-time 10 --connect-timeout 60 --speed-limit 10000 --speed-time 60 --max-time 1800 --retry 5 --retry-max-time 2400 -H Connection:close https://art-kangaroo.autodesk.com/artifactory/api/system/ping
[DEBUG] Output:
OK
[VERBOSE] End loading URL (CURL): https://art-kangaroo.autodesk.com/artifactory/api/system/ping
Checking server art-bobcat.autodesk.com for artifacts matching properties:
	cut_id=202104141515-fba6595483
	package=rundev-master-debug
	platform=win
[VERBOSE] Start loading URL (CURL): https://art-bobcat.autodesk.com/artifactory/api/search/aql
[DEBUG] Running: C:\WINDOWS\system32\curl.exe -s -X POST --keepalive-time 10 --connect-timeout 60 --speed-limit 10000 --speed-time 60 --max-time 1800 --retry 5 --retry-max-time 2400 -H Connection:close -H Authorization:Basic ZWNnYmlmcm9zdDpvcGUqKjAw -H Content-Type:text/plain --data items.find({"@cut_id": "202104141515-fba6595483", "@package": "rundev-master-debug", "@platform": "win"}) https://art-bobcat.autodesk.com/artifactory/api/search/aql
[DEBUG] Output:
{
"results" : [ {
  "repo" : "team-mayausd-dev-generic",
  "path" : "maya-cuts/master-debug/2021-04-14-15-15.PR124/windows",
  "name" : "202104141515-fba6595483-RUNDEV.zip",
  "type" : "file",
  "size" : 3340270521,
  "created" : "2021-04-14T19:09:05.340-07:00",
  "created_by" : "svc_p_mescm",
  "modified" : "2021-04-14T18:11:25.809-07:00",
  "modified_by" : "svc_p_mescm",
  "updated" : "2021-04-14T19:09:05.342-07:00"
} ],
"range" : {
  "start_pos" : 0,
  "end_pos" : 1,
  "total" : 1
}
}
[VERBOSE] End loading URL (CURL): https://art-bobcat.autodesk.com/artifactory/api/search/aql
[VERBOSE] Start loading URL (CURL): https://art-bobcat.autodesk.com/artifactory/api/storage/team-mayausd-dev-generic/maya-cuts/master-debug/2021-04-14-15-15.PR124/windows/202104141515-fba6595483-RUNDEV.zip
[DEBUG] Running: C:\WINDOWS\system32\curl.exe -s -X GET --keepalive-time 10 --connect-timeout 60 --speed-limit 10000 --speed-time 60 --max-time 1800 --retry 5 --retry-max-time 2400 -H Connection:close -H Authorization:Basic ZWNnYmlmcm9zdDpvcGUqKjAw https://art-bobcat.autodesk.com/artifactory/api/storage/team-mayausd-dev-generic/maya-cuts/master-debug/2021-04-14-15-15.PR124/windows/202104141515-fba6595483-RUNDEV.zip
[DEBUG] Output:
{
  "repo" : "team-mayausd-dev-generic",
  "path" : "/maya-cuts/master-debug/2021-04-14-15-15.PR124/windows/202104141515-fba6595483-RUNDEV.zip",
  "created" : "2021-04-14T19:09:05.340-07:00",
  "createdBy" : "svc_p_mescm",
  "lastModified" : "2021-04-14T18:11:25.809-07:00",
  "modifiedBy" : "svc_p_mescm",
  "lastUpdated" : "2021-04-14T19:09:05.342-07:00",
  "downloadUri" : "https://art-bobcat.autodesk.com:443/artifactory/team-mayausd-dev-generic/maya-cuts/master-debug/2021-04-14-15-15.PR124/windows/202104141515-fba6595483-RUNDEV.zip",
  "mimeType" : "application/zip",
  "size" : "3340270521",
  "checksums" : {
    "sha1" : "0443d2af8fa4b0c5ad90fff4ff702aeeb1234816",
    "md5" : "c8eaf55596219e34a2fe7da112d4d3c2",
    "sha256" : "041b89dd177e46b3b1c69f8929afd408f7082ce19f2e72608b552f0f00013212"
  },
  "originalChecksums" : {
    "sha1" : "0443d2af8fa4b0c5ad90fff4ff702aeeb1234816",
    "md5" : "c8eaf55596219e34a2fe7da112d4d3c2",
    "sha256" : "041b89dd177e46b3b1c69f8929afd408f7082ce19f2e72608b552f0f00013212"
  },
  "uri" : "https://art-bobcat.autodesk.com:443/artifactory/api/storage/team-mayausd-dev-generic/maya-cuts/master-debug/2021-04-14-15-15.PR124/windows/202104141515-fba6595483-RUNDEV.zip"
}
[VERBOSE] End loading URL (CURL): https://art-bobcat.autodesk.com/artifactory/api/storage/team-mayausd-dev-generic/maya-cuts/master-debug/2021-04-14-15-15.PR124/windows/202104141515-fba6595483-RUNDEV.zip
[VERBOSE] Start loading URL (CURL): https://art-bobcat.autodesk.com:443/artifactory/api/storage/team-mayausd-dev-generic/maya-cuts/master-debug/2021-04-14-15-15.PR124/windows/202104141515-fba6595483-RUNDEV.zip
[DEBUG] Running: C:\WINDOWS\system32\curl.exe -s -X GET --keepalive-time 10 --connect-timeout 60 --speed-limit 10000 --speed-time 60 --max-time 1800 --retry 5 --retry-max-time 2400 -H Connection:close -H Authorization:Basic ZWNnYmlmcm9zdDpvcGUqKjAw https://art-bobcat.autodesk.com:443/artifactory/api/storage/team-mayausd-dev-generic/maya-cuts/master-debug/2021-04-14-15-15.PR124/windows/202104141515-fba6595483-RUNDEV.zip
[DEBUG] Output:
{
  "repo" : "team-mayausd-dev-generic",
  "path" : "/maya-cuts/master-debug/2021-04-14-15-15.PR124/windows/202104141515-fba6595483-RUNDEV.zip",
  "created" : "2021-04-14T19:09:05.340-07:00",
  "createdBy" : "svc_p_mescm",
  "lastModified" : "2021-04-14T18:11:25.809-07:00",
  "modifiedBy" : "svc_p_mescm",
  "lastUpdated" : "2021-04-14T19:09:05.342-07:00",
  "downloadUri" : "https://art-bobcat.autodesk.com:443/artifactory/team-mayausd-dev-generic/maya-cuts/master-debug/2021-04-14-15-15.PR124/windows/202104141515-fba6595483-RUNDEV.zip",
  "mimeType" : "application/zip",
  "size" : "3340270521",
  "checksums" : {
    "sha1" : "0443d2af8fa4b0c5ad90fff4ff702aeeb1234816",
    "md5" : "c8eaf55596219e34a2fe7da112d4d3c2",
    "sha256" : "041b89dd177e46b3b1c69f8929afd408f7082ce19f2e72608b552f0f00013212"
  },
  "originalChecksums" : {
    "sha1" : "0443d2af8fa4b0c5ad90fff4ff702aeeb1234816",
    "md5" : "c8eaf55596219e34a2fe7da112d4d3c2",
    "sha256" : "041b89dd177e46b3b1c69f8929afd408f7082ce19f2e72608b552f0f00013212"
  },
  "uri" : "https://art-bobcat.autodesk.com:443/artifactory/api/storage/team-mayausd-dev-generic/maya-cuts/master-debug/2021-04-14-15-15.PR124/windows/202104141515-fba6595483-RUNDEV.zip"
}
[VERBOSE] End loading URL (CURL): https://art-bobcat.autodesk.com:443/artifactory/api/storage/team-mayausd-dev-generic/maya-cuts/master-debug/2021-04-14-15-15.PR124/windows/202104141515-fba6595483-RUNDEV.zip
[VERBOSE] Start loading URL (CURL): https://art-bobcat.autodesk.com:443/artifactory/api/storage/team-mayausd-dev-generic/maya-cuts/master-debug/2021-04-14-15-15.PR124/windows/202104141515-fba6595483-RUNDEV.zip?properties
[DEBUG] Running: C:\WINDOWS\system32\curl.exe -s -X GET --keepalive-time 10 --connect-timeout 60 --speed-limit 10000 --speed-time 60 --max-time 1800 --retry 5 --retry-max-time 2400 -H Connection:close -H Authorization:Basic ZWNnYmlmcm9zdDpvcGUqKjAw https://art-bobcat.autodesk.com:443/artifactory/api/storage/team-mayausd-dev-generic/maya-cuts/master-debug/2021-04-14-15-15.PR124/windows/202104141515-fba6595483-RUNDEV.zip?properties
[DEBUG] Output:
{
  "properties" : {
    "branch" : [ "master" ],
    "change_set" : [ "fba65954837accd0ad5d06fdbdcbba179cd22c47" ],
    "cut_id" : [ "202104141515-fba6595483" ],
    "package" : [ "rundev-master-debug" ],
    "platform" : [ "win" ]
  },
  "uri" : "https://art-bobcat.autodesk.com:443/artifactory/api/storage/team-mayausd-dev-generic/maya-cuts/master-debug/2021-04-14-15-15.PR124/windows/202104141515-fba6595483-RUNDEV.zip"
}
[VERBOSE] End loading URL (CURL): https://art-bobcat.autodesk.com:443/artifactory/api/storage/team-mayausd-dev-generic/maya-cuts/master-debug/2021-04-14-15-15.PR124/windows/202104141515-fba6595483-RUNDEV.zip?properties
Using Maya cut from P:\shared\Artifactory\Windows\rundev-master-debug\202104141515\runtime\0443d2a

================================================================================
                                 clean (Debug)
================================================================================
Maya Python Debug Info:
  mayapy executable   = P:\shared\Artifactory\Windows\rundev-master-debug\202104141515\runtime\0443d2a\runTime\bin\mayapy.exe
  Include Folder      = P:\shared\Artifactory\Windows\rundev-master-debug\202104141515\runtime\0443d2a\runTime\include\Python37\Python
  Library             = P:\shared\Artifactory\Windows\rundev-master-debug\202104141515\runtime\0443d2a\runTime\lib\python37_d.lib
  site-package Folder = P:\shared\Artifactory\Windows\rundev-master-debug\202104141515\runtime\0443d2a\runTime\Python\Lib\site-packages
In workdir: S:\jenkins\workspace\ecg-mayausd-branch-preflight-pr-python3-pxrusd-0.20.08-windows\ecg-maya-usd\maya-usd
Executing: 'P:\\shared\\Artifactory\\Windows\\rundev-master-debug\\202104141515\\runtime\\0443d2a\\runTime\\bin\\mayapy.exe' 'S:\\jenkins\\workspace\\ecg-mayausd-branch-preflight-pr-python3-pxrusd-0.20.08-windows\\ecg-maya-usd\\maya-usd\\build.py' --generator Ninja --build-debug --maya-location 'P:\\shared\\Artifactory\\Windows\\rundev-master-debug\\202104141515\\runtime\\0443d2a\\runTime' --devkit-location 'P:\\shared\\Artifactory\\Windows\\rundev-master-debug\\202104141515\\runtime\\0443d2a\\devkitBase' --pxrusd-location 'P:\\shared\\Artifactory\\Windows\\USD\\83f7bbc' --qt-location 'P:\\shared\\Artifactory\\Windows\\qt\\5.15.2\\28999d0' '--build-args=-DCMAKE_MAKE_PROGRAM=P:/shared/Artifactory/Windows/ninja/1.9.0/c68f192/ninja.exe,-DPYTHON_INCLUDE_DIR=P:/shared/Artifactory/Windows/rundev-master-debug/202104141515/runtime/0443d2a/runTime/include/Python37/Python,-DPython_EXECUTABLE=P:/shared/Artifactory/Windows/rundev-master-debug/202104141515/runtime/0443d2a/runTime/bin/mayapy.exe,-DPYTHON_LIBRARIES=P:/shared/Artifactory/Windows/rundev-master-debug/202104141515/runtime/0443d2a/runTime/lib/python37_d.lib,-DBUILD_WITH_PYTHON_3=ON' --debug-python '--ctest-args=-E testUsdReferenceAssemblySelection|testUsdMayaAppDir|testUsdExportAsClip,-LE interactive,--parallel 16' --stages=clean --redirect-outstream-file=False --install-location 'W:\\install\\Debug\\MayaUSD' 'W:\\'
Modified environment variables:
    PATH=P:\shared\Artifactory\Windows\cmake\3.14.4\c5af748\bin;C:\Python27\lib\site-packages\pywin32_system32;C:\Program Files (x86)\Microsoft Visual Studio\2017\Professional\VC\Tools\MSVC\14.16.27023\bin\HostX64\x64;C:\Program Files (x86)\Microsoft Visual Studio\2017\Professional\Common7\IDE\VC\VCPackages;C:\Program Files (x86)\Microsoft Visual Studio\2017\Professional\Common7\IDE\CommonExtensions\Microsoft\TestWindow;C:\Program Files (x86)\Microsoft Visual Studio\2017\Professional\Common7\IDE\CommonExtensions\Microsoft\TeamFoundation\Team Explorer;C:\Program Files (x86)\Microsoft Visual Studio\2017\Professional\MSBuild\15.0\bin\Roslyn;C:\Program Files (x86)\Microsoft Visual Studio\2017\Professional\Team Tools\Performance Tools\x64;C:\Program Files (x86)\Microsoft Visual Studio\2017\Professional\Team Tools\Performance Tools;C:\Program Files (x86)\Microsoft Visual Studio\Shared\Common\VSPerfCollectionTools\\x64;C:\Program Files (x86)\Microsoft Visual Studio\Shared\Common\VSPerfCollectionTools\;C:\Program Files (x86)\Microsoft SDKs\Windows\v10.0A\bin\NETFX 4.6.1 Tools\x64\;C:\Program Files (x86)\HTML Help Workshop;C:\Program Files (x86)\Windows Kits\10\bin\10.0.17763.0\x64;C:\Program Files (x86)\Windows Kits\10\bin\x64;C:\Program Files (x86)\Microsoft Visual Studio\2017\Professional\\MSBuild\15.0\bin;C:\WINDOWS\Microsoft.NET\Framework64\v4.0.30319;C:\Program Files (x86)\Microsoft Visual Studio\2017\Professional\Common7\IDE\;C:\Program Files (x86)\Microsoft Visual Studio\2017\Professional\Common7\Tools\;C:\Program Files (x86)\Common Files\Oracle\Java\javapath;C:\WINDOWS\system32;C:\WINDOWS;C:\WINDOWS\System32\Wbem;C:\WINDOWS\System32\WindowsPowerShell\v1.0\;C:\WINDOWS\System32\OpenSSH\;C:\PathVerify;C:\Program Files (x86)\WiX Toolset v3.7\bin;C:\Program Files (x86)\Windows Kits\10\bin\10.0.17763.0\x64;C:\Program Files (x86)\Windows Kits\10\bin\x64;C:\Python27\;C:\Python27\Scripts;C:\Program Files\Git\cmd;C:\Program Files\Git\usr\bin;C:\Program Files\Git\mingw64\bin;C:\Program Files\Git\bin;C:\StoreBoxClientWindows;C:\Program Files\Electric Cloud\ElectricCommander\bin;C:\Program Files\WinRAR;C:\Program Files\7-Zip;C:\ProgramData\chocolatey\bin;C:\Users\Administrator\AppData\Local\Microsoft\WindowsApps;C:\Program Files (x86)\Microsoft Visual Studio\2017\Professional\Common7\IDE\CommonExtensions\Microsoft\CMake\CMake\bin;C:\Program Files (x86)\Microsoft Visual Studio\2017\Professional\Common7\IDE\CommonExtensions\Microsoft\CMake\Ninja
    
        Building with settings:
          Source directory          S:\jenkins\workspace\ecg-mayausd-branch-preflight-pr-python3-pxrusd-0.20.08-windows\ecg-maya-usd\maya-usd
          Workspace directory       W:\
          Build directory           W:\build\Debug
          Install directory         W:\install\Debug\MayaUSD
          Variant                   Debug
          Python Debug              On
          CMake generator           Ninja
          Build arguments           ['-DCMAKE_MAKE_PROGRAM=P:/shared/Artifactory/Windows/ninja/1.9.0/c68f192/ninja.exe', '-DPYTHON_INCLUDE_DIR=P:/shared/Artifactory/Windows/rundev-master-debug/202104141515/runtime/0443d2a/runTime/include/Python37/Python', '-DPython_EXECUTABLE=P:/shared/Artifactory/Windows/rundev-master-debug/202104141515/runtime/0443d2a/runTime/bin/mayapy.exe', '-DPYTHON_LIBRARIES=P:/shared/Artifactory/Windows/rundev-master-debug/202104141515/runtime/0443d2a/runTime/lib/python37_d.lib', '-DBUILD_WITH_PYTHON_3=ON']
          Stages arguments          ['clean']
          CTest arguments           ['-E testUsdReferenceAssemblySelection|testUsdMayaAppDir|testUsdExportAsClip', '-LE interactive', '--parallel 16']
    Success MayaUSD build and install !!!!
    Elapsed time: 00:00:00
Deleting subst P:
Deleting subst W:
[Pipeline] }
[Pipeline] // withEnv
[Pipeline] withEnv
[Pipeline] {
[Pipeline] bat
[ecg-mayausd-branch-preflight-pr-python3-pxrusd-0.20.08-windows] Running batch script
Subst W: S:\jenkins\workspace\ecg-mayausd-branch-preflight-pr-python3-pxrusd-0.20.08-windows
Subst P: S:\jenkins\workspace
"C:\Program Files (x86)\Microsoft Visual Studio\2017\Professional\VC\Auxiliary\Build\vcvarsall.bat" x64
**********************************************************************
** Visual Studio 2017 Developer Command Prompt v15.9.15
** Copyright (c) 2017 Microsoft Corporation
**********************************************************************
[vcvarsall.bat] Environment initialized for: 'x64'
python ecg-maya-usd/build.py --stages=clean --workspace-dir=W:\ --artifactory-dir=P:\shared\Artifactory --build-dir=W:\build --install-dir=W:\install --signing-dir=W:\signing --package-dir=W:\package --output-dir=W:\output --stash-dir=W:\stash --jenkins-build=172 --git-commit=534b6117a4dbb3032a04181b1bf52e80a3ae41b9 --git-branch=master --variants=RelWithDebInfo --python=3 --pxrusd-version=0.20.8-gold --post-zips=false --maya-cut-config=maya-rundev-master.yaml --maya-cut-id=202104142115-fba6595483 --stage-banner
Finding Artifactory servers response times
[VERBOSE] Start loading URL (CURL): https://art-bobcat.autodesk.com/artifactory/api/system/ping
[DEBUG] Running: C:\WINDOWS\system32\curl.exe -s -X GET --keepalive-time 10 --connect-timeout 60 --speed-limit 10000 --speed-time 60 --max-time 1800 --retry 5 --retry-max-time 2400 -H Connection:close https://art-bobcat.autodesk.com/artifactory/api/system/ping
[DEBUG] Output:
OK
[VERBOSE] End loading URL (CURL): https://art-bobcat.autodesk.com/artifactory/api/system/ping
[VERBOSE] Start loading URL (CURL): https://art-cougar.autodesk.com/artifactory/api/system/ping
[DEBUG] Running: C:\WINDOWS\system32\curl.exe -s -X GET --keepalive-time 10 --connect-timeout 60 --speed-limit 10000 --speed-time 60 --max-time 1800 --retry 5 --retry-max-time 2400 -H Connection:close https://art-cougar.autodesk.com/artifactory/api/system/ping
[DEBUG] Output:
OK
[VERBOSE] End loading URL (CURL): https://art-cougar.autodesk.com/artifactory/api/system/ping
[VERBOSE] Start loading URL (CURL): https://art-bear.autodesk.com/artifactory/api/system/ping
[DEBUG] Running: C:\WINDOWS\system32\curl.exe -s -X GET --keepalive-time 10 --connect-timeout 60 --speed-limit 10000 --speed-time 60 --max-time 1800 --retry 5 --retry-max-time 2400 -H Connection:close https://art-bear.autodesk.com/artifactory/api/system/ping
[DEBUG] Output:
OK
[VERBOSE] End loading URL (CURL): https://art-bear.autodesk.com/artifactory/api/system/ping
[VERBOSE] Start loading URL (CURL): https://art-marmotte.autodesk.com/artifactory/api/system/ping
[DEBUG] Running: C:\WINDOWS\system32\curl.exe -s -X GET --keepalive-time 10 --connect-timeout 60 --speed-limit 10000 --speed-time 60 --max-time 1800 --retry 5 --retry-max-time 2400 -H Connection:close https://art-marmotte.autodesk.com/artifactory/api/system/ping
[DEBUG] Output:
OK
[VERBOSE] End loading URL (CURL): https://art-marmotte.autodesk.com/artifactory/api/system/ping
[VERBOSE] Start loading URL (CURL): https://art-panda.autodesk.com/artifactory/api/system/ping
[DEBUG] Running: C:\WINDOWS\system32\curl.exe -s -X GET --keepalive-time 10 --connect-timeout 60 --speed-limit 10000 --speed-time 60 --max-time 1800 --retry 5 --retry-max-time 2400 -H Connection:close https://art-panda.autodesk.com/artifactory/api/system/ping
[DEBUG] Output:
OK
[VERBOSE] End loading URL (CURL): https://art-panda.autodesk.com/artifactory/api/system/ping
[VERBOSE] Start loading URL (CURL): https://art-hare.autodesk.com/artifactory/api/system/ping
[DEBUG] Running: C:\WINDOWS\system32\curl.exe -s -X GET --keepalive-time 10 --connect-timeout 60 --speed-limit 10000 --speed-time 60 --max-time 1800 --retry 5 --retry-max-time 2400 -H Connection:close https://art-hare.autodesk.com/artifactory/api/system/ping
[DEBUG] Output:
OK
[VERBOSE] End loading URL (CURL): https://art-hare.autodesk.com/artifactory/api/system/ping
[VERBOSE] Start loading URL (CURL): https://art-lion.autodesk.com/artifactory/api/system/ping
[DEBUG] Running: C:\WINDOWS\system32\curl.exe -s -X GET --keepalive-time 10 --connect-timeout 60 --speed-limit 10000 --speed-time 60 --max-time 1800 --retry 5 --retry-max-time 2400 -H Connection:close https://art-lion.autodesk.com/artifactory/api/system/ping
[DEBUG] Output:
OK
[VERBOSE] End loading URL (CURL): https://art-lion.autodesk.com/artifactory/api/system/ping
[VERBOSE] Start loading URL (CURL): https://art-kangaroo.autodesk.com/artifactory/api/system/ping
[DEBUG] Running: C:\WINDOWS\system32\curl.exe -s -X GET --keepalive-time 10 --connect-timeout 60 --speed-limit 10000 --speed-time 60 --max-time 1800 --retry 5 --retry-max-time 2400 -H Connection:close https://art-kangaroo.autodesk.com/artifactory/api/system/ping
[DEBUG] Output:
OK
[VERBOSE] End loading URL (CURL): https://art-kangaroo.autodesk.com/artifactory/api/system/ping
Checking server art-bobcat.autodesk.com for artifacts matching properties:
	cut_id=202104142115-fba6595483
	package=rundev-master
	platform=win
[VERBOSE] Start loading URL (CURL): https://art-bobcat.autodesk.com/artifactory/api/search/aql
[DEBUG] Running: C:\WINDOWS\system32\curl.exe -s -X POST --keepalive-time 10 --connect-timeout 60 --speed-limit 10000 --speed-time 60 --max-time 1800 --retry 5 --retry-max-time 2400 -H Connection:close -H Authorization:Basic ZWNnYmlmcm9zdDpvcGUqKjAw -H Content-Type:text/plain --data items.find({"@cut_id": "202104142115-fba6595483", "@package": "rundev-master", "@platform": "win"}) https://art-bobcat.autodesk.com/artifactory/api/search/aql
[DEBUG] Output:
{
"results" : [ {
  "repo" : "team-mayausd-dev-generic",
  "path" : "maya-cuts/master/2021-04-14-21-15.PR124/windows",
  "name" : "202104142115-fba6595483-RUNDEV.zip",
  "type" : "file",
  "size" : 1574358459,
  "created" : "2021-04-15T01:33:05.093-07:00",
  "created_by" : "svc_p_mescm",
  "modified" : "2021-04-15T01:05:47.780-07:00",
  "modified_by" : "svc_p_mescm",
  "updated" : "2021-04-15T01:33:05.095-07:00"
} ],
"range" : {
  "start_pos" : 0,
  "end_pos" : 1,
  "total" : 1
}
}
[VERBOSE] End loading URL (CURL): https://art-bobcat.autodesk.com/artifactory/api/search/aql
[VERBOSE] Start loading URL (CURL): https://art-bobcat.autodesk.com/artifactory/api/storage/team-mayausd-dev-generic/maya-cuts/master/2021-04-14-21-15.PR124/windows/202104142115-fba6595483-RUNDEV.zip
[DEBUG] Running: C:\WINDOWS\system32\curl.exe -s -X GET --keepalive-time 10 --connect-timeout 60 --speed-limit 10000 --speed-time 60 --max-time 1800 --retry 5 --retry-max-time 2400 -H Connection:close -H Authorization:Basic ZWNnYmlmcm9zdDpvcGUqKjAw https://art-bobcat.autodesk.com/artifactory/api/storage/team-mayausd-dev-generic/maya-cuts/master/2021-04-14-21-15.PR124/windows/202104142115-fba6595483-RUNDEV.zip
[DEBUG] Output:
{
  "repo" : "team-mayausd-dev-generic",
  "path" : "/maya-cuts/master/2021-04-14-21-15.PR124/windows/202104142115-fba6595483-RUNDEV.zip",
  "created" : "2021-04-15T01:33:05.093-07:00",
  "createdBy" : "svc_p_mescm",
  "lastModified" : "2021-04-15T01:05:47.780-07:00",
  "modifiedBy" : "svc_p_mescm",
  "lastUpdated" : "2021-04-15T01:33:05.095-07:00",
  "downloadUri" : "https://art-bobcat.autodesk.com:443/artifactory/team-mayausd-dev-generic/maya-cuts/master/2021-04-14-21-15.PR124/windows/202104142115-fba6595483-RUNDEV.zip",
  "mimeType" : "application/zip",
  "size" : "1574358459",
  "checksums" : {
    "sha1" : "a4edadeadaa556452925205ac40c0b75370cab7c",
    "md5" : "e0104b9835e6bf5cc5239e399253bd7f",
    "sha256" : "83d8a1c7d233819ba5e8c45b2668ad1c39a10e9badafffaedab0d4b0751c6665"
  },
  "originalChecksums" : {
    "sha1" : "a4edadeadaa556452925205ac40c0b75370cab7c",
    "md5" : "e0104b9835e6bf5cc5239e399253bd7f",
    "sha256" : "83d8a1c7d233819ba5e8c45b2668ad1c39a10e9badafffaedab0d4b0751c6665"
  },
  "uri" : "https://art-bobcat.autodesk.com:443/artifactory/api/storage/team-mayausd-dev-generic/maya-cuts/master/2021-04-14-21-15.PR124/windows/202104142115-fba6595483-RUNDEV.zip"
}
[VERBOSE] End loading URL (CURL): https://art-bobcat.autodesk.com/artifactory/api/storage/team-mayausd-dev-generic/maya-cuts/master/2021-04-14-21-15.PR124/windows/202104142115-fba6595483-RUNDEV.zip
[VERBOSE] Start loading URL (CURL): https://art-bobcat.autodesk.com:443/artifactory/api/storage/team-mayausd-dev-generic/maya-cuts/master/2021-04-14-21-15.PR124/windows/202104142115-fba6595483-RUNDEV.zip
[DEBUG] Running: C:\WINDOWS\system32\curl.exe -s -X GET --keepalive-time 10 --connect-timeout 60 --speed-limit 10000 --speed-time 60 --max-time 1800 --retry 5 --retry-max-time 2400 -H Connection:close -H Authorization:Basic ZWNnYmlmcm9zdDpvcGUqKjAw https://art-bobcat.autodesk.com:443/artifactory/api/storage/team-mayausd-dev-generic/maya-cuts/master/2021-04-14-21-15.PR124/windows/202104142115-fba6595483-RUNDEV.zip
[DEBUG] Output:
{
  "repo" : "team-mayausd-dev-generic",
  "path" : "/maya-cuts/master/2021-04-14-21-15.PR124/windows/202104142115-fba6595483-RUNDEV.zip",
  "created" : "2021-04-15T01:33:05.093-07:00",
  "createdBy" : "svc_p_mescm",
  "lastModified" : "2021-04-15T01:05:47.780-07:00",
  "modifiedBy" : "svc_p_mescm",
  "lastUpdated" : "2021-04-15T01:33:05.095-07:00",
  "downloadUri" : "https://art-bobcat.autodesk.com:443/artifactory/team-mayausd-dev-generic/maya-cuts/master/2021-04-14-21-15.PR124/windows/202104142115-fba6595483-RUNDEV.zip",
  "mimeType" : "application/zip",
  "size" : "1574358459",
  "checksums" : {
    "sha1" : "a4edadeadaa556452925205ac40c0b75370cab7c",
    "md5" : "e0104b9835e6bf5cc5239e399253bd7f",
    "sha256" : "83d8a1c7d233819ba5e8c45b2668ad1c39a10e9badafffaedab0d4b0751c6665"
  },
  "originalChecksums" : {
    "sha1" : "a4edadeadaa556452925205ac40c0b75370cab7c",
    "md5" : "e0104b9835e6bf5cc5239e399253bd7f",
    "sha256" : "83d8a1c7d233819ba5e8c45b2668ad1c39a10e9badafffaedab0d4b0751c6665"
  },
  "uri" : "https://art-bobcat.autodesk.com:443/artifactory/api/storage/team-mayausd-dev-generic/maya-cuts/master/2021-04-14-21-15.PR124/windows/202104142115-fba6595483-RUNDEV.zip"
}
[VERBOSE] End loading URL (CURL): https://art-bobcat.autodesk.com:443/artifactory/api/storage/team-mayausd-dev-generic/maya-cuts/master/2021-04-14-21-15.PR124/windows/202104142115-fba6595483-RUNDEV.zip
[VERBOSE] Start loading URL (CURL): https://art-bobcat.autodesk.com:443/artifactory/api/storage/team-mayausd-dev-generic/maya-cuts/master/2021-04-14-21-15.PR124/windows/202104142115-fba6595483-RUNDEV.zip?properties
[DEBUG] Running: C:\WINDOWS\system32\curl.exe -s -X GET --keepalive-time 10 --connect-timeout 60 --speed-limit 10000 --speed-time 60 --max-time 1800 --retry 5 --retry-max-time 2400 -H Connection:close -H Authorization:Basic ZWNnYmlmcm9zdDpvcGUqKjAw https://art-bobcat.autodesk.com:443/artifactory/api/storage/team-mayausd-dev-generic/maya-cuts/master/2021-04-14-21-15.PR124/windows/202104142115-fba6595483-RUNDEV.zip?properties
[DEBUG] Output:
{
  "properties" : {
    "branch" : [ "master" ],
    "change_set" : [ "fba65954837accd0ad5d06fdbdcbba179cd22c47" ],
    "cut_id" : [ "202104142115-fba6595483" ],
    "package" : [ "rundev-master" ],
    "platform" : [ "win" ]
  },
  "uri" : "https://art-bobcat.autodesk.com:443/artifactory/api/storage/team-mayausd-dev-generic/maya-cuts/master/2021-04-14-21-15.PR124/windows/202104142115-fba6595483-RUNDEV.zip"
}
[VERBOSE] End loading URL (CURL): https://art-bobcat.autodesk.com:443/artifactory/api/storage/team-mayausd-dev-generic/maya-cuts/master/2021-04-14-21-15.PR124/windows/202104142115-fba6595483-RUNDEV.zip?properties
Using Maya cut from P:\shared\Artifactory\Windows\rundev-master\202104142115\runtime\a4edade

================================================================================
                             clean (RelWithDebInfo)
================================================================================
Maya Python RelWithDebInfo Info:
  mayapy executable   = P:\shared\Artifactory\Windows\rundev-master\202104142115\runtime\a4edade\runTime\bin\mayapy.exe
  Include Folder      = P:\shared\Artifactory\Windows\rundev-master\202104142115\runtime\a4edade\runTime\include\Python37\Python
  Library             = P:\shared\Artifactory\Windows\rundev-master\202104142115\runtime\a4edade\runTime\lib\python37.lib
  site-package Folder = P:\shared\Artifactory\Windows\rundev-master\202104142115\runtime\a4edade\runTime\Python\Lib\site-packages
In workdir: S:\jenkins\workspace\ecg-mayausd-branch-preflight-pr-python3-pxrusd-0.20.08-windows\ecg-maya-usd\maya-usd
Executing: 'P:\\shared\\Artifactory\\Windows\\rundev-master\\202104142115\\runtime\\a4edade\\runTime\\bin\\mayapy.exe' 'S:\\jenkins\\workspace\\ecg-mayausd-branch-preflight-pr-python3-pxrusd-0.20.08-windows\\ecg-maya-usd\\maya-usd\\build.py' --generator Ninja --build-relwithdebug --maya-location 'P:\\shared\\Artifactory\\Windows\\rundev-master\\202104142115\\runtime\\a4edade\\runTime' --devkit-location 'P:\\shared\\Artifactory\\Windows\\rundev-master\\202104142115\\runtime\\a4edade\\devkitBase' --pxrusd-location 'P:\\shared\\Artifactory\\Windows\\USD\\41fc30f' --qt-location 'P:\\shared\\Artifactory\\Windows\\qt\\5.15.2\\28999d0' '--build-args=-DCMAKE_MAKE_PROGRAM=P:/shared/Artifactory/Windows/ninja/1.9.0/c68f192/ninja.exe,-DPYTHON_INCLUDE_DIR=P:/shared/Artifactory/Windows/rundev-master/202104142115/runtime/a4edade/runTime/include/Python37/Python,-DPython_EXECUTABLE=P:/shared/Artifactory/Windows/rundev-master/202104142115/runtime/a4edade/runTime/bin/mayapy.exe,-DPYTHON_LIBRARIES=P:/shared/Artifactory/Windows/rundev-master/202104142115/runtime/a4edade/runTime/lib/python37.lib,-DBUILD_WITH_PYTHON_3=ON' '--ctest-args=-E testUsdReferenceAssemblySelection|testUsdMayaAppDir|testUsdExportAsClip,-LE interactive,--parallel 16' --stages=clean --redirect-outstream-file=False --install-location 'W:\\install\\RelWithDebInfo\\MayaUSD' 'W:\\'
Modified environment variables:
    PATH=P:\shared\Artifactory\Windows\cmake\3.14.4\c5af748\bin;C:\Python27\lib\site-packages\pywin32_system32;C:\Program Files (x86)\Microsoft Visual Studio\2017\Professional\VC\Tools\MSVC\14.16.27023\bin\HostX64\x64;C:\Program Files (x86)\Microsoft Visual Studio\2017\Professional\Common7\IDE\VC\VCPackages;C:\Program Files (x86)\Microsoft Visual Studio\2017\Professional\Common7\IDE\CommonExtensions\Microsoft\TestWindow;C:\Program Files (x86)\Microsoft Visual Studio\2017\Professional\Common7\IDE\CommonExtensions\Microsoft\TeamFoundation\Team Explorer;C:\Program Files (x86)\Microsoft Visual Studio\2017\Professional\MSBuild\15.0\bin\Roslyn;C:\Program Files (x86)\Microsoft Visual Studio\2017\Professional\Team Tools\Performance Tools\x64;C:\Program Files (x86)\Microsoft Visual Studio\2017\Professional\Team Tools\Performance Tools;C:\Program Files (x86)\Microsoft Visual Studio\Shared\Common\VSPerfCollectionTools\\x64;C:\Program Files (x86)\Microsoft Visual Studio\Shared\Common\VSPerfCollectionTools\;C:\Program Files (x86)\Microsoft SDKs\Windows\v10.0A\bin\NETFX 4.6.1 Tools\x64\;C:\Program Files (x86)\HTML Help Workshop;C:\Program Files (x86)\Windows Kits\10\bin\10.0.17763.0\x64;C:\Program Files (x86)\Windows Kits\10\bin\x64;C:\Program Files (x86)\Microsoft Visual Studio\2017\Professional\\MSBuild\15.0\bin;C:\WINDOWS\Microsoft.NET\Framework64\v4.0.30319;C:\Program Files (x86)\Microsoft Visual Studio\2017\Professional\Common7\IDE\;C:\Program Files (x86)\Microsoft Visual Studio\2017\Professional\Common7\Tools\;C:\Program Files (x86)\Common Files\Oracle\Java\javapath;C:\WINDOWS\system32;C:\WINDOWS;C:\WINDOWS\System32\Wbem;C:\WINDOWS\System32\WindowsPowerShell\v1.0\;C:\WINDOWS\System32\OpenSSH\;C:\PathVerify;C:\Program Files (x86)\WiX Toolset v3.7\bin;C:\Program Files (x86)\Windows Kits\10\bin\10.0.17763.0\x64;C:\Program Files (x86)\Windows Kits\10\bin\x64;C:\Python27\;C:\Python27\Scripts;C:\Program Files\Git\cmd;C:\Program Files\Git\usr\bin;C:\Program Files\Git\mingw64\bin;C:\Program Files\Git\bin;C:\StoreBoxClientWindows;C:\Program Files\Electric Cloud\ElectricCommander\bin;C:\Program Files\WinRAR;C:\Program Files\7-Zip;C:\ProgramData\chocolatey\bin;C:\Users\Administrator\AppData\Local\Microsoft\WindowsApps;C:\Program Files (x86)\Microsoft Visual Studio\2017\Professional\Common7\IDE\CommonExtensions\Microsoft\CMake\CMake\bin;C:\Program Files (x86)\Microsoft Visual Studio\2017\Professional\Common7\IDE\CommonExtensions\Microsoft\CMake\Ninja
    
        Building with settings:
          Source directory          S:\jenkins\workspace\ecg-mayausd-branch-preflight-pr-python3-pxrusd-0.20.08-windows\ecg-maya-usd\maya-usd
          Workspace directory       W:\
          Build directory           W:\build\RelWithDebInfo
          Install directory         W:\install\RelWithDebInfo\MayaUSD
          Variant                   RelWithDebInfo
          Python Debug              Off
          CMake generator           Ninja
          Build arguments           ['-DCMAKE_MAKE_PROGRAM=P:/shared/Artifactory/Windows/ninja/1.9.0/c68f192/ninja.exe', '-DPYTHON_INCLUDE_DIR=P:/shared/Artifactory/Windows/rundev-master/202104142115/runtime/a4edade/runTime/include/Python37/Python', '-DPython_EXECUTABLE=P:/shared/Artifactory/Windows/rundev-master/202104142115/runtime/a4edade/runTime/bin/mayapy.exe', '-DPYTHON_LIBRARIES=P:/shared/Artifactory/Windows/rundev-master/202104142115/runtime/a4edade/runTime/lib/python37.lib', '-DBUILD_WITH_PYTHON_3=ON']
          Stages arguments          ['clean']
          CTest arguments           ['-E testUsdReferenceAssemblySelection|testUsdMayaAppDir|testUsdExportAsClip', '-LE interactive', '--parallel 16']
    Success MayaUSD build and install !!!!
    Elapsed time: 00:00:00
Deleting subst P:
Deleting subst W:
[Pipeline] }
[Pipeline] // withEnv
[Pipeline] }
[Pipeline] // stage
[Pipeline] }
[Pipeline] // timestamps
[Pipeline] }
[Pipeline] // timeout
[Pipeline] timeout
Timeout set to expire in 6 hr 0 min
[Pipeline] {
[Pipeline] timestamps
[Pipeline] {
[Pipeline] stage
[Pipeline] { (Configure)
[Pipeline] withEnv
[Pipeline] {
[Pipeline] bat
[ecg-mayausd-branch-preflight-pr-python3-pxrusd-0.20.08-windows] Running batch script
Subst W: S:\jenkins\workspace\ecg-mayausd-branch-preflight-pr-python3-pxrusd-0.20.08-windows
Subst P: S:\jenkins\workspace
"C:\Program Files (x86)\Microsoft Visual Studio\2017\Professional\VC\Auxiliary\Build\vcvarsall.bat" x64
**********************************************************************
** Visual Studio 2017 Developer Command Prompt v15.9.15
** Copyright (c) 2017 Microsoft Corporation
**********************************************************************
[vcvarsall.bat] Environment initialized for: 'x64'
python ecg-maya-usd/build.py --stages=configure --workspace-dir=W:\ --artifactory-dir=P:\shared\Artifactory --build-dir=W:\build --install-dir=W:\install --signing-dir=W:\signing --package-dir=W:\package --output-dir=W:\output --stash-dir=W:\stash --jenkins-build=172 --git-commit=534b6117a4dbb3032a04181b1bf52e80a3ae41b9 --git-branch=master --variants=Debug --python=3 --pxrusd-version=0.20.8-gold --post-zips=false --maya-cut-config=maya-rundev-master-debug.yaml --maya-cut-id=202104141515-fba6595483 --stage-banner
Finding Artifactory servers response times
[VERBOSE] Start loading URL (CURL): https://art-bobcat.autodesk.com/artifactory/api/system/ping
[DEBUG] Running: C:\WINDOWS\system32\curl.exe -s -X GET --keepalive-time 10 --connect-timeout 60 --speed-limit 10000 --speed-time 60 --max-time 1800 --retry 5 --retry-max-time 2400 -H Connection:close https://art-bobcat.autodesk.com/artifactory/api/system/ping
[DEBUG] Output:
OK
[VERBOSE] End loading URL (CURL): https://art-bobcat.autodesk.com/artifactory/api/system/ping
[VERBOSE] Start loading URL (CURL): https://art-cougar.autodesk.com/artifactory/api/system/ping
[DEBUG] Running: C:\WINDOWS\system32\curl.exe -s -X GET --keepalive-time 10 --connect-timeout 60 --speed-limit 10000 --speed-time 60 --max-time 1800 --retry 5 --retry-max-time 2400 -H Connection:close https://art-cougar.autodesk.com/artifactory/api/system/ping
[DEBUG] Output:
OK
[VERBOSE] End loading URL (CURL): https://art-cougar.autodesk.com/artifactory/api/system/ping
[VERBOSE] Start loading URL (CURL): https://art-marmotte.autodesk.com/artifactory/api/system/ping
[DEBUG] Running: C:\WINDOWS\system32\curl.exe -s -X GET --keepalive-time 10 --connect-timeout 60 --speed-limit 10000 --speed-time 60 --max-time 1800 --retry 5 --retry-max-time 2400 -H Connection:close https://art-marmotte.autodesk.com/artifactory/api/system/ping
[DEBUG] Output:
OK
[VERBOSE] End loading URL (CURL): https://art-marmotte.autodesk.com/artifactory/api/system/ping
[VERBOSE] Start loading URL (CURL): https://art-bear.autodesk.com/artifactory/api/system/ping
[DEBUG] Running: C:\WINDOWS\system32\curl.exe -s -X GET --keepalive-time 10 --connect-timeout 60 --speed-limit 10000 --speed-time 60 --max-time 1800 --retry 5 --retry-max-time 2400 -H Connection:close https://art-bear.autodesk.com/artifactory/api/system/ping
[DEBUG] Output:
OK
[VERBOSE] End loading URL (CURL): https://art-bear.autodesk.com/artifactory/api/system/ping
[VERBOSE] Start loading URL (CURL): https://art-panda.autodesk.com/artifactory/api/system/ping
[DEBUG] Running: C:\WINDOWS\system32\curl.exe -s -X GET --keepalive-time 10 --connect-timeout 60 --speed-limit 10000 --speed-time 60 --max-time 1800 --retry 5 --retry-max-time 2400 -H Connection:close https://art-panda.autodesk.com/artifactory/api/system/ping
[DEBUG] Output:
OK
[VERBOSE] End loading URL (CURL): https://art-panda.autodesk.com/artifactory/api/system/ping
[VERBOSE] Start loading URL (CURL): https://art-hare.autodesk.com/artifactory/api/system/ping
[DEBUG] Running: C:\WINDOWS\system32\curl.exe -s -X GET --keepalive-time 10 --connect-timeout 60 --speed-limit 10000 --speed-time 60 --max-time 1800 --retry 5 --retry-max-time 2400 -H Connection:close https://art-hare.autodesk.com/artifactory/api/system/ping
[DEBUG] Output:
OK
[VERBOSE] End loading URL (CURL): https://art-hare.autodesk.com/artifactory/api/system/ping
[VERBOSE] Start loading URL (CURL): https://art-lion.autodesk.com/artifactory/api/system/ping
[DEBUG] Running: C:\WINDOWS\system32\curl.exe -s -X GET --keepalive-time 10 --connect-timeout 60 --speed-limit 10000 --speed-time 60 --max-time 1800 --retry 5 --retry-max-time 2400 -H Connection:close https://art-lion.autodesk.com/artifactory/api/system/ping
[DEBUG] Output:
OK
[VERBOSE] End loading URL (CURL): https://art-lion.autodesk.com/artifactory/api/system/ping
[VERBOSE] Start loading URL (CURL): https://art-kangaroo.autodesk.com/artifactory/api/system/ping
[DEBUG] Running: C:\WINDOWS\system32\curl.exe -s -X GET --keepalive-time 10 --connect-timeout 60 --speed-limit 10000 --speed-time 60 --max-time 1800 --retry 5 --retry-max-time 2400 -H Connection:close https://art-kangaroo.autodesk.com/artifactory/api/system/ping
[DEBUG] Output:
OK
[VERBOSE] End loading URL (CURL): https://art-kangaroo.autodesk.com/artifactory/api/system/ping
Checking server art-bobcat.autodesk.com for artifacts matching properties:
	cut_id=202104141515-fba6595483
	package=rundev-master-debug
	platform=win
[VERBOSE] Start loading URL (CURL): https://art-bobcat.autodesk.com/artifactory/api/search/aql
[DEBUG] Running: C:\WINDOWS\system32\curl.exe -s -X POST --keepalive-time 10 --connect-timeout 60 --speed-limit 10000 --speed-time 60 --max-time 1800 --retry 5 --retry-max-time 2400 -H Connection:close -H Authorization:Basic ZWNnYmlmcm9zdDpvcGUqKjAw -H Content-Type:text/plain --data items.find({"@cut_id": "202104141515-fba6595483", "@package": "rundev-master-debug", "@platform": "win"}) https://art-bobcat.autodesk.com/artifactory/api/search/aql
[DEBUG] Output:
{
"results" : [ {
  "repo" : "team-mayausd-dev-generic",
  "path" : "maya-cuts/master-debug/2021-04-14-15-15.PR124/windows",
  "name" : "202104141515-fba6595483-RUNDEV.zip",
  "type" : "file",
  "size" : 3340270521,
  "created" : "2021-04-14T19:09:05.340-07:00",
  "created_by" : "svc_p_mescm",
  "modified" : "2021-04-14T18:11:25.809-07:00",
  "modified_by" : "svc_p_mescm",
  "updated" : "2021-04-14T19:09:05.342-07:00"
} ],
"range" : {
  "start_pos" : 0,
  "end_pos" : 1,
  "total" : 1
}
}
[VERBOSE] End loading URL (CURL): https://art-bobcat.autodesk.com/artifactory/api/search/aql
[VERBOSE] Start loading URL (CURL): https://art-bobcat.autodesk.com/artifactory/api/storage/team-mayausd-dev-generic/maya-cuts/master-debug/2021-04-14-15-15.PR124/windows/202104141515-fba6595483-RUNDEV.zip
[DEBUG] Running: C:\WINDOWS\system32\curl.exe -s -X GET --keepalive-time 10 --connect-timeout 60 --speed-limit 10000 --speed-time 60 --max-time 1800 --retry 5 --retry-max-time 2400 -H Connection:close -H Authorization:Basic ZWNnYmlmcm9zdDpvcGUqKjAw https://art-bobcat.autodesk.com/artifactory/api/storage/team-mayausd-dev-generic/maya-cuts/master-debug/2021-04-14-15-15.PR124/windows/202104141515-fba6595483-RUNDEV.zip
[DEBUG] Output:
{
  "repo" : "team-mayausd-dev-generic",
  "path" : "/maya-cuts/master-debug/2021-04-14-15-15.PR124/windows/202104141515-fba6595483-RUNDEV.zip",
  "created" : "2021-04-14T19:09:05.340-07:00",
  "createdBy" : "svc_p_mescm",
  "lastModified" : "2021-04-14T18:11:25.809-07:00",
  "modifiedBy" : "svc_p_mescm",
  "lastUpdated" : "2021-04-14T19:09:05.342-07:00",
  "downloadUri" : "https://art-bobcat.autodesk.com:443/artifactory/team-mayausd-dev-generic/maya-cuts/master-debug/2021-04-14-15-15.PR124/windows/202104141515-fba6595483-RUNDEV.zip",
  "mimeType" : "application/zip",
  "size" : "3340270521",
  "checksums" : {
    "sha1" : "0443d2af8fa4b0c5ad90fff4ff702aeeb1234816",
    "md5" : "c8eaf55596219e34a2fe7da112d4d3c2",
    "sha256" : "041b89dd177e46b3b1c69f8929afd408f7082ce19f2e72608b552f0f00013212"
  },
  "originalChecksums" : {
    "sha1" : "0443d2af8fa4b0c5ad90fff4ff702aeeb1234816",
    "md5" : "c8eaf55596219e34a2fe7da112d4d3c2",
    "sha256" : "041b89dd177e46b3b1c69f8929afd408f7082ce19f2e72608b552f0f00013212"
  },
  "uri" : "https://art-bobcat.autodesk.com:443/artifactory/api/storage/team-mayausd-dev-generic/maya-cuts/master-debug/2021-04-14-15-15.PR124/windows/202104141515-fba6595483-RUNDEV.zip"
}
[VERBOSE] End loading URL (CURL): https://art-bobcat.autodesk.com/artifactory/api/storage/team-mayausd-dev-generic/maya-cuts/master-debug/2021-04-14-15-15.PR124/windows/202104141515-fba6595483-RUNDEV.zip
[VERBOSE] Start loading URL (CURL): https://art-bobcat.autodesk.com:443/artifactory/api/storage/team-mayausd-dev-generic/maya-cuts/master-debug/2021-04-14-15-15.PR124/windows/202104141515-fba6595483-RUNDEV.zip
[DEBUG] Running: C:\WINDOWS\system32\curl.exe -s -X GET --keepalive-time 10 --connect-timeout 60 --speed-limit 10000 --speed-time 60 --max-time 1800 --retry 5 --retry-max-time 2400 -H Connection:close -H Authorization:Basic ZWNnYmlmcm9zdDpvcGUqKjAw https://art-bobcat.autodesk.com:443/artifactory/api/storage/team-mayausd-dev-generic/maya-cuts/master-debug/2021-04-14-15-15.PR124/windows/202104141515-fba6595483-RUNDEV.zip
[DEBUG] Output:
{
  "repo" : "team-mayausd-dev-generic",
  "path" : "/maya-cuts/master-debug/2021-04-14-15-15.PR124/windows/202104141515-fba6595483-RUNDEV.zip",
  "created" : "2021-04-14T19:09:05.340-07:00",
  "createdBy" : "svc_p_mescm",
  "lastModified" : "2021-04-14T18:11:25.809-07:00",
  "modifiedBy" : "svc_p_mescm",
  "lastUpdated" : "2021-04-14T19:09:05.342-07:00",
  "downloadUri" : "https://art-bobcat.autodesk.com:443/artifactory/team-mayausd-dev-generic/maya-cuts/master-debug/2021-04-14-15-15.PR124/windows/202104141515-fba6595483-RUNDEV.zip",
  "mimeType" : "application/zip",
  "size" : "3340270521",
  "checksums" : {
    "sha1" : "0443d2af8fa4b0c5ad90fff4ff702aeeb1234816",
    "md5" : "c8eaf55596219e34a2fe7da112d4d3c2",
    "sha256" : "041b89dd177e46b3b1c69f8929afd408f7082ce19f2e72608b552f0f00013212"
  },
  "originalChecksums" : {
    "sha1" : "0443d2af8fa4b0c5ad90fff4ff702aeeb1234816",
    "md5" : "c8eaf55596219e34a2fe7da112d4d3c2",
    "sha256" : "041b89dd177e46b3b1c69f8929afd408f7082ce19f2e72608b552f0f00013212"
  },
  "uri" : "https://art-bobcat.autodesk.com:443/artifactory/api/storage/team-mayausd-dev-generic/maya-cuts/master-debug/2021-04-14-15-15.PR124/windows/202104141515-fba6595483-RUNDEV.zip"
}
[VERBOSE] End loading URL (CURL): https://art-bobcat.autodesk.com:443/artifactory/api/storage/team-mayausd-dev-generic/maya-cuts/master-debug/2021-04-14-15-15.PR124/windows/202104141515-fba6595483-RUNDEV.zip
[VERBOSE] Start loading URL (CURL): https://art-bobcat.autodesk.com:443/artifactory/api/storage/team-mayausd-dev-generic/maya-cuts/master-debug/2021-04-14-15-15.PR124/windows/202104141515-fba6595483-RUNDEV.zip?properties
[DEBUG] Running: C:\WINDOWS\system32\curl.exe -s -X GET --keepalive-time 10 --connect-timeout 60 --speed-limit 10000 --speed-time 60 --max-time 1800 --retry 5 --retry-max-time 2400 -H Connection:close -H Authorization:Basic ZWNnYmlmcm9zdDpvcGUqKjAw https://art-bobcat.autodesk.com:443/artifactory/api/storage/team-mayausd-dev-generic/maya-cuts/master-debug/2021-04-14-15-15.PR124/windows/202104141515-fba6595483-RUNDEV.zip?properties
[DEBUG] Output:
{
  "properties" : {
    "branch" : [ "master" ],
    "change_set" : [ "fba65954837accd0ad5d06fdbdcbba179cd22c47" ],
    "cut_id" : [ "202104141515-fba6595483" ],
    "package" : [ "rundev-master-debug" ],
    "platform" : [ "win" ]
  },
  "uri" : "https://art-bobcat.autodesk.com:443/artifactory/api/storage/team-mayausd-dev-generic/maya-cuts/master-debug/2021-04-14-15-15.PR124/windows/202104141515-fba6595483-RUNDEV.zip"
}
[VERBOSE] End loading URL (CURL): https://art-bobcat.autodesk.com:443/artifactory/api/storage/team-mayausd-dev-generic/maya-cuts/master-debug/2021-04-14-15-15.PR124/windows/202104141515-fba6595483-RUNDEV.zip?properties
Using Maya cut from P:\shared\Artifactory\Windows\rundev-master-debug\202104141515\runtime\0443d2a

================================================================================
                               configure (Debug)
================================================================================
Maya Python Debug Info:
  mayapy executable   = P:\shared\Artifactory\Windows\rundev-master-debug\202104141515\runtime\0443d2a\runTime\bin\mayapy.exe
  Include Folder      = P:\shared\Artifactory\Windows\rundev-master-debug\202104141515\runtime\0443d2a\runTime\include\Python37\Python
  Library             = P:\shared\Artifactory\Windows\rundev-master-debug\202104141515\runtime\0443d2a\runTime\lib\python37_d.lib
  site-package Folder = P:\shared\Artifactory\Windows\rundev-master-debug\202104141515\runtime\0443d2a\runTime\Python\Lib\site-packages
In workdir: S:\jenkins\workspace\ecg-mayausd-branch-preflight-pr-python3-pxrusd-0.20.08-windows\ecg-maya-usd\maya-usd
Executing: 'P:\\shared\\Artifactory\\Windows\\rundev-master-debug\\202104141515\\runtime\\0443d2a\\runTime\\bin\\mayapy.exe' 'S:\\jenkins\\workspace\\ecg-mayausd-branch-preflight-pr-python3-pxrusd-0.20.08-windows\\ecg-maya-usd\\maya-usd\\build.py' --generator Ninja --build-debug --maya-location 'P:\\shared\\Artifactory\\Windows\\rundev-master-debug\\202104141515\\runtime\\0443d2a\\runTime' --devkit-location 'P:\\shared\\Artifactory\\Windows\\rundev-master-debug\\202104141515\\runtime\\0443d2a\\devkitBase' --pxrusd-location 'P:\\shared\\Artifactory\\Windows\\USD\\83f7bbc' --qt-location 'P:\\shared\\Artifactory\\Windows\\qt\\5.15.2\\28999d0' '--build-args=-DCMAKE_MAKE_PROGRAM=P:/shared/Artifactory/Windows/ninja/1.9.0/c68f192/ninja.exe,-DPYTHON_INCLUDE_DIR=P:/shared/Artifactory/Windows/rundev-master-debug/202104141515/runtime/0443d2a/runTime/include/Python37/Python,-DPython_EXECUTABLE=P:/shared/Artifactory/Windows/rundev-master-debug/202104141515/runtime/0443d2a/runTime/bin/mayapy.exe,-DPYTHON_LIBRARIES=P:/shared/Artifactory/Windows/rundev-master-debug/202104141515/runtime/0443d2a/runTime/lib/python37_d.lib,-DBUILD_WITH_PYTHON_3=ON' --debug-python '--ctest-args=-E testUsdReferenceAssemblySelection|testUsdMayaAppDir|testUsdExportAsClip,-LE interactive,--parallel 16' --stages=configure --redirect-outstream-file=False --install-location 'W:\\install\\Debug\\MayaUSD' 'W:\\'
Modified environment variables:
    PATH=P:\shared\Artifactory\Windows\cmake\3.14.4\c5af748\bin;C:\Python27\lib\site-packages\pywin32_system32;C:\Program Files (x86)\Microsoft Visual Studio\2017\Professional\VC\Tools\MSVC\14.16.27023\bin\HostX64\x64;C:\Program Files (x86)\Microsoft Visual Studio\2017\Professional\Common7\IDE\VC\VCPackages;C:\Program Files (x86)\Microsoft Visual Studio\2017\Professional\Common7\IDE\CommonExtensions\Microsoft\TestWindow;C:\Program Files (x86)\Microsoft Visual Studio\2017\Professional\Common7\IDE\CommonExtensions\Microsoft\TeamFoundation\Team Explorer;C:\Program Files (x86)\Microsoft Visual Studio\2017\Professional\MSBuild\15.0\bin\Roslyn;C:\Program Files (x86)\Microsoft Visual Studio\2017\Professional\Team Tools\Performance Tools\x64;C:\Program Files (x86)\Microsoft Visual Studio\2017\Professional\Team Tools\Performance Tools;C:\Program Files (x86)\Microsoft Visual Studio\Shared\Common\VSPerfCollectionTools\\x64;C:\Program Files (x86)\Microsoft Visual Studio\Shared\Common\VSPerfCollectionTools\;C:\Program Files (x86)\Microsoft SDKs\Windows\v10.0A\bin\NETFX 4.6.1 Tools\x64\;C:\Program Files (x86)\HTML Help Workshop;C:\Program Files (x86)\Windows Kits\10\bin\10.0.17763.0\x64;C:\Program Files (x86)\Windows Kits\10\bin\x64;C:\Program Files (x86)\Microsoft Visual Studio\2017\Professional\\MSBuild\15.0\bin;C:\WINDOWS\Microsoft.NET\Framework64\v4.0.30319;C:\Program Files (x86)\Microsoft Visual Studio\2017\Professional\Common7\IDE\;C:\Program Files (x86)\Microsoft Visual Studio\2017\Professional\Common7\Tools\;C:\Program Files (x86)\Common Files\Oracle\Java\javapath;C:\WINDOWS\system32;C:\WINDOWS;C:\WINDOWS\System32\Wbem;C:\WINDOWS\System32\WindowsPowerShell\v1.0\;C:\WINDOWS\System32\OpenSSH\;C:\PathVerify;C:\Program Files (x86)\WiX Toolset v3.7\bin;C:\Program Files (x86)\Windows Kits\10\bin\10.0.17763.0\x64;C:\Program Files (x86)\Windows Kits\10\bin\x64;C:\Python27\;C:\Python27\Scripts;C:\Program Files\Git\cmd;C:\Program Files\Git\usr\bin;C:\Program Files\Git\mingw64\bin;C:\Program Files\Git\bin;C:\StoreBoxClientWindows;C:\Program Files\Electric Cloud\ElectricCommander\bin;C:\Program Files\WinRAR;C:\Program Files\7-Zip;C:\ProgramData\chocolatey\bin;C:\Users\Administrator\AppData\Local\Microsoft\WindowsApps;C:\Program Files (x86)\Microsoft Visual Studio\2017\Professional\Common7\IDE\CommonExtensions\Microsoft\CMake\CMake\bin;C:\Program Files (x86)\Microsoft Visual Studio\2017\Professional\Common7\IDE\CommonExtensions\Microsoft\CMake\Ninja
    -- The C compiler identification is MSVC 19.16.27032.1
    -- The CXX compiler identification is MSVC 19.16.27032.1
    -- Check for working C compiler: C:/Program Files (x86)/Microsoft Visual Studio/2017/Professional/VC/Tools/MSVC/14.16.27023/bin/Hostx64/x64/cl.exe
    -- Check for working C compiler: C:/Program Files (x86)/Microsoft Visual Studio/2017/Professional/VC/Tools/MSVC/14.16.27023/bin/Hostx64/x64/cl.exe -- works
    -- Detecting C compiler ABI info
    -- Detecting C compiler ABI info - done
    -- Detecting C compile features
    -- Detecting C compile features - done
    -- Check for working CXX compiler: C:/Program Files (x86)/Microsoft Visual Studio/2017/Professional/VC/Tools/MSVC/14.16.27023/bin/Hostx64/x64/cl.exe
    -- Check for working CXX compiler: C:/Program Files (x86)/Microsoft Visual Studio/2017/Professional/VC/Tools/MSVC/14.16.27023/bin/Hostx64/x64/cl.exe -- works
    -- Detecting CXX compiler ABI info
    -- Detecting CXX compiler ABI info - done
    -- Detecting CXX compile features
    -- Detecting CXX compile features - done
    -- Found Python: P:/shared/Artifactory/Windows/rundev-master-debug/202104141515/runtime/0443d2a/runTime/bin/mayapy.exe (found suitable exact version "3.7.7") found components:  Interpreter
    -- Build MayaUSD with Python3 = ON
    --    PYTHON_INCLUDE_DIRS = P:/shared/Artifactory/Windows/rundev-master-debug/202104141515/runtime/0443d2a/runTime/include/Python37/Python
    --    PYTHON_LIBRARIES    = P:/shared/Artifactory/Windows/rundev-master-debug/202104141515/runtime/0443d2a/runTime/lib/python37_d.lib
    --    Python_EXECUTABLE   = P:/shared/Artifactory/Windows/rundev-master-debug/202104141515/runtime/0443d2a/runTime/bin/mayapy.exe
    -- Using Maya Light API Version 1
    CMake Error at S:/jenkins/workspace/shared/Artifactory/Windows/cmake/3.14.4/c5af748/share/cmake-3.14/Modules/FindPackageHandleStandardArgs.cmake:137 (message):
      Could NOT find Maya (missing: MAYA_DEFAULT_MATERIAL_API) (found suitable
      version "2023", minimum required is "2018")
    Call Stack (most recent call first):
      S:/jenkins/workspace/shared/Artifactory/Windows/cmake/3.14.4/c5af748/share/cmake-3.14/Modules/FindPackageHandleStandardArgs.cmake:378 (_FPHSA_FAILURE_MESSAGE)
      cmake/modules/FindMaya.cmake:363 (find_package_handle_standard_args)
      CMakeLists.txt:102 (find_package)
    
    
    -- Configuring incomplete, errors occurred!
    See also "W:/build/Debug/CMakeFiles/CMakeOutput.log".
    
        Building with settings:
          Source directory          S:\jenkins\workspace\ecg-mayausd-branch-preflight-pr-python3-pxrusd-0.20.08-windows\ecg-maya-usd\maya-usd
          Workspace directory       W:\
          Build directory           W:\build\Debug
          Install directory         W:\install\Debug\MayaUSD
          Variant                   Debug
          Python Debug              On
          CMake generator           Ninja
          Build arguments           ['-DCMAKE_MAKE_PROGRAM=P:/shared/Artifactory/Windows/ninja/1.9.0/c68f192/ninja.exe', '-DPYTHON_INCLUDE_DIR=P:/shared/Artifactory/Windows/rundev-master-debug/202104141515/runtime/0443d2a/runTime/include/Python37/Python', '-DPython_EXECUTABLE=P:/shared/Artifactory/Windows/rundev-master-debug/202104141515/runtime/0443d2a/runTime/bin/mayapy.exe', '-DPYTHON_LIBRARIES=P:/shared/Artifactory/Windows/rundev-master-debug/202104141515/runtime/0443d2a/runTime/lib/python37_d.lib', '-DBUILD_WITH_PYTHON_3=ON']
          Stages arguments          ['configure']
          CTest arguments           ['-E testUsdReferenceAssemblySelection|testUsdMayaAppDir|testUsdExportAsClip', '-LE interactive', '--parallel 16']
    #####################################################################################
    log date: 2021-07-06 15:05
    commit sha: 9e9b4b3c67fa22189510de80e97075ca34c1f6f3
    commit date: Tue Jul 6 15:03:24 2021 -0700
    #####################################################################################
    
    cmake -DCMAKE_INSTALL_PREFIX="W:\install\Debug\MayaUSD" -DCMAKE_BUILD_TYPE=Debug -DCMAKE_EXPORT_COMPILE_COMMANDS=ON -G "Ninja" -DMAYA_LOCATION="P:\shared\Artifactory\Windows\rundev-master-debug\202104141515\runtime\0443d2a\runTime" -DPXR_USD_LOCATION="P:\shared\Artifactory\Windows\USD\83f7bbc" -DMAYA_DEVKIT_LOCATION="P:\shared\Artifactory\Windows\rundev-master-debug\202104141515\runtime\0443d2a\devkitBase" -DMAYAUSD_DEFINE_BOOST_DEBUG_PYTHON_FLAG=ON -DQT_LOCATION="P:\shared\Artifactory\Windows\qt\5.15.2\28999d0" -DCMAKE_MAKE_PROGRAM=P:/shared/Artifactory/Windows/ninja/1.9.0/c68f192/ninja.exe -DPYTHON_INCLUDE_DIR=P:/shared/Artifactory/Windows/rundev-master-debug/202104141515/runtime/0443d2a/runTime/include/Python37/Python -DPython_EXECUTABLE=P:/shared/Artifactory/Windows/rundev-master-debug/202104141515/runtime/0443d2a/runTime/bin/mayapy.exe -DPYTHON_LIBRARIES=P:/shared/Artifactory/Windows/rundev-master-debug/202104141515/runtime/0443d2a/runTime/lib/python37_d.lib -DBUILD_WITH_PYTHON_3=ON "S:\jenkins\workspace\ecg-mayausd-branch-preflight-pr-python3-pxrusd-0.20.08-windows\ecg-maya-usd\maya-usd"
    
    Traceback (most recent call last):
      File "S:\jenkins\workspace\ecg-mayausd-branch-preflight-pr-python3-pxrusd-0.20.08-windows\ecg-maya-usd\maya-usd\build.py", line 602, in <module>
        BuildAndInstall(context, context.buildArgs, context.stagesArgs)
      File "S:\jenkins\workspace\ecg-mayausd-branch-preflight-pr-python3-pxrusd-0.20.08-windows\ecg-maya-usd\maya-usd\build.py", line 371, in BuildAndInstall
        RunCMake(context, extraArgs, stagesArgs)
      File "S:\jenkins\workspace\ecg-mayausd-branch-preflight-pr-python3-pxrusd-0.20.08-windows\ecg-maya-usd\maya-usd\build.py", line 277, in RunCMake
        extraArgs=(" ".join(extraArgs) if extraArgs else "")))
      File "S:\jenkins\workspace\ecg-mayausd-branch-preflight-pr-python3-pxrusd-0.20.08-windows\ecg-maya-usd\maya-usd\build.py", line 165, in Run
        .format(cmd=cmd, log=os.path.abspath(context.logFileLocation)))
    RuntimeError: Failed to run 'cmake -DCMAKE_INSTALL_PREFIX="W:\install\Debug\MayaUSD" -DCMAKE_BUILD_TYPE=Debug -DCMAKE_EXPORT_COMPILE_COMMANDS=ON -G "Ninja" -DMAYA_LOCATION="P:\shared\Artifactory\Windows\rundev-master-debug\202104141515\runtime\0443d2a\runTime" -DPXR_USD_LOCATION="P:\shared\Artifactory\Windows\USD\83f7bbc" -DMAYA_DEVKIT_LOCATION="P:\shared\Artifactory\Windows\rundev-master-debug\202104141515\runtime\0443d2a\devkitBase" -DMAYAUSD_DEFINE_BOOST_DEBUG_PYTHON_FLAG=ON -DQT_LOCATION="P:\shared\Artifactory\Windows\qt\5.15.2\28999d0" -DCMAKE_MAKE_PROGRAM=P:/shared/Artifactory/Windows/ninja/1.9.0/c68f192/ninja.exe -DPYTHON_INCLUDE_DIR=P:/shared/Artifactory/Windows/rundev-master-debug/202104141515/runtime/0443d2a/runTime/include/Python37/Python -DPython_EXECUTABLE=P:/shared/Artifactory/Windows/rundev-master-debug/202104141515/runtime/0443d2a/runTime/bin/mayapy.exe -DPYTHON_LIBRARIES=P:/shared/Artifactory/Windows/rundev-master-debug/202104141515/runtime/0443d2a/runTime/lib/python37_d.lib -DBUILD_WITH_PYTHON_3=ON "S:\jenkins\workspace\ecg-mayausd-branch-preflight-pr-python3-pxrusd-0.20.08-windows\ecg-maya-usd\maya-usd"'
    See W:\build\Debug\build_log.txt for more details.
build.py: error: Command failed with error code: 1
Deleting subst P:
[Pipeline] }
[Pipeline] // withEnv
[Pipeline] }
[Pipeline] // stage
[Pipeline] }
[Pipeline] // timestamps
[Pipeline] }
[Pipeline] // timeout
[Pipeline] emailextrecipients
[Pipeline] echo
No recipients to send notification.
[Pipeline] }
[Pipeline] // node
[Pipeline] End of Pipeline
ERROR: script returned exit code 1
Finished: FAILURE
