================================================================================
                                 setup (Debug)
================================================================================
Installing license file 'melicense.lic'.
Fixing bad uic'd files in USD artifact.
Deleting subst P:
Deleting subst W:
[Pipeline] }
[Pipeline] // withEnv
[Pipeline] withEnv
[Pipeline] {
[Pipeline] bat
[ecg-mayausd-branch-preflight-pr-python3-pxrusd-mid2-windows] Running batch script
Subst W: S:\jenkins\workspace\ecg-mayausd-branch-preflight-pr-python3-pxrusd-mid2-windows
Subst P: S:\jenkins\workspace
"C:\Program Files (x86)\Microsoft Visual Studio\2017\Professional\VC\Auxiliary\Build\vcvarsall.bat" x64
**********************************************************************
** Visual Studio 2017 Developer Command Prompt v15.9.15
** Copyright (c) 2017 Microsoft Corporation
**********************************************************************
[vcvarsall.bat] Environment initialized for: 'x64'
python ecg-maya-usd/build.py --stages=setup --workspace-dir=W:\ --artifactory-dir=P:\shared\Artifactory --build-dir=W:\build --install-dir=W:\install --signing-dir=W:\signing --package-dir=W:\package --output-dir=W:\output --stash-dir=W:\stash --jenkins-build=318 --git-commit=8a745e4196fce05cd28df1d44a96956065cb4fd2 --git-branch=master --variants=RelWithDebInfo --python=3 --pxrusd-version=0.20.11-gold-take2 --post-zips=false --extra-license-file=ecg-maya-usd/jenkins/melicense.lic --maya-cut-config=maya-rundev-master.yaml --maya-cut-id=202104142115-fba6595483 --stage-banner
Finding Artifactory servers response times
[VERBOSE] Start loading URL (CURL): https://art-bobcat.autodesk.com/artifactory/api/system/ping
[DEBUG] Running: C:\WINDOWS\system32\curl.exe -s -X GET --keepalive-time 10 --connect-timeout 60 --speed-limit 10000 --speed-time 60 --max-time 1800 --retry 5 --retry-max-time 2400 -H Connection:close https://art-bobcat.autodesk.com/artifactory/api/system/ping
[DEBUG] Output:
OK
[VERBOSE] End loading URL (CURL): https://art-bobcat.autodesk.com/artifactory/api/system/ping
[VERBOSE] Start loading URL (CURL): https://art-cougar.autodesk.com/artifactory/api/system/ping
[DEBUG] Running: C:\WINDOWS\system32\curl.exe -s -X GET --keepalive-time 10 --connect-timeout 60 --speed-limit 10000 --speed-time 60 --max-time 1800 --retry 5 --retry-max-time 2400 -H Connection:close https://art-cougar.autodesk.com/artifactory/api/system/ping
[DEBUG] Output:
OK
[VERBOSE] End loading URL (CURL): https://art-cougar.autodesk.com/artifactory/api/system/ping
[VERBOSE] Start loading URL (CURL): https://art-marmotte.autodesk.com/artifactory/api/system/ping
[DEBUG] Running: C:\WINDOWS\system32\curl.exe -s -X GET --keepalive-time 10 --connect-timeout 60 --speed-limit 10000 --speed-time 60 --max-time 1800 --retry 5 --retry-max-time 2400 -H Connection:close https://art-marmotte.autodesk.com/artifactory/api/system/ping
[DEBUG] Output:
OK
[VERBOSE] End loading URL (CURL): https://art-marmotte.autodesk.com/artifactory/api/system/ping
[VERBOSE] Start loading URL (CURL): https://art-hare.autodesk.com/artifactory/api/system/ping
[DEBUG] Running: C:\WINDOWS\system32\curl.exe -s -X GET --keepalive-time 10 --connect-timeout 60 --speed-limit 10000 --speed-time 60 --max-time 1800 --retry 5 --retry-max-time 2400 -H Connection:close https://art-hare.autodesk.com/artifactory/api/system/ping
[DEBUG] Output:
OK
[VERBOSE] End loading URL (CURL): https://art-hare.autodesk.com/artifactory/api/system/ping
[VERBOSE] Start loading URL (CURL): https://art-panda.autodesk.com/artifactory/api/system/ping
[DEBUG] Running: C:\WINDOWS\system32\curl.exe -s -X GET --keepalive-time 10 --connect-timeout 60 --speed-limit 10000 --speed-time 60 --max-time 1800 --retry 5 --retry-max-time 2400 -H Connection:close https://art-panda.autodesk.com/artifactory/api/system/ping
[DEBUG] Output:
OK
[VERBOSE] End loading URL (CURL): https://art-panda.autodesk.com/artifactory/api/system/ping
[VERBOSE] Start loading URL (CURL): https://art-kangaroo.autodesk.com/artifactory/api/system/ping
[DEBUG] Running: C:\WINDOWS\system32\curl.exe -s -X GET --keepalive-time 10 --connect-timeout 60 --speed-limit 10000 --speed-time 60 --max-time 1800 --retry 5 --retry-max-time 2400 -H Connection:close https://art-kangaroo.autodesk.com/artifactory/api/system/ping
[DEBUG] Output:
OK
[VERBOSE] End loading URL (CURL): https://art-kangaroo.autodesk.com/artifactory/api/system/ping
[VERBOSE] Start loading URL (CURL): https://art-lion.autodesk.com/artifactory/api/system/ping
[DEBUG] Running: C:\WINDOWS\system32\curl.exe -s -X GET --keepalive-time 10 --connect-timeout 60 --speed-limit 10000 --speed-time 60 --max-time 1800 --retry 5 --retry-max-time 2400 -H Connection:close https://art-lion.autodesk.com/artifactory/api/system/ping
[DEBUG] Output:
OK
[VERBOSE] End loading URL (CURL): https://art-lion.autodesk.com/artifactory/api/system/ping
[VERBOSE] Start loading URL (CURL): https://art-bear.autodesk.com/artifactory/api/system/ping
[DEBUG] Running: C:\WINDOWS\system32\curl.exe -s -X GET --keepalive-time 10 --connect-timeout 60 --speed-limit 10000 --speed-time 60 --max-time 1800 --retry 5 --retry-max-time 2400 -H Connection:close https://art-bear.autodesk.com/artifactory/api/system/ping
[DEBUG] Output:
OK
[VERBOSE] End loading URL (CURL): https://art-bear.autodesk.com/artifactory/api/system/ping
Checking server art-bobcat.autodesk.com for artifacts matching properties:
	cut_id=202104142115-fba6595483
	package=rundev-master
	platform=win
[VERBOSE] Start loading URL (CURL): https://art-bobcat.autodesk.com/artifactory/api/search/aql
[DEBUG] Running: C:\WINDOWS\system32\curl.exe -s -X POST --keepalive-time 10 --connect-timeout 60 --speed-limit 10000 --speed-time 60 --max-time 1800 --retry 5 --retry-max-time 2400 -H Connection:close -H Authorization:Basic ZWNnYmlmcm9zdDpvcGUqKjAw -H Content-Type:text/plain --data items.find({"@cut_id": "202104142115-fba6595483", "@package": "rundev-master", "@platform": "win"}) https://art-bobcat.autodesk.com/artifactory/api/search/aql
[DEBUG] Output:
{
"results" : [ {
  "repo" : "team-mayausd-dev-generic",
  "path" : "maya-cuts/master/2021-04-14-21-15.PR124/windows",
  "name" : "202104142115-fba6595483-RUNDEV.zip",
  "type" : "file",
  "size" : 1574358459,
  "created" : "2021-04-15T01:33:05.093-07:00",
  "created_by" : "svc_p_mescm",
  "modified" : "2021-04-15T01:05:47.780-07:00",
  "modified_by" : "svc_p_mescm",
  "updated" : "2021-04-15T01:33:05.095-07:00"
} ],
"range" : {
  "start_pos" : 0,
  "end_pos" : 1,
  "total" : 1
}
}
[VERBOSE] End loading URL (CURL): https://art-bobcat.autodesk.com/artifactory/api/search/aql
[VERBOSE] Start loading URL (CURL): https://art-bobcat.autodesk.com/artifactory/api/storage/team-mayausd-dev-generic/maya-cuts/master/2021-04-14-21-15.PR124/windows/202104142115-fba6595483-RUNDEV.zip
[DEBUG] Running: C:\WINDOWS\system32\curl.exe -s -X GET --keepalive-time 10 --connect-timeout 60 --speed-limit 10000 --speed-time 60 --max-time 1800 --retry 5 --retry-max-time 2400 -H Connection:close -H Authorization:Basic ZWNnYmlmcm9zdDpvcGUqKjAw https://art-bobcat.autodesk.com/artifactory/api/storage/team-mayausd-dev-generic/maya-cuts/master/2021-04-14-21-15.PR124/windows/202104142115-fba6595483-RUNDEV.zip
[DEBUG] Output:
{
  "repo" : "team-mayausd-dev-generic",
  "path" : "/maya-cuts/master/2021-04-14-21-15.PR124/windows/202104142115-fba6595483-RUNDEV.zip",
  "created" : "2021-04-15T01:33:05.093-07:00",
  "createdBy" : "svc_p_mescm",
  "lastModified" : "2021-04-15T01:05:47.780-07:00",
  "modifiedBy" : "svc_p_mescm",
  "lastUpdated" : "2021-04-15T01:33:05.095-07:00",
  "downloadUri" : "https://art-bobcat.autodesk.com:443/artifactory/team-mayausd-dev-generic/maya-cuts/master/2021-04-14-21-15.PR124/windows/202104142115-fba6595483-RUNDEV.zip",
  "mimeType" : "application/zip",
  "size" : "1574358459",
  "checksums" : {
    "sha1" : "a4edadeadaa556452925205ac40c0b75370cab7c",
    "md5" : "e0104b9835e6bf5cc5239e399253bd7f",
    "sha256" : "83d8a1c7d233819ba5e8c45b2668ad1c39a10e9badafffaedab0d4b0751c6665"
  },
  "originalChecksums" : {
    "sha1" : "a4edadeadaa556452925205ac40c0b75370cab7c",
    "md5" : "e0104b9835e6bf5cc5239e399253bd7f",
    "sha256" : "83d8a1c7d233819ba5e8c45b2668ad1c39a10e9badafffaedab0d4b0751c6665"
  },
  "uri" : "https://art-bobcat.autodesk.com:443/artifactory/api/storage/team-mayausd-dev-generic/maya-cuts/master/2021-04-14-21-15.PR124/windows/202104142115-fba6595483-RUNDEV.zip"
}
[VERBOSE] End loading URL (CURL): https://art-bobcat.autodesk.com/artifactory/api/storage/team-mayausd-dev-generic/maya-cuts/master/2021-04-14-21-15.PR124/windows/202104142115-fba6595483-RUNDEV.zip
[VERBOSE] Start loading URL (CURL): https://art-bobcat.autodesk.com:443/artifactory/api/storage/team-mayausd-dev-generic/maya-cuts/master/2021-04-14-21-15.PR124/windows/202104142115-fba6595483-RUNDEV.zip
[DEBUG] Running: C:\WINDOWS\system32\curl.exe -s -X GET --keepalive-time 10 --connect-timeout 60 --speed-limit 10000 --speed-time 60 --max-time 1800 --retry 5 --retry-max-time 2400 -H Connection:close -H Authorization:Basic ZWNnYmlmcm9zdDpvcGUqKjAw https://art-bobcat.autodesk.com:443/artifactory/api/storage/team-mayausd-dev-generic/maya-cuts/master/2021-04-14-21-15.PR124/windows/202104142115-fba6595483-RUNDEV.zip
[DEBUG] Output:
{
  "repo" : "team-mayausd-dev-generic",
  "path" : "/maya-cuts/master/2021-04-14-21-15.PR124/windows/202104142115-fba6595483-RUNDEV.zip",
  "created" : "2021-04-15T01:33:05.093-07:00",
  "createdBy" : "svc_p_mescm",
  "lastModified" : "2021-04-15T01:05:47.780-07:00",
  "modifiedBy" : "svc_p_mescm",
  "lastUpdated" : "2021-04-15T01:33:05.095-07:00",
  "downloadUri" : "https://art-bobcat.autodesk.com:443/artifactory/team-mayausd-dev-generic/maya-cuts/master/2021-04-14-21-15.PR124/windows/202104142115-fba6595483-RUNDEV.zip",
  "mimeType" : "application/zip",
  "size" : "1574358459",
  "checksums" : {
    "sha1" : "a4edadeadaa556452925205ac40c0b75370cab7c",
    "md5" : "e0104b9835e6bf5cc5239e399253bd7f",
    "sha256" : "83d8a1c7d233819ba5e8c45b2668ad1c39a10e9badafffaedab0d4b0751c6665"
  },
  "originalChecksums" : {
    "sha1" : "a4edadeadaa556452925205ac40c0b75370cab7c",
    "md5" : "e0104b9835e6bf5cc5239e399253bd7f",
    "sha256" : "83d8a1c7d233819ba5e8c45b2668ad1c39a10e9badafffaedab0d4b0751c6665"
  },
  "uri" : "https://art-bobcat.autodesk.com:443/artifactory/api/storage/team-mayausd-dev-generic/maya-cuts/master/2021-04-14-21-15.PR124/windows/202104142115-fba6595483-RUNDEV.zip"
}
[VERBOSE] End loading URL (CURL): https://art-bobcat.autodesk.com:443/artifactory/api/storage/team-mayausd-dev-generic/maya-cuts/master/2021-04-14-21-15.PR124/windows/202104142115-fba6595483-RUNDEV.zip
[VERBOSE] Start loading URL (CURL): https://art-bobcat.autodesk.com:443/artifactory/api/storage/team-mayausd-dev-generic/maya-cuts/master/2021-04-14-21-15.PR124/windows/202104142115-fba6595483-RUNDEV.zip?properties
[DEBUG] Running: C:\WINDOWS\system32\curl.exe -s -X GET --keepalive-time 10 --connect-timeout 60 --speed-limit 10000 --speed-time 60 --max-time 1800 --retry 5 --retry-max-time 2400 -H Connection:close -H Authorization:Basic ZWNnYmlmcm9zdDpvcGUqKjAw https://art-bobcat.autodesk.com:443/artifactory/api/storage/team-mayausd-dev-generic/maya-cuts/master/2021-04-14-21-15.PR124/windows/202104142115-fba6595483-RUNDEV.zip?properties
[DEBUG] Output:
{
  "properties" : {
    "branch" : [ "master" ],
    "change_set" : [ "fba65954837accd0ad5d06fdbdcbba179cd22c47" ],
    "cut_id" : [ "202104142115-fba6595483" ],
    "package" : [ "rundev-master" ],
    "platform" : [ "win" ]
  },
  "uri" : "https://art-bobcat.autodesk.com:443/artifactory/api/storage/team-mayausd-dev-generic/maya-cuts/master/2021-04-14-21-15.PR124/windows/202104142115-fba6595483-RUNDEV.zip"
}
[VERBOSE] End loading URL (CURL): https://art-bobcat.autodesk.com:443/artifactory/api/storage/team-mayausd-dev-generic/maya-cuts/master/2021-04-14-21-15.PR124/windows/202104142115-fba6595483-RUNDEV.zip?properties
Using Maya cut from P:\shared\Artifactory\Windows\rundev-master\202104142115\runtime\a4edade
[VERBOSE] Start loading URL (CURL): https://art-bobcat.autodesk.com:443/artifactory/api/storage/team-mayausd-dev-generic/maya-cuts/master/2021-04-14-21-15.PR124/windows/202104142115-fba6595483-RUNDEV.zip.multipart
[DEBUG] Running: C:\WINDOWS\system32\curl.exe -s -X GET --keepalive-time 10 --connect-timeout 60 --speed-limit 10000 --speed-time 60 --max-time 1800 --retry 5 --retry-max-time 2400 -H Connection:close -H Authorization:Basic ZWNnYmlmcm9zdDpvcGUqKjAw https://art-bobcat.autodesk.com:443/artifactory/api/storage/team-mayausd-dev-generic/maya-cuts/master/2021-04-14-21-15.PR124/windows/202104142115-fba6595483-RUNDEV.zip.multipart
[DEBUG] Output:
{
  "errors" : [ {
    "status" : 404,
    "message" : "Unable to find item"
  } ]
}
[VERBOSE] End loading URL (CURL): https://art-bobcat.autodesk.com:443/artifactory/api/storage/team-mayausd-dev-generic/maya-cuts/master/2021-04-14-21-15.PR124/windows/202104142115-fba6595483-RUNDEV.zip.multipart
Downloading https://art-bobcat.autodesk.com:443/artifactory/team-mayausd-dev-generic/maya-cuts/master/2021-04-14-21-15.PR124/windows/202104142115-fba6595483-RUNDEV.zip to P:\shared\Artifactory\Windows\tmp\tmplti1or
[VERBOSE] Start downloading file (CURL): https://art-bobcat.autodesk.com:443/artifactory/team-mayausd-dev-generic/maya-cuts/master/2021-04-14-21-15.PR124/windows/202104142115-fba6595483-RUNDEV.zip
[DEBUG] Running: C:\WINDOWS\system32\curl.exe -sI -X GET --keepalive-time 10 --connect-timeout 60 --speed-limit 10000 --speed-time 60 --max-time 1800 --retry 5 --retry-max-time 2400 -H Connection:close -H Authorization:Basic ZWNnYmlmcm9zdDpvcGUqKjAw https://art-bobcat.autodesk.com:443/artifactory/team-mayausd-dev-generic/maya-cuts/master/2021-04-14-21-15.PR124/windows/202104142115-fba6595483-RUNDEV.zip
[DEBUG] Header:
HTTP/1.1 200 OK
Date: Tue, 31 Aug 2021 17:42:03 GMT
Content-Type: application/zip
Content-Length: 1574358459
Connection: close
X-JFrog-Version: Artifactory/7.19.4 71904900
X-Artifactory-Id: e7276ccfeeefaaa744161cf4fad6c83cabb6cc5d
X-Artifactory-Node-Id: ussclpdrsync010
Last-Modified: Thu, 15 Apr 2021 08:05:47 GMT
ETag: a4edadeadaa556452925205ac40c0b75370cab7c
X-Checksum-Sha1: a4edadeadaa556452925205ac40c0b75370cab7c
X-Checksum-Sha256: 83d8a1c7d233819ba5e8c45b2668ad1c39a10e9badafffaedab0d4b0751c6665
X-Checksum-Md5: e0104b9835e6bf5cc5239e399253bd7f
Accept-Ranges: bytes
X-Artifactory-Filename: 202104142115-fba6595483-RUNDEV.zip
Content-Disposition: attachment; filename="202104142115-fba6595483-RUNDEV.zip"; filename*=UTF-8''202104142115-fba6595483-RUNDEV.zip
Access-Control-Allow-Methods: GET, PUT, POST, OPTIONS, HEAD
Access-Control-Allow-Headers: Authorization, Origin, X-Requested-With, Content-Type, Accept
Access-Control-Allow-Credentials: true
Set-Cookie: AlteonSC=1465459466.47873.0000; path=/; Httponly; Secure
[DEBUG] Running: C:\WINDOWS\system32\curl.exe --progress-bar -X GET --keepalive-time 10 --connect-timeout 60 --speed-limit 10000 --speed-time 60 --max-time 1800 --retry 5 --retry-max-time 2400 -H Connection:close -H Authorization:Basic ZWNnYmlmcm9zdDpvcGUqKjAw https://art-bobcat.autodesk.com:443/artifactory/team-mayausd-dev-generic/maya-cuts/master/2021-04-14-21-15.PR124/windows/202104142115-fba6595483-RUNDEV.zip -o P:\shared\Artifactory\Windows\tmp\tmplti1or\202104142115-fba6595483-RUNDEV.zip
      0% complete.
      1% complete.
      2% complete.
      3% complete.
      4% complete.
      5% complete.
      6% complete.
      7% complete.
      8% complete.
      9% complete.
     10% complete.
     11% complete.
     12% complete.
     13% complete.
     14% complete.
     15% complete.
     16% complete.
     17% complete.
     18% complete.
     19% complete.
     20% complete.
     21% complete.
     22% complete.
     23% complete.
     24% complete.
     25% complete.
     26% complete.
     27% complete.
     28% complete.
     29% complete.
     30% complete.
     31% complete.
     32% complete.
     33% complete.
     34% complete.
     35% complete.
     36% complete.
     37% complete.
     38% complete.
     39% complete.
     40% complete.
     41% complete.
     42% complete.
     43% complete.
     44% complete.
     45% complete.
     46% complete.
     47% complete.
     48% complete.
     49% complete.
     50% complete.
     51% complete.
     52% complete.
     53% complete.
     54% complete.
     55% complete.
     56% complete.
     57% complete.
     58% complete.
     59% complete.
     60% complete.
     61% complete.
     62% complete.
     63% complete.
     64% complete.
     65% complete.
     66% complete.
     67% complete.
     68% complete.
     69% complete.
     70% complete.
     71% complete.
     72% complete.
     73% complete.
     74% complete.
     75% complete.
     76% complete.
     77% complete.
     78% complete.
     79% complete.
     80% complete.
     81% complete.
     82% complete.
     83% complete.
     84% complete.
     85% complete.
     86% complete.
     87% complete.
     88% complete.
     89% complete.
     90% complete.
     91% complete.
     92% complete.
     93% complete.
     94% complete.
     95% complete.
     96% complete.
     97% complete.
     98% complete.
     99% complete.
    100% complete.
[VERBOSE] End downloading file (CURL): https://art-bobcat.autodesk.com:443/artifactory/team-mayausd-dev-generic/maya-cuts/master/2021-04-14-21-15.PR124/windows/202104142115-fba6595483-RUNDEV.zip
Extracting 202104142115-fba6595483-RUNDEV.zip to P:\shared\Artifactory\Windows\tmp\tmptcs1vg
Installing on P:\shared\Artifactory\Windows\rundev-master\202104142115\runtime\a4edade

================================================================================
                             setup (RelWithDebInfo)
================================================================================
Installing license file 'melicense.lic'.
Fixing bad uic'd files in USD artifact.
Deleting subst P:
Deleting subst W:
[Pipeline] }
[Pipeline] // withEnv
[Pipeline] }
[Pipeline] // stage
[Pipeline] }
[Pipeline] // timestamps
[Pipeline] }
[Pipeline] // timeout
[Pipeline] timeout
Timeout set to expire in 6 hr 0 min
[Pipeline] {
[Pipeline] timestamps
[Pipeline] {
[Pipeline] stage
[Pipeline] { (Clean)
[Pipeline] withEnv
[Pipeline] {
[Pipeline] bat
[ecg-mayausd-branch-preflight-pr-python3-pxrusd-mid2-windows] Running batch script
Subst W: S:\jenkins\workspace\ecg-mayausd-branch-preflight-pr-python3-pxrusd-mid2-windows
Subst P: S:\jenkins\workspace
"C:\Program Files (x86)\Microsoft Visual Studio\2017\Professional\VC\Auxiliary\Build\vcvarsall.bat" x64
**********************************************************************
** Visual Studio 2017 Developer Command Prompt v15.9.15
** Copyright (c) 2017 Microsoft Corporation
**********************************************************************
[vcvarsall.bat] Environment initialized for: 'x64'
python ecg-maya-usd/build.py --stages=clean --workspace-dir=W:\ --artifactory-dir=P:\shared\Artifactory --build-dir=W:\build --install-dir=W:\install --signing-dir=W:\signing --package-dir=W:\package --output-dir=W:\output --stash-dir=W:\stash --jenkins-build=318 --git-commit=8a745e4196fce05cd28df1d44a96956065cb4fd2 --git-branch=master --variants=Debug --python=3 --pxrusd-version=0.20.11-gold-take2 --post-zips=false --maya-cut-config=maya-rundev-master-debug.yaml --maya-cut-id=202104141515-fba6595483 --stage-banner
Finding Artifactory servers response times
[VERBOSE] Start loading URL (CURL): https://art-bobcat.autodesk.com/artifactory/api/system/ping
[DEBUG] Running: C:\WINDOWS\system32\curl.exe -s -X GET --keepalive-time 10 --connect-timeout 60 --speed-limit 10000 --speed-time 60 --max-time 1800 --retry 5 --retry-max-time 2400 -H Connection:close https://art-bobcat.autodesk.com/artifactory/api/system/ping
[DEBUG] Output:
OK
[VERBOSE] End loading URL (CURL): https://art-bobcat.autodesk.com/artifactory/api/system/ping
[VERBOSE] Start loading URL (CURL): https://art-cougar.autodesk.com/artifactory/api/system/ping
[DEBUG] Running: C:\WINDOWS\system32\curl.exe -s -X GET --keepalive-time 10 --connect-timeout 60 --speed-limit 10000 --speed-time 60 --max-time 1800 --retry 5 --retry-max-time 2400 -H Connection:close https://art-cougar.autodesk.com/artifactory/api/system/ping
[DEBUG] Output:
OK
[VERBOSE] End loading URL (CURL): https://art-cougar.autodesk.com/artifactory/api/system/ping
[VERBOSE] Start loading URL (CURL): https://art-marmotte.autodesk.com/artifactory/api/system/ping
[DEBUG] Running: C:\WINDOWS\system32\curl.exe -s -X GET --keepalive-time 10 --connect-timeout 60 --speed-limit 10000 --speed-time 60 --max-time 1800 --retry 5 --retry-max-time 2400 -H Connection:close https://art-marmotte.autodesk.com/artifactory/api/system/ping
[DEBUG] Output:
OK
[VERBOSE] End loading URL (CURL): https://art-marmotte.autodesk.com/artifactory/api/system/ping
[VERBOSE] Start loading URL (CURL): https://art-panda.autodesk.com/artifactory/api/system/ping
[DEBUG] Running: C:\WINDOWS\system32\curl.exe -s -X GET --keepalive-time 10 --connect-timeout 60 --speed-limit 10000 --speed-time 60 --max-time 1800 --retry 5 --retry-max-time 2400 -H Connection:close https://art-panda.autodesk.com/artifactory/api/system/ping
[DEBUG] Output:
OK
[VERBOSE] End loading URL (CURL): https://art-panda.autodesk.com/artifactory/api/system/ping
[VERBOSE] Start loading URL (CURL): https://art-hare.autodesk.com/artifactory/api/system/ping
[DEBUG] Running: C:\WINDOWS\system32\curl.exe -s -X GET --keepalive-time 10 --connect-timeout 60 --speed-limit 10000 --speed-time 60 --max-time 1800 --retry 5 --retry-max-time 2400 -H Connection:close https://art-hare.autodesk.com/artifactory/api/system/ping
[DEBUG] Output:
OK
[VERBOSE] End loading URL (CURL): https://art-hare.autodesk.com/artifactory/api/system/ping
[VERBOSE] Start loading URL (CURL): https://art-kangaroo.autodesk.com/artifactory/api/system/ping
[DEBUG] Running: C:\WINDOWS\system32\curl.exe -s -X GET --keepalive-time 10 --connect-timeout 60 --speed-limit 10000 --speed-time 60 --max-time 1800 --retry 5 --retry-max-time 2400 -H Connection:close https://art-kangaroo.autodesk.com/artifactory/api/system/ping
[DEBUG] Output:
OK
[VERBOSE] End loading URL (CURL): https://art-kangaroo.autodesk.com/artifactory/api/system/ping
[VERBOSE] Start loading URL (CURL): https://art-lion.autodesk.com/artifactory/api/system/ping
[DEBUG] Running: C:\WINDOWS\system32\curl.exe -s -X GET --keepalive-time 10 --connect-timeout 60 --speed-limit 10000 --speed-time 60 --max-time 1800 --retry 5 --retry-max-time 2400 -H Connection:close https://art-lion.autodesk.com/artifactory/api/system/ping
[DEBUG] Output:
OK
[VERBOSE] End loading URL (CURL): https://art-lion.autodesk.com/artifactory/api/system/ping
[VERBOSE] Start loading URL (CURL): https://art-bear.autodesk.com/artifactory/api/system/ping
[DEBUG] Running: C:\WINDOWS\system32\curl.exe -s -X GET --keepalive-time 10 --connect-timeout 60 --speed-limit 10000 --speed-time 60 --max-time 1800 --retry 5 --retry-max-time 2400 -H Connection:close https://art-bear.autodesk.com/artifactory/api/system/ping
[DEBUG] Output:
OK
[VERBOSE] End loading URL (CURL): https://art-bear.autodesk.com/artifactory/api/system/ping
Checking server art-bobcat.autodesk.com for artifacts matching properties:
	cut_id=202104141515-fba6595483
	package=rundev-master-debug
	platform=win
[VERBOSE] Start loading URL (CURL): https://art-bobcat.autodesk.com/artifactory/api/search/aql
[DEBUG] Running: C:\WINDOWS\system32\curl.exe -s -X POST --keepalive-time 10 --connect-timeout 60 --speed-limit 10000 --speed-time 60 --max-time 1800 --retry 5 --retry-max-time 2400 -H Connection:close -H Authorization:Basic ZWNnYmlmcm9zdDpvcGUqKjAw -H Content-Type:text/plain --data items.find({"@cut_id": "202104141515-fba6595483", "@package": "rundev-master-debug", "@platform": "win"}) https://art-bobcat.autodesk.com/artifactory/api/search/aql
[DEBUG] Output:
{
"results" : [ {
  "repo" : "team-mayausd-dev-generic",
  "path" : "maya-cuts/master-debug/2021-04-14-15-15.PR124/windows",
  "name" : "202104141515-fba6595483-RUNDEV.zip",
  "type" : "file",
  "size" : 3340270521,
  "created" : "2021-04-14T19:09:05.340-07:00",
  "created_by" : "svc_p_mescm",
  "modified" : "2021-04-14T18:11:25.809-07:00",
  "modified_by" : "svc_p_mescm",
  "updated" : "2021-04-14T19:09:05.342-07:00"
} ],
"range" : {
  "start_pos" : 0,
  "end_pos" : 1,
  "total" : 1
}
}
[VERBOSE] End loading URL (CURL): https://art-bobcat.autodesk.com/artifactory/api/search/aql
[VERBOSE] Start loading URL (CURL): https://art-bobcat.autodesk.com/artifactory/api/storage/team-mayausd-dev-generic/maya-cuts/master-debug/2021-04-14-15-15.PR124/windows/202104141515-fba6595483-RUNDEV.zip
[DEBUG] Running: C:\WINDOWS\system32\curl.exe -s -X GET --keepalive-time 10 --connect-timeout 60 --speed-limit 10000 --speed-time 60 --max-time 1800 --retry 5 --retry-max-time 2400 -H Connection:close -H Authorization:Basic ZWNnYmlmcm9zdDpvcGUqKjAw https://art-bobcat.autodesk.com/artifactory/api/storage/team-mayausd-dev-generic/maya-cuts/master-debug/2021-04-14-15-15.PR124/windows/202104141515-fba6595483-RUNDEV.zip
[DEBUG] Output:
{
  "repo" : "team-mayausd-dev-generic",
  "path" : "/maya-cuts/master-debug/2021-04-14-15-15.PR124/windows/202104141515-fba6595483-RUNDEV.zip",
  "created" : "2021-04-14T19:09:05.340-07:00",
  "createdBy" : "svc_p_mescm",
  "lastModified" : "2021-04-14T18:11:25.809-07:00",
  "modifiedBy" : "svc_p_mescm",
  "lastUpdated" : "2021-04-14T19:09:05.342-07:00",
  "downloadUri" : "https://art-bobcat.autodesk.com:443/artifactory/team-mayausd-dev-generic/maya-cuts/master-debug/2021-04-14-15-15.PR124/windows/202104141515-fba6595483-RUNDEV.zip",
  "mimeType" : "application/zip",
  "size" : "3340270521",
  "checksums" : {
    "sha1" : "0443d2af8fa4b0c5ad90fff4ff702aeeb1234816",
    "md5" : "c8eaf55596219e34a2fe7da112d4d3c2",
    "sha256" : "041b89dd177e46b3b1c69f8929afd408f7082ce19f2e72608b552f0f00013212"
  },
  "originalChecksums" : {
    "sha1" : "0443d2af8fa4b0c5ad90fff4ff702aeeb1234816",
    "md5" : "c8eaf55596219e34a2fe7da112d4d3c2",
    "sha256" : "041b89dd177e46b3b1c69f8929afd408f7082ce19f2e72608b552f0f00013212"
  },
  "uri" : "https://art-bobcat.autodesk.com:443/artifactory/api/storage/team-mayausd-dev-generic/maya-cuts/master-debug/2021-04-14-15-15.PR124/windows/202104141515-fba6595483-RUNDEV.zip"
}
[VERBOSE] End loading URL (CURL): https://art-bobcat.autodesk.com/artifactory/api/storage/team-mayausd-dev-generic/maya-cuts/master-debug/2021-04-14-15-15.PR124/windows/202104141515-fba6595483-RUNDEV.zip
[VERBOSE] Start loading URL (CURL): https://art-bobcat.autodesk.com:443/artifactory/api/storage/team-mayausd-dev-generic/maya-cuts/master-debug/2021-04-14-15-15.PR124/windows/202104141515-fba6595483-RUNDEV.zip
[DEBUG] Running: C:\WINDOWS\system32\curl.exe -s -X GET --keepalive-time 10 --connect-timeout 60 --speed-limit 10000 --speed-time 60 --max-time 1800 --retry 5 --retry-max-time 2400 -H Connection:close -H Authorization:Basic ZWNnYmlmcm9zdDpvcGUqKjAw https://art-bobcat.autodesk.com:443/artifactory/api/storage/team-mayausd-dev-generic/maya-cuts/master-debug/2021-04-14-15-15.PR124/windows/202104141515-fba6595483-RUNDEV.zip
[DEBUG] Output:
{
  "repo" : "team-mayausd-dev-generic",
  "path" : "/maya-cuts/master-debug/2021-04-14-15-15.PR124/windows/202104141515-fba6595483-RUNDEV.zip",
  "created" : "2021-04-14T19:09:05.340-07:00",
  "createdBy" : "svc_p_mescm",
  "lastModified" : "2021-04-14T18:11:25.809-07:00",
  "modifiedBy" : "svc_p_mescm",
  "lastUpdated" : "2021-04-14T19:09:05.342-07:00",
  "downloadUri" : "https://art-bobcat.autodesk.com:443/artifactory/team-mayausd-dev-generic/maya-cuts/master-debug/2021-04-14-15-15.PR124/windows/202104141515-fba6595483-RUNDEV.zip",
  "mimeType" : "application/zip",
  "size" : "3340270521",
  "checksums" : {
    "sha1" : "0443d2af8fa4b0c5ad90fff4ff702aeeb1234816",
    "md5" : "c8eaf55596219e34a2fe7da112d4d3c2",
    "sha256" : "041b89dd177e46b3b1c69f8929afd408f7082ce19f2e72608b552f0f00013212"
  },
  "originalChecksums" : {
    "sha1" : "0443d2af8fa4b0c5ad90fff4ff702aeeb1234816",
    "md5" : "c8eaf55596219e34a2fe7da112d4d3c2",
    "sha256" : "041b89dd177e46b3b1c69f8929afd408f7082ce19f2e72608b552f0f00013212"
  },
  "uri" : "https://art-bobcat.autodesk.com:443/artifactory/api/storage/team-mayausd-dev-generic/maya-cuts/master-debug/2021-04-14-15-15.PR124/windows/202104141515-fba6595483-RUNDEV.zip"
}
[VERBOSE] End loading URL (CURL): https://art-bobcat.autodesk.com:443/artifactory/api/storage/team-mayausd-dev-generic/maya-cuts/master-debug/2021-04-14-15-15.PR124/windows/202104141515-fba6595483-RUNDEV.zip
[VERBOSE] Start loading URL (CURL): https://art-bobcat.autodesk.com:443/artifactory/api/storage/team-mayausd-dev-generic/maya-cuts/master-debug/2021-04-14-15-15.PR124/windows/202104141515-fba6595483-RUNDEV.zip?properties
[DEBUG] Running: C:\WINDOWS\system32\curl.exe -s -X GET --keepalive-time 10 --connect-timeout 60 --speed-limit 10000 --speed-time 60 --max-time 1800 --retry 5 --retry-max-time 2400 -H Connection:close -H Authorization:Basic ZWNnYmlmcm9zdDpvcGUqKjAw https://art-bobcat.autodesk.com:443/artifactory/api/storage/team-mayausd-dev-generic/maya-cuts/master-debug/2021-04-14-15-15.PR124/windows/202104141515-fba6595483-RUNDEV.zip?properties
[DEBUG] Output:
{
  "properties" : {
    "branch" : [ "master" ],
    "change_set" : [ "fba65954837accd0ad5d06fdbdcbba179cd22c47" ],
    "cut_id" : [ "202104141515-fba6595483" ],
    "package" : [ "rundev-master-debug" ],
    "platform" : [ "win" ]
  },
  "uri" : "https://art-bobcat.autodesk.com:443/artifactory/api/storage/team-mayausd-dev-generic/maya-cuts/master-debug/2021-04-14-15-15.PR124/windows/202104141515-fba6595483-RUNDEV.zip"
}
[VERBOSE] End loading URL (CURL): https://art-bobcat.autodesk.com:443/artifactory/api/storage/team-mayausd-dev-generic/maya-cuts/master-debug/2021-04-14-15-15.PR124/windows/202104141515-fba6595483-RUNDEV.zip?properties
Using Maya cut from P:\shared\Artifactory\Windows\rundev-master-debug\202104141515\runtime\0443d2a

================================================================================
                                 clean (Debug)
================================================================================
Maya Python Debug Info:
  mayapy executable   = P:\shared\Artifactory\Windows\rundev-master-debug\202104141515\runtime\0443d2a\runTime\bin\mayapy.exe
  Include Folder      = P:\shared\Artifactory\Windows\rundev-master-debug\202104141515\runtime\0443d2a\runTime\include\Python37\Python
  Library             = P:\shared\Artifactory\Windows\rundev-master-debug\202104141515\runtime\0443d2a\runTime\lib\python37_d.lib
  site-package Folder = P:\shared\Artifactory\Windows\rundev-master-debug\202104141515\runtime\0443d2a\runTime\Python\Lib\site-packages
Adding Python package requirements: ['P:\\shared\\Artifactory\\Windows\\rundev-master-debug\\202104141515\\runtime\\0443d2a\\runTime\\bin\\mayapy.exe', '-m', 'pip', 'install', '-t', 'P:\\shared\\Artifactory\\Windows\\rundev-master-debug\\202104141515\\runtime\\0443d2a\\runTime\\Python\\Lib\\site-packages', '-r', 'python_requirements.txt']
In workdir: S:\jenkins\workspace\ecg-mayausd-branch-preflight-pr-python3-pxrusd-mid2-windows\ecg-maya-usd\maya-usd
Executing: 'P:\\shared\\Artifactory\\Windows\\rundev-master-debug\\202104141515\\runtime\\0443d2a\\runTime\\bin\\mayapy.exe' 'S:\\jenkins\\workspace\\ecg-mayausd-branch-preflight-pr-python3-pxrusd-mid2-windows\\ecg-maya-usd\\maya-usd\\build.py' --generator Ninja --build-debug --maya-location 'P:\\shared\\Artifactory\\Windows\\rundev-master-debug\\202104141515\\runtime\\0443d2a\\runTime' --devkit-location 'P:\\shared\\Artifactory\\Windows\\rundev-master-debug\\202104141515\\runtime\\0443d2a\\devkitBase' --pxrusd-location 'P:\\shared\\Artifactory\\Windows\\USD\\dbfa571' --qt-location 'P:\\shared\\Artifactory\\Windows\\qt\\5.15.2\\28999d0' '--build-args=-DCMAKE_MAKE_PROGRAM=P:/shared/Artifactory/Windows/ninja/1.9.0/c68f192/ninja.exe,-DPYTHON_INCLUDE_DIR=P:/shared/Artifactory/Windows/rundev-master-debug/202104141515/runtime/0443d2a/runTime/include/Python37/Python,-DPython_EXECUTABLE=P:/shared/Artifactory/Windows/rundev-master-debug/202104141515/runtime/0443d2a/runTime/bin/mayapy.exe,-DPYTHON_LIBRARIES=P:/shared/Artifactory/Windows/rundev-master-debug/202104141515/runtime/0443d2a/runTime/lib/python37_d.lib,-DBUILD_WITH_PYTHON_3=ON' --debug-python '--ctest-args=-E testUsdReferenceAssemblySelection|testUsdMayaAppDir|testUsdExportAsClip,-LE interactive,--parallel 16' --stages=clean --redirect-outstream-file=False --install-location 'W:\\install\\Debug\\MayaUSD' 'W:\\'
Modified environment variables:
    PATH=P:\shared\Artifactory\Windows\cmake\3.14.4\c5af748\bin;C:\Python27\lib\site-packages\pywin32_system32;C:\Program Files (x86)\Microsoft Visual Studio\2017\Professional\VC\Tools\MSVC\14.16.27023\bin\HostX64\x64;C:\Program Files (x86)\Microsoft Visual Studio\2017\Professional\Common7\IDE\VC\VCPackages;C:\Program Files (x86)\Microsoft Visual Studio\2017\Professional\Common7\IDE\CommonExtensions\Microsoft\TestWindow;C:\Program Files (x86)\Microsoft Visual Studio\2017\Professional\Common7\IDE\CommonExtensions\Microsoft\TeamFoundation\Team Explorer;C:\Program Files (x86)\Microsoft Visual Studio\2017\Professional\MSBuild\15.0\bin\Roslyn;C:\Program Files (x86)\Microsoft Visual Studio\2017\Professional\Team Tools\Performance Tools\x64;C:\Program Files (x86)\Microsoft Visual Studio\2017\Professional\Team Tools\Performance Tools;C:\Program Files (x86)\Microsoft Visual Studio\Shared\Common\VSPerfCollectionTools\\x64;C:\Program Files (x86)\Microsoft Visual Studio\Shared\Common\VSPerfCollectionTools\;C:\Program Files (x86)\Microsoft SDKs\Windows\v10.0A\bin\NETFX 4.6.1 Tools\x64\;C:\Program Files (x86)\HTML Help Workshop;C:\Program Files (x86)\Windows Kits\10\bin\10.0.18362.0\x64;C:\Program Files (x86)\Windows Kits\10\bin\x64;C:\Program Files (x86)\Microsoft Visual Studio\2017\Professional\\MSBuild\15.0\bin;C:\WINDOWS\Microsoft.NET\Framework64\v4.0.30319;C:\Program Files (x86)\Microsoft Visual Studio\2017\Professional\Common7\IDE\;C:\Program Files (x86)\Microsoft Visual Studio\2017\Professional\Common7\Tools\;C:\Python27\;C:\Python27\Scripts;C:\WINDOWS\system32;C:\WINDOWS;C:\WINDOWS\System32\Wbem;C:\WINDOWS\System32\WindowsPowerShell\v1.0\;C:\WINDOWS\System32\OpenSSH\;C:\ProgramData\chocolatey\bin;C:\Program Files (x86)\WiX Toolset v3.7\bin;C:\Program Files\dotnet\;C:\Program Files (x86)\Windows Kits\10\bin\10.0.18362.0\x64;C:\Program Files\Zulu\zulu-11\bin\;C:\Program Files (x86)\Windows Kits\10\bin\10.0.17763.0\x64;C:\Program Files (x86)\Windows Kits\10\bin\x64;C:\Program Files\Git\cmd;C:\Program Files\Git\usr\bin;C:\Program Files\Git\mingw64\bin;C:\Program Files\Git\bin;C:\Python38\;C:\Python38\Scripts;C:\StoreBoxClientWindows;C:\Program Files\Electric Cloud\ElectricCommander\bin;C:\Program Files\WinRAR;C:\Program Files\7-Zip;C:\Users\Administrator\AppData\Local\Microsoft\WindowsApps;;C:\Program Files (x86)\Microsoft Visual Studio\2017\Professional\Common7\IDE\CommonExtensions\Microsoft\CMake\CMake\bin;C:\Program Files (x86)\Microsoft Visual Studio\2017\Professional\Common7\IDE\CommonExtensions\Microsoft\CMake\Ninja
    
        Building with settings:
          Source directory          S:\jenkins\workspace\ecg-mayausd-branch-preflight-pr-python3-pxrusd-mid2-windows\ecg-maya-usd\maya-usd
          Workspace directory       W:\
          Build directory           W:\build\Debug
          Install directory         W:\install\Debug\MayaUSD
          Variant                   Debug
          Python Debug              On
          CMake generator           Ninja
          Build arguments           ['-DCMAKE_MAKE_PROGRAM=P:/shared/Artifactory/Windows/ninja/1.9.0/c68f192/ninja.exe', '-DPYTHON_INCLUDE_DIR=P:/shared/Artifactory/Windows/rundev-master-debug/202104141515/runtime/0443d2a/runTime/include/Python37/Python', '-DPython_EXECUTABLE=P:/shared/Artifactory/Windows/rundev-master-debug/202104141515/runtime/0443d2a/runTime/bin/mayapy.exe', '-DPYTHON_LIBRARIES=P:/shared/Artifactory/Windows/rundev-master-debug/202104141515/runtime/0443d2a/runTime/lib/python37_d.lib', '-DBUILD_WITH_PYTHON_3=ON']
          Stages arguments          ['clean']
          CTest arguments           ['-E testUsdReferenceAssemblySelection|testUsdMayaAppDir|testUsdExportAsClip', '-LE interactive', '--parallel 16']
    Success MayaUSD build and install !!!!
    Elapsed time: 00:00:00
Deleting subst P:
Deleting subst W:
[Pipeline] }
[Pipeline] // withEnv
[Pipeline] withEnv
[Pipeline] {
[Pipeline] bat
[ecg-mayausd-branch-preflight-pr-python3-pxrusd-mid2-windows] Running batch script
Subst W: S:\jenkins\workspace\ecg-mayausd-branch-preflight-pr-python3-pxrusd-mid2-windows
Subst P: S:\jenkins\workspace
"C:\Program Files (x86)\Microsoft Visual Studio\2017\Professional\VC\Auxiliary\Build\vcvarsall.bat" x64
**********************************************************************
** Visual Studio 2017 Developer Command Prompt v15.9.15
** Copyright (c) 2017 Microsoft Corporation
**********************************************************************
[vcvarsall.bat] Environment initialized for: 'x64'
python ecg-maya-usd/build.py --stages=clean --workspace-dir=W:\ --artifactory-dir=P:\shared\Artifactory --build-dir=W:\build --install-dir=W:\install --signing-dir=W:\signing --package-dir=W:\package --output-dir=W:\output --stash-dir=W:\stash --jenkins-build=318 --git-commit=8a745e4196fce05cd28df1d44a96956065cb4fd2 --git-branch=master --variants=RelWithDebInfo --python=3 --pxrusd-version=0.20.11-gold-take2 --post-zips=false --maya-cut-config=maya-rundev-master.yaml --maya-cut-id=202104142115-fba6595483 --stage-banner
Finding Artifactory servers response times
[VERBOSE] Start loading URL (CURL): https://art-bobcat.autodesk.com/artifactory/api/system/ping
[DEBUG] Running: C:\WINDOWS\system32\curl.exe -s -X GET --keepalive-time 10 --connect-timeout 60 --speed-limit 10000 --speed-time 60 --max-time 1800 --retry 5 --retry-max-time 2400 -H Connection:close https://art-bobcat.autodesk.com/artifactory/api/system/ping
[DEBUG] Output:
OK
[VERBOSE] End loading URL (CURL): https://art-bobcat.autodesk.com/artifactory/api/system/ping
[VERBOSE] Start loading URL (CURL): https://art-cougar.autodesk.com/artifactory/api/system/ping
[DEBUG] Running: C:\WINDOWS\system32\curl.exe -s -X GET --keepalive-time 10 --connect-timeout 60 --speed-limit 10000 --speed-time 60 --max-time 1800 --retry 5 --retry-max-time 2400 -H Connection:close https://art-cougar.autodesk.com/artifactory/api/system/ping
[DEBUG] Output:
OK
[VERBOSE] End loading URL (CURL): https://art-cougar.autodesk.com/artifactory/api/system/ping
[VERBOSE] Start loading URL (CURL): https://art-marmotte.autodesk.com/artifactory/api/system/ping
[DEBUG] Running: C:\WINDOWS\system32\curl.exe -s -X GET --keepalive-time 10 --connect-timeout 60 --speed-limit 10000 --speed-time 60 --max-time 1800 --retry 5 --retry-max-time 2400 -H Connection:close https://art-marmotte.autodesk.com/artifactory/api/system/ping
[DEBUG] Output:
OK
[VERBOSE] End loading URL (CURL): https://art-marmotte.autodesk.com/artifactory/api/system/ping
[VERBOSE] Start loading URL (CURL): https://art-hare.autodesk.com/artifactory/api/system/ping
[DEBUG] Running: C:\WINDOWS\system32\curl.exe -s -X GET --keepalive-time 10 --connect-timeout 60 --speed-limit 10000 --speed-time 60 --max-time 1800 --retry 5 --retry-max-time 2400 -H Connection:close https://art-hare.autodesk.com/artifactory/api/system/ping
[DEBUG] Output:
OK
[VERBOSE] End loading URL (CURL): https://art-hare.autodesk.com/artifactory/api/system/ping
[VERBOSE] Start loading URL (CURL): https://art-panda.autodesk.com/artifactory/api/system/ping
[DEBUG] Running: C:\WINDOWS\system32\curl.exe -s -X GET --keepalive-time 10 --connect-timeout 60 --speed-limit 10000 --speed-time 60 --max-time 1800 --retry 5 --retry-max-time 2400 -H Connection:close https://art-panda.autodesk.com/artifactory/api/system/ping
[DEBUG] Output:
OK
[VERBOSE] End loading URL (CURL): https://art-panda.autodesk.com/artifactory/api/system/ping
[VERBOSE] Start loading URL (CURL): https://art-lion.autodesk.com/artifactory/api/system/ping
[DEBUG] Running: C:\WINDOWS\system32\curl.exe -s -X GET --keepalive-time 10 --connect-timeout 60 --speed-limit 10000 --speed-time 60 --max-time 1800 --retry 5 --retry-max-time 2400 -H Connection:close https://art-lion.autodesk.com/artifactory/api/system/ping
[DEBUG] Output:
OK
[VERBOSE] End loading URL (CURL): https://art-lion.autodesk.com/artifactory/api/system/ping
[VERBOSE] Start loading URL (CURL): https://art-kangaroo.autodesk.com/artifactory/api/system/ping
[DEBUG] Running: C:\WINDOWS\system32\curl.exe -s -X GET --keepalive-time 10 --connect-timeout 60 --speed-limit 10000 --speed-time 60 --max-time 1800 --retry 5 --retry-max-time 2400 -H Connection:close https://art-kangaroo.autodesk.com/artifactory/api/system/ping
[DEBUG] Output:
OK
[VERBOSE] End loading URL (CURL): https://art-kangaroo.autodesk.com/artifactory/api/system/ping
[VERBOSE] Start loading URL (CURL): https://art-bear.autodesk.com/artifactory/api/system/ping
[DEBUG] Running: C:\WINDOWS\system32\curl.exe -s -X GET --keepalive-time 10 --connect-timeout 60 --speed-limit 10000 --speed-time 60 --max-time 1800 --retry 5 --retry-max-time 2400 -H Connection:close https://art-bear.autodesk.com/artifactory/api/system/ping
[DEBUG] Output:
OK
[VERBOSE] End loading URL (CURL): https://art-bear.autodesk.com/artifactory/api/system/ping
Checking server art-bobcat.autodesk.com for artifacts matching properties:
	cut_id=202104142115-fba6595483
	package=rundev-master
	platform=win
[VERBOSE] Start loading URL (CURL): https://art-bobcat.autodesk.com/artifactory/api/search/aql
[DEBUG] Running: C:\WINDOWS\system32\curl.exe -s -X POST --keepalive-time 10 --connect-timeout 60 --speed-limit 10000 --speed-time 60 --max-time 1800 --retry 5 --retry-max-time 2400 -H Connection:close -H Authorization:Basic ZWNnYmlmcm9zdDpvcGUqKjAw -H Content-Type:text/plain --data items.find({"@cut_id": "202104142115-fba6595483", "@package": "rundev-master", "@platform": "win"}) https://art-bobcat.autodesk.com/artifactory/api/search/aql
[DEBUG] Output:
{
"results" : [ {
  "repo" : "team-mayausd-dev-generic",
  "path" : "maya-cuts/master/2021-04-14-21-15.PR124/windows",
  "name" : "202104142115-fba6595483-RUNDEV.zip",
  "type" : "file",
  "size" : 1574358459,
  "created" : "2021-04-15T01:33:05.093-07:00",
  "created_by" : "svc_p_mescm",
  "modified" : "2021-04-15T01:05:47.780-07:00",
  "modified_by" : "svc_p_mescm",
  "updated" : "2021-04-15T01:33:05.095-07:00"
} ],
"range" : {
  "start_pos" : 0,
  "end_pos" : 1,
  "total" : 1
}
}
[VERBOSE] End loading URL (CURL): https://art-bobcat.autodesk.com/artifactory/api/search/aql
[VERBOSE] Start loading URL (CURL): https://art-bobcat.autodesk.com/artifactory/api/storage/team-mayausd-dev-generic/maya-cuts/master/2021-04-14-21-15.PR124/windows/202104142115-fba6595483-RUNDEV.zip
[DEBUG] Running: C:\WINDOWS\system32\curl.exe -s -X GET --keepalive-time 10 --connect-timeout 60 --speed-limit 10000 --speed-time 60 --max-time 1800 --retry 5 --retry-max-time 2400 -H Connection:close -H Authorization:Basic ZWNnYmlmcm9zdDpvcGUqKjAw https://art-bobcat.autodesk.com/artifactory/api/storage/team-mayausd-dev-generic/maya-cuts/master/2021-04-14-21-15.PR124/windows/202104142115-fba6595483-RUNDEV.zip
[DEBUG] Output:
{
  "repo" : "team-mayausd-dev-generic",
  "path" : "/maya-cuts/master/2021-04-14-21-15.PR124/windows/202104142115-fba6595483-RUNDEV.zip",
  "created" : "2021-04-15T01:33:05.093-07:00",
  "createdBy" : "svc_p_mescm",
  "lastModified" : "2021-04-15T01:05:47.780-07:00",
  "modifiedBy" : "svc_p_mescm",
  "lastUpdated" : "2021-04-15T01:33:05.095-07:00",
  "downloadUri" : "https://art-bobcat.autodesk.com:443/artifactory/team-mayausd-dev-generic/maya-cuts/master/2021-04-14-21-15.PR124/windows/202104142115-fba6595483-RUNDEV.zip",
  "mimeType" : "application/zip",
  "size" : "1574358459",
  "checksums" : {
    "sha1" : "a4edadeadaa556452925205ac40c0b75370cab7c",
    "md5" : "e0104b9835e6bf5cc5239e399253bd7f",
    "sha256" : "83d8a1c7d233819ba5e8c45b2668ad1c39a10e9badafffaedab0d4b0751c6665"
  },
  "originalChecksums" : {
    "sha1" : "a4edadeadaa556452925205ac40c0b75370cab7c",
    "md5" : "e0104b9835e6bf5cc5239e399253bd7f",
    "sha256" : "83d8a1c7d233819ba5e8c45b2668ad1c39a10e9badafffaedab0d4b0751c6665"
  },
  "uri" : "https://art-bobcat.autodesk.com:443/artifactory/api/storage/team-mayausd-dev-generic/maya-cuts/master/2021-04-14-21-15.PR124/windows/202104142115-fba6595483-RUNDEV.zip"
}
[VERBOSE] End loading URL (CURL): https://art-bobcat.autodesk.com/artifactory/api/storage/team-mayausd-dev-generic/maya-cuts/master/2021-04-14-21-15.PR124/windows/202104142115-fba6595483-RUNDEV.zip
[VERBOSE] Start loading URL (CURL): https://art-bobcat.autodesk.com:443/artifactory/api/storage/team-mayausd-dev-generic/maya-cuts/master/2021-04-14-21-15.PR124/windows/202104142115-fba6595483-RUNDEV.zip
[DEBUG] Running: C:\WINDOWS\system32\curl.exe -s -X GET --keepalive-time 10 --connect-timeout 60 --speed-limit 10000 --speed-time 60 --max-time 1800 --retry 5 --retry-max-time 2400 -H Connection:close -H Authorization:Basic ZWNnYmlmcm9zdDpvcGUqKjAw https://art-bobcat.autodesk.com:443/artifactory/api/storage/team-mayausd-dev-generic/maya-cuts/master/2021-04-14-21-15.PR124/windows/202104142115-fba6595483-RUNDEV.zip
[DEBUG] Output:
{
  "repo" : "team-mayausd-dev-generic",
  "path" : "/maya-cuts/master/2021-04-14-21-15.PR124/windows/202104142115-fba6595483-RUNDEV.zip",
  "created" : "2021-04-15T01:33:05.093-07:00",
  "createdBy" : "svc_p_mescm",
  "lastModified" : "2021-04-15T01:05:47.780-07:00",
  "modifiedBy" : "svc_p_mescm",
  "lastUpdated" : "2021-04-15T01:33:05.095-07:00",
  "downloadUri" : "https://art-bobcat.autodesk.com:443/artifactory/team-mayausd-dev-generic/maya-cuts/master/2021-04-14-21-15.PR124/windows/202104142115-fba6595483-RUNDEV.zip",
  "mimeType" : "application/zip",
  "size" : "1574358459",
  "checksums" : {
    "sha1" : "a4edadeadaa556452925205ac40c0b75370cab7c",
    "md5" : "e0104b9835e6bf5cc5239e399253bd7f",
    "sha256" : "83d8a1c7d233819ba5e8c45b2668ad1c39a10e9badafffaedab0d4b0751c6665"
  },
  "originalChecksums" : {
    "sha1" : "a4edadeadaa556452925205ac40c0b75370cab7c",
    "md5" : "e0104b9835e6bf5cc5239e399253bd7f",
    "sha256" : "83d8a1c7d233819ba5e8c45b2668ad1c39a10e9badafffaedab0d4b0751c6665"
  },
  "uri" : "https://art-bobcat.autodesk.com:443/artifactory/api/storage/team-mayausd-dev-generic/maya-cuts/master/2021-04-14-21-15.PR124/windows/202104142115-fba6595483-RUNDEV.zip"
}
[VERBOSE] End loading URL (CURL): https://art-bobcat.autodesk.com:443/artifactory/api/storage/team-mayausd-dev-generic/maya-cuts/master/2021-04-14-21-15.PR124/windows/202104142115-fba6595483-RUNDEV.zip
[VERBOSE] Start loading URL (CURL): https://art-bobcat.autodesk.com:443/artifactory/api/storage/team-mayausd-dev-generic/maya-cuts/master/2021-04-14-21-15.PR124/windows/202104142115-fba6595483-RUNDEV.zip?properties
[DEBUG] Running: C:\WINDOWS\system32\curl.exe -s -X GET --keepalive-time 10 --connect-timeout 60 --speed-limit 10000 --speed-time 60 --max-time 1800 --retry 5 --retry-max-time 2400 -H Connection:close -H Authorization:Basic ZWNnYmlmcm9zdDpvcGUqKjAw https://art-bobcat.autodesk.com:443/artifactory/api/storage/team-mayausd-dev-generic/maya-cuts/master/2021-04-14-21-15.PR124/windows/202104142115-fba6595483-RUNDEV.zip?properties
[DEBUG] Output:
{
  "properties" : {
    "branch" : [ "master" ],
    "change_set" : [ "fba65954837accd0ad5d06fdbdcbba179cd22c47" ],
    "cut_id" : [ "202104142115-fba6595483" ],
    "package" : [ "rundev-master" ],
    "platform" : [ "win" ]
  },
  "uri" : "https://art-bobcat.autodesk.com:443/artifactory/api/storage/team-mayausd-dev-generic/maya-cuts/master/2021-04-14-21-15.PR124/windows/202104142115-fba6595483-RUNDEV.zip"
}
[VERBOSE] End loading URL (CURL): https://art-bobcat.autodesk.com:443/artifactory/api/storage/team-mayausd-dev-generic/maya-cuts/master/2021-04-14-21-15.PR124/windows/202104142115-fba6595483-RUNDEV.zip?properties
Using Maya cut from P:\shared\Artifactory\Windows\rundev-master\202104142115\runtime\a4edade

================================================================================
                             clean (RelWithDebInfo)
================================================================================
Maya Python RelWithDebInfo Info:
  mayapy executable   = P:\shared\Artifactory\Windows\rundev-master\202104142115\runtime\a4edade\runTime\bin\mayapy.exe
  Include Folder      = P:\shared\Artifactory\Windows\rundev-master\202104142115\runtime\a4edade\runTime\include\Python37\Python
  Library             = P:\shared\Artifactory\Windows\rundev-master\202104142115\runtime\a4edade\runTime\lib\python37.lib
  site-package Folder = P:\shared\Artifactory\Windows\rundev-master\202104142115\runtime\a4edade\runTime\Python\Lib\site-packages
Adding Python package requirements: ['P:\\shared\\Artifactory\\Windows\\rundev-master\\202104142115\\runtime\\a4edade\\runTime\\bin\\mayapy.exe', '-m', 'pip', 'install', '-t', 'P:\\shared\\Artifactory\\Windows\\rundev-master\\202104142115\\runtime\\a4edade\\runTime\\Python\\Lib\\site-packages', '-r', 'python_requirements.txt']
In workdir: S:\jenkins\workspace\ecg-mayausd-branch-preflight-pr-python3-pxrusd-mid2-windows\ecg-maya-usd\maya-usd
Executing: 'P:\\shared\\Artifactory\\Windows\\rundev-master\\202104142115\\runtime\\a4edade\\runTime\\bin\\mayapy.exe' 'S:\\jenkins\\workspace\\ecg-mayausd-branch-preflight-pr-python3-pxrusd-mid2-windows\\ecg-maya-usd\\maya-usd\\build.py' --generator Ninja --build-relwithdebug --maya-location 'P:\\shared\\Artifactory\\Windows\\rundev-master\\202104142115\\runtime\\a4edade\\runTime' --devkit-location 'P:\\shared\\Artifactory\\Windows\\rundev-master\\202104142115\\runtime\\a4edade\\devkitBase' --pxrusd-location 'P:\\shared\\Artifactory\\Windows\\USD\\a6d0475' --qt-location 'P:\\shared\\Artifactory\\Windows\\qt\\5.15.2\\28999d0' '--build-args=-DCMAKE_MAKE_PROGRAM=P:/shared/Artifactory/Windows/ninja/1.9.0/c68f192/ninja.exe,-DPYTHON_INCLUDE_DIR=P:/shared/Artifactory/Windows/rundev-master/202104142115/runtime/a4edade/runTime/include/Python37/Python,-DPython_EXECUTABLE=P:/shared/Artifactory/Windows/rundev-master/202104142115/runtime/a4edade/runTime/bin/mayapy.exe,-DPYTHON_LIBRARIES=P:/shared/Artifactory/Windows/rundev-master/202104142115/runtime/a4edade/runTime/lib/python37.lib,-DBUILD_WITH_PYTHON_3=ON' '--ctest-args=-E testUsdReferenceAssemblySelection|testUsdMayaAppDir|testUsdExportAsClip,-LE interactive,--parallel 16' --stages=clean --redirect-outstream-file=False --install-location 'W:\\install\\RelWithDebInfo\\MayaUSD' 'W:\\'
Modified environment variables:
    PATH=P:\shared\Artifactory\Windows\cmake\3.14.4\c5af748\bin;C:\Python27\lib\site-packages\pywin32_system32;C:\Program Files (x86)\Microsoft Visual Studio\2017\Professional\VC\Tools\MSVC\14.16.27023\bin\HostX64\x64;C:\Program Files (x86)\Microsoft Visual Studio\2017\Professional\Common7\IDE\VC\VCPackages;C:\Program Files (x86)\Microsoft Visual Studio\2017\Professional\Common7\IDE\CommonExtensions\Microsoft\TestWindow;C:\Program Files (x86)\Microsoft Visual Studio\2017\Professional\Common7\IDE\CommonExtensions\Microsoft\TeamFoundation\Team Explorer;C:\Program Files (x86)\Microsoft Visual Studio\2017\Professional\MSBuild\15.0\bin\Roslyn;C:\Program Files (x86)\Microsoft Visual Studio\2017\Professional\Team Tools\Performance Tools\x64;C:\Program Files (x86)\Microsoft Visual Studio\2017\Professional\Team Tools\Performance Tools;C:\Program Files (x86)\Microsoft Visual Studio\Shared\Common\VSPerfCollectionTools\\x64;C:\Program Files (x86)\Microsoft Visual Studio\Shared\Common\VSPerfCollectionTools\;C:\Program Files (x86)\Microsoft SDKs\Windows\v10.0A\bin\NETFX 4.6.1 Tools\x64\;C:\Program Files (x86)\HTML Help Workshop;C:\Program Files (x86)\Windows Kits\10\bin\10.0.18362.0\x64;C:\Program Files (x86)\Windows Kits\10\bin\x64;C:\Program Files (x86)\Microsoft Visual Studio\2017\Professional\\MSBuild\15.0\bin;C:\WINDOWS\Microsoft.NET\Framework64\v4.0.30319;C:\Program Files (x86)\Microsoft Visual Studio\2017\Professional\Common7\IDE\;C:\Program Files (x86)\Microsoft Visual Studio\2017\Professional\Common7\Tools\;C:\Python27\;C:\Python27\Scripts;C:\WINDOWS\system32;C:\WINDOWS;C:\WINDOWS\System32\Wbem;C:\WINDOWS\System32\WindowsPowerShell\v1.0\;C:\WINDOWS\System32\OpenSSH\;C:\ProgramData\chocolatey\bin;C:\Program Files (x86)\WiX Toolset v3.7\bin;C:\Program Files\dotnet\;C:\Program Files (x86)\Windows Kits\10\bin\10.0.18362.0\x64;C:\Program Files\Zulu\zulu-11\bin\;C:\Program Files (x86)\Windows Kits\10\bin\10.0.17763.0\x64;C:\Program Files (x86)\Windows Kits\10\bin\x64;C:\Program Files\Git\cmd;C:\Program Files\Git\usr\bin;C:\Program Files\Git\mingw64\bin;C:\Program Files\Git\bin;C:\Python38\;C:\Python38\Scripts;C:\StoreBoxClientWindows;C:\Program Files\Electric Cloud\ElectricCommander\bin;C:\Program Files\WinRAR;C:\Program Files\7-Zip;C:\Users\Administrator\AppData\Local\Microsoft\WindowsApps;;C:\Program Files (x86)\Microsoft Visual Studio\2017\Professional\Common7\IDE\CommonExtensions\Microsoft\CMake\CMake\bin;C:\Program Files (x86)\Microsoft Visual Studio\2017\Professional\Common7\IDE\CommonExtensions\Microsoft\CMake\Ninja
    
        Building with settings:
          Source directory          S:\jenkins\workspace\ecg-mayausd-branch-preflight-pr-python3-pxrusd-mid2-windows\ecg-maya-usd\maya-usd
          Workspace directory       W:\
          Build directory           W:\build\RelWithDebInfo
          Install directory         W:\install\RelWithDebInfo\MayaUSD
          Variant                   RelWithDebInfo
          Python Debug              Off
          CMake generator           Ninja
          Build arguments           ['-DCMAKE_MAKE_PROGRAM=P:/shared/Artifactory/Windows/ninja/1.9.0/c68f192/ninja.exe', '-DPYTHON_INCLUDE_DIR=P:/shared/Artifactory/Windows/rundev-master/202104142115/runtime/a4edade/runTime/include/Python37/Python', '-DPython_EXECUTABLE=P:/shared/Artifactory/Windows/rundev-master/202104142115/runtime/a4edade/runTime/bin/mayapy.exe', '-DPYTHON_LIBRARIES=P:/shared/Artifactory/Windows/rundev-master/202104142115/runtime/a4edade/runTime/lib/python37.lib', '-DBUILD_WITH_PYTHON_3=ON']
          Stages arguments          ['clean']
          CTest arguments           ['-E testUsdReferenceAssemblySelection|testUsdMayaAppDir|testUsdExportAsClip', '-LE interactive', '--parallel 16']
    Success MayaUSD build and install !!!!
    Elapsed time: 00:00:00
Deleting subst P:
Deleting subst W:
[Pipeline] }
[Pipeline] // withEnv
[Pipeline] }
[Pipeline] // stage
[Pipeline] }
[Pipeline] // timestamps
[Pipeline] }
[Pipeline] // timeout
[Pipeline] timeout
Timeout set to expire in 6 hr 0 min
[Pipeline] {
[Pipeline] timestamps
[Pipeline] {
[Pipeline] stage
[Pipeline] { (Configure)
[Pipeline] withEnv
[Pipeline] {
[Pipeline] bat
[ecg-mayausd-branch-preflight-pr-python3-pxrusd-mid2-windows] Running batch script
Subst W: S:\jenkins\workspace\ecg-mayausd-branch-preflight-pr-python3-pxrusd-mid2-windows
Subst P: S:\jenkins\workspace
"C:\Program Files (x86)\Microsoft Visual Studio\2017\Professional\VC\Auxiliary\Build\vcvarsall.bat" x64
**********************************************************************
** Visual Studio 2017 Developer Command Prompt v15.9.15
** Copyright (c) 2017 Microsoft Corporation
**********************************************************************
[vcvarsall.bat] Environment initialized for: 'x64'
python ecg-maya-usd/build.py --stages=configure --workspace-dir=W:\ --artifactory-dir=P:\shared\Artifactory --build-dir=W:\build --install-dir=W:\install --signing-dir=W:\signing --package-dir=W:\package --output-dir=W:\output --stash-dir=W:\stash --jenkins-build=318 --git-commit=8a745e4196fce05cd28df1d44a96956065cb4fd2 --git-branch=master --variants=Debug --python=3 --pxrusd-version=0.20.11-gold-take2 --post-zips=false --maya-cut-config=maya-rundev-master-debug.yaml --maya-cut-id=202104141515-fba6595483 --stage-banner
Finding Artifactory servers response times
[VERBOSE] Start loading URL (CURL): https://art-bobcat.autodesk.com/artifactory/api/system/ping
[DEBUG] Running: C:\WINDOWS\system32\curl.exe -s -X GET --keepalive-time 10 --connect-timeout 60 --speed-limit 10000 --speed-time 60 --max-time 1800 --retry 5 --retry-max-time 2400 -H Connection:close https://art-bobcat.autodesk.com/artifactory/api/system/ping
[DEBUG] Output:
OK
[VERBOSE] End loading URL (CURL): https://art-bobcat.autodesk.com/artifactory/api/system/ping
[VERBOSE] Start loading URL (CURL): https://art-cougar.autodesk.com/artifactory/api/system/ping
[DEBUG] Running: C:\WINDOWS\system32\curl.exe -s -X GET --keepalive-time 10 --connect-timeout 60 --speed-limit 10000 --speed-time 60 --max-time 1800 --retry 5 --retry-max-time 2400 -H Connection:close https://art-cougar.autodesk.com/artifactory/api/system/ping
[DEBUG] Output:
OK
[VERBOSE] End loading URL (CURL): https://art-cougar.autodesk.com/artifactory/api/system/ping
[VERBOSE] Start loading URL (CURL): https://art-marmotte.autodesk.com/artifactory/api/system/ping
[DEBUG] Running: C:\WINDOWS\system32\curl.exe -s -X GET --keepalive-time 10 --connect-timeout 60 --speed-limit 10000 --speed-time 60 --max-time 1800 --retry 5 --retry-max-time 2400 -H Connection:close https://art-marmotte.autodesk.com/artifactory/api/system/ping
[DEBUG] Output:
OK
[VERBOSE] End loading URL (CURL): https://art-marmotte.autodesk.com/artifactory/api/system/ping
[VERBOSE] Start loading URL (CURL): https://art-panda.autodesk.com/artifactory/api/system/ping
[DEBUG] Running: C:\WINDOWS\system32\curl.exe -s -X GET --keepalive-time 10 --connect-timeout 60 --speed-limit 10000 --speed-time 60 --max-time 1800 --retry 5 --retry-max-time 2400 -H Connection:close https://art-panda.autodesk.com/artifactory/api/system/ping
[DEBUG] Output:
OK
[VERBOSE] End loading URL (CURL): https://art-panda.autodesk.com/artifactory/api/system/ping
[VERBOSE] Start loading URL (CURL): https://art-hare.autodesk.com/artifactory/api/system/ping
[DEBUG] Running: C:\WINDOWS\system32\curl.exe -s -X GET --keepalive-time 10 --connect-timeout 60 --speed-limit 10000 --speed-time 60 --max-time 1800 --retry 5 --retry-max-time 2400 -H Connection:close https://art-hare.autodesk.com/artifactory/api/system/ping
[DEBUG] Output:
OK
[VERBOSE] End loading URL (CURL): https://art-hare.autodesk.com/artifactory/api/system/ping
[VERBOSE] Start loading URL (CURL): https://art-lion.autodesk.com/artifactory/api/system/ping
[DEBUG] Running: C:\WINDOWS\system32\curl.exe -s -X GET --keepalive-time 10 --connect-timeout 60 --speed-limit 10000 --speed-time 60 --max-time 1800 --retry 5 --retry-max-time 2400 -H Connection:close https://art-lion.autodesk.com/artifactory/api/system/ping
[DEBUG] Output:
OK
[VERBOSE] End loading URL (CURL): https://art-lion.autodesk.com/artifactory/api/system/ping
[VERBOSE] Start loading URL (CURL): https://art-kangaroo.autodesk.com/artifactory/api/system/ping
[DEBUG] Running: C:\WINDOWS\system32\curl.exe -s -X GET --keepalive-time 10 --connect-timeout 60 --speed-limit 10000 --speed-time 60 --max-time 1800 --retry 5 --retry-max-time 2400 -H Connection:close https://art-kangaroo.autodesk.com/artifactory/api/system/ping
[DEBUG] Output:
OK
[VERBOSE] End loading URL (CURL): https://art-kangaroo.autodesk.com/artifactory/api/system/ping
[VERBOSE] Start loading URL (CURL): https://art-bear.autodesk.com/artifactory/api/system/ping
[DEBUG] Running: C:\WINDOWS\system32\curl.exe -s -X GET --keepalive-time 10 --connect-timeout 60 --speed-limit 10000 --speed-time 60 --max-time 1800 --retry 5 --retry-max-time 2400 -H Connection:close https://art-bear.autodesk.com/artifactory/api/system/ping
[DEBUG] Output:
OKOK
[VERBOSE] End loading URL (CURL): https://art-bear.autodesk.com/artifactory/api/system/ping
Checking server art-bobcat.autodesk.com for artifacts matching properties:
	cut_id=202104141515-fba6595483
	package=rundev-master-debug
	platform=win
[VERBOSE] Start loading URL (CURL): https://art-bobcat.autodesk.com/artifactory/api/search/aql
[DEBUG] Running: C:\WINDOWS\system32\curl.exe -s -X POST --keepalive-time 10 --connect-timeout 60 --speed-limit 10000 --speed-time 60 --max-time 1800 --retry 5 --retry-max-time 2400 -H Connection:close -H Authorization:Basic ZWNnYmlmcm9zdDpvcGUqKjAw -H Content-Type:text/plain --data items.find({"@cut_id": "202104141515-fba6595483", "@package": "rundev-master-debug", "@platform": "win"}) https://art-bobcat.autodesk.com/artifactory/api/search/aql
[DEBUG] Output:
{
"results" : [ {
  "repo" : "team-mayausd-dev-generic",
  "path" : "maya-cuts/master-debug/2021-04-14-15-15.PR124/windows",
  "name" : "202104141515-fba6595483-RUNDEV.zip",
  "type" : "file",
  "size" : 3340270521,
  "created" : "2021-04-14T19:09:05.340-07:00",
  "created_by" : "svc_p_mescm",
  "modified" : "2021-04-14T18:11:25.809-07:00",
  "modified_by" : "svc_p_mescm",
  "updated" : "2021-04-14T19:09:05.342-07:00"
} ],
"range" : {
  "start_pos" : 0,
  "end_pos" : 1,
  "total" : 1
}
}
[VERBOSE] End loading URL (CURL): https://art-bobcat.autodesk.com/artifactory/api/search/aql
[VERBOSE] Start loading URL (CURL): https://art-bobcat.autodesk.com/artifactory/api/storage/team-mayausd-dev-generic/maya-cuts/master-debug/2021-04-14-15-15.PR124/windows/202104141515-fba6595483-RUNDEV.zip
[DEBUG] Running: C:\WINDOWS\system32\curl.exe -s -X GET --keepalive-time 10 --connect-timeout 60 --speed-limit 10000 --speed-time 60 --max-time 1800 --retry 5 --retry-max-time 2400 -H Connection:close -H Authorization:Basic ZWNnYmlmcm9zdDpvcGUqKjAw https://art-bobcat.autodesk.com/artifactory/api/storage/team-mayausd-dev-generic/maya-cuts/master-debug/2021-04-14-15-15.PR124/windows/202104141515-fba6595483-RUNDEV.zip
[DEBUG] Output:
{
  "repo" : "team-mayausd-dev-generic",
  "path" : "/maya-cuts/master-debug/2021-04-14-15-15.PR124/windows/202104141515-fba6595483-RUNDEV.zip",
  "created" : "2021-04-14T19:09:05.340-07:00",
  "createdBy" : "svc_p_mescm",
  "lastModified" : "2021-04-14T18:11:25.809-07:00",
  "modifiedBy" : "svc_p_mescm",
  "lastUpdated" : "2021-04-14T19:09:05.342-07:00",
  "downloadUri" : "https://art-bobcat.autodesk.com:443/artifactory/team-mayausd-dev-generic/maya-cuts/master-debug/2021-04-14-15-15.PR124/windows/202104141515-fba6595483-RUNDEV.zip",
  "mimeType" : "application/zip",
  "size" : "3340270521",
  "checksums" : {
    "sha1" : "0443d2af8fa4b0c5ad90fff4ff702aeeb1234816",
    "md5" : "c8eaf55596219e34a2fe7da112d4d3c2",
    "sha256" : "041b89dd177e46b3b1c69f8929afd408f7082ce19f2e72608b552f0f00013212"
  },
  "originalChecksums" : {
    "sha1" : "0443d2af8fa4b0c5ad90fff4ff702aeeb1234816",
    "md5" : "c8eaf55596219e34a2fe7da112d4d3c2",
    "sha256" : "041b89dd177e46b3b1c69f8929afd408f7082ce19f2e72608b552f0f00013212"
  },
  "uri" : "https://art-bobcat.autodesk.com:443/artifactory/api/storage/team-mayausd-dev-generic/maya-cuts/master-debug/2021-04-14-15-15.PR124/windows/202104141515-fba6595483-RUNDEV.zip"
}
[VERBOSE] End loading URL (CURL): https://art-bobcat.autodesk.com/artifactory/api/storage/team-mayausd-dev-generic/maya-cuts/master-debug/2021-04-14-15-15.PR124/windows/202104141515-fba6595483-RUNDEV.zip
[VERBOSE] Start loading URL (CURL): https://art-bobcat.autodesk.com:443/artifactory/api/storage/team-mayausd-dev-generic/maya-cuts/master-debug/2021-04-14-15-15.PR124/windows/202104141515-fba6595483-RUNDEV.zip
[DEBUG] Running: C:\WINDOWS\system32\curl.exe -s -X GET --keepalive-time 10 --connect-timeout 60 --speed-limit 10000 --speed-time 60 --max-time 1800 --retry 5 --retry-max-time 2400 -H Connection:close -H Authorization:Basic ZWNnYmlmcm9zdDpvcGUqKjAw https://art-bobcat.autodesk.com:443/artifactory/api/storage/team-mayausd-dev-generic/maya-cuts/master-debug/2021-04-14-15-15.PR124/windows/202104141515-fba6595483-RUNDEV.zip
[DEBUG] Output:
{
  "repo" : "team-mayausd-dev-generic",
  "path" : "/maya-cuts/master-debug/2021-04-14-15-15.PR124/windows/202104141515-fba6595483-RUNDEV.zip",
  "created" : "2021-04-14T19:09:05.340-07:00",
  "createdBy" : "svc_p_mescm",
  "lastModified" : "2021-04-14T18:11:25.809-07:00",
  "modifiedBy" : "svc_p_mescm",
  "lastUpdated" : "2021-04-14T19:09:05.342-07:00",
  "downloadUri" : "https://art-bobcat.autodesk.com:443/artifactory/team-mayausd-dev-generic/maya-cuts/master-debug/2021-04-14-15-15.PR124/windows/202104141515-fba6595483-RUNDEV.zip",
  "mimeType" : "application/zip",
  "size" : "3340270521",
  "checksums" : {
    "sha1" : "0443d2af8fa4b0c5ad90fff4ff702aeeb1234816",
    "md5" : "c8eaf55596219e34a2fe7da112d4d3c2",
    "sha256" : "041b89dd177e46b3b1c69f8929afd408f7082ce19f2e72608b552f0f00013212"
  },
  "originalChecksums" : {
    "sha1" : "0443d2af8fa4b0c5ad90fff4ff702aeeb1234816",
    "md5" : "c8eaf55596219e34a2fe7da112d4d3c2",
    "sha256" : "041b89dd177e46b3b1c69f8929afd408f7082ce19f2e72608b552f0f00013212"
  },
  "uri" : "https://art-bobcat.autodesk.com:443/artifactory/api/storage/team-mayausd-dev-generic/maya-cuts/master-debug/2021-04-14-15-15.PR124/windows/202104141515-fba6595483-RUNDEV.zip"
}
[VERBOSE] End loading URL (CURL): https://art-bobcat.autodesk.com:443/artifactory/api/storage/team-mayausd-dev-generic/maya-cuts/master-debug/2021-04-14-15-15.PR124/windows/202104141515-fba6595483-RUNDEV.zip
[VERBOSE] Start loading URL (CURL): https://art-bobcat.autodesk.com:443/artifactory/api/storage/team-mayausd-dev-generic/maya-cuts/master-debug/2021-04-14-15-15.PR124/windows/202104141515-fba6595483-RUNDEV.zip?properties
[DEBUG] Running: C:\WINDOWS\system32\curl.exe -s -X GET --keepalive-time 10 --connect-timeout 60 --speed-limit 10000 --speed-time 60 --max-time 1800 --retry 5 --retry-max-time 2400 -H Connection:close -H Authorization:Basic ZWNnYmlmcm9zdDpvcGUqKjAw https://art-bobcat.autodesk.com:443/artifactory/api/storage/team-mayausd-dev-generic/maya-cuts/master-debug/2021-04-14-15-15.PR124/windows/202104141515-fba6595483-RUNDEV.zip?properties
[DEBUG] Output:
{
  "properties" : {
    "branch" : [ "master" ],
    "change_set" : [ "fba65954837accd0ad5d06fdbdcbba179cd22c47" ],
    "cut_id" : [ "202104141515-fba6595483" ],
    "package" : [ "rundev-master-debug" ],
    "platform" : [ "win" ]
  },
  "uri" : "https://art-bobcat.autodesk.com:443/artifactory/api/storage/team-mayausd-dev-generic/maya-cuts/master-debug/2021-04-14-15-15.PR124/windows/202104141515-fba6595483-RUNDEV.zip"
}
[VERBOSE] End loading URL (CURL): https://art-bobcat.autodesk.com:443/artifactory/api/storage/team-mayausd-dev-generic/maya-cuts/master-debug/2021-04-14-15-15.PR124/windows/202104141515-fba6595483-RUNDEV.zip?properties
Using Maya cut from P:\shared\Artifactory\Windows\rundev-master-debug\202104141515\runtime\0443d2a

================================================================================
                               configure (Debug)
================================================================================
Maya Python Debug Info:
  mayapy executable   = P:\shared\Artifactory\Windows\rundev-master-debug\202104141515\runtime\0443d2a\runTime\bin\mayapy.exe
  Include Folder      = P:\shared\Artifactory\Windows\rundev-master-debug\202104141515\runtime\0443d2a\runTime\include\Python37\Python
  Library             = P:\shared\Artifactory\Windows\rundev-master-debug\202104141515\runtime\0443d2a\runTime\lib\python37_d.lib
  site-package Folder = P:\shared\Artifactory\Windows\rundev-master-debug\202104141515\runtime\0443d2a\runTime\Python\Lib\site-packages
In workdir: S:\jenkins\workspace\ecg-mayausd-branch-preflight-pr-python3-pxrusd-mid2-windows\ecg-maya-usd\maya-usd
Executing: 'P:\\shared\\Artifactory\\Windows\\rundev-master-debug\\202104141515\\runtime\\0443d2a\\runTime\\bin\\mayapy.exe' 'S:\\jenkins\\workspace\\ecg-mayausd-branch-preflight-pr-python3-pxrusd-mid2-windows\\ecg-maya-usd\\maya-usd\\build.py' --generator Ninja --build-debug --maya-location 'P:\\shared\\Artifactory\\Windows\\rundev-master-debug\\202104141515\\runtime\\0443d2a\\runTime' --devkit-location 'P:\\shared\\Artifactory\\Windows\\rundev-master-debug\\202104141515\\runtime\\0443d2a\\devkitBase' --pxrusd-location 'P:\\shared\\Artifactory\\Windows\\USD\\dbfa571' --qt-location 'P:\\shared\\Artifactory\\Windows\\qt\\5.15.2\\28999d0' '--build-args=-DCMAKE_MAKE_PROGRAM=P:/shared/Artifactory/Windows/ninja/1.9.0/c68f192/ninja.exe,-DPYTHON_INCLUDE_DIR=P:/shared/Artifactory/Windows/rundev-master-debug/202104141515/runtime/0443d2a/runTime/include/Python37/Python,-DPython_EXECUTABLE=P:/shared/Artifactory/Windows/rundev-master-debug/202104141515/runtime/0443d2a/runTime/bin/mayapy.exe,-DPYTHON_LIBRARIES=P:/shared/Artifactory/Windows/rundev-master-debug/202104141515/runtime/0443d2a/runTime/lib/python37_d.lib,-DBUILD_WITH_PYTHON_3=ON' --debug-python '--ctest-args=-E testUsdReferenceAssemblySelection|testUsdMayaAppDir|testUsdExportAsClip,-LE interactive,--parallel 16' --stages=configure --redirect-outstream-file=False --install-location 'W:\\install\\Debug\\MayaUSD' 'W:\\'
Modified environment variables:
    PATH=P:\shared\Artifactory\Windows\cmake\3.14.4\c5af748\bin;C:\Python27\lib\site-packages\pywin32_system32;C:\Program Files (x86)\Microsoft Visual Studio\2017\Professional\VC\Tools\MSVC\14.16.27023\bin\HostX64\x64;C:\Program Files (x86)\Microsoft Visual Studio\2017\Professional\Common7\IDE\VC\VCPackages;C:\Program Files (x86)\Microsoft Visual Studio\2017\Professional\Common7\IDE\CommonExtensions\Microsoft\TestWindow;C:\Program Files (x86)\Microsoft Visual Studio\2017\Professional\Common7\IDE\CommonExtensions\Microsoft\TeamFoundation\Team Explorer;C:\Program Files (x86)\Microsoft Visual Studio\2017\Professional\MSBuild\15.0\bin\Roslyn;C:\Program Files (x86)\Microsoft Visual Studio\2017\Professional\Team Tools\Performance Tools\x64;C:\Program Files (x86)\Microsoft Visual Studio\2017\Professional\Team Tools\Performance Tools;C:\Program Files (x86)\Microsoft Visual Studio\Shared\Common\VSPerfCollectionTools\\x64;C:\Program Files (x86)\Microsoft Visual Studio\Shared\Common\VSPerfCollectionTools\;C:\Program Files (x86)\Microsoft SDKs\Windows\v10.0A\bin\NETFX 4.6.1 Tools\x64\;C:\Program Files (x86)\HTML Help Workshop;C:\Program Files (x86)\Windows Kits\10\bin\10.0.18362.0\x64;C:\Program Files (x86)\Windows Kits\10\bin\x64;C:\Program Files (x86)\Microsoft Visual Studio\2017\Professional\\MSBuild\15.0\bin;C:\WINDOWS\Microsoft.NET\Framework64\v4.0.30319;C:\Program Files (x86)\Microsoft Visual Studio\2017\Professional\Common7\IDE\;C:\Program Files (x86)\Microsoft Visual Studio\2017\Professional\Common7\Tools\;C:\Python27\;C:\Python27\Scripts;C:\WINDOWS\system32;C:\WINDOWS;C:\WINDOWS\System32\Wbem;C:\WINDOWS\System32\WindowsPowerShell\v1.0\;C:\WINDOWS\System32\OpenSSH\;C:\ProgramData\chocolatey\bin;C:\Program Files (x86)\WiX Toolset v3.7\bin;C:\Program Files\dotnet\;C:\Program Files (x86)\Windows Kits\10\bin\10.0.18362.0\x64;C:\Program Files\Zulu\zulu-11\bin\;C:\Program Files (x86)\Windows Kits\10\bin\10.0.17763.0\x64;C:\Program Files (x86)\Windows Kits\10\bin\x64;C:\Program Files\Git\cmd;C:\Program Files\Git\usr\bin;C:\Program Files\Git\mingw64\bin;C:\Program Files\Git\bin;C:\Python38\;C:\Python38\Scripts;C:\StoreBoxClientWindows;C:\Program Files\Electric Cloud\ElectricCommander\bin;C:\Program Files\WinRAR;C:\Program Files\7-Zip;C:\Users\Administrator\AppData\Local\Microsoft\WindowsApps;;C:\Program Files (x86)\Microsoft Visual Studio\2017\Professional\Common7\IDE\CommonExtensions\Microsoft\CMake\CMake\bin;C:\Program Files (x86)\Microsoft Visual Studio\2017\Professional\Common7\IDE\CommonExtensions\Microsoft\CMake\Ninja
    -- The C compiler identification is MSVC 19.16.27032.1
    -- The CXX compiler identification is MSVC 19.16.27032.1
    -- Check for working C compiler: C:/Program Files (x86)/Microsoft Visual Studio/2017/Professional/VC/Tools/MSVC/14.16.27023/bin/Hostx64/x64/cl.exe
    -- Check for working C compiler: C:/Program Files (x86)/Microsoft Visual Studio/2017/Professional/VC/Tools/MSVC/14.16.27023/bin/Hostx64/x64/cl.exe -- works
    -- Detecting C compiler ABI info
    -- Detecting C compiler ABI info - done
    -- Detecting C compile features
    -- Detecting C compile features - done
    -- Check for working CXX compiler: C:/Program Files (x86)/Microsoft Visual Studio/2017/Professional/VC/Tools/MSVC/14.16.27023/bin/Hostx64/x64/cl.exe
    -- Check for working CXX compiler: C:/Program Files (x86)/Microsoft Visual Studio/2017/Professional/VC/Tools/MSVC/14.16.27023/bin/Hostx64/x64/cl.exe -- works
    -- Detecting CXX compiler ABI info
    -- Detecting CXX compiler ABI info - done
    -- Detecting CXX compile features
    -- Detecting CXX compile features - done
    CMake Error at S:/jenkins/workspace/shared/Artifactory/Windows/cmake/3.14.4/c5af748/share/cmake-3.14/Modules/FindPackageHandleStandardArgs.cmake:137 (message):
      Could NOT find Python (missing: Python_EXECUTABLE Interpreter) (Required is
      exact version "3.7")
    Call Stack (most recent call first):
      S:/jenkins/workspace/shared/Artifactory/Windows/cmake/3.14.4/c5af748/share/cmake-3.14/Modules/FindPackageHandleStandardArgs.cmake:378 (_FPHSA_FAILURE_MESSAGE)
      S:/jenkins/workspace/shared/Artifactory/Windows/cmake/3.14.4/c5af748/share/cmake-3.14/Modules/FindPython/Support.cmake:1177 (find_package_handle_standard_args)
      S:/jenkins/workspace/shared/Artifactory/Windows/cmake/3.14.4/c5af748/share/cmake-3.14/Modules/FindPython.cmake:181 (include)
      CMakeLists.txt:85 (find_package)
    
    
    -- Configuring incomplete, errors occurred!
    See also "W:/build/Debug/CMakeFiles/CMakeOutput.log".
    
        Building with settings:
          Source directory          S:\jenkins\workspace\ecg-mayausd-branch-preflight-pr-python3-pxrusd-mid2-windows\ecg-maya-usd\maya-usd
          Workspace directory       W:\
          Build directory           W:\build\Debug
          Install directory         W:\install\Debug\MayaUSD
          Variant                   Debug
          Python Debug              On
          CMake generator           Ninja
          Build arguments           ['-DCMAKE_MAKE_PROGRAM=P:/shared/Artifactory/Windows/ninja/1.9.0/c68f192/ninja.exe', '-DPYTHON_INCLUDE_DIR=P:/shared/Artifactory/Windows/rundev-master-debug/202104141515/runtime/0443d2a/runTime/include/Python37/Python', '-DPython_EXECUTABLE=P:/shared/Artifactory/Windows/rundev-master-debug/202104141515/runtime/0443d2a/runTime/bin/mayapy.exe', '-DPYTHON_LIBRARIES=P:/shared/Artifactory/Windows/rundev-master-debug/202104141515/runtime/0443d2a/runTime/lib/python37_d.lib', '-DBUILD_WITH_PYTHON_3=ON']
          Stages arguments          ['configure']
          CTest arguments           ['-E testUsdReferenceAssemblySelection|testUsdMayaAppDir|testUsdExportAsClip', '-LE interactive', '--parallel 16']
    #####################################################################################
    log date: 2021-08-31 10:50
    commit sha: fe6077a88f04cbf4888112e5f35db49a9f5eea19
    commit date: Mon Aug 16 13:46:16 2021 -0400
    #####################################################################################
    
    cmake -DCMAKE_INSTALL_PREFIX="W:\install\Debug\MayaUSD" -DCMAKE_BUILD_TYPE=Debug -DCMAKE_EXPORT_COMPILE_COMMANDS=ON -G "Ninja" -DMAYA_LOCATION="P:\shared\Artifactory\Windows\rundev-master-debug\202104141515\runtime\0443d2a\runTime" -DPXR_USD_LOCATION="P:\shared\Artifactory\Windows\USD\dbfa571" -DMAYA_DEVKIT_LOCATION="P:\shared\Artifactory\Windows\rundev-master-debug\202104141515\runtime\0443d2a\devkitBase" -DMAYAUSD_DEFINE_BOOST_DEBUG_PYTHON_FLAG=ON -DQT_LOCATION="P:\shared\Artifactory\Windows\qt\5.15.2\28999d0" -DCMAKE_MAKE_PROGRAM=P:/shared/Artifactory/Windows/ninja/1.9.0/c68f192/ninja.exe -DPYTHON_INCLUDE_DIR=P:/shared/Artifactory/Windows/rundev-master-debug/202104141515/runtime/0443d2a/runTime/include/Python37/Python -DPython_EXECUTABLE=P:/shared/Artifactory/Windows/rundev-master-debug/202104141515/runtime/0443d2a/runTime/bin/mayapy.exe -DPYTHON_LIBRARIES=P:/shared/Artifactory/Windows/rundev-master-debug/202104141515/runtime/0443d2a/runTime/lib/python37_d.lib -DBUILD_WITH_PYTHON_3=ON "S:\jenkins\workspace\ecg-mayausd-branch-preflight-pr-python3-pxrusd-mid2-windows\ecg-maya-usd\maya-usd"
    
    Traceback (most recent call last):
      File "S:\jenkins\workspace\ecg-mayausd-branch-preflight-pr-python3-pxrusd-mid2-windows\ecg-maya-usd\maya-usd\build.py", line 602, in <module>
        BuildAndInstall(context, context.buildArgs, context.stagesArgs)
      File "S:\jenkins\workspace\ecg-mayausd-branch-preflight-pr-python3-pxrusd-mid2-windows\ecg-maya-usd\maya-usd\build.py", line 371, in BuildAndInstall
        RunCMake(context, extraArgs, stagesArgs)
      File "S:\jenkins\workspace\ecg-mayausd-branch-preflight-pr-python3-pxrusd-mid2-windows\ecg-maya-usd\maya-usd\build.py", line 277, in RunCMake
        extraArgs=(" ".join(extraArgs) if extraArgs else "")))
      File "S:\jenkins\workspace\ecg-mayausd-branch-preflight-pr-python3-pxrusd-mid2-windows\ecg-maya-usd\maya-usd\build.py", line 165, in Run
        .format(cmd=cmd, log=os.path.abspath(context.logFileLocation)))
    RuntimeError: Failed to run 'cmake -DCMAKE_INSTALL_PREFIX="W:\install\Debug\MayaUSD" -DCMAKE_BUILD_TYPE=Debug -DCMAKE_EXPORT_COMPILE_COMMANDS=ON -G "Ninja" -DMAYA_LOCATION="P:\shared\Artifactory\Windows\rundev-master-debug\202104141515\runtime\0443d2a\runTime" -DPXR_USD_LOCATION="P:\shared\Artifactory\Windows\USD\dbfa571" -DMAYA_DEVKIT_LOCATION="P:\shared\Artifactory\Windows\rundev-master-debug\202104141515\runtime\0443d2a\devkitBase" -DMAYAUSD_DEFINE_BOOST_DEBUG_PYTHON_FLAG=ON -DQT_LOCATION="P:\shared\Artifactory\Windows\qt\5.15.2\28999d0" -DCMAKE_MAKE_PROGRAM=P:/shared/Artifactory/Windows/ninja/1.9.0/c68f192/ninja.exe -DPYTHON_INCLUDE_DIR=P:/shared/Artifactory/Windows/rundev-master-debug/202104141515/runtime/0443d2a/runTime/include/Python37/Python -DPython_EXECUTABLE=P:/shared/Artifactory/Windows/rundev-master-debug/202104141515/runtime/0443d2a/runTime/bin/mayapy.exe -DPYTHON_LIBRARIES=P:/shared/Artifactory/Windows/rundev-master-debug/202104141515/runtime/0443d2a/runTime/lib/python37_d.lib -DBUILD_WITH_PYTHON_3=ON "S:\jenkins\workspace\ecg-mayausd-branch-preflight-pr-python3-pxrusd-mid2-windows\ecg-maya-usd\maya-usd"'
    See W:\build\Debug\build_log.txt for more details.
build.py: error: Command failed with error code: 1
Deleting subst P:
[Pipeline] }
[Pipeline] // withEnv
[Pipeline] }
[Pipeline] // stage
[Pipeline] }
[Pipeline] // timestamps
[Pipeline] }
[Pipeline] // timeout
[Pipeline] emailextrecipients
[Pipeline] echo
No recipients to send notification.
[Pipeline] }
[Pipeline] // node
[Pipeline] End of Pipeline
ERROR: script returned exit code 1
Finished: FAILURE
