================================================================================
                             setup (RelWithDebInfo)
================================================================================
[Pipeline] }
[Pipeline] // withEnv
[Pipeline] }
[Pipeline] // stage
[Pipeline] }
[Pipeline] // timestamps
[Pipeline] }
[Pipeline] // timeout
[Pipeline] timeout
Timeout set to expire in 6 hr 0 min
[Pipeline] {
[Pipeline] timestamps
[Pipeline] {
[Pipeline] stage
[Pipeline] { (Clean)
[Pipeline] withEnv
[Pipeline] {
[Pipeline] sh
[ecg-mayausd-branch-preflight-2022-python3-linux] Running shell script
+ scl enable devtoolset-6 -
python ecg-maya-usd/build.py --stages=clean --workspace-dir=/local/S/jenkins/workspace/ecg-mayausd-branch-preflight-2022-python3-linux --artifactory-dir=/local/S/jenkins/workspace/shared/Artifactory --build-dir=/local/S/jenkins/workspace/ecg-mayausd-branch-preflight-2022-python3-linux/build --install-dir=/local/S/jenkins/workspace/ecg-mayausd-branch-preflight-2022-python3-linux/install --signing-dir=/local/S/jenkins/workspace/ecg-mayausd-branch-preflight-2022-python3-linux/signing --package-dir=/local/S/jenkins/workspace/ecg-mayausd-branch-preflight-2022-python3-linux/package --output-dir=/local/S/jenkins/workspace/ecg-mayausd-branch-preflight-2022-python3-linux/output --stash-dir=/local/S/jenkins/workspace/ecg-mayausd-branch-preflight-2022-python3-linux/stash --jenkins-build=722 --git-commit=8a745e4196fce05cd28df1d44a96956065cb4fd2 --git-branch=master --variants=RelWithDebInfo --python=3 --post-zips=false --maya-cut-config=maya-rundev-2022.yaml --stage-banner
Using Maya cut from /local/S/jenkins/workspace/shared/Artifactory/Linux/rundev-2022/202108261415/runtime/c961123

================================================================================
                             clean (RelWithDebInfo)
================================================================================
Maya Python RelWithDebInfo Info:
  mayapy executable   = /local/S/jenkins/workspace/shared/Artifactory/Linux/rundev-2022/202108261415/runtime/c961123/runTime/bin/mayapy
  Include Folder      = /local/S/jenkins/workspace/shared/Artifactory/Linux/rundev-2022/202108261415/runtime/c961123/runTime/include/Python37/Python
  Library             = /local/S/jenkins/workspace/shared/Artifactory/Linux/rundev-2022/202108261415/runtime/c961123/runTime/lib/libpython3.7m.so.1.0
  site-package Folder = /local/S/jenkins/workspace/shared/Artifactory/Linux/rundev-2022/202108261415/runtime/c961123/runTime/lib/python3.7/site-packages
In workdir: /home/S/jenkins/workspace/ecg-mayausd-branch-preflight-2022-python3-linux/ecg-maya-usd/maya-usd
Executing: /local/S/jenkins/workspace/shared/Artifactory/Linux/rundev-2022/202108261415/runtime/c961123/runTime/bin/mayapy /home/S/jenkins/workspace/ecg-mayausd-branch-preflight-2022-python3-linux/ecg-maya-usd/maya-usd/build.py --generator Ninja --build-relwithdebug --maya-location /local/S/jenkins/workspace/shared/Artifactory/Linux/rundev-2022/202108261415/runtime/c961123/runTime --devkit-location /local/S/jenkins/workspace/shared/Artifactory/Linux/rundev-2022/202108261415/runtime/c961123/devkitBase --pxrusd-location /local/S/jenkins/workspace/shared/Artifactory/Linux/USD/a59e39e --qt-location /local/S/jenkins/workspace/shared/Artifactory/Linux/qt/5.15.2/a12930a --build-args=-DCMAKE_MAKE_PROGRAM=/local/S/jenkins/workspace/shared/Artifactory/Linux/ninja/1.9.0/aca9939/ninja,-DPYTHON_INCLUDE_DIR=/local/S/jenkins/workspace/shared/Artifactory/Linux/rundev-2022/202108261415/runtime/c961123/runTime/include/Python37/Python,-DPython_EXECUTABLE=/local/S/jenkins/workspace/shared/Artifactory/Linux/rundev-2022/202108261415/runtime/c961123/runTime/bin/mayapy,-DPYTHON_LIBRARIES=/local/S/jenkins/workspace/shared/Artifactory/Linux/rundev-2022/202108261415/runtime/c961123/runTime/lib/libpython3.7m.so.1.0,-DBUILD_WITH_PYTHON_3=ON '--ctest-args=-E testUsdReferenceAssemblySelection|testUsdMayaAppDir|testUsdMayaReadWriteUtils,-LE interactive,--parallel 16' --stages=clean --redirect-outstream-file=False --install-location /local/S/jenkins/workspace/ecg-mayausd-branch-preflight-2022-python3-linux/install/RelWithDebInfo/MayaUSD /local/S/jenkins/workspace/ecg-mayausd-branch-preflight-2022-python3-linux
Modified environment variables:
    PATH=/local/S/jenkins/workspace/shared/Artifactory/Linux/cmake/3.14.4/656573b/bin:/opt/rh/devtoolset-6/root/usr/bin:/usr/local/bin:/usr/bin
    LD_LIBRARY_PATH=/opt/rh/devtoolset-6/root/usr/lib64:/opt/rh/devtoolset-6/root/usr/lib64:/opt/rh/devtoolset-6/root/usr/lib
    
        Building with settings:
          Source directory          /home/S/jenkins/workspace/ecg-mayausd-branch-preflight-2022-python3-linux/ecg-maya-usd/maya-usd
          Workspace directory       /local/S/jenkins/workspace/ecg-mayausd-branch-preflight-2022-python3-linux
          Build directory           /local/S/jenkins/workspace/ecg-mayausd-branch-preflight-2022-python3-linux/build/RelWithDebInfo
          Install directory         /local/S/jenkins/workspace/ecg-mayausd-branch-preflight-2022-python3-linux/install/RelWithDebInfo/MayaUSD
          Variant                   RelWithDebInfo
          Python Debug              Off
          CMake generator           Ninja
          Build arguments           ['-DCMAKE_MAKE_PROGRAM=/local/S/jenkins/workspace/shared/Artifactory/Linux/ninja/1.9.0/aca9939/ninja', '-DPYTHON_INCLUDE_DIR=/local/S/jenkins/workspace/shared/Artifactory/Linux/rundev-2022/202108261415/runtime/c961123/runTime/include/Python37/Python', '-DPython_EXECUTABLE=/local/S/jenkins/workspace/shared/Artifactory/Linux/rundev-2022/202108261415/runtime/c961123/runTime/bin/mayapy', '-DPYTHON_LIBRARIES=/local/S/jenkins/workspace/shared/Artifactory/Linux/rundev-2022/202108261415/runtime/c961123/runTime/lib/libpython3.7m.so.1.0', '-DBUILD_WITH_PYTHON_3=ON']
          Stages arguments          ['clean']
          CTest arguments           ['-E testUsdReferenceAssemblySelection|testUsdMayaAppDir|testUsdMayaReadWriteUtils', '-LE interactive', '--parallel 16']
    Success MayaUSD build and install !!!!
    Elapsed time: 00:00:00
[Pipeline] }
[Pipeline] // withEnv
[Pipeline] }
[Pipeline] // stage
[Pipeline] }
[Pipeline] // timestamps
[Pipeline] }
[Pipeline] // timeout
[Pipeline] timeout
Timeout set to expire in 6 hr 0 min
[Pipeline] {
[Pipeline] timestamps
[Pipeline] {
[Pipeline] stage
[Pipeline] { (Configure)
[Pipeline] withEnv
[Pipeline] {
[Pipeline] sh
[ecg-mayausd-branch-preflight-2022-python3-linux] Running shell script
+ scl enable devtoolset-6 -
python ecg-maya-usd/build.py --stages=configure --workspace-dir=/local/S/jenkins/workspace/ecg-mayausd-branch-preflight-2022-python3-linux --artifactory-dir=/local/S/jenkins/workspace/shared/Artifactory --build-dir=/local/S/jenkins/workspace/ecg-mayausd-branch-preflight-2022-python3-linux/build --install-dir=/local/S/jenkins/workspace/ecg-mayausd-branch-preflight-2022-python3-linux/install --signing-dir=/local/S/jenkins/workspace/ecg-mayausd-branch-preflight-2022-python3-linux/signing --package-dir=/local/S/jenkins/workspace/ecg-mayausd-branch-preflight-2022-python3-linux/package --output-dir=/local/S/jenkins/workspace/ecg-mayausd-branch-preflight-2022-python3-linux/output --stash-dir=/local/S/jenkins/workspace/ecg-mayausd-branch-preflight-2022-python3-linux/stash --jenkins-build=722 --git-commit=8a745e4196fce05cd28df1d44a96956065cb4fd2 --git-branch=master --variants=RelWithDebInfo --python=3 --post-zips=false --maya-cut-config=maya-rundev-2022.yaml --stage-banner
Using Maya cut from /local/S/jenkins/workspace/shared/Artifactory/Linux/rundev-2022/202108261415/runtime/c961123

================================================================================
                           configure (RelWithDebInfo)
================================================================================
Maya Python RelWithDebInfo Info:
  mayapy executable   = /local/S/jenkins/workspace/shared/Artifactory/Linux/rundev-2022/202108261415/runtime/c961123/runTime/bin/mayapy
  Include Folder      = /local/S/jenkins/workspace/shared/Artifactory/Linux/rundev-2022/202108261415/runtime/c961123/runTime/include/Python37/Python
  Library             = /local/S/jenkins/workspace/shared/Artifactory/Linux/rundev-2022/202108261415/runtime/c961123/runTime/lib/libpython3.7m.so.1.0
  site-package Folder = /local/S/jenkins/workspace/shared/Artifactory/Linux/rundev-2022/202108261415/runtime/c961123/runTime/lib/python3.7/site-packages
In workdir: /home/S/jenkins/workspace/ecg-mayausd-branch-preflight-2022-python3-linux/ecg-maya-usd/maya-usd
Executing: /local/S/jenkins/workspace/shared/Artifactory/Linux/rundev-2022/202108261415/runtime/c961123/runTime/bin/mayapy /home/S/jenkins/workspace/ecg-mayausd-branch-preflight-2022-python3-linux/ecg-maya-usd/maya-usd/build.py --generator Ninja --build-relwithdebug --maya-location /local/S/jenkins/workspace/shared/Artifactory/Linux/rundev-2022/202108261415/runtime/c961123/runTime --devkit-location /local/S/jenkins/workspace/shared/Artifactory/Linux/rundev-2022/202108261415/runtime/c961123/devkitBase --pxrusd-location /local/S/jenkins/workspace/shared/Artifactory/Linux/USD/a59e39e --qt-location /local/S/jenkins/workspace/shared/Artifactory/Linux/qt/5.15.2/a12930a --build-args=-DCMAKE_MAKE_PROGRAM=/local/S/jenkins/workspace/shared/Artifactory/Linux/ninja/1.9.0/aca9939/ninja,-DPYTHON_INCLUDE_DIR=/local/S/jenkins/workspace/shared/Artifactory/Linux/rundev-2022/202108261415/runtime/c961123/runTime/include/Python37/Python,-DPython_EXECUTABLE=/local/S/jenkins/workspace/shared/Artifactory/Linux/rundev-2022/202108261415/runtime/c961123/runTime/bin/mayapy,-DPYTHON_LIBRARIES=/local/S/jenkins/workspace/shared/Artifactory/Linux/rundev-2022/202108261415/runtime/c961123/runTime/lib/libpython3.7m.so.1.0,-DBUILD_WITH_PYTHON_3=ON '--ctest-args=-E testUsdReferenceAssemblySelection|testUsdMayaAppDir|testUsdMayaReadWriteUtils,-LE interactive,--parallel 16' --stages=configure --redirect-outstream-file=False --install-location /local/S/jenkins/workspace/ecg-mayausd-branch-preflight-2022-python3-linux/install/RelWithDebInfo/MayaUSD /local/S/jenkins/workspace/ecg-mayausd-branch-preflight-2022-python3-linux
Modified environment variables:
    PATH=/local/S/jenkins/workspace/shared/Artifactory/Linux/cmake/3.14.4/656573b/bin:/opt/rh/devtoolset-6/root/usr/bin:/usr/local/bin:/usr/bin
    LD_LIBRARY_PATH=/opt/rh/devtoolset-6/root/usr/lib64:/opt/rh/devtoolset-6/root/usr/lib64:/opt/rh/devtoolset-6/root/usr/lib
    -- The C compiler identification is GNU 6.3.1
    -- The CXX compiler identification is GNU 6.3.1
    -- Check for working C compiler: /opt/rh/devtoolset-6/root/usr/bin/cc
    -- Check for working C compiler: /opt/rh/devtoolset-6/root/usr/bin/cc -- works
    -- Detecting C compiler ABI info
    -- Detecting C compiler ABI info - done
    -- Detecting C compile features
    -- Detecting C compile features - done
    -- Check for working CXX compiler: /opt/rh/devtoolset-6/root/usr/bin/c++
    -- Check for working CXX compiler: /opt/rh/devtoolset-6/root/usr/bin/c++ -- works
    -- Detecting CXX compiler ABI info
    -- Detecting CXX compiler ABI info - done
    -- Detecting CXX compile features
    -- Detecting CXX compile features - done
    CMake Error at /home/S/jenkins/workspace/shared/Artifactory/Linux/cmake/3.14.4/656573b/share/cmake-3.14/Modules/FindPackageHandleStandardArgs.cmake:137 (message):
      Could NOT find Python (missing: Python_EXECUTABLE Interpreter) (Required is
      exact version "3.7")
    Call Stack (most recent call first):
      /home/S/jenkins/workspace/shared/Artifactory/Linux/cmake/3.14.4/656573b/share/cmake-3.14/Modules/FindPackageHandleStandardArgs.cmake:378 (_FPHSA_FAILURE_MESSAGE)
      /home/S/jenkins/workspace/shared/Artifactory/Linux/cmake/3.14.4/656573b/share/cmake-3.14/Modules/FindPython/Support.cmake:1177 (find_package_handle_standard_args)
      /home/S/jenkins/workspace/shared/Artifactory/Linux/cmake/3.14.4/656573b/share/cmake-3.14/Modules/FindPython.cmake:181 (include)
      CMakeLists.txt:85 (find_package)
    
    
    -- Configuring incomplete, errors occurred!
    See also "/home/S/jenkins/workspace/ecg-mayausd-branch-preflight-2022-python3-linux/build/RelWithDebInfo/CMakeFiles/CMakeOutput.log".
    
        Building with settings:
          Source directory          /home/S/jenkins/workspace/ecg-mayausd-branch-preflight-2022-python3-linux/ecg-maya-usd/maya-usd
          Workspace directory       /local/S/jenkins/workspace/ecg-mayausd-branch-preflight-2022-python3-linux
          Build directory           /local/S/jenkins/workspace/ecg-mayausd-branch-preflight-2022-python3-linux/build/RelWithDebInfo
          Install directory         /local/S/jenkins/workspace/ecg-mayausd-branch-preflight-2022-python3-linux/install/RelWithDebInfo/MayaUSD
          Variant                   RelWithDebInfo
          Python Debug              Off
          CMake generator           Ninja
          Build arguments           ['-DCMAKE_MAKE_PROGRAM=/local/S/jenkins/workspace/shared/Artifactory/Linux/ninja/1.9.0/aca9939/ninja', '-DPYTHON_INCLUDE_DIR=/local/S/jenkins/workspace/shared/Artifactory/Linux/rundev-2022/202108261415/runtime/c961123/runTime/include/Python37/Python', '-DPython_EXECUTABLE=/local/S/jenkins/workspace/shared/Artifactory/Linux/rundev-2022/202108261415/runtime/c961123/runTime/bin/mayapy', '-DPYTHON_LIBRARIES=/local/S/jenkins/workspace/shared/Artifactory/Linux/rundev-2022/202108261415/runtime/c961123/runTime/lib/libpython3.7m.so.1.0', '-DBUILD_WITH_PYTHON_3=ON']
          Stages arguments          ['configure']
          CTest arguments           ['-E testUsdReferenceAssemblySelection|testUsdMayaAppDir|testUsdMayaReadWriteUtils', '-LE interactive', '--parallel 16']
    #####################################################################################
    log date: 2021-08-31 10:38
    commit sha: fe6077a88f04cbf4888112e5f35db49a9f5eea19
    commit date: Mon Aug 16 13:46:16 2021 -0400
    #####################################################################################
    
    cmake -DCMAKE_INSTALL_PREFIX="/local/S/jenkins/workspace/ecg-mayausd-branch-preflight-2022-python3-linux/install/RelWithDebInfo/MayaUSD" -DCMAKE_BUILD_TYPE=RelWithDebInfo -DCMAKE_EXPORT_COMPILE_COMMANDS=ON -G "Ninja" -DMAYA_LOCATION="/local/S/jenkins/workspace/shared/Artifactory/Linux/rundev-2022/202108261415/runtime/c961123/runTime" -DPXR_USD_LOCATION="/local/S/jenkins/workspace/shared/Artifactory/Linux/USD/a59e39e" -DMAYA_DEVKIT_LOCATION="/local/S/jenkins/workspace/shared/Artifactory/Linux/rundev-2022/202108261415/runtime/c961123/devkitBase" -DMAYAUSD_DEFINE_BOOST_DEBUG_PYTHON_FLAG=OFF -DQT_LOCATION="/local/S/jenkins/workspace/shared/Artifactory/Linux/qt/5.15.2/a12930a" -DCMAKE_MAKE_PROGRAM=/local/S/jenkins/workspace/shared/Artifactory/Linux/ninja/1.9.0/aca9939/ninja -DPYTHON_INCLUDE_DIR=/local/S/jenkins/workspace/shared/Artifactory/Linux/rundev-2022/202108261415/runtime/c961123/runTime/include/Python37/Python -DPython_EXECUTABLE=/local/S/jenkins/workspace/shared/Artifactory/Linux/rundev-2022/202108261415/runtime/c961123/runTime/bin/mayapy -DPYTHON_LIBRARIES=/local/S/jenkins/workspace/shared/Artifactory/Linux/rundev-2022/202108261415/runtime/c961123/runTime/lib/libpython3.7m.so.1.0 -DBUILD_WITH_PYTHON_3=ON "/home/S/jenkins/workspace/ecg-mayausd-branch-preflight-2022-python3-linux/ecg-maya-usd/maya-usd"
    
    Traceback (most recent call last):
      File "/home/S/jenkins/workspace/ecg-mayausd-branch-preflight-2022-python3-linux/ecg-maya-usd/maya-usd/build.py", line 602, in <module>
        BuildAndInstall(context, context.buildArgs, context.stagesArgs)
      File "/home/S/jenkins/workspace/ecg-mayausd-branch-preflight-2022-python3-linux/ecg-maya-usd/maya-usd/build.py", line 371, in BuildAndInstall
        RunCMake(context, extraArgs, stagesArgs)
      File "/home/S/jenkins/workspace/ecg-mayausd-branch-preflight-2022-python3-linux/ecg-maya-usd/maya-usd/build.py", line 277, in RunCMake
        extraArgs=(" ".join(extraArgs) if extraArgs else "")))
      File "/home/S/jenkins/workspace/ecg-mayausd-branch-preflight-2022-python3-linux/ecg-maya-usd/maya-usd/build.py", line 165, in Run
        .format(cmd=cmd, log=os.path.abspath(context.logFileLocation)))
    RuntimeError: Failed to run 'cmake -DCMAKE_INSTALL_PREFIX="/local/S/jenkins/workspace/ecg-mayausd-branch-preflight-2022-python3-linux/install/RelWithDebInfo/MayaUSD" -DCMAKE_BUILD_TYPE=RelWithDebInfo -DCMAKE_EXPORT_COMPILE_COMMANDS=ON -G "Ninja" -DMAYA_LOCATION="/local/S/jenkins/workspace/shared/Artifactory/Linux/rundev-2022/202108261415/runtime/c961123/runTime" -DPXR_USD_LOCATION="/local/S/jenkins/workspace/shared/Artifactory/Linux/USD/a59e39e" -DMAYA_DEVKIT_LOCATION="/local/S/jenkins/workspace/shared/Artifactory/Linux/rundev-2022/202108261415/runtime/c961123/devkitBase" -DMAYAUSD_DEFINE_BOOST_DEBUG_PYTHON_FLAG=OFF -DQT_LOCATION="/local/S/jenkins/workspace/shared/Artifactory/Linux/qt/5.15.2/a12930a" -DCMAKE_MAKE_PROGRAM=/local/S/jenkins/workspace/shared/Artifactory/Linux/ninja/1.9.0/aca9939/ninja -DPYTHON_INCLUDE_DIR=/local/S/jenkins/workspace/shared/Artifactory/Linux/rundev-2022/202108261415/runtime/c961123/runTime/include/Python37/Python -DPython_EXECUTABLE=/local/S/jenkins/workspace/shared/Artifactory/Linux/rundev-2022/202108261415/runtime/c961123/runTime/bin/mayapy -DPYTHON_LIBRARIES=/local/S/jenkins/workspace/shared/Artifactory/Linux/rundev-2022/202108261415/runtime/c961123/runTime/lib/libpython3.7m.so.1.0 -DBUILD_WITH_PYTHON_3=ON "/home/S/jenkins/workspace/ecg-mayausd-branch-preflight-2022-python3-linux/ecg-maya-usd/maya-usd"'
    See /local/S/jenkins/workspace/ecg-mayausd-branch-preflight-2022-python3-linux/build/RelWithDebInfo/build_log.txt for more details.
build.py: error: Command failed with error code: 1
[Pipeline] }
[Pipeline] // withEnv
[Pipeline] }
[Pipeline] // stage
[Pipeline] }
[Pipeline] // timestamps
[Pipeline] }
[Pipeline] // timeout
[Pipeline] emailextrecipients
[Pipeline] echo
No recipients to send notification.
[Pipeline] }
[Pipeline] // node
[Pipeline] End of Pipeline
ERROR: script returned exit code 1
Finished: FAILURE
