================================================================================
                             setup (RelWithDebInfo)
================================================================================
Deleting subst P:
Deleting subst W:
[Pipeline] }
[Pipeline] // withEnv
[Pipeline] }
[Pipeline] // stage
[Pipeline] }
[Pipeline] // timestamps
[Pipeline] }
[Pipeline] // timeout
[Pipeline] timeout
Timeout set to expire in 6 hr 0 min
[Pipeline] {
[Pipeline] timestamps
[Pipeline] {
[Pipeline] stage
[Pipeline] { (Clean)
[Pipeline] withEnv
[Pipeline] {
[Pipeline] bat
[ecg-mayausd-branch-preflight-2022-windows] Running batch script
Subst W: S:\jenkins\workspace\ecg-mayausd-branch-preflight-2022-windows
Subst P: S:\jenkins\workspace
"C:\Program Files (x86)\Microsoft Visual Studio\2017\Professional\VC\Auxiliary\Build\vcvarsall.bat" x64
**********************************************************************
** Visual Studio 2017 Developer Command Prompt v15.9.15
** Copyright (c) 2017 Microsoft Corporation
**********************************************************************
[vcvarsall.bat] Environment initialized for: 'x64'
python ecg-maya-usd/build.py --stages=clean --workspace-dir=W:\ --artifactory-dir=P:\shared\Artifactory --build-dir=W:\build --install-dir=W:\install --signing-dir=W:\signing --package-dir=W:\package --output-dir=W:\output --stash-dir=W:\stash --jenkins-build=802 --git-commit=0789ae51c529724e55c74f29c74c1b16f10d55f8 --git-branch=master --variants=RelWithDebInfo --python=2.7 --post-zips=false --maya-cut-config=maya-rundev-2022.yaml --stage-banner
Using Maya cut from P:\shared\Artifactory\Windows\rundev-2022\202110081415\runtime\49cd765

================================================================================
                             clean (RelWithDebInfo)
================================================================================
Maya Python RelWithDebInfo Info:
  mayapy executable   = P:\shared\Artifactory\Windows\rundev-2022\202110081415\runtime\49cd765\runTime\bin\mayapy2.exe
  Include Folder      = P:\shared\Artifactory\Windows\rundev-2022\202110081415\runtime\49cd765\runTime\include\Python27\Python
  Library             = P:\shared\Artifactory\Windows\rundev-2022\202110081415\runtime\49cd765\runTime\lib\python27.lib
  site-package Folder = P:\shared\Artifactory\Windows\rundev-2022\202110081415\runtime\49cd765\runTime\Python27\Lib\site-packages
In workdir: S:\jenkins\workspace\ecg-mayausd-branch-preflight-2022-windows\ecg-maya-usd\maya-usd
Executing: 'P:\\shared\\Artifactory\\Windows\\rundev-2022\\202110081415\\runtime\\49cd765\\runTime\\bin\\mayapy2.exe' 'S:\\jenkins\\workspace\\ecg-mayausd-branch-preflight-2022-windows\\ecg-maya-usd\\maya-usd\\build.py' --generator Ninja --build-relwithdebug --maya-location 'P:\\shared\\Artifactory\\Windows\\rundev-2022\\202110081415\\runtime\\49cd765\\runTime' --devkit-location 'P:\\shared\\Artifactory\\Windows\\rundev-2022\\202110081415\\runtime\\49cd765\\devkitBase' --pxrusd-location 'P:\\shared\\Artifactory\\Windows\\USD\\4ae4ff5' --qt-location 'P:\\shared\\Artifactory\\Windows\\qt\\5.15.2\\28999d0' '--build-args=-DCMAKE_MAKE_PROGRAM=P:/shared/Artifactory/Windows/ninja/1.9.0/c68f192/ninja.exe,-DPYTHON_INCLUDE_DIR=P:/shared/Artifactory/Windows/rundev-2022/202110081415/runtime/49cd765/runTime/include/Python27/Python,-DPython_EXECUTABLE=P:/shared/Artifactory/Windows/rundev-2022/202110081415/runtime/49cd765/runTime/bin/mayapy2.exe,-DPYTHON_LIBRARIES=P:/shared/Artifactory/Windows/rundev-2022/202110081415/runtime/49cd765/runTime/lib/python27.lib' '--ctest-args=-E testUsdReferenceAssemblySelection|testUsdMayaAppDir|Python:AL_USDTransactionTests|testUsdExportAsClip,-LE interactive,--parallel 16' --stages=clean --redirect-outstream-file=False --install-location 'W:\\install\\RelWithDebInfo\\MayaUSD' 'W:\\'
Modified environment variables:
    PATH=P:\shared\Artifactory\Windows\cmake\3.14.4\c5af748\bin;C:\Python27\lib\site-packages\pywin32_system32;C:\Program Files (x86)\Microsoft Visual Studio\2017\Professional\VC\Tools\MSVC\14.16.27023\bin\HostX64\x64;C:\Program Files (x86)\Microsoft Visual Studio\2017\Professional\Common7\IDE\VC\VCPackages;C:\Program Files (x86)\Microsoft Visual Studio\2017\Professional\Common7\IDE\CommonExtensions\Microsoft\TestWindow;C:\Program Files (x86)\Microsoft Visual Studio\2017\Professional\Common7\IDE\CommonExtensions\Microsoft\TeamFoundation\Team Explorer;C:\Program Files (x86)\Microsoft Visual Studio\2017\Professional\MSBuild\15.0\bin\Roslyn;C:\Program Files (x86)\Microsoft Visual Studio\2017\Professional\Team Tools\Performance Tools\x64;C:\Program Files (x86)\Microsoft Visual Studio\2017\Professional\Team Tools\Performance Tools;C:\Program Files (x86)\Microsoft Visual Studio\Shared\Common\VSPerfCollectionTools\\x64;C:\Program Files (x86)\Microsoft Visual Studio\Shared\Common\VSPerfCollectionTools\;C:\Program Files (x86)\Microsoft SDKs\Windows\v10.0A\bin\NETFX 4.6.1 Tools\x64\;C:\Program Files (x86)\HTML Help Workshop;C:\Program Files (x86)\Windows Kits\10\bin\10.0.18362.0\x64;C:\Program Files (x86)\Windows Kits\10\bin\x64;C:\Program Files (x86)\Microsoft Visual Studio\2017\Professional\\MSBuild\15.0\bin;C:\WINDOWS\Microsoft.NET\Framework64\v4.0.30319;C:\Program Files (x86)\Microsoft Visual Studio\2017\Professional\Common7\IDE\;C:\Program Files (x86)\Microsoft Visual Studio\2017\Professional\Common7\Tools\;C:\Python27\;C:\Python27\Scripts;C:\WINDOWS\system32;C:\WINDOWS;C:\WINDOWS\System32\Wbem;C:\WINDOWS\System32\WindowsPowerShell\v1.0\;C:\WINDOWS\System32\OpenSSH\;C:\ProgramData\chocolatey\bin;C:\Program Files (x86)\WiX Toolset v3.7\bin;C:\Program Files\dotnet\;C:\Program Files (x86)\Windows Kits\10\bin\10.0.18362.0\x64;C:\Program Files\Zulu\zulu-11\bin\;C:\Program Files (x86)\Windows Kits\10\bin\10.0.17763.0\x64;C:\Program Files (x86)\Windows Kits\10\bin\x64;C:\Program Files\Git\cmd;C:\Program Files\Git\usr\bin;C:\Program Files\Git\mingw64\bin;C:\Program Files\Git\bin;C:\Python38\;C:\Python38\Scripts;C:\StoreBoxClientWindows;C:\Program Files\Electric Cloud\ElectricCommander\bin;C:\Program Files\WinRAR;C:\Program Files\7-Zip;C:\Users\Administrator\AppData\Local\Microsoft\WindowsApps;C:\Program Files (x86)\Microsoft Visual Studio\2017\Professional\Common7\IDE\CommonExtensions\Microsoft\CMake\CMake\bin;C:\Program Files (x86)\Microsoft Visual Studio\2017\Professional\Common7\IDE\CommonExtensions\Microsoft\CMake\Ninja
    
        Building with settings:
          Source directory          S:\jenkins\workspace\ecg-mayausd-branch-preflight-2022-windows\ecg-maya-usd\maya-usd
          Workspace directory       W:\
          Build directory           W:\build\RelWithDebInfo
          Install directory         W:\install\RelWithDebInfo\MayaUSD
          Variant                   RelWithDebInfo
          Python Debug              Off
          CMake generator           Ninja
          Build arguments           ['-DCMAKE_MAKE_PROGRAM=P:/shared/Artifactory/Windows/ninja/1.9.0/c68f192/ninja.exe', '-DPYTHON_INCLUDE_DIR=P:/shared/Artifactory/Windows/rundev-2022/202110081415/runtime/49cd765/runTime/include/Python27/Python', '-DPython_EXECUTABLE=P:/shared/Artifactory/Windows/rundev-2022/202110081415/runtime/49cd765/runTime/bin/mayapy2.exe', '-DPYTHON_LIBRARIES=P:/shared/Artifactory/Windows/rundev-2022/202110081415/runtime/49cd765/runTime/lib/python27.lib']
          Stages arguments          ['clean']
          CTest arguments           ['-E testUsdReferenceAssemblySelection|testUsdMayaAppDir|Python:AL_USDTransactionTests|testUsdExportAsClip', '-LE interactive', '--parallel 16']
    Success MayaUSD build and install !!!!
    Elapsed time: 00:00:00
Deleting subst P:
Deleting subst W:
[Pipeline] }
[Pipeline] // withEnv
[Pipeline] }
[Pipeline] // stage
[Pipeline] }
[Pipeline] // timestamps
[Pipeline] }
[Pipeline] // timeout
[Pipeline] timeout
Timeout set to expire in 6 hr 0 min
[Pipeline] {
[Pipeline] timestamps
[Pipeline] {
[Pipeline] stage
[Pipeline] { (Configure)
[Pipeline] withEnv
[Pipeline] {
[Pipeline] bat
[ecg-mayausd-branch-preflight-2022-windows] Running batch script
Subst W: S:\jenkins\workspace\ecg-mayausd-branch-preflight-2022-windows
Subst P: S:\jenkins\workspace
"C:\Program Files (x86)\Microsoft Visual Studio\2017\Professional\VC\Auxiliary\Build\vcvarsall.bat" x64
**********************************************************************
** Visual Studio 2017 Developer Command Prompt v15.9.15
** Copyright (c) 2017 Microsoft Corporation
**********************************************************************
[vcvarsall.bat] Environment initialized for: 'x64'
python ecg-maya-usd/build.py --stages=configure --workspace-dir=W:\ --artifactory-dir=P:\shared\Artifactory --build-dir=W:\build --install-dir=W:\install --signing-dir=W:\signing --package-dir=W:\package --output-dir=W:\output --stash-dir=W:\stash --jenkins-build=802 --git-commit=0789ae51c529724e55c74f29c74c1b16f10d55f8 --git-branch=master --variants=RelWithDebInfo --python=2.7 --post-zips=false --maya-cut-config=maya-rundev-2022.yaml --stage-banner
Using Maya cut from P:\shared\Artifactory\Windows\rundev-2022\202110081415\runtime\49cd765

================================================================================
                           configure (RelWithDebInfo)
================================================================================
Maya Python RelWithDebInfo Info:
  mayapy executable   = P:\shared\Artifactory\Windows\rundev-2022\202110081415\runtime\49cd765\runTime\bin\mayapy2.exe
  Include Folder      = P:\shared\Artifactory\Windows\rundev-2022\202110081415\runtime\49cd765\runTime\include\Python27\Python
  Library             = P:\shared\Artifactory\Windows\rundev-2022\202110081415\runtime\49cd765\runTime\lib\python27.lib
  site-package Folder = P:\shared\Artifactory\Windows\rundev-2022\202110081415\runtime\49cd765\runTime\Python27\Lib\site-packages
In workdir: S:\jenkins\workspace\ecg-mayausd-branch-preflight-2022-windows\ecg-maya-usd\maya-usd
Executing: 'P:\\shared\\Artifactory\\Windows\\rundev-2022\\202110081415\\runtime\\49cd765\\runTime\\bin\\mayapy2.exe' 'S:\\jenkins\\workspace\\ecg-mayausd-branch-preflight-2022-windows\\ecg-maya-usd\\maya-usd\\build.py' --generator Ninja --build-relwithdebug --maya-location 'P:\\shared\\Artifactory\\Windows\\rundev-2022\\202110081415\\runtime\\49cd765\\runTime' --devkit-location 'P:\\shared\\Artifactory\\Windows\\rundev-2022\\202110081415\\runtime\\49cd765\\devkitBase' --pxrusd-location 'P:\\shared\\Artifactory\\Windows\\USD\\4ae4ff5' --qt-location 'P:\\shared\\Artifactory\\Windows\\qt\\5.15.2\\28999d0' '--build-args=-DCMAKE_MAKE_PROGRAM=P:/shared/Artifactory/Windows/ninja/1.9.0/c68f192/ninja.exe,-DPYTHON_INCLUDE_DIR=P:/shared/Artifactory/Windows/rundev-2022/202110081415/runtime/49cd765/runTime/include/Python27/Python,-DPython_EXECUTABLE=P:/shared/Artifactory/Windows/rundev-2022/202110081415/runtime/49cd765/runTime/bin/mayapy2.exe,-DPYTHON_LIBRARIES=P:/shared/Artifactory/Windows/rundev-2022/202110081415/runtime/49cd765/runTime/lib/python27.lib' '--ctest-args=-E testUsdReferenceAssemblySelection|testUsdMayaAppDir|Python:AL_USDTransactionTests|testUsdExportAsClip,-LE interactive,--parallel 16' --stages=configure --redirect-outstream-file=False --install-location 'W:\\install\\RelWithDebInfo\\MayaUSD' 'W:\\'
Modified environment variables:
    PATH=P:\shared\Artifactory\Windows\cmake\3.14.4\c5af748\bin;C:\Python27\lib\site-packages\pywin32_system32;C:\Program Files (x86)\Microsoft Visual Studio\2017\Professional\VC\Tools\MSVC\14.16.27023\bin\HostX64\x64;C:\Program Files (x86)\Microsoft Visual Studio\2017\Professional\Common7\IDE\VC\VCPackages;C:\Program Files (x86)\Microsoft Visual Studio\2017\Professional\Common7\IDE\CommonExtensions\Microsoft\TestWindow;C:\Program Files (x86)\Microsoft Visual Studio\2017\Professional\Common7\IDE\CommonExtensions\Microsoft\TeamFoundation\Team Explorer;C:\Program Files (x86)\Microsoft Visual Studio\2017\Professional\MSBuild\15.0\bin\Roslyn;C:\Program Files (x86)\Microsoft Visual Studio\2017\Professional\Team Tools\Performance Tools\x64;C:\Program Files (x86)\Microsoft Visual Studio\2017\Professional\Team Tools\Performance Tools;C:\Program Files (x86)\Microsoft Visual Studio\Shared\Common\VSPerfCollectionTools\\x64;C:\Program Files (x86)\Microsoft Visual Studio\Shared\Common\VSPerfCollectionTools\;C:\Program Files (x86)\Microsoft SDKs\Windows\v10.0A\bin\NETFX 4.6.1 Tools\x64\;C:\Program Files (x86)\HTML Help Workshop;C:\Program Files (x86)\Windows Kits\10\bin\10.0.18362.0\x64;C:\Program Files (x86)\Windows Kits\10\bin\x64;C:\Program Files (x86)\Microsoft Visual Studio\2017\Professional\\MSBuild\15.0\bin;C:\WINDOWS\Microsoft.NET\Framework64\v4.0.30319;C:\Program Files (x86)\Microsoft Visual Studio\2017\Professional\Common7\IDE\;C:\Program Files (x86)\Microsoft Visual Studio\2017\Professional\Common7\Tools\;C:\Python27\;C:\Python27\Scripts;C:\WINDOWS\system32;C:\WINDOWS;C:\WINDOWS\System32\Wbem;C:\WINDOWS\System32\WindowsPowerShell\v1.0\;C:\WINDOWS\System32\OpenSSH\;C:\ProgramData\chocolatey\bin;C:\Program Files (x86)\WiX Toolset v3.7\bin;C:\Program Files\dotnet\;C:\Program Files (x86)\Windows Kits\10\bin\10.0.18362.0\x64;C:\Program Files\Zulu\zulu-11\bin\;C:\Program Files (x86)\Windows Kits\10\bin\10.0.17763.0\x64;C:\Program Files (x86)\Windows Kits\10\bin\x64;C:\Program Files\Git\cmd;C:\Program Files\Git\usr\bin;C:\Program Files\Git\mingw64\bin;C:\Program Files\Git\bin;C:\Python38\;C:\Python38\Scripts;C:\StoreBoxClientWindows;C:\Program Files\Electric Cloud\ElectricCommander\bin;C:\Program Files\WinRAR;C:\Program Files\7-Zip;C:\Users\Administrator\AppData\Local\Microsoft\WindowsApps;C:\Program Files (x86)\Microsoft Visual Studio\2017\Professional\Common7\IDE\CommonExtensions\Microsoft\CMake\CMake\bin;C:\Program Files (x86)\Microsoft Visual Studio\2017\Professional\Common7\IDE\CommonExtensions\Microsoft\CMake\Ninja
    -- The C compiler identification is MSVC 19.16.27032.1
    -- The CXX compiler identification is MSVC 19.16.27032.1
    -- Check for working C compiler: C:/Program Files (x86)/Microsoft Visual Studio/2017/Professional/VC/Tools/MSVC/14.16.27023/bin/Hostx64/x64/cl.exe
    -- Check for working C compiler: C:/Program Files (x86)/Microsoft Visual Studio/2017/Professional/VC/Tools/MSVC/14.16.27023/bin/Hostx64/x64/cl.exe -- works
    -- Detecting C compiler ABI info
    -- Detecting C compiler ABI info - done
    -- Detecting C compile features
    -- Detecting C compile features - done
    -- Check for working CXX compiler: C:/Program Files (x86)/Microsoft Visual Studio/2017/Professional/VC/Tools/MSVC/14.16.27023/bin/Hostx64/x64/cl.exe
    -- Check for working CXX compiler: C:/Program Files (x86)/Microsoft Visual Studio/2017/Professional/VC/Tools/MSVC/14.16.27023/bin/Hostx64/x64/cl.exe -- works
    -- Detecting CXX compiler ABI info
    -- Detecting CXX compiler ABI info - done
    -- Detecting CXX compile features
    -- Detecting CXX compile features - done
    -- Found Python: P:/shared/Artifactory/Windows/rundev-2022/202110081415/runtime/49cd765/runTime/bin/mayapy2.exe (found suitable exact version "2.7.11") found components:  Interpreter
    -- Build MayaUSD with Python3 = OFF
    --    PYTHON_INCLUDE_DIRS = P:/shared/Artifactory/Windows/rundev-2022/202110081415/runtime/49cd765/runTime/include/Python27/Python
    --    PYTHON_LIBRARIES    = P:/shared/Artifactory/Windows/rundev-2022/202110081415/runtime/49cd765/runTime/lib/python27.lib
    --    Python_EXECUTABLE   = P:/shared/Artifactory/Windows/rundev-2022/202110081415/runtime/49cd765/runTime/bin/mayapy2.exe
    -- Using Maya Light API Version 2
    -- Maya has setDefaultMaterialHandling API
    -- Maya has new point snapping API
    -- Found Maya: P:/shared/Artifactory/Windows/rundev-2022/202110081415/runtime/49cd765/runTime/bin/maya.exe (found suitable version "2022", minimum required is "2018")
    -- USD include dir: P:/shared/Artifactory/Windows/USD/4ae4ff5/include
    -- USD library dir: P:/shared/Artifactory/Windows/USD/4ae4ff5/lib
    -- USD version: 0.21.8
    -- USD Boost::boost version: 107000
    -- Found USD: P:/shared/Artifactory/Windows/USD/4ae4ff5 (found suitable version "0.21.8", minimum required is "0.20.05")
    Updated PYTHONPATH: P:\shared\Artifactory\Windows\USD\4ae4ff5\lib\python
    Updated PATH: P:\shared\Artifactory\Windows\rundev-2022\202110081415\runtime\49cd765\runTime\bin;P:\shared\Artifactory\Windows\rundev-2022\202110081415\runtime\49cd765\runTime\bin2;P:\shared\Artifactory\Windows\cmake\3.14.4\c5af748\bin;C:\Python27\lib\site-packages\pywin32_system32;C:\Program Files (x86)\Microsoft Visual Studio\2017\Professional\VC\Tools\MSVC\14.16.27023\bin\HostX64\x64;C:\Program Files (x86)\Microsoft Visual Studio\2017\Professional\Common7\IDE\VC\VCPackages;C:\Program Files (x86)\Microsoft Visual Studio\2017\Professional\Common7\IDE\CommonExtensions\Microsoft\TestWindow;C:\Program Files (x86)\Microsoft Visual Studio\2017\Professional\Common7\IDE\CommonExtensions\Microsoft\TeamFoundation\Team Explorer;C:\Program Files (x86)\Microsoft Visual Studio\2017\Professional\MSBuild\15.0\bin\Roslyn;C:\Program Files (x86)\Microsoft Visual Studio\2017\Professional\Team Tools\Performance Tools\x64;C:\Program Files (x86)\Microsoft Visual Studio\2017\Professional\Team Tools\Performance Tools;C:\Program Files (x86)\Microsoft Visual Studio\Shared\Common\VSPerfCollectionTools\\x64;C:\Program Files (x86)\Microsoft Visual Studio\Shared\Common\VSPerfCollectionTools\;C:\Program Files (x86)\Microsoft SDKs\Windows\v10.0A\bin\NETFX 4.6.1 Tools\x64\;C:\Program Files (x86)\HTML Help Workshop;C:\Program Files (x86)\Windows Kits\10\bin\10.0.18362.0\x64;C:\Program Files (x86)\Windows Kits\10\bin\x64;C:\Program Files (x86)\Microsoft Visual Studio\2017\Professional\\MSBuild\15.0\bin;C:\WINDOWS\Microsoft.NET\Framework64\v4.0.30319;C:\Program Files (x86)\Microsoft Visual Studio\2017\Professional\Common7\IDE\;C:\Program Files (x86)\Microsoft Visual Studio\2017\Professional\Common7\Tools\;C:\Python27\;C:\Python27\Scripts;C:\WINDOWS\system32;C:\WINDOWS;C:\WINDOWS\System32\Wbem;C:\WINDOWS\System32\WindowsPowerShell\v1.0\;C:\WINDOWS\System32\OpenSSH\;C:\ProgramData\chocolatey\bin;C:\Program Files (x86)\WiX Toolset v3.7\bin;C:\Program Files\dotnet\;C:\Program Files (x86)\Windows Kits\10\bin\10.0.18362.0\x64;C:\Program Files\Zulu\zulu-11\bin\;C:\Program Files (x86)\Windows Kits\10\bin\10.0.17763.0\x64;C:\Program Files (x86)\Windows Kits\10\bin\x64;C:\Program Files\Git\cmd;C:\Program Files\Git\usr\bin;C:\Program Files\Git\mingw64\bin;C:\Program Files\Git\bin;C:\Python38\;C:\Python38\Scripts;C:\StoreBoxClientWindows;C:\Program Files\Electric Cloud\ElectricCommander\bin;C:\Program Files\WinRAR;C:\Program Files\7-Zip;C:\Users\Administrator\AppData\Local\Microsoft\WindowsApps;C:\Program Files (x86)\Microsoft Visual Studio\2017\Professional\Common7\IDE\CommonExtensions\Microsoft\CMake\CMake\bin;C:\Program Files (x86)\Microsoft Visual Studio\2017\Professional\Common7\IDE\CommonExtensions\Microsoft\CMake\Ninja;P:\shared\Artifactory\Windows\USD\4ae4ff5\bin;P:\shared\Artifactory\Windows\USD\4ae4ff5\lib
    -- UFE include dir: P:/shared/Artifactory/Windows/rundev-2022/202110081415/runtime/49cd765/devkitBase/devkit/ufe/include
    -- UFE library: P:/shared/Artifactory/Windows/rundev-2022/202110081415/runtime/49cd765/devkitBase/devkit/ufe/lib/ufe_2.lib
    -- UFE version: 2.0.3
    -- Building with UFE 2.0.3 features enabled.
    -- Building with Qt features enabled.
    -- **** Building Gulark From Github Repository.
    -- Populating gulark
    -- Configuring done
    -- Generating done
    -- Build files have been written to: W:/build/RelWithDebInfo/_deps/gulark-subbuild
    [1/9] Creating directories for 'gulark-populate'
    [1/9] Performing download step (git clone) for 'gulark-populate'
    Cloning into 'gulark-src'...
    HEAD is now at 4e21ab3 Version bump and updated readme.
    [2/9] Performing update step for 'gulark-populate'
    [3/9] No patch step for 'gulark-populate'
    [5/9] No configure step for 'gulark-populate'
    [6/9] No build step for 'gulark-populate'
    [7/9] No install step for 'gulark-populate'
    [8/9] No test step for 'gulark-populate'
    [9/9] Completed 'gulark-populate'
    -- ========== Installing GoogleTest... ==========
    -- Configuring done
    -- Generating done
    -- Build files have been written to: W:/build/RelWithDebInfo/googletest-config
    [1/8] Creating directories for 'googletest'
    [2/8] Performing download step (git clone) for 'googletest'
    Cloning into 'googletest-src'...
    HEAD is now at 703bd9ca Googletest export
    [3/8] No patch step for 'googletest'
    [4/8] Performing update step for 'googletest'
    [5/8] Performing configure step for 'googletest'
    -- The C compiler identification is MSVC 19.16.27032.1
    -- The CXX compiler identification is MSVC 19.16.27032.1
    -- Check for working C compiler: C:/Program Files (x86)/Microsoft Visual Studio/2017/Professional/VC/Tools/MSVC/14.16.27023/bin/Hostx64/x64/cl.exe
    -- Check for working C compiler: C:/Program Files (x86)/Microsoft Visual Studio/2017/Professional/VC/Tools/MSVC/14.16.27023/bin/Hostx64/x64/cl.exe -- works
    -- Detecting C compiler ABI info
    -- Detecting C compiler ABI info - done
    -- Detecting C compile features
    -- Detecting C compile features - done
    -- Check for working CXX compiler: C:/Program Files (x86)/Microsoft Visual Studio/2017/Professional/VC/Tools/MSVC/14.16.27023/bin/Hostx64/x64/cl.exe
    -- Check for working CXX compiler: C:/Program Files (x86)/Microsoft Visual Studio/2017/Professional/VC/Tools/MSVC/14.16.27023/bin/Hostx64/x64/cl.exe -- works
    -- Detecting CXX compiler ABI info
    -- Detecting CXX compiler ABI info - done
    -- Detecting CXX compile features
    -- Detecting CXX compile features - done
    -- Found PythonInterp: C:/Python27/python.exe (found version "2.7.18")
    -- Looking for pthread.h
    -- Looking for pthread.h - not found
    -- Found Threads: TRUE
    -- Configuring done
    -- Generating done
    -- Build files have been written to: W:/build/RelWithDebInfo/googletest-build
    [6/8] Performing build step for 'googletest'
    [1/11] Building CXX object googletest\CMakeFiles\gtest_main.dir\src\gtest_main.cc.obj
    [2/11] Building CXX object googlemock\CMakeFiles\gmock_main.dir\src\gmock_main.cc.obj
    [3/11] Building CXX object googlemock\CMakeFiles\gmock.dir\src\gmock-all.cc.obj
    [4/11] Building CXX object googlemock\CMakeFiles\gmock_main.dir\src\gmock-all.cc.obj
    [5/11] Building CXX object googletest\CMakeFiles\gtest.dir\src\gtest-all.cc.obj
    [6/11] Building CXX object googlemock\CMakeFiles\gmock.dir\__\googletest\src\gtest-all.cc.obj
    [7/11] Building CXX object googlemock\CMakeFiles\gmock_main.dir\__\googletest\src\gtest-all.cc.obj
    [8/11] Linking CXX shared library bin\gtest.dll
       Creating library lib\gtest.lib and object lib\gtest.exp
       Creating library lib\gtest.lib and object lib\gtest.exp
    [9/11] Linking CXX shared library bin\gmock.dll
       Creating library lib\gmock.lib and object lib\gmock.exp
       Creating library lib\gmock.lib and object lib\gmock.exp
    [10/11] Linking CXX shared library bin\gmock_main.dll
       Creating library lib\gmock_main.lib and object lib\gmock_main.exp
       Creating library lib\gmock_main.lib and object lib\gmock_main.exp
    [11/11] Linking CXX shared library bin\gtest_main.dll
       Creating library lib\gtest_main.lib and object lib\gtest_main.exp
       Creating library lib\gtest_main.lib and object lib\gtest_main.exp
    [7/8] Performing install step for 'googletest'
    [0/1] Install the project...
    -- Install configuration: "RelWithDebInfo"
    -- Installing: W:/build/RelWithDebInfo/googletest-install/include
    -- Installing: W:/build/RelWithDebInfo/googletest-install/include/gmock
    -- Installing: W:/build/RelWithDebInfo/googletest-install/include/gmock/gmock-actions.h
    -- Installing: W:/build/RelWithDebInfo/googletest-install/include/gmock/gmock-cardinalities.h
    -- Installing: W:/build/RelWithDebInfo/googletest-install/include/gmock/gmock-function-mocker.h
    -- Installing: W:/build/RelWithDebInfo/googletest-install/include/gmock/gmock-generated-actions.h
    -- Installing: W:/build/RelWithDebInfo/googletest-install/include/gmock/gmock-generated-actions.h.pump
    -- Installing: W:/build/RelWithDebInfo/googletest-install/include/gmock/gmock-generated-function-mockers.h
    -- Installing: W:/build/RelWithDebInfo/googletest-install/include/gmock/gmock-generated-function-mockers.h.pump
    -- Installing: W:/build/RelWithDebInfo/googletest-install/include/gmock/gmock-generated-matchers.h
    -- Installing: W:/build/RelWithDebInfo/googletest-install/include/gmock/gmock-generated-matchers.h.pump
    -- Installing: W:/build/RelWithDebInfo/googletest-install/include/gmock/gmock-matchers.h
    -- Installing: W:/build/RelWithDebInfo/googletest-install/include/gmock/gmock-more-actions.h
    -- Installing: W:/build/RelWithDebInfo/googletest-install/include/gmock/gmock-more-matchers.h
    -- Installing: W:/build/RelWithDebInfo/googletest-install/include/gmock/gmock-nice-strict.h
    -- Installing: W:/build/RelWithDebInfo/googletest-install/include/gmock/gmock-spec-builders.h
    -- Installing: W:/build/RelWithDebInfo/googletest-install/include/gmock/gmock.h
    -- Installing: W:/build/RelWithDebInfo/googletest-install/include/gmock/internal
    -- Installing: W:/build/RelWithDebInfo/googletest-install/include/gmock/internal/custom
    -- Installing: W:/build/RelWithDebInfo/googletest-install/include/gmock/internal/custom/gmock-generated-actions.h
    -- Installing: W:/build/RelWithDebInfo/googletest-install/include/gmock/internal/custom/gmock-generated-actions.h.pump
    -- Installing: W:/build/RelWithDebInfo/googletest-install/include/gmock/internal/custom/gmock-matchers.h
    -- Installing: W:/build/RelWithDebInfo/googletest-install/include/gmock/internal/custom/gmock-port.h
    -- Installing: W:/build/RelWithDebInfo/googletest-install/include/gmock/internal/custom/README.md
    -- Installing: W:/build/RelWithDebInfo/googletest-install/include/gmock/internal/gmock-internal-utils.h
    -- Installing: W:/build/RelWithDebInfo/googletest-install/include/gmock/internal/gmock-port.h
    -- Installing: W:/build/RelWithDebInfo/googletest-install/include/gmock/internal/gmock-pp.h
    -- Installing: W:/build/RelWithDebInfo/googletest-install/lib/gmock.lib
    -- Installing: W:/build/RelWithDebInfo/googletest-install/bin/gmock.dll
    -- Installing: W:/build/RelWithDebInfo/googletest-install/lib/gmock_main.lib
    -- Installing: W:/build/RelWithDebInfo/googletest-install/bin/gmock_main.dll
    -- Installing: W:/build/RelWithDebInfo/googletest-install/lib/pkgconfig/gmock.pc
    -- Installing: W:/build/RelWithDebInfo/googletest-install/lib/pkgconfig/gmock_main.pc
    -- Installing: W:/build/RelWithDebInfo/googletest-install/lib/cmake/GTest/GTestTargets.cmake
    -- Installing: W:/build/RelWithDebInfo/googletest-install/lib/cmake/GTest/GTestTargets-relwithdebinfo.cmake
    -- Installing: W:/build/RelWithDebInfo/googletest-install/lib/cmake/GTest/GTestConfigVersion.cmake
    -- Installing: W:/build/RelWithDebInfo/googletest-install/lib/cmake/GTest/GTestConfig.cmake
    -- Up-to-date: W:/build/RelWithDebInfo/googletest-install/include
    -- Installing: W:/build/RelWithDebInfo/googletest-install/include/gtest
    -- Installing: W:/build/RelWithDebInfo/googletest-install/include/gtest/gtest-death-test.h
    -- Installing: W:/build/RelWithDebInfo/googletest-install/include/gtest/gtest-matchers.h
    -- Installing: W:/build/RelWithDebInfo/googletest-install/include/gtest/gtest-message.h
    -- Installing: W:/build/RelWithDebInfo/googletest-install/include/gtest/gtest-param-test.h
    -- Installing: W:/build/RelWithDebInfo/googletest-install/include/gtest/gtest-printers.h
    -- Installing: W:/build/RelWithDebInfo/googletest-install/include/gtest/gtest-spi.h
    -- Installing: W:/build/RelWithDebInfo/googletest-install/include/gtest/gtest-test-part.h
    -- Installing: W:/build/RelWithDebInfo/googletest-install/include/gtest/gtest-typed-test.h
    -- Installing: W:/build/RelWithDebInfo/googletest-install/include/gtest/gtest.h
    -- Installing: W:/build/RelWithDebInfo/googletest-install/include/gtest/gtest_pred_impl.h
    -- Installing: W:/build/RelWithDebInfo/googletest-install/include/gtest/gtest_prod.h
    -- Installing: W:/build/RelWithDebInfo/googletest-install/include/gtest/internal
    -- Installing: W:/build/RelWithDebInfo/googletest-install/include/gtest/internal/custom
    -- Installing: W:/build/RelWithDebInfo/googletest-install/include/gtest/internal/custom/gtest-port.h
    -- Installing: W:/build/RelWithDebInfo/googletest-install/include/gtest/internal/custom/gtest-printers.h
    -- Installing: W:/build/RelWithDebInfo/googletest-install/include/gtest/internal/custom/gtest.h
    -- Installing: W:/build/RelWithDebInfo/googletest-install/include/gtest/internal/custom/README.md
    -- Installing: W:/build/RelWithDebInfo/googletest-install/include/gtest/internal/gtest-death-test-internal.h
    -- Installing: W:/build/RelWithDebInfo/googletest-install/include/gtest/internal/gtest-filepath.h
    -- Installing: W:/build/RelWithDebInfo/googletest-install/include/gtest/internal/gtest-internal.h
    -- Installing: W:/build/RelWithDebInfo/googletest-install/include/gtest/internal/gtest-param-util.h
    -- Installing: W:/build/RelWithDebInfo/googletest-install/include/gtest/internal/gtest-port-arch.h
    -- Installing: W:/build/RelWithDebInfo/googletest-install/include/gtest/internal/gtest-port.h
    -- Installing: W:/build/RelWithDebInfo/googletest-install/include/gtest/internal/gtest-string.h
    -- Installing: W:/build/RelWithDebInfo/googletest-install/include/gtest/internal/gtest-type-util.h
    -- Installing: W:/build/RelWithDebInfo/googletest-install/include/gtest/internal/gtest-type-util.h.pump
    -- Installing: W:/build/RelWithDebInfo/googletest-install/lib/gtest.lib
    -- Installing: W:/build/RelWithDebInfo/googletest-install/bin/gtest.dll
    -- Installing: W:/build/RelWithDebInfo/googletest-install/lib/gtest_main.lib
    -- Installing: W:/build/RelWithDebInfo/googletest-install/bin/gtest_main.dll
    -- Installing: W:/build/RelWithDebInfo/googletest-install/lib/pkgconfig/gtest.pc
    -- Installing: W:/build/RelWithDebInfo/googletest-install/lib/pkgconfig/gtest_main.pc
    [8/8] Completed 'googletest'
    -- ========== ...  GoogleTest installed. ==========
    -- MAYA_HAS_DEFAULT_MATERIAL_API is TRUE
    -- MAYA_NEW_POINT_SNAPPING_SUPPORT is TRUE
    -- MAYA_HAS_CRASH_DETECTION is FALSE
    -- MAYA_CURRENT_UFE_CAMERA_SUPPORT is FALSE
    -- MAYA_MRENDERITEM_UFE_IDENTIFIER_SUPPORT is FALSE
    -- promoting: S:/jenkins/workspace/ecg-mayausd-branch-preflight-2022-windows/ecg-maya-usd/maya-usd/lib/mayaUsd/base/mayaUsd.h.src
    -- promoting: S:/jenkins/workspace/ecg-mayausd-branch-preflight-2022-windows/ecg-maya-usd/maya-usd/lib/mayaUsd/base/api.h
    -- promoting: S:/jenkins/workspace/ecg-mayausd-branch-preflight-2022-windows/ecg-maya-usd/maya-usd/lib/mayaUsd/base/debugCodes.h
    -- promoting: S:/jenkins/workspace/ecg-mayausd-branch-preflight-2022-windows/ecg-maya-usd/maya-usd/lib/mayaUsd/base/id.h
    -- promoting: S:/jenkins/workspace/ecg-mayausd-branch-preflight-2022-windows/ecg-maya-usd/maya-usd/lib/mayaUsd/base/syncId.h
    -- promoting: S:/jenkins/workspace/ecg-mayausd-branch-preflight-2022-windows/ecg-maya-usd/maya-usd/lib/mayaUsd/base/tokens.h
    -- promoting: S:/jenkins/workspace/ecg-mayausd-branch-preflight-2022-windows/ecg-maya-usd/maya-usd/lib/mayaUsd/commands/abstractLayerEditorWindow.h
    -- promoting: S:/jenkins/workspace/ecg-mayausd-branch-preflight-2022-windows/ecg-maya-usd/maya-usd/lib/mayaUsd/commands/baseExportCommand.h
    -- promoting: S:/jenkins/workspace/ecg-mayausd-branch-preflight-2022-windows/ecg-maya-usd/maya-usd/lib/mayaUsd/commands/baseImportCommand.h
    -- promoting: S:/jenkins/workspace/ecg-mayausd-branch-preflight-2022-windows/ecg-maya-usd/maya-usd/lib/mayaUsd/commands/baseListShadingModesCommand.h
    -- promoting: S:/jenkins/workspace/ecg-mayausd-branch-preflight-2022-windows/ecg-maya-usd/maya-usd/lib/mayaUsd/commands/editTargetCommand.h
    -- promoting: S:/jenkins/workspace/ecg-mayausd-branch-preflight-2022-windows/ecg-maya-usd/maya-usd/lib/mayaUsd/commands/layerEditorCommand.h
    -- promoting: S:/jenkins/workspace/ecg-mayausd-branch-preflight-2022-windows/ecg-maya-usd/maya-usd/lib/mayaUsd/commands/layerEditorWindowCommand.h
    -- promoting: S:/jenkins/workspace/ecg-mayausd-branch-preflight-2022-windows/ecg-maya-usd/maya-usd/lib/mayaUsd/fileio/fallbackPrimReader.h
    -- promoting: S:/jenkins/workspace/ecg-mayausd-branch-preflight-2022-windows/ecg-maya-usd/maya-usd/lib/mayaUsd/fileio/functorPrimReader.h
    -- promoting: S:/jenkins/workspace/ecg-mayausd-branch-preflight-2022-windows/ecg-maya-usd/maya-usd/lib/mayaUsd/fileio/functorPrimWriter.h
    -- promoting: S:/jenkins/workspace/ecg-mayausd-branch-preflight-2022-windows/ecg-maya-usd/maya-usd/lib/mayaUsd/fileio/importData.h
    -- promoting: S:/jenkins/workspace/ecg-mayausd-branch-preflight-2022-windows/ecg-maya-usd/maya-usd/lib/mayaUsd/fileio/instancedNodeWriter.h
    -- promoting: S:/jenkins/workspace/ecg-mayausd-branch-preflight-2022-windows/ecg-maya-usd/maya-usd/lib/mayaUsd/fileio/primReader.h
    -- promoting: S:/jenkins/workspace/ecg-mayausd-branch-preflight-2022-windows/ecg-maya-usd/maya-usd/lib/mayaUsd/fileio/primReaderArgs.h
    -- promoting: S:/jenkins/workspace/ecg-mayausd-branch-preflight-2022-windows/ecg-maya-usd/maya-usd/lib/mayaUsd/fileio/primReaderContext.h
    -- promoting: S:/jenkins/workspace/ecg-mayausd-branch-preflight-2022-windows/ecg-maya-usd/maya-usd/lib/mayaUsd/fileio/primReaderRegistry.h
    -- promoting: S:/jenkins/workspace/ecg-mayausd-branch-preflight-2022-windows/ecg-maya-usd/maya-usd/lib/mayaUsd/fileio/primUpdater.h
    -- promoting: S:/jenkins/workspace/ecg-mayausd-branch-preflight-2022-windows/ecg-maya-usd/maya-usd/lib/mayaUsd/fileio/primUpdaterContext.h
    -- promoting: S:/jenkins/workspace/ecg-mayausd-branch-preflight-2022-windows/ecg-maya-usd/maya-usd/lib/mayaUsd/fileio/primUpdaterRegistry.h
    -- promoting: S:/jenkins/workspace/ecg-mayausd-branch-preflight-2022-windows/ecg-maya-usd/maya-usd/lib/mayaUsd/fileio/primWriter.h
    -- promoting: S:/jenkins/workspace/ecg-mayausd-branch-preflight-2022-windows/ecg-maya-usd/maya-usd/lib/mayaUsd/fileio/primWriterArgs.h
    -- promoting: S:/jenkins/workspace/ecg-mayausd-branch-preflight-2022-windows/ecg-maya-usd/maya-usd/lib/mayaUsd/fileio/primWriterContext.h
    -- promoting: S:/jenkins/workspace/ecg-mayausd-branch-preflight-2022-windows/ecg-maya-usd/maya-usd/lib/mayaUsd/fileio/primWriterRegistry.h
    -- promoting: S:/jenkins/workspace/ecg-mayausd-branch-preflight-2022-windows/ecg-maya-usd/maya-usd/lib/mayaUsd/fileio/registryHelper.h
    -- promoting: S:/jenkins/workspace/ecg-mayausd-branch-preflight-2022-windows/ecg-maya-usd/maya-usd/lib/mayaUsd/fileio/shaderReader.h
    -- promoting: S:/jenkins/workspace/ecg-mayausd-branch-preflight-2022-windows/ecg-maya-usd/maya-usd/lib/mayaUsd/fileio/shaderReaderRegistry.h
    -- promoting: S:/jenkins/workspace/ecg-mayausd-branch-preflight-2022-windows/ecg-maya-usd/maya-usd/lib/mayaUsd/fileio/shaderWriter.h
    -- promoting: S:/jenkins/workspace/ecg-mayausd-branch-preflight-2022-windows/ecg-maya-usd/maya-usd/lib/mayaUsd/fileio/shaderWriterRegistry.h
    -- promoting: S:/jenkins/workspace/ecg-mayausd-branch-preflight-2022-windows/ecg-maya-usd/maya-usd/lib/mayaUsd/fileio/transformWriter.h
    -- promoting: S:/jenkins/workspace/ecg-mayausd-branch-preflight-2022-windows/ecg-maya-usd/maya-usd/lib/mayaUsd/fileio/writeJobContext.h
    -- promoting: S:/jenkins/workspace/ecg-mayausd-branch-preflight-2022-windows/ecg-maya-usd/maya-usd/lib/mayaUsd/fileio/chaser/exportChaser.h
    -- promoting: S:/jenkins/workspace/ecg-mayausd-branch-preflight-2022-windows/ecg-maya-usd/maya-usd/lib/mayaUsd/fileio/chaser/exportChaserRegistry.h
    -- promoting: S:/jenkins/workspace/ecg-mayausd-branch-preflight-2022-windows/ecg-maya-usd/maya-usd/lib/mayaUsd/fileio/chaser/importChaserRegistry.h
    -- promoting: S:/jenkins/workspace/ecg-mayausd-branch-preflight-2022-windows/ecg-maya-usd/maya-usd/lib/mayaUsd/fileio/chaser/importChaser.h
    -- promoting: S:/jenkins/workspace/ecg-mayausd-branch-preflight-2022-windows/ecg-maya-usd/maya-usd/lib/mayaUsd/fileio/jobs/jobArgs.h
    -- promoting: S:/jenkins/workspace/ecg-mayausd-branch-preflight-2022-windows/ecg-maya-usd/maya-usd/lib/mayaUsd/fileio/jobs/modelKindProcessor.h
    -- promoting: S:/jenkins/workspace/ecg-mayausd-branch-preflight-2022-windows/ecg-maya-usd/maya-usd/lib/mayaUsd/fileio/jobs/readJob.h
    -- promoting: S:/jenkins/workspace/ecg-mayausd-branch-preflight-2022-windows/ecg-maya-usd/maya-usd/lib/mayaUsd/fileio/jobs/writeJob.h
    -- promoting: S:/jenkins/workspace/ecg-mayausd-branch-preflight-2022-windows/ecg-maya-usd/maya-usd/lib/mayaUsd/fileio/shading/rfmShaderMap.h
    -- promoting: S:/jenkins/workspace/ecg-mayausd-branch-preflight-2022-windows/ecg-maya-usd/maya-usd/lib/mayaUsd/fileio/shading/shadingModeExporter.h
    -- promoting: S:/jenkins/workspace/ecg-mayausd-branch-preflight-2022-windows/ecg-maya-usd/maya-usd/lib/mayaUsd/fileio/shading/shadingModeExporterContext.h
    -- promoting: S:/jenkins/workspace/ecg-mayausd-branch-preflight-2022-windows/ecg-maya-usd/maya-usd/lib/mayaUsd/fileio/shading/shadingModeImporter.h
    -- promoting: S:/jenkins/workspace/ecg-mayausd-branch-preflight-2022-windows/ecg-maya-usd/maya-usd/lib/mayaUsd/fileio/shading/shadingModeRegistry.h
    -- promoting: S:/jenkins/workspace/ecg-mayausd-branch-preflight-2022-windows/ecg-maya-usd/maya-usd/lib/mayaUsd/fileio/shading/symmetricShaderReader.h
    -- promoting: S:/jenkins/workspace/ecg-mayausd-branch-preflight-2022-windows/ecg-maya-usd/maya-usd/lib/mayaUsd/fileio/shading/symmetricShaderWriter.h
    -- promoting: S:/jenkins/workspace/ecg-mayausd-branch-preflight-2022-windows/ecg-maya-usd/maya-usd/lib/mayaUsd/fileio/translators/skelBindingsProcessor.h
    -- promoting: S:/jenkins/workspace/ecg-mayausd-branch-preflight-2022-windows/ecg-maya-usd/maya-usd/lib/mayaUsd/fileio/translators/translatorCamera.h
    -- promoting: S:/jenkins/workspace/ecg-mayausd-branch-preflight-2022-windows/ecg-maya-usd/maya-usd/lib/mayaUsd/fileio/translators/translatorCurves.h
    -- promoting: S:/jenkins/workspace/ecg-mayausd-branch-preflight-2022-windows/ecg-maya-usd/maya-usd/lib/mayaUsd/fileio/translators/translatorGprim.h
    -- promoting: S:/jenkins/workspace/ecg-mayausd-branch-preflight-2022-windows/ecg-maya-usd/maya-usd/lib/mayaUsd/fileio/translators/translatorLight.h
    -- promoting: S:/jenkins/workspace/ecg-mayausd-branch-preflight-2022-windows/ecg-maya-usd/maya-usd/lib/mayaUsd/fileio/translators/translatorMaterial.h
    -- promoting: S:/jenkins/workspace/ecg-mayausd-branch-preflight-2022-windows/ecg-maya-usd/maya-usd/lib/mayaUsd/fileio/translators/translatorMayaReference.h
    -- promoting: S:/jenkins/workspace/ecg-mayausd-branch-preflight-2022-windows/ecg-maya-usd/maya-usd/lib/mayaUsd/fileio/translators/translatorMesh.h
    -- promoting: S:/jenkins/workspace/ecg-mayausd-branch-preflight-2022-windows/ecg-maya-usd/maya-usd/lib/mayaUsd/fileio/translators/translatorNurbsPatch.h
    -- promoting: S:/jenkins/workspace/ecg-mayausd-branch-preflight-2022-windows/ecg-maya-usd/maya-usd/lib/mayaUsd/fileio/translators/translatorPrim.h
    -- promoting: S:/jenkins/workspace/ecg-mayausd-branch-preflight-2022-windows/ecg-maya-usd/maya-usd/lib/mayaUsd/fileio/translators/translatorRfMLight.h
    -- promoting: S:/jenkins/workspace/ecg-mayausd-branch-preflight-2022-windows/ecg-maya-usd/maya-usd/lib/mayaUsd/fileio/translators/translatorSkel.h
    -- promoting: S:/jenkins/workspace/ecg-mayausd-branch-preflight-2022-windows/ecg-maya-usd/maya-usd/lib/mayaUsd/fileio/translators/translatorUtil.h
    -- promoting: S:/jenkins/workspace/ecg-mayausd-branch-preflight-2022-windows/ecg-maya-usd/maya-usd/lib/mayaUsd/fileio/translators/translatorXformable.h
    -- promoting: S:/jenkins/workspace/ecg-mayausd-branch-preflight-2022-windows/ecg-maya-usd/maya-usd/lib/mayaUsd/fileio/utils/adaptor.h
    -- promoting: S:/jenkins/workspace/ecg-mayausd-branch-preflight-2022-windows/ecg-maya-usd/maya-usd/lib/mayaUsd/fileio/utils/jointWriteUtils.h
    -- promoting: S:/jenkins/workspace/ecg-mayausd-branch-preflight-2022-windows/ecg-maya-usd/maya-usd/lib/mayaUsd/fileio/utils/meshReadUtils.h
    -- promoting: S:/jenkins/workspace/ecg-mayausd-branch-preflight-2022-windows/ecg-maya-usd/maya-usd/lib/mayaUsd/fileio/utils/meshWriteUtils.h
    -- promoting: S:/jenkins/workspace/ecg-mayausd-branch-preflight-2022-windows/ecg-maya-usd/maya-usd/lib/mayaUsd/fileio/utils/readUtil.h
    -- promoting: S:/jenkins/workspace/ecg-mayausd-branch-preflight-2022-windows/ecg-maya-usd/maya-usd/lib/mayaUsd/fileio/utils/roundTripUtil.h
    -- promoting: S:/jenkins/workspace/ecg-mayausd-branch-preflight-2022-windows/ecg-maya-usd/maya-usd/lib/mayaUsd/fileio/utils/shadingUtil.h
    -- promoting: S:/jenkins/workspace/ecg-mayausd-branch-preflight-2022-windows/ecg-maya-usd/maya-usd/lib/mayaUsd/fileio/utils/userTaggedAttribute.h
    -- promoting: S:/jenkins/workspace/ecg-mayausd-branch-preflight-2022-windows/ecg-maya-usd/maya-usd/lib/mayaUsd/fileio/utils/writeUtil.h
    -- promoting: S:/jenkins/workspace/ecg-mayausd-branch-preflight-2022-windows/ecg-maya-usd/maya-usd/lib/mayaUsd/fileio/utils/xformStack.h
    -- promoting: S:/jenkins/workspace/ecg-mayausd-branch-preflight-2022-windows/ecg-maya-usd/maya-usd/lib/mayaUsd/listeners/notice.h
    -- promoting: S:/jenkins/workspace/ecg-mayausd-branch-preflight-2022-windows/ecg-maya-usd/maya-usd/lib/mayaUsd/listeners/proxyShapeNotice.h
    -- promoting: S:/jenkins/workspace/ecg-mayausd-branch-preflight-2022-windows/ecg-maya-usd/maya-usd/lib/mayaUsd/listeners/stageNoticeListener.h
    -- promoting: S:/jenkins/workspace/ecg-mayausd-branch-preflight-2022-windows/ecg-maya-usd/maya-usd/lib/mayaUsd/nodes/hdImagingShape.h
    -- promoting: S:/jenkins/workspace/ecg-mayausd-branch-preflight-2022-windows/ecg-maya-usd/maya-usd/lib/mayaUsd/nodes/pointBasedDeformerNode.h
    -- promoting: S:/jenkins/workspace/ecg-mayausd-branch-preflight-2022-windows/ecg-maya-usd/maya-usd/lib/mayaUsd/nodes/proxyAccessor.h
    -- promoting: S:/jenkins/workspace/ecg-mayausd-branch-preflight-2022-windows/ecg-maya-usd/maya-usd/lib/mayaUsd/nodes/proxyShapeBase.h
    -- promoting: S:/jenkins/workspace/ecg-mayausd-branch-preflight-2022-windows/ecg-maya-usd/maya-usd/lib/mayaUsd/nodes/proxyShapePlugin.h
    -- promoting: S:/jenkins/workspace/ecg-mayausd-branch-preflight-2022-windows/ecg-maya-usd/maya-usd/lib/mayaUsd/nodes/proxyStageProvider.h
    -- promoting: S:/jenkins/workspace/ecg-mayausd-branch-preflight-2022-windows/ecg-maya-usd/maya-usd/lib/mayaUsd/nodes/stageData.h
    -- promoting: S:/jenkins/workspace/ecg-mayausd-branch-preflight-2022-windows/ecg-maya-usd/maya-usd/lib/mayaUsd/nodes/stageNode.h
    -- promoting: S:/jenkins/workspace/ecg-mayausd-branch-preflight-2022-windows/ecg-maya-usd/maya-usd/lib/mayaUsd/nodes/usdPrimProvider.h
    -- promoting: S:/jenkins/workspace/ecg-mayausd-branch-preflight-2022-windows/ecg-maya-usd/maya-usd/lib/mayaUsd/nodes/layerManager.h
    -- promoting: S:/jenkins/workspace/ecg-mayausd-branch-preflight-2022-windows/ecg-maya-usd/maya-usd/lib/mayaUsd/render/px_vp20/glslProgram.h
    -- promoting: S:/jenkins/workspace/ecg-mayausd-branch-preflight-2022-windows/ecg-maya-usd/maya-usd/lib/mayaUsd/render/px_vp20/utils.h
    -- promoting: S:/jenkins/workspace/ecg-mayausd-branch-preflight-2022-windows/ecg-maya-usd/maya-usd/lib/mayaUsd/render/px_vp20/utils_legacy.h
    -- promoting: S:/jenkins/workspace/ecg-mayausd-branch-preflight-2022-windows/ecg-maya-usd/maya-usd/lib/mayaUsd/render/pxrUsdMayaGL/batchRenderer.h
    -- promoting: S:/jenkins/workspace/ecg-mayausd-branch-preflight-2022-windows/ecg-maya-usd/maya-usd/lib/mayaUsd/render/pxrUsdMayaGL/debugCodes.h
    -- promoting: S:/jenkins/workspace/ecg-mayausd-branch-preflight-2022-windows/ecg-maya-usd/maya-usd/lib/mayaUsd/render/pxrUsdMayaGL/hdImagingShapeDrawOverride.h
    -- promoting: S:/jenkins/workspace/ecg-mayausd-branch-preflight-2022-windows/ecg-maya-usd/maya-usd/lib/mayaUsd/render/pxrUsdMayaGL/hdImagingShapeUI.h
    -- promoting: S:/jenkins/workspace/ecg-mayausd-branch-preflight-2022-windows/ecg-maya-usd/maya-usd/lib/mayaUsd/render/pxrUsdMayaGL/instancerImager.h
    -- promoting: S:/jenkins/workspace/ecg-mayausd-branch-preflight-2022-windows/ecg-maya-usd/maya-usd/lib/mayaUsd/render/pxrUsdMayaGL/instancerShapeAdapter.h
    -- promoting: S:/jenkins/workspace/ecg-mayausd-branch-preflight-2022-windows/ecg-maya-usd/maya-usd/lib/mayaUsd/render/pxrUsdMayaGL/proxyDrawOverride.h
    -- promoting: S:/jenkins/workspace/ecg-mayausd-branch-preflight-2022-windows/ecg-maya-usd/maya-usd/lib/mayaUsd/render/pxrUsdMayaGL/proxyShapeUI.h
    -- promoting: S:/jenkins/workspace/ecg-mayausd-branch-preflight-2022-windows/ecg-maya-usd/maya-usd/lib/mayaUsd/render/pxrUsdMayaGL/renderParams.h
    -- promoting: S:/jenkins/workspace/ecg-mayausd-branch-preflight-2022-windows/ecg-maya-usd/maya-usd/lib/mayaUsd/render/pxrUsdMayaGL/sceneDelegate.h
    -- promoting: S:/jenkins/workspace/ecg-mayausd-branch-preflight-2022-windows/ecg-maya-usd/maya-usd/lib/mayaUsd/render/pxrUsdMayaGL/shapeAdapter.h
    -- promoting: S:/jenkins/workspace/ecg-mayausd-branch-preflight-2022-windows/ecg-maya-usd/maya-usd/lib/mayaUsd/render/pxrUsdMayaGL/softSelectHelper.h
    -- promoting: S:/jenkins/workspace/ecg-mayausd-branch-preflight-2022-windows/ecg-maya-usd/maya-usd/lib/mayaUsd/render/pxrUsdMayaGL/usdProxyShapeAdapter.h
    -- promoting: S:/jenkins/workspace/ecg-mayausd-branch-preflight-2022-windows/ecg-maya-usd/maya-usd/lib/mayaUsd/render/pxrUsdMayaGL/userData.h
    -- promoting: S:/jenkins/workspace/ecg-mayausd-branch-preflight-2022-windows/ecg-maya-usd/maya-usd/lib/mayaUsd/render/vp2RenderDelegate/proxyRenderDelegate.h
    -- promoting: S:/jenkins/workspace/ecg-mayausd-branch-preflight-2022-windows/ecg-maya-usd/maya-usd/lib/mayaUsd/render/vp2ShaderFragments/shaderFragments.h
    -- promoting: S:/jenkins/workspace/ecg-mayausd-branch-preflight-2022-windows/ecg-maya-usd/maya-usd/lib/mayaUsd/ufe/Global.h
    -- promoting: S:/jenkins/workspace/ecg-mayausd-branch-preflight-2022-windows/ecg-maya-usd/maya-usd/lib/mayaUsd/ufe/ProxyShapeHandler.h
    -- promoting: S:/jenkins/workspace/ecg-mayausd-branch-preflight-2022-windows/ecg-maya-usd/maya-usd/lib/mayaUsd/ufe/ProxyShapeHierarchy.h
    -- promoting: S:/jenkins/workspace/ecg-mayausd-branch-preflight-2022-windows/ecg-maya-usd/maya-usd/lib/mayaUsd/ufe/ProxyShapeHierarchyHandler.h
    -- promoting: S:/jenkins/workspace/ecg-mayausd-branch-preflight-2022-windows/ecg-maya-usd/maya-usd/lib/mayaUsd/ufe/StagesSubject.h
    -- promoting: S:/jenkins/workspace/ecg-mayausd-branch-preflight-2022-windows/ecg-maya-usd/maya-usd/lib/mayaUsd/ufe/UsdHierarchy.h
    -- promoting: S:/jenkins/workspace/ecg-mayausd-branch-preflight-2022-windows/ecg-maya-usd/maya-usd/lib/mayaUsd/ufe/UsdHierarchyHandler.h
    -- promoting: S:/jenkins/workspace/ecg-mayausd-branch-preflight-2022-windows/ecg-maya-usd/maya-usd/lib/mayaUsd/ufe/UsdPointInstanceModifierBase.h
    -- promoting: S:/jenkins/workspace/ecg-mayausd-branch-preflight-2022-windows/ecg-maya-usd/maya-usd/lib/mayaUsd/ufe/UsdPointInstanceOrientationModifier.h
    -- promoting: S:/jenkins/workspace/ecg-mayausd-branch-preflight-2022-windows/ecg-maya-usd/maya-usd/lib/mayaUsd/ufe/UsdPointInstancePositionModifier.h
    -- promoting: S:/jenkins/workspace/ecg-mayausd-branch-preflight-2022-windows/ecg-maya-usd/maya-usd/lib/mayaUsd/ufe/UsdPointInstanceScaleModifier.h
    -- promoting: S:/jenkins/workspace/ecg-mayausd-branch-preflight-2022-windows/ecg-maya-usd/maya-usd/lib/mayaUsd/ufe/UsdRootChildHierarchy.h
    -- promoting: S:/jenkins/workspace/ecg-mayausd-branch-preflight-2022-windows/ecg-maya-usd/maya-usd/lib/mayaUsd/ufe/UsdRotatePivotTranslateUndoableCommand.h
    -- promoting: S:/jenkins/workspace/ecg-mayausd-branch-preflight-2022-windows/ecg-maya-usd/maya-usd/lib/mayaUsd/ufe/UsdRotateUndoableCommand.h
    -- promoting: S:/jenkins/workspace/ecg-mayausd-branch-preflight-2022-windows/ecg-maya-usd/maya-usd/lib/mayaUsd/ufe/UsdScaleUndoableCommand.h
    -- promoting: S:/jenkins/workspace/ecg-mayausd-branch-preflight-2022-windows/ecg-maya-usd/maya-usd/lib/mayaUsd/ufe/UsdSceneItem.h
    -- promoting: S:/jenkins/workspace/ecg-mayausd-branch-preflight-2022-windows/ecg-maya-usd/maya-usd/lib/mayaUsd/ufe/UsdSceneItemOps.h
    -- promoting: S:/jenkins/workspace/ecg-mayausd-branch-preflight-2022-windows/ecg-maya-usd/maya-usd/lib/mayaUsd/ufe/UsdSceneItemOpsHandler.h
    -- promoting: S:/jenkins/workspace/ecg-mayausd-branch-preflight-2022-windows/ecg-maya-usd/maya-usd/lib/mayaUsd/ufe/UsdStageMap.h
    -- promoting: S:/jenkins/workspace/ecg-mayausd-branch-preflight-2022-windows/ecg-maya-usd/maya-usd/lib/mayaUsd/ufe/UsdTRSUndoableCommandBase.h
    -- promoting: S:/jenkins/workspace/ecg-mayausd-branch-preflight-2022-windows/ecg-maya-usd/maya-usd/lib/mayaUsd/ufe/UsdTransform3d.h
    -- promoting: S:/jenkins/workspace/ecg-mayausd-branch-preflight-2022-windows/ecg-maya-usd/maya-usd/lib/mayaUsd/ufe/UsdTransform3dHandler.h
    -- promoting: S:/jenkins/workspace/ecg-mayausd-branch-preflight-2022-windows/ecg-maya-usd/maya-usd/lib/mayaUsd/ufe/UsdTranslateUndoableCommand.h
    -- promoting: S:/jenkins/workspace/ecg-mayausd-branch-preflight-2022-windows/ecg-maya-usd/maya-usd/lib/mayaUsd/ufe/UsdUndoDeleteCommand.h
    -- promoting: S:/jenkins/workspace/ecg-mayausd-branch-preflight-2022-windows/ecg-maya-usd/maya-usd/lib/mayaUsd/ufe/UsdUndoDuplicateCommand.h
    -- promoting: S:/jenkins/workspace/ecg-mayausd-branch-preflight-2022-windows/ecg-maya-usd/maya-usd/lib/mayaUsd/ufe/UsdUndoRenameCommand.h
    -- promoting: S:/jenkins/workspace/ecg-mayausd-branch-preflight-2022-windows/ecg-maya-usd/maya-usd/lib/mayaUsd/ufe/Utils.h
    -- promoting: S:/jenkins/workspace/ecg-mayausd-branch-preflight-2022-windows/ecg-maya-usd/maya-usd/lib/mayaUsd/ufe/UfeVersionCompat.h
    -- promoting: S:/jenkins/workspace/ecg-mayausd-branch-preflight-2022-windows/ecg-maya-usd/maya-usd/lib/mayaUsd/ufe/ProxyShapeContextOpsHandler.h
    -- promoting: S:/jenkins/workspace/ecg-mayausd-branch-preflight-2022-windows/ecg-maya-usd/maya-usd/lib/mayaUsd/ufe/RotationUtils.h
    -- promoting: S:/jenkins/workspace/ecg-mayausd-branch-preflight-2022-windows/ecg-maya-usd/maya-usd/lib/mayaUsd/ufe/UsdAttribute.h
    -- promoting: S:/jenkins/workspace/ecg-mayausd-branch-preflight-2022-windows/ecg-maya-usd/maya-usd/lib/mayaUsd/ufe/UsdAttributes.h
    -- promoting: S:/jenkins/workspace/ecg-mayausd-branch-preflight-2022-windows/ecg-maya-usd/maya-usd/lib/mayaUsd/ufe/UsdAttributesHandler.h
    -- promoting: S:/jenkins/workspace/ecg-mayausd-branch-preflight-2022-windows/ecg-maya-usd/maya-usd/lib/mayaUsd/ufe/UsdCamera.h
    -- promoting: S:/jenkins/workspace/ecg-mayausd-branch-preflight-2022-windows/ecg-maya-usd/maya-usd/lib/mayaUsd/ufe/UsdCameraHandler.h
    -- promoting: S:/jenkins/workspace/ecg-mayausd-branch-preflight-2022-windows/ecg-maya-usd/maya-usd/lib/mayaUsd/ufe/UsdContextOps.h
    -- promoting: S:/jenkins/workspace/ecg-mayausd-branch-preflight-2022-windows/ecg-maya-usd/maya-usd/lib/mayaUsd/ufe/UsdContextOpsHandler.h
    -- promoting: S:/jenkins/workspace/ecg-mayausd-branch-preflight-2022-windows/ecg-maya-usd/maya-usd/lib/mayaUsd/ufe/UsdObject3d.h
    -- promoting: S:/jenkins/workspace/ecg-mayausd-branch-preflight-2022-windows/ecg-maya-usd/maya-usd/lib/mayaUsd/ufe/UsdObject3dHandler.h
    -- promoting: S:/jenkins/workspace/ecg-mayausd-branch-preflight-2022-windows/ecg-maya-usd/maya-usd/lib/mayaUsd/ufe/UsdPointInstanceUndoableCommands.h
    -- promoting: S:/jenkins/workspace/ecg-mayausd-branch-preflight-2022-windows/ecg-maya-usd/maya-usd/lib/mayaUsd/ufe/UsdSetXformOpUndoableCommandBase.h
    -- promoting: S:/jenkins/workspace/ecg-mayausd-branch-preflight-2022-windows/ecg-maya-usd/maya-usd/lib/mayaUsd/ufe/UsdTransform3dBase.h
    -- promoting: S:/jenkins/workspace/ecg-mayausd-branch-preflight-2022-windows/ecg-maya-usd/maya-usd/lib/mayaUsd/ufe/UsdTransform3dCommonAPI.h
    -- promoting: S:/jenkins/workspace/ecg-mayausd-branch-preflight-2022-windows/ecg-maya-usd/maya-usd/lib/mayaUsd/ufe/UsdTransform3dFallbackMayaXformStack.h
    -- promoting: S:/jenkins/workspace/ecg-mayausd-branch-preflight-2022-windows/ecg-maya-usd/maya-usd/lib/mayaUsd/ufe/UsdTransform3dMatrixOp.h
    -- promoting: S:/jenkins/workspace/ecg-mayausd-branch-preflight-2022-windows/ecg-maya-usd/maya-usd/lib/mayaUsd/ufe/UsdTransform3dMayaXformStack.h
    -- promoting: S:/jenkins/workspace/ecg-mayausd-branch-preflight-2022-windows/ecg-maya-usd/maya-usd/lib/mayaUsd/ufe/UsdTransform3dPointInstance.h
    -- promoting: S:/jenkins/workspace/ecg-mayausd-branch-preflight-2022-windows/ecg-maya-usd/maya-usd/lib/mayaUsd/ufe/UsdTransform3dSetObjectMatrix.h
    -- promoting: S:/jenkins/workspace/ecg-mayausd-branch-preflight-2022-windows/ecg-maya-usd/maya-usd/lib/mayaUsd/ufe/UsdTransform3dUndoableCommands.h
    -- promoting: S:/jenkins/workspace/ecg-mayausd-branch-preflight-2022-windows/ecg-maya-usd/maya-usd/lib/mayaUsd/ufe/UsdUIInfoHandler.h
    -- promoting: S:/jenkins/workspace/ecg-mayausd-branch-preflight-2022-windows/ecg-maya-usd/maya-usd/lib/mayaUsd/ufe/UsdUIUfeObserver.h
    -- promoting: S:/jenkins/workspace/ecg-mayausd-branch-preflight-2022-windows/ecg-maya-usd/maya-usd/lib/mayaUsd/ufe/UsdUndoableCommand.h
    -- promoting: S:/jenkins/workspace/ecg-mayausd-branch-preflight-2022-windows/ecg-maya-usd/maya-usd/lib/mayaUsd/ufe/UsdUndoAddNewPrimCommand.h
    -- promoting: S:/jenkins/workspace/ecg-mayausd-branch-preflight-2022-windows/ecg-maya-usd/maya-usd/lib/mayaUsd/ufe/UsdUndoCreateGroupCommand.h
    -- promoting: S:/jenkins/workspace/ecg-mayausd-branch-preflight-2022-windows/ecg-maya-usd/maya-usd/lib/mayaUsd/ufe/UsdUndoInsertChildCommand.h
    -- promoting: S:/jenkins/workspace/ecg-mayausd-branch-preflight-2022-windows/ecg-maya-usd/maya-usd/lib/mayaUsd/ufe/UsdUndoReorderCommand.h
    -- promoting: S:/jenkins/workspace/ecg-mayausd-branch-preflight-2022-windows/ecg-maya-usd/maya-usd/lib/mayaUsd/ufe/UsdUndoSetKindCommand.h
    -- promoting: S:/jenkins/workspace/ecg-mayausd-branch-preflight-2022-windows/ecg-maya-usd/maya-usd/lib/mayaUsd/ufe/UsdUndoVisibleCommand.h
    -- promoting: S:/jenkins/workspace/ecg-mayausd-branch-preflight-2022-windows/ecg-maya-usd/maya-usd/lib/mayaUsd/ufe/XformOpUtils.h
    -- promoting: S:/jenkins/workspace/ecg-mayausd-branch-preflight-2022-windows/ecg-maya-usd/maya-usd/lib/mayaUsd/undo/UsdUndoBlock.h
    -- promoting: S:/jenkins/workspace/ecg-mayausd-branch-preflight-2022-windows/ecg-maya-usd/maya-usd/lib/mayaUsd/undo/UsdUndoManager.h
    -- promoting: S:/jenkins/workspace/ecg-mayausd-branch-preflight-2022-windows/ecg-maya-usd/maya-usd/lib/mayaUsd/undo/UsdUndoStateDelegate.h
    -- promoting: S:/jenkins/workspace/ecg-mayausd-branch-preflight-2022-windows/ecg-maya-usd/maya-usd/lib/mayaUsd/undo/UsdUndoableItem.h
    -- promoting: S:/jenkins/workspace/ecg-mayausd-branch-preflight-2022-windows/ecg-maya-usd/maya-usd/lib/mayaUsd/utils/blockSceneModificationContext.h
    -- promoting: S:/jenkins/workspace/ecg-mayausd-branch-preflight-2022-windows/ecg-maya-usd/maya-usd/lib/mayaUsd/utils/colorSpace.h
    -- promoting: S:/jenkins/workspace/ecg-mayausd-branch-preflight-2022-windows/ecg-maya-usd/maya-usd/lib/mayaUsd/utils/customLayerData.h
    -- promoting: S:/jenkins/workspace/ecg-mayausd-branch-preflight-2022-windows/ecg-maya-usd/maya-usd/lib/mayaUsd/utils/converter.h
    -- promoting: S:/jenkins/workspace/ecg-mayausd-branch-preflight-2022-windows/ecg-maya-usd/maya-usd/lib/mayaUsd/utils/diagnosticDelegate.h
    -- promoting: S:/jenkins/workspace/ecg-mayausd-branch-preflight-2022-windows/ecg-maya-usd/maya-usd/lib/mayaUsd/utils/editability.h
    -- promoting: S:/jenkins/workspace/ecg-mayausd-branch-preflight-2022-windows/ecg-maya-usd/maya-usd/lib/mayaUsd/utils/hash.h
    -- promoting: S:/jenkins/workspace/ecg-mayausd-branch-preflight-2022-windows/ecg-maya-usd/maya-usd/lib/mayaUsd/utils/query.h
    -- promoting: S:/jenkins/workspace/ecg-mayausd-branch-preflight-2022-windows/ecg-maya-usd/maya-usd/lib/mayaUsd/utils/plugRegistryHelper.h
    -- promoting: S:/jenkins/workspace/ecg-mayausd-branch-preflight-2022-windows/ecg-maya-usd/maya-usd/lib/mayaUsd/utils/selectability.h
    -- promoting: S:/jenkins/workspace/ecg-mayausd-branch-preflight-2022-windows/ecg-maya-usd/maya-usd/lib/mayaUsd/utils/stageCache.h
    -- promoting: S:/jenkins/workspace/ecg-mayausd-branch-preflight-2022-windows/ecg-maya-usd/maya-usd/lib/mayaUsd/utils/undoHelperCommand.h
    -- promoting: S:/jenkins/workspace/ecg-mayausd-branch-preflight-2022-windows/ecg-maya-usd/maya-usd/lib/mayaUsd/utils/util.h
    -- promoting: S:/jenkins/workspace/ecg-mayausd-branch-preflight-2022-windows/ecg-maya-usd/maya-usd/lib/mayaUsd/utils/utilFileSystem.h
    -- promoting: S:/jenkins/workspace/ecg-mayausd-branch-preflight-2022-windows/ecg-maya-usd/maya-usd/lib/mayaUsd/utils/utilSerialization.h
    -- promoting: S:/jenkins/workspace/ecg-mayausd-branch-preflight-2022-windows/ecg-maya-usd/maya-usd/lib/mayaUsd/render/mayaToHydra/utils.h
    -- promoting: S:/jenkins/workspace/ecg-mayausd-branch-preflight-2022-windows/ecg-maya-usd/maya-usd/lib/usd/hdMaya/api.h
    -- promoting: S:/jenkins/workspace/ecg-mayausd-branch-preflight-2022-windows/ecg-maya-usd/maya-usd/lib/usd/hdMaya/utils.h
    -- promoting: S:/jenkins/workspace/ecg-mayausd-branch-preflight-2022-windows/ecg-maya-usd/maya-usd/lib/usd/hdMaya/debugCodes.h
    -- promoting: S:/jenkins/workspace/ecg-mayausd-branch-preflight-2022-windows/ecg-maya-usd/maya-usd/lib/usd/hdMaya/adapters/adapter.h
    -- promoting: S:/jenkins/workspace/ecg-mayausd-branch-preflight-2022-windows/ecg-maya-usd/maya-usd/lib/usd/hdMaya/adapters/adapterDebugCodes.h
    -- promoting: S:/jenkins/workspace/ecg-mayausd-branch-preflight-2022-windows/ecg-maya-usd/maya-usd/lib/usd/hdMaya/adapters/adapterRegistry.h
    -- promoting: S:/jenkins/workspace/ecg-mayausd-branch-preflight-2022-windows/ecg-maya-usd/maya-usd/lib/usd/hdMaya/adapters/cameraAdapter.h
    -- promoting: S:/jenkins/workspace/ecg-mayausd-branch-preflight-2022-windows/ecg-maya-usd/maya-usd/lib/usd/hdMaya/adapters/constantShadowMatrix.h
    -- promoting: S:/jenkins/workspace/ecg-mayausd-branch-preflight-2022-windows/ecg-maya-usd/maya-usd/lib/usd/hdMaya/adapters/dagAdapter.h
    -- promoting: S:/jenkins/workspace/ecg-mayausd-branch-preflight-2022-windows/ecg-maya-usd/maya-usd/lib/usd/hdMaya/adapters/lightAdapter.h
    -- promoting: S:/jenkins/workspace/ecg-mayausd-branch-preflight-2022-windows/ecg-maya-usd/maya-usd/lib/usd/hdMaya/adapters/proxyAdapter.h
    -- promoting: S:/jenkins/workspace/ecg-mayausd-branch-preflight-2022-windows/ecg-maya-usd/maya-usd/lib/usd/hdMaya/adapters/materialAdapter.h
    -- promoting: S:/jenkins/workspace/ecg-mayausd-branch-preflight-2022-windows/ecg-maya-usd/maya-usd/lib/usd/hdMaya/adapters/materialNetworkConverter.h
    -- promoting: S:/jenkins/workspace/ecg-mayausd-branch-preflight-2022-windows/ecg-maya-usd/maya-usd/lib/usd/hdMaya/adapters/mayaAttrs.h
    -- promoting: S:/jenkins/workspace/ecg-mayausd-branch-preflight-2022-windows/ecg-maya-usd/maya-usd/lib/usd/hdMaya/adapters/shapeAdapter.h
    -- promoting: S:/jenkins/workspace/ecg-mayausd-branch-preflight-2022-windows/ecg-maya-usd/maya-usd/lib/usd/hdMaya/adapters/tokens.h
    -- promoting: S:/jenkins/workspace/ecg-mayausd-branch-preflight-2022-windows/ecg-maya-usd/maya-usd/lib/usd/hdMaya/delegates/delegate.h
    -- promoting: S:/jenkins/workspace/ecg-mayausd-branch-preflight-2022-windows/ecg-maya-usd/maya-usd/lib/usd/hdMaya/delegates/delegateCtx.h
    -- promoting: S:/jenkins/workspace/ecg-mayausd-branch-preflight-2022-windows/ecg-maya-usd/maya-usd/lib/usd/hdMaya/delegates/delegateDebugCodes.h
    -- promoting: S:/jenkins/workspace/ecg-mayausd-branch-preflight-2022-windows/ecg-maya-usd/maya-usd/lib/usd/hdMaya/delegates/delegateRegistry.h
    -- promoting: S:/jenkins/workspace/ecg-mayausd-branch-preflight-2022-windows/ecg-maya-usd/maya-usd/lib/usd/hdMaya/delegates/params.h
    -- promoting: S:/jenkins/workspace/ecg-mayausd-branch-preflight-2022-windows/ecg-maya-usd/maya-usd/lib/usd/hdMaya/delegates/proxyDelegate.h
    -- promoting: S:/jenkins/workspace/ecg-mayausd-branch-preflight-2022-windows/ecg-maya-usd/maya-usd/lib/usd/hdMaya/delegates/proxyUsdImagingDelegate.h
    -- promoting: S:/jenkins/workspace/ecg-mayausd-branch-preflight-2022-windows/ecg-maya-usd/maya-usd/lib/usd/hdMaya/delegates/sceneDelegate.h
    -- promoting: S:/jenkins/workspace/ecg-mayausd-branch-preflight-2022-windows/ecg-maya-usd/maya-usd/lib/usd/hdMaya/delegates/testDelegate.h
    -- promoting: S:/jenkins/workspace/ecg-mayausd-branch-preflight-2022-windows/ecg-maya-usd/maya-usd/lib/usd/pxrUsdPreviewSurface/usdPreviewSurface.h
    -- promoting: S:/jenkins/workspace/ecg-mayausd-branch-preflight-2022-windows/ecg-maya-usd/maya-usd/lib/usd/pxrUsdPreviewSurface/usdPreviewSurfacePlugin.h
    -- promoting: S:/jenkins/workspace/ecg-mayausd-branch-preflight-2022-windows/ecg-maya-usd/maya-usd/lib/usd/schemas/api.h
    -- promoting: S:/jenkins/workspace/ecg-mayausd-branch-preflight-2022-windows/ecg-maya-usd/maya-usd/lib/usd/schemas/ALMayaReference.h
    -- promoting: S:/jenkins/workspace/ecg-mayausd-branch-preflight-2022-windows/ecg-maya-usd/maya-usd/lib/usd/schemas/MayaReference.h
    -- promoting: S:/jenkins/workspace/ecg-mayausd-branch-preflight-2022-windows/ecg-maya-usd/maya-usd/lib/usd/schemas/tokens.h
    Processing schema classes:
    MayaReference, ALMayaReference
    Loading Templates from p:\shared\Artifactory\Windows\USD\4ae4ff5\lib\usd\usd\resources\codegenTemplates
    Writing API:
    	    wrote W:\build\RelWithDebInfo\lib\usd\schemas\api.h
    Writing Schema Tokens:
    	    wrote W:\build\RelWithDebInfo\lib\usd\schemas\tokens.h
    	    wrote W:\build\RelWithDebInfo\lib\usd\schemas\tokens.cpp
    	    wrote W:\build\RelWithDebInfo\lib\usd\schemas\wrapTokens.cpp
    Generating Classes:
    	    wrote W:\build\RelWithDebInfo\lib\usd\schemas\MayaReference.h
    	    wrote W:\build\RelWithDebInfo\lib\usd\schemas\MayaReference.cpp
    	    wrote W:\build\RelWithDebInfo\lib\usd\schemas\wrapMayaReference.cpp
    	    wrote W:\build\RelWithDebInfo\lib\usd\schemas\ALMayaReference.h
    	    wrote W:\build\RelWithDebInfo\lib\usd\schemas\ALMayaReference.cpp
    	    wrote W:\build\RelWithDebInfo\lib\usd\schemas\wrapALMayaReference.cpp
    Loading Templates from p:\shared\Artifactory\Windows\USD\4ae4ff5\lib\usd\usd\resources\codegenTemplates
    	    wrote W:\build\RelWithDebInfo\lib\usd\schemas\plugInfo.json
    Generating Schematics:
    	    wrote W:\build\RelWithDebInfo\lib\usd\schemas\generatedSchema.usda
    -- promoting: S:/jenkins/workspace/ecg-mayausd-branch-preflight-2022-windows/ecg-maya-usd/maya-usd/lib/usd/utils/ALHalf.h
    -- promoting: S:/jenkins/workspace/ecg-mayausd-branch-preflight-2022-windows/ecg-maya-usd/maya-usd/lib/usd/utils/Api.h
    -- promoting: S:/jenkins/workspace/ecg-mayausd-branch-preflight-2022-windows/ecg-maya-usd/maya-usd/lib/usd/utils/DebugCodes.h
    -- promoting: S:/jenkins/workspace/ecg-mayausd-branch-preflight-2022-windows/ecg-maya-usd/maya-usd/lib/usd/utils/DiffCore.h
    -- promoting: S:/jenkins/workspace/ecg-mayausd-branch-preflight-2022-windows/ecg-maya-usd/maya-usd/lib/usd/utils/ForwardDeclares.h
    -- promoting: S:/jenkins/workspace/ecg-mayausd-branch-preflight-2022-windows/ecg-maya-usd/maya-usd/lib/usd/utils/SIMD.h
    -- promoting: S:/jenkins/workspace/ecg-mayausd-branch-preflight-2022-windows/ecg-maya-usd/maya-usd/lib/usd/utils/util.h
    -- promoting: S:/jenkins/workspace/ecg-mayausd-branch-preflight-2022-windows/ecg-maya-usd/maya-usd/lib/usd/ui/layerEditor/batchSaveLayersUIDelegate.h
    -- promoting: S:/jenkins/workspace/ecg-mayausd-branch-preflight-2022-windows/ecg-maya-usd/maya-usd/lib/usd/ui/importDialog/IMayaMQtUtil.h
    -- promoting: S:/jenkins/workspace/ecg-mayausd-branch-preflight-2022-windows/ecg-maya-usd/maya-usd/lib/usd/ui/importDialog/ItemDelegate.h
    -- promoting: S:/jenkins/workspace/ecg-mayausd-branch-preflight-2022-windows/ecg-maya-usd/maya-usd/lib/usd/ui/importDialog/IUSDImportView.h
    -- promoting: S:/jenkins/workspace/ecg-mayausd-branch-preflight-2022-windows/ecg-maya-usd/maya-usd/lib/usd/ui/importDialog/TreeItem.h
    -- promoting: S:/jenkins/workspace/ecg-mayausd-branch-preflight-2022-windows/ecg-maya-usd/maya-usd/lib/usd/ui/importDialog/TreeModel.h
    -- promoting: S:/jenkins/workspace/ecg-mayausd-branch-preflight-2022-windows/ecg-maya-usd/maya-usd/lib/usd/ui/importDialog/TreeModelFactory.h
    -- promoting: S:/jenkins/workspace/ecg-mayausd-branch-preflight-2022-windows/ecg-maya-usd/maya-usd/lib/usd/ui/importDialog/USDImportDialog.h
    -- promoting: S:/jenkins/workspace/ecg-mayausd-branch-preflight-2022-windows/ecg-maya-usd/maya-usd/lib/usd/ui/importDialog/USDImportDialogCmd.h
    -- promoting: S:/jenkins/workspace/ecg-mayausd-branch-preflight-2022-windows/ecg-maya-usd/maya-usd/lib/usd/ui/importDialog/USDQtUtil.h
    -- promoting: S:/jenkins/workspace/ecg-mayausd-branch-preflight-2022-windows/ecg-maya-usd/maya-usd/lib/usd/ui/api.h
    -- promoting: S:/jenkins/workspace/ecg-mayausd-branch-preflight-2022-windows/ecg-maya-usd/maya-usd/lib/usd/ui/initStringResources.h
    ========== Pixar USD Plugin ==========
    Compiling W:/build/RelWithDebInfo/plugin/pxr/__init__.py ...
    ========== AL USD Plugin ==========
    CMake Deprecation Warning at plugin/al/CMakeLists.txt:7 (cmake_policy):
      The OLD behavior for policy CMP0026 will be removed from a future version
      of CMake.
    
      The cmake-policies(7) manual explains that the OLD behaviors of all
      policies are deprecated and that a policy should be set to OLD only under
      specific short-term circumstances.  Projects should be ported to the NEW
      behavior and not rely on setting a policy to OLD.
    
    
    -- Found Boost 1.70.0 at P:/shared/Artifactory/Windows/USD/4ae4ff5/lib/cmake/Boost-1.70.0
    --   Requested configuration: QUIET REQUIRED
    -- Found boost_headers 1.70.0 at P:/shared/Artifactory/Windows/USD/4ae4ff5/lib/cmake/boost_headers-1.70.0
    -- Boost  found.
    -- Found Boost 1.70.0 at P:/shared/Artifactory/Windows/USD/4ae4ff5/lib/cmake/Boost-1.70.0
    --   Requested configuration: QUIET REQUIRED COMPONENTS python
    -- Found boost_python 1.70.0 at P:/shared/Artifactory/Windows/USD/4ae4ff5/lib/cmake/boost_python-1.70.0
    --   boost_python27-vc141-mt-x64-1_70.lib
    -- Adding boost_python dependencies: headers
    -- Boost  found.
    -- Found Boost components:
       python
    -- Found GTest: W:/build/RelWithDebInfo/googletest-install/lib/gtest.lib
    Compiling W:/build/RelWithDebInfo/plugin/al/lib/AL_USDMaya/lib/python/AL/usdmaya/__init__.py ...
    -- Building AL_USDMayaSchemas
    Processing schema classes:
    ALModelAPI, ALFrameRange
    Loading Templates from p:\shared\Artifactory\Windows\USD\4ae4ff5\lib\usd\usd\resources\codegenTemplates
    Writing API:
    	    wrote W:\build\RelWithDebInfo\plugin\al\schemas\AL\usd\schemas\maya\api.h
    Writing Schema Tokens:
    	    wrote W:\build\RelWithDebInfo\plugin\al\schemas\AL\usd\schemas\maya\tokens.h
    	    wrote W:\build\RelWithDebInfo\plugin\al\schemas\AL\usd\schemas\maya\tokens.cpp
    	    wrote W:\build\RelWithDebInfo\plugin\al\schemas\AL\usd\schemas\maya\wrapTokens.cpp
    Generating Classes:
    	    wrote W:\build\RelWithDebInfo\plugin\al\schemas\AL\usd\schemas\maya\ModelAPI.h
    	    wrote W:\build\RelWithDebInfo\plugin\al\schemas\AL\usd\schemas\maya\ModelAPI.cpp
    	    wrote W:\build\RelWithDebInfo\plugin\al\schemas\AL\usd\schemas\maya\wrapModelAPI.cpp
    	    wrote W:\build\RelWithDebInfo\plugin\al\schemas\AL\usd\schemas\maya\FrameRange.h
    	    wrote W:\build\RelWithDebInfo\plugin\al\schemas\AL\usd\schemas\maya\FrameRange.cpp
    	    wrote W:\build\RelWithDebInfo\plugin\al\schemas\AL\usd\schemas\maya\wrapFrameRange.cpp
    Loading Templates from p:\shared\Artifactory\Windows\USD\4ae4ff5\lib\usd\usd\resources\codegenTemplates
    	    wrote W:\build\RelWithDebInfo\plugin\al\schemas\AL\usd\schemas\maya\plugInfo.json
    Generating Schematics:
    	    wrote W:\build\RelWithDebInfo\plugin\al\schemas\AL\usd\schemas\maya\generatedSchema.usda
    Compiling W:/build/RelWithDebInfo/AL/usd/schemas/maya/__init__.py ...
    Compiling W:/build/RelWithDebInfo/AL/__init__.py ...
    Compiling W:/build/RelWithDebInfo/AL/usd/__init__.py ...
    Compiling W:/build/RelWithDebInfo/AL/usd/schemas/__init__.py ...
    Processing schema classes:
    ALExamplePolyCubeNode
    Loading Templates from p:\shared\Artifactory\Windows\USD\4ae4ff5\lib\usd\usd\resources\codegenTemplates
    Writing API:
    	    wrote W:\build\RelWithDebInfo\plugin\al\schemas\AL\usd\schemas\mayatest\api.h
    Writing Schema Tokens:
    	    wrote W:\build\RelWithDebInfo\plugin\al\schemas\AL\usd\schemas\mayatest\tokens.h
    	    wrote W:\build\RelWithDebInfo\plugin\al\schemas\AL\usd\schemas\mayatest\tokens.cpp
    	    wrote W:\build\RelWithDebInfo\plugin\al\schemas\AL\usd\schemas\mayatest\wrapTokens.cpp
    Generating Classes:
    	    wrote W:\build\RelWithDebInfo\plugin\al\schemas\AL\usd\schemas\mayatest\ExamplePolyCubeNode.h
    	    wrote W:\build\RelWithDebInfo\plugin\al\schemas\AL\usd\schemas\mayatest\ExamplePolyCubeNode.cpp
    	    wrote W:\build\RelWithDebInfo\plugin\al\schemas\AL\usd\schemas\mayatest\wrapExamplePolyCubeNode.cpp
    Loading Templates from p:\shared\Artifactory\Windows\USD\4ae4ff5\lib\usd\usd\resources\codegenTemplates
    	    wrote W:\build\RelWithDebInfo\plugin\al\schemas\AL\usd\schemas\mayatest\plugInfo.json
    Generating Schematics:
    	    wrote W:\build\RelWithDebInfo\plugin\al\schemas\AL\usd\schemas\mayatest\generatedSchema.usda
    Compiling W:/build/RelWithDebInfo/AL/usd/schemas/mayatest/__init__.py ...
    -- Building AL_USDMayaTranslators
    ========== ADSK USD Plugin ==========
    -- Configuring done
    -- Generating done
    -- Build files have been written to: W:/build/RelWithDebInfo
    
        Building with settings:
          Source directory          S:\jenkins\workspace\ecg-mayausd-branch-preflight-2022-windows\ecg-maya-usd\maya-usd
          Workspace directory       W:\
          Build directory           W:\build\RelWithDebInfo
          Install directory         W:\install\RelWithDebInfo\MayaUSD
          Variant                   RelWithDebInfo
          Python Debug              Off
          CMake generator           Ninja
          Build arguments           ['-DCMAKE_MAKE_PROGRAM=P:/shared/Artifactory/Windows/ninja/1.9.0/c68f192/ninja.exe', '-DPYTHON_INCLUDE_DIR=P:/shared/Artifactory/Windows/rundev-2022/202110081415/runtime/49cd765/runTime/include/Python27/Python', '-DPython_EXECUTABLE=P:/shared/Artifactory/Windows/rundev-2022/202110081415/runtime/49cd765/runTime/bin/mayapy2.exe', '-DPYTHON_LIBRARIES=P:/shared/Artifactory/Windows/rundev-2022/202110081415/runtime/49cd765/runTime/lib/python27.lib']
          Stages arguments          ['configure']
          CTest arguments           ['-E testUsdReferenceAssemblySelection|testUsdMayaAppDir|Python:AL_USDTransactionTests|testUsdExportAsClip', '-LE interactive', '--parallel 16']
    Success MayaUSD build and install !!!!
    Elapsed time: 00:00:29
Deleting subst P:
Deleting subst W:
[Pipeline] }
[Pipeline] // withEnv
[Pipeline] }
[Pipeline] // stage
[Pipeline] }
[Pipeline] // timestamps
[Pipeline] }
[Pipeline] // timeout
[Pipeline] timeout
Timeout set to expire in 6 hr 0 min
[Pipeline] {
[Pipeline] timestamps
[Pipeline] {
[Pipeline] stage
[Pipeline] { (Build)
[Pipeline] withEnv
[Pipeline] {
[Pipeline] bat
[ecg-mayausd-branch-preflight-2022-windows] Running batch script
Subst W: S:\jenkins\workspace\ecg-mayausd-branch-preflight-2022-windows
Subst P: S:\jenkins\workspace
"C:\Program Files (x86)\Microsoft Visual Studio\2017\Professional\VC\Auxiliary\Build\vcvarsall.bat" x64
**********************************************************************
** Visual Studio 2017 Developer Command Prompt v15.9.15
** Copyright (c) 2017 Microsoft Corporation
**********************************************************************
[vcvarsall.bat] Environment initialized for: 'x64'
python ecg-maya-usd/build.py --stages=build --workspace-dir=W:\ --artifactory-dir=P:\shared\Artifactory --build-dir=W:\build --install-dir=W:\install --signing-dir=W:\signing --package-dir=W:\package --output-dir=W:\output --stash-dir=W:\stash --jenkins-build=802 --git-commit=0789ae51c529724e55c74f29c74c1b16f10d55f8 --git-branch=master --variants=RelWithDebInfo --python=2.7 --post-zips=false --build-retry=3 --maya-cut-config=maya-rundev-2022.yaml --stage-banner
Using Maya cut from P:\shared\Artifactory\Windows\rundev-2022\202110081415\runtime\49cd765

================================================================================
                             build (RelWithDebInfo)
================================================================================
Maya Python RelWithDebInfo Info:
  mayapy executable   = P:\shared\Artifactory\Windows\rundev-2022\202110081415\runtime\49cd765\runTime\bin\mayapy2.exe
  Include Folder      = P:\shared\Artifactory\Windows\rundev-2022\202110081415\runtime\49cd765\runTime\include\Python27\Python
  Library             = P:\shared\Artifactory\Windows\rundev-2022\202110081415\runtime\49cd765\runTime\lib\python27.lib
  site-package Folder = P:\shared\Artifactory\Windows\rundev-2022\202110081415\runtime\49cd765\runTime\Python27\Lib\site-packages
In workdir: S:\jenkins\workspace\ecg-mayausd-branch-preflight-2022-windows\ecg-maya-usd\maya-usd
Executing: 'P:\\shared\\Artifactory\\Windows\\rundev-2022\\202110081415\\runtime\\49cd765\\runTime\\bin\\mayapy2.exe' 'S:\\jenkins\\workspace\\ecg-mayausd-branch-preflight-2022-windows\\ecg-maya-usd\\maya-usd\\build.py' --generator Ninja --build-relwithdebug --maya-location 'P:\\shared\\Artifactory\\Windows\\rundev-2022\\202110081415\\runtime\\49cd765\\runTime' --devkit-location 'P:\\shared\\Artifactory\\Windows\\rundev-2022\\202110081415\\runtime\\49cd765\\devkitBase' --pxrusd-location 'P:\\shared\\Artifactory\\Windows\\USD\\4ae4ff5' --qt-location 'P:\\shared\\Artifactory\\Windows\\qt\\5.15.2\\28999d0' '--build-args=-DCMAKE_MAKE_PROGRAM=P:/shared/Artifactory/Windows/ninja/1.9.0/c68f192/ninja.exe,-DPYTHON_INCLUDE_DIR=P:/shared/Artifactory/Windows/rundev-2022/202110081415/runtime/49cd765/runTime/include/Python27/Python,-DPython_EXECUTABLE=P:/shared/Artifactory/Windows/rundev-2022/202110081415/runtime/49cd765/runTime/bin/mayapy2.exe,-DPYTHON_LIBRARIES=P:/shared/Artifactory/Windows/rundev-2022/202110081415/runtime/49cd765/runTime/lib/python27.lib' '--ctest-args=-E testUsdReferenceAssemblySelection|testUsdMayaAppDir|Python:AL_USDTransactionTests|testUsdExportAsClip,-LE interactive,--parallel 16' --stages=build --redirect-outstream-file=False --install-location 'W:\\install\\RelWithDebInfo\\MayaUSD' 'W:\\'
Modified environment variables:
    PATH=P:\shared\Artifactory\Windows\cmake\3.14.4\c5af748\bin;C:\Python27\lib\site-packages\pywin32_system32;C:\Program Files (x86)\Microsoft Visual Studio\2017\Professional\VC\Tools\MSVC\14.16.27023\bin\HostX64\x64;C:\Program Files (x86)\Microsoft Visual Studio\2017\Professional\Common7\IDE\VC\VCPackages;C:\Program Files (x86)\Microsoft Visual Studio\2017\Professional\Common7\IDE\CommonExtensions\Microsoft\TestWindow;C:\Program Files (x86)\Microsoft Visual Studio\2017\Professional\Common7\IDE\CommonExtensions\Microsoft\TeamFoundation\Team Explorer;C:\Program Files (x86)\Microsoft Visual Studio\2017\Professional\MSBuild\15.0\bin\Roslyn;C:\Program Files (x86)\Microsoft Visual Studio\2017\Professional\Team Tools\Performance Tools\x64;C:\Program Files (x86)\Microsoft Visual Studio\2017\Professional\Team Tools\Performance Tools;C:\Program Files (x86)\Microsoft Visual Studio\Shared\Common\VSPerfCollectionTools\\x64;C:\Program Files (x86)\Microsoft Visual Studio\Shared\Common\VSPerfCollectionTools\;C:\Program Files (x86)\Microsoft SDKs\Windows\v10.0A\bin\NETFX 4.6.1 Tools\x64\;C:\Program Files (x86)\HTML Help Workshop;C:\Program Files (x86)\Windows Kits\10\bin\10.0.18362.0\x64;C:\Program Files (x86)\Windows Kits\10\bin\x64;C:\Program Files (x86)\Microsoft Visual Studio\2017\Professional\\MSBuild\15.0\bin;C:\WINDOWS\Microsoft.NET\Framework64\v4.0.30319;C:\Program Files (x86)\Microsoft Visual Studio\2017\Professional\Common7\IDE\;C:\Program Files (x86)\Microsoft Visual Studio\2017\Professional\Common7\Tools\;C:\Python27\;C:\Python27\Scripts;C:\WINDOWS\system32;C:\WINDOWS;C:\WINDOWS\System32\Wbem;C:\WINDOWS\System32\WindowsPowerShell\v1.0\;C:\WINDOWS\System32\OpenSSH\;C:\ProgramData\chocolatey\bin;C:\Program Files (x86)\WiX Toolset v3.7\bin;C:\Program Files\dotnet\;C:\Program Files (x86)\Windows Kits\10\bin\10.0.18362.0\x64;C:\Program Files\Zulu\zulu-11\bin\;C:\Program Files (x86)\Windows Kits\10\bin\10.0.17763.0\x64;C:\Program Files (x86)\Windows Kits\10\bin\x64;C:\Program Files\Git\cmd;C:\Program Files\Git\usr\bin;C:\Program Files\Git\mingw64\bin;C:\Program Files\Git\bin;C:\Python38\;C:\Python38\Scripts;C:\StoreBoxClientWindows;C:\Program Files\Electric Cloud\ElectricCommander\bin;C:\Program Files\WinRAR;C:\Program Files\7-Zip;C:\Users\Administrator\AppData\Local\Microsoft\WindowsApps;C:\Program Files (x86)\Microsoft Visual Studio\2017\Professional\Common7\IDE\CommonExtensions\Microsoft\CMake\CMake\bin;C:\Program Files (x86)\Microsoft Visual Studio\2017\Professional\Common7\IDE\CommonExtensions\Microsoft\CMake\Ninja
    [1/627] Running utility command for MAYAUSD_SCHEMA_TEST
    [2/627] Running utility command for PYTHON_TEST_UTILS
    [3/627] Building CXX object test\lib\usd\plugin\CMakeFiles\usdTestInfoImportChaser.dir\plugin.cpp.obj
    [4/627] Running utility command for MAYAUSD_PXR_USD_PREVIEW_SURFACE_TEST
    [5/627] Building CXX object lib\mayaUsd\CMakeFiles\mayaUsd.dir\commands\layerEditorWindowCommand.cpp.obj
    [6/627] Building CXX object test\lib\usd\utils\CMakeFiles\DiffCore.dir\main.cpp.obj
    [7/627] Building CXX object lib\mayaUsd\CMakeFiles\mayaUsd.dir\base\debugCodes.cpp.obj
    [8/627] Building CXX object lib\mayaUsd\CMakeFiles\mayaUsd.dir\base\tokens.cpp.obj
    [9/627] Building CXX object test\lib\usd\utils\CMakeFiles\DiffCore.dir\test_DiffCore.cpp.obj
    [10/627] Running utility command for PYTHON_TEST_SAMPLES
    [11/627] Building CXX object test\lib\usd\plugin\CMakeFiles\usdTestInfoImportChaser.dir\infoImportChaser.cpp.obj
    [12/627] Building CXX object lib\mayaUsd\CMakeFiles\mayaUsd.dir\commands\editTargetCommand.cpp.obj
    [13/627] Building CXX object lib\mayaUsd\CMakeFiles\mayaUsd.dir\fileio\primReaderContext.cpp.obj
    [14/627] Building CXX object lib\mayaUsd\CMakeFiles\mayaUsd.dir\commands\baseImportCommand.cpp.obj
    [15/627] Building CXX object lib\mayaUsd\CMakeFiles\mayaUsd.dir\fileio\fallbackPrimReader.cpp.obj
    [16/627] Building CXX object lib\mayaUsd\CMakeFiles\mayaUsd.dir\fileio\functorPrimReader.cpp.obj
    [17/627] Building CXX object lib\mayaUsd\CMakeFiles\mayaUsd.dir\fileio\primReader.cpp.obj
    [18/627] Building CXX object lib\mayaUsd\CMakeFiles\mayaUsd.dir\commands\baseListShadingModesCommand.cpp.obj
    [19/627] Building CXX object lib\mayaUsd\CMakeFiles\mayaUsd.dir\fileio\primReaderArgs.cpp.obj
    [20/627] Building CXX object lib\mayaUsd\CMakeFiles\mayaUsd.dir\fileio\importData.cpp.obj
    [21/627] Building CXX object lib\mayaUsd\CMakeFiles\mayaUsd.dir\commands\baseExportCommand.cpp.obj
    [22/627] Building CXX object lib\mayaUsd\CMakeFiles\mayaUsd.dir\fileio\instancedNodeWriter.cpp.obj
    [23/627] Building CXX object lib\mayaUsd\CMakeFiles\mayaUsd.dir\fileio\functorPrimWriter.cpp.obj
    [24/627] Running utility command for IMPORT_EXPORT_TEST
    [25/627] Building CXX object lib\mayaUsd\CMakeFiles\mayaUsd.dir\commands\layerEditorCommand.cpp.obj
    [26/627] Building CXX object lib\mayaUsd\CMakeFiles\mayaUsd.dir\fileio\chaser\exportChaser.cpp.obj
    [27/627] Building CXX object lib\mayaUsd\CMakeFiles\mayaUsd.dir\fileio\primUpdaterContext.cpp.obj
    [28/627] Building CXX object lib\mayaUsd\CMakeFiles\mayaUsd.dir\fileio\primUpdater.cpp.obj
    [29/627] Building CXX object lib\mayaUsd\CMakeFiles\mayaUsd.dir\fileio\registryHelper.cpp.obj
    [30/627] Building CXX object lib\mayaUsd\CMakeFiles\mayaUsd.dir\fileio\primUpdaterRegistry.cpp.obj
    [31/627] Building CXX object lib\mayaUsd\CMakeFiles\mayaUsd.dir\fileio\primWriterContext.cpp.obj
    [32/627] Building CXX object lib\mayaUsd\CMakeFiles\mayaUsd.dir\fileio\primWriterArgs.cpp.obj
    [33/627] Building CXX object lib\mayaUsd\CMakeFiles\mayaUsd.dir\fileio\primReaderRegistry.cpp.obj
    [34/627] Building CXX object lib\mayaUsd\CMakeFiles\mayaUsd.dir\fileio\shaderReader.cpp.obj
    [35/627] Building CXX object lib\mayaUsd\CMakeFiles\mayaUsd.dir\fileio\shaderReaderRegistry.cpp.obj
    [36/627] Building CXX object lib\mayaUsd\CMakeFiles\mayaUsd.dir\fileio\chaser\exportChaserRegistry.cpp.obj
    [37/627] Building CXX object lib\mayaUsd\CMakeFiles\mayaUsd.dir\fileio\primWriter.cpp.obj
    [38/627] Building CXX object lib\mayaUsd\CMakeFiles\mayaUsd.dir\fileio\primWriterRegistry.cpp.obj
    [39/627] Building CXX object lib\mayaUsd\CMakeFiles\mayaUsd.dir\fileio\shaderWriterRegistry.cpp.obj
    [40/627] Building CXX object lib\mayaUsd\CMakeFiles\mayaUsd.dir\fileio\shaderWriter.cpp.obj
    [41/627] Building CXX object lib\mayaUsd\CMakeFiles\mayaUsd.dir\fileio\writeJobContext.cpp.obj
    [42/627] Building CXX object lib\mayaUsd\CMakeFiles\mayaUsd.dir\fileio\transformWriter.cpp.obj
    [43/627] Building CXX object lib\mayaUsd\CMakeFiles\mayaUsd.dir\fileio\chaser\importChaserRegistry.cpp.obj
    [44/627] Building CXX object lib\mayaUsd\CMakeFiles\mayaUsd.dir\fileio\chaser\importChaser.cpp.obj
    [45/627] Building CXX object lib\mayaUsd\CMakeFiles\mayaUsd.dir\fileio\jobs\jobArgs.cpp.obj
    [46/627] Building CXX object lib\mayaUsd\CMakeFiles\mayaUsd.dir\fileio\shading\shadingModeExporter.cpp.obj
    [47/627] Building CXX object lib\mayaUsd\CMakeFiles\mayaUsd.dir\fileio\jobs\modelKindProcessor.cpp.obj
    [48/627] Building CXX object lib\mayaUsd\CMakeFiles\mayaUsd.dir\fileio\shading\symmetricShaderWriter.cpp.obj
    [49/627] Building CXX object lib\mayaUsd\CMakeFiles\mayaUsd.dir\fileio\shading\shadingModeDisplayColor.cpp.obj
    [50/627] Building CXX object lib\mayaUsd\CMakeFiles\mayaUsd.dir\fileio\jobs\writeJob.cpp.obj
    [51/627] Building CXX object lib\mayaUsd\CMakeFiles\mayaUsd.dir\fileio\shading\shadingModeUseRegistry.cpp.obj
    [52/627] Building CXX object lib\mayaUsd\CMakeFiles\mayaUsd.dir\fileio\shading\shadingModeExporterContext.cpp.obj
    [53/627] Building CXX object lib\mayaUsd\CMakeFiles\mayaUsd.dir\fileio\jobs\readJob.cpp.obj
    [54/627] Building CXX object lib\mayaUsd\CMakeFiles\mayaUsd.dir\fileio\shading\shadingModeImporter.cpp.obj
    [55/627] Building CXX object lib\mayaUsd\CMakeFiles\mayaUsd.dir\fileio\translators\translatorGprim.cpp.obj
    [56/627] Building CXX object lib\mayaUsd\CMakeFiles\mayaUsd.dir\fileio\shading\symmetricShaderReader.cpp.obj
    [57/627] Building CXX object lib\mayaUsd\CMakeFiles\mayaUsd.dir\fileio\shading\shadingModeRegistry.cpp.obj
    [58/627] Building CXX object lib\mayaUsd\CMakeFiles\mayaUsd.dir\fileio\shading\shadingModePxrRis.cpp.obj
    [59/627] Building CXX object lib\mayaUsd\CMakeFiles\mayaUsd.dir\fileio\translators\translatorLight.cpp.obj
    [60/627] Building CXX object lib\mayaUsd\CMakeFiles\mayaUsd.dir\fileio\translators\skelBindingsProcessor.cpp.obj
    [61/627] Building CXX object lib\mayaUsd\CMakeFiles\mayaUsd.dir\fileio\translators\translatorCurves.cpp.obj
    [62/627] Building CXX object lib\mayaUsd\CMakeFiles\mayaUsd.dir\render\px_vp20\glslProgram.cpp.obj
    [63/627] Building CXX object lib\mayaUsd\CMakeFiles\mayaUsd.dir\fileio\translators\translatorPrim.cpp.obj
    [64/627] Building CXX object lib\mayaUsd\CMakeFiles\mayaUsd.dir\fileio\translators\translatorMayaReference.cpp.obj
    [65/627] Building CXX object lib\mayaUsd\CMakeFiles\mayaUsd.dir\render\px_vp20\utils.cpp.obj
    [66/627] Building CXX object lib\mayaUsd\CMakeFiles\mayaUsd.dir\python\moduleDeps.cpp.obj
    [67/627] Building CXX object lib\mayaUsd\CMakeFiles\mayaUsd.dir\fileio\translators\translatorMesh.cpp.obj
    [68/627] Building CXX object lib\mayaUsd\CMakeFiles\mayaUsd.dir\fileio\translators\translatorCamera.cpp.obj
    [69/627] Building CXX object lib\mayaUsd\CMakeFiles\mayaUsd.dir\fileio\translators\translatorNurbsPatch.cpp.obj
    [70/627] Building CXX object lib\mayaUsd\CMakeFiles\mayaUsd.dir\nodes\usdPrimProvider.cpp.obj
    [71/627] Building CXX object lib\mayaUsd\CMakeFiles\mayaUsd.dir\fileio\translators\translatorUtil.cpp.obj
    [72/627] Building CXX object lib\mayaUsd\CMakeFiles\mayaUsd.dir\fileio\translators\translatorMaterial.cpp.obj
    [73/627] Building CXX object lib\mayaUsd\CMakeFiles\mayaUsd.dir\fileio\translators\translatorRfMLight.cpp.obj
    [74/627] Building CXX object lib\mayaUsd\CMakeFiles\mayaUsd.dir\nodes\stageNode.cpp.obj
    [75/627] Building CXX object lib\mayaUsd\CMakeFiles\mayaUsd.dir\fileio\translators\translatorXformable.cpp.obj
    [76/627] Building CXX object lib\mayaUsd\CMakeFiles\mayaUsd.dir\fileio\translators\translatorSkel.cpp.obj
    [77/627] Building CXX object lib\mayaUsd\CMakeFiles\mayaUsd.dir\listeners\notice.cpp.obj
    [78/627] Building CXX object lib\mayaUsd\CMakeFiles\mayaUsd.dir\nodes\layerManager.cpp.obj
    [79/627] Building CXX object lib\mayaUsd\CMakeFiles\mayaUsd.dir\listeners\proxyShapeNotice.cpp.obj
    [80/627] Building CXX object lib\mayaUsd\CMakeFiles\mayaUsd.dir\fileio\utils\meshWriteUtils.cpp.obj
    FAILED: lib/mayaUsd/CMakeFiles/mayaUsd.dir/fileio/utils/meshWriteUtils.cpp.obj
    C:\PROGRA~2\MIB055~1\2017\PROFES~1\VC\Tools\MSVC\1416~1.270\bin\Hostx64\x64\cl.exe  /nologo /TP -DBOOST_ALL_DYN_LINK -DBOOST_CONFIG_SUPPRESS_OUTDATED_MESSAGE -DBUILD_HDMAYA -DHAS_DEFAULT_MATERIAL_SUPPORT_API=1 -DHAVE_SNPRINTF -DMAYAUSD_CORE_EXPORT -DMAYAUSD_MACROS_EXPORT -DMAYAUSD_VERSION=0.14.0 -DMAYA_LIGHTAPI_VERSION_2=2 -DMAYA_NEW_POINT_SNAPPING_SUPPORT=1 -DMAYA_PY_VERSION=2 -DMAYA_USD_VERSION=0.21.8 -DMFB_ALT_PACKAGE_NAME=\"mayaUsd\" -DMFB_PACKAGE_MODULE=\"mayaUsd\" -DMFB_PACKAGE_NAME=\"mayaUsd\" -DNOMINMAX -DPXR_PLUGINPATH_NAME=PXR_PLUGINPATH_NAME -DPXR_PYTHON_ENABLED=1 -DTBB_SUPPRESS_DEPRECATED_MESSAGES -DWANT_QT_BUILD -DWANT_UFE_BUILD -DWIN32 -D_CRT_SECURE_NO_WARNINGS -D_SCL_SECURE_NO_WARNINGS -DmayaUsd_EXPORTS -IP:\shared\Artifactory\Windows\rundev-2022\202110081415\runtime\49cd765\runTime\include -IP:\shared\Artifactory\Windows\rundev-2022\202110081415\runtime\49cd765\devkitBase\devkit\ufe\include -Iinclude -I_deps\gulark-src\include -IP:\shared\Artifactory\Windows\USD\4ae4ff5\include -IP:\shared\Artifactory\Windows\USD\4ae4ff5\include\boost-1_70 -IP:\shared\Artifactory\Windows\rundev-2022\202110081415\runtime\49cd765\runTime\include\Python27\Python /DWIN32 /D_WINDOWS /W3 /GR /EHsc /MD /Zi /O2 /Ob1 /DNDEBUG   /wd4251 /W3 /WX /permissive- /Zi /Zc:rvalueCast /Zc:inline /MP /EHsc /w35038 /wd4244 /wd4267 /wd4273 /wd4305 /wd4506 /wd4996 /wd4180 /utf-8 -std:c++14 /showIncludes /Folib\mayaUsd\CMakeFiles\mayaUsd.dir\fileio\utils\meshWriteUtils.cpp.obj /Fdlib\mayaUsd\CMakeFiles\mayaUsd.dir\ /FS -c S:\jenkins\workspace\ecg-mayausd-branch-preflight-2022-windows\ecg-maya-usd\maya-usd\lib\mayaUsd\fileio\utils\meshWriteUtils.cpp
    S:\jenkins\workspace\ecg-mayausd-branch-preflight-2022-windows\ecg-maya-usd\maya-usd\lib\mayaUsd\fileio\utils\meshWriteUtils.cpp(1393): error C2220: warning treated as error - no 'object' file generated
    S:\jenkins\workspace\ecg-mayausd-branch-preflight-2022-windows\ecg-maya-usd\maya-usd\lib\mayaUsd\fileio\utils\meshWriteUtils.cpp(1393): warning C4018: '<': signed/unsigned mismatch
    [81/627] Building CXX object lib\mayaUsd\CMakeFiles\mayaUsd.dir\fileio\utils\roundTripUtil.cpp.obj
    [82/627] Building CXX object lib\mayaUsd\CMakeFiles\mayaUsd.dir\fileio\translators\translatorXformable_decompose.cpp.obj
    [83/627] Building CXX object lib\mayaUsd\CMakeFiles\mayaUsd.dir\fileio\utils\userTaggedAttribute.cpp.obj
    [84/627] Building CXX object lib\mayaUsd\CMakeFiles\mayaUsd.dir\fileio\utils\readUtil.cpp.obj
    [85/627] Building CXX object lib\mayaUsd\CMakeFiles\mayaUsd.dir\fileio\utils\jointWriteUtils.cpp.obj
    [86/627] Building CXX object lib\mayaUsd\CMakeFiles\mayaUsd.dir\nodes\hdImagingShape.cpp.obj
    [87/627] Building CXX object lib\mayaUsd\CMakeFiles\mayaUsd.dir\fileio\utils\adaptor.cpp.obj
    [88/627] Building CXX object lib\mayaUsd\CMakeFiles\mayaUsd.dir\fileio\utils\xformStack.cpp.obj
    [89/627] Building CXX object lib\mayaUsd\CMakeFiles\mayaUsd.dir\fileio\utils\meshReadUtils.cpp.obj
    [90/627] Building CXX object lib\mayaUsd\CMakeFiles\mayaUsd.dir\fileio\utils\shadingUtil.cpp.obj
    [91/627] Building CXX object lib\mayaUsd\CMakeFiles\mayaUsd.dir\nodes\pointBasedDeformerNode.cpp.obj
    [92/627] Building CXX object lib\mayaUsd\CMakeFiles\mayaUsd.dir\fileio\utils\writeUtil.cpp.obj
    [93/627] Building CXX object lib\mayaUsd\CMakeFiles\mayaUsd.dir\listeners\stageNoticeListener.cpp.obj
    [94/627] Building CXX object lib\mayaUsd\CMakeFiles\mayaUsd.dir\nodes\proxyAccessor.cpp.obj
    [95/627] Building CXX object lib\mayaUsd\CMakeFiles\mayaUsd.dir\nodes\stageData.cpp.obj
    ninja: build stopped: subcommand failed.
    
        Building with settings:
          Source directory          S:\jenkins\workspace\ecg-mayausd-branch-preflight-2022-windows\ecg-maya-usd\maya-usd
          Workspace directory       W:\
          Build directory           W:\build\RelWithDebInfo
          Install directory         W:\install\RelWithDebInfo\MayaUSD
          Variant                   RelWithDebInfo
          Python Debug              Off
          CMake generator           Ninja
          Build arguments           ['-DCMAKE_MAKE_PROGRAM=P:/shared/Artifactory/Windows/ninja/1.9.0/c68f192/ninja.exe', '-DPYTHON_INCLUDE_DIR=P:/shared/Artifactory/Windows/rundev-2022/202110081415/runtime/49cd765/runTime/include/Python27/Python', '-DPython_EXECUTABLE=P:/shared/Artifactory/Windows/rundev-2022/202110081415/runtime/49cd765/runTime/bin/mayapy2.exe', '-DPYTHON_LIBRARIES=P:/shared/Artifactory/Windows/rundev-2022/202110081415/runtime/49cd765/runTime/lib/python27.lib']
          Stages arguments          ['build']
          CTest arguments           ['-E testUsdReferenceAssemblySelection|testUsdMayaAppDir|Python:AL_USDTransactionTests|testUsdExportAsClip', '-LE interactive', '--parallel 16']
    #####################################################################################
    log date: 2021-10-13 06:43
    commit sha: 4be7be3f9644164dd9f26ca1b9bbf69addde6c8b
    commit date: Wed Oct 13 06:42:32 2021 -0700
    #####################################################################################
    
    cmake --build . --config RelWithDebInfo  -- -j16
    
    Traceback (most recent call last):
      File "S:\jenkins\workspace\ecg-mayausd-branch-preflight-2022-windows\ecg-maya-usd\maya-usd\build.py", line 602, in <module>
        BuildAndInstall(context, context.buildArgs, context.stagesArgs)
      File "S:\jenkins\workspace\ecg-mayausd-branch-preflight-2022-windows\ecg-maya-usd\maya-usd\build.py", line 371, in BuildAndInstall
        RunCMake(context, extraArgs, stagesArgs)
      File "S:\jenkins\workspace\ecg-mayausd-branch-preflight-2022-windows\ecg-maya-usd\maya-usd\build.py", line 287, in RunCMake
        multiproc=FormatMultiProcs(context.numJobs, generator)))
      File "S:\jenkins\workspace\ecg-mayausd-branch-preflight-2022-windows\ecg-maya-usd\maya-usd\build.py", line 165, in Run
        .format(cmd=cmd, log=os.path.abspath(context.logFileLocation)))
    RuntimeError: Failed to run 'cmake --build . --config RelWithDebInfo  -- -j16'
    See W:\build\RelWithDebInfo\build_log.txt for more details.
build.py: error: Command failed with error code: 1
Deleting subst P:
[Pipeline] }
[Pipeline] // withEnv
[Pipeline] }
[Pipeline] // stage
[Pipeline] }
[Pipeline] // timestamps
[Pipeline] }
[Pipeline] // timeout
[Pipeline] emailextrecipients
[Pipeline] isUnix
[Pipeline] echo
Sending notification via SendGrid.
Sending email to notifications@git.autodesk.com
[Pipeline] withCredentials
[Pipeline] {
[Pipeline] bat
[ecg-mayausd-branch-preflight-2022-windows] Running batch script
[Pipeline] }
[Pipeline] // withCredentials
[Pipeline] }
[Pipeline] // node
[Pipeline] End of Pipeline
ERROR: script returned exit code 1
Finished: FAILURE
