================================================================================
                                 setup (Debug)
================================================================================
Installing license file 'melicense.lic'.
[Pipeline] }
[Pipeline] // withEnv
[Pipeline] withEnv
[Pipeline] {
[Pipeline] sh
[ecg-mayausd-branch-preflight-python3-osx] Running shell script
+ python ecg-maya-usd/build.py --stages=setup --workspace-dir=/local/S/jenkins/workspace/ecg-mayausd-branch-preflight-python3-osx --artifactory-dir=/local/S/jenkins/workspace/shared/Artifactory --build-dir=/local/S/jenkins/workspace/ecg-mayausd-branch-preflight-python3-osx/build --install-dir=/local/S/jenkins/workspace/ecg-mayausd-branch-preflight-python3-osx/install --signing-dir=/local/S/jenkins/workspace/ecg-mayausd-branch-preflight-python3-osx/signing --package-dir=/local/S/jenkins/workspace/ecg-mayausd-branch-preflight-python3-osx/package --output-dir=/local/S/jenkins/workspace/ecg-mayausd-branch-preflight-python3-osx/output --stash-dir=/local/S/jenkins/workspace/ecg-mayausd-branch-preflight-python3-osx/stash --jenkins-build=1241 --git-commit=6377d427c4f3e32a43f457fc902781b1f15ecaae --git-branch=master --variants=RelWithDebInfo --python=3.9 --post-zips=false --extra-license-file=ecg-maya-usd/jenkins/melicense.lic --prune-versions=2 --prune-revisions=2 --maya-cut-config=maya-rundev-master.yaml --stage-banner --prune-artifacts --force-pruning
Getting Maya cut download URL from Maya SHA-1 hash
Finding Artifactory servers response times
[VERBOSE] Start loading URL (CURL): https://art-bobcat.autodesk.com/artifactory/api/search/checksum?sha1=ade0fbed091067a5c414f757311460910501624b
[DEBUG] Running: /usr/bin/curl -s -X GET --keepalive-time 10 --connect-timeout 60 --speed-limit 10000 --speed-time 60 --max-time 3600 --retry 5 --retry-max-time 2400 -H Connection:close -H Authorization:Basic ZWNnYmlmcm9zdDpvcGUqKjAw https://art-bobcat.autodesk.com/artifactory/api/search/checksum?sha1=ade0fbed091067a5c414f757311460910501624b
[DEBUG] Output:
{
  "results" : [ {
    "uri" : "https://art-bobcat.autodesk.com:443/artifactory/api/storage/oss-stg-generic/Maya/master/2021-10-18-15-15/osx/202110181515-74198b66a5-RUNDEV.dmg"
  } ]
}
[VERBOSE] End loading URL (CURL): https://art-bobcat.autodesk.com/artifactory/api/search/checksum?sha1=ade0fbed091067a5c414f757311460910501624b
[VERBOSE] Start loading URL (CURL): https://art-bobcat.autodesk.com:443/artifactory/api/storage/oss-stg-generic/Maya/master/2021-10-18-15-15/osx/202110181515-74198b66a5-RUNDEV.dmg
[DEBUG] Running: /usr/bin/curl -s -X GET --keepalive-time 10 --connect-timeout 60 --speed-limit 10000 --speed-time 60 --max-time 3600 --retry 5 --retry-max-time 2400 -H Connection:close -H Authorization:Basic ZWNnYmlmcm9zdDpvcGUqKjAw https://art-bobcat.autodesk.com:443/artifactory/api/storage/oss-stg-generic/Maya/master/2021-10-18-15-15/osx/202110181515-74198b66a5-RUNDEV.dmg
[DEBUG] Output:
{
  "repo" : "oss-stg-generic",
  "path" : "/Maya/master/2021-10-18-15-15/osx/202110181515-74198b66a5-RUNDEV.dmg",
  "created" : "2021-10-18T19:01:10.180-07:00",
  "createdBy" : "svc_p_mescm",
  "lastModified" : "2021-10-18T18:59:14.770-07:00",
  "modifiedBy" : "svc_p_mescm",
  "lastUpdated" : "2021-10-18T19:01:10.181-07:00",
  "downloadUri" : "https://art-bobcat.autodesk.com:443/artifactory/oss-stg-generic/Maya/master/2021-10-18-15-15/osx/202110181515-74198b66a5-RUNDEV.dmg",
  "mimeType" : "application/octet-stream",
  "size" : "1929928955",
  "checksums" : {
    "sha1" : "ade0fbed091067a5c414f757311460910501624b",
    "md5" : "a7220fdc3848ee1a4fb25ebe26b5b762",
    "sha256" : "05b103d042f6d3700c30b7df80bdf35cced2725f4fa04794ec04932ce8f8dad7"
  },
  "originalChecksums" : {
    "sha1" : "ade0fbed091067a5c414f757311460910501624b",
    "md5" : "a7220fdc3848ee1a4fb25ebe26b5b762",
    "sha256" : "05b103d042f6d3700c30b7df80bdf35cced2725f4fa04794ec04932ce8f8dad7"
  },
  "uri" : "https://art-bobcat.autodesk.com:443/artifactory/api/storage/oss-stg-generic/Maya/master/2021-10-18-15-15/osx/202110181515-74198b66a5-RUNDEV.dmg"
}
[VERBOSE] End loading URL (CURL): https://art-bobcat.autodesk.com:443/artifactory/api/storage/oss-stg-generic/Maya/master/2021-10-18-15-15/osx/202110181515-74198b66a5-RUNDEV.dmg
Using Maya cut from /local/S/jenkins/workspace/shared/Artifactory/OSX/rundev-master/202110181515/runtime/ade0fbe
[VERBOSE] Start loading URL (CURL): https://art-bobcat.autodesk.com:443/artifactory/api/storage/oss-stg-generic/Maya/master/2021-10-18-15-15/osx/202110181515-74198b66a5-RUNDEV.dmg.multipart
[DEBUG] Running: /usr/bin/curl -s -X GET --keepalive-time 10 --connect-timeout 60 --speed-limit 10000 --speed-time 60 --max-time 3600 --retry 5 --retry-max-time 2400 -H Connection:close -H Authorization:Basic ZWNnYmlmcm9zdDpvcGUqKjAw https://art-bobcat.autodesk.com:443/artifactory/api/storage/oss-stg-generic/Maya/master/2021-10-18-15-15/osx/202110181515-74198b66a5-RUNDEV.dmg.multipart
[DEBUG] Output:
{
  "errors" : [ {
    "status" : 404,
    "message" : "Unable to find item"
  } ]
}
[VERBOSE] End loading URL (CURL): https://art-bobcat.autodesk.com:443/artifactory/api/storage/oss-stg-generic/Maya/master/2021-10-18-15-15/osx/202110181515-74198b66a5-RUNDEV.dmg.multipart
Downloading https://art-bobcat.autodesk.com:443/artifactory/oss-stg-generic/Maya/master/2021-10-18-15-15/osx/202110181515-74198b66a5-RUNDEV.dmg to /local/S/jenkins/workspace/shared/Artifactory/OSX/tmp/tmpkgwwU0
[VERBOSE] Start downloading file (CURL): https://art-bobcat.autodesk.com:443/artifactory/oss-stg-generic/Maya/master/2021-10-18-15-15/osx/202110181515-74198b66a5-RUNDEV.dmg
[DEBUG] Running: /usr/bin/curl -sI -X GET --keepalive-time 10 --connect-timeout 60 --speed-limit 10000 --speed-time 60 --max-time 3600 --retry 5 --retry-max-time 2400 -H Connection:close -H Authorization:Basic ZWNnYmlmcm9zdDpvcGUqKjAw https://art-bobcat.autodesk.com:443/artifactory/oss-stg-generic/Maya/master/2021-10-18-15-15/osx/202110181515-74198b66a5-RUNDEV.dmg
[DEBUG] Header:
HTTP/1.1 200 OK
Date: Wed, 20 Oct 2021 01:03:40 GMT
Content-Type: application/octet-stream
Content-Length: 1929928955
Connection: close
X-JFrog-Version: Artifactory/7.27.3 72703900
X-Artifactory-Id: f61d76038cb23bc9901ec87d5928f009770b9c8c
X-Artifactory-Node-Id: ussclpdrsync008.ads.autodesk.com
Last-Modified: Tue, 19 Oct 2021 01:59:14 GMT
ETag: ade0fbed091067a5c414f757311460910501624b
X-Checksum-Sha1: ade0fbed091067a5c414f757311460910501624b
X-Checksum-Sha256: 05b103d042f6d3700c30b7df80bdf35cced2725f4fa04794ec04932ce8f8dad7
X-Checksum-Md5: a7220fdc3848ee1a4fb25ebe26b5b762
Accept-Ranges: bytes
X-Artifactory-Filename: 202110181515-74198b66a5-RUNDEV.dmg
Content-Disposition: attachment; filename="202110181515-74198b66a5-RUNDEV.dmg"; filename*=UTF-8''202110181515-74198b66a5-RUNDEV.dmg
Access-Control-Allow-Methods: GET, PUT, POST, OPTIONS, HEAD
Access-Control-Allow-Headers: Authorization, Origin, X-Requested-With, Content-Type, Accept
Access-Control-Allow-Credentials: true
Set-Cookie: AlteonSC=1448682250.47873.0000; path=/; Httponly; Secure
[DEBUG] Running: /usr/bin/curl --progress-bar -X GET --keepalive-time 10 --connect-timeout 60 --speed-limit 10000 --speed-time 60 --max-time 3600 --retry 5 --retry-max-time 2400 -H Connection:close -H Authorization:Basic ZWNnYmlmcm9zdDpvcGUqKjAw https://art-bobcat.autodesk.com:443/artifactory/oss-stg-generic/Maya/master/2021-10-18-15-15/osx/202110181515-74198b66a5-RUNDEV.dmg -o /local/S/jenkins/workspace/shared/Artifactory/OSX/tmp/tmpkgwwU0/202110181515-74198b66a5-RUNDEV.dmg
      0% complete.
      1% complete.
      2% complete.
      3% complete.
      4% complete.
      5% complete.
      6% complete.
      7% complete.
      8% complete.
      9% complete.
     10% complete.
     11% complete.
     12% complete.
     13% complete.
     14% complete.
     15% complete.
     16% complete.
     17% complete.
     18% complete.
     19% complete.
     20% complete.
     21% complete.
     22% complete.
     23% complete.
     24% complete.
     25% complete.
     26% complete.
     27% complete.
     28% complete.
     29% complete.
     30% complete.
     31% complete.
     32% complete.
     33% complete.
     34% complete.
     35% complete.
     36% complete.
     37% complete.
     38% complete.
     39% complete.
     40% complete.
     41% complete.
     42% complete.
     43% complete.
     44% complete.
     45% complete.
     46% complete.
     47% complete.
     48% complete.
     49% complete.
     50% complete.
     51% complete.
     52% complete.
     53% complete.
     54% complete.
     55% complete.
     56% complete.
     57% complete.
     58% complete.
     59% complete.
     60% complete.
     61% complete.
     62% complete.
     63% complete.
     64% complete.
     65% complete.
     66% complete.
     67% complete.
     68% complete.
     69% complete.
     70% complete.
     71% complete.
     72% complete.
     73% complete.
     74% complete.
     75% complete.
     76% complete.
     77% complete.
     78% complete.
     79% complete.
     80% complete.
     81% complete.
     82% complete.
     83% complete.
     84% complete.
     85% complete.
     86% complete.
     87% complete.
     88% complete.
     89% complete.
     90% complete.
     91% complete.
     92% complete.
     93% complete.
     94% complete.
     95% complete.
     96% complete.
     97% complete.
     98% complete.
     99% complete.
    100% complete.
[VERBOSE] End downloading file (CURL): https://art-bobcat.autodesk.com:443/artifactory/oss-stg-generic/Maya/master/2021-10-18-15-15/osx/202110181515-74198b66a5-RUNDEV.dmg
Extracting 202110181515-74198b66a5-RUNDEV.dmg to /local/S/jenkins/workspace/shared/Artifactory/OSX/tmp/tmpWAk9hH
build.py: error: Command failed with error code: 1
[Pipeline] }
[Pipeline] // withEnv
[Pipeline] }
[Pipeline] // stage
[Pipeline] }
[Pipeline] // timestamps
[Pipeline] }
[Pipeline] // timeout
[Pipeline] emailextrecipients
[Pipeline] echo
No recipients to send notification.
[Pipeline] }
[Pipeline] // node
[Pipeline] End of Pipeline
ERROR: script returned exit code 1
Finished: FAILURE
