================================================================================
                                 setup (Debug)
================================================================================

================================================================================
                             setup (RelWithDebInfo)
================================================================================
Deleting subst P:
Deleting subst W:
[Pipeline] }
[Pipeline] // withEnv
[Pipeline] }
[Pipeline] // stage
[Pipeline] }
[Pipeline] // timestamps
[Pipeline] }
[Pipeline] // timeout
[Pipeline] timeout
Timeout set to expire in 6 hr 0 min
[Pipeline] {
[Pipeline] timestamps
[Pipeline] {
[Pipeline] stage
[Pipeline] { (Clean)
[Pipeline] withEnv
[Pipeline] {
[Pipeline] bat
[ecg-mayausd-branch-preflight-2020-windows] Running batch script
Subst W: S:\jenkins\workspace\ecg-mayausd-branch-preflight-2020-windows
Subst P: S:\jenkins\workspace
"C:\Program Files (x86)\Microsoft Visual Studio\2017\Professional\VC\Auxiliary\Build\vcvarsall.bat" x64
**********************************************************************
** Visual Studio 2017 Developer Command Prompt v15.9.15
** Copyright (c) 2017 Microsoft Corporation
**********************************************************************
[vcvarsall.bat] Environment initialized for: 'x64'
python ecg-maya-usd/build.py --stages=clean --workspace-dir=W:\ --artifactory-dir=P:\shared\Artifactory --build-dir=W:\build --install-dir=W:\install --signing-dir=W:\signing --package-dir=W:\package --output-dir=W:\output --stash-dir=W:\stash --jenkins-build=43 --git-commit=28b061406184510a6efa5491ac28ccf0afdc5a55 --git-branch=master --maya-package=rundev-2020 --stage-banner
Searching for available Maya cuts in P:\shared\Artifactory\Windows\rundev-2020
Using Maya cut from P:\shared\Artifactory\Windows\rundev-2020\202004291615\runtime\df03b16

================================================================================
                                 clean (Debug)
================================================================================
running clean stage....................
build.py: internal error: Unable to find Debug Python library in Maya runtime.
Deleting subst P:
[Pipeline] }
[Pipeline] // withEnv
[Pipeline] }
[Pipeline] // stage
[Pipeline] }
[Pipeline] // timestamps
[Pipeline] }
[Pipeline] // timeout
[Pipeline] emailextrecipients
[Pipeline] echo
No recipients to send notification.
[Pipeline] }
[Pipeline] // node
[Pipeline] End of Pipeline
ERROR: script returned exit code 1
Finished: FAILURE
