================================================================================
                                 setup (Debug)
================================================================================
[Pipeline] }
[Pipeline] // withEnv
[Pipeline] withEnv
[Pipeline] {
[Pipeline] sh
[ecg-mayausd-branch-preflight-python3-osx] Running shell script
+ python ecg-maya-usd/build.py --stages=setup --workspace-dir=/local/S/jenkins/workspace/ecg-mayausd-branch-preflight-python3-osx --artifactory-dir=/local/S/jenkins/workspace/shared/Artifactory --build-dir=/local/S/jenkins/workspace/ecg-mayausd-branch-preflight-python3-osx/build --install-dir=/local/S/jenkins/workspace/ecg-mayausd-branch-preflight-python3-osx/install --signing-dir=/local/S/jenkins/workspace/ecg-mayausd-branch-preflight-python3-osx/signing --package-dir=/local/S/jenkins/workspace/ecg-mayausd-branch-preflight-python3-osx/package --output-dir=/local/S/jenkins/workspace/ecg-mayausd-branch-preflight-python3-osx/output --stash-dir=/local/S/jenkins/workspace/ecg-mayausd-branch-preflight-python3-osx/stash --jenkins-build=1745 --git-commit=163d7781121257ef6577827bd52f8e6d65d9fe35 --git-branch=master --variants=RelWithDebInfo --python=3.9 --post-zips=false --extra-license-file=ecg-maya-usd/jenkins/melicense.lic --prune-versions=3 --prune-revisions=3 --maya-cut-config=maya-rundev-master.yaml --stage-banner --prune-artifacts --force-pruning
Using Maya cut from /local/S/jenkins/workspace/shared/Artifactory/OSX/rundev-master/202203071515/runtime/d3090df

================================================================================
                             setup (RelWithDebInfo)
================================================================================
Installing license file 'melicense.lic'.
[Pipeline] }
[Pipeline] // withEnv
[Pipeline] }
[Pipeline] // stage
[Pipeline] }
[Pipeline] // timestamps
[Pipeline] }
[Pipeline] // timeout
[Pipeline] timeout
Timeout set to expire in 6 hr 0 min
[Pipeline] {
[Pipeline] timestamps
[Pipeline] {
[Pipeline] stage
[Pipeline] { (Clean)
[Pipeline] withEnv
[Pipeline] {
[Pipeline] sh
[ecg-mayausd-branch-preflight-python3-osx] Running shell script
+ python ecg-maya-usd/build.py --stages=clean --workspace-dir=/local/S/jenkins/workspace/ecg-mayausd-branch-preflight-python3-osx --artifactory-dir=/local/S/jenkins/workspace/shared/Artifactory --build-dir=/local/S/jenkins/workspace/ecg-mayausd-branch-preflight-python3-osx/build --install-dir=/local/S/jenkins/workspace/ecg-mayausd-branch-preflight-python3-osx/install --signing-dir=/local/S/jenkins/workspace/ecg-mayausd-branch-preflight-python3-osx/signing --package-dir=/local/S/jenkins/workspace/ecg-mayausd-branch-preflight-python3-osx/package --output-dir=/local/S/jenkins/workspace/ecg-mayausd-branch-preflight-python3-osx/output --stash-dir=/local/S/jenkins/workspace/ecg-mayausd-branch-preflight-python3-osx/stash --jenkins-build=1745 --git-commit=163d7781121257ef6577827bd52f8e6d65d9fe35 --git-branch=master --variants=Debug --python=3.9 --post-zips=false --maya-cut-config=maya-rundev-master-debug.yaml --stage-banner
Using Maya cut from /local/S/jenkins/workspace/shared/Artifactory/OSX/rundev-master-debug/202203061515/runtime/0534d93

================================================================================
                                 clean (Debug)
================================================================================
Maya Python Debug Info:
  mayapy executable   = /local/S/jenkins/workspace/shared/Artifactory/OSX/rundev-master-debug/202203061515/runtime/0534d93/runTime/Maya.app/Contents/bin/mayapy
  Include Folder      = /local/S/jenkins/workspace/shared/Artifactory/OSX/rundev-master-debug/202203061515/runtime/0534d93/runTime/Maya.app/Contents/Frameworks/Python.framework/Versions/Current/include/python3.9
  Library             = /local/S/jenkins/workspace/shared/Artifactory/OSX/rundev-master-debug/202203061515/runtime/0534d93/runTime/Maya.app/Contents/Frameworks/Python.framework/Versions/Current/lib/libpython3.9.dylib
  site-package Folder = /local/S/jenkins/workspace/shared/Artifactory/OSX/rundev-master-debug/202203061515/runtime/0534d93/runTime/Maya.app/Contents/Frameworks/Python.framework/Versions/Current/lib/python3.9/site-packages
In workdir: /local/S/jenkins/workspace/ecg-mayausd-branch-preflight-python3-osx/ecg-maya-usd/maya-usd
Executing: /local/S/jenkins/workspace/shared/Artifactory/OSX/rundev-master-debug/202203061515/runtime/0534d93/runTime/Maya.app/Contents/bin/mayapy /local/S/jenkins/workspace/ecg-mayausd-branch-preflight-python3-osx/ecg-maya-usd/maya-usd/build.py --generator Ninja --build-debug --maya-location /local/S/jenkins/workspace/shared/Artifactory/OSX/rundev-master-debug/202203061515/runtime/0534d93/runTime --devkit-location /local/S/jenkins/workspace/shared/Artifactory/OSX/rundev-master-debug/202203061515/runtime/0534d93/devkitBase --pxrusd-location /local/S/jenkins/workspace/shared/Artifactory/OSX/USD/cd30dde --qt-location /local/S/jenkins/workspace/shared/Artifactory/OSX/qt/5.15.2/d5fea24 --build-args=-DCMAKE_MAKE_PROGRAM=/local/S/jenkins/workspace/shared/Artifactory/OSX/ninja/1.9.0/41005eb/ninja,-DPYTHON_INCLUDE_DIR=/local/S/jenkins/workspace/shared/Artifactory/OSX/rundev-master-debug/202203061515/runtime/0534d93/runTime/Maya.app/Contents/Frameworks/Python.framework/Versions/Current/include/python3.9,-DPython_EXECUTABLE=/local/S/jenkins/workspace/shared/Artifactory/OSX/rundev-master-debug/202203061515/runtime/0534d93/runTime/Maya.app/Contents/bin/mayapy,-DPYTHON_LIBRARIES=/local/S/jenkins/workspace/shared/Artifactory/OSX/rundev-master-debug/202203061515/runtime/0534d93/runTime/Maya.app/Contents/Frameworks/Python.framework/Versions/Current/lib/libpython3.9.dylib,-DBUILD_WITH_PYTHON_3=ON,-DBUILD_WITH_PYTHON_3_VERSION=3.9,-DUSD_LIB_PREFIX=lib,-DCMAKE_WANT_MATERIALX_BUILD=ON,-DCMAKE_PREFIX_PATH=/local/S/jenkins/workspace/shared/Artifactory/OSX/USD/cd30dde '--ctest-args=-E testUsdReferenceAssemblySelection|testUsdMayaAppDir,-LE interactive,--parallel 4' --stages=clean --redirect-outstream-file=False --install-location /local/S/jenkins/workspace/ecg-mayausd-branch-preflight-python3-osx/install/Debug/MayaUSD /local/S/jenkins/workspace/ecg-mayausd-branch-preflight-python3-osx
Modified environment variables:
    PATH=/local/S/jenkins/workspace/shared/Artifactory/OSX/cmake/3.14.4/e159059/bin:/usr/local/bin:/bin:/usr/sbin:/sbin:/usr/bin
    
        Building with settings:
          Source directory          /local/S/jenkins/workspace/ecg-mayausd-branch-preflight-python3-osx/ecg-maya-usd/maya-usd
          Workspace directory       /local/S/jenkins/workspace/ecg-mayausd-branch-preflight-python3-osx
          Build directory           /local/S/jenkins/workspace/ecg-mayausd-branch-preflight-python3-osx/build/Debug
          Install directory         /local/S/jenkins/workspace/ecg-mayausd-branch-preflight-python3-osx/install/Debug/MayaUSD
          Variant                   Debug
          Python Debug              Off
          CMake generator           Ninja
          Build arguments           ['-DCMAKE_MAKE_PROGRAM=/local/S/jenkins/workspace/shared/Artifactory/OSX/ninja/1.9.0/41005eb/ninja', '-DPYTHON_INCLUDE_DIR=/local/S/jenkins/workspace/shared/Artifactory/OSX/rundev-master-debug/202203061515/runtime/0534d93/runTime/Maya.app/Contents/Frameworks/Python.framework/Versions/Current/include/python3.9', '-DPython_EXECUTABLE=/local/S/jenkins/workspace/shared/Artifactory/OSX/rundev-master-debug/202203061515/runtime/0534d93/runTime/Maya.app/Contents/bin/mayapy', '-DPYTHON_LIBRARIES=/local/S/jenkins/workspace/shared/Artifactory/OSX/rundev-master-debug/202203061515/runtime/0534d93/runTime/Maya.app/Contents/Frameworks/Python.framework/Versions/Current/lib/libpython3.9.dylib', '-DBUILD_WITH_PYTHON_3=ON', '-DBUILD_WITH_PYTHON_3_VERSION=3.9', '-DUSD_LIB_PREFIX=lib', '-DCMAKE_WANT_MATERIALX_BUILD=ON', '-DCMAKE_PREFIX_PATH=/local/S/jenkins/workspace/shared/Artifactory/OSX/USD/cd30dde']
          Stages arguments          ['clean']
          CTest arguments           ['-E testUsdReferenceAssemblySelection|testUsdMayaAppDir', '-LE interactive', '--parallel 4']
    Success MayaUSD build and install !!!!
    Elapsed time: 00:00:00
[Pipeline] }
[Pipeline] // withEnv
[Pipeline] withEnv
[Pipeline] {
[Pipeline] sh
[ecg-mayausd-branch-preflight-python3-osx] Running shell script
+ python ecg-maya-usd/build.py --stages=clean --workspace-dir=/local/S/jenkins/workspace/ecg-mayausd-branch-preflight-python3-osx --artifactory-dir=/local/S/jenkins/workspace/shared/Artifactory --build-dir=/local/S/jenkins/workspace/ecg-mayausd-branch-preflight-python3-osx/build --install-dir=/local/S/jenkins/workspace/ecg-mayausd-branch-preflight-python3-osx/install --signing-dir=/local/S/jenkins/workspace/ecg-mayausd-branch-preflight-python3-osx/signing --package-dir=/local/S/jenkins/workspace/ecg-mayausd-branch-preflight-python3-osx/package --output-dir=/local/S/jenkins/workspace/ecg-mayausd-branch-preflight-python3-osx/output --stash-dir=/local/S/jenkins/workspace/ecg-mayausd-branch-preflight-python3-osx/stash --jenkins-build=1745 --git-commit=163d7781121257ef6577827bd52f8e6d65d9fe35 --git-branch=master --variants=RelWithDebInfo --python=3.9 --post-zips=false --maya-cut-config=maya-rundev-master.yaml --stage-banner
Using Maya cut from /local/S/jenkins/workspace/shared/Artifactory/OSX/rundev-master/202203071515/runtime/d3090df

================================================================================
                             clean (RelWithDebInfo)
================================================================================
Maya Python RelWithDebInfo Info:
  mayapy executable   = /local/S/jenkins/workspace/shared/Artifactory/OSX/rundev-master/202203071515/runtime/d3090df/runTime/Maya.app/Contents/bin/mayapy
  Include Folder      = /local/S/jenkins/workspace/shared/Artifactory/OSX/rundev-master/202203071515/runtime/d3090df/runTime/Maya.app/Contents/Frameworks/Python.framework/Versions/Current/include/python3.9
  Library             = /local/S/jenkins/workspace/shared/Artifactory/OSX/rundev-master/202203071515/runtime/d3090df/runTime/Maya.app/Contents/Frameworks/Python.framework/Versions/Current/lib/libpython3.9.dylib
  site-package Folder = /local/S/jenkins/workspace/shared/Artifactory/OSX/rundev-master/202203071515/runtime/d3090df/runTime/Maya.app/Contents/Frameworks/Python.framework/Versions/Current/lib/python3.9/site-packages
In workdir: /local/S/jenkins/workspace/ecg-mayausd-branch-preflight-python3-osx/ecg-maya-usd/maya-usd
Executing: /local/S/jenkins/workspace/shared/Artifactory/OSX/rundev-master/202203071515/runtime/d3090df/runTime/Maya.app/Contents/bin/mayapy /local/S/jenkins/workspace/ecg-mayausd-branch-preflight-python3-osx/ecg-maya-usd/maya-usd/build.py --generator Ninja --build-relwithdebug --maya-location /local/S/jenkins/workspace/shared/Artifactory/OSX/rundev-master/202203071515/runtime/d3090df/runTime --devkit-location /local/S/jenkins/workspace/shared/Artifactory/OSX/rundev-master/202203071515/runtime/d3090df/devkitBase --pxrusd-location /local/S/jenkins/workspace/shared/Artifactory/OSX/USD/021b7fb --qt-location /local/S/jenkins/workspace/shared/Artifactory/OSX/qt/5.15.2/d5fea24 --build-args=-DCMAKE_MAKE_PROGRAM=/local/S/jenkins/workspace/shared/Artifactory/OSX/ninja/1.9.0/41005eb/ninja,-DPYTHON_INCLUDE_DIR=/local/S/jenkins/workspace/shared/Artifactory/OSX/rundev-master/202203071515/runtime/d3090df/runTime/Maya.app/Contents/Frameworks/Python.framework/Versions/Current/include/python3.9,-DPython_EXECUTABLE=/local/S/jenkins/workspace/shared/Artifactory/OSX/rundev-master/202203071515/runtime/d3090df/runTime/Maya.app/Contents/bin/mayapy,-DPYTHON_LIBRARIES=/local/S/jenkins/workspace/shared/Artifactory/OSX/rundev-master/202203071515/runtime/d3090df/runTime/Maya.app/Contents/Frameworks/Python.framework/Versions/Current/lib/libpython3.9.dylib,-DBUILD_WITH_PYTHON_3=ON,-DBUILD_WITH_PYTHON_3_VERSION=3.9,-DUSD_LIB_PREFIX=lib,-DCMAKE_WANT_MATERIALX_BUILD=ON,-DCMAKE_PREFIX_PATH=/local/S/jenkins/workspace/shared/Artifactory/OSX/USD/021b7fb '--ctest-args=-E testUsdReferenceAssemblySelection|testUsdMayaAppDir,-LE interactive,--parallel 4' --stages=clean --redirect-outstream-file=False --install-location /local/S/jenkins/workspace/ecg-mayausd-branch-preflight-python3-osx/install/RelWithDebInfo/MayaUSD /local/S/jenkins/workspace/ecg-mayausd-branch-preflight-python3-osx
Modified environment variables:
    PATH=/local/S/jenkins/workspace/shared/Artifactory/OSX/cmake/3.14.4/e159059/bin:/usr/local/bin:/bin:/usr/sbin:/sbin:/usr/bin
    
        Building with settings:
          Source directory          /local/S/jenkins/workspace/ecg-mayausd-branch-preflight-python3-osx/ecg-maya-usd/maya-usd
          Workspace directory       /local/S/jenkins/workspace/ecg-mayausd-branch-preflight-python3-osx
          Build directory           /local/S/jenkins/workspace/ecg-mayausd-branch-preflight-python3-osx/build/RelWithDebInfo
          Install directory         /local/S/jenkins/workspace/ecg-mayausd-branch-preflight-python3-osx/install/RelWithDebInfo/MayaUSD
          Variant                   RelWithDebInfo
          Python Debug              Off
          CMake generator           Ninja
          Build arguments           ['-DCMAKE_MAKE_PROGRAM=/local/S/jenkins/workspace/shared/Artifactory/OSX/ninja/1.9.0/41005eb/ninja', '-DPYTHON_INCLUDE_DIR=/local/S/jenkins/workspace/shared/Artifactory/OSX/rundev-master/202203071515/runtime/d3090df/runTime/Maya.app/Contents/Frameworks/Python.framework/Versions/Current/include/python3.9', '-DPython_EXECUTABLE=/local/S/jenkins/workspace/shared/Artifactory/OSX/rundev-master/202203071515/runtime/d3090df/runTime/Maya.app/Contents/bin/mayapy', '-DPYTHON_LIBRARIES=/local/S/jenkins/workspace/shared/Artifactory/OSX/rundev-master/202203071515/runtime/d3090df/runTime/Maya.app/Contents/Frameworks/Python.framework/Versions/Current/lib/libpython3.9.dylib', '-DBUILD_WITH_PYTHON_3=ON', '-DBUILD_WITH_PYTHON_3_VERSION=3.9', '-DUSD_LIB_PREFIX=lib', '-DCMAKE_WANT_MATERIALX_BUILD=ON', '-DCMAKE_PREFIX_PATH=/local/S/jenkins/workspace/shared/Artifactory/OSX/USD/021b7fb']
          Stages arguments          ['clean']
          CTest arguments           ['-E testUsdReferenceAssemblySelection|testUsdMayaAppDir', '-LE interactive', '--parallel 4']
    Success MayaUSD build and install !!!!
    Elapsed time: 00:00:00
[Pipeline] }
[Pipeline] // withEnv
[Pipeline] }
[Pipeline] // stage
[Pipeline] }
[Pipeline] // timestamps
[Pipeline] }
[Pipeline] // timeout
[Pipeline] timeout
Timeout set to expire in 6 hr 0 min
[Pipeline] {
[Pipeline] timestamps
[Pipeline] {
[Pipeline] stage
[Pipeline] { (Configure)
[Pipeline] withEnv
[Pipeline] {
[Pipeline] sh
[ecg-mayausd-branch-preflight-python3-osx] Running shell script
+ python ecg-maya-usd/build.py --stages=configure --workspace-dir=/local/S/jenkins/workspace/ecg-mayausd-branch-preflight-python3-osx --artifactory-dir=/local/S/jenkins/workspace/shared/Artifactory --build-dir=/local/S/jenkins/workspace/ecg-mayausd-branch-preflight-python3-osx/build --install-dir=/local/S/jenkins/workspace/ecg-mayausd-branch-preflight-python3-osx/install --signing-dir=/local/S/jenkins/workspace/ecg-mayausd-branch-preflight-python3-osx/signing --package-dir=/local/S/jenkins/workspace/ecg-mayausd-branch-preflight-python3-osx/package --output-dir=/local/S/jenkins/workspace/ecg-mayausd-branch-preflight-python3-osx/output --stash-dir=/local/S/jenkins/workspace/ecg-mayausd-branch-preflight-python3-osx/stash --jenkins-build=1745 --git-commit=163d7781121257ef6577827bd52f8e6d65d9fe35 --git-branch=master --variants=Debug --python=3.9 --post-zips=false --maya-cut-config=maya-rundev-master-debug.yaml --stage-banner
Using Maya cut from /local/S/jenkins/workspace/shared/Artifactory/OSX/rundev-master-debug/202203061515/runtime/0534d93

================================================================================
                               configure (Debug)
================================================================================
Maya Python Debug Info:
  mayapy executable   = /local/S/jenkins/workspace/shared/Artifactory/OSX/rundev-master-debug/202203061515/runtime/0534d93/runTime/Maya.app/Contents/bin/mayapy
  Include Folder      = /local/S/jenkins/workspace/shared/Artifactory/OSX/rundev-master-debug/202203061515/runtime/0534d93/runTime/Maya.app/Contents/Frameworks/Python.framework/Versions/Current/include/python3.9
  Library             = /local/S/jenkins/workspace/shared/Artifactory/OSX/rundev-master-debug/202203061515/runtime/0534d93/runTime/Maya.app/Contents/Frameworks/Python.framework/Versions/Current/lib/libpython3.9.dylib
  site-package Folder = /local/S/jenkins/workspace/shared/Artifactory/OSX/rundev-master-debug/202203061515/runtime/0534d93/runTime/Maya.app/Contents/Frameworks/Python.framework/Versions/Current/lib/python3.9/site-packages
In workdir: /local/S/jenkins/workspace/ecg-mayausd-branch-preflight-python3-osx/ecg-maya-usd/maya-usd
Executing: /local/S/jenkins/workspace/shared/Artifactory/OSX/rundev-master-debug/202203061515/runtime/0534d93/runTime/Maya.app/Contents/bin/mayapy /local/S/jenkins/workspace/ecg-mayausd-branch-preflight-python3-osx/ecg-maya-usd/maya-usd/build.py --generator Ninja --build-debug --maya-location /local/S/jenkins/workspace/shared/Artifactory/OSX/rundev-master-debug/202203061515/runtime/0534d93/runTime --devkit-location /local/S/jenkins/workspace/shared/Artifactory/OSX/rundev-master-debug/202203061515/runtime/0534d93/devkitBase --pxrusd-location /local/S/jenkins/workspace/shared/Artifactory/OSX/USD/cd30dde --qt-location /local/S/jenkins/workspace/shared/Artifactory/OSX/qt/5.15.2/d5fea24 --build-args=-DCMAKE_MAKE_PROGRAM=/local/S/jenkins/workspace/shared/Artifactory/OSX/ninja/1.9.0/41005eb/ninja,-DPYTHON_INCLUDE_DIR=/local/S/jenkins/workspace/shared/Artifactory/OSX/rundev-master-debug/202203061515/runtime/0534d93/runTime/Maya.app/Contents/Frameworks/Python.framework/Versions/Current/include/python3.9,-DPython_EXECUTABLE=/local/S/jenkins/workspace/shared/Artifactory/OSX/rundev-master-debug/202203061515/runtime/0534d93/runTime/Maya.app/Contents/bin/mayapy,-DPYTHON_LIBRARIES=/local/S/jenkins/workspace/shared/Artifactory/OSX/rundev-master-debug/202203061515/runtime/0534d93/runTime/Maya.app/Contents/Frameworks/Python.framework/Versions/Current/lib/libpython3.9.dylib,-DBUILD_WITH_PYTHON_3=ON,-DBUILD_WITH_PYTHON_3_VERSION=3.9,-DUSD_LIB_PREFIX=lib,-DCMAKE_WANT_MATERIALX_BUILD=ON,-DCMAKE_PREFIX_PATH=/local/S/jenkins/workspace/shared/Artifactory/OSX/USD/cd30dde '--ctest-args=-E testUsdReferenceAssemblySelection|testUsdMayaAppDir,-LE interactive,--parallel 4' --stages=configure --redirect-outstream-file=False --install-location /local/S/jenkins/workspace/ecg-mayausd-branch-preflight-python3-osx/install/Debug/MayaUSD /local/S/jenkins/workspace/ecg-mayausd-branch-preflight-python3-osx
Modified environment variables:
    PATH=/local/S/jenkins/workspace/shared/Artifactory/OSX/cmake/3.14.4/e159059/bin:/usr/local/bin:/bin:/usr/sbin:/sbin:/usr/bin
    -- The C compiler identification is AppleClang 10.0.1.10010046
    -- The CXX compiler identification is AppleClang 10.0.1.10010046
    -- Check for working C compiler: /Applications/Xcode.app/Contents/Developer/Toolchains/XcodeDefault.xctoolchain/usr/bin/cc
    -- Check for working C compiler: /Applications/Xcode.app/Contents/Developer/Toolchains/XcodeDefault.xctoolchain/usr/bin/cc -- works
    -- Detecting C compiler ABI info
    -- Detecting C compiler ABI info - done
    -- Detecting C compile features
    -- Detecting C compile features - done
    -- Check for working CXX compiler: /Applications/Xcode.app/Contents/Developer/Toolchains/XcodeDefault.xctoolchain/usr/bin/c++
    -- Check for working CXX compiler: /Applications/Xcode.app/Contents/Developer/Toolchains/XcodeDefault.xctoolchain/usr/bin/c++ -- works
    -- Detecting CXX compiler ABI info
    -- Detecting CXX compiler ABI info - done
    -- Detecting CXX compile features
    -- Detecting CXX compile features - done
    -- Using Maya Light API Version 2
    -- Maya has setDefaultMaterialHandling API
    -- Maya has new point snapping API
    -- Maya has getCurrentUfeCameraPath
    -- Maya has isInCrashHandler API
    -- Maya has setUfeIdentifiers API
    -- Maya has updateUfeIdentifiers API
    -- Maya has getDisplayStyleOfAllViewports API
    -- Maya array iterator has difference_type trait
    -- Found Maya: /local/S/jenkins/workspace/shared/Artifactory/OSX/rundev-master-debug/202203061515/runtime/0534d93/runTime/maya.app/Contents/MacOS/Maya (found suitable version "2024", minimum required is "2018")
    -- Found Python: /local/S/jenkins/workspace/shared/Artifactory/OSX/rundev-master-debug/202203061515/runtime/0534d93/runTime/Maya.app/Contents/bin/mayapy (found suitable exact version "3.9.7") found components:  Interpreter
    -- Build MayaUSD with Python3 = ON
    --    PYTHON_INCLUDE_DIRS = /local/S/jenkins/workspace/shared/Artifactory/OSX/rundev-master-debug/202203061515/runtime/0534d93/runTime/Maya.app/Contents/Frameworks/Python.framework/Versions/Current/include/python3.9
    --    PYTHON_LIBRARIES    = /local/S/jenkins/workspace/shared/Artifactory/OSX/rundev-master-debug/202203061515/runtime/0534d93/runTime/Maya.app/Contents/Frameworks/Python.framework/Versions/Current/lib/libpython3.9.dylib
    --    Python_EXECUTABLE   = /local/S/jenkins/workspace/shared/Artifactory/OSX/rundev-master-debug/202203061515/runtime/0534d93/runTime/Maya.app/Contents/bin/mayapy
    -- Searching for main USD library libusd_usd.dylib
    -- USD include dir: /local/S/jenkins/workspace/shared/Artifactory/OSX/USD/cd30dde/include
    -- USD library dir:
    -- USD version: 0.21.11
    CMake Error at /local/S/jenkins/workspace/shared/Artifactory/OSX/cmake/3.14.4/e159059/share/cmake-3.14/Modules/FindPackageHandleStandardArgs.cmake:137 (message):
      Could NOT find USD (missing: USD_LIBRARY_DIR) (found suitable version
      "0.21.11", minimum required is "0.20.05")
    Call Stack (most recent call first):
      /local/S/jenkins/workspace/shared/Artifactory/OSX/cmake/3.14.4/e159059/share/cmake-3.14/Modules/FindPackageHandleStandardArgs.cmake:378 (_FPHSA_FAILURE_MESSAGE)
      cmake/modules/FindUSD.cmake:138 (find_package_handle_standard_args)
      CMakeLists.txt:104 (find_package)
    
    
    -- Configuring incomplete, errors occurred!
    See also "/local/S/jenkins/workspace/ecg-mayausd-branch-preflight-python3-osx/build/Debug/CMakeFiles/CMakeOutput.log".
    
        Building with settings:
          Source directory          /local/S/jenkins/workspace/ecg-mayausd-branch-preflight-python3-osx/ecg-maya-usd/maya-usd
          Workspace directory       /local/S/jenkins/workspace/ecg-mayausd-branch-preflight-python3-osx
          Build directory           /local/S/jenkins/workspace/ecg-mayausd-branch-preflight-python3-osx/build/Debug
          Install directory         /local/S/jenkins/workspace/ecg-mayausd-branch-preflight-python3-osx/install/Debug/MayaUSD
          Variant                   Debug
          Python Debug              Off
          CMake generator           Ninja
          Build arguments           ['-DCMAKE_MAKE_PROGRAM=/local/S/jenkins/workspace/shared/Artifactory/OSX/ninja/1.9.0/41005eb/ninja', '-DPYTHON_INCLUDE_DIR=/local/S/jenkins/workspace/shared/Artifactory/OSX/rundev-master-debug/202203061515/runtime/0534d93/runTime/Maya.app/Contents/Frameworks/Python.framework/Versions/Current/include/python3.9', '-DPython_EXECUTABLE=/local/S/jenkins/workspace/shared/Artifactory/OSX/rundev-master-debug/202203061515/runtime/0534d93/runTime/Maya.app/Contents/bin/mayapy', '-DPYTHON_LIBRARIES=/local/S/jenkins/workspace/shared/Artifactory/OSX/rundev-master-debug/202203061515/runtime/0534d93/runTime/Maya.app/Contents/Frameworks/Python.framework/Versions/Current/lib/libpython3.9.dylib', '-DBUILD_WITH_PYTHON_3=ON', '-DBUILD_WITH_PYTHON_3_VERSION=3.9', '-DUSD_LIB_PREFIX=lib', '-DCMAKE_WANT_MATERIALX_BUILD=ON', '-DCMAKE_PREFIX_PATH=/local/S/jenkins/workspace/shared/Artifactory/OSX/USD/cd30dde']
          Stages arguments          ['configure']
          CTest arguments           ['-E testUsdReferenceAssemblySelection|testUsdMayaAppDir', '-LE interactive', '--parallel 4']
    #####################################################################################
    log date: 2022-03-08 07:08
    commit sha: 99013000993b716ae164c6d972b382f9c97f3c62
    commit date: Tue Mar 8 09:51:46 2022 -0500
    #####################################################################################
    
    cmake -DCMAKE_INSTALL_PREFIX="/local/S/jenkins/workspace/ecg-mayausd-branch-preflight-python3-osx/install/Debug/MayaUSD" -DCMAKE_BUILD_TYPE=Debug -DCMAKE_EXPORT_COMPILE_COMMANDS=ON -G "Ninja" -DMAYA_LOCATION="/local/S/jenkins/workspace/shared/Artifactory/OSX/rundev-master-debug/202203061515/runtime/0534d93/runTime" -DPXR_USD_LOCATION="/local/S/jenkins/workspace/shared/Artifactory/OSX/USD/cd30dde" -DMAYA_DEVKIT_LOCATION="/local/S/jenkins/workspace/shared/Artifactory/OSX/rundev-master-debug/202203061515/runtime/0534d93/devkitBase" -DMAYAUSD_DEFINE_BOOST_DEBUG_PYTHON_FLAG=OFF -DQT_LOCATION="/local/S/jenkins/workspace/shared/Artifactory/OSX/qt/5.15.2/d5fea24" -DCMAKE_MAKE_PROGRAM=/local/S/jenkins/workspace/shared/Artifactory/OSX/ninja/1.9.0/41005eb/ninja -DPYTHON_INCLUDE_DIR=/local/S/jenkins/workspace/shared/Artifactory/OSX/rundev-master-debug/202203061515/runtime/0534d93/runTime/Maya.app/Contents/Frameworks/Python.framework/Versions/Current/include/python3.9 -DPython_EXECUTABLE=/local/S/jenkins/workspace/shared/Artifactory/OSX/rundev-master-debug/202203061515/runtime/0534d93/runTime/Maya.app/Contents/bin/mayapy -DPYTHON_LIBRARIES=/local/S/jenkins/workspace/shared/Artifactory/OSX/rundev-master-debug/202203061515/runtime/0534d93/runTime/Maya.app/Contents/Frameworks/Python.framework/Versions/Current/lib/libpython3.9.dylib -DBUILD_WITH_PYTHON_3=ON -DBUILD_WITH_PYTHON_3_VERSION=3.9 -DUSD_LIB_PREFIX=lib -DCMAKE_WANT_MATERIALX_BUILD=ON -DCMAKE_PREFIX_PATH=/local/S/jenkins/workspace/shared/Artifactory/OSX/USD/cd30dde "/local/S/jenkins/workspace/ecg-mayausd-branch-preflight-python3-osx/ecg-maya-usd/maya-usd"
    
    Traceback (most recent call last):
      File "/local/S/jenkins/workspace/ecg-mayausd-branch-preflight-python3-osx/ecg-maya-usd/maya-usd/build.py", line 602, in <module>
        BuildAndInstall(context, context.buildArgs, context.stagesArgs)
      File "/local/S/jenkins/workspace/ecg-mayausd-branch-preflight-python3-osx/ecg-maya-usd/maya-usd/build.py", line 371, in BuildAndInstall
        RunCMake(context, extraArgs, stagesArgs)
      File "/local/S/jenkins/workspace/ecg-mayausd-branch-preflight-python3-osx/ecg-maya-usd/maya-usd/build.py", line 265, in RunCMake
        Run(context,
      File "/local/S/jenkins/workspace/ecg-mayausd-branch-preflight-python3-osx/ecg-maya-usd/maya-usd/build.py", line 164, in Run
        raise RuntimeError("Failed to run '{cmd}'\nSee {log} for more details."
    RuntimeError: Failed to run 'cmake -DCMAKE_INSTALL_PREFIX="/local/S/jenkins/workspace/ecg-mayausd-branch-preflight-python3-osx/install/Debug/MayaUSD" -DCMAKE_BUILD_TYPE=Debug -DCMAKE_EXPORT_COMPILE_COMMANDS=ON -G "Ninja" -DMAYA_LOCATION="/local/S/jenkins/workspace/shared/Artifactory/OSX/rundev-master-debug/202203061515/runtime/0534d93/runTime" -DPXR_USD_LOCATION="/local/S/jenkins/workspace/shared/Artifactory/OSX/USD/cd30dde" -DMAYA_DEVKIT_LOCATION="/local/S/jenkins/workspace/shared/Artifactory/OSX/rundev-master-debug/202203061515/runtime/0534d93/devkitBase" -DMAYAUSD_DEFINE_BOOST_DEBUG_PYTHON_FLAG=OFF -DQT_LOCATION="/local/S/jenkins/workspace/shared/Artifactory/OSX/qt/5.15.2/d5fea24" -DCMAKE_MAKE_PROGRAM=/local/S/jenkins/workspace/shared/Artifactory/OSX/ninja/1.9.0/41005eb/ninja -DPYTHON_INCLUDE_DIR=/local/S/jenkins/workspace/shared/Artifactory/OSX/rundev-master-debug/202203061515/runtime/0534d93/runTime/Maya.app/Contents/Frameworks/Python.framework/Versions/Current/include/python3.9 -DPython_EXECUTABLE=/local/S/jenkins/workspace/shared/Artifactory/OSX/rundev-master-debug/202203061515/runtime/0534d93/runTime/Maya.app/Contents/bin/mayapy -DPYTHON_LIBRARIES=/local/S/jenkins/workspace/shared/Artifactory/OSX/rundev-master-debug/202203061515/runtime/0534d93/runTime/Maya.app/Contents/Frameworks/Python.framework/Versions/Current/lib/libpython3.9.dylib -DBUILD_WITH_PYTHON_3=ON -DBUILD_WITH_PYTHON_3_VERSION=3.9 -DUSD_LIB_PREFIX=lib -DCMAKE_WANT_MATERIALX_BUILD=ON -DCMAKE_PREFIX_PATH=/local/S/jenkins/workspace/shared/Artifactory/OSX/USD/cd30dde "/local/S/jenkins/workspace/ecg-mayausd-branch-preflight-python3-osx/ecg-maya-usd/maya-usd"'
    See /local/S/jenkins/workspace/ecg-mayausd-branch-preflight-python3-osx/build/Debug/build_log.txt for more details.
build.py: error: Command failed with error code: 1
[Pipeline] }
[Pipeline] // withEnv
[Pipeline] }
[Pipeline] // stage
[Pipeline] }
[Pipeline] // timestamps
[Pipeline] }
[Pipeline] // timeout
[Pipeline] emailextrecipients
[Pipeline] echo
No recipients to send notification.
[Pipeline] }
[Pipeline] // node
[Pipeline] End of Pipeline
ERROR: script returned exit code 1
Finished: FAILURE
