================================================================================
                                 setup (Debug)
================================================================================
Installing license file 'melicense.lic'.
[Pipeline] }
[Pipeline] // withEnv
[Pipeline] withEnv
[Pipeline] {
[Pipeline] sh
[ecg-mayausd-branch-preflight-python3-linux] Running shell script
+ scl enable devtoolset-6 -
python ecg-maya-usd/build.py --stages=setup --workspace-dir=/local/S/jenkins/workspace/ecg-mayausd-branch-preflight-python3-linux --artifactory-dir=/local/S/jenkins/workspace/shared/Artifactory --build-dir=/local/S/jenkins/workspace/ecg-mayausd-branch-preflight-python3-linux/build --install-dir=/local/S/jenkins/workspace/ecg-mayausd-branch-preflight-python3-linux/install --signing-dir=/local/S/jenkins/workspace/ecg-mayausd-branch-preflight-python3-linux/signing --package-dir=/local/S/jenkins/workspace/ecg-mayausd-branch-preflight-python3-linux/package --output-dir=/local/S/jenkins/workspace/ecg-mayausd-branch-preflight-python3-linux/output --stash-dir=/local/S/jenkins/workspace/ecg-mayausd-branch-preflight-python3-linux/stash --jenkins-build=1744 --git-commit=163d7781121257ef6577827bd52f8e6d65d9fe35 --git-branch=master --variants=RelWithDebInfo --python=3.9 --post-zips=false --extra-license-file=ecg-maya-usd/jenkins/melicense.lic --prune-versions=3 --prune-revisions=3 --maya-cut-config=maya-rundev-master.yaml --stage-banner --prune-artifacts --force-pruning
Getting Maya cut download URL from Maya SHA-1 hash
Finding Artifactory servers response times
[VERBOSE] Start loading URL (CURL): https://art-bobcat.autodesk.com/artifactory/api/system/ping
[DEBUG] Running: /usr/bin/curl -s -X GET --keepalive-time 10 --connect-timeout 60 --speed-limit 10000 --speed-time 60 --max-time 3600 --retry 5 --retry-max-time 2400 -H Connection:close https://art-bobcat.autodesk.com/artifactory/api/system/ping
[DEBUG] Output:
OK
[VERBOSE] End loading URL (CURL): https://art-bobcat.autodesk.com/artifactory/api/system/ping
[VERBOSE] Start loading URL (CURL): https://art-bear.autodesk.com/artifactory/api/system/ping
[DEBUG] Running: /usr/bin/curl -s -X GET --keepalive-time 10 --connect-timeout 60 --speed-limit 10000 --speed-time 60 --max-time 3600 --retry 5 --retry-max-time 2400 -H Connection:close https://art-bear.autodesk.com/artifactory/api/system/ping
[DEBUG] Output:
OK
[VERBOSE] End loading URL (CURL): https://art-bear.autodesk.com/artifactory/api/system/ping
[VERBOSE] Start loading URL (CURL): https://art-marmotte.autodesk.com/artifactory/api/system/ping
[DEBUG] Running: /usr/bin/curl -s -X GET --keepalive-time 10 --connect-timeout 60 --speed-limit 10000 --speed-time 60 --max-time 3600 --retry 5 --retry-max-time 2400 -H Connection:close https://art-marmotte.autodesk.com/artifactory/api/system/ping
[DEBUG] Output:
OK
[VERBOSE] End loading URL (CURL): https://art-marmotte.autodesk.com/artifactory/api/system/ping
[VERBOSE] Start loading URL (CURL): https://art-cougar.autodesk.com/artifactory/api/system/ping
[DEBUG] Running: /usr/bin/curl -s -X GET --keepalive-time 10 --connect-timeout 60 --speed-limit 10000 --speed-time 60 --max-time 3600 --retry 5 --retry-max-time 2400 -H Connection:close https://art-cougar.autodesk.com/artifactory/api/system/ping
[DEBUG] Output:
OK
[VERBOSE] End loading URL (CURL): https://art-cougar.autodesk.com/artifactory/api/system/ping
[VERBOSE] Start loading URL (CURL): https://art-hare.autodesk.com/artifactory/api/system/ping
[DEBUG] Running: /usr/bin/curl -s -X GET --keepalive-time 10 --connect-timeout 60 --speed-limit 10000 --speed-time 60 --max-time 3600 --retry 5 --retry-max-time 2400 -H Connection:close https://art-hare.autodesk.com/artifactory/api/system/ping
[DEBUG] Output:
OK
[VERBOSE] End loading URL (CURL): https://art-hare.autodesk.com/artifactory/api/system/ping
[VERBOSE] Start loading URL (CURL): https://art-panda.autodesk.com/artifactory/api/system/ping
[DEBUG] Running: /usr/bin/curl -s -X GET --keepalive-time 10 --connect-timeout 60 --speed-limit 10000 --speed-time 60 --max-time 3600 --retry 5 --retry-max-time 2400 -H Connection:close https://art-panda.autodesk.com/artifactory/api/system/ping
[DEBUG] Output:
OK
[VERBOSE] End loading URL (CURL): https://art-panda.autodesk.com/artifactory/api/system/ping
[VERBOSE] Start loading URL (CURL): https://art-lion.autodesk.com/artifactory/api/system/ping
[DEBUG] Running: /usr/bin/curl -s -X GET --keepalive-time 10 --connect-timeout 60 --speed-limit 10000 --speed-time 60 --max-time 3600 --retry 5 --retry-max-time 2400 -H Connection:close https://art-lion.autodesk.com/artifactory/api/system/ping
[DEBUG] Output:
OK
[VERBOSE] End loading URL (CURL): https://art-lion.autodesk.com/artifactory/api/system/ping
[VERBOSE] Start loading URL (CURL): https://art-kangaroo.autodesk.com/artifactory/api/system/ping
[DEBUG] Running: /usr/bin/curl -s -X GET --keepalive-time 10 --connect-timeout 60 --speed-limit 10000 --speed-time 60 --max-time 3600 --retry 5 --retry-max-time 2400 -H Connection:close https://art-kangaroo.autodesk.com/artifactory/api/system/ping
[DEBUG] Output:
OK
[VERBOSE] End loading URL (CURL): https://art-kangaroo.autodesk.com/artifactory/api/system/ping
[VERBOSE] Start loading URL (CURL): https://art-bobcat.autodesk.com/artifactory/api/search/checksum?sha1=a4eec64b46284b23a6bf56c102ac3a2f7d4554a0
[DEBUG] Running: /usr/bin/curl -s -X GET --keepalive-time 10 --connect-timeout 60 --speed-limit 10000 --speed-time 60 --max-time 3600 --retry 5 --retry-max-time 2400 -H Connection:close -H Authorization:Basic ZWNnYmlmcm9zdDpvcGUqKjAw https://art-bobcat.autodesk.com/artifactory/api/search/checksum?sha1=a4eec64b46284b23a6bf56c102ac3a2f7d4554a0
[DEBUG] Output:
{
  "results" : [ {
    "uri" : "https://art-bobcat.autodesk.com:443/artifactory/api/storage/oss-stg-generic/Maya/master/2022-03-07-15-15/linux/202203071515-0aac09eebe-RUNDEV.tgz"
  } ]
}
[VERBOSE] End loading URL (CURL): https://art-bobcat.autodesk.com/artifactory/api/search/checksum?sha1=a4eec64b46284b23a6bf56c102ac3a2f7d4554a0
[VERBOSE] Start loading URL (CURL): https://art-bobcat.autodesk.com:443/artifactory/api/storage/oss-stg-generic/Maya/master/2022-03-07-15-15/linux/202203071515-0aac09eebe-RUNDEV.tgz
[DEBUG] Running: /usr/bin/curl -s -X GET --keepalive-time 10 --connect-timeout 60 --speed-limit 10000 --speed-time 60 --max-time 3600 --retry 5 --retry-max-time 2400 -H Connection:close -H Authorization:Basic ZWNnYmlmcm9zdDpvcGUqKjAw https://art-bobcat.autodesk.com:443/artifactory/api/storage/oss-stg-generic/Maya/master/2022-03-07-15-15/linux/202203071515-0aac09eebe-RUNDEV.tgz
[DEBUG] Output:
{
  "repo" : "oss-stg-generic",
  "path" : "/Maya/master/2022-03-07-15-15/linux/202203071515-0aac09eebe-RUNDEV.tgz",
  "created" : "2022-03-07T20:21:19.356-08:00",
  "createdBy" : "svc_p_mescm",
  "lastModified" : "2022-03-07T20:18:48.837-08:00",
  "modifiedBy" : "svc_p_mescm",
  "lastUpdated" : "2022-03-07T20:21:19.357-08:00",
  "downloadUri" : "https://art-bobcat.autodesk.com:443/artifactory/oss-stg-generic/Maya/master/2022-03-07-15-15/linux/202203071515-0aac09eebe-RUNDEV.tgz",
  "mimeType" : "application/x-gzip",
  "size" : "2261915357",
  "checksums" : {
    "sha1" : "a4eec64b46284b23a6bf56c102ac3a2f7d4554a0",
    "md5" : "a5722797d5d4388387fa26ef009acf4a",
    "sha256" : "5ddddeb73b181ee1336f14c82999e64e5e5f820472a7e34c3a80c869e1d79d90"
  },
  "originalChecksums" : {
    "sha1" : "a4eec64b46284b23a6bf56c102ac3a2f7d4554a0",
    "md5" : "a5722797d5d4388387fa26ef009acf4a",
    "sha256" : "5ddddeb73b181ee1336f14c82999e64e5e5f820472a7e34c3a80c869e1d79d90"
  },
  "uri" : "https://art-bobcat.autodesk.com:443/artifactory/api/storage/oss-stg-generic/Maya/master/2022-03-07-15-15/linux/202203071515-0aac09eebe-RUNDEV.tgz"
}
[VERBOSE] End loading URL (CURL): https://art-bobcat.autodesk.com:443/artifactory/api/storage/oss-stg-generic/Maya/master/2022-03-07-15-15/linux/202203071515-0aac09eebe-RUNDEV.tgz
Using Maya cut from /local/S/jenkins/workspace/shared/Artifactory/Linux/rundev-master/202203071515/runtime/a4eec64
Pruning artifacts in /local/S/jenkins/workspace/shared/Artifactory/Linux
The following artifact versions will be pruned:
	rundev-master-debug/202202221515
Removing directory: /local/S/jenkins/workspace/shared/Artifactory/Linux/rundev-master-debug/202202221515
[VERBOSE] Start loading URL (CURL): https://art-bobcat.autodesk.com:443/artifactory/api/storage/oss-stg-generic/Maya/master/2022-03-07-15-15/linux/202203071515-0aac09eebe-RUNDEV.tgz.multipart
[DEBUG] Running: /usr/bin/curl -s -X GET --keepalive-time 10 --connect-timeout 60 --speed-limit 10000 --speed-time 60 --max-time 3600 --retry 5 --retry-max-time 2400 -H Connection:close -H Authorization:Basic ZWNnYmlmcm9zdDpvcGUqKjAw https://art-bobcat.autodesk.com:443/artifactory/api/storage/oss-stg-generic/Maya/master/2022-03-07-15-15/linux/202203071515-0aac09eebe-RUNDEV.tgz.multipart
[DEBUG] Output:
{
  "errors" : [ {
    "status" : 404,
    "message" : "Unable to find item"
  } ]
}
[VERBOSE] End loading URL (CURL): https://art-bobcat.autodesk.com:443/artifactory/api/storage/oss-stg-generic/Maya/master/2022-03-07-15-15/linux/202203071515-0aac09eebe-RUNDEV.tgz.multipart
Downloading https://art-bobcat.autodesk.com:443/artifactory/oss-stg-generic/Maya/master/2022-03-07-15-15/linux/202203071515-0aac09eebe-RUNDEV.tgz to /local/S/jenkins/workspace/shared/Artifactory/Linux/tmp/tmpjtHL1O
[VERBOSE] Start downloading file (CURL): https://art-bobcat.autodesk.com:443/artifactory/oss-stg-generic/Maya/master/2022-03-07-15-15/linux/202203071515-0aac09eebe-RUNDEV.tgz
[DEBUG] Running: /usr/bin/curl -sI -X GET --keepalive-time 10 --connect-timeout 60 --speed-limit 10000 --speed-time 60 --max-time 3600 --retry 5 --retry-max-time 2400 -H Connection:close -H Authorization:Basic ZWNnYmlmcm9zdDpvcGUqKjAw https://art-bobcat.autodesk.com:443/artifactory/oss-stg-generic/Maya/master/2022-03-07-15-15/linux/202203071515-0aac09eebe-RUNDEV.tgz
[DEBUG] Header:
HTTP/1.1 200 OK
Date: Tue, 08 Mar 2022 15:14:58 GMT
Content-Type: application/x-gzip
Content-Length: 2261915357
Connection: close
X-JFrog-Version: Artifactory/7.33.12 73312900
X-Artifactory-Id: d940e6b2d78589ef1c7b14ef2a5bc64341bf059d
X-Artifactory-Node-Id: ussclpdrsync009
Last-Modified: Tue, 08 Mar 2022 04:18:48 GMT
ETag: a4eec64b46284b23a6bf56c102ac3a2f7d4554a0
X-Checksum-Sha1: a4eec64b46284b23a6bf56c102ac3a2f7d4554a0
X-Checksum-Sha256: 5ddddeb73b181ee1336f14c82999e64e5e5f820472a7e34c3a80c869e1d79d90
X-Checksum-Md5: a5722797d5d4388387fa26ef009acf4a
Accept-Ranges: bytes
X-Artifactory-Filename: 202203071515-0aac09eebe-RUNDEV.tgz
Content-Disposition: attachment; filename="202203071515-0aac09eebe-RUNDEV.tgz"; filename*=UTF-8''202203071515-0aac09eebe-RUNDEV.tgz
Access-Control-Allow-Methods: GET, PUT, POST, OPTIONS, HEAD
Access-Control-Allow-Headers: Authorization, Origin, X-Requested-With, Content-Type, Accept
Access-Control-Allow-Credentials: true
Set-Cookie: AlteonSC=2237145866.47873.0000; path=/; Httponly; Secure
[DEBUG] Running: /usr/bin/curl --progress-bar -X GET --keepalive-time 10 --connect-timeout 60 --speed-limit 10000 --speed-time 60 --max-time 3600 --retry 5 --retry-max-time 2400 -H Connection:close -H Authorization:Basic ZWNnYmlmcm9zdDpvcGUqKjAw https://art-bobcat.autodesk.com:443/artifactory/oss-stg-generic/Maya/master/2022-03-07-15-15/linux/202203071515-0aac09eebe-RUNDEV.tgz -o /local/S/jenkins/workspace/shared/Artifactory/Linux/tmp/tmpjtHL1O/202203071515-0aac09eebe-RUNDEV.tgz
      0% complete.
      1% complete.
      2% complete.
      3% complete.
      4% complete.
      5% complete.
      6% complete.
      7% complete.
      8% complete.
      9% complete.
     10% complete.
     11% complete.
     12% complete.
     13% complete.
     14% complete.
     15% complete.
     16% complete.
     17% complete.
     18% complete.
     19% complete.
     20% complete.
     21% complete.
     22% complete.
     23% complete.
     24% complete.
     25% complete.
     26% complete.
     27% complete.
     28% complete.
     29% complete.
     30% complete.
     31% complete.
     32% complete.
     33% complete.
     34% complete.
     35% complete.
     36% complete.
     37% complete.
     38% complete.
     39% complete.
     40% complete.
     41% complete.
     42% complete.
     43% complete.
     44% complete.
     45% complete.
     46% complete.
     47% complete.
     48% complete.
     49% complete.
     50% complete.
     51% complete.
     52% complete.
     53% complete.
     54% complete.
     55% complete.
     56% complete.
     57% complete.
     58% complete.
     59% complete.
     60% complete.
     61% complete.
     62% complete.
     63% complete.
     64% complete.
     65% complete.
     66% complete.
     67% complete.
     68% complete.
     69% complete.
     70% complete.
     71% complete.
     72% complete.
     73% complete.
     74% complete.
     75% complete.
     76% complete.
     77% complete.
     78% complete.
     79% complete.
     80% complete.
     81% complete.
     82% complete.
     83% complete.
     84% complete.
     85% complete.
     86% complete.
     87% complete.
     88% complete.
     89% complete.
     90% complete.
     91% complete.
     92% complete.
     93% complete.
     94% complete.
     95% complete.
     96% complete.
     97% complete.
     98% complete.
     99% complete.
    100% complete.
[VERBOSE] End downloading file (CURL): https://art-bobcat.autodesk.com:443/artifactory/oss-stg-generic/Maya/master/2022-03-07-15-15/linux/202203071515-0aac09eebe-RUNDEV.tgz
Extracting 202203071515-0aac09eebe-RUNDEV.tgz to /local/S/jenkins/workspace/shared/Artifactory/Linux/tmp/tmpeOwU3z
Installing on /local/S/jenkins/workspace/shared/Artifactory/Linux/rundev-master/202203071515/runtime/a4eec64

================================================================================
                             setup (RelWithDebInfo)
================================================================================
Installing license file 'melicense.lic'.
[Pipeline] }
[Pipeline] // withEnv
[Pipeline] }
[Pipeline] // stage
[Pipeline] }
[Pipeline] // timestamps
[Pipeline] }
[Pipeline] // timeout
[Pipeline] timeout
Timeout set to expire in 6 hr 0 min
[Pipeline] {
[Pipeline] timestamps
[Pipeline] {
[Pipeline] stage
[Pipeline] { (Clean)
[Pipeline] withEnv
[Pipeline] {
[Pipeline] sh
[ecg-mayausd-branch-preflight-python3-linux] Running shell script
+ scl enable devtoolset-6 -
python ecg-maya-usd/build.py --stages=clean --workspace-dir=/local/S/jenkins/workspace/ecg-mayausd-branch-preflight-python3-linux --artifactory-dir=/local/S/jenkins/workspace/shared/Artifactory --build-dir=/local/S/jenkins/workspace/ecg-mayausd-branch-preflight-python3-linux/build --install-dir=/local/S/jenkins/workspace/ecg-mayausd-branch-preflight-python3-linux/install --signing-dir=/local/S/jenkins/workspace/ecg-mayausd-branch-preflight-python3-linux/signing --package-dir=/local/S/jenkins/workspace/ecg-mayausd-branch-preflight-python3-linux/package --output-dir=/local/S/jenkins/workspace/ecg-mayausd-branch-preflight-python3-linux/output --stash-dir=/local/S/jenkins/workspace/ecg-mayausd-branch-preflight-python3-linux/stash --jenkins-build=1744 --git-commit=163d7781121257ef6577827bd52f8e6d65d9fe35 --git-branch=master --variants=Debug --python=3.9 --post-zips=false --maya-cut-config=maya-rundev-master-debug.yaml --stage-banner
Using Maya cut from /local/S/jenkins/workspace/shared/Artifactory/Linux/rundev-master-debug/202203061515/runtime/de58161

================================================================================
                                 clean (Debug)
================================================================================
Maya Python Debug Info:
  mayapy executable   = /local/S/jenkins/workspace/shared/Artifactory/Linux/rundev-master-debug/202203061515/runtime/de58161/runTime/bin/mayapy
  Include Folder      = /local/S/jenkins/workspace/shared/Artifactory/Linux/rundev-master-debug/202203061515/runtime/de58161/runTime/include/Python39/Python
  Library             = /local/S/jenkins/workspace/shared/Artifactory/Linux/rundev-master-debug/202203061515/runtime/de58161/runTime/lib/libpython3.9d.so.1.0
  site-package Folder = /local/S/jenkins/workspace/shared/Artifactory/Linux/rundev-master-debug/202203061515/runtime/de58161/runTime/lib/python3.9/site-packages
Adding Python package requirements: ['/local/S/jenkins/workspace/shared/Artifactory/Linux/rundev-master-debug/202203061515/runtime/de58161/runTime/bin/mayapy', '-m', 'pip', 'install', '-t', '/local/S/jenkins/workspace/shared/Artifactory/Linux/rundev-master-debug/202203061515/runtime/de58161/runTime/lib/python3.9/site-packages', '-r', 'python_requirements.txt']
In workdir: /home/S/jenkins/workspace/ecg-mayausd-branch-preflight-python3-linux/ecg-maya-usd/maya-usd
Executing: /local/S/jenkins/workspace/shared/Artifactory/Linux/rundev-master-debug/202203061515/runtime/de58161/runTime/bin/mayapy /home/S/jenkins/workspace/ecg-mayausd-branch-preflight-python3-linux/ecg-maya-usd/maya-usd/build.py --generator Ninja --build-debug --maya-location /local/S/jenkins/workspace/shared/Artifactory/Linux/rundev-master-debug/202203061515/runtime/de58161/runTime --devkit-location /local/S/jenkins/workspace/shared/Artifactory/Linux/rundev-master-debug/202203061515/runtime/de58161/devkitBase --pxrusd-location /local/S/jenkins/workspace/shared/Artifactory/Linux/USD/e8231c9 --qt-location /local/S/jenkins/workspace/shared/Artifactory/Linux/qt/5.15.2/95656d9 --build-args=-DCMAKE_MAKE_PROGRAM=/local/S/jenkins/workspace/shared/Artifactory/Linux/ninja/1.9.0/aca9939/ninja,-DPYTHON_INCLUDE_DIR=/local/S/jenkins/workspace/shared/Artifactory/Linux/rundev-master-debug/202203061515/runtime/de58161/runTime/include/Python39/Python,-DPython_EXECUTABLE=/local/S/jenkins/workspace/shared/Artifactory/Linux/rundev-master-debug/202203061515/runtime/de58161/runTime/bin/mayapy,-DPYTHON_LIBRARIES=/local/S/jenkins/workspace/shared/Artifactory/Linux/rundev-master-debug/202203061515/runtime/de58161/runTime/lib/libpython3.9d.so.1.0,-DBUILD_WITH_PYTHON_3=ON,-DBUILD_WITH_PYTHON_3_VERSION=3.9,-DUSD_LIB_PREFIX=lib,-DCMAKE_WANT_MATERIALX_BUILD=ON,-DCMAKE_PREFIX_PATH=/local/S/jenkins/workspace/shared/Artifactory/Linux/USD/e8231c9 --debug-python '--ctest-args=-E testUsdReferenceAssemblySelection|testUsdMayaAppDir,-LE interactive,--parallel 16' --stages=clean --redirect-outstream-file=False --install-location /local/S/jenkins/workspace/ecg-mayausd-branch-preflight-python3-linux/install/Debug/MayaUSD /local/S/jenkins/workspace/ecg-mayausd-branch-preflight-python3-linux
Modified environment variables:
    PATH=/local/S/jenkins/workspace/shared/Artifactory/Linux/cmake/3.14.4/656573b/bin:/opt/rh/devtoolset-6/root/usr/bin:/usr/local/bin:/usr/bin
    LD_LIBRARY_PATH=/opt/rh/devtoolset-6/root/usr/lib64:/opt/rh/devtoolset-6/root/usr/lib64:/opt/rh/devtoolset-6/root/usr/lib
    
        Building with settings:
          Source directory          /home/S/jenkins/workspace/ecg-mayausd-branch-preflight-python3-linux/ecg-maya-usd/maya-usd
          Workspace directory       /local/S/jenkins/workspace/ecg-mayausd-branch-preflight-python3-linux
          Build directory           /local/S/jenkins/workspace/ecg-mayausd-branch-preflight-python3-linux/build/Debug
          Install directory         /local/S/jenkins/workspace/ecg-mayausd-branch-preflight-python3-linux/install/Debug/MayaUSD
          Variant                   Debug
          Python Debug              On
          CMake generator           Ninja
          Build arguments           ['-DCMAKE_MAKE_PROGRAM=/local/S/jenkins/workspace/shared/Artifactory/Linux/ninja/1.9.0/aca9939/ninja', '-DPYTHON_INCLUDE_DIR=/local/S/jenkins/workspace/shared/Artifactory/Linux/rundev-master-debug/202203061515/runtime/de58161/runTime/include/Python39/Python', '-DPython_EXECUTABLE=/local/S/jenkins/workspace/shared/Artifactory/Linux/rundev-master-debug/202203061515/runtime/de58161/runTime/bin/mayapy', '-DPYTHON_LIBRARIES=/local/S/jenkins/workspace/shared/Artifactory/Linux/rundev-master-debug/202203061515/runtime/de58161/runTime/lib/libpython3.9d.so.1.0', '-DBUILD_WITH_PYTHON_3=ON', '-DBUILD_WITH_PYTHON_3_VERSION=3.9', '-DUSD_LIB_PREFIX=lib', '-DCMAKE_WANT_MATERIALX_BUILD=ON', '-DCMAKE_PREFIX_PATH=/local/S/jenkins/workspace/shared/Artifactory/Linux/USD/e8231c9']
          Stages arguments          ['clean']
          CTest arguments           ['-E testUsdReferenceAssemblySelection|testUsdMayaAppDir', '-LE interactive', '--parallel 16']
    Success MayaUSD build and install !!!!
    Elapsed time: 00:00:00
[Pipeline] }
[Pipeline] // withEnv
[Pipeline] withEnv
[Pipeline] {
[Pipeline] sh
[ecg-mayausd-branch-preflight-python3-linux] Running shell script
+ scl enable devtoolset-6 -
python ecg-maya-usd/build.py --stages=clean --workspace-dir=/local/S/jenkins/workspace/ecg-mayausd-branch-preflight-python3-linux --artifactory-dir=/local/S/jenkins/workspace/shared/Artifactory --build-dir=/local/S/jenkins/workspace/ecg-mayausd-branch-preflight-python3-linux/build --install-dir=/local/S/jenkins/workspace/ecg-mayausd-branch-preflight-python3-linux/install --signing-dir=/local/S/jenkins/workspace/ecg-mayausd-branch-preflight-python3-linux/signing --package-dir=/local/S/jenkins/workspace/ecg-mayausd-branch-preflight-python3-linux/package --output-dir=/local/S/jenkins/workspace/ecg-mayausd-branch-preflight-python3-linux/output --stash-dir=/local/S/jenkins/workspace/ecg-mayausd-branch-preflight-python3-linux/stash --jenkins-build=1744 --git-commit=163d7781121257ef6577827bd52f8e6d65d9fe35 --git-branch=master --variants=RelWithDebInfo --python=3.9 --post-zips=false --maya-cut-config=maya-rundev-master.yaml --stage-banner
Using Maya cut from /local/S/jenkins/workspace/shared/Artifactory/Linux/rundev-master/202203071515/runtime/a4eec64

================================================================================
                             clean (RelWithDebInfo)
================================================================================
Maya Python RelWithDebInfo Info:
  mayapy executable   = /local/S/jenkins/workspace/shared/Artifactory/Linux/rundev-master/202203071515/runtime/a4eec64/runTime/bin/mayapy
  Include Folder      = /local/S/jenkins/workspace/shared/Artifactory/Linux/rundev-master/202203071515/runtime/a4eec64/runTime/include/Python39/Python
  Library             = /local/S/jenkins/workspace/shared/Artifactory/Linux/rundev-master/202203071515/runtime/a4eec64/runTime/lib/libpython3.9.so.1.0
  site-package Folder = /local/S/jenkins/workspace/shared/Artifactory/Linux/rundev-master/202203071515/runtime/a4eec64/runTime/lib/python3.9/site-packages
Adding Python package requirements: ['/local/S/jenkins/workspace/shared/Artifactory/Linux/rundev-master/202203071515/runtime/a4eec64/runTime/bin/mayapy', '-m', 'pip', 'install', '-t', '/local/S/jenkins/workspace/shared/Artifactory/Linux/rundev-master/202203071515/runtime/a4eec64/runTime/lib/python3.9/site-packages', '-r', 'python_requirements.txt']
In workdir: /home/S/jenkins/workspace/ecg-mayausd-branch-preflight-python3-linux/ecg-maya-usd/maya-usd
Executing: /local/S/jenkins/workspace/shared/Artifactory/Linux/rundev-master/202203071515/runtime/a4eec64/runTime/bin/mayapy /home/S/jenkins/workspace/ecg-mayausd-branch-preflight-python3-linux/ecg-maya-usd/maya-usd/build.py --generator Ninja --build-relwithdebug --maya-location /local/S/jenkins/workspace/shared/Artifactory/Linux/rundev-master/202203071515/runtime/a4eec64/runTime --devkit-location /local/S/jenkins/workspace/shared/Artifactory/Linux/rundev-master/202203071515/runtime/a4eec64/devkitBase --pxrusd-location /local/S/jenkins/workspace/shared/Artifactory/Linux/USD/e2b89ce --qt-location /local/S/jenkins/workspace/shared/Artifactory/Linux/qt/5.15.2/95656d9 --build-args=-DCMAKE_MAKE_PROGRAM=/local/S/jenkins/workspace/shared/Artifactory/Linux/ninja/1.9.0/aca9939/ninja,-DPYTHON_INCLUDE_DIR=/local/S/jenkins/workspace/shared/Artifactory/Linux/rundev-master/202203071515/runtime/a4eec64/runTime/include/Python39/Python,-DPython_EXECUTABLE=/local/S/jenkins/workspace/shared/Artifactory/Linux/rundev-master/202203071515/runtime/a4eec64/runTime/bin/mayapy,-DPYTHON_LIBRARIES=/local/S/jenkins/workspace/shared/Artifactory/Linux/rundev-master/202203071515/runtime/a4eec64/runTime/lib/libpython3.9.so.1.0,-DBUILD_WITH_PYTHON_3=ON,-DBUILD_WITH_PYTHON_3_VERSION=3.9,-DUSD_LIB_PREFIX=lib,-DCMAKE_WANT_MATERIALX_BUILD=ON,-DCMAKE_PREFIX_PATH=/local/S/jenkins/workspace/shared/Artifactory/Linux/USD/e2b89ce '--ctest-args=-E testUsdReferenceAssemblySelection|testUsdMayaAppDir,-LE interactive,--parallel 16' --stages=clean --redirect-outstream-file=False --install-location /local/S/jenkins/workspace/ecg-mayausd-branch-preflight-python3-linux/install/RelWithDebInfo/MayaUSD /local/S/jenkins/workspace/ecg-mayausd-branch-preflight-python3-linux
Modified environment variables:
    PATH=/local/S/jenkins/workspace/shared/Artifactory/Linux/cmake/3.14.4/656573b/bin:/opt/rh/devtoolset-6/root/usr/bin:/usr/local/bin:/usr/bin
    LD_LIBRARY_PATH=/opt/rh/devtoolset-6/root/usr/lib64:/opt/rh/devtoolset-6/root/usr/lib64:/opt/rh/devtoolset-6/root/usr/lib
    
        Building with settings:
          Source directory          /home/S/jenkins/workspace/ecg-mayausd-branch-preflight-python3-linux/ecg-maya-usd/maya-usd
          Workspace directory       /local/S/jenkins/workspace/ecg-mayausd-branch-preflight-python3-linux
          Build directory           /local/S/jenkins/workspace/ecg-mayausd-branch-preflight-python3-linux/build/RelWithDebInfo
          Install directory         /local/S/jenkins/workspace/ecg-mayausd-branch-preflight-python3-linux/install/RelWithDebInfo/MayaUSD
          Variant                   RelWithDebInfo
          Python Debug              Off
          CMake generator           Ninja
          Build arguments           ['-DCMAKE_MAKE_PROGRAM=/local/S/jenkins/workspace/shared/Artifactory/Linux/ninja/1.9.0/aca9939/ninja', '-DPYTHON_INCLUDE_DIR=/local/S/jenkins/workspace/shared/Artifactory/Linux/rundev-master/202203071515/runtime/a4eec64/runTime/include/Python39/Python', '-DPython_EXECUTABLE=/local/S/jenkins/workspace/shared/Artifactory/Linux/rundev-master/202203071515/runtime/a4eec64/runTime/bin/mayapy', '-DPYTHON_LIBRARIES=/local/S/jenkins/workspace/shared/Artifactory/Linux/rundev-master/202203071515/runtime/a4eec64/runTime/lib/libpython3.9.so.1.0', '-DBUILD_WITH_PYTHON_3=ON', '-DBUILD_WITH_PYTHON_3_VERSION=3.9', '-DUSD_LIB_PREFIX=lib', '-DCMAKE_WANT_MATERIALX_BUILD=ON', '-DCMAKE_PREFIX_PATH=/local/S/jenkins/workspace/shared/Artifactory/Linux/USD/e2b89ce']
          Stages arguments          ['clean']
          CTest arguments           ['-E testUsdReferenceAssemblySelection|testUsdMayaAppDir', '-LE interactive', '--parallel 16']
    Success MayaUSD build and install !!!!
    Elapsed time: 00:00:00
[Pipeline] }
[Pipeline] // withEnv
[Pipeline] }
[Pipeline] // stage
[Pipeline] }
[Pipeline] // timestamps
[Pipeline] }
[Pipeline] // timeout
[Pipeline] timeout
Timeout set to expire in 6 hr 0 min
[Pipeline] {
[Pipeline] timestamps
[Pipeline] {
[Pipeline] stage
[Pipeline] { (Configure)
[Pipeline] withEnv
[Pipeline] {
[Pipeline] sh
[ecg-mayausd-branch-preflight-python3-linux] Running shell script
+ scl enable devtoolset-6 -
python ecg-maya-usd/build.py --stages=configure --workspace-dir=/local/S/jenkins/workspace/ecg-mayausd-branch-preflight-python3-linux --artifactory-dir=/local/S/jenkins/workspace/shared/Artifactory --build-dir=/local/S/jenkins/workspace/ecg-mayausd-branch-preflight-python3-linux/build --install-dir=/local/S/jenkins/workspace/ecg-mayausd-branch-preflight-python3-linux/install --signing-dir=/local/S/jenkins/workspace/ecg-mayausd-branch-preflight-python3-linux/signing --package-dir=/local/S/jenkins/workspace/ecg-mayausd-branch-preflight-python3-linux/package --output-dir=/local/S/jenkins/workspace/ecg-mayausd-branch-preflight-python3-linux/output --stash-dir=/local/S/jenkins/workspace/ecg-mayausd-branch-preflight-python3-linux/stash --jenkins-build=1744 --git-commit=163d7781121257ef6577827bd52f8e6d65d9fe35 --git-branch=master --variants=Debug --python=3.9 --post-zips=false --maya-cut-config=maya-rundev-master-debug.yaml --stage-banner
Using Maya cut from /local/S/jenkins/workspace/shared/Artifactory/Linux/rundev-master-debug/202203061515/runtime/de58161

================================================================================
                               configure (Debug)
================================================================================
Maya Python Debug Info:
  mayapy executable   = /local/S/jenkins/workspace/shared/Artifactory/Linux/rundev-master-debug/202203061515/runtime/de58161/runTime/bin/mayapy
  Include Folder      = /local/S/jenkins/workspace/shared/Artifactory/Linux/rundev-master-debug/202203061515/runtime/de58161/runTime/include/Python39/Python
  Library             = /local/S/jenkins/workspace/shared/Artifactory/Linux/rundev-master-debug/202203061515/runtime/de58161/runTime/lib/libpython3.9d.so.1.0
  site-package Folder = /local/S/jenkins/workspace/shared/Artifactory/Linux/rundev-master-debug/202203061515/runtime/de58161/runTime/lib/python3.9/site-packages
In workdir: /home/S/jenkins/workspace/ecg-mayausd-branch-preflight-python3-linux/ecg-maya-usd/maya-usd
Executing: /local/S/jenkins/workspace/shared/Artifactory/Linux/rundev-master-debug/202203061515/runtime/de58161/runTime/bin/mayapy /home/S/jenkins/workspace/ecg-mayausd-branch-preflight-python3-linux/ecg-maya-usd/maya-usd/build.py --generator Ninja --build-debug --maya-location /local/S/jenkins/workspace/shared/Artifactory/Linux/rundev-master-debug/202203061515/runtime/de58161/runTime --devkit-location /local/S/jenkins/workspace/shared/Artifactory/Linux/rundev-master-debug/202203061515/runtime/de58161/devkitBase --pxrusd-location /local/S/jenkins/workspace/shared/Artifactory/Linux/USD/e8231c9 --qt-location /local/S/jenkins/workspace/shared/Artifactory/Linux/qt/5.15.2/95656d9 --build-args=-DCMAKE_MAKE_PROGRAM=/local/S/jenkins/workspace/shared/Artifactory/Linux/ninja/1.9.0/aca9939/ninja,-DPYTHON_INCLUDE_DIR=/local/S/jenkins/workspace/shared/Artifactory/Linux/rundev-master-debug/202203061515/runtime/de58161/runTime/include/Python39/Python,-DPython_EXECUTABLE=/local/S/jenkins/workspace/shared/Artifactory/Linux/rundev-master-debug/202203061515/runtime/de58161/runTime/bin/mayapy,-DPYTHON_LIBRARIES=/local/S/jenkins/workspace/shared/Artifactory/Linux/rundev-master-debug/202203061515/runtime/de58161/runTime/lib/libpython3.9d.so.1.0,-DBUILD_WITH_PYTHON_3=ON,-DBUILD_WITH_PYTHON_3_VERSION=3.9,-DUSD_LIB_PREFIX=lib,-DCMAKE_WANT_MATERIALX_BUILD=ON,-DCMAKE_PREFIX_PATH=/local/S/jenkins/workspace/shared/Artifactory/Linux/USD/e8231c9 --debug-python '--ctest-args=-E testUsdReferenceAssemblySelection|testUsdMayaAppDir,-LE interactive,--parallel 16' --stages=configure --redirect-outstream-file=False --install-location /local/S/jenkins/workspace/ecg-mayausd-branch-preflight-python3-linux/install/Debug/MayaUSD /local/S/jenkins/workspace/ecg-mayausd-branch-preflight-python3-linux
Modified environment variables:
    PATH=/local/S/jenkins/workspace/shared/Artifactory/Linux/cmake/3.14.4/656573b/bin:/opt/rh/devtoolset-6/root/usr/bin:/usr/local/bin:/usr/bin
    LD_LIBRARY_PATH=/opt/rh/devtoolset-6/root/usr/lib64:/opt/rh/devtoolset-6/root/usr/lib64:/opt/rh/devtoolset-6/root/usr/lib
    -- The C compiler identification is GNU 6.3.1
    -- The CXX compiler identification is GNU 6.3.1
    -- Check for working C compiler: /opt/rh/devtoolset-6/root/usr/bin/cc
    -- Check for working C compiler: /opt/rh/devtoolset-6/root/usr/bin/cc -- works
    -- Detecting C compiler ABI info
    -- Detecting C compiler ABI info - done
    -- Detecting C compile features
    -- Detecting C compile features - done
    -- Check for working CXX compiler: /opt/rh/devtoolset-6/root/usr/bin/c++
    -- Check for working CXX compiler: /opt/rh/devtoolset-6/root/usr/bin/c++ -- works
    -- Detecting CXX compiler ABI info
    -- Detecting CXX compiler ABI info - done
    -- Detecting CXX compile features
    -- Detecting CXX compile features - done
    -- Using Maya Light API Version 2
    -- Maya has setDefaultMaterialHandling API
    -- Maya has new point snapping API
    -- Maya has getCurrentUfeCameraPath
    -- Maya has isInCrashHandler API
    -- Maya has setUfeIdentifiers API
    -- Maya has updateUfeIdentifiers API
    -- Maya has getDisplayStyleOfAllViewports API
    -- Maya array iterator has difference_type trait
    -- Found Maya: /local/S/jenkins/workspace/shared/Artifactory/Linux/rundev-master-debug/202203061515/runtime/de58161/runTime/bin/maya (found suitable version "2024", minimum required is "2018")
    -- Found Python: /local/S/jenkins/workspace/shared/Artifactory/Linux/rundev-master-debug/202203061515/runtime/de58161/runTime/bin/mayapy (found suitable exact version "3.9.7") found components:  Interpreter
    -- Build MayaUSD with Python3 = ON
    --    PYTHON_INCLUDE_DIRS = /local/S/jenkins/workspace/shared/Artifactory/Linux/rundev-master-debug/202203061515/runtime/de58161/runTime/include/Python39/Python
    --    PYTHON_LIBRARIES    = /local/S/jenkins/workspace/shared/Artifactory/Linux/rundev-master-debug/202203061515/runtime/de58161/runTime/lib/libpython3.9d.so.1.0
    --    Python_EXECUTABLE   = /local/S/jenkins/workspace/shared/Artifactory/Linux/rundev-master-debug/202203061515/runtime/de58161/runTime/bin/mayapy
    -- Searching for main USD library libusd_usd.so
    -- USD include dir: /local/S/jenkins/workspace/shared/Artifactory/Linux/USD/e8231c9/include
    -- USD library dir:
    -- USD version: 0.21.11
    CMake Error at /home/S/jenkins/workspace/shared/Artifactory/Linux/cmake/3.14.4/656573b/share/cmake-3.14/Modules/FindPackageHandleStandardArgs.cmake:137 (message):
      Could NOT find USD (missing: USD_LIBRARY_DIR) (found suitable version
      "0.21.11", minimum required is "0.20.05")
    Call Stack (most recent call first):
      /home/S/jenkins/workspace/shared/Artifactory/Linux/cmake/3.14.4/656573b/share/cmake-3.14/Modules/FindPackageHandleStandardArgs.cmake:378 (_FPHSA_FAILURE_MESSAGE)
      cmake/modules/FindUSD.cmake:138 (find_package_handle_standard_args)
      CMakeLists.txt:104 (find_package)
    
    
    -- Configuring incomplete, errors occurred!
    See also "/home/S/jenkins/workspace/ecg-mayausd-branch-preflight-python3-linux/build/Debug/CMakeFiles/CMakeOutput.log".
    
        Building with settings:
          Source directory          /home/S/jenkins/workspace/ecg-mayausd-branch-preflight-python3-linux/ecg-maya-usd/maya-usd
          Workspace directory       /local/S/jenkins/workspace/ecg-mayausd-branch-preflight-python3-linux
          Build directory           /local/S/jenkins/workspace/ecg-mayausd-branch-preflight-python3-linux/build/Debug
          Install directory         /local/S/jenkins/workspace/ecg-mayausd-branch-preflight-python3-linux/install/Debug/MayaUSD
          Variant                   Debug
          Python Debug              On
          CMake generator           Ninja
          Build arguments           ['-DCMAKE_MAKE_PROGRAM=/local/S/jenkins/workspace/shared/Artifactory/Linux/ninja/1.9.0/aca9939/ninja', '-DPYTHON_INCLUDE_DIR=/local/S/jenkins/workspace/shared/Artifactory/Linux/rundev-master-debug/202203061515/runtime/de58161/runTime/include/Python39/Python', '-DPython_EXECUTABLE=/local/S/jenkins/workspace/shared/Artifactory/Linux/rundev-master-debug/202203061515/runtime/de58161/runTime/bin/mayapy', '-DPYTHON_LIBRARIES=/local/S/jenkins/workspace/shared/Artifactory/Linux/rundev-master-debug/202203061515/runtime/de58161/runTime/lib/libpython3.9d.so.1.0', '-DBUILD_WITH_PYTHON_3=ON', '-DBUILD_WITH_PYTHON_3_VERSION=3.9', '-DUSD_LIB_PREFIX=lib', '-DCMAKE_WANT_MATERIALX_BUILD=ON', '-DCMAKE_PREFIX_PATH=/local/S/jenkins/workspace/shared/Artifactory/Linux/USD/e8231c9']
          Stages arguments          ['configure']
          CTest arguments           ['-E testUsdReferenceAssemblySelection|testUsdMayaAppDir', '-LE interactive', '--parallel 16']
    #####################################################################################
    log date: 2022-03-08 07:17
    commit sha: 99013000993b716ae164c6d972b382f9c97f3c62
    commit date: Tue Mar 8 09:51:46 2022 -0500
    #####################################################################################
    
    cmake -DCMAKE_INSTALL_PREFIX="/local/S/jenkins/workspace/ecg-mayausd-branch-preflight-python3-linux/install/Debug/MayaUSD" -DCMAKE_BUILD_TYPE=Debug -DCMAKE_EXPORT_COMPILE_COMMANDS=ON -G "Ninja" -DMAYA_LOCATION="/local/S/jenkins/workspace/shared/Artifactory/Linux/rundev-master-debug/202203061515/runtime/de58161/runTime" -DPXR_USD_LOCATION="/local/S/jenkins/workspace/shared/Artifactory/Linux/USD/e8231c9" -DMAYA_DEVKIT_LOCATION="/local/S/jenkins/workspace/shared/Artifactory/Linux/rundev-master-debug/202203061515/runtime/de58161/devkitBase" -DMAYAUSD_DEFINE_BOOST_DEBUG_PYTHON_FLAG=ON -DQT_LOCATION="/local/S/jenkins/workspace/shared/Artifactory/Linux/qt/5.15.2/95656d9" -DCMAKE_MAKE_PROGRAM=/local/S/jenkins/workspace/shared/Artifactory/Linux/ninja/1.9.0/aca9939/ninja -DPYTHON_INCLUDE_DIR=/local/S/jenkins/workspace/shared/Artifactory/Linux/rundev-master-debug/202203061515/runtime/de58161/runTime/include/Python39/Python -DPython_EXECUTABLE=/local/S/jenkins/workspace/shared/Artifactory/Linux/rundev-master-debug/202203061515/runtime/de58161/runTime/bin/mayapy -DPYTHON_LIBRARIES=/local/S/jenkins/workspace/shared/Artifactory/Linux/rundev-master-debug/202203061515/runtime/de58161/runTime/lib/libpython3.9d.so.1.0 -DBUILD_WITH_PYTHON_3=ON -DBUILD_WITH_PYTHON_3_VERSION=3.9 -DUSD_LIB_PREFIX=lib -DCMAKE_WANT_MATERIALX_BUILD=ON -DCMAKE_PREFIX_PATH=/local/S/jenkins/workspace/shared/Artifactory/Linux/USD/e8231c9 "/home/S/jenkins/workspace/ecg-mayausd-branch-preflight-python3-linux/ecg-maya-usd/maya-usd"
    
    Traceback (most recent call last):
      File "/home/S/jenkins/workspace/ecg-mayausd-branch-preflight-python3-linux/ecg-maya-usd/maya-usd/build.py", line 602, in <module>
        BuildAndInstall(context, context.buildArgs, context.stagesArgs)
      File "/home/S/jenkins/workspace/ecg-mayausd-branch-preflight-python3-linux/ecg-maya-usd/maya-usd/build.py", line 371, in BuildAndInstall
        RunCMake(context, extraArgs, stagesArgs)
      File "/home/S/jenkins/workspace/ecg-mayausd-branch-preflight-python3-linux/ecg-maya-usd/maya-usd/build.py", line 265, in RunCMake
        Run(context,
      File "/home/S/jenkins/workspace/ecg-mayausd-branch-preflight-python3-linux/ecg-maya-usd/maya-usd/build.py", line 164, in Run
        raise RuntimeError("Failed to run '{cmd}'\nSee {log} for more details."
    RuntimeError: Failed to run 'cmake -DCMAKE_INSTALL_PREFIX="/local/S/jenkins/workspace/ecg-mayausd-branch-preflight-python3-linux/install/Debug/MayaUSD" -DCMAKE_BUILD_TYPE=Debug -DCMAKE_EXPORT_COMPILE_COMMANDS=ON -G "Ninja" -DMAYA_LOCATION="/local/S/jenkins/workspace/shared/Artifactory/Linux/rundev-master-debug/202203061515/runtime/de58161/runTime" -DPXR_USD_LOCATION="/local/S/jenkins/workspace/shared/Artifactory/Linux/USD/e8231c9" -DMAYA_DEVKIT_LOCATION="/local/S/jenkins/workspace/shared/Artifactory/Linux/rundev-master-debug/202203061515/runtime/de58161/devkitBase" -DMAYAUSD_DEFINE_BOOST_DEBUG_PYTHON_FLAG=ON -DQT_LOCATION="/local/S/jenkins/workspace/shared/Artifactory/Linux/qt/5.15.2/95656d9" -DCMAKE_MAKE_PROGRAM=/local/S/jenkins/workspace/shared/Artifactory/Linux/ninja/1.9.0/aca9939/ninja -DPYTHON_INCLUDE_DIR=/local/S/jenkins/workspace/shared/Artifactory/Linux/rundev-master-debug/202203061515/runtime/de58161/runTime/include/Python39/Python -DPython_EXECUTABLE=/local/S/jenkins/workspace/shared/Artifactory/Linux/rundev-master-debug/202203061515/runtime/de58161/runTime/bin/mayapy -DPYTHON_LIBRARIES=/local/S/jenkins/workspace/shared/Artifactory/Linux/rundev-master-debug/202203061515/runtime/de58161/runTime/lib/libpython3.9d.so.1.0 -DBUILD_WITH_PYTHON_3=ON -DBUILD_WITH_PYTHON_3_VERSION=3.9 -DUSD_LIB_PREFIX=lib -DCMAKE_WANT_MATERIALX_BUILD=ON -DCMAKE_PREFIX_PATH=/local/S/jenkins/workspace/shared/Artifactory/Linux/USD/e8231c9 "/home/S/jenkins/workspace/ecg-mayausd-branch-preflight-python3-linux/ecg-maya-usd/maya-usd"'
    See /local/S/jenkins/workspace/ecg-mayausd-branch-preflight-python3-linux/build/Debug/build_log.txt for more details.
build.py: error: Command failed with error code: 1
[Pipeline] }
[Pipeline] // withEnv
[Pipeline] }
[Pipeline] // stage
[Pipeline] }
[Pipeline] // timestamps
[Pipeline] }
[Pipeline] // timeout
[Pipeline] emailextrecipients
[Pipeline] echo
No recipients to send notification.
[Pipeline] }
[Pipeline] // node
[Pipeline] End of Pipeline
ERROR: script returned exit code 1
Finished: FAILURE
