================================================================================
                                 setup (Debug)
================================================================================
Installing license file 'melicense.lic'.
[Pipeline] }
[Pipeline] // withEnv
[Pipeline] withEnv
[Pipeline] {
[Pipeline] sh
[ecg-mayausd-branch-preflight-cotd-python3-pxrusd-max-interactive-linux] Running shell script
+ scl enable devtoolset-6 -
python ecg-maya-usd/build.py --stages=setup --workspace-dir=/local/S/jenkins/workspace/ecg-mayausd-branch-preflight-cotd-python3-pxrusd-max-interactive-linux --artifactory-dir=/local/S/jenkins/workspace/shared/Artifactory --build-dir=/local/S/jenkins/workspace/ecg-mayausd-branch-preflight-cotd-python3-pxrusd-max-interactive-linux/build --install-dir=/local/S/jenkins/workspace/ecg-mayausd-branch-preflight-cotd-python3-pxrusd-max-interactive-linux/install --signing-dir=/local/S/jenkins/workspace/ecg-mayausd-branch-preflight-cotd-python3-pxrusd-max-interactive-linux/signing --package-dir=/local/S/jenkins/workspace/ecg-mayausd-branch-preflight-cotd-python3-pxrusd-max-interactive-linux/package --output-dir=/local/S/jenkins/workspace/ecg-mayausd-branch-preflight-cotd-python3-pxrusd-max-interactive-linux/output --stash-dir=/local/S/jenkins/workspace/ecg-mayausd-branch-preflight-cotd-python3-pxrusd-max-interactive-linux/stash --jenkins-build=1148 --git-commit=2ddf08bc09dacec9b00f8c2915cd2dcaf6680f11 --git-branch=master --variants=RelWithDebInfo --python=3.9 --interactive-tests=true --post-zips=false --extra-license-file=ecg-maya-usd/jenkins/melicense.lic --prune-versions=3 --prune-revisions=3 --maya-cut-config=maya-rundev-master.yaml --stage-banner --prune-artifacts --force-pruning
Getting Maya cut download URL from Maya SHA-1 hash
Finding Artifactory servers response times
[VERBOSE] Start loading URL (CURL): https://art-bobcat.autodesk.com/artifactory/api/system/ping
[DEBUG] Running: /usr/bin/curl -s -X GET --keepalive-time 10 --connect-timeout 60 --speed-limit 10000 --speed-time 60 --max-time 3600 --retry 5 --retry-max-time 2400 -H Connection:close https://art-bobcat.autodesk.com/artifactory/api/system/ping
[DEBUG] Output:
OK
[VERBOSE] End loading URL (CURL): https://art-bobcat.autodesk.com/artifactory/api/system/ping
[VERBOSE] Start loading URL (CURL): https://art-bear.autodesk.com/artifactory/api/system/ping
[DEBUG] Running: /usr/bin/curl -s -X GET --keepalive-time 10 --connect-timeout 60 --speed-limit 10000 --speed-time 60 --max-time 3600 --retry 5 --retry-max-time 2400 -H Connection:close https://art-bear.autodesk.com/artifactory/api/system/ping
[DEBUG] Output:
OK
[VERBOSE] End loading URL (CURL): https://art-bear.autodesk.com/artifactory/api/system/ping
[VERBOSE] Start loading URL (CURL): https://art-marmotte.autodesk.com/artifactory/api/system/ping
[DEBUG] Running: /usr/bin/curl -s -X GET --keepalive-time 10 --connect-timeout 60 --speed-limit 10000 --speed-time 60 --max-time 3600 --retry 5 --retry-max-time 2400 -H Connection:close https://art-marmotte.autodesk.com/artifactory/api/system/ping
[DEBUG] Output:
OK
[VERBOSE] End loading URL (CURL): https://art-marmotte.autodesk.com/artifactory/api/system/ping
[VERBOSE] Start loading URL (CURL): https://art-hare.autodesk.com/artifactory/api/system/ping
[DEBUG] Running: /usr/bin/curl -s -X GET --keepalive-time 10 --connect-timeout 60 --speed-limit 10000 --speed-time 60 --max-time 3600 --retry 5 --retry-max-time 2400 -H Connection:close https://art-hare.autodesk.com/artifactory/api/system/ping
[DEBUG] Output:
OK
[VERBOSE] End loading URL (CURL): https://art-hare.autodesk.com/artifactory/api/system/ping
[VERBOSE] Start loading URL (CURL): https://art-cougar.autodesk.com/artifactory/api/system/ping
[DEBUG] Running: /usr/bin/curl -s -X GET --keepalive-time 10 --connect-timeout 60 --speed-limit 10000 --speed-time 60 --max-time 3600 --retry 5 --retry-max-time 2400 -H Connection:close https://art-cougar.autodesk.com/artifactory/api/system/ping
[DEBUG] Output:
OK
[VERBOSE] End loading URL (CURL): https://art-cougar.autodesk.com/artifactory/api/system/ping
[VERBOSE] Start loading URL (CURL): https://art-lion.autodesk.com/artifactory/api/system/ping
[DEBUG] Running: /usr/bin/curl -s -X GET --keepalive-time 10 --connect-timeout 60 --speed-limit 10000 --speed-time 60 --max-time 3600 --retry 5 --retry-max-time 2400 -H Connection:close https://art-lion.autodesk.com/artifactory/api/system/ping
[DEBUG] Output:
OK
[VERBOSE] End loading URL (CURL): https://art-lion.autodesk.com/artifactory/api/system/ping
[VERBOSE] Start loading URL (CURL): https://art-kangaroo.autodesk.com/artifactory/api/system/ping
[DEBUG] Running: /usr/bin/curl -s -X GET --keepalive-time 10 --connect-timeout 60 --speed-limit 10000 --speed-time 60 --max-time 3600 --retry 5 --retry-max-time 2400 -H Connection:close https://art-kangaroo.autodesk.com/artifactory/api/system/ping
[DEBUG] Output:
OK
[VERBOSE] End loading URL (CURL): https://art-kangaroo.autodesk.com/artifactory/api/system/ping
[VERBOSE] Start loading URL (CURL): https://art-panda.autodesk.com/artifactory/api/system/ping
[DEBUG] Running: /usr/bin/curl -s -X GET --keepalive-time 10 --connect-timeout 60 --speed-limit 10000 --speed-time 60 --max-time 3600 --retry 5 --retry-max-time 2400 -H Connection:close https://art-panda.autodesk.com/artifactory/api/system/ping
[DEBUG] Output:
OK
[VERBOSE] End loading URL (CURL): https://art-panda.autodesk.com/artifactory/api/system/ping
[VERBOSE] Start loading URL (CURL): https://art-cougar.autodesk.com/artifactory/api/search/checksum?sha1=3c02c2a6b375cb450ec70201c3b8e3863caa8186
[DEBUG] Running: /usr/bin/curl -s -X GET --keepalive-time 10 --connect-timeout 60 --speed-limit 10000 --speed-time 60 --max-time 3600 --retry 5 --retry-max-time 2400 -H Connection:close -H Authorization:Basic ZWNnYmlmcm9zdDpvcGUqKjAw https://art-cougar.autodesk.com/artifactory/api/search/checksum?sha1=3c02c2a6b375cb450ec70201c3b8e3863caa8186
[DEBUG] Output:
{
  "results" : [ {
    "uri" : "https://art-cougar.autodesk.com:443/artifactory/api/storage/oss-stg-generic/Maya/master/2022-05-04-15-15/linux/202205041515-e75b4932e3-RUNDEV.tgz"
  } ]
}
[VERBOSE] End loading URL (CURL): https://art-cougar.autodesk.com/artifactory/api/search/checksum?sha1=3c02c2a6b375cb450ec70201c3b8e3863caa8186
[VERBOSE] Start loading URL (CURL): https://art-cougar.autodesk.com:443/artifactory/api/storage/oss-stg-generic/Maya/master/2022-05-04-15-15/linux/202205041515-e75b4932e3-RUNDEV.tgz
[DEBUG] Running: /usr/bin/curl -s -X GET --keepalive-time 10 --connect-timeout 60 --speed-limit 10000 --speed-time 60 --max-time 3600 --retry 5 --retry-max-time 2400 -H Connection:close -H Authorization:Basic ZWNnYmlmcm9zdDpvcGUqKjAw https://art-cougar.autodesk.com:443/artifactory/api/storage/oss-stg-generic/Maya/master/2022-05-04-15-15/linux/202205041515-e75b4932e3-RUNDEV.tgz
[DEBUG] Output:
{
  "repo" : "oss-stg-generic",
  "path" : "/Maya/master/2022-05-04-15-15/linux/202205041515-e75b4932e3-RUNDEV.tgz",
  "created" : "2022-05-04T21:03:38.319-04:00",
  "createdBy" : "token:art-cougar.autodesk.com",
  "lastModified" : "2022-05-04T21:03:38.188-04:00",
  "modifiedBy" : "token:art-cougar.autodesk.com",
  "lastUpdated" : "2022-05-04T21:03:38.319-04:00",
  "downloadUri" : "https://art-cougar.autodesk.com:443/artifactory/oss-stg-generic/Maya/master/2022-05-04-15-15/linux/202205041515-e75b4932e3-RUNDEV.tgz",
  "mimeType" : "application/x-gzip",
  "size" : "2440338031",
  "checksums" : {
    "sha1" : "3c02c2a6b375cb450ec70201c3b8e3863caa8186",
    "md5" : "d04b5bb9b4849e29d79a6248427ff5e2",
    "sha256" : "7d28b46e014923938d221ca59222af1a786869b62dcfa0450dec01771c980360"
  },
  "originalChecksums" : {
    "sha256" : "7d28b46e014923938d221ca59222af1a786869b62dcfa0450dec01771c980360"
  },
  "uri" : "https://art-cougar.autodesk.com:443/artifactory/api/storage/oss-stg-generic/Maya/master/2022-05-04-15-15/linux/202205041515-e75b4932e3-RUNDEV.tgz"
}
[VERBOSE] End loading URL (CURL): https://art-cougar.autodesk.com:443/artifactory/api/storage/oss-stg-generic/Maya/master/2022-05-04-15-15/linux/202205041515-e75b4932e3-RUNDEV.tgz
Using Maya cut from /local/S/jenkins/workspace/shared/Artifactory/Linux/rundev-master/202205041515/runtime/3c02c2a
Pruning artifacts in /local/S/jenkins/workspace/shared/Artifactory/Linux
The following artifact versions will be pruned:
	rundev-master-debug/202204281515
Removing directory: /local/S/jenkins/workspace/shared/Artifactory/Linux/rundev-master-debug/202204281515
[VERBOSE] Start loading URL (CURL): https://art-cougar.autodesk.com:443/artifactory/api/storage/oss-stg-generic/Maya/master/2022-05-04-15-15/linux/202205041515-e75b4932e3-RUNDEV.tgz.multipart
[DEBUG] Running: /usr/bin/curl -s -X GET --keepalive-time 10 --connect-timeout 60 --speed-limit 10000 --speed-time 60 --max-time 3600 --retry 5 --retry-max-time 2400 -H Connection:close -H Authorization:Basic ZWNnYmlmcm9zdDpvcGUqKjAw https://art-cougar.autodesk.com:443/artifactory/api/storage/oss-stg-generic/Maya/master/2022-05-04-15-15/linux/202205041515-e75b4932e3-RUNDEV.tgz.multipart
[DEBUG] Output:
{
  "errors" : [ {
    "status" : 404,
    "message" : "Unable to find item"
  } ]
}
[VERBOSE] End loading URL (CURL): https://art-cougar.autodesk.com:443/artifactory/api/storage/oss-stg-generic/Maya/master/2022-05-04-15-15/linux/202205041515-e75b4932e3-RUNDEV.tgz.multipart
Downloading https://art-cougar.autodesk.com:443/artifactory/oss-stg-generic/Maya/master/2022-05-04-15-15/linux/202205041515-e75b4932e3-RUNDEV.tgz to /local/S/jenkins/workspace/shared/Artifactory/Linux/tmp/tmpqLDKtw
[VERBOSE] Start downloading file (CURL): https://art-cougar.autodesk.com:443/artifactory/oss-stg-generic/Maya/master/2022-05-04-15-15/linux/202205041515-e75b4932e3-RUNDEV.tgz
[DEBUG] Running: /usr/bin/curl -sI -X GET --keepalive-time 10 --connect-timeout 60 --speed-limit 10000 --speed-time 60 --max-time 3600 --retry 5 --retry-max-time 2400 -H Connection:close -H Authorization:Basic ZWNnYmlmcm9zdDpvcGUqKjAw https://art-cougar.autodesk.com:443/artifactory/oss-stg-generic/Maya/master/2022-05-04-15-15/linux/202205041515-e75b4932e3-RUNDEV.tgz
[DEBUG] Header:
HTTP/1.1 200 
Date: Thu, 05 May 2022 15:09:50 GMT
Content-Type: application/x-gzip
Content-Length: 2440338031
Connection: close
X-JFrog-Version: Artifactory/7.37.14 73714900
X-Artifactory-Id: b995e0c29f871112:3d71c084:1804aa14e9b:-8000
X-Artifactory-Node-Id: usnovpdrsync007.autodesk.com
Last-Modified: Thu, 05 May 2022 01:03:38 GMT
ETag: 3c02c2a6b375cb450ec70201c3b8e3863caa8186
X-Checksum-Sha1: 3c02c2a6b375cb450ec70201c3b8e3863caa8186
X-Checksum-Sha256: 7d28b46e014923938d221ca59222af1a786869b62dcfa0450dec01771c980360
X-Checksum-Md5: d04b5bb9b4849e29d79a6248427ff5e2
Accept-Ranges: bytes
X-Artifactory-Filename: 202205041515-e75b4932e3-RUNDEV.tgz
Content-Disposition: attachment; filename="202205041515-e75b4932e3-RUNDEV.tgz"; filename*=UTF-8''202205041515-e75b4932e3-RUNDEV.tgz
[DEBUG] Running: /usr/bin/curl --progress-bar -X GET --keepalive-time 10 --connect-timeout 60 --speed-limit 10000 --speed-time 60 --max-time 3600 --retry 5 --retry-max-time 2400 -H Connection:close -H Authorization:Basic ZWNnYmlmcm9zdDpvcGUqKjAw https://art-cougar.autodesk.com:443/artifactory/oss-stg-generic/Maya/master/2022-05-04-15-15/linux/202205041515-e75b4932e3-RUNDEV.tgz -o /local/S/jenkins/workspace/shared/Artifactory/Linux/tmp/tmpqLDKtw/202205041515-e75b4932e3-RUNDEV.tgz
      0% complete.
      1% complete.
      2% complete.
      3% complete.
      4% complete.
      5% complete.
      6% complete.
      7% complete.
      8% complete.
      9% complete.
     10% complete.
     11% complete.
     12% complete.
     13% complete.
     14% complete.
     15% complete.
     16% complete.
     17% complete.
     18% complete.
     19% complete.
     20% complete.
     21% complete.
     22% complete.
     23% complete.
     24% complete.
    100% complete.
Downloading file failed: Exception('Unable to download https://art-cougar.autodesk.com:443/artifactory/oss-stg-generic/Maya/master/2022-05-04-15-15/linux/202205041515-e75b4932e3-RUNDEV.tgz [curl returned with error code 18]',)
Retry #1...
[VERBOSE] Start downloading file (CURL): https://art-cougar.autodesk.com:443/artifactory/oss-stg-generic/Maya/master/2022-05-04-15-15/linux/202205041515-e75b4932e3-RUNDEV.tgz
[DEBUG] Running: /usr/bin/curl -sI -X GET --keepalive-time 10 --connect-timeout 60 --speed-limit 10000 --speed-time 60 --max-time 3600 --retry 5 --retry-max-time 2400 -H Connection:close -H Authorization:Basic ZWNnYmlmcm9zdDpvcGUqKjAw https://art-cougar.autodesk.com:443/artifactory/oss-stg-generic/Maya/master/2022-05-04-15-15/linux/202205041515-e75b4932e3-RUNDEV.tgz
[DEBUG] Header:
HTTP/1.1 200 
Date: Thu, 05 May 2022 15:33:28 GMT
Content-Type: application/x-gzip
Content-Length: 2440338031
Connection: close
X-JFrog-Version: Artifactory/7.37.14 73714900
X-Artifactory-Id: b995e0c29f871112:3d71c084:1804aa14e9b:-8000
X-Artifactory-Node-Id: usnovpdrsync007.autodesk.com
Last-Modified: Thu, 05 May 2022 01:03:38 GMT
ETag: 3c02c2a6b375cb450ec70201c3b8e3863caa8186
X-Checksum-Sha1: 3c02c2a6b375cb450ec70201c3b8e3863caa8186
X-Checksum-Sha256: 7d28b46e014923938d221ca59222af1a786869b62dcfa0450dec01771c980360
X-Checksum-Md5: d04b5bb9b4849e29d79a6248427ff5e2
Accept-Ranges: bytes
X-Artifactory-Filename: 202205041515-e75b4932e3-RUNDEV.tgz
Content-Disposition: attachment; filename="202205041515-e75b4932e3-RUNDEV.tgz"; filename*=UTF-8''202205041515-e75b4932e3-RUNDEV.tgz
[DEBUG] Running: /usr/bin/curl --progress-bar -X GET --keepalive-time 10 --connect-timeout 60 --speed-limit 10000 --speed-time 60 --max-time 3600 --retry 5 --retry-max-time 2400 -H Connection:close -H Authorization:Basic ZWNnYmlmcm9zdDpvcGUqKjAw https://art-cougar.autodesk.com:443/artifactory/oss-stg-generic/Maya/master/2022-05-04-15-15/linux/202205041515-e75b4932e3-RUNDEV.tgz -o /local/S/jenkins/workspace/shared/Artifactory/Linux/tmp/tmpqLDKtw/202205041515-e75b4932e3-RUNDEV.tgz
      0% complete.
      1% complete.
      2% complete.
      3% complete.
      4% complete.
    100% complete.
Downloading file failed: Exception('Unable to download https://art-cougar.autodesk.com:443/artifactory/oss-stg-generic/Maya/master/2022-05-04-15-15/linux/202205041515-e75b4932e3-RUNDEV.tgz [curl returned with error code 18]',)
Retry #2...
[VERBOSE] Start downloading file (CURL): https://art-cougar.autodesk.com:443/artifactory/oss-stg-generic/Maya/master/2022-05-04-15-15/linux/202205041515-e75b4932e3-RUNDEV.tgz
[DEBUG] Running: /usr/bin/curl -sI -X GET --keepalive-time 10 --connect-timeout 60 --speed-limit 10000 --speed-time 60 --max-time 3600 --retry 5 --retry-max-time 2400 -H Connection:close -H Authorization:Basic ZWNnYmlmcm9zdDpvcGUqKjAw https://art-cougar.autodesk.com:443/artifactory/oss-stg-generic/Maya/master/2022-05-04-15-15/linux/202205041515-e75b4932e3-RUNDEV.tgz
[DEBUG] Header:
HTTP/1.1 200 
Date: Thu, 05 May 2022 15:48:43 GMT
Content-Type: application/x-gzip
Content-Length: 2440338031
Connection: close
X-JFrog-Version: Artifactory/7.37.14 73714900
X-Artifactory-Id: b995e0c29f871112:3d71c084:1804aa14e9b:-8000
X-Artifactory-Node-Id: usnovpdrsync007.autodesk.com
Last-Modified: Thu, 05 May 2022 01:03:38 GMT
ETag: 3c02c2a6b375cb450ec70201c3b8e3863caa8186
X-Checksum-Sha1: 3c02c2a6b375cb450ec70201c3b8e3863caa8186
X-Checksum-Sha256: 7d28b46e014923938d221ca59222af1a786869b62dcfa0450dec01771c980360
X-Checksum-Md5: d04b5bb9b4849e29d79a6248427ff5e2
Accept-Ranges: bytes
X-Artifactory-Filename: 202205041515-e75b4932e3-RUNDEV.tgz
Content-Disposition: attachment; filename="202205041515-e75b4932e3-RUNDEV.tgz"; filename*=UTF-8''202205041515-e75b4932e3-RUNDEV.tgz
[DEBUG] Running: /usr/bin/curl --progress-bar -X GET --keepalive-time 10 --connect-timeout 60 --speed-limit 10000 --speed-time 60 --max-time 3600 --retry 5 --retry-max-time 2400 -H Connection:close -H Authorization:Basic ZWNnYmlmcm9zdDpvcGUqKjAw https://art-cougar.autodesk.com:443/artifactory/oss-stg-generic/Maya/master/2022-05-04-15-15/linux/202205041515-e75b4932e3-RUNDEV.tgz -o /local/S/jenkins/workspace/shared/Artifactory/Linux/tmp/tmpqLDKtw/202205041515-e75b4932e3-RUNDEV.tgz
      0% complete.
      1% complete.
      2% complete.
      3% complete.
      4% complete.
      5% complete.
      6% complete.
      7% complete.
      8% complete.
      9% complete.
     10% complete.
     11% complete.
     12% complete.
     13% complete.
     14% complete.
     15% complete.
     16% complete.
     17% complete.
     18% complete.
     19% complete.
     20% complete.
     21% complete.
     22% complete.
     23% complete.
     24% complete.
     25% complete.
     26% complete.
     27% complete.
     28% complete.
     29% complete.
     30% complete.
     31% complete.
     32% complete.
     33% complete.
     34% complete.
     35% complete.
     36% complete.
     37% complete.
     38% complete.
     39% complete.
     40% complete.
     41% complete.
     42% complete.
     43% complete.
     44% complete.
     45% complete.
     46% complete.
     47% complete.
     48% complete.
     49% complete.
     50% complete.
     51% complete.
     52% complete.
     53% complete.
     54% complete.
     55% complete.
     56% complete.
     57% complete.
     58% complete.
     59% complete.
     60% complete.
     61% complete.
     62% complete.
    100% complete.
Downloading file failed: Exception('Unable to download https://art-cougar.autodesk.com:443/artifactory/oss-stg-generic/Maya/master/2022-05-04-15-15/linux/202205041515-e75b4932e3-RUNDEV.tgz [curl returned with error code 28]',)
Retry #3...
[VERBOSE] Start downloading file (CURL): https://art-cougar.autodesk.com:443/artifactory/oss-stg-generic/Maya/master/2022-05-04-15-15/linux/202205041515-e75b4932e3-RUNDEV.tgz
[DEBUG] Running: /usr/bin/curl -sI -X GET --keepalive-time 10 --connect-timeout 60 --speed-limit 10000 --speed-time 60 --max-time 3600 --retry 5 --retry-max-time 2400 -H Connection:close -H Authorization:Basic ZWNnYmlmcm9zdDpvcGUqKjAw https://art-cougar.autodesk.com:443/artifactory/oss-stg-generic/Maya/master/2022-05-04-15-15/linux/202205041515-e75b4932e3-RUNDEV.tgz
[DEBUG] Header:
HTTP/1.1 200 
Date: Thu, 05 May 2022 16:48:53 GMT
Content-Type: application/x-gzip
Content-Length: 2440338031
Connection: close
X-JFrog-Version: Artifactory/7.37.14 73714900
X-Artifactory-Id: b995e0c29f871112:3d71c084:1804aa14e9b:-8000
X-Artifactory-Node-Id: usnovpdrsync007.autodesk.com
Last-Modified: Thu, 05 May 2022 01:03:38 GMT
ETag: 3c02c2a6b375cb450ec70201c3b8e3863caa8186
X-Checksum-Sha1: 3c02c2a6b375cb450ec70201c3b8e3863caa8186
X-Checksum-Sha256: 7d28b46e014923938d221ca59222af1a786869b62dcfa0450dec01771c980360
X-Checksum-Md5: d04b5bb9b4849e29d79a6248427ff5e2
Accept-Ranges: bytes
X-Artifactory-Filename: 202205041515-e75b4932e3-RUNDEV.tgz
Content-Disposition: attachment; filename="202205041515-e75b4932e3-RUNDEV.tgz"; filename*=UTF-8''202205041515-e75b4932e3-RUNDEV.tgz
[DEBUG] Running: /usr/bin/curl --progress-bar -X GET --keepalive-time 10 --connect-timeout 60 --speed-limit 10000 --speed-time 60 --max-time 3600 --retry 5 --retry-max-time 2400 -H Connection:close -H Authorization:Basic ZWNnYmlmcm9zdDpvcGUqKjAw https://art-cougar.autodesk.com:443/artifactory/oss-stg-generic/Maya/master/2022-05-04-15-15/linux/202205041515-e75b4932e3-RUNDEV.tgz -o /local/S/jenkins/workspace/shared/Artifactory/Linux/tmp/tmpqLDKtw/202205041515-e75b4932e3-RUNDEV.tgz
      0% complete.
      1% complete.
      2% complete.
      3% complete.
      4% complete.
      5% complete.
      6% complete.
      7% complete.
      8% complete.
      9% complete.
     10% complete.
     11% complete.
     12% complete.
    100% complete.
Downloading file failed: Exception('Unable to download https://art-cougar.autodesk.com:443/artifactory/oss-stg-generic/Maya/master/2022-05-04-15-15/linux/202205041515-e75b4932e3-RUNDEV.tgz [curl returned with error code 18]',)
Retry #4...
[VERBOSE] Start downloading file (CURL): https://art-cougar.autodesk.com:443/artifactory/oss-stg-generic/Maya/master/2022-05-04-15-15/linux/202205041515-e75b4932e3-RUNDEV.tgz
[DEBUG] Running: /usr/bin/curl -sI -X GET --keepalive-time 10 --connect-timeout 60 --speed-limit 10000 --speed-time 60 --max-time 3600 --retry 5 --retry-max-time 2400 -H Connection:close -H Authorization:Basic ZWNnYmlmcm9zdDpvcGUqKjAw https://art-cougar.autodesk.com:443/artifactory/oss-stg-generic/Maya/master/2022-05-04-15-15/linux/202205041515-e75b4932e3-RUNDEV.tgz
[DEBUG] Header:
HTTP/1.1 200 
Date: Thu, 05 May 2022 17:18:37 GMT
Content-Type: application/x-gzip
Content-Length: 2440338031
Connection: close
X-JFrog-Version: Artifactory/7.37.14 73714900
X-Artifactory-Id: b995e0c29f871112:3d71c084:1804aa14e9b:-8000
X-Artifactory-Node-Id: usnovpdrsync007.autodesk.com
Last-Modified: Thu, 05 May 2022 01:03:38 GMT
ETag: 3c02c2a6b375cb450ec70201c3b8e3863caa8186
X-Checksum-Sha1: 3c02c2a6b375cb450ec70201c3b8e3863caa8186
X-Checksum-Sha256: 7d28b46e014923938d221ca59222af1a786869b62dcfa0450dec01771c980360
X-Checksum-Md5: d04b5bb9b4849e29d79a6248427ff5e2
Accept-Ranges: bytes
X-Artifactory-Filename: 202205041515-e75b4932e3-RUNDEV.tgz
Content-Disposition: attachment; filename="202205041515-e75b4932e3-RUNDEV.tgz"; filename*=UTF-8''202205041515-e75b4932e3-RUNDEV.tgz
[DEBUG] Running: /usr/bin/curl --progress-bar -X GET --keepalive-time 10 --connect-timeout 60 --speed-limit 10000 --speed-time 60 --max-time 3600 --retry 5 --retry-max-time 2400 -H Connection:close -H Authorization:Basic ZWNnYmlmcm9zdDpvcGUqKjAw https://art-cougar.autodesk.com:443/artifactory/oss-stg-generic/Maya/master/2022-05-04-15-15/linux/202205041515-e75b4932e3-RUNDEV.tgz -o /local/S/jenkins/workspace/shared/Artifactory/Linux/tmp/tmpqLDKtw/202205041515-e75b4932e3-RUNDEV.tgz
      0% complete.
    100% complete.
Downloading file failed: Exception('Unable to download https://art-cougar.autodesk.com:443/artifactory/oss-stg-generic/Maya/master/2022-05-04-15-15/linux/202205041515-e75b4932e3-RUNDEV.tgz [curl returned with error code 18]',)
Retry #5...
[VERBOSE] Start downloading file (CURL): https://art-cougar.autodesk.com:443/artifactory/oss-stg-generic/Maya/master/2022-05-04-15-15/linux/202205041515-e75b4932e3-RUNDEV.tgz
[DEBUG] Running: /usr/bin/curl -sI -X GET --keepalive-time 10 --connect-timeout 60 --speed-limit 10000 --speed-time 60 --max-time 3600 --retry 5 --retry-max-time 2400 -H Connection:close -H Authorization:Basic ZWNnYmlmcm9zdDpvcGUqKjAw https://art-cougar.autodesk.com:443/artifactory/oss-stg-generic/Maya/master/2022-05-04-15-15/linux/202205041515-e75b4932e3-RUNDEV.tgz
[DEBUG] Header:
HTTP/1.1 200 
Date: Thu, 05 May 2022 17:19:23 GMT
Content-Type: application/x-gzip
Content-Length: 2440338031
Connection: close
X-JFrog-Version: Artifactory/7.37.14 73714900
X-Artifactory-Id: b995e0c29f871112:3d71c084:1804aa14e9b:-8000
X-Artifactory-Node-Id: usnovpdrsync007.autodesk.com
Last-Modified: Thu, 05 May 2022 01:03:38 GMT
ETag: 3c02c2a6b375cb450ec70201c3b8e3863caa8186
X-Checksum-Sha1: 3c02c2a6b375cb450ec70201c3b8e3863caa8186
X-Checksum-Sha256: 7d28b46e014923938d221ca59222af1a786869b62dcfa0450dec01771c980360
X-Checksum-Md5: d04b5bb9b4849e29d79a6248427ff5e2
Accept-Ranges: bytes
X-Artifactory-Filename: 202205041515-e75b4932e3-RUNDEV.tgz
Content-Disposition: attachment; filename="202205041515-e75b4932e3-RUNDEV.tgz"; filename*=UTF-8''202205041515-e75b4932e3-RUNDEV.tgz
[DEBUG] Running: /usr/bin/curl --progress-bar -X GET --keepalive-time 10 --connect-timeout 60 --speed-limit 10000 --speed-time 60 --max-time 3600 --retry 5 --retry-max-time 2400 -H Connection:close -H Authorization:Basic ZWNnYmlmcm9zdDpvcGUqKjAw https://art-cougar.autodesk.com:443/artifactory/oss-stg-generic/Maya/master/2022-05-04-15-15/linux/202205041515-e75b4932e3-RUNDEV.tgz -o /local/S/jenkins/workspace/shared/Artifactory/Linux/tmp/tmpqLDKtw/202205041515-e75b4932e3-RUNDEV.tgz
      0% complete.
      1% complete.
      2% complete.
      3% complete.
      4% complete.
      5% complete.
      6% complete.
      7% complete.
      8% complete.
      9% complete.
     10% complete.
     11% complete.
     12% complete.
     13% complete.
     14% complete.
     15% complete.
     16% complete.
     17% complete.
     18% complete.
     19% complete.
     20% complete.
     21% complete.
     22% complete.
     23% complete.
     24% complete.
     25% complete.
     26% complete.
     27% complete.
     28% complete.
     29% complete.
     30% complete.
     31% complete.
     32% complete.
     33% complete.
     34% complete.
     35% complete.
     36% complete.
     37% complete.
     38% complete.
     39% complete.
     40% complete.
     41% complete.
     42% complete.
     43% complete.
     44% complete.
     45% complete.
     46% complete.
     47% complete.
     48% complete.
    100% complete.
Retried 5 times. Aborting...
build.py: error: Downloading file error: reached maximum number of retry attempts.
[Pipeline] }
[Pipeline] // withEnv
[Pipeline] }
[Pipeline] // stage
[Pipeline] }
[Pipeline] // timestamps
[Pipeline] }
[Pipeline] // timeout
[Pipeline] emailextrecipients
[Pipeline] isUnix
[Pipeline] echo
Sending notification via SendGrid.
Sending email to notifications@git.autodesk.com
[Pipeline] withCredentials
[Pipeline] {
[Pipeline] sh
[ecg-mayausd-branch-preflight-cotd-python3-pxrusd-max-interactive-linux] Running shell script
[Pipeline] }
[Pipeline] // withCredentials
[Pipeline] }
[Pipeline] // node
[Pipeline] End of Pipeline
ERROR: script returned exit code 1
Finished: FAILURE
