================================================================================
                                 setup (Debug)
================================================================================
Installing license file 'melicense.lic'.
[Pipeline] }
[Pipeline] // withEnv
[Pipeline] withEnv
[Pipeline] {
[Pipeline] sh
[ecg-mayausd-branch-preflight-python3-linux] Running shell script
+ scl enable devtoolset-6 -
python ecg-maya-usd/build.py --stages=setup --workspace-dir=/local/S/jenkins/workspace/ecg-mayausd-branch-preflight-python3-linux --artifactory-dir=/local/S/jenkins/workspace/shared/Artifactory --build-dir=/local/S/jenkins/workspace/ecg-mayausd-branch-preflight-python3-linux/build --install-dir=/local/S/jenkins/workspace/ecg-mayausd-branch-preflight-python3-linux/install --signing-dir=/local/S/jenkins/workspace/ecg-mayausd-branch-preflight-python3-linux/signing --package-dir=/local/S/jenkins/workspace/ecg-mayausd-branch-preflight-python3-linux/package --output-dir=/local/S/jenkins/workspace/ecg-mayausd-branch-preflight-python3-linux/output --stash-dir=/local/S/jenkins/workspace/ecg-mayausd-branch-preflight-python3-linux/stash --jenkins-build=2002 --git-commit=603d5405b5e7a90c792e221f747e17eba319ab00 --git-branch=master --variants=RelWithDebInfo --python=3.9 --post-zips=false --extra-license-file=ecg-maya-usd/jenkins/melicense.lic --prune-versions=3 --prune-revisions=3 --maya-cut-config=maya-rundev-master.yaml --stage-banner --prune-artifacts --force-pruning
Using Maya cut from /local/S/jenkins/workspace/shared/Artifactory/Linux/rundev-master/202205091515/runtime/b8dd92d
Pruning artifacts in /local/S/jenkins/workspace/shared/Artifactory/Linux
The following artifact versions will be pruned:
	rundev-master-debug/202205091515
Removing directory: /local/S/jenkins/workspace/shared/Artifactory/Linux/rundev-master-debug/202205091515

================================================================================
                             setup (RelWithDebInfo)
================================================================================
[Pipeline] }
[Pipeline] // withEnv
[Pipeline] }
[Pipeline] // stage
[Pipeline] }
[Pipeline] // timestamps
[Pipeline] }
[Pipeline] // timeout
[Pipeline] timeout
Timeout set to expire in 6 hr 0 min
[Pipeline] {
[Pipeline] timestamps
[Pipeline] {
[Pipeline] stage
[Pipeline] { (Clean)
[Pipeline] withEnv
[Pipeline] {
[Pipeline] sh
[ecg-mayausd-branch-preflight-python3-linux] Running shell script
+ scl enable devtoolset-6 -
python ecg-maya-usd/build.py --stages=clean --workspace-dir=/local/S/jenkins/workspace/ecg-mayausd-branch-preflight-python3-linux --artifactory-dir=/local/S/jenkins/workspace/shared/Artifactory --build-dir=/local/S/jenkins/workspace/ecg-mayausd-branch-preflight-python3-linux/build --install-dir=/local/S/jenkins/workspace/ecg-mayausd-branch-preflight-python3-linux/install --signing-dir=/local/S/jenkins/workspace/ecg-mayausd-branch-preflight-python3-linux/signing --package-dir=/local/S/jenkins/workspace/ecg-mayausd-branch-preflight-python3-linux/package --output-dir=/local/S/jenkins/workspace/ecg-mayausd-branch-preflight-python3-linux/output --stash-dir=/local/S/jenkins/workspace/ecg-mayausd-branch-preflight-python3-linux/stash --jenkins-build=2002 --git-commit=603d5405b5e7a90c792e221f747e17eba319ab00 --git-branch=master --variants=Debug --python=3.9 --post-zips=false --maya-cut-config=maya-rundev-master-debug.yaml --stage-banner
Getting Maya cut download URL from Maya SHA-1 hash
Finding Artifactory servers response times
[VERBOSE] Start loading URL (CURL): https://art-cougar.autodesk.com/artifactory/api/system/ping
[DEBUG] Running: /usr/bin/curl -s -X GET --keepalive-time 10 --connect-timeout 60 --speed-limit 10000 --speed-time 60 --max-time 3600 --retry 5 --retry-max-time 2400 -H Connection:close https://art-cougar.autodesk.com/artifactory/api/system/ping
[DEBUG] Output:
OK
[VERBOSE] End loading URL (CURL): https://art-cougar.autodesk.com/artifactory/api/system/ping
[VERBOSE] Start loading URL (CURL): https://art-bear.autodesk.com/artifactory/api/system/ping
[DEBUG] Running: /usr/bin/curl -s -X GET --keepalive-time 10 --connect-timeout 60 --speed-limit 10000 --speed-time 60 --max-time 3600 --retry 5 --retry-max-time 2400 -H Connection:close https://art-bear.autodesk.com/artifactory/api/system/ping
[DEBUG] Output:
OK
[VERBOSE] End loading URL (CURL): https://art-bear.autodesk.com/artifactory/api/system/ping
[VERBOSE] Start loading URL (CURL): https://art-marmotte.autodesk.com/artifactory/api/system/ping
[DEBUG] Running: /usr/bin/curl -s -X GET --keepalive-time 10 --connect-timeout 60 --speed-limit 10000 --speed-time 60 --max-time 3600 --retry 5 --retry-max-time 2400 -H Connection:close https://art-marmotte.autodesk.com/artifactory/api/system/ping
[DEBUG] Output:
OK
[VERBOSE] End loading URL (CURL): https://art-marmotte.autodesk.com/artifactory/api/system/ping
[VERBOSE] Start loading URL (CURL): https://art-bobcat.autodesk.com/artifactory/api/system/ping
[DEBUG] Running: /usr/bin/curl -s -X GET --keepalive-time 10 --connect-timeout 60 --speed-limit 10000 --speed-time 60 --max-time 3600 --retry 5 --retry-max-time 2400 -H Connection:close https://art-bobcat.autodesk.com/artifactory/api/system/ping
[DEBUG] Output:
OK
[VERBOSE] End loading URL (CURL): https://art-bobcat.autodesk.com/artifactory/api/system/ping
[VERBOSE] Start loading URL (CURL): https://art-hare.autodesk.com/artifactory/api/system/ping
[DEBUG] Running: /usr/bin/curl -s -X GET --keepalive-time 10 --connect-timeout 60 --speed-limit 10000 --speed-time 60 --max-time 3600 --retry 5 --retry-max-time 2400 -H Connection:close https://art-hare.autodesk.com/artifactory/api/system/ping
[DEBUG] Output:
OK
[VERBOSE] End loading URL (CURL): https://art-hare.autodesk.com/artifactory/api/system/ping
[VERBOSE] Start loading URL (CURL): https://art-panda.autodesk.com/artifactory/api/system/ping
[DEBUG] Running: /usr/bin/curl -s -X GET --keepalive-time 10 --connect-timeout 60 --speed-limit 10000 --speed-time 60 --max-time 3600 --retry 5 --retry-max-time 2400 -H Connection:close https://art-panda.autodesk.com/artifactory/api/system/ping
[DEBUG] Output:
OK
[VERBOSE] End loading URL (CURL): https://art-panda.autodesk.com/artifactory/api/system/ping
[VERBOSE] Start loading URL (CURL): https://art-lion.autodesk.com/artifactory/api/system/ping
[DEBUG] Running: /usr/bin/curl -s -X GET --keepalive-time 10 --connect-timeout 60 --speed-limit 10000 --speed-time 60 --max-time 3600 --retry 5 --retry-max-time 2400 -H Connection:close https://art-lion.autodesk.com/artifactory/api/system/ping
[DEBUG] Output:
OK
[VERBOSE] End loading URL (CURL): https://art-lion.autodesk.com/artifactory/api/system/ping
[VERBOSE] Start loading URL (CURL): https://art-kangaroo.autodesk.com/artifactory/api/system/ping
[DEBUG] Running: /usr/bin/curl -s -X GET --keepalive-time 10 --connect-timeout 60 --speed-limit 10000 --speed-time 60 --max-time 3600 --retry 5 --retry-max-time 2400 -H Connection:close https://art-kangaroo.autodesk.com/artifactory/api/system/ping
[DEBUG] Output:
OK
[VERBOSE] End loading URL (CURL): https://art-kangaroo.autodesk.com/artifactory/api/system/ping
[VERBOSE] Start loading URL (CURL): https://art-cougar.autodesk.com/artifactory/api/search/checksum?sha1=c8fef3d86873ed20b6d808e6022384e25f5cf346
[DEBUG] Running: /usr/bin/curl -s -X GET --keepalive-time 10 --connect-timeout 60 --speed-limit 10000 --speed-time 60 --max-time 3600 --retry 5 --retry-max-time 2400 -H Connection:close -H Authorization:Basic ZWNnYmlmcm9zdDpvcGUqKjAw https://art-cougar.autodesk.com/artifactory/api/search/checksum?sha1=c8fef3d86873ed20b6d808e6022384e25f5cf346
[DEBUG] Output:
{
  "results" : [ {
    "uri" : "https://art-cougar.autodesk.com:443/artifactory/api/storage/oss-stg-generic/Maya/master-debug/2022-05-09-15-15/linux/202205091515-8807a2e325-RUNDEV.tgz"
  } ]
}
[VERBOSE] End loading URL (CURL): https://art-cougar.autodesk.com/artifactory/api/search/checksum?sha1=c8fef3d86873ed20b6d808e6022384e25f5cf346
[VERBOSE] Start loading URL (CURL): https://art-cougar.autodesk.com:443/artifactory/api/storage/oss-stg-generic/Maya/master-debug/2022-05-09-15-15/linux/202205091515-8807a2e325-RUNDEV.tgz
[DEBUG] Running: /usr/bin/curl -s -X GET --keepalive-time 10 --connect-timeout 60 --speed-limit 10000 --speed-time 60 --max-time 3600 --retry 5 --retry-max-time 2400 -H Connection:close -H Authorization:Basic ZWNnYmlmcm9zdDpvcGUqKjAw https://art-cougar.autodesk.com:443/artifactory/api/storage/oss-stg-generic/Maya/master-debug/2022-05-09-15-15/linux/202205091515-8807a2e325-RUNDEV.tgz
[DEBUG] Output:
{
  "repo" : "oss-stg-generic",
  "path" : "/Maya/master-debug/2022-05-09-15-15/linux/202205091515-8807a2e325-RUNDEV.tgz",
  "created" : "2022-05-09T20:20:05.830-04:00",
  "createdBy" : "token:art-cougar.autodesk.com",
  "lastModified" : "2022-05-09T20:20:05.756-04:00",
  "modifiedBy" : "token:art-cougar.autodesk.com",
  "lastUpdated" : "2022-05-09T20:20:05.830-04:00",
  "downloadUri" : "https://art-cougar.autodesk.com:443/artifactory/oss-stg-generic/Maya/master-debug/2022-05-09-15-15/linux/202205091515-8807a2e325-RUNDEV.tgz",
  "mimeType" : "application/x-gzip",
  "size" : "6217757462",
  "checksums" : {
    "sha1" : "c8fef3d86873ed20b6d808e6022384e25f5cf346",
    "md5" : "12d2bf7620c6f46f994fed6ed0338efa",
    "sha256" : "23fb5eb68ae4afa242f8a6baedb6c474c207bb73704f2e45a0be01fe067d86f0"
  },
  "originalChecksums" : {
    "sha256" : "23fb5eb68ae4afa242f8a6baedb6c474c207bb73704f2e45a0be01fe067d86f0"
  },
  "uri" : "https://art-cougar.autodesk.com:443/artifactory/api/storage/oss-stg-generic/Maya/master-debug/2022-05-09-15-15/linux/202205091515-8807a2e325-RUNDEV.tgz"
}
[VERBOSE] End loading URL (CURL): https://art-cougar.autodesk.com:443/artifactory/api/storage/oss-stg-generic/Maya/master-debug/2022-05-09-15-15/linux/202205091515-8807a2e325-RUNDEV.tgz
Using Maya cut from /local/S/jenkins/workspace/shared/Artifactory/Linux/rundev-master-debug/202205091515/runtime/c8fef3d
[VERBOSE] Start loading URL (CURL): https://art-cougar.autodesk.com:443/artifactory/api/storage/oss-stg-generic/Maya/master-debug/2022-05-09-15-15/linux/202205091515-8807a2e325-RUNDEV.tgz.multipart
[DEBUG] Running: /usr/bin/curl -s -X GET --keepalive-time 10 --connect-timeout 60 --speed-limit 10000 --speed-time 60 --max-time 3600 --retry 5 --retry-max-time 2400 -H Connection:close -H Authorization:Basic ZWNnYmlmcm9zdDpvcGUqKjAw https://art-cougar.autodesk.com:443/artifactory/api/storage/oss-stg-generic/Maya/master-debug/2022-05-09-15-15/linux/202205091515-8807a2e325-RUNDEV.tgz.multipart
[DEBUG] Output:
{
  "errors" : [ {
    "status" : 404,
    "message" : "Unable to find item"
  } ]
}
[VERBOSE] End loading URL (CURL): https://art-cougar.autodesk.com:443/artifactory/api/storage/oss-stg-generic/Maya/master-debug/2022-05-09-15-15/linux/202205091515-8807a2e325-RUNDEV.tgz.multipart
Downloading https://art-cougar.autodesk.com:443/artifactory/oss-stg-generic/Maya/master-debug/2022-05-09-15-15/linux/202205091515-8807a2e325-RUNDEV.tgz to /local/S/jenkins/workspace/shared/Artifactory/Linux/tmp/tmpB_R2X1
[VERBOSE] Start downloading file (CURL): https://art-cougar.autodesk.com:443/artifactory/oss-stg-generic/Maya/master-debug/2022-05-09-15-15/linux/202205091515-8807a2e325-RUNDEV.tgz
[DEBUG] Running: /usr/bin/curl -sI -X GET --keepalive-time 10 --connect-timeout 60 --speed-limit 10000 --speed-time 60 --max-time 3600 --retry 5 --retry-max-time 2400 -H Connection:close -H Authorization:Basic ZWNnYmlmcm9zdDpvcGUqKjAw https://art-cougar.autodesk.com:443/artifactory/oss-stg-generic/Maya/master-debug/2022-05-09-15-15/linux/202205091515-8807a2e325-RUNDEV.tgz
[DEBUG] Header:
HTTP/1.1 200 
Date: Thu, 19 May 2022 13:39:28 GMT
Content-Type: application/x-gzip
Content-Length: 6217757462
Connection: close
X-JFrog-Version: Artifactory/7.37.14 73714900
X-Artifactory-Id: b995e0c29f871112:3d71c084:1804aa14e9b:-8000
X-Artifactory-Node-Id: usnovpdrsync007.autodesk.com
Last-Modified: Tue, 10 May 2022 00:20:05 GMT
ETag: c8fef3d86873ed20b6d808e6022384e25f5cf346
X-Checksum-Sha1: c8fef3d86873ed20b6d808e6022384e25f5cf346
X-Checksum-Sha256: 23fb5eb68ae4afa242f8a6baedb6c474c207bb73704f2e45a0be01fe067d86f0
X-Checksum-Md5: 12d2bf7620c6f46f994fed6ed0338efa
Accept-Ranges: bytes
X-Artifactory-Filename: 202205091515-8807a2e325-RUNDEV.tgz
Content-Disposition: attachment; filename="202205091515-8807a2e325-RUNDEV.tgz"; filename*=UTF-8''202205091515-8807a2e325-RUNDEV.tgz
[DEBUG] Running: /usr/bin/curl --progress-bar -X GET --keepalive-time 10 --connect-timeout 60 --speed-limit 10000 --speed-time 60 --max-time 3600 --retry 5 --retry-max-time 2400 -H Connection:close -H Authorization:Basic ZWNnYmlmcm9zdDpvcGUqKjAw https://art-cougar.autodesk.com:443/artifactory/oss-stg-generic/Maya/master-debug/2022-05-09-15-15/linux/202205091515-8807a2e325-RUNDEV.tgz -o /local/S/jenkins/workspace/shared/Artifactory/Linux/tmp/tmpB_R2X1/202205091515-8807a2e325-RUNDEV.tgz
      0% complete.
      1% complete.
      2% complete.
      3% complete.
    100% complete.
Downloading file failed: Exception('Unable to download https://art-cougar.autodesk.com:443/artifactory/oss-stg-generic/Maya/master-debug/2022-05-09-15-15/linux/202205091515-8807a2e325-RUNDEV.tgz [curl returned with error code 18]',)
Retry #1...
[VERBOSE] Start downloading file (CURL): https://art-cougar.autodesk.com:443/artifactory/oss-stg-generic/Maya/master-debug/2022-05-09-15-15/linux/202205091515-8807a2e325-RUNDEV.tgz
[DEBUG] Running: /usr/bin/curl -sI -X GET --keepalive-time 10 --connect-timeout 60 --speed-limit 10000 --speed-time 60 --max-time 3600 --retry 5 --retry-max-time 2400 -H Connection:close -H Authorization:Basic ZWNnYmlmcm9zdDpvcGUqKjAw https://art-cougar.autodesk.com:443/artifactory/oss-stg-generic/Maya/master-debug/2022-05-09-15-15/linux/202205091515-8807a2e325-RUNDEV.tgz
[DEBUG] Header:
HTTP/1.1 200 
Date: Thu, 19 May 2022 13:59:24 GMT
Content-Type: application/x-gzip
Content-Length: 6217757462
Connection: close
X-JFrog-Version: Artifactory/7.37.14 73714900
X-Artifactory-Id: b995e0c29f871112:3d71c084:1804aa14e9b:-8000
X-Artifactory-Node-Id: usnovpdrsync007.autodesk.com
Last-Modified: Tue, 10 May 2022 00:20:05 GMT
ETag: c8fef3d86873ed20b6d808e6022384e25f5cf346
X-Checksum-Sha1: c8fef3d86873ed20b6d808e6022384e25f5cf346
X-Checksum-Sha256: 23fb5eb68ae4afa242f8a6baedb6c474c207bb73704f2e45a0be01fe067d86f0
X-Checksum-Md5: 12d2bf7620c6f46f994fed6ed0338efa
Accept-Ranges: bytes
X-Artifactory-Filename: 202205091515-8807a2e325-RUNDEV.tgz
Content-Disposition: attachment; filename="202205091515-8807a2e325-RUNDEV.tgz"; filename*=UTF-8''202205091515-8807a2e325-RUNDEV.tgz
[DEBUG] Running: /usr/bin/curl --progress-bar -X GET --keepalive-time 10 --connect-timeout 60 --speed-limit 10000 --speed-time 60 --max-time 3600 --retry 5 --retry-max-time 2400 -H Connection:close -H Authorization:Basic ZWNnYmlmcm9zdDpvcGUqKjAw https://art-cougar.autodesk.com:443/artifactory/oss-stg-generic/Maya/master-debug/2022-05-09-15-15/linux/202205091515-8807a2e325-RUNDEV.tgz -o /local/S/jenkins/workspace/shared/Artifactory/Linux/tmp/tmpB_R2X1/202205091515-8807a2e325-RUNDEV.tgz
      0% complete.
      1% complete.
      2% complete.
      3% complete.
      4% complete.
      5% complete.
      6% complete.
      7% complete.
      8% complete.
      9% complete.
     10% complete.
     11% complete.
     12% complete.
     13% complete.
     14% complete.
     15% complete.
     16% complete.
     17% complete.
     18% complete.
     19% complete.
     20% complete.
     21% complete.
     22% complete.
     23% complete.
     24% complete.
     25% complete.
     26% complete.
     27% complete.
     28% complete.
    100% complete.
Downloading file failed: Exception('Unable to download https://art-cougar.autodesk.com:443/artifactory/oss-stg-generic/Maya/master-debug/2022-05-09-15-15/linux/202205091515-8807a2e325-RUNDEV.tgz [curl returned with error code 28]',)
Retry #2...
[VERBOSE] Start downloading file (CURL): https://art-cougar.autodesk.com:443/artifactory/oss-stg-generic/Maya/master-debug/2022-05-09-15-15/linux/202205091515-8807a2e325-RUNDEV.tgz
[DEBUG] Running: /usr/bin/curl -sI -X GET --keepalive-time 10 --connect-timeout 60 --speed-limit 10000 --speed-time 60 --max-time 3600 --retry 5 --retry-max-time 2400 -H Connection:close -H Authorization:Basic ZWNnYmlmcm9zdDpvcGUqKjAw https://art-cougar.autodesk.com:443/artifactory/oss-stg-generic/Maya/master-debug/2022-05-09-15-15/linux/202205091515-8807a2e325-RUNDEV.tgz
[DEBUG] Header:
HTTP/1.1 200 
Date: Thu, 19 May 2022 14:59:32 GMT
Content-Type: application/x-gzip
Content-Length: 6217757462
Connection: close
X-JFrog-Version: Artifactory/7.37.14 73714900
X-Artifactory-Id: b995e0c29f871112:3d71c084:1804aa14e9b:-8000
X-Artifactory-Node-Id: usnovpdrsync007.autodesk.com
Last-Modified: Tue, 10 May 2022 00:20:05 GMT
ETag: c8fef3d86873ed20b6d808e6022384e25f5cf346
X-Checksum-Sha1: c8fef3d86873ed20b6d808e6022384e25f5cf346
X-Checksum-Sha256: 23fb5eb68ae4afa242f8a6baedb6c474c207bb73704f2e45a0be01fe067d86f0
X-Checksum-Md5: 12d2bf7620c6f46f994fed6ed0338efa
Accept-Ranges: bytes
X-Artifactory-Filename: 202205091515-8807a2e325-RUNDEV.tgz
Content-Disposition: attachment; filename="202205091515-8807a2e325-RUNDEV.tgz"; filename*=UTF-8''202205091515-8807a2e325-RUNDEV.tgz
[DEBUG] Running: /usr/bin/curl --progress-bar -X GET --keepalive-time 10 --connect-timeout 60 --speed-limit 10000 --speed-time 60 --max-time 3600 --retry 5 --retry-max-time 2400 -H Connection:close -H Authorization:Basic ZWNnYmlmcm9zdDpvcGUqKjAw https://art-cougar.autodesk.com:443/artifactory/oss-stg-generic/Maya/master-debug/2022-05-09-15-15/linux/202205091515-8807a2e325-RUNDEV.tgz -o /local/S/jenkins/workspace/shared/Artifactory/Linux/tmp/tmpB_R2X1/202205091515-8807a2e325-RUNDEV.tgz
      0% complete.
      1% complete.
      2% complete.
      3% complete.
      4% complete.
      5% complete.
      6% complete.
      7% complete.
      8% complete.
      9% complete.
     10% complete.
     11% complete.
     12% complete.
     13% complete.
     14% complete.
     15% complete.
     16% complete.
     17% complete.
     18% complete.
     19% complete.
     20% complete.
     21% complete.
     22% complete.
     23% complete.
    100% complete.
Downloading file failed: Exception('Unable to download https://art-cougar.autodesk.com:443/artifactory/oss-stg-generic/Maya/master-debug/2022-05-09-15-15/linux/202205091515-8807a2e325-RUNDEV.tgz [curl returned with error code 28]',)
Retry #3...
[VERBOSE] Start downloading file (CURL): https://art-cougar.autodesk.com:443/artifactory/oss-stg-generic/Maya/master-debug/2022-05-09-15-15/linux/202205091515-8807a2e325-RUNDEV.tgz
[DEBUG] Running: /usr/bin/curl -sI -X GET --keepalive-time 10 --connect-timeout 60 --speed-limit 10000 --speed-time 60 --max-time 3600 --retry 5 --retry-max-time 2400 -H Connection:close -H Authorization:Basic ZWNnYmlmcm9zdDpvcGUqKjAw https://art-cougar.autodesk.com:443/artifactory/oss-stg-generic/Maya/master-debug/2022-05-09-15-15/linux/202205091515-8807a2e325-RUNDEV.tgz
[DEBUG] Header:
HTTP/1.1 200 
Date: Thu, 19 May 2022 15:59:41 GMT
Content-Type: application/x-gzip
Content-Length: 6217757462
Connection: close
X-JFrog-Version: Artifactory/7.37.14 73714900
X-Artifactory-Id: b995e0c29f871112:3d71c084:1804aa14e9b:-8000
X-Artifactory-Node-Id: usnovpdrsync007.autodesk.com
Last-Modified: Tue, 10 May 2022 00:20:05 GMT
ETag: c8fef3d86873ed20b6d808e6022384e25f5cf346
X-Checksum-Sha1: c8fef3d86873ed20b6d808e6022384e25f5cf346
X-Checksum-Sha256: 23fb5eb68ae4afa242f8a6baedb6c474c207bb73704f2e45a0be01fe067d86f0
X-Checksum-Md5: 12d2bf7620c6f46f994fed6ed0338efa
Accept-Ranges: bytes
X-Artifactory-Filename: 202205091515-8807a2e325-RUNDEV.tgz
Content-Disposition: attachment; filename="202205091515-8807a2e325-RUNDEV.tgz"; filename*=UTF-8''202205091515-8807a2e325-RUNDEV.tgz
[DEBUG] Running: /usr/bin/curl --progress-bar -X GET --keepalive-time 10 --connect-timeout 60 --speed-limit 10000 --speed-time 60 --max-time 3600 --retry 5 --retry-max-time 2400 -H Connection:close -H Authorization:Basic ZWNnYmlmcm9zdDpvcGUqKjAw https://art-cougar.autodesk.com:443/artifactory/oss-stg-generic/Maya/master-debug/2022-05-09-15-15/linux/202205091515-8807a2e325-RUNDEV.tgz -o /local/S/jenkins/workspace/shared/Artifactory/Linux/tmp/tmpB_R2X1/202205091515-8807a2e325-RUNDEV.tgz
      0% complete.
      1% complete.
Aborted by William Smith
Sending interrupt signal to process
[Pipeline] }
[Pipeline] // withEnv
[Pipeline] }
[Pipeline] // stage
[Pipeline] }
[Pipeline] // timestamps
[Pipeline] }
[Pipeline] // timeout
[Pipeline] emailextrecipients
[Pipeline] echo
No recipients to send notification.
[Pipeline] }
[Pipeline] // node
[Pipeline] End of Pipeline
java.io.IOException: Remote call on MayaUSD_2023_Linux_NOGPU_07 failed
	at hudson.remoting.Channel.call(Channel.java:830)
	at hudson.Launcher$RemoteLauncher.kill(Launcher.java:984)
	at org.jenkinsci.plugins.durabletask.FileMonitoringTask$FileMonitoringController.stop(FileMonitoringTask.java:180)
	at org.jenkinsci.plugins.workflow.steps.durable_task.DurableTaskStep$Execution.stop(DurableTaskStep.java:237)
	at org.jenkinsci.plugins.workflow.cps.CpsThread.stop(CpsThread.java:285)
	at org.jenkinsci.plugins.workflow.cps.CpsFlowExecution$6.onSuccess(CpsFlowExecution.java:865)
	at org.jenkinsci.plugins.workflow.cps.CpsFlowExecution$6.onSuccess(CpsFlowExecution.java:854)
	at org.jenkinsci.plugins.workflow.cps.CpsFlowExecution$4$1.run(CpsFlowExecution.java:651)
	at org.jenkinsci.plugins.workflow.cps.CpsVmExecutorService$1.run(CpsVmExecutorService.java:35)
	at java.util.concurrent.Executors$RunnableAdapter.call(Executors.java:511)
	at java.util.concurrent.FutureTask.run(FutureTask.java:266)
	at hudson.remoting.SingleLaneExecutorService$1.run(SingleLaneExecutorService.java:112)
	at jenkins.util.ContextResettingExecutorService$1.run(ContextResettingExecutorService.java:28)
	at java.util.concurrent.Executors$RunnableAdapter.call(Executors.java:511)
	at java.util.concurrent.FutureTask.run(FutureTask.java:266)
	at java.util.concurrent.ThreadPoolExecutor.runWorker(ThreadPoolExecutor.java:1142)
	at java.util.concurrent.ThreadPoolExecutor$Worker.run(ThreadPoolExecutor.java:617)
	at java.lang.Thread.run(Thread.java:745)
Caused by: java.lang.LinkageError
	at hudson.util.ProcessTree$UnixReflection.<clinit>(ProcessTree.java:638)
	at hudson.util.ProcessTree$UnixProcess.kill(ProcessTree.java:575)
	at hudson.util.ProcessTree$UnixProcess.killRecursively(ProcessTree.java:596)
	at hudson.util.ProcessTree$UnixProcess.killRecursively(ProcessTree.java:595)
	at hudson.util.ProcessTree$Unix.killAll(ProcessTree.java:517)
	at hudson.Launcher$RemoteLauncher$KillTask.call(Launcher.java:996)
	at hudson.Launcher$RemoteLauncher$KillTask.call(Launcher.java:987)
	at hudson.remoting.UserRequest.perform(UserRequest.java:153)
	at hudson.remoting.UserRequest.perform(UserRequest.java:50)
	at hudson.remoting.Request$2.run(Request.java:336)
	at hudson.remoting.InterceptingExecutorService$1.call(InterceptingExecutorService.java:68)
	at java.util.concurrent.FutureTask.run(FutureTask.java:264)
	at java.util.concurrent.ThreadPoolExecutor.runWorker(ThreadPoolExecutor.java:1128)
	at java.util.concurrent.ThreadPoolExecutor$Worker.run(ThreadPoolExecutor.java:628)
	at java.lang.Thread.run(Thread.java:834)
	at ......remote call to MayaUSD_2023_Linux_NOGPU_07(Native Method)
	at hudson.remoting.Channel.attachCallSiteStackTrace(Channel.java:1537)
	at hudson.remoting.UserResponse.retrieve(UserRequest.java:253)
	at hudson.remoting.Channel.call(Channel.java:822)
	... 17 more
Caused by: java.lang.ClassNotFoundException: Classloading from system classloader disabled
	at hudson.remoting.RemoteClassLoader$ClassLoaderProxy.fetch4(RemoteClassLoader.java:816)
	at hudson.remoting.RemoteClassLoader$ClassLoaderProxy.fetch3(RemoteClassLoader.java:849)
	at sun.reflect.GeneratedMethodAccessor413895.invoke(Unknown Source)
	at sun.reflect.DelegatingMethodAccessorImpl.invoke(DelegatingMethodAccessorImpl.java:43)
	at java.lang.reflect.Method.invoke(Method.java:498)
	at hudson.remoting.RemoteInvocationHandler$RPCRequest.perform(RemoteInvocationHandler.java:894)
	at hudson.remoting.Request$2.run(Request.java:336)
	at hudson.remoting.InterceptingExecutorService$1.call(InterceptingExecutorService.java:68)
	at org.jenkinsci.remoting.CallableDecorator.call(CallableDecorator.java:19)
	at hudson.remoting.CallableDecoratorList$1.call(CallableDecoratorList.java:21)
	at jenkins.util.ContextResettingExecutorService$2.call(ContextResettingExecutorService.java:46)
	at java.util.concurrent.FutureTask.run(FutureTask.java:266)
	at java.util.concurrent.ThreadPoolExecutor.runWorker(ThreadPoolExecutor.java:1142)
	at java.util.concurrent.ThreadPoolExecutor$Worker.run(ThreadPoolExecutor.java:617)
	at java.lang.Thread.run(Thread.java:745)
	at ......remote call to channel(Native Method)
	at hudson.remoting.Channel.attachCallSiteStackTrace(Channel.java:1537)
	at hudson.remoting.Request.call(Request.java:172)
	at hudson.remoting.RemoteInvocationHandler.invoke(RemoteInvocationHandler.java:259)
	at com.sun.proxy.$Proxy6.fetch3(Unknown Source)
	at hudson.remoting.RemoteClassLoader.findClass(RemoteClassLoader.java:187)
	at java.lang.ClassLoader.loadClass(ClassLoader.java:588)
	at java.lang.ClassLoader.loadClass(ClassLoader.java:521)
	at java.lang.Class.forName0(Native Method)
	at java.lang.Class.forName(Class.java:315)
	at hudson.util.ProcessTree$UnixReflection.<clinit>(ProcessTree.java:627)
	at hudson.util.ProcessTree$UnixProcess.kill(ProcessTree.java:575)
	at hudson.util.ProcessTree$UnixProcess.killRecursively(ProcessTree.java:596)
	at hudson.util.ProcessTree$UnixProcess.killRecursively(ProcessTree.java:595)
	at hudson.util.ProcessTree$Unix.killAll(ProcessTree.java:517)
	at hudson.Launcher$RemoteLauncher$KillTask.call(Launcher.java:996)
	at hudson.Launcher$RemoteLauncher$KillTask.call(Launcher.java:987)
	at hudson.remoting.UserRequest.perform(UserRequest.java:153)
	at hudson.remoting.UserRequest.perform(UserRequest.java:50)
	at hudson.remoting.Request$2.run(Request.java:336)
	at hudson.remoting.InterceptingExecutorService$1.call(InterceptingExecutorService.java:68)
	at java.util.concurrent.FutureTask.run(FutureTask.java:264)
	at java.util.concurrent.ThreadPoolExecutor.runWorker(ThreadPoolExecutor.java:1128)
	at java.util.concurrent.ThreadPoolExecutor$Worker.run(ThreadPoolExecutor.java:628)
	at java.lang.Thread.run(Thread.java:834)
Finished: ABORTED
