================================================================================
                             setup (RelWithDebInfo)
================================================================================
Deleting subst P:
Deleting subst W:
[Pipeline] }
[Pipeline] // withEnv
[Pipeline] }
[Pipeline] // stage
[Pipeline] }
[Pipeline] // timestamps
[Pipeline] }
[Pipeline] // timeout
[Pipeline] timeout
Timeout set to expire in 6 hr 0 min
[Pipeline] {
[Pipeline] timestamps
[Pipeline] {
[Pipeline] stage
[Pipeline] { (Clean)
[Pipeline] withEnv
[Pipeline] {
[Pipeline] bat
[ecg-mayausd-branch-preflight-2020-windows] Running batch script
Subst W: S:\jenkins\workspace\ecg-mayausd-branch-preflight-2020-windows
Subst P: S:\jenkins\workspace
"C:\Program Files (x86)\Microsoft Visual Studio\2017\Professional\VC\Auxiliary\Build\vcvarsall.bat" x64
**********************************************************************
** Visual Studio 2017 Developer Command Prompt v15.9.15
** Copyright (c) 2017 Microsoft Corporation
**********************************************************************
[vcvarsall.bat] Environment initialized for: 'x64'
python ecg-maya-usd/build.py --stages=clean --workspace-dir=W:\ --artifactory-dir=P:\shared\Artifactory --build-dir=W:\build --install-dir=W:\install --signing-dir=W:\signing --package-dir=W:\package --output-dir=W:\output --stash-dir=W:\stash --jenkins-build=183 --git-commit=606f220392c90832eaaad7975157b52f51bf42b1 --git-branch=master --variants=RelWithDebInfo --python=2 --maya-package=rundev-2020 --stage-banner
Searching for available Maya cuts in P:\shared\Artifactory\Windows\rundev-2020
Using Maya cut from P:\shared\Artifactory\Windows\rundev-2020\202004291615\runtime\df03b16

================================================================================
                             clean (RelWithDebInfo)
================================================================================
running clean stage....................
Maya Python RelWithDebInfo Info:
  mayapy executable   = P:\shared\Artifactory\Windows\rundev-2020\202004291615\runtime\df03b16\runTime\bin\mayapy.exe
  Include Folder      = P:\shared\Artifactory\Windows\rundev-2020\202004291615\runtime\df03b16\runTime\include\Python
  Library             = P:\shared\Artifactory\Windows\rundev-2020\202004291615\runtime\df03b16\runTime\lib\python27.lib
  site-package Folder = P:\shared\Artifactory\Windows\rundev-2020\202004291615\runtime\df03b16\runTime\Python\Lib\site-packages
In workdir: S:\jenkins\workspace\ecg-mayausd-branch-preflight-2020-windows\ecg-maya-usd\maya-usd
Executing: 'P:\\shared\\Artifactory\\Windows\\rundev-2020\\202004291615\\runtime\\df03b16\\runTime\\bin\\mayapy.exe' 'S:\\jenkins\\workspace\\ecg-mayausd-branch-preflight-2020-windows\\ecg-maya-usd\\maya-usd\\build.py' --generator Ninja --build-relwithdebug --maya-location 'P:\\shared\\Artifactory\\Windows\\rundev-2020\\202004291615\\runtime\\df03b16\\runTime' --devkit-location 'P:\\shared\\Artifactory\\Windows\\rundev-2020\\202004291615\\runtime\\df03b16\\devkitBase' --pxrusd-location 'P:\\shared\\Artifactory\\Windows\\USD\\59a48e6' --qt-location 'P:\\shared\\Artifactory\\Windows\\qt\\5.12.5\\4755980' '--build-args=-DCMAKE_MAKE_PROGRAM=P:/shared/Artifactory/Windows/ninja/1.9.0/c68f192/ninja.exe,-DPYTHON_INCLUDE_DIR=P:/shared/Artifactory/Windows/rundev-2020/202004291615/runtime/df03b16/runTime/include/Python,-DPython_EXECUTABLE=P:/shared/Artifactory/Windows/rundev-2020/202004291615/runtime/df03b16/runTime/bin/mayapy.exe,-DPYTHON_LIBRARIES=P:/shared/Artifactory/Windows/rundev-2020/202004291615/runtime/df03b16/runTime/lib/python27.lib,-DMAYAUSD_TO_USD_RELATIVE_PATH=../USD' '--ctest-args=-E testUsdReferenceAssemblySelection|testUsdMayaAppDir|testUsdExportAsClip,-LE interactive,--parallel 16' --stages=clean --redirect-outstream-file=False --install-location 'W:\\install\\RelWithDebInfo\\MayaUSD' 'W:\\'
Modified environment variables:
    PATH=P:\shared\Artifactory\Windows\cmake\3.14.4\c5af748\bin;C:\Python27\lib\site-packages\pywin32_system32;C:\Program Files (x86)\Microsoft Visual Studio\2017\Professional\VC\Tools\MSVC\14.16.27023\bin\HostX64\x64;C:\Program Files (x86)\Microsoft Visual Studio\2017\Professional\Common7\IDE\VC\VCPackages;C:\Program Files (x86)\Microsoft Visual Studio\2017\Professional\Common7\IDE\CommonExtensions\Microsoft\TestWindow;C:\Program Files (x86)\Microsoft Visual Studio\2017\Professional\Common7\IDE\CommonExtensions\Microsoft\TeamFoundation\Team Explorer;C:\Program Files (x86)\Microsoft Visual Studio\2017\Professional\MSBuild\15.0\bin\Roslyn;C:\Program Files (x86)\Microsoft Visual Studio\2017\Professional\Team Tools\Performance Tools\x64;C:\Program Files (x86)\Microsoft Visual Studio\2017\Professional\Team Tools\Performance Tools;C:\Program Files (x86)\Microsoft Visual Studio\Shared\Common\VSPerfCollectionTools\\x64;C:\Program Files (x86)\Microsoft Visual Studio\Shared\Common\VSPerfCollectionTools\;C:\Program Files (x86)\Microsoft SDKs\Windows\v10.0A\bin\NETFX 4.6.1 Tools\x64\;C:\Program Files (x86)\HTML Help Workshop;C:\Program Files (x86)\Windows Kits\10\bin\10.0.17763.0\x64;C:\Program Files (x86)\Windows Kits\10\bin\x64;C:\Program Files (x86)\Microsoft Visual Studio\2017\Professional\\MSBuild\15.0\bin;C:\WINDOWS\Microsoft.NET\Framework64\v4.0.30319;C:\Program Files (x86)\Microsoft Visual Studio\2017\Professional\Common7\IDE\;C:\Program Files (x86)\Microsoft Visual Studio\2017\Professional\Common7\Tools\;C:\Python27\;C:\Python27\Scripts;C:\Program Files (x86)\Common Files\Oracle\Java\javapath;C:\WINDOWS\system32;C:\WINDOWS;C:\WINDOWS\System32\Wbem;C:\WINDOWS\System32\WindowsPowerShell\v1.0\;C:\WINDOWS\System32\OpenSSH\;C:\PathVerify;C:\Program Files (x86)\WiX Toolset v3.7\bin;C:\Program Files (x86)\Windows Kits\10\bin\10.0.17763.0\x64;C:\Program Files (x86)\Windows Kits\10\bin\x64;C:\Program Files\Git\cmd;C:\Program Files\Git\usr\bin;C:\Program Files\Git\mingw64\bin;C:\Program Files\Git\bin;C:\StoreBoxClientWindows;C:\Program Files\Electric Cloud\ElectricCommander\bin;C:\Program Files\WinRAR;C:\Program Files\7-Zip;C:\Users\Administrator\AppData\Local\Microsoft\WindowsApps;C:\Program Files (x86)\Microsoft Visual Studio\2017\Professional\Common7\IDE\CommonExtensions\Microsoft\CMake\CMake\bin;C:\Program Files (x86)\Microsoft Visual Studio\2017\Professional\Common7\IDE\CommonExtensions\Microsoft\CMake\Ninja
    
        Building with settings:
          Source directory          S:\jenkins\workspace\ecg-mayausd-branch-preflight-2020-windows\ecg-maya-usd\maya-usd
          Workspace directory       W:\
          Build directory           W:\build\RelWithDebInfo
          Install directory         W:\install\RelWithDebInfo\MayaUSD
          Variant                   RelWithDebInfo
          Python Debug              Off
          CMake generator           Ninja
          Build arguments           ['-DCMAKE_MAKE_PROGRAM=P:/shared/Artifactory/Windows/ninja/1.9.0/c68f192/ninja.exe', '-DPYTHON_INCLUDE_DIR=P:/shared/Artifactory/Windows/rundev-2020/202004291615/runtime/df03b16/runTime/include/Python', '-DPython_EXECUTABLE=P:/shared/Artifactory/Windows/rundev-2020/202004291615/runtime/df03b16/runTime/bin/mayapy.exe', '-DPYTHON_LIBRARIES=P:/shared/Artifactory/Windows/rundev-2020/202004291615/runtime/df03b16/runTime/lib/python27.lib', '-DMAYAUSD_TO_USD_RELATIVE_PATH=../USD']
          Stages arguments          ['clean']
          CTest arguments           ['-E testUsdReferenceAssemblySelection|testUsdMayaAppDir|testUsdExportAsClip', '-LE interactive', '--parallel 16']
    Success MayaUSD build and install !!!!
    Elapsed time: 00:00:00
Deleting subst P:
Deleting subst W:
[Pipeline] }
[Pipeline] // withEnv
[Pipeline] }
[Pipeline] // stage
[Pipeline] }
[Pipeline] // timestamps
[Pipeline] }
[Pipeline] // timeout
[Pipeline] timeout
Timeout set to expire in 6 hr 0 min
[Pipeline] {
[Pipeline] timestamps
[Pipeline] {
[Pipeline] stage
[Pipeline] { (Configure)
[Pipeline] withEnv
[Pipeline] {
[Pipeline] bat
[ecg-mayausd-branch-preflight-2020-windows] Running batch script
Subst W: S:\jenkins\workspace\ecg-mayausd-branch-preflight-2020-windows
Subst P: S:\jenkins\workspace
"C:\Program Files (x86)\Microsoft Visual Studio\2017\Professional\VC\Auxiliary\Build\vcvarsall.bat" x64
**********************************************************************
** Visual Studio 2017 Developer Command Prompt v15.9.15
** Copyright (c) 2017 Microsoft Corporation
**********************************************************************
[vcvarsall.bat] Environment initialized for: 'x64'
python ecg-maya-usd/build.py --stages=configure --workspace-dir=W:\ --artifactory-dir=P:\shared\Artifactory --build-dir=W:\build --install-dir=W:\install --signing-dir=W:\signing --package-dir=W:\package --output-dir=W:\output --stash-dir=W:\stash --jenkins-build=183 --git-commit=606f220392c90832eaaad7975157b52f51bf42b1 --git-branch=master --variants=RelWithDebInfo --python=2 --maya-package=rundev-2020 --stage-banner
Searching for available Maya cuts in P:\shared\Artifactory\Windows\rundev-2020
Using Maya cut from P:\shared\Artifactory\Windows\rundev-2020\202004291615\runtime\df03b16

================================================================================
                           configure (RelWithDebInfo)
================================================================================
running configure stage....................
Maya Python RelWithDebInfo Info:
  mayapy executable   = P:\shared\Artifactory\Windows\rundev-2020\202004291615\runtime\df03b16\runTime\bin\mayapy.exe
  Include Folder      = P:\shared\Artifactory\Windows\rundev-2020\202004291615\runtime\df03b16\runTime\include\Python
  Library             = P:\shared\Artifactory\Windows\rundev-2020\202004291615\runtime\df03b16\runTime\lib\python27.lib
  site-package Folder = P:\shared\Artifactory\Windows\rundev-2020\202004291615\runtime\df03b16\runTime\Python\Lib\site-packages
In workdir: S:\jenkins\workspace\ecg-mayausd-branch-preflight-2020-windows\ecg-maya-usd\maya-usd
Executing: 'P:\\shared\\Artifactory\\Windows\\rundev-2020\\202004291615\\runtime\\df03b16\\runTime\\bin\\mayapy.exe' 'S:\\jenkins\\workspace\\ecg-mayausd-branch-preflight-2020-windows\\ecg-maya-usd\\maya-usd\\build.py' --generator Ninja --build-relwithdebug --maya-location 'P:\\shared\\Artifactory\\Windows\\rundev-2020\\202004291615\\runtime\\df03b16\\runTime' --devkit-location 'P:\\shared\\Artifactory\\Windows\\rundev-2020\\202004291615\\runtime\\df03b16\\devkitBase' --pxrusd-location 'P:\\shared\\Artifactory\\Windows\\USD\\59a48e6' --qt-location 'P:\\shared\\Artifactory\\Windows\\qt\\5.12.5\\4755980' '--build-args=-DCMAKE_MAKE_PROGRAM=P:/shared/Artifactory/Windows/ninja/1.9.0/c68f192/ninja.exe,-DPYTHON_INCLUDE_DIR=P:/shared/Artifactory/Windows/rundev-2020/202004291615/runtime/df03b16/runTime/include/Python,-DPython_EXECUTABLE=P:/shared/Artifactory/Windows/rundev-2020/202004291615/runtime/df03b16/runTime/bin/mayapy.exe,-DPYTHON_LIBRARIES=P:/shared/Artifactory/Windows/rundev-2020/202004291615/runtime/df03b16/runTime/lib/python27.lib,-DMAYAUSD_TO_USD_RELATIVE_PATH=../USD' '--ctest-args=-E testUsdReferenceAssemblySelection|testUsdMayaAppDir|testUsdExportAsClip,-LE interactive,--parallel 16' --stages=configure --redirect-outstream-file=False --install-location 'W:\\install\\RelWithDebInfo\\MayaUSD' 'W:\\'
Modified environment variables:
    PATH=P:\shared\Artifactory\Windows\cmake\3.14.4\c5af748\bin;C:\Python27\lib\site-packages\pywin32_system32;C:\Program Files (x86)\Microsoft Visual Studio\2017\Professional\VC\Tools\MSVC\14.16.27023\bin\HostX64\x64;C:\Program Files (x86)\Microsoft Visual Studio\2017\Professional\Common7\IDE\VC\VCPackages;C:\Program Files (x86)\Microsoft Visual Studio\2017\Professional\Common7\IDE\CommonExtensions\Microsoft\TestWindow;C:\Program Files (x86)\Microsoft Visual Studio\2017\Professional\Common7\IDE\CommonExtensions\Microsoft\TeamFoundation\Team Explorer;C:\Program Files (x86)\Microsoft Visual Studio\2017\Professional\MSBuild\15.0\bin\Roslyn;C:\Program Files (x86)\Microsoft Visual Studio\2017\Professional\Team Tools\Performance Tools\x64;C:\Program Files (x86)\Microsoft Visual Studio\2017\Professional\Team Tools\Performance Tools;C:\Program Files (x86)\Microsoft Visual Studio\Shared\Common\VSPerfCollectionTools\\x64;C:\Program Files (x86)\Microsoft Visual Studio\Shared\Common\VSPerfCollectionTools\;C:\Program Files (x86)\Microsoft SDKs\Windows\v10.0A\bin\NETFX 4.6.1 Tools\x64\;C:\Program Files (x86)\HTML Help Workshop;C:\Program Files (x86)\Windows Kits\10\bin\10.0.17763.0\x64;C:\Program Files (x86)\Windows Kits\10\bin\x64;C:\Program Files (x86)\Microsoft Visual Studio\2017\Professional\\MSBuild\15.0\bin;C:\WINDOWS\Microsoft.NET\Framework64\v4.0.30319;C:\Program Files (x86)\Microsoft Visual Studio\2017\Professional\Common7\IDE\;C:\Program Files (x86)\Microsoft Visual Studio\2017\Professional\Common7\Tools\;C:\Python27\;C:\Python27\Scripts;C:\Program Files (x86)\Common Files\Oracle\Java\javapath;C:\WINDOWS\system32;C:\WINDOWS;C:\WINDOWS\System32\Wbem;C:\WINDOWS\System32\WindowsPowerShell\v1.0\;C:\WINDOWS\System32\OpenSSH\;C:\PathVerify;C:\Program Files (x86)\WiX Toolset v3.7\bin;C:\Program Files (x86)\Windows Kits\10\bin\10.0.17763.0\x64;C:\Program Files (x86)\Windows Kits\10\bin\x64;C:\Program Files\Git\cmd;C:\Program Files\Git\usr\bin;C:\Program Files\Git\mingw64\bin;C:\Program Files\Git\bin;C:\StoreBoxClientWindows;C:\Program Files\Electric Cloud\ElectricCommander\bin;C:\Program Files\WinRAR;C:\Program Files\7-Zip;C:\Users\Administrator\AppData\Local\Microsoft\WindowsApps;C:\Program Files (x86)\Microsoft Visual Studio\2017\Professional\Common7\IDE\CommonExtensions\Microsoft\CMake\CMake\bin;C:\Program Files (x86)\Microsoft Visual Studio\2017\Professional\Common7\IDE\CommonExtensions\Microsoft\CMake\Ninja
    -- The C compiler identification is MSVC 19.16.27032.1
    -- The CXX compiler identification is MSVC 19.16.27032.1
    -- Check for working C compiler: C:/Program Files (x86)/Microsoft Visual Studio/2017/Professional/VC/Tools/MSVC/14.16.27023/bin/Hostx64/x64/cl.exe
    -- Check for working C compiler: C:/Program Files (x86)/Microsoft Visual Studio/2017/Professional/VC/Tools/MSVC/14.16.27023/bin/Hostx64/x64/cl.exe -- works
    -- Detecting C compiler ABI info
    -- Detecting C compiler ABI info - done
    -- Detecting C compile features
    -- Detecting C compile features - done
    -- Check for working CXX compiler: C:/Program Files (x86)/Microsoft Visual Studio/2017/Professional/VC/Tools/MSVC/14.16.27023/bin/Hostx64/x64/cl.exe
    -- Check for working CXX compiler: C:/Program Files (x86)/Microsoft Visual Studio/2017/Professional/VC/Tools/MSVC/14.16.27023/bin/Hostx64/x64/cl.exe -- works
    -- Detecting CXX compiler ABI info
    -- Detecting CXX compiler ABI info - done
    -- Detecting CXX compile features
    -- Detecting CXX compile features - done
    -- Found Python: P:/shared/Artifactory/Windows/rundev-2020/202004291615/runtime/df03b16/runTime/bin/mayapy.exe (found suitable exact version "2.7.11") found components:  Interpreter
    -- Build MayaUSD with Python3 = OFF
    --    PYTHON_INCLUDE_DIRS = P:/shared/Artifactory/Windows/rundev-2020/202004291615/runtime/df03b16/runTime/include/Python
    --    PYTHON_LIBRARIES    = P:/shared/Artifactory/Windows/rundev-2020/202004291615/runtime/df03b16/runTime/lib/python27.lib
    --    Python_EXECUTABLE   = P:/shared/Artifactory/Windows/rundev-2020/202004291615/runtime/df03b16/runTime/bin/mayapy.exe
    -- Found Maya: P:/shared/Artifactory/Windows/rundev-2020/202004291615/runtime/df03b16/runTime/bin/maya.exe (found suitable version "2020", minimum required is "2018")
    -- USD include dir: P:/shared/Artifactory/Windows/USD/59a48e6/include
    -- USD library dir: P:/shared/Artifactory/Windows/USD/59a48e6/lib
    -- USD version: 0.20.8
    -- Found USD: P:\shared\Artifactory\Windows\USD\59a48e6 (found version "0.20.8")
    Updated PYTHONPATH: P:\shared\Artifactory\Windows\USD\59a48e6\lib\python
    Updated PATH: P:\shared\Artifactory\Windows\rundev-2020\202004291615\runtime\df03b16\runTime\bin;P:\shared\Artifactory\Windows\cmake\3.14.4\c5af748\bin;C:\Python27\lib\site-packages\pywin32_system32;C:\Program Files (x86)\Microsoft Visual Studio\2017\Professional\VC\Tools\MSVC\14.16.27023\bin\HostX64\x64;C:\Program Files (x86)\Microsoft Visual Studio\2017\Professional\Common7\IDE\VC\VCPackages;C:\Program Files (x86)\Microsoft Visual Studio\2017\Professional\Common7\IDE\CommonExtensions\Microsoft\TestWindow;C:\Program Files (x86)\Microsoft Visual Studio\2017\Professional\Common7\IDE\CommonExtensions\Microsoft\TeamFoundation\Team Explorer;C:\Program Files (x86)\Microsoft Visual Studio\2017\Professional\MSBuild\15.0\bin\Roslyn;C:\Program Files (x86)\Microsoft Visual Studio\2017\Professional\Team Tools\Performance Tools\x64;C:\Program Files (x86)\Microsoft Visual Studio\2017\Professional\Team Tools\Performance Tools;C:\Program Files (x86)\Microsoft Visual Studio\Shared\Common\VSPerfCollectionTools\\x64;C:\Program Files (x86)\Microsoft Visual Studio\Shared\Common\VSPerfCollectionTools\;C:\Program Files (x86)\Microsoft SDKs\Windows\v10.0A\bin\NETFX 4.6.1 Tools\x64\;C:\Program Files (x86)\HTML Help Workshop;C:\Program Files (x86)\Windows Kits\10\bin\10.0.17763.0\x64;C:\Program Files (x86)\Windows Kits\10\bin\x64;C:\Program Files (x86)\Microsoft Visual Studio\2017\Professional\\MSBuild\15.0\bin;C:\WINDOWS\Microsoft.NET\Framework64\v4.0.30319;C:\Program Files (x86)\Microsoft Visual Studio\2017\Professional\Common7\IDE\;C:\Program Files (x86)\Microsoft Visual Studio\2017\Professional\Common7\Tools\;C:\Python27\;C:\Python27\Scripts;C:\Program Files (x86)\Common Files\Oracle\Java\javapath;C:\WINDOWS\system32;C:\WINDOWS;C:\WINDOWS\System32\Wbem;C:\WINDOWS\System32\WindowsPowerShell\v1.0\;C:\WINDOWS\System32\OpenSSH\;C:\PathVerify;C:\Program Files (x86)\WiX Toolset v3.7\bin;C:\Program Files (x86)\Windows Kits\10\bin\10.0.17763.0\x64;C:\Program Files (x86)\Windows Kits\10\bin\x64;C:\Program Files\Git\cmd;C:\Program Files\Git\usr\bin;C:\Program Files\Git\mingw64\bin;C:\Program Files\Git\bin;C:\StoreBoxClientWindows;C:\Program Files\Electric Cloud\ElectricCommander\bin;C:\Program Files\WinRAR;C:\Program Files\7-Zip;C:\Users\Administrator\AppData\Local\Microsoft\WindowsApps;C:\Program Files (x86)\Microsoft Visual Studio\2017\Professional\Common7\IDE\CommonExtensions\Microsoft\CMake\CMake\bin;C:\Program Files (x86)\Microsoft Visual Studio\2017\Professional\Common7\IDE\CommonExtensions\Microsoft\CMake\Ninja;P:\shared\Artifactory\Windows\USD\59a48e6\bin;P:\shared\Artifactory\Windows\USD\59a48e6\lib
    -- UFE include dir: P:/shared/Artifactory/Windows/rundev-2020/202004291615/runtime/df03b16/devkitBase/devkit/ufe/include
    -- UFE library: P:/shared/Artifactory/Windows/rundev-2020/202004291615/runtime/df03b16/devkitBase/devkit/ufe/lib/ufe_1.lib
    -- UFE version: 1.0.0
    -- Building with UFE 1.0.0 features enabled.
    -- Building with Qt features enabled.
    -- ========== Installing GoogleTest... ==========
    -- Configuring done
    -- Generating done
    -- Build files have been written to: W:/build/RelWithDebInfo/googletest-config
    [1/8] Creating directories for 'googletest'
    [2/8] Performing download step (git clone) for 'googletest'
    Cloning into 'googletest-src'...
    HEAD is now at 703bd9ca Googletest export
    [3/8] No patch step for 'googletest'
    [4/8] Performing update step for 'googletest'
    [5/8] Performing configure step for 'googletest'
    -- The C compiler identification is MSVC 19.16.27032.1
    -- The CXX compiler identification is MSVC 19.16.27032.1
    -- Check for working C compiler: C:/Program Files (x86)/Microsoft Visual Studio/2017/Professional/VC/Tools/MSVC/14.16.27023/bin/Hostx64/x64/cl.exe
    -- Check for working C compiler: C:/Program Files (x86)/Microsoft Visual Studio/2017/Professional/VC/Tools/MSVC/14.16.27023/bin/Hostx64/x64/cl.exe -- works
    -- Detecting C compiler ABI info
    -- Detecting C compiler ABI info - done
    -- Detecting C compile features
    -- Detecting C compile features - done
    -- Check for working CXX compiler: C:/Program Files (x86)/Microsoft Visual Studio/2017/Professional/VC/Tools/MSVC/14.16.27023/bin/Hostx64/x64/cl.exe
    -- Check for working CXX compiler: C:/Program Files (x86)/Microsoft Visual Studio/2017/Professional/VC/Tools/MSVC/14.16.27023/bin/Hostx64/x64/cl.exe -- works
    -- Detecting CXX compiler ABI info
    -- Detecting CXX compiler ABI info - done
    -- Detecting CXX compile features
    -- Detecting CXX compile features - done
    -- Found PythonInterp: C:/Python27/python.exe
    -- Looking for pthread.h
    -- Looking for pthread.h - not found
    -- Found Threads: TRUE
    -- Configuring done
    -- Generating done
    -- Build files have been written to: W:/build/RelWithDebInfo/googletest-build
    [6/8] Performing build step for 'googletest'
    [1/11] Building CXX object googletest\CMakeFiles\gtest_main.dir\src\gtest_main.cc.obj
    [2/11] Building CXX object googlemock\CMakeFiles\gmock_main.dir\src\gmock_main.cc.obj
    [3/11] Building CXX object googlemock\CMakeFiles\gmock_main.dir\src\gmock-all.cc.obj
    [4/11] Building CXX object googlemock\CMakeFiles\gmock.dir\src\gmock-all.cc.obj
    [5/11] Building CXX object googlemock\CMakeFiles\gmock.dir\__\googletest\src\gtest-all.cc.obj
    [6/11] Building CXX object googlemock\CMakeFiles\gmock_main.dir\__\googletest\src\gtest-all.cc.obj
    [7/11] Building CXX object googletest\CMakeFiles\gtest.dir\src\gtest-all.cc.obj
    [8/11] Linking CXX shared library bin\gtest.dll
       Creating library lib\gtest.lib and object lib\gtest.exp
       Creating library lib\gtest.lib and object lib\gtest.exp
    [9/11] Linking CXX shared library bin\gmock.dll
       Creating library lib\gmock.lib and object lib\gmock.exp
       Creating library lib\gmock.lib and object lib\gmock.exp
    [10/11] Linking CXX shared library bin\gmock_main.dll
       Creating library lib\gmock_main.lib and object lib\gmock_main.exp
       Creating library lib\gmock_main.lib and object lib\gmock_main.exp
    [11/11] Linking CXX shared library bin\gtest_main.dll
       Creating library lib\gtest_main.lib and object lib\gtest_main.exp
       Creating library lib\gtest_main.lib and object lib\gtest_main.exp
    [7/8] Performing install step for 'googletest'
    [0/1] Install the project...
    -- Install configuration: "RelWithDebInfo"
    -- Installing: W:/build/RelWithDebInfo/googletest-install/include
    -- Installing: W:/build/RelWithDebInfo/googletest-install/include/gmock
    -- Installing: W:/build/RelWithDebInfo/googletest-install/include/gmock/gmock-actions.h
    -- Installing: W:/build/RelWithDebInfo/googletest-install/include/gmock/gmock-cardinalities.h
    -- Installing: W:/build/RelWithDebInfo/googletest-install/include/gmock/gmock-function-mocker.h
    -- Installing: W:/build/RelWithDebInfo/googletest-install/include/gmock/gmock-generated-actions.h
    -- Installing: W:/build/RelWithDebInfo/googletest-install/include/gmock/gmock-generated-actions.h.pump
    -- Installing: W:/build/RelWithDebInfo/googletest-install/include/gmock/gmock-generated-function-mockers.h
    -- Installing: W:/build/RelWithDebInfo/googletest-install/include/gmock/gmock-generated-function-mockers.h.pump
    -- Installing: W:/build/RelWithDebInfo/googletest-install/include/gmock/gmock-generated-matchers.h
    -- Installing: W:/build/RelWithDebInfo/googletest-install/include/gmock/gmock-generated-matchers.h.pump
    -- Installing: W:/build/RelWithDebInfo/googletest-install/include/gmock/gmock-matchers.h
    -- Installing: W:/build/RelWithDebInfo/googletest-install/include/gmock/gmock-more-actions.h
    -- Installing: W:/build/RelWithDebInfo/googletest-install/include/gmock/gmock-more-matchers.h
    -- Installing: W:/build/RelWithDebInfo/googletest-install/include/gmock/gmock-nice-strict.h
    -- Installing: W:/build/RelWithDebInfo/googletest-install/include/gmock/gmock-spec-builders.h
    -- Installing: W:/build/RelWithDebInfo/googletest-install/include/gmock/gmock.h
    -- Installing: W:/build/RelWithDebInfo/googletest-install/include/gmock/internal
    -- Installing: W:/build/RelWithDebInfo/googletest-install/include/gmock/internal/custom
    -- Installing: W:/build/RelWithDebInfo/googletest-install/include/gmock/internal/custom/gmock-generated-actions.h
    -- Installing: W:/build/RelWithDebInfo/googletest-install/include/gmock/internal/custom/gmock-generated-actions.h.pump
    -- Installing: W:/build/RelWithDebInfo/googletest-install/include/gmock/internal/custom/gmock-matchers.h
    -- Installing: W:/build/RelWithDebInfo/googletest-install/include/gmock/internal/custom/gmock-port.h
    -- Installing: W:/build/RelWithDebInfo/googletest-install/include/gmock/internal/custom/README.md
    -- Installing: W:/build/RelWithDebInfo/googletest-install/include/gmock/internal/gmock-internal-utils.h
    -- Installing: W:/build/RelWithDebInfo/googletest-install/include/gmock/internal/gmock-port.h
    -- Installing: W:/build/RelWithDebInfo/googletest-install/include/gmock/internal/gmock-pp.h
    -- Installing: W:/build/RelWithDebInfo/googletest-install/lib/gmock.lib
    -- Installing: W:/build/RelWithDebInfo/googletest-install/bin/gmock.dll
    -- Installing: W:/build/RelWithDebInfo/googletest-install/lib/gmock_main.lib
    -- Installing: W:/build/RelWithDebInfo/googletest-install/bin/gmock_main.dll
    -- Installing: W:/build/RelWithDebInfo/googletest-install/lib/pkgconfig/gmock.pc
    -- Installing: W:/build/RelWithDebInfo/googletest-install/lib/pkgconfig/gmock_main.pc
    -- Installing: W:/build/RelWithDebInfo/googletest-install/lib/cmake/GTest/GTestTargets.cmake
    -- Installing: W:/build/RelWithDebInfo/googletest-install/lib/cmake/GTest/GTestTargets-relwithdebinfo.cmake
    -- Installing: W:/build/RelWithDebInfo/googletest-install/lib/cmake/GTest/GTestConfigVersion.cmake
    -- Installing: W:/build/RelWithDebInfo/googletest-install/lib/cmake/GTest/GTestConfig.cmake
    -- Up-to-date: W:/build/RelWithDebInfo/googletest-install/include
    -- Installing: W:/build/RelWithDebInfo/googletest-install/include/gtest
    -- Installing: W:/build/RelWithDebInfo/googletest-install/include/gtest/gtest-death-test.h
    -- Installing: W:/build/RelWithDebInfo/googletest-install/include/gtest/gtest-matchers.h
    -- Installing: W:/build/RelWithDebInfo/googletest-install/include/gtest/gtest-message.h
    -- Installing: W:/build/RelWithDebInfo/googletest-install/include/gtest/gtest-param-test.h
    -- Installing: W:/build/RelWithDebInfo/googletest-install/include/gtest/gtest-printers.h
    -- Installing: W:/build/RelWithDebInfo/googletest-install/include/gtest/gtest-spi.h
    -- Installing: W:/build/RelWithDebInfo/googletest-install/include/gtest/gtest-test-part.h
    -- Installing: W:/build/RelWithDebInfo/googletest-install/include/gtest/gtest-typed-test.h
    -- Installing: W:/build/RelWithDebInfo/googletest-install/include/gtest/gtest.h
    -- Installing: W:/build/RelWithDebInfo/googletest-install/include/gtest/gtest_pred_impl.h
    -- Installing: W:/build/RelWithDebInfo/googletest-install/include/gtest/gtest_prod.h
    -- Installing: W:/build/RelWithDebInfo/googletest-install/include/gtest/internal
    -- Installing: W:/build/RelWithDebInfo/googletest-install/include/gtest/internal/custom
    -- Installing: W:/build/RelWithDebInfo/googletest-install/include/gtest/internal/custom/gtest-port.h
    -- Installing: W:/build/RelWithDebInfo/googletest-install/include/gtest/internal/custom/gtest-printers.h
    -- Installing: W:/build/RelWithDebInfo/googletest-install/include/gtest/internal/custom/gtest.h
    -- Installing: W:/build/RelWithDebInfo/googletest-install/include/gtest/internal/custom/README.md
    -- Installing: W:/build/RelWithDebInfo/googletest-install/include/gtest/internal/gtest-death-test-internal.h
    -- Installing: W:/build/RelWithDebInfo/googletest-install/include/gtest/internal/gtest-filepath.h
    -- Installing: W:/build/RelWithDebInfo/googletest-install/include/gtest/internal/gtest-internal.h
    -- Installing: W:/build/RelWithDebInfo/googletest-install/include/gtest/internal/gtest-param-util.h
    -- Installing: W:/build/RelWithDebInfo/googletest-install/include/gtest/internal/gtest-port-arch.h
    -- Installing: W:/build/RelWithDebInfo/googletest-install/include/gtest/internal/gtest-port.h
    -- Installing: W:/build/RelWithDebInfo/googletest-install/include/gtest/internal/gtest-string.h
    -- Installing: W:/build/RelWithDebInfo/googletest-install/include/gtest/internal/gtest-type-util.h
    -- Installing: W:/build/RelWithDebInfo/googletest-install/include/gtest/internal/gtest-type-util.h.pump
    -- Installing: W:/build/RelWithDebInfo/googletest-install/lib/gtest.lib
    -- Installing: W:/build/RelWithDebInfo/googletest-install/bin/gtest.dll
    -- Installing: W:/build/RelWithDebInfo/googletest-install/lib/gtest_main.lib
    -- Installing: W:/build/RelWithDebInfo/googletest-install/bin/gtest_main.dll
    -- Installing: W:/build/RelWithDebInfo/googletest-install/lib/pkgconfig/gtest.pc
    -- Installing: W:/build/RelWithDebInfo/googletest-install/lib/pkgconfig/gtest_main.pc
    [8/8] Completed 'googletest'
    -- ========== ...  GoogleTest installed. ==========
    -- Found Boost 1.70.0 at P:/shared/Artifactory/Windows/USD/59a48e6/lib/cmake/Boost-1.70.0
    --   Requested configuration: QUIET REQUIRED COMPONENTS filesystem;system
    -- Found boost_headers 1.70.0 at P:/shared/Artifactory/Windows/USD/59a48e6/lib/cmake/boost_headers-1.70.0
    -- Found boost_filesystem 1.70.0 at P:/shared/Artifactory/Windows/USD/59a48e6/lib/cmake/boost_filesystem-1.70.0
    --   boost_filesystem-vc141-mt-x64-1_70.lib
    -- Adding boost_filesystem dependencies: headers
    -- Found boost_system 1.70.0 at P:/shared/Artifactory/Windows/USD/59a48e6/lib/cmake/boost_system-1.70.0
    --   boost_system-vc141-mt-x64-1_70.lib
    -- Adding boost_system dependencies: headers
    -- Boost  found.
    -- Found Boost components:
       filesystem;system
    -- promoting: S:/jenkins/workspace/ecg-mayausd-branch-preflight-2020-windows/ecg-maya-usd/maya-usd/lib/mayaUsd/base/mayaUsd.h.src
    -- promoting: S:/jenkins/workspace/ecg-mayausd-branch-preflight-2020-windows/ecg-maya-usd/maya-usd/lib/mayaUsd/base/api.h
    -- promoting: S:/jenkins/workspace/ecg-mayausd-branch-preflight-2020-windows/ecg-maya-usd/maya-usd/lib/mayaUsd/base/debugCodes.h
    -- promoting: S:/jenkins/workspace/ecg-mayausd-branch-preflight-2020-windows/ecg-maya-usd/maya-usd/lib/mayaUsd/commands/baseExportCommand.h
    -- promoting: S:/jenkins/workspace/ecg-mayausd-branch-preflight-2020-windows/ecg-maya-usd/maya-usd/lib/mayaUsd/commands/baseImportCommand.h
    -- promoting: S:/jenkins/workspace/ecg-mayausd-branch-preflight-2020-windows/ecg-maya-usd/maya-usd/lib/mayaUsd/commands/baseListShadingModesCommand.h
    -- promoting: S:/jenkins/workspace/ecg-mayausd-branch-preflight-2020-windows/ecg-maya-usd/maya-usd/lib/mayaUsd/commands/editTargetCommand.h
    -- promoting: S:/jenkins/workspace/ecg-mayausd-branch-preflight-2020-windows/ecg-maya-usd/maya-usd/lib/mayaUsd/commands/layerEditorCommand.h
    -- promoting: S:/jenkins/workspace/ecg-mayausd-branch-preflight-2020-windows/ecg-maya-usd/maya-usd/lib/mayaUsd/fileio/fallbackPrimReader.h
    -- promoting: S:/jenkins/workspace/ecg-mayausd-branch-preflight-2020-windows/ecg-maya-usd/maya-usd/lib/mayaUsd/fileio/functorPrimReader.h
    -- promoting: S:/jenkins/workspace/ecg-mayausd-branch-preflight-2020-windows/ecg-maya-usd/maya-usd/lib/mayaUsd/fileio/functorPrimWriter.h
    -- promoting: S:/jenkins/workspace/ecg-mayausd-branch-preflight-2020-windows/ecg-maya-usd/maya-usd/lib/mayaUsd/fileio/importData.h
    -- promoting: S:/jenkins/workspace/ecg-mayausd-branch-preflight-2020-windows/ecg-maya-usd/maya-usd/lib/mayaUsd/fileio/instancedNodeWriter.h
    -- promoting: S:/jenkins/workspace/ecg-mayausd-branch-preflight-2020-windows/ecg-maya-usd/maya-usd/lib/mayaUsd/fileio/primReader.h
    -- promoting: S:/jenkins/workspace/ecg-mayausd-branch-preflight-2020-windows/ecg-maya-usd/maya-usd/lib/mayaUsd/fileio/primReaderArgs.h
    -- promoting: S:/jenkins/workspace/ecg-mayausd-branch-preflight-2020-windows/ecg-maya-usd/maya-usd/lib/mayaUsd/fileio/primReaderContext.h
    -- promoting: S:/jenkins/workspace/ecg-mayausd-branch-preflight-2020-windows/ecg-maya-usd/maya-usd/lib/mayaUsd/fileio/primReaderRegistry.h
    -- promoting: S:/jenkins/workspace/ecg-mayausd-branch-preflight-2020-windows/ecg-maya-usd/maya-usd/lib/mayaUsd/fileio/primUpdater.h
    -- promoting: S:/jenkins/workspace/ecg-mayausd-branch-preflight-2020-windows/ecg-maya-usd/maya-usd/lib/mayaUsd/fileio/primUpdaterContext.h
    -- promoting: S:/jenkins/workspace/ecg-mayausd-branch-preflight-2020-windows/ecg-maya-usd/maya-usd/lib/mayaUsd/fileio/primUpdaterRegistry.h
    -- promoting: S:/jenkins/workspace/ecg-mayausd-branch-preflight-2020-windows/ecg-maya-usd/maya-usd/lib/mayaUsd/fileio/primWriter.h
    -- promoting: S:/jenkins/workspace/ecg-mayausd-branch-preflight-2020-windows/ecg-maya-usd/maya-usd/lib/mayaUsd/fileio/primWriterArgs.h
    -- promoting: S:/jenkins/workspace/ecg-mayausd-branch-preflight-2020-windows/ecg-maya-usd/maya-usd/lib/mayaUsd/fileio/primWriterContext.h
    -- promoting: S:/jenkins/workspace/ecg-mayausd-branch-preflight-2020-windows/ecg-maya-usd/maya-usd/lib/mayaUsd/fileio/primWriterRegistry.h
    -- promoting: S:/jenkins/workspace/ecg-mayausd-branch-preflight-2020-windows/ecg-maya-usd/maya-usd/lib/mayaUsd/fileio/registryHelper.h
    -- promoting: S:/jenkins/workspace/ecg-mayausd-branch-preflight-2020-windows/ecg-maya-usd/maya-usd/lib/mayaUsd/fileio/shaderReader.h
    -- promoting: S:/jenkins/workspace/ecg-mayausd-branch-preflight-2020-windows/ecg-maya-usd/maya-usd/lib/mayaUsd/fileio/shaderReaderRegistry.h
    -- promoting: S:/jenkins/workspace/ecg-mayausd-branch-preflight-2020-windows/ecg-maya-usd/maya-usd/lib/mayaUsd/fileio/shaderWriter.h
    -- promoting: S:/jenkins/workspace/ecg-mayausd-branch-preflight-2020-windows/ecg-maya-usd/maya-usd/lib/mayaUsd/fileio/transformWriter.h
    -- promoting: S:/jenkins/workspace/ecg-mayausd-branch-preflight-2020-windows/ecg-maya-usd/maya-usd/lib/mayaUsd/fileio/writeJobContext.h
    -- promoting: S:/jenkins/workspace/ecg-mayausd-branch-preflight-2020-windows/ecg-maya-usd/maya-usd/lib/mayaUsd/fileio/chaser/chaser.h
    -- promoting: S:/jenkins/workspace/ecg-mayausd-branch-preflight-2020-windows/ecg-maya-usd/maya-usd/lib/mayaUsd/fileio/chaser/chaserRegistry.h
    -- promoting: S:/jenkins/workspace/ecg-mayausd-branch-preflight-2020-windows/ecg-maya-usd/maya-usd/lib/mayaUsd/fileio/jobs/jobArgs.h
    -- promoting: S:/jenkins/workspace/ecg-mayausd-branch-preflight-2020-windows/ecg-maya-usd/maya-usd/lib/mayaUsd/fileio/jobs/modelKindProcessor.h
    -- promoting: S:/jenkins/workspace/ecg-mayausd-branch-preflight-2020-windows/ecg-maya-usd/maya-usd/lib/mayaUsd/fileio/jobs/readJob.h
    -- promoting: S:/jenkins/workspace/ecg-mayausd-branch-preflight-2020-windows/ecg-maya-usd/maya-usd/lib/mayaUsd/fileio/jobs/writeJob.h
    -- promoting: S:/jenkins/workspace/ecg-mayausd-branch-preflight-2020-windows/ecg-maya-usd/maya-usd/lib/mayaUsd/fileio/shading/shadingModeExporter.h
    -- promoting: S:/jenkins/workspace/ecg-mayausd-branch-preflight-2020-windows/ecg-maya-usd/maya-usd/lib/mayaUsd/fileio/shading/shadingModeExporterContext.h
    -- promoting: S:/jenkins/workspace/ecg-mayausd-branch-preflight-2020-windows/ecg-maya-usd/maya-usd/lib/mayaUsd/fileio/shading/shadingModeImporter.h
    -- promoting: S:/jenkins/workspace/ecg-mayausd-branch-preflight-2020-windows/ecg-maya-usd/maya-usd/lib/mayaUsd/fileio/shading/shadingModeRegistry.h
    -- promoting: S:/jenkins/workspace/ecg-mayausd-branch-preflight-2020-windows/ecg-maya-usd/maya-usd/lib/mayaUsd/fileio/translators/skelBindingsProcessor.h
    -- promoting: S:/jenkins/workspace/ecg-mayausd-branch-preflight-2020-windows/ecg-maya-usd/maya-usd/lib/mayaUsd/fileio/translators/translatorCamera.h
    -- promoting: S:/jenkins/workspace/ecg-mayausd-branch-preflight-2020-windows/ecg-maya-usd/maya-usd/lib/mayaUsd/fileio/translators/translatorCurves.h
    -- promoting: S:/jenkins/workspace/ecg-mayausd-branch-preflight-2020-windows/ecg-maya-usd/maya-usd/lib/mayaUsd/fileio/translators/translatorGprim.h
    -- promoting: S:/jenkins/workspace/ecg-mayausd-branch-preflight-2020-windows/ecg-maya-usd/maya-usd/lib/mayaUsd/fileio/translators/translatorMaterial.h
    -- promoting: S:/jenkins/workspace/ecg-mayausd-branch-preflight-2020-windows/ecg-maya-usd/maya-usd/lib/mayaUsd/fileio/translators/translatorMayaReference.h
    -- promoting: S:/jenkins/workspace/ecg-mayausd-branch-preflight-2020-windows/ecg-maya-usd/maya-usd/lib/mayaUsd/fileio/translators/translatorMesh.h
    -- promoting: S:/jenkins/workspace/ecg-mayausd-branch-preflight-2020-windows/ecg-maya-usd/maya-usd/lib/mayaUsd/fileio/translators/translatorNurbsPatch.h
    -- promoting: S:/jenkins/workspace/ecg-mayausd-branch-preflight-2020-windows/ecg-maya-usd/maya-usd/lib/mayaUsd/fileio/translators/translatorPrim.h
    -- promoting: S:/jenkins/workspace/ecg-mayausd-branch-preflight-2020-windows/ecg-maya-usd/maya-usd/lib/mayaUsd/fileio/translators/translatorRfMLight.h
    -- promoting: S:/jenkins/workspace/ecg-mayausd-branch-preflight-2020-windows/ecg-maya-usd/maya-usd/lib/mayaUsd/fileio/translators/translatorSkel.h
    -- promoting: S:/jenkins/workspace/ecg-mayausd-branch-preflight-2020-windows/ecg-maya-usd/maya-usd/lib/mayaUsd/fileio/translators/translatorUtil.h
    -- promoting: S:/jenkins/workspace/ecg-mayausd-branch-preflight-2020-windows/ecg-maya-usd/maya-usd/lib/mayaUsd/fileio/translators/translatorXformable.h
    -- promoting: S:/jenkins/workspace/ecg-mayausd-branch-preflight-2020-windows/ecg-maya-usd/maya-usd/lib/mayaUsd/fileio/utils/adaptor.h
    -- promoting: S:/jenkins/workspace/ecg-mayausd-branch-preflight-2020-windows/ecg-maya-usd/maya-usd/lib/mayaUsd/fileio/utils/jointWriteUtils.h
    -- promoting: S:/jenkins/workspace/ecg-mayausd-branch-preflight-2020-windows/ecg-maya-usd/maya-usd/lib/mayaUsd/fileio/utils/meshReadUtils.h
    -- promoting: S:/jenkins/workspace/ecg-mayausd-branch-preflight-2020-windows/ecg-maya-usd/maya-usd/lib/mayaUsd/fileio/utils/meshWriteUtils.h
    -- promoting: S:/jenkins/workspace/ecg-mayausd-branch-preflight-2020-windows/ecg-maya-usd/maya-usd/lib/mayaUsd/fileio/utils/readUtil.h
    -- promoting: S:/jenkins/workspace/ecg-mayausd-branch-preflight-2020-windows/ecg-maya-usd/maya-usd/lib/mayaUsd/fileio/utils/roundTripUtil.h
    -- promoting: S:/jenkins/workspace/ecg-mayausd-branch-preflight-2020-windows/ecg-maya-usd/maya-usd/lib/mayaUsd/fileio/utils/shadingUtil.h
    -- promoting: S:/jenkins/workspace/ecg-mayausd-branch-preflight-2020-windows/ecg-maya-usd/maya-usd/lib/mayaUsd/fileio/utils/userTaggedAttribute.h
    -- promoting: S:/jenkins/workspace/ecg-mayausd-branch-preflight-2020-windows/ecg-maya-usd/maya-usd/lib/mayaUsd/fileio/utils/writeUtil.h
    -- promoting: S:/jenkins/workspace/ecg-mayausd-branch-preflight-2020-windows/ecg-maya-usd/maya-usd/lib/mayaUsd/fileio/utils/xformStack.h
    -- promoting: S:/jenkins/workspace/ecg-mayausd-branch-preflight-2020-windows/ecg-maya-usd/maya-usd/lib/mayaUsd/listeners/notice.h
    -- promoting: S:/jenkins/workspace/ecg-mayausd-branch-preflight-2020-windows/ecg-maya-usd/maya-usd/lib/mayaUsd/listeners/proxyShapeNotice.h
    -- promoting: S:/jenkins/workspace/ecg-mayausd-branch-preflight-2020-windows/ecg-maya-usd/maya-usd/lib/mayaUsd/listeners/stageNoticeListener.h
    -- promoting: S:/jenkins/workspace/ecg-mayausd-branch-preflight-2020-windows/ecg-maya-usd/maya-usd/lib/mayaUsd/nodes/hdImagingShape.h
    -- promoting: S:/jenkins/workspace/ecg-mayausd-branch-preflight-2020-windows/ecg-maya-usd/maya-usd/lib/mayaUsd/nodes/pointBasedDeformerNode.h
    -- promoting: S:/jenkins/workspace/ecg-mayausd-branch-preflight-2020-windows/ecg-maya-usd/maya-usd/lib/mayaUsd/nodes/proxyAccessor.h
    -- promoting: S:/jenkins/workspace/ecg-mayausd-branch-preflight-2020-windows/ecg-maya-usd/maya-usd/lib/mayaUsd/nodes/proxyShapeBase.h
    -- promoting: S:/jenkins/workspace/ecg-mayausd-branch-preflight-2020-windows/ecg-maya-usd/maya-usd/lib/mayaUsd/nodes/proxyShapePlugin.h
    -- promoting: S:/jenkins/workspace/ecg-mayausd-branch-preflight-2020-windows/ecg-maya-usd/maya-usd/lib/mayaUsd/nodes/proxyStageProvider.h
    -- promoting: S:/jenkins/workspace/ecg-mayausd-branch-preflight-2020-windows/ecg-maya-usd/maya-usd/lib/mayaUsd/nodes/stageData.h
    -- promoting: S:/jenkins/workspace/ecg-mayausd-branch-preflight-2020-windows/ecg-maya-usd/maya-usd/lib/mayaUsd/nodes/stageNode.h
    -- promoting: S:/jenkins/workspace/ecg-mayausd-branch-preflight-2020-windows/ecg-maya-usd/maya-usd/lib/mayaUsd/nodes/usdPrimProvider.h
    -- promoting: S:/jenkins/workspace/ecg-mayausd-branch-preflight-2020-windows/ecg-maya-usd/maya-usd/lib/mayaUsd/render/px_vp20/glslProgram.h
    -- promoting: S:/jenkins/workspace/ecg-mayausd-branch-preflight-2020-windows/ecg-maya-usd/maya-usd/lib/mayaUsd/render/px_vp20/utils.h
    -- promoting: S:/jenkins/workspace/ecg-mayausd-branch-preflight-2020-windows/ecg-maya-usd/maya-usd/lib/mayaUsd/render/px_vp20/utils_legacy.h
    -- promoting: S:/jenkins/workspace/ecg-mayausd-branch-preflight-2020-windows/ecg-maya-usd/maya-usd/lib/mayaUsd/render/pxrUsdMayaGL/batchRenderer.h
    -- promoting: S:/jenkins/workspace/ecg-mayausd-branch-preflight-2020-windows/ecg-maya-usd/maya-usd/lib/mayaUsd/render/pxrUsdMayaGL/debugCodes.h
    -- promoting: S:/jenkins/workspace/ecg-mayausd-branch-preflight-2020-windows/ecg-maya-usd/maya-usd/lib/mayaUsd/render/pxrUsdMayaGL/hdImagingShapeDrawOverride.h
    -- promoting: S:/jenkins/workspace/ecg-mayausd-branch-preflight-2020-windows/ecg-maya-usd/maya-usd/lib/mayaUsd/render/pxrUsdMayaGL/hdImagingShapeUI.h
    -- promoting: S:/jenkins/workspace/ecg-mayausd-branch-preflight-2020-windows/ecg-maya-usd/maya-usd/lib/mayaUsd/render/pxrUsdMayaGL/instancerImager.h
    -- promoting: S:/jenkins/workspace/ecg-mayausd-branch-preflight-2020-windows/ecg-maya-usd/maya-usd/lib/mayaUsd/render/pxrUsdMayaGL/instancerShapeAdapter.h
    -- promoting: S:/jenkins/workspace/ecg-mayausd-branch-preflight-2020-windows/ecg-maya-usd/maya-usd/lib/mayaUsd/render/pxrUsdMayaGL/proxyDrawOverride.h
    -- promoting: S:/jenkins/workspace/ecg-mayausd-branch-preflight-2020-windows/ecg-maya-usd/maya-usd/lib/mayaUsd/render/pxrUsdMayaGL/proxyShapeUI.h
    -- promoting: S:/jenkins/workspace/ecg-mayausd-branch-preflight-2020-windows/ecg-maya-usd/maya-usd/lib/mayaUsd/render/pxrUsdMayaGL/renderParams.h
    -- promoting: S:/jenkins/workspace/ecg-mayausd-branch-preflight-2020-windows/ecg-maya-usd/maya-usd/lib/mayaUsd/render/pxrUsdMayaGL/sceneDelegate.h
    -- promoting: S:/jenkins/workspace/ecg-mayausd-branch-preflight-2020-windows/ecg-maya-usd/maya-usd/lib/mayaUsd/render/pxrUsdMayaGL/shapeAdapter.h
    -- promoting: S:/jenkins/workspace/ecg-mayausd-branch-preflight-2020-windows/ecg-maya-usd/maya-usd/lib/mayaUsd/render/pxrUsdMayaGL/softSelectHelper.h
    -- promoting: S:/jenkins/workspace/ecg-mayausd-branch-preflight-2020-windows/ecg-maya-usd/maya-usd/lib/mayaUsd/render/pxrUsdMayaGL/usdProxyShapeAdapter.h
    -- promoting: S:/jenkins/workspace/ecg-mayausd-branch-preflight-2020-windows/ecg-maya-usd/maya-usd/lib/mayaUsd/render/pxrUsdMayaGL/userData.h
    -- promoting: S:/jenkins/workspace/ecg-mayausd-branch-preflight-2020-windows/ecg-maya-usd/maya-usd/lib/mayaUsd/render/vp2RenderDelegate/proxyRenderDelegate.h
    -- promoting: S:/jenkins/workspace/ecg-mayausd-branch-preflight-2020-windows/ecg-maya-usd/maya-usd/lib/mayaUsd/render/vp2ShaderFragments/shaderFragments.h
    -- promoting: S:/jenkins/workspace/ecg-mayausd-branch-preflight-2020-windows/ecg-maya-usd/maya-usd/lib/mayaUsd/ufe/Global.h
    -- promoting: S:/jenkins/workspace/ecg-mayausd-branch-preflight-2020-windows/ecg-maya-usd/maya-usd/lib/mayaUsd/ufe/ProxyShapeHandler.h
    -- promoting: S:/jenkins/workspace/ecg-mayausd-branch-preflight-2020-windows/ecg-maya-usd/maya-usd/lib/mayaUsd/ufe/ProxyShapeHierarchy.h
    -- promoting: S:/jenkins/workspace/ecg-mayausd-branch-preflight-2020-windows/ecg-maya-usd/maya-usd/lib/mayaUsd/ufe/ProxyShapeHierarchyHandler.h
    -- promoting: S:/jenkins/workspace/ecg-mayausd-branch-preflight-2020-windows/ecg-maya-usd/maya-usd/lib/mayaUsd/ufe/StagesSubject.h
    -- promoting: S:/jenkins/workspace/ecg-mayausd-branch-preflight-2020-windows/ecg-maya-usd/maya-usd/lib/mayaUsd/ufe/UsdHierarchy.h
    -- promoting: S:/jenkins/workspace/ecg-mayausd-branch-preflight-2020-windows/ecg-maya-usd/maya-usd/lib/mayaUsd/ufe/UsdHierarchyHandler.h
    -- promoting: S:/jenkins/workspace/ecg-mayausd-branch-preflight-2020-windows/ecg-maya-usd/maya-usd/lib/mayaUsd/ufe/UsdRootChildHierarchy.h
    -- promoting: S:/jenkins/workspace/ecg-mayausd-branch-preflight-2020-windows/ecg-maya-usd/maya-usd/lib/mayaUsd/ufe/UsdRotatePivotTranslateUndoableCommand.h
    -- promoting: S:/jenkins/workspace/ecg-mayausd-branch-preflight-2020-windows/ecg-maya-usd/maya-usd/lib/mayaUsd/ufe/UsdRotateUndoableCommand.h
    -- promoting: S:/jenkins/workspace/ecg-mayausd-branch-preflight-2020-windows/ecg-maya-usd/maya-usd/lib/mayaUsd/ufe/UsdScaleUndoableCommand.h
    -- promoting: S:/jenkins/workspace/ecg-mayausd-branch-preflight-2020-windows/ecg-maya-usd/maya-usd/lib/mayaUsd/ufe/UsdSceneItem.h
    -- promoting: S:/jenkins/workspace/ecg-mayausd-branch-preflight-2020-windows/ecg-maya-usd/maya-usd/lib/mayaUsd/ufe/UsdSceneItemOps.h
    -- promoting: S:/jenkins/workspace/ecg-mayausd-branch-preflight-2020-windows/ecg-maya-usd/maya-usd/lib/mayaUsd/ufe/UsdSceneItemOpsHandler.h
    -- promoting: S:/jenkins/workspace/ecg-mayausd-branch-preflight-2020-windows/ecg-maya-usd/maya-usd/lib/mayaUsd/ufe/UsdStageMap.h
    -- promoting: S:/jenkins/workspace/ecg-mayausd-branch-preflight-2020-windows/ecg-maya-usd/maya-usd/lib/mayaUsd/ufe/UsdTRSUndoableCommandBase.h
    -- promoting: S:/jenkins/workspace/ecg-mayausd-branch-preflight-2020-windows/ecg-maya-usd/maya-usd/lib/mayaUsd/ufe/UsdTransform3d.h
    -- promoting: S:/jenkins/workspace/ecg-mayausd-branch-preflight-2020-windows/ecg-maya-usd/maya-usd/lib/mayaUsd/ufe/UsdTransform3dHandler.h
    -- promoting: S:/jenkins/workspace/ecg-mayausd-branch-preflight-2020-windows/ecg-maya-usd/maya-usd/lib/mayaUsd/ufe/UsdTranslateUndoableCommand.h
    -- promoting: S:/jenkins/workspace/ecg-mayausd-branch-preflight-2020-windows/ecg-maya-usd/maya-usd/lib/mayaUsd/ufe/UsdUndoDeleteCommand.h
    -- promoting: S:/jenkins/workspace/ecg-mayausd-branch-preflight-2020-windows/ecg-maya-usd/maya-usd/lib/mayaUsd/ufe/UsdUndoDuplicateCommand.h
    -- promoting: S:/jenkins/workspace/ecg-mayausd-branch-preflight-2020-windows/ecg-maya-usd/maya-usd/lib/mayaUsd/ufe/UsdUndoRenameCommand.h
    -- promoting: S:/jenkins/workspace/ecg-mayausd-branch-preflight-2020-windows/ecg-maya-usd/maya-usd/lib/mayaUsd/ufe/Utils.h
    -- promoting: S:/jenkins/workspace/ecg-mayausd-branch-preflight-2020-windows/ecg-maya-usd/maya-usd/lib/mayaUsd/ufe/UfeVersionCompat.h
    -- promoting: S:/jenkins/workspace/ecg-mayausd-branch-preflight-2020-windows/ecg-maya-usd/maya-usd/lib/mayaUsd/utils/blockSceneModificationContext.h
    -- promoting: S:/jenkins/workspace/ecg-mayausd-branch-preflight-2020-windows/ecg-maya-usd/maya-usd/lib/mayaUsd/utils/colorSpace.h
    -- promoting: S:/jenkins/workspace/ecg-mayausd-branch-preflight-2020-windows/ecg-maya-usd/maya-usd/lib/mayaUsd/utils/converter.h
    -- promoting: S:/jenkins/workspace/ecg-mayausd-branch-preflight-2020-windows/ecg-maya-usd/maya-usd/lib/mayaUsd/utils/diagnosticDelegate.h
    -- promoting: S:/jenkins/workspace/ecg-mayausd-branch-preflight-2020-windows/ecg-maya-usd/maya-usd/lib/mayaUsd/utils/query.h
    -- promoting: S:/jenkins/workspace/ecg-mayausd-branch-preflight-2020-windows/ecg-maya-usd/maya-usd/lib/mayaUsd/utils/stageCache.h
    -- promoting: S:/jenkins/workspace/ecg-mayausd-branch-preflight-2020-windows/ecg-maya-usd/maya-usd/lib/mayaUsd/utils/undoHelperCommand.h
    -- promoting: S:/jenkins/workspace/ecg-mayausd-branch-preflight-2020-windows/ecg-maya-usd/maya-usd/lib/mayaUsd/utils/util.h
    -- promoting: S:/jenkins/workspace/ecg-mayausd-branch-preflight-2020-windows/ecg-maya-usd/maya-usd/lib/mayaUsd/utils/utilFileSystem.h
    -- promoting: S:/jenkins/workspace/ecg-mayausd-branch-preflight-2020-windows/ecg-maya-usd/maya-usd/lib/usd/hdMaya/api.h
    -- promoting: S:/jenkins/workspace/ecg-mayausd-branch-preflight-2020-windows/ecg-maya-usd/maya-usd/lib/usd/hdMaya/utils.h
    -- promoting: S:/jenkins/workspace/ecg-mayausd-branch-preflight-2020-windows/ecg-maya-usd/maya-usd/lib/usd/hdMaya/debugCodes.h
    -- promoting: S:/jenkins/workspace/ecg-mayausd-branch-preflight-2020-windows/ecg-maya-usd/maya-usd/lib/usd/hdMaya/adapters/adapter.h
    -- promoting: S:/jenkins/workspace/ecg-mayausd-branch-preflight-2020-windows/ecg-maya-usd/maya-usd/lib/usd/hdMaya/adapters/adapterDebugCodes.h
    -- promoting: S:/jenkins/workspace/ecg-mayausd-branch-preflight-2020-windows/ecg-maya-usd/maya-usd/lib/usd/hdMaya/adapters/adapterRegistry.h
    -- promoting: S:/jenkins/workspace/ecg-mayausd-branch-preflight-2020-windows/ecg-maya-usd/maya-usd/lib/usd/hdMaya/adapters/constantShadowMatrix.h
    -- promoting: S:/jenkins/workspace/ecg-mayausd-branch-preflight-2020-windows/ecg-maya-usd/maya-usd/lib/usd/hdMaya/adapters/dagAdapter.h
    -- promoting: S:/jenkins/workspace/ecg-mayausd-branch-preflight-2020-windows/ecg-maya-usd/maya-usd/lib/usd/hdMaya/adapters/lightAdapter.h
    -- promoting: S:/jenkins/workspace/ecg-mayausd-branch-preflight-2020-windows/ecg-maya-usd/maya-usd/lib/usd/hdMaya/adapters/proxyAdapter.h
    -- promoting: S:/jenkins/workspace/ecg-mayausd-branch-preflight-2020-windows/ecg-maya-usd/maya-usd/lib/usd/hdMaya/adapters/materialAdapter.h
    -- promoting: S:/jenkins/workspace/ecg-mayausd-branch-preflight-2020-windows/ecg-maya-usd/maya-usd/lib/usd/hdMaya/adapters/materialNetworkConverter.h
    -- promoting: S:/jenkins/workspace/ecg-mayausd-branch-preflight-2020-windows/ecg-maya-usd/maya-usd/lib/usd/hdMaya/adapters/mayaAttrs.h
    -- promoting: S:/jenkins/workspace/ecg-mayausd-branch-preflight-2020-windows/ecg-maya-usd/maya-usd/lib/usd/hdMaya/adapters/shapeAdapter.h
    -- promoting: S:/jenkins/workspace/ecg-mayausd-branch-preflight-2020-windows/ecg-maya-usd/maya-usd/lib/usd/hdMaya/adapters/tokens.h
    -- promoting: S:/jenkins/workspace/ecg-mayausd-branch-preflight-2020-windows/ecg-maya-usd/maya-usd/lib/usd/hdMaya/delegates/delegate.h
    -- promoting: S:/jenkins/workspace/ecg-mayausd-branch-preflight-2020-windows/ecg-maya-usd/maya-usd/lib/usd/hdMaya/delegates/delegateCtx.h
    -- promoting: S:/jenkins/workspace/ecg-mayausd-branch-preflight-2020-windows/ecg-maya-usd/maya-usd/lib/usd/hdMaya/delegates/delegateDebugCodes.h
    -- promoting: S:/jenkins/workspace/ecg-mayausd-branch-preflight-2020-windows/ecg-maya-usd/maya-usd/lib/usd/hdMaya/delegates/delegateRegistry.h
    -- promoting: S:/jenkins/workspace/ecg-mayausd-branch-preflight-2020-windows/ecg-maya-usd/maya-usd/lib/usd/hdMaya/delegates/params.h
    -- promoting: S:/jenkins/workspace/ecg-mayausd-branch-preflight-2020-windows/ecg-maya-usd/maya-usd/lib/usd/hdMaya/delegates/proxyDelegate.h
    -- promoting: S:/jenkins/workspace/ecg-mayausd-branch-preflight-2020-windows/ecg-maya-usd/maya-usd/lib/usd/hdMaya/delegates/proxyUsdImagingDelegate.h
    -- promoting: S:/jenkins/workspace/ecg-mayausd-branch-preflight-2020-windows/ecg-maya-usd/maya-usd/lib/usd/hdMaya/delegates/sceneDelegate.h
    -- promoting: S:/jenkins/workspace/ecg-mayausd-branch-preflight-2020-windows/ecg-maya-usd/maya-usd/lib/usd/hdMaya/delegates/testDelegate.h
    -- promoting: S:/jenkins/workspace/ecg-mayausd-branch-preflight-2020-windows/ecg-maya-usd/maya-usd/lib/usd/pxrUsdPreviewSurface/usdPreviewSurface.h
    -- promoting: S:/jenkins/workspace/ecg-mayausd-branch-preflight-2020-windows/ecg-maya-usd/maya-usd/lib/usd/pxrUsdPreviewSurface/usdPreviewSurfacePlugin.h
    -- Found Boost 1.70.0 at P:/shared/Artifactory/Windows/USD/59a48e6/lib/cmake/Boost-1.70.0
    --   Requested configuration: QUIET REQUIRED COMPONENTS filesystem;system
    -- Found boost_headers 1.70.0 at P:/shared/Artifactory/Windows/USD/59a48e6/lib/cmake/boost_headers-1.70.0
    -- Found boost_filesystem 1.70.0 at P:/shared/Artifactory/Windows/USD/59a48e6/lib/cmake/boost_filesystem-1.70.0
    --   boost_filesystem-vc141-mt-x64-1_70.lib
    -- Adding boost_filesystem dependencies: headers
    -- Found boost_system 1.70.0 at P:/shared/Artifactory/Windows/USD/59a48e6/lib/cmake/boost_system-1.70.0
    --   boost_system-vc141-mt-x64-1_70.lib
    -- Adding boost_system dependencies: headers
    -- Boost  found.
    -- Found Boost components:
       filesystem;system
    -- promoting: S:/jenkins/workspace/ecg-mayausd-branch-preflight-2020-windows/ecg-maya-usd/maya-usd/lib/usd/schemas/api.h
    -- promoting: S:/jenkins/workspace/ecg-mayausd-branch-preflight-2020-windows/ecg-maya-usd/maya-usd/lib/usd/schemas/ALMayaReference.h
    -- promoting: S:/jenkins/workspace/ecg-mayausd-branch-preflight-2020-windows/ecg-maya-usd/maya-usd/lib/usd/schemas/MayaReference.h
    -- promoting: S:/jenkins/workspace/ecg-mayausd-branch-preflight-2020-windows/ecg-maya-usd/maya-usd/lib/usd/schemas/tokens.h
    Processing schema classes:
    MayaReference, ALMayaReference
    Loading Templates from p:\shared\Artifactory\Windows\USD\59a48e6\lib\usd\usd\resources\codegenTemplates
    Writing API:
    	    wrote W:\build\RelWithDebInfo\lib\usd\schemas\api.h
    Writing Schema Tokens:
    	    wrote W:\build\RelWithDebInfo\lib\usd\schemas\tokens.h
    	    wrote W:\build\RelWithDebInfo\lib\usd\schemas\tokens.cpp
    	    wrote W:\build\RelWithDebInfo\lib\usd\schemas\wrapTokens.cpp
    Generating Classes:
    	    wrote W:\build\RelWithDebInfo\lib\usd\schemas\MayaReference.h
    	    wrote W:\build\RelWithDebInfo\lib\usd\schemas\MayaReference.cpp
    	    wrote W:\build\RelWithDebInfo\lib\usd\schemas\wrapMayaReference.cpp
    	    wrote W:\build\RelWithDebInfo\lib\usd\schemas\ALMayaReference.h
    	    wrote W:\build\RelWithDebInfo\lib\usd\schemas\ALMayaReference.cpp
    	    wrote W:\build\RelWithDebInfo\lib\usd\schemas\wrapALMayaReference.cpp
    	    wrote W:\build\RelWithDebInfo\lib\usd\schemas\plugInfo.json
    Generating Schematics:
    	    wrote W:\build\RelWithDebInfo\lib\usd\schemas\generatedSchema.usda
    -- promoting: S:/jenkins/workspace/ecg-mayausd-branch-preflight-2020-windows/ecg-maya-usd/maya-usd/lib/usd/utils/ALHalf.h
    -- promoting: S:/jenkins/workspace/ecg-mayausd-branch-preflight-2020-windows/ecg-maya-usd/maya-usd/lib/usd/utils/Api.h
    -- promoting: S:/jenkins/workspace/ecg-mayausd-branch-preflight-2020-windows/ecg-maya-usd/maya-usd/lib/usd/utils/DebugCodes.h
    -- promoting: S:/jenkins/workspace/ecg-mayausd-branch-preflight-2020-windows/ecg-maya-usd/maya-usd/lib/usd/utils/DiffCore.h
    -- promoting: S:/jenkins/workspace/ecg-mayausd-branch-preflight-2020-windows/ecg-maya-usd/maya-usd/lib/usd/utils/ForwardDeclares.h
    -- promoting: S:/jenkins/workspace/ecg-mayausd-branch-preflight-2020-windows/ecg-maya-usd/maya-usd/lib/usd/utils/SIMD.h
    -- promoting: S:/jenkins/workspace/ecg-mayausd-branch-preflight-2020-windows/ecg-maya-usd/maya-usd/lib/usd/utils/util.h
    -- promoting: S:/jenkins/workspace/ecg-mayausd-branch-preflight-2020-windows/ecg-maya-usd/maya-usd/lib/usd/ui/api.h
    -- promoting: S:/jenkins/workspace/ecg-mayausd-branch-preflight-2020-windows/ecg-maya-usd/maya-usd/lib/usd/ui/IMayaMQtUtil.h
    -- promoting: S:/jenkins/workspace/ecg-mayausd-branch-preflight-2020-windows/ecg-maya-usd/maya-usd/lib/usd/ui/ItemDelegate.h
    -- promoting: S:/jenkins/workspace/ecg-mayausd-branch-preflight-2020-windows/ecg-maya-usd/maya-usd/lib/usd/ui/IUSDImportView.h
    -- promoting: S:/jenkins/workspace/ecg-mayausd-branch-preflight-2020-windows/ecg-maya-usd/maya-usd/lib/usd/ui/TreeItem.h
    -- promoting: S:/jenkins/workspace/ecg-mayausd-branch-preflight-2020-windows/ecg-maya-usd/maya-usd/lib/usd/ui/TreeModel.h
    -- promoting: S:/jenkins/workspace/ecg-mayausd-branch-preflight-2020-windows/ecg-maya-usd/maya-usd/lib/usd/ui/TreeModelFactory.h
    -- promoting: S:/jenkins/workspace/ecg-mayausd-branch-preflight-2020-windows/ecg-maya-usd/maya-usd/lib/usd/ui/USDImportDialog.h
    -- promoting: S:/jenkins/workspace/ecg-mayausd-branch-preflight-2020-windows/ecg-maya-usd/maya-usd/lib/usd/ui/USDImportDialogCmd.h
    -- promoting: S:/jenkins/workspace/ecg-mayausd-branch-preflight-2020-windows/ecg-maya-usd/maya-usd/lib/usd/ui/USDQtUtil.h
    ========== Pixar USD Plugin ==========
    Compiling W:/build/RelWithDebInfo/plugin/pxr/__init__.py ...
    ========== AL USD Plugin ==========
    CMake Deprecation Warning at plugin/al/CMakeLists.txt:7 (cmake_policy):
      The OLD behavior for policy CMP0026 will be removed from a future version
      of CMake.
    
      The cmake-policies(7) manual explains that the OLD behaviors of all
      policies are deprecated and that a policy should be set to OLD only under
      specific short-term circumstances.  Projects should be ported to the NEW
      behavior and not rely on setting a policy to OLD.
    
    
    -- Found Boost 1.70.0 at P:/shared/Artifactory/Windows/USD/59a48e6/lib/cmake/Boost-1.70.0
    --   Requested configuration: QUIET REQUIRED COMPONENTS python;thread;filesystem;system;chrono;date_time
    -- Found boost_headers 1.70.0 at P:/shared/Artifactory/Windows/USD/59a48e6/lib/cmake/boost_headers-1.70.0
    -- Found boost_python 1.70.0 at P:/shared/Artifactory/Windows/USD/59a48e6/lib/cmake/boost_python-1.70.0
    --   boost_python27-vc141-mt-x64-1_70.lib
    -- Adding boost_python dependencies: headers
    -- Found boost_thread 1.70.0 at P:/shared/Artifactory/Windows/USD/59a48e6/lib/cmake/boost_thread-1.70.0
    --   boost_thread-vc141-mt-x64-1_70.lib
    -- Adding boost_thread dependencies: chrono;headers
    -- Found boost_chrono 1.70.0 at P:/shared/Artifactory/Windows/USD/59a48e6/lib/cmake/boost_chrono-1.70.0
    --   boost_chrono-vc141-mt-x64-1_70.lib
    -- Adding boost_chrono dependencies: headers
    -- Found boost_filesystem 1.70.0 at P:/shared/Artifactory/Windows/USD/59a48e6/lib/cmake/boost_filesystem-1.70.0
    --   boost_filesystem-vc141-mt-x64-1_70.lib
    -- Adding boost_filesystem dependencies: headers
    -- Found boost_system 1.70.0 at P:/shared/Artifactory/Windows/USD/59a48e6/lib/cmake/boost_system-1.70.0
    --   boost_system-vc141-mt-x64-1_70.lib
    -- Adding boost_system dependencies: headers
    -- Found boost_date_time 1.70.0 at P:/shared/Artifactory/Windows/USD/59a48e6/lib/cmake/boost_date_time-1.70.0
    --   boost_date_time-vc141-mt-x64-1_70.lib
    -- Adding boost_date_time dependencies: headers
    -- Boost  found.
    -- Found Boost components:
       python;thread;filesystem;system;chrono;date_time
    -- Found GTest: W:/build/RelWithDebInfo/googletest-install/lib/gtest.lib
    Compiling W:/build/RelWithDebInfo/plugin/al/lib/AL_USDMaya/lib/python/AL/usdmaya/__init__.py ...
    -- Building AL_USDMayaSchemas
    Processing schema classes:
    ALModelAPI, ALFrameRange
    Loading Templates from p:\shared\Artifactory\Windows\USD\59a48e6\lib\usd\usd\resources\codegenTemplates
    Writing API:
    	    wrote W:\build\RelWithDebInfo\plugin\al\schemas\AL\usd\schemas\maya\api.h
    Writing Schema Tokens:
    	    wrote W:\build\RelWithDebInfo\plugin\al\schemas\AL\usd\schemas\maya\tokens.h
    	    wrote W:\build\RelWithDebInfo\plugin\al\schemas\AL\usd\schemas\maya\tokens.cpp
    	    wrote W:\build\RelWithDebInfo\plugin\al\schemas\AL\usd\schemas\maya\wrapTokens.cpp
    Generating Classes:
    	    wrote W:\build\RelWithDebInfo\plugin\al\schemas\AL\usd\schemas\maya\ModelAPI.h
    	    wrote W:\build\RelWithDebInfo\plugin\al\schemas\AL\usd\schemas\maya\ModelAPI.cpp
    	    wrote W:\build\RelWithDebInfo\plugin\al\schemas\AL\usd\schemas\maya\wrapModelAPI.cpp
    	    wrote W:\build\RelWithDebInfo\plugin\al\schemas\AL\usd\schemas\maya\FrameRange.h
    	    wrote W:\build\RelWithDebInfo\plugin\al\schemas\AL\usd\schemas\maya\FrameRange.cpp
    	    wrote W:\build\RelWithDebInfo\plugin\al\schemas\AL\usd\schemas\maya\wrapFrameRange.cpp
    	    wrote W:\build\RelWithDebInfo\plugin\al\schemas\AL\usd\schemas\maya\plugInfo.json
    Generating Schematics:
    	    wrote W:\build\RelWithDebInfo\plugin\al\schemas\AL\usd\schemas\maya\generatedSchema.usda
    Compiling W:/build/RelWithDebInfo/AL/usd/schemas/maya/__init__.py ...
    Compiling W:/build/RelWithDebInfo/AL/__init__.py ...
    Compiling W:/build/RelWithDebInfo/AL/usd/__init__.py ...
    Compiling W:/build/RelWithDebInfo/AL/usd/schemas/__init__.py ...
    Processing schema classes:
    ALExamplePolyCubeNode
    Loading Templates from p:\shared\Artifactory\Windows\USD\59a48e6\lib\usd\usd\resources\codegenTemplates
    Writing API:
    	    wrote W:\build\RelWithDebInfo\plugin\al\schemas\AL\usd\schemas\mayatest\api.h
    Writing Schema Tokens:
    	    wrote W:\build\RelWithDebInfo\plugin\al\schemas\AL\usd\schemas\mayatest\tokens.h
    	    wrote W:\build\RelWithDebInfo\plugin\al\schemas\AL\usd\schemas\mayatest\tokens.cpp
    	    wrote W:\build\RelWithDebInfo\plugin\al\schemas\AL\usd\schemas\mayatest\wrapTokens.cpp
    Generating Classes:
    	    wrote W:\build\RelWithDebInfo\plugin\al\schemas\AL\usd\schemas\mayatest\ExamplePolyCubeNode.h
    	    wrote W:\build\RelWithDebInfo\plugin\al\schemas\AL\usd\schemas\mayatest\ExamplePolyCubeNode.cpp
    	    wrote W:\build\RelWithDebInfo\plugin\al\schemas\AL\usd\schemas\mayatest\wrapExamplePolyCubeNode.cpp
    	unchanged W:\build\RelWithDebInfo\plugin\al\schemas\AL\usd\schemas\mayatest\plugInfo.json
    Generating Schematics:
    	    wrote W:\build\RelWithDebInfo\plugin\al\schemas\AL\usd\schemas\mayatest\generatedSchema.usda
    Compiling W:/build/RelWithDebInfo/AL/usd/schemas/mayatest/__init__.py ...
    Compiling W:/build/RelWithDebInfo/AL/__init__.py ...
    Compiling W:/build/RelWithDebInfo/AL/usd/__init__.py ...
    Compiling W:/build/RelWithDebInfo/AL/usd/schemas/__init__.py ...
    -- Building AL_USDMayaTranslators
    ========== ADSK USD Plugin ==========
    -- Configuring done
    -- Generating done
    -- Build files have been written to: W:/build/RelWithDebInfo
    
        Building with settings:
          Source directory          S:\jenkins\workspace\ecg-mayausd-branch-preflight-2020-windows\ecg-maya-usd\maya-usd
          Workspace directory       W:\
          Build directory           W:\build\RelWithDebInfo
          Install directory         W:\install\RelWithDebInfo\MayaUSD
          Variant                   RelWithDebInfo
          Python Debug              Off
          CMake generator           Ninja
          Build arguments           ['-DCMAKE_MAKE_PROGRAM=P:/shared/Artifactory/Windows/ninja/1.9.0/c68f192/ninja.exe', '-DPYTHON_INCLUDE_DIR=P:/shared/Artifactory/Windows/rundev-2020/202004291615/runtime/df03b16/runTime/include/Python', '-DPython_EXECUTABLE=P:/shared/Artifactory/Windows/rundev-2020/202004291615/runtime/df03b16/runTime/bin/mayapy.exe', '-DPYTHON_LIBRARIES=P:/shared/Artifactory/Windows/rundev-2020/202004291615/runtime/df03b16/runTime/lib/python27.lib', '-DMAYAUSD_TO_USD_RELATIVE_PATH=../USD']
          Stages arguments          ['configure']
          CTest arguments           ['-E testUsdReferenceAssemblySelection|testUsdMayaAppDir|testUsdExportAsClip', '-LE interactive', '--parallel 16']
    Success MayaUSD build and install !!!!
    Elapsed time: 00:01:01
Deleting subst P:
Deleting subst W:
[Pipeline] }
[Pipeline] // withEnv
[Pipeline] }
[Pipeline] // stage
[Pipeline] }
[Pipeline] // timestamps
[Pipeline] }
[Pipeline] // timeout
[Pipeline] timeout
Timeout set to expire in 6 hr 0 min
[Pipeline] {
[Pipeline] timestamps
[Pipeline] {
[Pipeline] stage
[Pipeline] { (Build)
[Pipeline] withEnv
[Pipeline] {
[Pipeline] bat
[ecg-mayausd-branch-preflight-2020-windows] Running batch script
Subst W: S:\jenkins\workspace\ecg-mayausd-branch-preflight-2020-windows
Subst P: S:\jenkins\workspace
"C:\Program Files (x86)\Microsoft Visual Studio\2017\Professional\VC\Auxiliary\Build\vcvarsall.bat" x64
**********************************************************************
** Visual Studio 2017 Developer Command Prompt v15.9.15
** Copyright (c) 2017 Microsoft Corporation
**********************************************************************
[vcvarsall.bat] Environment initialized for: 'x64'
python ecg-maya-usd/build.py --stages=build --workspace-dir=W:\ --artifactory-dir=P:\shared\Artifactory --build-dir=W:\build --install-dir=W:\install --signing-dir=W:\signing --package-dir=W:\package --output-dir=W:\output --stash-dir=W:\stash --jenkins-build=183 --git-commit=606f220392c90832eaaad7975157b52f51bf42b1 --git-branch=master --variants=RelWithDebInfo --python=2 --build-retry=3 --maya-package=rundev-2020 --stage-banner
Searching for available Maya cuts in P:\shared\Artifactory\Windows\rundev-2020
Using Maya cut from P:\shared\Artifactory\Windows\rundev-2020\202004291615\runtime\df03b16

================================================================================
                             build (RelWithDebInfo)
================================================================================
running build stage....................
Maya Python RelWithDebInfo Info:
  mayapy executable   = P:\shared\Artifactory\Windows\rundev-2020\202004291615\runtime\df03b16\runTime\bin\mayapy.exe
  Include Folder      = P:\shared\Artifactory\Windows\rundev-2020\202004291615\runtime\df03b16\runTime\include\Python
  Library             = P:\shared\Artifactory\Windows\rundev-2020\202004291615\runtime\df03b16\runTime\lib\python27.lib
  site-package Folder = P:\shared\Artifactory\Windows\rundev-2020\202004291615\runtime\df03b16\runTime\Python\Lib\site-packages
In workdir: S:\jenkins\workspace\ecg-mayausd-branch-preflight-2020-windows\ecg-maya-usd\maya-usd
Executing: 'P:\\shared\\Artifactory\\Windows\\rundev-2020\\202004291615\\runtime\\df03b16\\runTime\\bin\\mayapy.exe' 'S:\\jenkins\\workspace\\ecg-mayausd-branch-preflight-2020-windows\\ecg-maya-usd\\maya-usd\\build.py' --generator Ninja --build-relwithdebug --maya-location 'P:\\shared\\Artifactory\\Windows\\rundev-2020\\202004291615\\runtime\\df03b16\\runTime' --devkit-location 'P:\\shared\\Artifactory\\Windows\\rundev-2020\\202004291615\\runtime\\df03b16\\devkitBase' --pxrusd-location 'P:\\shared\\Artifactory\\Windows\\USD\\59a48e6' --qt-location 'P:\\shared\\Artifactory\\Windows\\qt\\5.12.5\\4755980' '--build-args=-DCMAKE_MAKE_PROGRAM=P:/shared/Artifactory/Windows/ninja/1.9.0/c68f192/ninja.exe,-DPYTHON_INCLUDE_DIR=P:/shared/Artifactory/Windows/rundev-2020/202004291615/runtime/df03b16/runTime/include/Python,-DPython_EXECUTABLE=P:/shared/Artifactory/Windows/rundev-2020/202004291615/runtime/df03b16/runTime/bin/mayapy.exe,-DPYTHON_LIBRARIES=P:/shared/Artifactory/Windows/rundev-2020/202004291615/runtime/df03b16/runTime/lib/python27.lib,-DMAYAUSD_TO_USD_RELATIVE_PATH=../USD' '--ctest-args=-E testUsdReferenceAssemblySelection|testUsdMayaAppDir|testUsdExportAsClip,-LE interactive,--parallel 16' --stages=build --redirect-outstream-file=False --install-location 'W:\\install\\RelWithDebInfo\\MayaUSD' 'W:\\'
Modified environment variables:
    PATH=P:\shared\Artifactory\Windows\cmake\3.14.4\c5af748\bin;C:\Python27\lib\site-packages\pywin32_system32;C:\Program Files (x86)\Microsoft Visual Studio\2017\Professional\VC\Tools\MSVC\14.16.27023\bin\HostX64\x64;C:\Program Files (x86)\Microsoft Visual Studio\2017\Professional\Common7\IDE\VC\VCPackages;C:\Program Files (x86)\Microsoft Visual Studio\2017\Professional\Common7\IDE\CommonExtensions\Microsoft\TestWindow;C:\Program Files (x86)\Microsoft Visual Studio\2017\Professional\Common7\IDE\CommonExtensions\Microsoft\TeamFoundation\Team Explorer;C:\Program Files (x86)\Microsoft Visual Studio\2017\Professional\MSBuild\15.0\bin\Roslyn;C:\Program Files (x86)\Microsoft Visual Studio\2017\Professional\Team Tools\Performance Tools\x64;C:\Program Files (x86)\Microsoft Visual Studio\2017\Professional\Team Tools\Performance Tools;C:\Program Files (x86)\Microsoft Visual Studio\Shared\Common\VSPerfCollectionTools\\x64;C:\Program Files (x86)\Microsoft Visual Studio\Shared\Common\VSPerfCollectionTools\;C:\Program Files (x86)\Microsoft SDKs\Windows\v10.0A\bin\NETFX 4.6.1 Tools\x64\;C:\Program Files (x86)\HTML Help Workshop;C:\Program Files (x86)\Windows Kits\10\bin\10.0.17763.0\x64;C:\Program Files (x86)\Windows Kits\10\bin\x64;C:\Program Files (x86)\Microsoft Visual Studio\2017\Professional\\MSBuild\15.0\bin;C:\WINDOWS\Microsoft.NET\Framework64\v4.0.30319;C:\Program Files (x86)\Microsoft Visual Studio\2017\Professional\Common7\IDE\;C:\Program Files (x86)\Microsoft Visual Studio\2017\Professional\Common7\Tools\;C:\Python27\;C:\Python27\Scripts;C:\Program Files (x86)\Common Files\Oracle\Java\javapath;C:\WINDOWS\system32;C:\WINDOWS;C:\WINDOWS\System32\Wbem;C:\WINDOWS\System32\WindowsPowerShell\v1.0\;C:\WINDOWS\System32\OpenSSH\;C:\PathVerify;C:\Program Files (x86)\WiX Toolset v3.7\bin;C:\Program Files (x86)\Windows Kits\10\bin\10.0.17763.0\x64;C:\Program Files (x86)\Windows Kits\10\bin\x64;C:\Program Files\Git\cmd;C:\Program Files\Git\usr\bin;C:\Program Files\Git\mingw64\bin;C:\Program Files\Git\bin;C:\StoreBoxClientWindows;C:\Program Files\Electric Cloud\ElectricCommander\bin;C:\Program Files\WinRAR;C:\Program Files\7-Zip;C:\Users\Administrator\AppData\Local\Microsoft\WindowsApps;C:\Program Files (x86)\Microsoft Visual Studio\2017\Professional\Common7\IDE\CommonExtensions\Microsoft\CMake\CMake\bin;C:\Program Files (x86)\Microsoft Visual Studio\2017\Professional\Common7\IDE\CommonExtensions\Microsoft\CMake\Ninja
    [1/517] Building CXX object lib\mayaUsd\CMakeFiles\mayaUsd.dir\fileio\primUpdaterContext.cpp.obj
    [2/517] Building CXX object lib\mayaUsd\CMakeFiles\mayaUsd.dir\fileio\primWriterContext.cpp.obj
    [3/517] Building CXX object lib\mayaUsd\CMakeFiles\mayaUsd.dir\fileio\primReaderContext.cpp.obj
    [4/517] Building CXX object lib\mayaUsd\CMakeFiles\mayaUsd.dir\fileio\primUpdater.cpp.obj
    [5/517] Building CXX object lib\mayaUsd\CMakeFiles\mayaUsd.dir\fileio\primReaderArgs.cpp.obj
    [6/517] Building CXX object lib\mayaUsd\CMakeFiles\mayaUsd.dir\fileio\importData.cpp.obj
    [7/517] Building CXX object lib\mayaUsd\CMakeFiles\mayaUsd.dir\fileio\functorPrimReader.cpp.obj
    [8/517] Building CXX object lib\mayaUsd\CMakeFiles\mayaUsd.dir\fileio\primReader.cpp.obj
    [9/517] Building CXX object lib\mayaUsd\CMakeFiles\mayaUsd.dir\fileio\primUpdaterRegistry.cpp.obj
    [10/517] Building CXX object lib\mayaUsd\CMakeFiles\mayaUsd.dir\fileio\primWriterArgs.cpp.obj
    [11/517] Building CXX object lib\mayaUsd\CMakeFiles\mayaUsd.dir\fileio\shaderReaderRegistry.cpp.obj
    [12/517] Building CXX object lib\mayaUsd\CMakeFiles\mayaUsd.dir\fileio\instancedNodeWriter.cpp.obj
    [13/517] Building CXX object lib\mayaUsd\CMakeFiles\mayaUsd.dir\fileio\primReaderRegistry.cpp.obj
    [14/517] Building CXX object lib\mayaUsd\CMakeFiles\mayaUsd.dir\fileio\functorPrimWriter.cpp.obj
    [15/517] Building CXX object lib\mayaUsd\CMakeFiles\mayaUsd.dir\fileio\primWriterRegistry.cpp.obj
    [16/517] Building CXX object lib\mayaUsd\CMakeFiles\mayaUsd.dir\fileio\primWriter.cpp.obj
    [17/517] Building CXX object lib\mayaUsd\CMakeFiles\mayaUsd.dir\fileio\chaser\chaser.cpp.obj
    [18/517] Building CXX object lib\mayaUsd\CMakeFiles\mayaUsd.dir\fileio\registryHelper.cpp.obj
    [19/517] Building CXX object lib\mayaUsd\CMakeFiles\mayaUsd.dir\fileio\shaderReader.cpp.obj
    [20/517] Building CXX object lib\mayaUsd\CMakeFiles\mayaUsd.dir\fileio\shaderWriter.cpp.obj
    [21/517] Building CXX object lib\mayaUsd\CMakeFiles\mayaUsd.dir\fileio\jobs\modelKindProcessor.cpp.obj
    [22/517] Building CXX object lib\mayaUsd\CMakeFiles\mayaUsd.dir\fileio\chaser\chaserRegistry.cpp.obj
    [23/517] Building CXX object lib\mayaUsd\CMakeFiles\mayaUsd.dir\fileio\shading\shadingModeImporter.cpp.obj
    [24/517] Building CXX object lib\mayaUsd\CMakeFiles\mayaUsd.dir\fileio\shading\shadingModeExporterContext.cpp.obj
    [25/517] Building CXX object lib\mayaUsd\CMakeFiles\mayaUsd.dir\fileio\shading\shadingModeExporter.cpp.obj
    [26/517] Building CXX object lib\mayaUsd\CMakeFiles\mayaUsd.dir\fileio\transformWriter.cpp.obj
    [27/517] Building CXX object lib\mayaUsd\CMakeFiles\mayaUsd.dir\fileio\writeJobContext.cpp.obj
    [28/517] Building CXX object lib\mayaUsd\CMakeFiles\mayaUsd.dir\fileio\shading\shadingModeDisplayColor.cpp.obj
    [29/517] Building CXX object lib\mayaUsd\CMakeFiles\mayaUsd.dir\fileio\jobs\writeJob.cpp.obj
    [30/517] Building CXX object lib\mayaUsd\CMakeFiles\mayaUsd.dir\fileio\translators\translatorCurves.cpp.obj
    [31/517] Building CXX object lib\mayaUsd\CMakeFiles\mayaUsd.dir\fileio\translators\translatorGprim.cpp.obj
    [32/517] Building CXX object lib\mayaUsd\CMakeFiles\mayaUsd.dir\fileio\jobs\jobArgs.cpp.obj
    [33/517] Building CXX object lib\mayaUsd\CMakeFiles\mayaUsd.dir\fileio\shading\shadingModePxrRis.cpp.obj
    [34/517] Building CXX object lib\mayaUsd\CMakeFiles\mayaUsd.dir\fileio\jobs\readJob.cpp.obj
    [35/517] Building CXX object lib\mayaUsd\CMakeFiles\mayaUsd.dir\fileio\shading\shadingModeRegistry.cpp.obj
    [36/517] Building CXX object lib\mayaUsd\CMakeFiles\mayaUsd.dir\fileio\translators\translatorCamera.cpp.obj
    [37/517] Building CXX object lib\mayaUsd\CMakeFiles\mayaUsd.dir\nodes\hdImagingShape.cpp.obj
    [38/517] Building CXX object lib\mayaUsd\CMakeFiles\mayaUsd.dir\nodes\pointBasedDeformerNode.cpp.obj
    [39/517] Building CXX object lib\mayaUsd\CMakeFiles\mayaUsd.dir\listeners\stageNoticeListener.cpp.obj
    [40/517] Building CXX object lib\mayaUsd\CMakeFiles\mayaUsd.dir\fileio\translators\translatorPrim.cpp.obj
    [41/517] Building CXX object lib\mayaUsd\CMakeFiles\mayaUsd.dir\fileio\shading\shadingModeUseRegistry.cpp.obj
    [42/517] Building CXX object lib\mayaUsd\CMakeFiles\mayaUsd.dir\fileio\translators\skelBindingsProcessor.cpp.obj
    [43/517] Building CXX object lib\mayaUsd\CMakeFiles\mayaUsd.dir\nodes\proxyAccessor.cpp.obj
    [44/517] Building CXX object lib\mayaUsd\CMakeFiles\mayaUsd.dir\fileio\translators\translatorMaterial.cpp.obj
    [45/517] Building CXX object lib\mayaUsd\CMakeFiles\mayaUsd.dir\fileio\translators\translatorMayaReference.cpp.obj
    [46/517] Building CXX object lib\mayaUsd\CMakeFiles\mayaUsd.dir\fileio\translators\translatorMesh.cpp.obj
    [47/517] Building CXX object lib\mayaUsd\CMakeFiles\mayaUsd.dir\nodes\proxyShapeBase.cpp.obj
    [48/517] Building CXX object lib\mayaUsd\CMakeFiles\mayaUsd.dir\fileio\translators\translatorSkel.cpp.obj
    [49/517] Building CXX object lib\mayaUsd\CMakeFiles\mayaUsd.dir\fileio\translators\translatorRfMLight.cpp.obj
    [50/517] Building CXX object lib\mayaUsd\CMakeFiles\mayaUsd.dir\fileio\translators\translatorNurbsPatch.cpp.obj
    [51/517] Building CXX object lib\mayaUsd\CMakeFiles\mayaUsd.dir\render\pxrUsdMayaGL\userData.cpp.obj
    [52/517] Building CXX object lib\mayaUsd\CMakeFiles\mayaUsd.dir\listeners\notice.cpp.obj
    [53/517] Building CXX object lib\mayaUsd\CMakeFiles\mayaUsd.dir\listeners\proxyShapeNotice.cpp.obj
    [54/517] Building CXX object lib\mayaUsd\CMakeFiles\mayaUsd.dir\render\vp2RenderDelegate\bboxGeom.cpp.obj
    [55/517] Building CXX object lib\mayaUsd\CMakeFiles\mayaUsd.dir\fileio\translators\translatorXformable_decompose.cpp.obj
    [56/517] Building CXX object lib\mayaUsd\CMakeFiles\mayaUsd.dir\render\vp2RenderDelegate\debugCodes.cpp.obj
    [57/517] Building CXX object lib\mayaUsd\CMakeFiles\mayaUsd.dir\fileio\translators\translatorUtil.cpp.obj
    [58/517] Building CXX object lib\mayaUsd\CMakeFiles\mayaUsd.dir\fileio\utils\adaptor.cpp.obj
    [59/517] Building CXX object lib\mayaUsd\CMakeFiles\mayaUsd.dir\fileio\utils\userTaggedAttribute.cpp.obj
    [60/517] Building CXX object lib\mayaUsd\CMakeFiles\mayaUsd.dir\fileio\translators\translatorXformable.cpp.obj
    [61/517] Building CXX object lib\mayaUsd\CMakeFiles\mayaUsd.dir\fileio\utils\meshReadUtils.cpp.obj
    [62/517] Building CXX object lib\mayaUsd\CMakeFiles\mayaUsd.dir\fileio\utils\jointWriteUtils.cpp.obj
    [63/517] Building CXX object lib\mayaUsd\CMakeFiles\mayaUsd.dir\fileio\utils\roundTripUtil.cpp.obj
    [64/517] Building CXX object lib\mayaUsd\CMakeFiles\mayaUsd.dir\fileio\utils\shadingUtil.cpp.obj
    [65/517] Building CXX object lib\mayaUsd\CMakeFiles\mayaUsd.dir\fileio\utils\readUtil.cpp.obj
    [66/517] Building CXX object lib\mayaUsd\CMakeFiles\mayaUsd.dir\render\pxrUsdMayaGL\debugCodes.cpp.obj
    [67/517] Building CXX object lib\mayaUsd\CMakeFiles\mayaUsd.dir\render\px_vp20\glslProgram.cpp.obj
    [68/517] Building CXX object lib\mayaUsd\CMakeFiles\mayaUsd.dir\fileio\utils\meshWriteUtils.cpp.obj
    [69/517] Building CXX object lib\mayaUsd\CMakeFiles\mayaUsd.dir\render\vp2RenderDelegate\draw_item.cpp.obj
    [70/517] Building CXX object lib\mayaUsd\CMakeFiles\mayaUsd.dir\fileio\utils\xformStack.cpp.obj
    [71/517] Building CXX object lib\mayaUsd\CMakeFiles\mayaUsd.dir\python\moduleDeps.cpp.obj
    [72/517] Building CXX object lib\mayaUsd\CMakeFiles\mayaUsd.dir\render\px_vp20\utils.cpp.obj
    [73/517] Building CXX object lib\mayaUsd\CMakeFiles\mayaUsd.dir\render\px_vp20\utils_legacy.cpp.obj
    [74/517] Building CXX object lib\mayaUsd\CMakeFiles\mayaUsd.dir\nodes\stageNode.cpp.obj
    [75/517] Building CXX object lib\mayaUsd\CMakeFiles\mayaUsd.dir\nodes\usdPrimProvider.cpp.obj
    [76/517] Building CXX object lib\mayaUsd\CMakeFiles\mayaUsd.dir\nodes\stageData.cpp.obj
    [77/517] Building CXX object lib\mayaUsd\CMakeFiles\mayaUsd.dir\fileio\utils\writeUtil.cpp.obj
    [78/517] Building CXX object lib\mayaUsd\CMakeFiles\mayaUsd.dir\render\pxrUsdMayaGL\softSelectHelper.cpp.obj
    [79/517] Building CXX object lib\mayaUsd\CMakeFiles\mayaUsd.dir\render\vp2RenderDelegate\basisCurves.cpp.obj
    [80/517] Building CXX object lib\mayaUsd\CMakeFiles\mayaUsd.dir\render\pxrUsdMayaGL\proxyShapeDelegate.cpp.obj
    [81/517] Building CXX object lib\mayaUsd\CMakeFiles\mayaUsd.dir\nodes\proxyShapePlugin.cpp.obj
    [82/517] Building CXX object lib\mayaUsd\CMakeFiles\mayaUsd.dir\render\pxrUsdMayaGL\sceneDelegate.cpp.obj
    [83/517] Building CXX object lib\mayaUsd\CMakeFiles\mayaUsd.dir\render\pxrUsdMayaGL\hdImagingShapeDrawOverride.cpp.obj
    [84/517] Building CXX object lib\mayaUsd\CMakeFiles\mayaUsd.dir\render\pxrUsdMayaGL\batchRenderer.cpp.obj
    [85/517] Building CXX object lib\mayaUsd\CMakeFiles\mayaUsd.dir\ufe\UsdTRSUndoableCommandBase.cpp.obj
    [86/517] Building CXX object lib\mayaUsd\CMakeFiles\mayaUsd.dir\render\pxrUsdMayaGL\hdImagingShapeUI.cpp.obj
    [87/517] Building CXX object lib\mayaUsd\CMakeFiles\mayaUsd.dir\ufe\UsdStageMap.cpp.obj
    [88/517] Building CXX object lib\mayaUsd\CMakeFiles\mayaUsd.dir\render\pxrUsdMayaGL\instancerShapeAdapter.cpp.obj
    [89/517] Building CXX object lib\mayaUsd\CMakeFiles\mayaUsd.dir\render\pxrUsdMayaGL\shapeAdapter.cpp.obj
    [90/517] Building CXX object lib\mayaUsd\CMakeFiles\mayaUsd.dir\ufe\UsdTransform3d.cpp.obj
    [91/517] Building CXX object lib\mayaUsd\CMakeFiles\mayaUsd.dir\render\vp2RenderDelegate\tokens.cpp.obj
    [92/517] Building CXX object lib\mayaUsd\CMakeFiles\mayaUsd.dir\render\pxrUsdMayaGL\proxyDrawOverride.cpp.obj
    [93/517] Building CXX object lib\mayaUsd\CMakeFiles\mayaUsd.dir\ufe\UsdSceneItemOpsHandler.cpp.obj
    [94/517] Building CXX object lib\mayaUsd\CMakeFiles\mayaUsd.dir\render\pxrUsdMayaGL\proxyShapeUI.cpp.obj
    [95/517] Building CXX object lib\mayaUsd\CMakeFiles\mayaUsd.dir\render\vp2ShaderFragments\shaderFragments.cpp.obj
    [96/517] Building CXX object lib\mayaUsd\CMakeFiles\mayaUsd.dir\render\vp2RenderDelegate\instancer.cpp.obj
    [97/517] Building CXX object lib\mayaUsd\CMakeFiles\mayaUsd.dir\render\pxrUsdMayaGL\instancerImager.cpp.obj
    [98/517] Building CXX object lib\mayaUsd\CMakeFiles\mayaUsd.dir\ufe\UsdSceneItemOps.cpp.obj
    [99/517] Building CXX object lib\mayaUsd\CMakeFiles\mayaUsd.dir\render\pxrUsdMayaGL\usdProxyShapeAdapter.cpp.obj
    [100/517] Building CXX object lib\mayaUsd\CMakeFiles\mayaUsd.dir\render\vp2RenderDelegate\sampler.cpp.obj
    [101/517] Building CXX object lib\mayaUsd\CMakeFiles\mayaUsd.dir\render\vp2RenderDelegate\render_param.cpp.obj
    [102/517] Building CXX object lib\mayaUsd\CMakeFiles\mayaUsd.dir\render\vp2RenderDelegate\material.cpp.obj
    [103/517] Building CXX object lib\mayaUsd\CMakeFiles\mayaUsd.dir\ufe\ProxyShapeHierarchy.cpp.obj
    [104/517] Building CXX object lib\mayaUsd\CMakeFiles\mayaUsd.dir\render\vp2RenderDelegate\mesh.cpp.obj
    [105/517] Building CXX object lib\mayaUsd\CMakeFiles\mayaUsd.dir\render\vp2RenderDelegate\render_delegate.cpp.obj
    [106/517] Building CXX object lib\mayaUsd\CMakeFiles\mayaUsd.dir\ufe\ProxyShapeHandler.cpp.obj
    [107/517] Building CXX object lib\mayaUsd\CMakeFiles\mayaUsd.dir\ufe\UsdHierarchyHandler.cpp.obj
    [108/517] Building CXX object lib\mayaUsd\CMakeFiles\mayaUsd.dir\ufe\Global.cpp.obj
    [109/517] Building CXX object lib\mayaUsd\CMakeFiles\mayaUsd.dir\ufe\UsdHierarchy.cpp.obj
    FAILED: lib/mayaUsd/CMakeFiles/mayaUsd.dir/ufe/UsdHierarchy.cpp.obj
    C:\PROGRA~2\MIB055~1\2017\PROFES~1\VC\Tools\MSVC\1416~1.270\bin\Hostx64\x64\cl.exe  /nologo /TP -DBOOST_ALL_DYN_LINK -DBOOST_ALL_NO_LIB -DBOOST_CONFIG_SUPPRESS_OUTDATED_MESSAGE -DBOOST_FILESYSTEM_DYN_LINK -DBOOST_SYSTEM_DYN_LINK -DHAVE_SNPRINTF -DMAYAUSD_CORE_EXPORT -DMAYAUSD_MACROS_EXPORT -DMFB_ALT_PACKAGE_NAME=\"mayaUsd\" -DMFB_PACKAGE_MODULE=\"mayaUsd\" -DMFB_PACKAGE_NAME=\"mayaUsd\" -DNOMINMAX -DPXR_PLUGINPATH_NAME="" -DPXR_PYTHON_ENABLED=1 -DUSD_VERSION_NUM=2008 -DWANT_UFE_BUILD -DWIN32 -D_CRT_SECURE_NO_WARNINGS -D_SCL_SECURE_NO_WARNINGS -DmayaUsd_EXPORTS -IP:\shared\Artifactory\Windows\rundev-2020\202004291615\runtime\df03b16\runTime\include -IP:\shared\Artifactory\Windows\rundev-2020\202004291615\runtime\df03b16\devkitBase\devkit\ufe\include -Iinclude -IP:\shared\Artifactory\Windows\USD\59a48e6\include -IP:\shared\Artifactory\Windows\USD\59a48e6\include\boost-1_70 -IP:\shared\Artifactory\Windows\rundev-2020\202004291615\runtime\df03b16\runTime\include\Python /DWIN32 /D_WINDOWS /W3 /GR /EHsc /MD /Zi /O2 /Ob1 /DNDEBUG   /wd4251 /W3 /WX /Zi /Zc:inline /Zc:rvalueCast /MP /EHsc /wd4244 /wd4267 /wd4273 /wd4305 /wd4506 /wd4996 /wd4180 -std:c++14 /showIncludes /Folib\mayaUsd\CMakeFiles\mayaUsd.dir\ufe\UsdHierarchy.cpp.obj /Fdlib\mayaUsd\CMakeFiles\mayaUsd.dir\ /FS -c S:\jenkins\workspace\ecg-mayausd-branch-preflight-2020-windows\ecg-maya-usd\maya-usd\lib\mayaUsd\ufe\UsdHierarchy.cpp
    S:\jenkins\workspace\ecg-mayausd-branch-preflight-2020-windows\ecg-maya-usd\maya-usd\lib\mayaUsd\ufe\UsdHierarchy.cpp(141): error C2064: term does not evaluate to a function taking 0 arguments
    S:\jenkins\workspace\ecg-mayausd-branch-preflight-2020-windows\ecg-maya-usd\maya-usd\lib\mayaUsd\ufe\UsdHierarchy.cpp(153): error C3536: 'usdDstPath': cannot be used before it is initialized
    S:\jenkins\workspace\ecg-mayausd-branch-preflight-2020-windows\ecg-maya-usd\maya-usd\lib\mayaUsd\ufe\UsdHierarchy.cpp(153): error C2665: 'pxrInternal_v0_20__pxrReserved__::SdfCopySpec': none of the 2 overloads could convert all the argument types
    P:\shared\Artifactory\Windows\USD\59a48e6\include\pxr/usd/sdf/copyUtils.h(75): note: could be 'bool pxrInternal_v0_20__pxrReserved__::SdfCopySpec(const pxrInternal_v0_20__pxrReserved__::SdfLayerHandle &,const pxrInternal_v0_20__pxrReserved__::SdfPath &,const pxrInternal_v0_20__pxrReserved__::SdfLayerHandle &,const pxrInternal_v0_20__pxrReserved__::SdfPath &)'
    S:\jenkins\workspace\ecg-mayausd-branch-preflight-2020-windows\ecg-maya-usd\maya-usd\lib\mayaUsd\ufe\UsdHierarchy.cpp(153): note: while trying to match the argument list '(pxrInternal_v0_20__pxrReserved__::SdfLayerHandle, pxrInternal_v0_20__pxrReserved__::SdfPath, pxrInternal_v0_20__pxrReserved__::SdfLayerHandle, int)'
    S:\jenkins\workspace\ecg-mayausd-branch-preflight-2020-windows\ecg-maya-usd\maya-usd\lib\mayaUsd\ufe\UsdHierarchy.cpp(154): error C3536: 'status': cannot be used before it is initialized
    [110/517] Building CXX object lib\mayaUsd\CMakeFiles\mayaUsd.dir\ufe\ProxyShapeHierarchyHandler.cpp.obj
    [111/517] Building CXX object lib\mayaUsd\CMakeFiles\mayaUsd.dir\ufe\UsdRootChildHierarchy.cpp.obj
    [112/517] Building CXX object lib\mayaUsd\CMakeFiles\mayaUsd.dir\ufe\StagesSubject.cpp.obj
    [113/517] Building CXX object lib\mayaUsd\CMakeFiles\mayaUsd.dir\ufe\UsdRotateUndoableCommand.cpp.obj
    [114/517] Building CXX object lib\mayaUsd\CMakeFiles\mayaUsd.dir\utils\diagnosticDelegate.cpp.obj
    [115/517] Building CXX object lib\mayaUsd\CMakeFiles\mayaUsd.dir\ufe\UsdSceneItem.cpp.obj
    [116/517] Building CXX object lib\mayaUsd\CMakeFiles\mayaUsd.dir\ufe\UsdRotatePivotTranslateUndoableCommand.cpp.obj
    [117/517] Building CXX object lib\mayaUsd\CMakeFiles\mayaUsd.dir\render\vp2RenderDelegate\proxyRenderDelegate.cpp.obj
    [118/517] Building CXX object lib\mayaUsd\CMakeFiles\mayaUsd.dir\ufe\UsdScaleUndoableCommand.cpp.obj
    [119/517] Building CXX object lib\mayaUsd\CMakeFiles\mayaUsd.dir\ufe\UsdTransform3dHandler.cpp.obj
    [120/517] Building CXX object lib\mayaUsd\CMakeFiles\mayaUsd.dir\ufe\Utils.cpp.obj
    [121/517] Building CXX object lib\mayaUsd\CMakeFiles\mayaUsd.dir\ufe\UsdUndoDuplicateCommand.cpp.obj
    [122/517] Building CXX object lib\mayaUsd\CMakeFiles\mayaUsd.dir\ufe\UsdUndoDeleteCommand.cpp.obj
    [123/517] Building CXX object lib\mayaUsd\CMakeFiles\mayaUsd.dir\ufe\UsdTranslateUndoableCommand.cpp.obj
    [124/517] Building CXX object lib\mayaUsd\CMakeFiles\mayaUsd.dir\ufe\UsdUndoRenameCommand.cpp.obj
    ninja: build stopped: subcommand failed.
    
        Building with settings:
          Source directory          S:\jenkins\workspace\ecg-mayausd-branch-preflight-2020-windows\ecg-maya-usd\maya-usd
          Workspace directory       W:\
          Build directory           W:\build\RelWithDebInfo
          Install directory         W:\install\RelWithDebInfo\MayaUSD
          Variant                   RelWithDebInfo
          Python Debug              Off
          CMake generator           Ninja
          Build arguments           ['-DCMAKE_MAKE_PROGRAM=P:/shared/Artifactory/Windows/ninja/1.9.0/c68f192/ninja.exe', '-DPYTHON_INCLUDE_DIR=P:/shared/Artifactory/Windows/rundev-2020/202004291615/runtime/df03b16/runTime/include/Python', '-DPython_EXECUTABLE=P:/shared/Artifactory/Windows/rundev-2020/202004291615/runtime/df03b16/runTime/bin/mayapy.exe', '-DPYTHON_LIBRARIES=P:/shared/Artifactory/Windows/rundev-2020/202004291615/runtime/df03b16/runTime/lib/python27.lib', '-DMAYAUSD_TO_USD_RELATIVE_PATH=../USD']
          Stages arguments          ['build']
          CTest arguments           ['-E testUsdReferenceAssemblySelection|testUsdMayaAppDir|testUsdExportAsClip', '-LE interactive', '--parallel 16']
    #####################################################################################
    log date: 2020-09-03 06:18
    commit sha: fe28526a85588fb27f2549cd19a2c0274196143c
    commit date: Thu Sep 3 06:12:07 2020 -0700
    #####################################################################################
    
    cmake --build . --config RelWithDebInfo  -- -j16
    
    Traceback (most recent call last):
      File "S:\jenkins\workspace\ecg-mayausd-branch-preflight-2020-windows\ecg-maya-usd\maya-usd\build.py", line 601, in <module>
        BuildAndInstall(context, context.buildArgs, context.stagesArgs)
      File "S:\jenkins\workspace\ecg-mayausd-branch-preflight-2020-windows\ecg-maya-usd\maya-usd\build.py", line 370, in BuildAndInstall
        RunCMake(context, extraArgs, stagesArgs)
      File "S:\jenkins\workspace\ecg-mayausd-branch-preflight-2020-windows\ecg-maya-usd\maya-usd\build.py", line 286, in RunCMake
        multiproc=FormatMultiProcs(context.numJobs, generator)))
      File "S:\jenkins\workspace\ecg-mayausd-branch-preflight-2020-windows\ecg-maya-usd\maya-usd\build.py", line 164, in Run
        .format(cmd=cmd, log=os.path.abspath(context.logFileLocation)))
    RuntimeError: Failed to run 'cmake --build . --config RelWithDebInfo  -- -j16'
    See W:\build\RelWithDebInfo\build_log.txt for more details.
build.py: error: Command failed with error code: 1
Deleting subst P:
[Pipeline] }
[Pipeline] // withEnv
[Pipeline] }
[Pipeline] // stage
[Pipeline] }
[Pipeline] // timestamps
[Pipeline] }
[Pipeline] // timeout
[Pipeline] emailextrecipients
[Pipeline] echo
No recipients to send notification.
[Pipeline] }
[Pipeline] // node
[Pipeline] End of Pipeline
ERROR: script returned exit code 1
Finished: FAILURE
