================================================================================
                             setup (RelWithDebInfo)
================================================================================
[Pipeline] }
[Pipeline] // withEnv
[Pipeline] }
[Pipeline] // stage
[Pipeline] }
[Pipeline] // timestamps
[Pipeline] }
[Pipeline] // timeout
[Pipeline] timeout
Timeout set to expire in 6 hr 0 min
[Pipeline] {
[Pipeline] timestamps
[Pipeline] {
[Pipeline] stage
[Pipeline] { (Clean)
[Pipeline] withEnv
[Pipeline] {
[Pipeline] sh
[ecg-mayausd-branch-preflight-2022-python3-osx] Running shell script
+ python ecg-maya-usd/build.py --stages=clean --workspace-dir=/local/S/jenkins/workspace/ecg-mayausd-branch-preflight-2022-python3-osx --artifactory-dir=/local/S/jenkins/workspace/shared/Artifactory --build-dir=/local/S/jenkins/workspace/ecg-mayausd-branch-preflight-2022-python3-osx/build --install-dir=/local/S/jenkins/workspace/ecg-mayausd-branch-preflight-2022-python3-osx/install --signing-dir=/local/S/jenkins/workspace/ecg-mayausd-branch-preflight-2022-python3-osx/signing --package-dir=/local/S/jenkins/workspace/ecg-mayausd-branch-preflight-2022-python3-osx/package --output-dir=/local/S/jenkins/workspace/ecg-mayausd-branch-preflight-2022-python3-osx/output --stash-dir=/local/S/jenkins/workspace/ecg-mayausd-branch-preflight-2022-python3-osx/stash --jenkins-build=1652 --git-commit=a1844a585dc5e646342212b667bc5052734bc01a --git-branch=master --variants=RelWithDebInfo --python=3.7 --post-zips=false --maya-cut-config=maya-rundev-2022.yaml --stage-banner
Using Maya cut from /local/S/jenkins/workspace/shared/Artifactory/OSX/rundev-2022/202205171752/runtime/caae272

================================================================================
                             clean (RelWithDebInfo)
================================================================================
Maya Python RelWithDebInfo Info:
  mayapy executable   = /local/S/jenkins/workspace/shared/Artifactory/OSX/rundev-2022/202205171752/runtime/caae272/runTime/Maya.app/Contents/bin/mayapy
  Include Folder      = /local/S/jenkins/workspace/shared/Artifactory/OSX/rundev-2022/202205171752/runtime/caae272/runTime/Maya.app/Contents/Frameworks/Python.framework/Versions/Current/include/python3.7m
  Library             = /local/S/jenkins/workspace/shared/Artifactory/OSX/rundev-2022/202205171752/runtime/caae272/runTime/Maya.app/Contents/Frameworks/Python.framework/Versions/Current/lib/libpython3.7m.dylib
  site-package Folder = /local/S/jenkins/workspace/shared/Artifactory/OSX/rundev-2022/202205171752/runtime/caae272/runTime/Maya.app/Contents/Frameworks/Python.framework/Versions/Current/lib/python3.7/site-packages
build.py: error: Command failed with error code: -6
[Pipeline] }
[Pipeline] // withEnv
[Pipeline] }
[Pipeline] // stage
[Pipeline] }
[Pipeline] // timestamps
[Pipeline] }
[Pipeline] // timeout
[Pipeline] emailextrecipients
[Pipeline] echo
No recipients to send notification.
[Pipeline] }
[Pipeline] // node
[Pipeline] End of Pipeline
ERROR: script returned exit code 250
Finished: FAILURE
