[2022-07-06T14:54:45.792Z] ================================================================================
[2022-07-06T14:54:45.792Z]                              setup (RelWithDebInfo)
[2022-07-06T14:54:45.792Z] ================================================================================
[Pipeline] }
[Pipeline] // withEnv
[Pipeline] }
[Pipeline] // timeout
[Pipeline] }
[Pipeline] // stage
[Pipeline] }
[Pipeline] // timestamps
[Pipeline] timestamps
[Pipeline] {
[Pipeline] stage
[Pipeline] { (Clean)
[Pipeline] timeout
[2022-07-06T14:54:47.951Z] Timeout set to expire in 6 hr 0 min
[Pipeline] {
[Pipeline] withEnv
[Pipeline] {
[Pipeline] sh
[2022-07-06T14:54:51.525Z] + python ecg-maya-usd/build.py --stages=clean --workspace-dir=/local/S/jenkins/workspace/ECP/ecg-maya-usd/ecg-mayausd-branch-preflight-2020-osx --artifactory-dir=/local/S/jenkins/workspace/shared/Artifactory --build-dir=/local/S/jenkins/workspace/ECP/ecg-maya-usd/ecg-mayausd-branch-preflight-2020-osx/build --install-dir=/local/S/jenkins/workspace/ECP/ecg-maya-usd/ecg-mayausd-branch-preflight-2020-osx/install --signing-dir=/local/S/jenkins/workspace/ECP/ecg-maya-usd/ecg-mayausd-branch-preflight-2020-osx/signing --package-dir=/local/S/jenkins/workspace/ECP/ecg-maya-usd/ecg-mayausd-branch-preflight-2020-osx/package --output-dir=/local/S/jenkins/workspace/ECP/ecg-maya-usd/ecg-mayausd-branch-preflight-2020-osx/output --stash-dir=/local/S/jenkins/workspace/ECP/ecg-maya-usd/ecg-mayausd-branch-preflight-2020-osx/stash --jenkins-build=89 --git-commit=b577ea38c151f22936ef5651ef0db1e86697feec --git-branch=master --variants=RelWithDebInfo --python=2.7 --post-zips=false --maya-cut-config=maya-rundev-2020.yaml --maya-package=rundev-2020 --stage-banner
[2022-07-06T14:54:51.525Z] Using Maya cut from /local/S/jenkins/workspace/shared/Artifactory/OSX/rundev-2020/202107140359/runtime/446214e
[2022-07-06T14:54:51.525Z] Using Maya ADSK Signatures from /local/S/jenkins/workspace/shared/Artifactory/OSX/adsk-plugin-signatures-maya/2023/c1dbfce
[2022-07-06T14:54:51.525Z] Using Maya Security Library from /local/S/jenkins/workspace/shared/Artifactory/OSX/maya-security-library/3.1.0/5f2130f
[2022-07-06T14:54:51.525Z] 
[2022-07-06T14:54:51.525Z] ================================================================================
[2022-07-06T14:54:51.525Z]                              clean (RelWithDebInfo)
[2022-07-06T14:54:51.525Z] ================================================================================
[2022-07-06T14:54:51.525Z] Maya Python RelWithDebInfo Info:
[2022-07-06T14:54:51.525Z]   mayapy executable   = /local/S/jenkins/workspace/shared/Artifactory/OSX/rundev-2020/202107140359/runtime/446214e/runTime/Maya.app/Contents/bin/mayapy
[2022-07-06T14:54:51.525Z]   Include Folder      = /local/S/jenkins/workspace/shared/Artifactory/OSX/rundev-2020/202107140359/runtime/446214e/runTime/Maya.app/Contents/Frameworks/Python.framework/Versions/Current/include/python2.7
[2022-07-06T14:54:51.525Z]   Library             = /local/S/jenkins/workspace/shared/Artifactory/OSX/rundev-2020/202107140359/runtime/446214e/runTime/Maya.app/Contents/Frameworks/Python.framework/Versions/Current/lib/libpython2.7.dylib
[2022-07-06T14:54:51.525Z]   site-package Folder = /local/S/jenkins/workspace/shared/Artifactory/OSX/rundev-2020/202107140359/runtime/446214e/runTime/Maya.app/Contents/Frameworks/Python.framework/Versions/Current/lib/python2.7/site-packages
[2022-07-06T14:54:52.369Z] In workdir: /local/S/jenkins/workspace/ECP/ecg-maya-usd/ecg-mayausd-branch-preflight-2020-osx/ecg-maya-usd/maya-usd
[2022-07-06T14:54:52.369Z] Executing: /local/S/jenkins/workspace/shared/Artifactory/OSX/rundev-2020/202107140359/runtime/446214e/runTime/Maya.app/Contents/bin/mayapy /local/S/jenkins/workspace/ECP/ecg-maya-usd/ecg-mayausd-branch-preflight-2020-osx/ecg-maya-usd/maya-usd/build.py --generator Ninja --build-relwithdebug --maya-location /local/S/jenkins/workspace/shared/Artifactory/OSX/rundev-2020/202107140359/runtime/446214e/runTime --devkit-location /local/S/jenkins/workspace/shared/Artifactory/OSX/rundev-2020/202107140359/runtime/446214e/devkitBase --pxrusd-location /local/S/jenkins/workspace/shared/Artifactory/OSX/USD/73ca68d --qt-location /local/S/jenkins/workspace/shared/Artifactory/OSX/qt/5.12.5/3ca78fe --build-args=-DCMAKE_MAKE_PROGRAM=/local/S/jenkins/workspace/shared/Artifactory/OSX/ninja/1.9.0/41005eb/ninja,-DPYTHON_INCLUDE_DIR=/local/S/jenkins/workspace/shared/Artifactory/OSX/rundev-2020/202107140359/runtime/446214e/runTime/Maya.app/Contents/Frameworks/Python.framework/Versions/Current/include/python2.7,-DPython_EXECUTABLE=/local/S/jenkins/workspace/shared/Artifactory/OSX/rundev-2020/202107140359/runtime/446214e/runTime/Maya.app/Contents/bin/mayapy,-DPYTHON_LIBRARIES=/local/S/jenkins/workspace/shared/Artifactory/OSX/rundev-2020/202107140359/runtime/446214e/runTime/Maya.app/Contents/Frameworks/Python.framework/Versions/Current/lib/libpython2.7.dylib,-DUSD_LIB_PREFIX=lib,-DCMAKE_WANT_MATERIALX_BUILD=ON,-DCMAKE_PREFIX_PATH=/local/S/jenkins/workspace/shared/Artifactory/OSX/USD/73ca68d '--ctest-args=-E testUsdReferenceAssemblySelection|testUsdMayaAppDir,-LE interactive,--parallel 4' --stages=clean --redirect-outstream-file=False --install-location /local/S/jenkins/workspace/ECP/ecg-maya-usd/ecg-mayausd-branch-preflight-2020-osx/install/RelWithDebInfo/MayaUSD /local/S/jenkins/workspace/ECP/ecg-maya-usd/ecg-mayausd-branch-preflight-2020-osx
[2022-07-06T14:54:52.369Z] Modified environment variables:
[2022-07-06T14:54:52.369Z]     PATH=/local/S/jenkins/workspace/shared/Artifactory/OSX/cmake/3.20.3/2594509/bin:/usr/local/bin:/bin:/usr/sbin:/sbin:/usr/bin
[2022-07-06T14:54:52.369Z]     
[2022-07-06T14:54:52.369Z]         Building with settings:
[2022-07-06T14:54:52.369Z]           Source directory          /local/S/jenkins/workspace/ECP/ecg-maya-usd/ecg-mayausd-branch-preflight-2020-osx/ecg-maya-usd/maya-usd
[2022-07-06T14:54:52.369Z]           Workspace directory       /local/S/jenkins/workspace/ECP/ecg-maya-usd/ecg-mayausd-branch-preflight-2020-osx
[2022-07-06T14:54:52.369Z]           Build directory           /local/S/jenkins/workspace/ECP/ecg-maya-usd/ecg-mayausd-branch-preflight-2020-osx/build/RelWithDebInfo
[2022-07-06T14:54:52.369Z]           Install directory         /local/S/jenkins/workspace/ECP/ecg-maya-usd/ecg-mayausd-branch-preflight-2020-osx/install/RelWithDebInfo/MayaUSD
[2022-07-06T14:54:52.369Z]           Variant                   RelWithDebInfo
[2022-07-06T14:54:52.369Z]           Python Debug              Off
[2022-07-06T14:54:52.369Z]           CMake generator           Ninja
[2022-07-06T14:54:52.369Z]           Build arguments           ['-DCMAKE_MAKE_PROGRAM=/local/S/jenkins/workspace/shared/Artifactory/OSX/ninja/1.9.0/41005eb/ninja', '-DPYTHON_INCLUDE_DIR=/local/S/jenkins/workspace/shared/Artifactory/OSX/rundev-2020/202107140359/runtime/446214e/runTime/Maya.app/Contents/Frameworks/Python.framework/Versions/Current/include/python2.7', '-DPython_EXECUTABLE=/local/S/jenkins/workspace/shared/Artifactory/OSX/rundev-2020/202107140359/runtime/446214e/runTime/Maya.app/Contents/bin/mayapy', '-DPYTHON_LIBRARIES=/local/S/jenkins/workspace/shared/Artifactory/OSX/rundev-2020/202107140359/runtime/446214e/runTime/Maya.app/Contents/Frameworks/Python.framework/Versions/Current/lib/libpython2.7.dylib', '-DUSD_LIB_PREFIX=lib', '-DCMAKE_WANT_MATERIALX_BUILD=ON', '-DCMAKE_PREFIX_PATH=/local/S/jenkins/workspace/shared/Artifactory/OSX/USD/73ca68d']
[2022-07-06T14:54:52.369Z]           Stages arguments          ['clean']
[2022-07-06T14:54:52.369Z]           CTest arguments           ['-E testUsdReferenceAssemblySelection|testUsdMayaAppDir', '-LE interactive', '--parallel 4']
[2022-07-06T14:54:52.369Z]     Success MayaUSD build and install !!!!
[2022-07-06T14:54:52.369Z]     Elapsed time: 00:00:00
[Pipeline] }
[Pipeline] // withEnv
[Pipeline] }
[Pipeline] // timeout
[Pipeline] }
[Pipeline] // stage
[Pipeline] }
[Pipeline] // timestamps
[Pipeline] timestamps
[Pipeline] {
[Pipeline] stage
[Pipeline] { (Configure)
[Pipeline] timeout
[2022-07-06T14:54:53.153Z] Timeout set to expire in 6 hr 0 min
[Pipeline] {
[Pipeline] withEnv
[Pipeline] {
[Pipeline] sh
[2022-07-06T14:54:55.192Z] + python ecg-maya-usd/build.py --stages=configure --workspace-dir=/local/S/jenkins/workspace/ECP/ecg-maya-usd/ecg-mayausd-branch-preflight-2020-osx --artifactory-dir=/local/S/jenkins/workspace/shared/Artifactory --build-dir=/local/S/jenkins/workspace/ECP/ecg-maya-usd/ecg-mayausd-branch-preflight-2020-osx/build --install-dir=/local/S/jenkins/workspace/ECP/ecg-maya-usd/ecg-mayausd-branch-preflight-2020-osx/install --signing-dir=/local/S/jenkins/workspace/ECP/ecg-maya-usd/ecg-mayausd-branch-preflight-2020-osx/signing --package-dir=/local/S/jenkins/workspace/ECP/ecg-maya-usd/ecg-mayausd-branch-preflight-2020-osx/package --output-dir=/local/S/jenkins/workspace/ECP/ecg-maya-usd/ecg-mayausd-branch-preflight-2020-osx/output --stash-dir=/local/S/jenkins/workspace/ECP/ecg-maya-usd/ecg-mayausd-branch-preflight-2020-osx/stash --jenkins-build=89 --git-commit=b577ea38c151f22936ef5651ef0db1e86697feec --git-branch=master --variants=RelWithDebInfo --python=2.7 --post-zips=false --maya-cut-config=maya-rundev-2020.yaml --maya-package=rundev-2020 --stage-banner
[2022-07-06T14:54:55.192Z] Using Maya cut from /local/S/jenkins/workspace/shared/Artifactory/OSX/rundev-2020/202107140359/runtime/446214e
[2022-07-06T14:54:55.192Z] Using Maya ADSK Signatures from /local/S/jenkins/workspace/shared/Artifactory/OSX/adsk-plugin-signatures-maya/2023/c1dbfce
[2022-07-06T14:54:55.192Z] Using Maya Security Library from /local/S/jenkins/workspace/shared/Artifactory/OSX/maya-security-library/3.1.0/5f2130f
[2022-07-06T14:54:55.192Z] 
[2022-07-06T14:54:55.192Z] ================================================================================
[2022-07-06T14:54:55.192Z]                            configure (RelWithDebInfo)
[2022-07-06T14:54:55.192Z] ================================================================================
[2022-07-06T14:54:55.192Z] Maya Python RelWithDebInfo Info:
[2022-07-06T14:54:55.192Z]   mayapy executable   = /local/S/jenkins/workspace/shared/Artifactory/OSX/rundev-2020/202107140359/runtime/446214e/runTime/Maya.app/Contents/bin/mayapy
[2022-07-06T14:54:55.192Z]   Include Folder      = /local/S/jenkins/workspace/shared/Artifactory/OSX/rundev-2020/202107140359/runtime/446214e/runTime/Maya.app/Contents/Frameworks/Python.framework/Versions/Current/include/python2.7
[2022-07-06T14:54:55.192Z]   Library             = /local/S/jenkins/workspace/shared/Artifactory/OSX/rundev-2020/202107140359/runtime/446214e/runTime/Maya.app/Contents/Frameworks/Python.framework/Versions/Current/lib/libpython2.7.dylib
[2022-07-06T14:54:55.192Z]   site-package Folder = /local/S/jenkins/workspace/shared/Artifactory/OSX/rundev-2020/202107140359/runtime/446214e/runTime/Maya.app/Contents/Frameworks/Python.framework/Versions/Current/lib/python2.7/site-packages
[2022-07-06T14:54:55.915Z] In workdir: /local/S/jenkins/workspace/ECP/ecg-maya-usd/ecg-mayausd-branch-preflight-2020-osx/ecg-maya-usd/maya-usd
[2022-07-06T14:54:55.915Z] Executing: /local/S/jenkins/workspace/shared/Artifactory/OSX/rundev-2020/202107140359/runtime/446214e/runTime/Maya.app/Contents/bin/mayapy /local/S/jenkins/workspace/ECP/ecg-maya-usd/ecg-mayausd-branch-preflight-2020-osx/ecg-maya-usd/maya-usd/build.py --generator Ninja --build-relwithdebug --maya-location /local/S/jenkins/workspace/shared/Artifactory/OSX/rundev-2020/202107140359/runtime/446214e/runTime --devkit-location /local/S/jenkins/workspace/shared/Artifactory/OSX/rundev-2020/202107140359/runtime/446214e/devkitBase --pxrusd-location /local/S/jenkins/workspace/shared/Artifactory/OSX/USD/73ca68d --qt-location /local/S/jenkins/workspace/shared/Artifactory/OSX/qt/5.12.5/3ca78fe --build-args=-DCMAKE_MAKE_PROGRAM=/local/S/jenkins/workspace/shared/Artifactory/OSX/ninja/1.9.0/41005eb/ninja,-DPYTHON_INCLUDE_DIR=/local/S/jenkins/workspace/shared/Artifactory/OSX/rundev-2020/202107140359/runtime/446214e/runTime/Maya.app/Contents/Frameworks/Python.framework/Versions/Current/include/python2.7,-DPython_EXECUTABLE=/local/S/jenkins/workspace/shared/Artifactory/OSX/rundev-2020/202107140359/runtime/446214e/runTime/Maya.app/Contents/bin/mayapy,-DPYTHON_LIBRARIES=/local/S/jenkins/workspace/shared/Artifactory/OSX/rundev-2020/202107140359/runtime/446214e/runTime/Maya.app/Contents/Frameworks/Python.framework/Versions/Current/lib/libpython2.7.dylib,-DUSD_LIB_PREFIX=lib,-DCMAKE_WANT_MATERIALX_BUILD=ON,-DCMAKE_PREFIX_PATH=/local/S/jenkins/workspace/shared/Artifactory/OSX/USD/73ca68d '--ctest-args=-E testUsdReferenceAssemblySelection|testUsdMayaAppDir,-LE interactive,--parallel 4' --stages=configure --redirect-outstream-file=False --install-location /local/S/jenkins/workspace/ECP/ecg-maya-usd/ecg-mayausd-branch-preflight-2020-osx/install/RelWithDebInfo/MayaUSD /local/S/jenkins/workspace/ECP/ecg-maya-usd/ecg-mayausd-branch-preflight-2020-osx
[2022-07-06T14:54:55.915Z] Modified environment variables:
[2022-07-06T14:54:55.915Z]     PATH=/local/S/jenkins/workspace/shared/Artifactory/OSX/cmake/3.20.3/2594509/bin:/usr/local/bin:/bin:/usr/sbin:/sbin:/usr/bin
[2022-07-06T14:54:55.915Z]     -- The C compiler identification is AppleClang 10.0.1.10010046
[2022-07-06T14:54:56.628Z]     -- The CXX compiler identification is AppleClang 10.0.1.10010046
[2022-07-06T14:54:56.628Z]     -- Detecting C compiler ABI info
[2022-07-06T14:54:56.628Z]     -- Detecting C compiler ABI info - done
[2022-07-06T14:54:56.628Z]     -- Check for working C compiler: /Applications/Xcode.app/Contents/Developer/Toolchains/XcodeDefault.xctoolchain/usr/bin/cc - skipped
[2022-07-06T14:54:56.628Z]     -- Detecting C compile features
[2022-07-06T14:54:56.628Z]     -- Detecting C compile features - done
[2022-07-06T14:54:56.628Z]     -- Detecting CXX compiler ABI info
[2022-07-06T14:54:56.628Z]     -- Detecting CXX compiler ABI info - done
[2022-07-06T14:54:56.628Z]     -- Check for working CXX compiler: /Applications/Xcode.app/Contents/Developer/Toolchains/XcodeDefault.xctoolchain/usr/bin/c++ - skipped
[2022-07-06T14:54:56.628Z]     -- Detecting CXX compile features
[2022-07-06T14:54:56.628Z]     -- Detecting CXX compile features - done
[2022-07-06T14:54:56.628Z]     -- Using Maya Light API Version 1
[2022-07-06T14:54:56.628Z]     -- Maya array iterator has difference_type trait
[2022-07-06T14:54:56.628Z]     -- Found Maya: /local/S/jenkins/workspace/shared/Artifactory/OSX/rundev-2020/202107140359/runtime/446214e/runTime/maya.app/Contents/MacOS/Maya (found suitable version "2020", minimum required is "2018")
[2022-07-06T14:54:57.342Z]     -- Found Python: /local/S/jenkins/workspace/shared/Artifactory/OSX/rundev-2020/202107140359/runtime/446214e/runTime/Maya.app/Contents/bin/mayapy (found suitable exact version "2.7.15") found components: Interpreter
[2022-07-06T14:54:57.342Z]     -- Build MayaUSD with Python3 = OFF
[2022-07-06T14:54:57.342Z]     --    PYTHON_INCLUDE_DIRS = /local/S/jenkins/workspace/shared/Artifactory/OSX/rundev-2020/202107140359/runtime/446214e/runTime/Maya.app/Contents/Frameworks/Python.framework/Versions/Current/include/python2.7
[2022-07-06T14:54:57.342Z]     --    PYTHON_LIBRARIES    = /local/S/jenkins/workspace/shared/Artifactory/OSX/rundev-2020/202107140359/runtime/446214e/runTime/Maya.app/Contents/Frameworks/Python.framework/Versions/Current/lib/libpython2.7.dylib
[2022-07-06T14:54:57.342Z]     --    Python_EXECUTABLE   = /local/S/jenkins/workspace/shared/Artifactory/OSX/rundev-2020/202107140359/runtime/446214e/runTime/Maya.app/Contents/bin/mayapy
[2022-07-06T14:54:57.342Z]     -- USD include dir: /local/S/jenkins/workspace/shared/Artifactory/OSX/USD/73ca68d/include
[2022-07-06T14:54:57.342Z]     -- USD library dir: /local/S/jenkins/workspace/shared/Artifactory/OSX/USD/73ca68d/lib
[2022-07-06T14:54:57.342Z]     -- USD version: 0.21.11
[2022-07-06T14:54:57.342Z]     -- Found USD: /local/S/jenkins/workspace/shared/Artifactory/OSX/USD/73ca68d (found suitable version "0.21.11", minimum required is "0.20.05")
[2022-07-06T14:54:57.342Z]     Updated PYTHONPATH: /local/S/jenkins/workspace/shared/Artifactory/OSX/USD/73ca68d/lib/python
[2022-07-06T14:54:57.342Z]     -- UFE include dir: /local/S/jenkins/workspace/shared/Artifactory/OSX/rundev-2020/202107140359/runtime/446214e/devkitBase/devkit/ufe/include
[2022-07-06T14:54:57.342Z]     -- UFE library: /local/S/jenkins/workspace/shared/Artifactory/OSX/rundev-2020/202107140359/runtime/446214e/devkitBase/devkit/ufe/lib/libufe_1.dylib
[2022-07-06T14:54:57.342Z]     -- UFE version: 1.0.0
[2022-07-06T14:54:57.342Z]     -- Building with UFE 1.0.0 features enabled.
[2022-07-06T14:54:57.342Z]     CMake Warning at CMakeLists.txt:154 (message):
[2022-07-06T14:54:57.342Z]       Disabling MaterialX VP2 rendering: it is not supported by this version of
[2022-07-06T14:54:57.342Z]       Maya.
[2022-07-06T14:54:57.342Z]     
[2022-07-06T14:54:57.342Z]     
[2022-07-06T14:54:57.342Z]     -- Found MaterialX
[2022-07-06T14:54:57.342Z]     -- Building with Qt features enabled.
[2022-07-06T14:54:57.342Z]     -- **** Building Gulrak From Github Repository.
[2022-07-06T14:54:57.342Z]     -- Populating gulrak
[2022-07-06T14:54:58.057Z]     -- Configuring done
[2022-07-06T14:54:58.057Z]     -- Generating done
[2022-07-06T14:54:58.057Z]     -- Build files have been written to: /local/S/jenkins/workspace/ECP/ecg-maya-usd/ecg-mayausd-branch-preflight-2020-osx/build/RelWithDebInfo/_deps/gulrak-subbuild
[2022-07-06T14:54:58.057Z]     [1/9] Creating directories for 'gulrak-populate'
[2022-07-06T14:54:58.057Z]     [1/9] Performing download step (git clone) for 'gulrak-populate'
[2022-07-06T14:54:58.057Z]     Cloning into 'gulrak-src'...
[2022-07-06T14:54:58.057Z]     HEAD is now at 4e21ab3 Version bump and updated readme.
[2022-07-06T14:54:58.766Z]     [2/9] Performing update step for 'gulrak-populate'
[2022-07-06T14:54:58.766Z]     [4/9] No patch step for 'gulrak-populate'
[2022-07-06T14:54:58.766Z]     [5/9] No configure step for 'gulrak-populate'
[2022-07-06T14:54:58.766Z]     [6/9] No build step for 'gulrak-populate'
[2022-07-06T14:54:58.766Z]     [7/9] No install step for 'gulrak-populate'
[2022-07-06T14:54:58.766Z]     [8/9] No test step for 'gulrak-populate'
[2022-07-06T14:54:58.766Z]     [9/9] Completed 'gulrak-populate'
[2022-07-06T14:54:58.766Z]     -- ========== Installing GoogleTest... ==========
[2022-07-06T14:54:58.766Z]     -- Configuring done
[2022-07-06T14:54:58.766Z]     -- Generating done
[2022-07-06T14:54:58.766Z]     -- Build files have been written to: /local/S/jenkins/workspace/ECP/ecg-maya-usd/ecg-mayausd-branch-preflight-2020-osx/build/RelWithDebInfo/googletest-config
[2022-07-06T14:54:58.766Z]     [1/8] Creating directories for 'googletest'
[2022-07-06T14:55:00.342Z]     [2/8] Performing download step (git clone) for 'googletest'
[2022-07-06T14:55:00.342Z]     Cloning into 'googletest-src'...
[2022-07-06T14:55:00.342Z]     HEAD is now at 703bd9ca Googletest export
[2022-07-06T14:55:00.342Z]     [3/8] Performing update step for 'googletest'
[2022-07-06T14:55:00.342Z]     [4/8] No patch step for 'googletest'
[2022-07-06T14:55:01.062Z]     [5/8] Performing configure step for 'googletest'
[2022-07-06T14:55:01.062Z]     CMake Deprecation Warning at CMakeLists.txt:4 (cmake_minimum_required):
[2022-07-06T14:55:01.062Z]       Compatibility with CMake < 2.8.12 will be removed from a future version of
[2022-07-06T14:55:01.062Z]       CMake.
[2022-07-06T14:55:01.062Z]     
[2022-07-06T14:55:01.062Z]       Update the VERSION argument <min> value or use a ...<max> suffix to tell
[2022-07-06T14:55:01.062Z]       CMake that the project does not need compatibility with older versions.
[2022-07-06T14:55:01.062Z]     
[2022-07-06T14:55:01.062Z]     
[2022-07-06T14:55:01.062Z]     -- The C compiler identification is AppleClang 10.0.1.10010046
[2022-07-06T14:55:01.062Z]     -- The CXX compiler identification is AppleClang 10.0.1.10010046
[2022-07-06T14:55:01.062Z]     -- Detecting C compiler ABI info
[2022-07-06T14:55:01.062Z]     -- Detecting C compiler ABI info - done
[2022-07-06T14:55:01.062Z]     -- Check for working C compiler: /Applications/Xcode.app/Contents/Developer/Toolchains/XcodeDefault.xctoolchain/usr/bin/cc - skipped
[2022-07-06T14:55:01.062Z]     -- Detecting C compile features
[2022-07-06T14:55:01.062Z]     -- Detecting C compile features - done
[2022-07-06T14:55:01.062Z]     -- Detecting CXX compiler ABI info
[2022-07-06T14:55:01.062Z]     -- Detecting CXX compiler ABI info - done
[2022-07-06T14:55:01.062Z]     -- Check for working CXX compiler: /Applications/Xcode.app/Contents/Developer/Toolchains/XcodeDefault.xctoolchain/usr/bin/c++ - skipped
[2022-07-06T14:55:01.062Z]     -- Detecting CXX compile features
[2022-07-06T14:55:01.062Z]     -- Detecting CXX compile features - done
[2022-07-06T14:55:01.062Z]     CMake Deprecation Warning at googletest/CMakeLists.txt:56 (cmake_minimum_required):
[2022-07-06T14:55:01.062Z]       Compatibility with CMake < 2.8.12 will be removed from a future version of
[2022-07-06T14:55:01.062Z]       CMake.
[2022-07-06T14:55:01.062Z]     
[2022-07-06T14:55:01.062Z]       Update the VERSION argument <min> value or use a ...<max> suffix to tell
[2022-07-06T14:55:01.062Z]       CMake that the project does not need compatibility with older versions.
[2022-07-06T14:55:01.062Z]     
[2022-07-06T14:55:01.062Z]     
[2022-07-06T14:55:01.062Z]     -- Found PythonInterp: /usr/local/bin/python (found version "2.7.15")
[2022-07-06T14:55:01.062Z]     -- Looking for pthread.h
[2022-07-06T14:55:01.062Z]     -- Looking for pthread.h - found
[2022-07-06T14:55:01.062Z]     -- Performing Test CMAKE_HAVE_LIBC_PTHREAD
[2022-07-06T14:55:01.062Z]     -- Performing Test CMAKE_HAVE_LIBC_PTHREAD - Success
[2022-07-06T14:55:01.062Z]     -- Found Threads: TRUE
[2022-07-06T14:55:01.062Z]     -- Configuring done
[2022-07-06T14:55:01.062Z]     -- Generating done
[2022-07-06T14:55:01.062Z]     -- Build files have been written to: /local/S/jenkins/workspace/ECP/ecg-maya-usd/ecg-mayausd-branch-preflight-2020-osx/build/RelWithDebInfo/googletest-build
[2022-07-06T14:55:07.768Z]     [6/8] Performing build step for 'googletest'
[2022-07-06T14:55:07.768Z]     [1/4] Building CXX object googletest/CMakeFiles/gtest_main.dir/src/gtest_main.cc.o
[2022-07-06T14:55:07.768Z]     [2/4] Building CXX object googletest/CMakeFiles/gtest.dir/src/gtest-all.cc.o
[2022-07-06T14:55:07.768Z]     [3/4] Linking CXX shared library lib/libgtest.dylib
[2022-07-06T14:55:07.768Z]     [4/4] Linking CXX shared library lib/libgtest_main.dylib
[2022-07-06T14:55:07.768Z]     [7/8] Performing install step for 'googletest'
[2022-07-06T14:55:07.768Z]     [0/1] Install the project...
[2022-07-06T14:55:07.768Z]     -- Install configuration: "RelWithDebInfo"
[2022-07-06T14:55:07.768Z]     -- Installing: /local/S/jenkins/workspace/ECP/ecg-maya-usd/ecg-mayausd-branch-preflight-2020-osx/build/RelWithDebInfo/googletest-install/lib/cmake/GTest/GTestTargets.cmake
[2022-07-06T14:55:07.768Z]     -- Installing: /local/S/jenkins/workspace/ECP/ecg-maya-usd/ecg-mayausd-branch-preflight-2020-osx/build/RelWithDebInfo/googletest-install/lib/cmake/GTest/GTestTargets-relwithdebinfo.cmake
[2022-07-06T14:55:07.768Z]     -- Installing: /local/S/jenkins/workspace/ECP/ecg-maya-usd/ecg-mayausd-branch-preflight-2020-osx/build/RelWithDebInfo/googletest-install/lib/cmake/GTest/GTestConfigVersion.cmake
[2022-07-06T14:55:07.768Z]     -- Installing: /local/S/jenkins/workspace/ECP/ecg-maya-usd/ecg-mayausd-branch-preflight-2020-osx/build/RelWithDebInfo/googletest-install/lib/cmake/GTest/GTestConfig.cmake
[2022-07-06T14:55:07.768Z]     -- Installing: /local/S/jenkins/workspace/ECP/ecg-maya-usd/ecg-mayausd-branch-preflight-2020-osx/build/RelWithDebInfo/googletest-install/include
[2022-07-06T14:55:07.768Z]     -- Installing: /local/S/jenkins/workspace/ECP/ecg-maya-usd/ecg-mayausd-branch-preflight-2020-osx/build/RelWithDebInfo/googletest-install/include/gtest
[2022-07-06T14:55:07.768Z]     -- Installing: /local/S/jenkins/workspace/ECP/ecg-maya-usd/ecg-mayausd-branch-preflight-2020-osx/build/RelWithDebInfo/googletest-install/include/gtest/gtest-death-test.h
[2022-07-06T14:55:07.768Z]     -- Installing: /local/S/jenkins/workspace/ECP/ecg-maya-usd/ecg-mayausd-branch-preflight-2020-osx/build/RelWithDebInfo/googletest-install/include/gtest/gtest-matchers.h
[2022-07-06T14:55:07.768Z]     -- Installing: /local/S/jenkins/workspace/ECP/ecg-maya-usd/ecg-mayausd-branch-preflight-2020-osx/build/RelWithDebInfo/googletest-install/include/gtest/gtest-message.h
[2022-07-06T14:55:07.768Z]     -- Installing: /local/S/jenkins/workspace/ECP/ecg-maya-usd/ecg-mayausd-branch-preflight-2020-osx/build/RelWithDebInfo/googletest-install/include/gtest/gtest-param-test.h
[2022-07-06T14:55:07.768Z]     -- Installing: /local/S/jenkins/workspace/ECP/ecg-maya-usd/ecg-mayausd-branch-preflight-2020-osx/build/RelWithDebInfo/googletest-install/include/gtest/gtest-printers.h
[2022-07-06T14:55:07.768Z]     -- Installing: /local/S/jenkins/workspace/ECP/ecg-maya-usd/ecg-mayausd-branch-preflight-2020-osx/build/RelWithDebInfo/googletest-install/include/gtest/gtest-spi.h
[2022-07-06T14:55:07.768Z]     -- Installing: /local/S/jenkins/workspace/ECP/ecg-maya-usd/ecg-mayausd-branch-preflight-2020-osx/build/RelWithDebInfo/googletest-install/include/gtest/gtest-test-part.h
[2022-07-06T14:55:07.768Z]     -- Installing: /local/S/jenkins/workspace/ECP/ecg-maya-usd/ecg-mayausd-branch-preflight-2020-osx/build/RelWithDebInfo/googletest-install/include/gtest/gtest-typed-test.h
[2022-07-06T14:55:07.768Z]     -- Installing: /local/S/jenkins/workspace/ECP/ecg-maya-usd/ecg-mayausd-branch-preflight-2020-osx/build/RelWithDebInfo/googletest-install/include/gtest/gtest.h
[2022-07-06T14:55:07.768Z]     -- Installing: /local/S/jenkins/workspace/ECP/ecg-maya-usd/ecg-mayausd-branch-preflight-2020-osx/build/RelWithDebInfo/googletest-install/include/gtest/gtest_pred_impl.h
[2022-07-06T14:55:07.768Z]     -- Installing: /local/S/jenkins/workspace/ECP/ecg-maya-usd/ecg-mayausd-branch-preflight-2020-osx/build/RelWithDebInfo/googletest-install/include/gtest/gtest_prod.h
[2022-07-06T14:55:07.768Z]     -- Installing: /local/S/jenkins/workspace/ECP/ecg-maya-usd/ecg-mayausd-branch-preflight-2020-osx/build/RelWithDebInfo/googletest-install/include/gtest/internal
[2022-07-06T14:55:07.768Z]     -- Installing: /local/S/jenkins/workspace/ECP/ecg-maya-usd/ecg-mayausd-branch-preflight-2020-osx/build/RelWithDebInfo/googletest-install/include/gtest/internal/custom
[2022-07-06T14:55:07.768Z]     -- Installing: /local/S/jenkins/workspace/ECP/ecg-maya-usd/ecg-mayausd-branch-preflight-2020-osx/build/RelWithDebInfo/googletest-install/include/gtest/internal/custom/gtest-port.h
[2022-07-06T14:55:07.768Z]     -- Installing: /local/S/jenkins/workspace/ECP/ecg-maya-usd/ecg-mayausd-branch-preflight-2020-osx/build/RelWithDebInfo/googletest-install/include/gtest/internal/custom/gtest-printers.h
[2022-07-06T14:55:07.768Z]     -- Installing: /local/S/jenkins/workspace/ECP/ecg-maya-usd/ecg-mayausd-branch-preflight-2020-osx/build/RelWithDebInfo/googletest-install/include/gtest/internal/custom/gtest.h
[2022-07-06T14:55:07.768Z]     -- Installing: /local/S/jenkins/workspace/ECP/ecg-maya-usd/ecg-mayausd-branch-preflight-2020-osx/build/RelWithDebInfo/googletest-install/include/gtest/internal/custom/README.md
[2022-07-06T14:55:07.769Z]     -- Installing: /local/S/jenkins/workspace/ECP/ecg-maya-usd/ecg-mayausd-branch-preflight-2020-osx/build/RelWithDebInfo/googletest-install/include/gtest/internal/gtest-death-test-internal.h
[2022-07-06T14:55:07.769Z]     -- Installing: /local/S/jenkins/workspace/ECP/ecg-maya-usd/ecg-mayausd-branch-preflight-2020-osx/build/RelWithDebInfo/googletest-install/include/gtest/internal/gtest-filepath.h
[2022-07-06T14:55:07.769Z]     -- Installing: /local/S/jenkins/workspace/ECP/ecg-maya-usd/ecg-mayausd-branch-preflight-2020-osx/build/RelWithDebInfo/googletest-install/include/gtest/internal/gtest-internal.h
[2022-07-06T14:55:07.769Z]     -- Installing: /local/S/jenkins/workspace/ECP/ecg-maya-usd/ecg-mayausd-branch-preflight-2020-osx/build/RelWithDebInfo/googletest-install/include/gtest/internal/gtest-param-util.h
[2022-07-06T14:55:07.769Z]     -- Installing: /local/S/jenkins/workspace/ECP/ecg-maya-usd/ecg-mayausd-branch-preflight-2020-osx/build/RelWithDebInfo/googletest-install/include/gtest/internal/gtest-port-arch.h
[2022-07-06T14:55:07.769Z]     -- Installing: /local/S/jenkins/workspace/ECP/ecg-maya-usd/ecg-mayausd-branch-preflight-2020-osx/build/RelWithDebInfo/googletest-install/include/gtest/internal/gtest-port.h
[2022-07-06T14:55:07.769Z]     -- Installing: /local/S/jenkins/workspace/ECP/ecg-maya-usd/ecg-mayausd-branch-preflight-2020-osx/build/RelWithDebInfo/googletest-install/include/gtest/internal/gtest-string.h
[2022-07-06T14:55:07.769Z]     -- Installing: /local/S/jenkins/workspace/ECP/ecg-maya-usd/ecg-mayausd-branch-preflight-2020-osx/build/RelWithDebInfo/googletest-install/include/gtest/internal/gtest-type-util.h
[2022-07-06T14:55:07.769Z]     -- Installing: /local/S/jenkins/workspace/ECP/ecg-maya-usd/ecg-mayausd-branch-preflight-2020-osx/build/RelWithDebInfo/googletest-install/include/gtest/internal/gtest-type-util.h.pump
[2022-07-06T14:55:07.769Z]     -- Installing: /local/S/jenkins/workspace/ECP/ecg-maya-usd/ecg-mayausd-branch-preflight-2020-osx/build/RelWithDebInfo/googletest-install/lib/libgtest.dylib
[2022-07-06T14:55:07.769Z]     -- Installing: /local/S/jenkins/workspace/ECP/ecg-maya-usd/ecg-mayausd-branch-preflight-2020-osx/build/RelWithDebInfo/googletest-install/lib/libgtest_main.dylib
[2022-07-06T14:55:07.769Z]     -- Installing: /local/S/jenkins/workspace/ECP/ecg-maya-usd/ecg-mayausd-branch-preflight-2020-osx/build/RelWithDebInfo/googletest-install/lib/pkgconfig/gtest.pc
[2022-07-06T14:55:07.769Z]     -- Installing: /local/S/jenkins/workspace/ECP/ecg-maya-usd/ecg-mayausd-branch-preflight-2020-osx/build/RelWithDebInfo/googletest-install/lib/pkgconfig/gtest_main.pc
[2022-07-06T14:55:07.769Z]     [8/8] Completed 'googletest'
[2022-07-06T14:55:07.769Z]     -- ========== ...  GoogleTest installed. ==========
[2022-07-06T14:55:07.769Z]     -- MAYA_HAS_DEFAULT_MATERIAL_API is FALSE
[2022-07-06T14:55:07.769Z]     -- MAYA_NEW_POINT_SNAPPING_SUPPORT is FALSE
[2022-07-06T14:55:07.769Z]     -- MAYA_HAS_CRASH_DETECTION is FALSE
[2022-07-06T14:55:07.769Z]     -- MAYA_CURRENT_UFE_CAMERA_SUPPORT is FALSE
[2022-07-06T14:55:07.769Z]     -- MAYA_MRENDERITEM_UFE_IDENTIFIER_SUPPORT is FALSE
[2022-07-06T14:55:07.769Z]     -- MAYA_UPDATE_UFE_IDENTIFIER_SUPPORT is FALSE
[2022-07-06T14:55:07.769Z]     -- MAYA_HAS_DISPLAY_STYLE_ALL_VIEWPORTS is FALSE
[2022-07-06T14:55:07.769Z]     -- MAYA_ARRAY_ITERATOR_DIFFERENCE_TYPE_SUPPORT is TRUE
[2022-07-06T14:55:07.769Z]     -- MAYA_HAS_GET_MEMBER_PATHS is FALSE
[2022-07-06T14:55:07.769Z]     -- USD_HAS_COLOR4_SDR_SUPPORT is FALSE
[2022-07-06T14:55:07.769Z]     -- MAYA_HAS_DISPLAY_LAYER_API is FALSE
[2022-07-06T14:55:07.769Z]     -- promoting: /local/S/jenkins/workspace/ECP/ecg-maya-usd/ecg-mayausd-branch-preflight-2020-osx/ecg-maya-usd/maya-usd/lib/mayaUsd/base/mayaUsd.h.src
[2022-07-06T14:55:07.769Z]     -- promoting: /local/S/jenkins/workspace/ECP/ecg-maya-usd/ecg-mayausd-branch-preflight-2020-osx/ecg-maya-usd/maya-usd/lib/mayaUsd/base/api.h
[2022-07-06T14:55:07.769Z]     -- promoting: /local/S/jenkins/workspace/ECP/ecg-maya-usd/ecg-mayausd-branch-preflight-2020-osx/ecg-maya-usd/maya-usd/lib/mayaUsd/base/debugCodes.h
[2022-07-06T14:55:07.769Z]     -- promoting: /local/S/jenkins/workspace/ECP/ecg-maya-usd/ecg-mayausd-branch-preflight-2020-osx/ecg-maya-usd/maya-usd/lib/mayaUsd/base/id.h
[2022-07-06T14:55:07.769Z]     -- promoting: /local/S/jenkins/workspace/ECP/ecg-maya-usd/ecg-mayausd-branch-preflight-2020-osx/ecg-maya-usd/maya-usd/lib/mayaUsd/base/syncId.h
[2022-07-06T14:55:07.769Z]     -- promoting: /local/S/jenkins/workspace/ECP/ecg-maya-usd/ecg-mayausd-branch-preflight-2020-osx/ecg-maya-usd/maya-usd/lib/mayaUsd/base/tokens.h
[2022-07-06T14:55:07.769Z]     -- promoting: /local/S/jenkins/workspace/ECP/ecg-maya-usd/ecg-mayausd-branch-preflight-2020-osx/ecg-maya-usd/maya-usd/lib/mayaUsd/commands/abstractLayerEditorWindow.h
[2022-07-06T14:55:07.769Z]     -- promoting: /local/S/jenkins/workspace/ECP/ecg-maya-usd/ecg-mayausd-branch-preflight-2020-osx/ecg-maya-usd/maya-usd/lib/mayaUsd/commands/baseExportCommand.h
[2022-07-06T14:55:07.769Z]     -- promoting: /local/S/jenkins/workspace/ECP/ecg-maya-usd/ecg-mayausd-branch-preflight-2020-osx/ecg-maya-usd/maya-usd/lib/mayaUsd/commands/baseImportCommand.h
[2022-07-06T14:55:07.769Z]     -- promoting: /local/S/jenkins/workspace/ECP/ecg-maya-usd/ecg-mayausd-branch-preflight-2020-osx/ecg-maya-usd/maya-usd/lib/mayaUsd/commands/baseListJobContextsCommand.h
[2022-07-06T14:55:07.769Z]     -- promoting: /local/S/jenkins/workspace/ECP/ecg-maya-usd/ecg-mayausd-branch-preflight-2020-osx/ecg-maya-usd/maya-usd/lib/mayaUsd/commands/baseListShadingModesCommand.h
[2022-07-06T14:55:07.769Z]     -- promoting: /local/S/jenkins/workspace/ECP/ecg-maya-usd/ecg-mayausd-branch-preflight-2020-osx/ecg-maya-usd/maya-usd/lib/mayaUsd/commands/editTargetCommand.h
[2022-07-06T14:55:07.769Z]     -- promoting: /local/S/jenkins/workspace/ECP/ecg-maya-usd/ecg-mayausd-branch-preflight-2020-osx/ecg-maya-usd/maya-usd/lib/mayaUsd/commands/layerEditorCommand.h
[2022-07-06T14:55:07.769Z]     -- promoting: /local/S/jenkins/workspace/ECP/ecg-maya-usd/ecg-mayausd-branch-preflight-2020-osx/ecg-maya-usd/maya-usd/lib/mayaUsd/commands/layerEditorWindowCommand.h
[2022-07-06T14:55:07.769Z]     -- promoting: /local/S/jenkins/workspace/ECP/ecg-maya-usd/ecg-mayausd-branch-preflight-2020-osx/ecg-maya-usd/maya-usd/lib/mayaUsd/fileio/fallbackPrimReader.h
[2022-07-06T14:55:07.769Z]     -- promoting: /local/S/jenkins/workspace/ECP/ecg-maya-usd/ecg-mayausd-branch-preflight-2020-osx/ecg-maya-usd/maya-usd/lib/mayaUsd/fileio/functorPrimReader.h
[2022-07-06T14:55:07.769Z]     -- promoting: /local/S/jenkins/workspace/ECP/ecg-maya-usd/ecg-mayausd-branch-preflight-2020-osx/ecg-maya-usd/maya-usd/lib/mayaUsd/fileio/functorPrimWriter.h
[2022-07-06T14:55:07.769Z]     -- promoting: /local/S/jenkins/workspace/ECP/ecg-maya-usd/ecg-mayausd-branch-preflight-2020-osx/ecg-maya-usd/maya-usd/lib/mayaUsd/fileio/importData.h
[2022-07-06T14:55:07.769Z]     -- promoting: /local/S/jenkins/workspace/ECP/ecg-maya-usd/ecg-mayausd-branch-preflight-2020-osx/ecg-maya-usd/maya-usd/lib/mayaUsd/fileio/instancedNodeWriter.h
[2022-07-06T14:55:07.769Z]     -- promoting: /local/S/jenkins/workspace/ECP/ecg-maya-usd/ecg-mayausd-branch-preflight-2020-osx/ecg-maya-usd/maya-usd/lib/mayaUsd/fileio/jobContextRegistry.h
[2022-07-06T14:55:07.769Z]     -- promoting: /local/S/jenkins/workspace/ECP/ecg-maya-usd/ecg-mayausd-branch-preflight-2020-osx/ecg-maya-usd/maya-usd/lib/mayaUsd/fileio/primReader.h
[2022-07-06T14:55:07.769Z]     -- promoting: /local/S/jenkins/workspace/ECP/ecg-maya-usd/ecg-mayausd-branch-preflight-2020-osx/ecg-maya-usd/maya-usd/lib/mayaUsd/fileio/primReaderArgs.h
[2022-07-06T14:55:07.769Z]     -- promoting: /local/S/jenkins/workspace/ECP/ecg-maya-usd/ecg-mayausd-branch-preflight-2020-osx/ecg-maya-usd/maya-usd/lib/mayaUsd/fileio/primReaderContext.h
[2022-07-06T14:55:07.769Z]     -- promoting: /local/S/jenkins/workspace/ECP/ecg-maya-usd/ecg-mayausd-branch-preflight-2020-osx/ecg-maya-usd/maya-usd/lib/mayaUsd/fileio/primReaderRegistry.h
[2022-07-06T14:55:07.769Z]     -- promoting: /local/S/jenkins/workspace/ECP/ecg-maya-usd/ecg-mayausd-branch-preflight-2020-osx/ecg-maya-usd/maya-usd/lib/mayaUsd/fileio/primWriter.h
[2022-07-06T14:55:07.769Z]     -- promoting: /local/S/jenkins/workspace/ECP/ecg-maya-usd/ecg-mayausd-branch-preflight-2020-osx/ecg-maya-usd/maya-usd/lib/mayaUsd/fileio/primWriterArgs.h
[2022-07-06T14:55:07.769Z]     -- promoting: /local/S/jenkins/workspace/ECP/ecg-maya-usd/ecg-mayausd-branch-preflight-2020-osx/ecg-maya-usd/maya-usd/lib/mayaUsd/fileio/primWriterContext.h
[2022-07-06T14:55:07.769Z]     -- promoting: /local/S/jenkins/workspace/ECP/ecg-maya-usd/ecg-mayausd-branch-preflight-2020-osx/ecg-maya-usd/maya-usd/lib/mayaUsd/fileio/primWriterRegistry.h
[2022-07-06T14:55:07.769Z]     -- promoting: /local/S/jenkins/workspace/ECP/ecg-maya-usd/ecg-mayausd-branch-preflight-2020-osx/ecg-maya-usd/maya-usd/lib/mayaUsd/fileio/registryHelper.h
[2022-07-06T14:55:07.769Z]     -- promoting: /local/S/jenkins/workspace/ECP/ecg-maya-usd/ecg-mayausd-branch-preflight-2020-osx/ecg-maya-usd/maya-usd/lib/mayaUsd/fileio/schemaApiAdaptor.h
[2022-07-06T14:55:07.769Z]     -- promoting: /local/S/jenkins/workspace/ECP/ecg-maya-usd/ecg-mayausd-branch-preflight-2020-osx/ecg-maya-usd/maya-usd/lib/mayaUsd/fileio/schemaApiAdaptorRegistry.h
[2022-07-06T14:55:07.769Z]     -- promoting: /local/S/jenkins/workspace/ECP/ecg-maya-usd/ecg-mayausd-branch-preflight-2020-osx/ecg-maya-usd/maya-usd/lib/mayaUsd/fileio/shaderReader.h
[2022-07-06T14:55:07.769Z]     -- promoting: /local/S/jenkins/workspace/ECP/ecg-maya-usd/ecg-mayausd-branch-preflight-2020-osx/ecg-maya-usd/maya-usd/lib/mayaUsd/fileio/shaderReaderRegistry.h
[2022-07-06T14:55:07.769Z]     -- promoting: /local/S/jenkins/workspace/ECP/ecg-maya-usd/ecg-mayausd-branch-preflight-2020-osx/ecg-maya-usd/maya-usd/lib/mayaUsd/fileio/shaderWriter.h
[2022-07-06T14:55:07.769Z]     -- promoting: /local/S/jenkins/workspace/ECP/ecg-maya-usd/ecg-mayausd-branch-preflight-2020-osx/ecg-maya-usd/maya-usd/lib/mayaUsd/fileio/shaderWriterRegistry.h
[2022-07-06T14:55:07.769Z]     -- promoting: /local/S/jenkins/workspace/ECP/ecg-maya-usd/ecg-mayausd-branch-preflight-2020-osx/ecg-maya-usd/maya-usd/lib/mayaUsd/fileio/transformWriter.h
[2022-07-06T14:55:07.769Z]     -- promoting: /local/S/jenkins/workspace/ECP/ecg-maya-usd/ecg-mayausd-branch-preflight-2020-osx/ecg-maya-usd/maya-usd/lib/mayaUsd/fileio/writeJobContext.h
[2022-07-06T14:55:07.769Z]     -- promoting: /local/S/jenkins/workspace/ECP/ecg-maya-usd/ecg-mayausd-branch-preflight-2020-osx/ecg-maya-usd/maya-usd/lib/mayaUsd/fileio/chaser/exportChaser.h
[2022-07-06T14:55:07.769Z]     -- promoting: /local/S/jenkins/workspace/ECP/ecg-maya-usd/ecg-mayausd-branch-preflight-2020-osx/ecg-maya-usd/maya-usd/lib/mayaUsd/fileio/chaser/exportChaserRegistry.h
[2022-07-06T14:55:07.769Z]     -- promoting: /local/S/jenkins/workspace/ECP/ecg-maya-usd/ecg-mayausd-branch-preflight-2020-osx/ecg-maya-usd/maya-usd/lib/mayaUsd/fileio/chaser/importChaserRegistry.h
[2022-07-06T14:55:07.769Z]     -- promoting: /local/S/jenkins/workspace/ECP/ecg-maya-usd/ecg-mayausd-branch-preflight-2020-osx/ecg-maya-usd/maya-usd/lib/mayaUsd/fileio/chaser/importChaser.h
[2022-07-06T14:55:07.769Z]     -- promoting: /local/S/jenkins/workspace/ECP/ecg-maya-usd/ecg-mayausd-branch-preflight-2020-osx/ecg-maya-usd/maya-usd/lib/mayaUsd/fileio/jobs/jobArgs.h
[2022-07-06T14:55:07.769Z]     -- promoting: /local/S/jenkins/workspace/ECP/ecg-maya-usd/ecg-mayausd-branch-preflight-2020-osx/ecg-maya-usd/maya-usd/lib/mayaUsd/fileio/jobs/meshDataReadJob.h
[2022-07-06T14:55:07.769Z]     -- promoting: /local/S/jenkins/workspace/ECP/ecg-maya-usd/ecg-mayausd-branch-preflight-2020-osx/ecg-maya-usd/maya-usd/lib/mayaUsd/fileio/jobs/modelKindProcessor.h
[2022-07-06T14:55:07.769Z]     -- promoting: /local/S/jenkins/workspace/ECP/ecg-maya-usd/ecg-mayausd-branch-preflight-2020-osx/ecg-maya-usd/maya-usd/lib/mayaUsd/fileio/jobs/readJob.h
[2022-07-06T14:55:07.769Z]     -- promoting: /local/S/jenkins/workspace/ECP/ecg-maya-usd/ecg-mayausd-branch-preflight-2020-osx/ecg-maya-usd/maya-usd/lib/mayaUsd/fileio/jobs/writeJob.h
[2022-07-06T14:55:07.769Z]     -- promoting: /local/S/jenkins/workspace/ECP/ecg-maya-usd/ecg-mayausd-branch-preflight-2020-osx/ecg-maya-usd/maya-usd/lib/mayaUsd/fileio/shading/rfmShaderMap.h
[2022-07-06T14:55:07.769Z]     -- promoting: /local/S/jenkins/workspace/ECP/ecg-maya-usd/ecg-mayausd-branch-preflight-2020-osx/ecg-maya-usd/maya-usd/lib/mayaUsd/fileio/shading/shadingModeExporter.h
[2022-07-06T14:55:07.769Z]     -- promoting: /local/S/jenkins/workspace/ECP/ecg-maya-usd/ecg-mayausd-branch-preflight-2020-osx/ecg-maya-usd/maya-usd/lib/mayaUsd/fileio/shading/shadingModeExporterContext.h
[2022-07-06T14:55:07.769Z]     -- promoting: /local/S/jenkins/workspace/ECP/ecg-maya-usd/ecg-mayausd-branch-preflight-2020-osx/ecg-maya-usd/maya-usd/lib/mayaUsd/fileio/shading/shadingModeImporter.h
[2022-07-06T14:55:07.769Z]     -- promoting: /local/S/jenkins/workspace/ECP/ecg-maya-usd/ecg-mayausd-branch-preflight-2020-osx/ecg-maya-usd/maya-usd/lib/mayaUsd/fileio/shading/shadingModeRegistry.h
[2022-07-06T14:55:07.769Z]     -- promoting: /local/S/jenkins/workspace/ECP/ecg-maya-usd/ecg-mayausd-branch-preflight-2020-osx/ecg-maya-usd/maya-usd/lib/mayaUsd/fileio/shading/symmetricShaderReader.h
[2022-07-06T14:55:07.769Z]     -- promoting: /local/S/jenkins/workspace/ECP/ecg-maya-usd/ecg-mayausd-branch-preflight-2020-osx/ecg-maya-usd/maya-usd/lib/mayaUsd/fileio/shading/symmetricShaderWriter.h
[2022-07-06T14:55:07.769Z]     -- promoting: /local/S/jenkins/workspace/ECP/ecg-maya-usd/ecg-mayausd-branch-preflight-2020-osx/ecg-maya-usd/maya-usd/lib/mayaUsd/fileio/translators/skelBindingsProcessor.h
[2022-07-06T14:55:07.769Z]     -- promoting: /local/S/jenkins/workspace/ECP/ecg-maya-usd/ecg-mayausd-branch-preflight-2020-osx/ecg-maya-usd/maya-usd/lib/mayaUsd/fileio/translators/translatorCamera.h
[2022-07-06T14:55:07.769Z]     -- promoting: /local/S/jenkins/workspace/ECP/ecg-maya-usd/ecg-mayausd-branch-preflight-2020-osx/ecg-maya-usd/maya-usd/lib/mayaUsd/fileio/translators/translatorCurves.h
[2022-07-06T14:55:07.769Z]     -- promoting: /local/S/jenkins/workspace/ECP/ecg-maya-usd/ecg-mayausd-branch-preflight-2020-osx/ecg-maya-usd/maya-usd/lib/mayaUsd/fileio/translators/translatorGprim.h
[2022-07-06T14:55:07.769Z]     -- promoting: /local/S/jenkins/workspace/ECP/ecg-maya-usd/ecg-mayausd-branch-preflight-2020-osx/ecg-maya-usd/maya-usd/lib/mayaUsd/fileio/translators/translatorLight.h
[2022-07-06T14:55:07.769Z]     -- promoting: /local/S/jenkins/workspace/ECP/ecg-maya-usd/ecg-mayausd-branch-preflight-2020-osx/ecg-maya-usd/maya-usd/lib/mayaUsd/fileio/translators/translatorMaterial.h
[2022-07-06T14:55:07.769Z]     -- promoting: /local/S/jenkins/workspace/ECP/ecg-maya-usd/ecg-mayausd-branch-preflight-2020-osx/ecg-maya-usd/maya-usd/lib/mayaUsd/fileio/translators/translatorMayaReference.h
[2022-07-06T14:55:07.769Z]     -- promoting: /local/S/jenkins/workspace/ECP/ecg-maya-usd/ecg-mayausd-branch-preflight-2020-osx/ecg-maya-usd/maya-usd/lib/mayaUsd/fileio/translators/translatorMesh.h
[2022-07-06T14:55:07.769Z]     -- promoting: /local/S/jenkins/workspace/ECP/ecg-maya-usd/ecg-mayausd-branch-preflight-2020-osx/ecg-maya-usd/maya-usd/lib/mayaUsd/fileio/translators/translatorNurbsPatch.h
[2022-07-06T14:55:07.769Z]     -- promoting: /local/S/jenkins/workspace/ECP/ecg-maya-usd/ecg-mayausd-branch-preflight-2020-osx/ecg-maya-usd/maya-usd/lib/mayaUsd/fileio/translators/translatorPrim.h
[2022-07-06T14:55:07.769Z]     -- promoting: /local/S/jenkins/workspace/ECP/ecg-maya-usd/ecg-mayausd-branch-preflight-2020-osx/ecg-maya-usd/maya-usd/lib/mayaUsd/fileio/translators/translatorRfMLight.h
[2022-07-06T14:55:07.769Z]     -- promoting: /local/S/jenkins/workspace/ECP/ecg-maya-usd/ecg-mayausd-branch-preflight-2020-osx/ecg-maya-usd/maya-usd/lib/mayaUsd/fileio/translators/translatorSkel.h
[2022-07-06T14:55:07.769Z]     -- promoting: /local/S/jenkins/workspace/ECP/ecg-maya-usd/ecg-mayausd-branch-preflight-2020-osx/ecg-maya-usd/maya-usd/lib/mayaUsd/fileio/translators/translatorUtil.h
[2022-07-06T14:55:07.769Z]     -- promoting: /local/S/jenkins/workspace/ECP/ecg-maya-usd/ecg-mayausd-branch-preflight-2020-osx/ecg-maya-usd/maya-usd/lib/mayaUsd/fileio/translators/translatorXformable.h
[2022-07-06T14:55:07.769Z]     -- promoting: /local/S/jenkins/workspace/ECP/ecg-maya-usd/ecg-mayausd-branch-preflight-2020-osx/ecg-maya-usd/maya-usd/lib/mayaUsd/fileio/utils/adaptor.h
[2022-07-06T14:55:07.769Z]     -- promoting: /local/S/jenkins/workspace/ECP/ecg-maya-usd/ecg-mayausd-branch-preflight-2020-osx/ecg-maya-usd/maya-usd/lib/mayaUsd/fileio/utils/jointWriteUtils.h
[2022-07-06T14:55:07.769Z]     -- promoting: /local/S/jenkins/workspace/ECP/ecg-maya-usd/ecg-mayausd-branch-preflight-2020-osx/ecg-maya-usd/maya-usd/lib/mayaUsd/fileio/utils/meshReadUtils.h
[2022-07-06T14:55:07.769Z]     -- promoting: /local/S/jenkins/workspace/ECP/ecg-maya-usd/ecg-mayausd-branch-preflight-2020-osx/ecg-maya-usd/maya-usd/lib/mayaUsd/fileio/utils/meshWriteUtils.h
[2022-07-06T14:55:07.769Z]     -- promoting: /local/S/jenkins/workspace/ECP/ecg-maya-usd/ecg-mayausd-branch-preflight-2020-osx/ecg-maya-usd/maya-usd/lib/mayaUsd/fileio/utils/readUtil.h
[2022-07-06T14:55:07.769Z]     -- promoting: /local/S/jenkins/workspace/ECP/ecg-maya-usd/ecg-mayausd-branch-preflight-2020-osx/ecg-maya-usd/maya-usd/lib/mayaUsd/fileio/utils/roundTripUtil.h
[2022-07-06T14:55:07.769Z]     -- promoting: /local/S/jenkins/workspace/ECP/ecg-maya-usd/ecg-mayausd-branch-preflight-2020-osx/ecg-maya-usd/maya-usd/lib/mayaUsd/fileio/utils/shadingUtil.h
[2022-07-06T14:55:07.769Z]     -- promoting: /local/S/jenkins/workspace/ECP/ecg-maya-usd/ecg-mayausd-branch-preflight-2020-osx/ecg-maya-usd/maya-usd/lib/mayaUsd/fileio/utils/userTaggedAttribute.h
[2022-07-06T14:55:07.769Z]     -- promoting: /local/S/jenkins/workspace/ECP/ecg-maya-usd/ecg-mayausd-branch-preflight-2020-osx/ecg-maya-usd/maya-usd/lib/mayaUsd/fileio/utils/writeUtil.h
[2022-07-06T14:55:07.769Z]     -- promoting: /local/S/jenkins/workspace/ECP/ecg-maya-usd/ecg-mayausd-branch-preflight-2020-osx/ecg-maya-usd/maya-usd/lib/mayaUsd/fileio/utils/xformStack.h
[2022-07-06T14:55:07.769Z]     -- promoting: /local/S/jenkins/workspace/ECP/ecg-maya-usd/ecg-mayausd-branch-preflight-2020-osx/ecg-maya-usd/maya-usd/lib/mayaUsd/listeners/notice.h
[2022-07-06T14:55:07.769Z]     -- promoting: /local/S/jenkins/workspace/ECP/ecg-maya-usd/ecg-mayausd-branch-preflight-2020-osx/ecg-maya-usd/maya-usd/lib/mayaUsd/listeners/proxyShapeNotice.h
[2022-07-06T14:55:07.769Z]     -- promoting: /local/S/jenkins/workspace/ECP/ecg-maya-usd/ecg-mayausd-branch-preflight-2020-osx/ecg-maya-usd/maya-usd/lib/mayaUsd/listeners/stageNoticeListener.h
[2022-07-06T14:55:07.769Z]     -- promoting: /local/S/jenkins/workspace/ECP/ecg-maya-usd/ecg-mayausd-branch-preflight-2020-osx/ecg-maya-usd/maya-usd/lib/mayaUsd/nodes/hdImagingShape.h
[2022-07-06T14:55:07.769Z]     -- promoting: /local/S/jenkins/workspace/ECP/ecg-maya-usd/ecg-mayausd-branch-preflight-2020-osx/ecg-maya-usd/maya-usd/lib/mayaUsd/nodes/pointBasedDeformerNode.h
[2022-07-06T14:55:07.769Z]     -- promoting: /local/S/jenkins/workspace/ECP/ecg-maya-usd/ecg-mayausd-branch-preflight-2020-osx/ecg-maya-usd/maya-usd/lib/mayaUsd/nodes/proxyAccessor.h
[2022-07-06T14:55:07.769Z]     -- promoting: /local/S/jenkins/workspace/ECP/ecg-maya-usd/ecg-mayausd-branch-preflight-2020-osx/ecg-maya-usd/maya-usd/lib/mayaUsd/nodes/proxyShapeBase.h
[2022-07-06T14:55:07.769Z]     -- promoting: /local/S/jenkins/workspace/ECP/ecg-maya-usd/ecg-mayausd-branch-preflight-2020-osx/ecg-maya-usd/maya-usd/lib/mayaUsd/nodes/proxyShapeLoadRules.h
[2022-07-06T14:55:07.769Z]     -- promoting: /local/S/jenkins/workspace/ECP/ecg-maya-usd/ecg-mayausd-branch-preflight-2020-osx/ecg-maya-usd/maya-usd/lib/mayaUsd/nodes/proxyShapePlugin.h
[2022-07-06T14:55:07.769Z]     -- promoting: /local/S/jenkins/workspace/ECP/ecg-maya-usd/ecg-mayausd-branch-preflight-2020-osx/ecg-maya-usd/maya-usd/lib/mayaUsd/nodes/proxyStageProvider.h
[2022-07-06T14:55:07.769Z]     -- promoting: /local/S/jenkins/workspace/ECP/ecg-maya-usd/ecg-mayausd-branch-preflight-2020-osx/ecg-maya-usd/maya-usd/lib/mayaUsd/nodes/stageData.h
[2022-07-06T14:55:07.769Z]     -- promoting: /local/S/jenkins/workspace/ECP/ecg-maya-usd/ecg-mayausd-branch-preflight-2020-osx/ecg-maya-usd/maya-usd/lib/mayaUsd/nodes/stageNode.h
[2022-07-06T14:55:07.769Z]     -- promoting: /local/S/jenkins/workspace/ECP/ecg-maya-usd/ecg-mayausd-branch-preflight-2020-osx/ecg-maya-usd/maya-usd/lib/mayaUsd/nodes/usdPrimProvider.h
[2022-07-06T14:55:07.769Z]     -- promoting: /local/S/jenkins/workspace/ECP/ecg-maya-usd/ecg-mayausd-branch-preflight-2020-osx/ecg-maya-usd/maya-usd/lib/mayaUsd/nodes/layerManager.h
[2022-07-06T14:55:07.769Z]     -- promoting: /local/S/jenkins/workspace/ECP/ecg-maya-usd/ecg-mayausd-branch-preflight-2020-osx/ecg-maya-usd/maya-usd/lib/mayaUsd/render/px_vp20/glslProgram.h
[2022-07-06T14:55:07.769Z]     -- promoting: /local/S/jenkins/workspace/ECP/ecg-maya-usd/ecg-mayausd-branch-preflight-2020-osx/ecg-maya-usd/maya-usd/lib/mayaUsd/render/px_vp20/utils.h
[2022-07-06T14:55:07.769Z]     -- promoting: /local/S/jenkins/workspace/ECP/ecg-maya-usd/ecg-mayausd-branch-preflight-2020-osx/ecg-maya-usd/maya-usd/lib/mayaUsd/render/px_vp20/utils_legacy.h
[2022-07-06T14:55:07.769Z]     -- promoting: /local/S/jenkins/workspace/ECP/ecg-maya-usd/ecg-mayausd-branch-preflight-2020-osx/ecg-maya-usd/maya-usd/lib/mayaUsd/render/pxrUsdMayaGL/batchRenderer.h
[2022-07-06T14:55:07.769Z]     -- promoting: /local/S/jenkins/workspace/ECP/ecg-maya-usd/ecg-mayausd-branch-preflight-2020-osx/ecg-maya-usd/maya-usd/lib/mayaUsd/render/pxrUsdMayaGL/debugCodes.h
[2022-07-06T14:55:07.770Z]     -- promoting: /local/S/jenkins/workspace/ECP/ecg-maya-usd/ecg-mayausd-branch-preflight-2020-osx/ecg-maya-usd/maya-usd/lib/mayaUsd/render/pxrUsdMayaGL/hdImagingShapeDrawOverride.h
[2022-07-06T14:55:07.770Z]     -- promoting: /local/S/jenkins/workspace/ECP/ecg-maya-usd/ecg-mayausd-branch-preflight-2020-osx/ecg-maya-usd/maya-usd/lib/mayaUsd/render/pxrUsdMayaGL/hdImagingShapeUI.h
[2022-07-06T14:55:07.770Z]     -- promoting: /local/S/jenkins/workspace/ECP/ecg-maya-usd/ecg-mayausd-branch-preflight-2020-osx/ecg-maya-usd/maya-usd/lib/mayaUsd/render/pxrUsdMayaGL/instancerImager.h
[2022-07-06T14:55:07.770Z]     -- promoting: /local/S/jenkins/workspace/ECP/ecg-maya-usd/ecg-mayausd-branch-preflight-2020-osx/ecg-maya-usd/maya-usd/lib/mayaUsd/render/pxrUsdMayaGL/instancerShapeAdapter.h
[2022-07-06T14:55:07.770Z]     -- promoting: /local/S/jenkins/workspace/ECP/ecg-maya-usd/ecg-mayausd-branch-preflight-2020-osx/ecg-maya-usd/maya-usd/lib/mayaUsd/render/pxrUsdMayaGL/proxyDrawOverride.h
[2022-07-06T14:55:07.770Z]     -- promoting: /local/S/jenkins/workspace/ECP/ecg-maya-usd/ecg-mayausd-branch-preflight-2020-osx/ecg-maya-usd/maya-usd/lib/mayaUsd/render/pxrUsdMayaGL/proxyShapeUI.h
[2022-07-06T14:55:07.770Z]     -- promoting: /local/S/jenkins/workspace/ECP/ecg-maya-usd/ecg-mayausd-branch-preflight-2020-osx/ecg-maya-usd/maya-usd/lib/mayaUsd/render/pxrUsdMayaGL/renderParams.h
[2022-07-06T14:55:07.770Z]     -- promoting: /local/S/jenkins/workspace/ECP/ecg-maya-usd/ecg-mayausd-branch-preflight-2020-osx/ecg-maya-usd/maya-usd/lib/mayaUsd/render/pxrUsdMayaGL/sceneDelegate.h
[2022-07-06T14:55:07.770Z]     -- promoting: /local/S/jenkins/workspace/ECP/ecg-maya-usd/ecg-mayausd-branch-preflight-2020-osx/ecg-maya-usd/maya-usd/lib/mayaUsd/render/pxrUsdMayaGL/shapeAdapter.h
[2022-07-06T14:55:07.770Z]     -- promoting: /local/S/jenkins/workspace/ECP/ecg-maya-usd/ecg-mayausd-branch-preflight-2020-osx/ecg-maya-usd/maya-usd/lib/mayaUsd/render/pxrUsdMayaGL/softSelectHelper.h
[2022-07-06T14:55:07.770Z]     -- promoting: /local/S/jenkins/workspace/ECP/ecg-maya-usd/ecg-mayausd-branch-preflight-2020-osx/ecg-maya-usd/maya-usd/lib/mayaUsd/render/pxrUsdMayaGL/usdProxyShapeAdapter.h
[2022-07-06T14:55:07.770Z]     -- promoting: /local/S/jenkins/workspace/ECP/ecg-maya-usd/ecg-mayausd-branch-preflight-2020-osx/ecg-maya-usd/maya-usd/lib/mayaUsd/render/pxrUsdMayaGL/userData.h
[2022-07-06T14:55:07.770Z]     -- promoting: /local/S/jenkins/workspace/ECP/ecg-maya-usd/ecg-mayausd-branch-preflight-2020-osx/ecg-maya-usd/maya-usd/lib/mayaUsd/render/vp2RenderDelegate/proxyRenderDelegate.h
[2022-07-06T14:55:07.770Z]     -- promoting: /local/S/jenkins/workspace/ECP/ecg-maya-usd/ecg-mayausd-branch-preflight-2020-osx/ecg-maya-usd/maya-usd/lib/mayaUsd/render/vp2ShaderFragments/shaderFragments.h
[2022-07-06T14:55:07.770Z]     -- UFE_LIGHTS_SUPPORT is FALSE
[2022-07-06T14:55:07.770Z]     -- promoting: /local/S/jenkins/workspace/ECP/ecg-maya-usd/ecg-mayausd-branch-preflight-2020-osx/ecg-maya-usd/maya-usd/lib/mayaUsd/ufe/Global.h
[2022-07-06T14:55:07.770Z]     -- promoting: /local/S/jenkins/workspace/ECP/ecg-maya-usd/ecg-mayausd-branch-preflight-2020-osx/ecg-maya-usd/maya-usd/lib/mayaUsd/ufe/ProxyShapeHandler.h
[2022-07-06T14:55:07.770Z]     -- promoting: /local/S/jenkins/workspace/ECP/ecg-maya-usd/ecg-mayausd-branch-preflight-2020-osx/ecg-maya-usd/maya-usd/lib/mayaUsd/ufe/ProxyShapeHierarchy.h
[2022-07-06T14:55:07.770Z]     -- promoting: /local/S/jenkins/workspace/ECP/ecg-maya-usd/ecg-mayausd-branch-preflight-2020-osx/ecg-maya-usd/maya-usd/lib/mayaUsd/ufe/ProxyShapeHierarchyHandler.h
[2022-07-06T14:55:07.770Z]     -- promoting: /local/S/jenkins/workspace/ECP/ecg-maya-usd/ecg-mayausd-branch-preflight-2020-osx/ecg-maya-usd/maya-usd/lib/mayaUsd/ufe/StagesSubject.h
[2022-07-06T14:55:07.770Z]     -- promoting: /local/S/jenkins/workspace/ECP/ecg-maya-usd/ecg-mayausd-branch-preflight-2020-osx/ecg-maya-usd/maya-usd/lib/mayaUsd/ufe/UsdHierarchy.h
[2022-07-06T14:55:07.770Z]     -- promoting: /local/S/jenkins/workspace/ECP/ecg-maya-usd/ecg-mayausd-branch-preflight-2020-osx/ecg-maya-usd/maya-usd/lib/mayaUsd/ufe/UsdHierarchyHandler.h
[2022-07-06T14:55:07.770Z]     -- promoting: /local/S/jenkins/workspace/ECP/ecg-maya-usd/ecg-mayausd-branch-preflight-2020-osx/ecg-maya-usd/maya-usd/lib/mayaUsd/ufe/UsdPointInstanceModifierBase.h
[2022-07-06T14:55:07.770Z]     -- promoting: /local/S/jenkins/workspace/ECP/ecg-maya-usd/ecg-mayausd-branch-preflight-2020-osx/ecg-maya-usd/maya-usd/lib/mayaUsd/ufe/UsdPointInstanceOrientationModifier.h
[2022-07-06T14:55:07.770Z]     -- promoting: /local/S/jenkins/workspace/ECP/ecg-maya-usd/ecg-mayausd-branch-preflight-2020-osx/ecg-maya-usd/maya-usd/lib/mayaUsd/ufe/UsdPointInstancePositionModifier.h
[2022-07-06T14:55:07.770Z]     -- promoting: /local/S/jenkins/workspace/ECP/ecg-maya-usd/ecg-mayausd-branch-preflight-2020-osx/ecg-maya-usd/maya-usd/lib/mayaUsd/ufe/UsdPointInstanceScaleModifier.h
[2022-07-06T14:55:07.770Z]     -- promoting: /local/S/jenkins/workspace/ECP/ecg-maya-usd/ecg-mayausd-branch-preflight-2020-osx/ecg-maya-usd/maya-usd/lib/mayaUsd/ufe/UsdRootChildHierarchy.h
[2022-07-06T14:55:07.770Z]     -- promoting: /local/S/jenkins/workspace/ECP/ecg-maya-usd/ecg-mayausd-branch-preflight-2020-osx/ecg-maya-usd/maya-usd/lib/mayaUsd/ufe/UsdRotatePivotTranslateUndoableCommand.h
[2022-07-06T14:55:07.770Z]     -- promoting: /local/S/jenkins/workspace/ECP/ecg-maya-usd/ecg-mayausd-branch-preflight-2020-osx/ecg-maya-usd/maya-usd/lib/mayaUsd/ufe/UsdRotateUndoableCommand.h
[2022-07-06T14:55:07.770Z]     -- promoting: /local/S/jenkins/workspace/ECP/ecg-maya-usd/ecg-mayausd-branch-preflight-2020-osx/ecg-maya-usd/maya-usd/lib/mayaUsd/ufe/UsdScaleUndoableCommand.h
[2022-07-06T14:55:07.770Z]     -- promoting: /local/S/jenkins/workspace/ECP/ecg-maya-usd/ecg-mayausd-branch-preflight-2020-osx/ecg-maya-usd/maya-usd/lib/mayaUsd/ufe/UsdSceneItem.h
[2022-07-06T14:55:07.770Z]     -- promoting: /local/S/jenkins/workspace/ECP/ecg-maya-usd/ecg-mayausd-branch-preflight-2020-osx/ecg-maya-usd/maya-usd/lib/mayaUsd/ufe/UsdSceneItemOps.h
[2022-07-06T14:55:07.770Z]     -- promoting: /local/S/jenkins/workspace/ECP/ecg-maya-usd/ecg-mayausd-branch-preflight-2020-osx/ecg-maya-usd/maya-usd/lib/mayaUsd/ufe/UsdSceneItemOpsHandler.h
[2022-07-06T14:55:07.770Z]     -- promoting: /local/S/jenkins/workspace/ECP/ecg-maya-usd/ecg-mayausd-branch-preflight-2020-osx/ecg-maya-usd/maya-usd/lib/mayaUsd/ufe/UsdStageMap.h
[2022-07-06T14:55:07.770Z]     -- promoting: /local/S/jenkins/workspace/ECP/ecg-maya-usd/ecg-mayausd-branch-preflight-2020-osx/ecg-maya-usd/maya-usd/lib/mayaUsd/ufe/UsdTRSUndoableCommandBase.h
[2022-07-06T14:55:07.770Z]     -- promoting: /local/S/jenkins/workspace/ECP/ecg-maya-usd/ecg-mayausd-branch-preflight-2020-osx/ecg-maya-usd/maya-usd/lib/mayaUsd/ufe/UsdTransform3d.h
[2022-07-06T14:55:07.770Z]     -- promoting: /local/S/jenkins/workspace/ECP/ecg-maya-usd/ecg-mayausd-branch-preflight-2020-osx/ecg-maya-usd/maya-usd/lib/mayaUsd/ufe/UsdTransform3dHandler.h
[2022-07-06T14:55:07.770Z]     -- promoting: /local/S/jenkins/workspace/ECP/ecg-maya-usd/ecg-mayausd-branch-preflight-2020-osx/ecg-maya-usd/maya-usd/lib/mayaUsd/ufe/UsdTranslateUndoableCommand.h
[2022-07-06T14:55:07.770Z]     -- promoting: /local/S/jenkins/workspace/ECP/ecg-maya-usd/ecg-mayausd-branch-preflight-2020-osx/ecg-maya-usd/maya-usd/lib/mayaUsd/ufe/UsdUndoDeleteCommand.h
[2022-07-06T14:55:07.770Z]     -- promoting: /local/S/jenkins/workspace/ECP/ecg-maya-usd/ecg-mayausd-branch-preflight-2020-osx/ecg-maya-usd/maya-usd/lib/mayaUsd/ufe/UsdUndoDuplicateCommand.h
[2022-07-06T14:55:07.770Z]     -- promoting: /local/S/jenkins/workspace/ECP/ecg-maya-usd/ecg-mayausd-branch-preflight-2020-osx/ecg-maya-usd/maya-usd/lib/mayaUsd/ufe/UsdUndoRenameCommand.h
[2022-07-06T14:55:07.770Z]     -- promoting: /local/S/jenkins/workspace/ECP/ecg-maya-usd/ecg-mayausd-branch-preflight-2020-osx/ecg-maya-usd/maya-usd/lib/mayaUsd/ufe/Utils.h
[2022-07-06T14:55:07.770Z]     -- promoting: /local/S/jenkins/workspace/ECP/ecg-maya-usd/ecg-mayausd-branch-preflight-2020-osx/ecg-maya-usd/maya-usd/lib/mayaUsd/ufe/UfeVersionCompat.h
[2022-07-06T14:55:07.770Z]     -- promoting: /local/S/jenkins/workspace/ECP/ecg-maya-usd/ecg-mayausd-branch-preflight-2020-osx/ecg-maya-usd/maya-usd/lib/mayaUsd/undo/OpUndoItemList.h
[2022-07-06T14:55:07.770Z]     -- promoting: /local/S/jenkins/workspace/ECP/ecg-maya-usd/ecg-mayausd-branch-preflight-2020-osx/ecg-maya-usd/maya-usd/lib/mayaUsd/undo/OpUndoItemMuting.h
[2022-07-06T14:55:07.770Z]     -- promoting: /local/S/jenkins/workspace/ECP/ecg-maya-usd/ecg-mayausd-branch-preflight-2020-osx/ecg-maya-usd/maya-usd/lib/mayaUsd/undo/OpUndoItemRecorder.h
[2022-07-06T14:55:07.770Z]     -- promoting: /local/S/jenkins/workspace/ECP/ecg-maya-usd/ecg-mayausd-branch-preflight-2020-osx/ecg-maya-usd/maya-usd/lib/mayaUsd/undo/OpUndoItems.h
[2022-07-06T14:55:07.770Z]     -- promoting: /local/S/jenkins/workspace/ECP/ecg-maya-usd/ecg-mayausd-branch-preflight-2020-osx/ecg-maya-usd/maya-usd/lib/mayaUsd/undo/UsdUndoBlock.h
[2022-07-06T14:55:07.770Z]     -- promoting: /local/S/jenkins/workspace/ECP/ecg-maya-usd/ecg-mayausd-branch-preflight-2020-osx/ecg-maya-usd/maya-usd/lib/mayaUsd/undo/UsdUndoManager.h
[2022-07-06T14:55:07.770Z]     -- promoting: /local/S/jenkins/workspace/ECP/ecg-maya-usd/ecg-mayausd-branch-preflight-2020-osx/ecg-maya-usd/maya-usd/lib/mayaUsd/undo/UsdUndoStateDelegate.h
[2022-07-06T14:55:07.770Z]     -- promoting: /local/S/jenkins/workspace/ECP/ecg-maya-usd/ecg-mayausd-branch-preflight-2020-osx/ecg-maya-usd/maya-usd/lib/mayaUsd/undo/UsdUndoableItem.h
[2022-07-06T14:55:07.770Z]     -- promoting: /local/S/jenkins/workspace/ECP/ecg-maya-usd/ecg-mayausd-branch-preflight-2020-osx/ecg-maya-usd/maya-usd/lib/mayaUsd/utils/blockSceneModificationContext.h
[2022-07-06T14:55:07.770Z]     -- promoting: /local/S/jenkins/workspace/ECP/ecg-maya-usd/ecg-mayausd-branch-preflight-2020-osx/ecg-maya-usd/maya-usd/lib/mayaUsd/utils/colorSpace.h
[2022-07-06T14:55:07.770Z]     -- promoting: /local/S/jenkins/workspace/ECP/ecg-maya-usd/ecg-mayausd-branch-preflight-2020-osx/ecg-maya-usd/maya-usd/lib/mayaUsd/utils/customLayerData.h
[2022-07-06T14:55:07.770Z]     -- promoting: /local/S/jenkins/workspace/ECP/ecg-maya-usd/ecg-mayausd-branch-preflight-2020-osx/ecg-maya-usd/maya-usd/lib/mayaUsd/utils/converter.h
[2022-07-06T14:55:07.770Z]     -- promoting: /local/S/jenkins/workspace/ECP/ecg-maya-usd/ecg-mayausd-branch-preflight-2020-osx/ecg-maya-usd/maya-usd/lib/mayaUsd/utils/diagnosticDelegate.h
[2022-07-06T14:55:07.770Z]     -- promoting: /local/S/jenkins/workspace/ECP/ecg-maya-usd/ecg-mayausd-branch-preflight-2020-osx/ecg-maya-usd/maya-usd/lib/mayaUsd/utils/editability.h
[2022-07-06T14:55:07.770Z]     -- promoting: /local/S/jenkins/workspace/ECP/ecg-maya-usd/ecg-mayausd-branch-preflight-2020-osx/ecg-maya-usd/maya-usd/lib/mayaUsd/utils/editRouter.h
[2022-07-06T14:55:07.770Z]     -- promoting: /local/S/jenkins/workspace/ECP/ecg-maya-usd/ecg-mayausd-branch-preflight-2020-osx/ecg-maya-usd/maya-usd/lib/mayaUsd/utils/hash.h
[2022-07-06T14:55:07.770Z]     -- promoting: /local/S/jenkins/workspace/ECP/ecg-maya-usd/ecg-mayausd-branch-preflight-2020-osx/ecg-maya-usd/maya-usd/lib/mayaUsd/utils/loadRules.h
[2022-07-06T14:55:07.770Z]     -- promoting: /local/S/jenkins/workspace/ECP/ecg-maya-usd/ecg-mayausd-branch-preflight-2020-osx/ecg-maya-usd/maya-usd/lib/mayaUsd/utils/query.h
[2022-07-06T14:55:07.770Z]     -- promoting: /local/S/jenkins/workspace/ECP/ecg-maya-usd/ecg-mayausd-branch-preflight-2020-osx/ecg-maya-usd/maya-usd/lib/mayaUsd/utils/plugRegistryHelper.h
[2022-07-06T14:55:07.770Z]     -- promoting: /local/S/jenkins/workspace/ECP/ecg-maya-usd/ecg-mayausd-branch-preflight-2020-osx/ecg-maya-usd/maya-usd/lib/mayaUsd/utils/progressBarScope.h
[2022-07-06T14:55:07.770Z]     -- promoting: /local/S/jenkins/workspace/ECP/ecg-maya-usd/ecg-mayausd-branch-preflight-2020-osx/ecg-maya-usd/maya-usd/lib/mayaUsd/utils/selectability.h
[2022-07-06T14:55:07.770Z]     -- promoting: /local/S/jenkins/workspace/ECP/ecg-maya-usd/ecg-mayausd-branch-preflight-2020-osx/ecg-maya-usd/maya-usd/lib/mayaUsd/utils/stageCache.h
[2022-07-06T14:55:07.770Z]     -- promoting: /local/S/jenkins/workspace/ECP/ecg-maya-usd/ecg-mayausd-branch-preflight-2020-osx/ecg-maya-usd/maya-usd/lib/mayaUsd/utils/traverseLayer.h
[2022-07-06T14:55:07.770Z]     -- promoting: /local/S/jenkins/workspace/ECP/ecg-maya-usd/ecg-mayausd-branch-preflight-2020-osx/ecg-maya-usd/maya-usd/lib/mayaUsd/utils/undoHelperCommand.h
[2022-07-06T14:55:07.770Z]     -- promoting: /local/S/jenkins/workspace/ECP/ecg-maya-usd/ecg-mayausd-branch-preflight-2020-osx/ecg-maya-usd/maya-usd/lib/mayaUsd/utils/util.h
[2022-07-06T14:55:07.770Z]     -- promoting: /local/S/jenkins/workspace/ECP/ecg-maya-usd/ecg-mayausd-branch-preflight-2020-osx/ecg-maya-usd/maya-usd/lib/mayaUsd/utils/utilFileSystem.h
[2022-07-06T14:55:07.770Z]     -- promoting: /local/S/jenkins/workspace/ECP/ecg-maya-usd/ecg-mayausd-branch-preflight-2020-osx/ecg-maya-usd/maya-usd/lib/mayaUsd/utils/utilSerialization.h
[2022-07-06T14:55:07.770Z]     -- promoting: /local/S/jenkins/workspace/ECP/ecg-maya-usd/ecg-mayausd-branch-preflight-2020-osx/ecg-maya-usd/maya-usd/lib/mayaUsd/utils/variants.h
[2022-07-06T14:55:07.770Z]     -- promoting: /local/S/jenkins/workspace/ECP/ecg-maya-usd/ecg-mayausd-branch-preflight-2020-osx/ecg-maya-usd/maya-usd/lib/mayaUsd/render/mayaToHydra/utils.h
[2022-07-06T14:55:07.770Z]     -- promoting: /local/S/jenkins/workspace/ECP/ecg-maya-usd/ecg-mayausd-branch-preflight-2020-osx/ecg-maya-usd/maya-usd/lib/usd/hdMaya/api.h
[2022-07-06T14:55:07.770Z]     -- promoting: /local/S/jenkins/workspace/ECP/ecg-maya-usd/ecg-mayausd-branch-preflight-2020-osx/ecg-maya-usd/maya-usd/lib/usd/hdMaya/utils.h
[2022-07-06T14:55:07.770Z]     -- promoting: /local/S/jenkins/workspace/ECP/ecg-maya-usd/ecg-mayausd-branch-preflight-2020-osx/ecg-maya-usd/maya-usd/lib/usd/hdMaya/debugCodes.h
[2022-07-06T14:55:07.770Z]     -- promoting: /local/S/jenkins/workspace/ECP/ecg-maya-usd/ecg-mayausd-branch-preflight-2020-osx/ecg-maya-usd/maya-usd/lib/usd/hdMaya/adapters/adapter.h
[2022-07-06T14:55:07.770Z]     -- promoting: /local/S/jenkins/workspace/ECP/ecg-maya-usd/ecg-mayausd-branch-preflight-2020-osx/ecg-maya-usd/maya-usd/lib/usd/hdMaya/adapters/adapterDebugCodes.h
[2022-07-06T14:55:07.770Z]     -- promoting: /local/S/jenkins/workspace/ECP/ecg-maya-usd/ecg-mayausd-branch-preflight-2020-osx/ecg-maya-usd/maya-usd/lib/usd/hdMaya/adapters/adapterRegistry.h
[2022-07-06T14:55:07.770Z]     -- promoting: /local/S/jenkins/workspace/ECP/ecg-maya-usd/ecg-mayausd-branch-preflight-2020-osx/ecg-maya-usd/maya-usd/lib/usd/hdMaya/adapters/cameraAdapter.h
[2022-07-06T14:55:07.770Z]     -- promoting: /local/S/jenkins/workspace/ECP/ecg-maya-usd/ecg-mayausd-branch-preflight-2020-osx/ecg-maya-usd/maya-usd/lib/usd/hdMaya/adapters/constantShadowMatrix.h
[2022-07-06T14:55:07.770Z]     -- promoting: /local/S/jenkins/workspace/ECP/ecg-maya-usd/ecg-mayausd-branch-preflight-2020-osx/ecg-maya-usd/maya-usd/lib/usd/hdMaya/adapters/dagAdapter.h
[2022-07-06T14:55:07.770Z]     -- promoting: /local/S/jenkins/workspace/ECP/ecg-maya-usd/ecg-mayausd-branch-preflight-2020-osx/ecg-maya-usd/maya-usd/lib/usd/hdMaya/adapters/lightAdapter.h
[2022-07-06T14:55:07.770Z]     -- promoting: /local/S/jenkins/workspace/ECP/ecg-maya-usd/ecg-mayausd-branch-preflight-2020-osx/ecg-maya-usd/maya-usd/lib/usd/hdMaya/adapters/proxyAdapter.h
[2022-07-06T14:55:07.770Z]     -- promoting: /local/S/jenkins/workspace/ECP/ecg-maya-usd/ecg-mayausd-branch-preflight-2020-osx/ecg-maya-usd/maya-usd/lib/usd/hdMaya/adapters/materialAdapter.h
[2022-07-06T14:55:07.770Z]     -- promoting: /local/S/jenkins/workspace/ECP/ecg-maya-usd/ecg-mayausd-branch-preflight-2020-osx/ecg-maya-usd/maya-usd/lib/usd/hdMaya/adapters/materialNetworkConverter.h
[2022-07-06T14:55:07.770Z]     -- promoting: /local/S/jenkins/workspace/ECP/ecg-maya-usd/ecg-mayausd-branch-preflight-2020-osx/ecg-maya-usd/maya-usd/lib/usd/hdMaya/adapters/mayaAttrs.h
[2022-07-06T14:55:07.770Z]     -- promoting: /local/S/jenkins/workspace/ECP/ecg-maya-usd/ecg-mayausd-branch-preflight-2020-osx/ecg-maya-usd/maya-usd/lib/usd/hdMaya/adapters/shapeAdapter.h
[2022-07-06T14:55:07.770Z]     -- promoting: /local/S/jenkins/workspace/ECP/ecg-maya-usd/ecg-mayausd-branch-preflight-2020-osx/ecg-maya-usd/maya-usd/lib/usd/hdMaya/adapters/tokens.h
[2022-07-06T14:55:07.770Z]     -- promoting: /local/S/jenkins/workspace/ECP/ecg-maya-usd/ecg-mayausd-branch-preflight-2020-osx/ecg-maya-usd/maya-usd/lib/usd/hdMaya/delegates/delegate.h
[2022-07-06T14:55:07.770Z]     -- promoting: /local/S/jenkins/workspace/ECP/ecg-maya-usd/ecg-mayausd-branch-preflight-2020-osx/ecg-maya-usd/maya-usd/lib/usd/hdMaya/delegates/delegateCtx.h
[2022-07-06T14:55:07.770Z]     -- promoting: /local/S/jenkins/workspace/ECP/ecg-maya-usd/ecg-mayausd-branch-preflight-2020-osx/ecg-maya-usd/maya-usd/lib/usd/hdMaya/delegates/delegateDebugCodes.h
[2022-07-06T14:55:07.770Z]     -- promoting: /local/S/jenkins/workspace/ECP/ecg-maya-usd/ecg-mayausd-branch-preflight-2020-osx/ecg-maya-usd/maya-usd/lib/usd/hdMaya/delegates/delegateRegistry.h
[2022-07-06T14:55:07.770Z]     -- promoting: /local/S/jenkins/workspace/ECP/ecg-maya-usd/ecg-mayausd-branch-preflight-2020-osx/ecg-maya-usd/maya-usd/lib/usd/hdMaya/delegates/params.h
[2022-07-06T14:55:07.770Z]     -- promoting: /local/S/jenkins/workspace/ECP/ecg-maya-usd/ecg-mayausd-branch-preflight-2020-osx/ecg-maya-usd/maya-usd/lib/usd/hdMaya/delegates/proxyDelegate.h
[2022-07-06T14:55:07.770Z]     -- promoting: /local/S/jenkins/workspace/ECP/ecg-maya-usd/ecg-mayausd-branch-preflight-2020-osx/ecg-maya-usd/maya-usd/lib/usd/hdMaya/delegates/proxyUsdImagingDelegate.h
[2022-07-06T14:55:07.770Z]     -- promoting: /local/S/jenkins/workspace/ECP/ecg-maya-usd/ecg-mayausd-branch-preflight-2020-osx/ecg-maya-usd/maya-usd/lib/usd/hdMaya/delegates/sceneDelegate.h
[2022-07-06T14:55:07.770Z]     -- promoting: /local/S/jenkins/workspace/ECP/ecg-maya-usd/ecg-mayausd-branch-preflight-2020-osx/ecg-maya-usd/maya-usd/lib/usd/hdMaya/delegates/testDelegate.h
[2022-07-06T14:55:07.770Z]     -- promoting: /local/S/jenkins/workspace/ECP/ecg-maya-usd/ecg-mayausd-branch-preflight-2020-osx/ecg-maya-usd/maya-usd/lib/usd/pxrUsdPreviewSurface/usdPreviewSurface.h
[2022-07-06T14:55:07.770Z]     -- promoting: /local/S/jenkins/workspace/ECP/ecg-maya-usd/ecg-mayausd-branch-preflight-2020-osx/ecg-maya-usd/maya-usd/lib/usd/pxrUsdPreviewSurface/usdPreviewSurfacePlugin.h
[2022-07-06T14:55:07.770Z]     -- promoting: /local/S/jenkins/workspace/ECP/ecg-maya-usd/ecg-mayausd-branch-preflight-2020-osx/ecg-maya-usd/maya-usd/lib/usd/schemas/api.h
[2022-07-06T14:55:07.770Z]     -- promoting: /local/S/jenkins/workspace/ECP/ecg-maya-usd/ecg-mayausd-branch-preflight-2020-osx/ecg-maya-usd/maya-usd/lib/usd/schemas/ALMayaReference.h
[2022-07-06T14:55:07.770Z]     -- promoting: /local/S/jenkins/workspace/ECP/ecg-maya-usd/ecg-mayausd-branch-preflight-2020-osx/ecg-maya-usd/maya-usd/lib/usd/schemas/MayaReference.h
[2022-07-06T14:55:07.770Z]     -- promoting: /local/S/jenkins/workspace/ECP/ecg-maya-usd/ecg-mayausd-branch-preflight-2020-osx/ecg-maya-usd/maya-usd/lib/usd/schemas/tokens.h
[2022-07-06T14:55:07.770Z]     #################################################################################################
[2022-07-06T14:55:07.770Z]     #  USD_DISABLE_PRIM_DEFINITIONS_FOR_USDGENSCHEMA is overridden to 'true'.  Default is 'false'.  #
[2022-07-06T14:55:07.770Z]     #################################################################################################
[2022-07-06T14:55:08.491Z]     Processing schema classes:
[2022-07-06T14:55:08.491Z]     MayaReference, ALMayaReference
[2022-07-06T14:55:08.491Z]     Loading Templates from /local/S/jenkins/workspace/shared/Artifactory/OSX/USD/73ca68d/lib/usd/usd/resources/codegenTemplates
[2022-07-06T14:55:08.491Z]     Writing API:
[2022-07-06T14:55:08.491Z]     	    wrote /local/S/jenkins/workspace/ECP/ecg-maya-usd/ecg-mayausd-branch-preflight-2020-osx/build/RelWithDebInfo/lib/usd/schemas/api.h
[2022-07-06T14:55:08.491Z]     Writing Schema Tokens:
[2022-07-06T14:55:08.491Z]     	    wrote /local/S/jenkins/workspace/ECP/ecg-maya-usd/ecg-mayausd-branch-preflight-2020-osx/build/RelWithDebInfo/lib/usd/schemas/tokens.h
[2022-07-06T14:55:08.491Z]     	    wrote /local/S/jenkins/workspace/ECP/ecg-maya-usd/ecg-mayausd-branch-preflight-2020-osx/build/RelWithDebInfo/lib/usd/schemas/tokens.cpp
[2022-07-06T14:55:08.491Z]     	    wrote /local/S/jenkins/workspace/ECP/ecg-maya-usd/ecg-mayausd-branch-preflight-2020-osx/build/RelWithDebInfo/lib/usd/schemas/wrapTokens.cpp
[2022-07-06T14:55:08.491Z]     Generating Classes:
[2022-07-06T14:55:08.491Z]     	    wrote /local/S/jenkins/workspace/ECP/ecg-maya-usd/ecg-mayausd-branch-preflight-2020-osx/build/RelWithDebInfo/lib/usd/schemas/MayaReference.h
[2022-07-06T14:55:08.491Z]     	    wrote /local/S/jenkins/workspace/ECP/ecg-maya-usd/ecg-mayausd-branch-preflight-2020-osx/build/RelWithDebInfo/lib/usd/schemas/MayaReference.cpp
[2022-07-06T14:55:08.491Z]     	    wrote /local/S/jenkins/workspace/ECP/ecg-maya-usd/ecg-mayausd-branch-preflight-2020-osx/build/RelWithDebInfo/lib/usd/schemas/wrapMayaReference.cpp
[2022-07-06T14:55:08.491Z]     	    wrote /local/S/jenkins/workspace/ECP/ecg-maya-usd/ecg-mayausd-branch-preflight-2020-osx/build/RelWithDebInfo/lib/usd/schemas/ALMayaReference.h
[2022-07-06T14:55:08.491Z]     	    wrote /local/S/jenkins/workspace/ECP/ecg-maya-usd/ecg-mayausd-branch-preflight-2020-osx/build/RelWithDebInfo/lib/usd/schemas/ALMayaReference.cpp
[2022-07-06T14:55:08.491Z]     	    wrote /local/S/jenkins/workspace/ECP/ecg-maya-usd/ecg-mayausd-branch-preflight-2020-osx/build/RelWithDebInfo/lib/usd/schemas/wrapALMayaReference.cpp
[2022-07-06T14:55:08.491Z]     Loading Templates from /local/S/jenkins/workspace/shared/Artifactory/OSX/USD/73ca68d/lib/usd/usd/resources/codegenTemplates
[2022-07-06T14:55:08.491Z]     	    wrote /local/S/jenkins/workspace/ECP/ecg-maya-usd/ecg-mayausd-branch-preflight-2020-osx/build/RelWithDebInfo/lib/usd/schemas/plugInfo.json
[2022-07-06T14:55:08.491Z]     Generating Schematics:
[2022-07-06T14:55:08.491Z]     	    wrote /local/S/jenkins/workspace/ECP/ecg-maya-usd/ecg-mayausd-branch-preflight-2020-osx/build/RelWithDebInfo/lib/usd/schemas/generatedSchema.usda
[2022-07-06T14:55:08.491Z]     -- promoting: /local/S/jenkins/workspace/ECP/ecg-maya-usd/ecg-mayausd-branch-preflight-2020-osx/ecg-maya-usd/maya-usd/lib/usd/utils/ALHalf.h
[2022-07-06T14:55:08.491Z]     -- promoting: /local/S/jenkins/workspace/ECP/ecg-maya-usd/ecg-mayausd-branch-preflight-2020-osx/ecg-maya-usd/maya-usd/lib/usd/utils/Api.h
[2022-07-06T14:55:08.491Z]     -- promoting: /local/S/jenkins/workspace/ECP/ecg-maya-usd/ecg-mayausd-branch-preflight-2020-osx/ecg-maya-usd/maya-usd/lib/usd/utils/DebugCodes.h
[2022-07-06T14:55:08.491Z]     -- promoting: /local/S/jenkins/workspace/ECP/ecg-maya-usd/ecg-mayausd-branch-preflight-2020-osx/ecg-maya-usd/maya-usd/lib/usd/utils/DiffCore.h
[2022-07-06T14:55:08.491Z]     -- promoting: /local/S/jenkins/workspace/ECP/ecg-maya-usd/ecg-mayausd-branch-preflight-2020-osx/ecg-maya-usd/maya-usd/lib/usd/utils/DiffPrims.h
[2022-07-06T14:55:08.491Z]     -- promoting: /local/S/jenkins/workspace/ECP/ecg-maya-usd/ecg-mayausd-branch-preflight-2020-osx/ecg-maya-usd/maya-usd/lib/usd/utils/MergePrims.h
[2022-07-06T14:55:08.491Z]     -- promoting: /local/S/jenkins/workspace/ECP/ecg-maya-usd/ecg-mayausd-branch-preflight-2020-osx/ecg-maya-usd/maya-usd/lib/usd/utils/MergePrimsOptions.h
[2022-07-06T14:55:08.491Z]     -- promoting: /local/S/jenkins/workspace/ECP/ecg-maya-usd/ecg-mayausd-branch-preflight-2020-osx/ecg-maya-usd/maya-usd/lib/usd/utils/ForwardDeclares.h
[2022-07-06T14:55:08.491Z]     -- promoting: /local/S/jenkins/workspace/ECP/ecg-maya-usd/ecg-mayausd-branch-preflight-2020-osx/ecg-maya-usd/maya-usd/lib/usd/utils/SIMD.h
[2022-07-06T14:55:08.491Z]     -- promoting: /local/S/jenkins/workspace/ECP/ecg-maya-usd/ecg-mayausd-branch-preflight-2020-osx/ecg-maya-usd/maya-usd/lib/usd/utils/util.h
[2022-07-06T14:55:08.491Z]     -- promoting: /local/S/jenkins/workspace/ECP/ecg-maya-usd/ecg-mayausd-branch-preflight-2020-osx/ecg-maya-usd/maya-usd/lib/usd/ui/layerEditor/batchSaveLayersUIDelegate.h
[2022-07-06T14:55:08.491Z]     -- promoting: /local/S/jenkins/workspace/ECP/ecg-maya-usd/ecg-mayausd-branch-preflight-2020-osx/ecg-maya-usd/maya-usd/lib/usd/ui/importDialog/IMayaMQtUtil.h
[2022-07-06T14:55:08.491Z]     -- promoting: /local/S/jenkins/workspace/ECP/ecg-maya-usd/ecg-mayausd-branch-preflight-2020-osx/ecg-maya-usd/maya-usd/lib/usd/ui/importDialog/ItemDelegate.h
[2022-07-06T14:55:08.491Z]     -- promoting: /local/S/jenkins/workspace/ECP/ecg-maya-usd/ecg-mayausd-branch-preflight-2020-osx/ecg-maya-usd/maya-usd/lib/usd/ui/importDialog/IUSDImportView.h
[2022-07-06T14:55:08.491Z]     -- promoting: /local/S/jenkins/workspace/ECP/ecg-maya-usd/ecg-mayausd-branch-preflight-2020-osx/ecg-maya-usd/maya-usd/lib/usd/ui/importDialog/TreeItem.h
[2022-07-06T14:55:08.491Z]     -- promoting: /local/S/jenkins/workspace/ECP/ecg-maya-usd/ecg-mayausd-branch-preflight-2020-osx/ecg-maya-usd/maya-usd/lib/usd/ui/importDialog/TreeModel.h
[2022-07-06T14:55:08.491Z]     -- promoting: /local/S/jenkins/workspace/ECP/ecg-maya-usd/ecg-mayausd-branch-preflight-2020-osx/ecg-maya-usd/maya-usd/lib/usd/ui/importDialog/TreeModelFactory.h
[2022-07-06T14:55:08.491Z]     -- promoting: /local/S/jenkins/workspace/ECP/ecg-maya-usd/ecg-mayausd-branch-preflight-2020-osx/ecg-maya-usd/maya-usd/lib/usd/ui/importDialog/USDImportDialog.h
[2022-07-06T14:55:08.491Z]     -- promoting: /local/S/jenkins/workspace/ECP/ecg-maya-usd/ecg-mayausd-branch-preflight-2020-osx/ecg-maya-usd/maya-usd/lib/usd/ui/importDialog/USDImportDialogCmd.h
[2022-07-06T14:55:08.491Z]     -- promoting: /local/S/jenkins/workspace/ECP/ecg-maya-usd/ecg-mayausd-branch-preflight-2020-osx/ecg-maya-usd/maya-usd/lib/usd/ui/importDialog/USDQtUtil.h
[2022-07-06T14:55:08.491Z]     -- promoting: /local/S/jenkins/workspace/ECP/ecg-maya-usd/ecg-mayausd-branch-preflight-2020-osx/ecg-maya-usd/maya-usd/lib/usd/ui/api.h
[2022-07-06T14:55:08.491Z]     -- promoting: /local/S/jenkins/workspace/ECP/ecg-maya-usd/ecg-mayausd-branch-preflight-2020-osx/ecg-maya-usd/maya-usd/lib/usd/ui/initStringResources.h
[2022-07-06T14:55:08.491Z]     ========== Pixar USD Plugin ==========
[2022-07-06T14:55:08.491Z]     Compiling /local/S/jenkins/workspace/ECP/ecg-maya-usd/ecg-mayausd-branch-preflight-2020-osx/build/RelWithDebInfo/plugin/pxr/__init__.py ...
[2022-07-06T14:55:08.491Z]     ========== AL USD Plugin ==========
[2022-07-06T14:55:08.491Z]     CMake Deprecation Warning at plugin/al/CMakeLists.txt:7 (cmake_policy):
[2022-07-06T14:55:08.491Z]       The OLD behavior for policy CMP0026 will be removed from a future version
[2022-07-06T14:55:08.491Z]       of CMake.
[2022-07-06T14:55:08.491Z]     
[2022-07-06T14:55:08.491Z]       The cmake-policies(7) manual explains that the OLD behaviors of all
[2022-07-06T14:55:08.491Z]       policies are deprecated and that a policy should be set to OLD only under
[2022-07-06T14:55:08.491Z]       specific short-term circumstances.  Projects should be ported to the NEW
[2022-07-06T14:55:08.491Z]       behavior and not rely on setting a policy to OLD.
[2022-07-06T14:55:08.491Z]     
[2022-07-06T14:55:08.491Z]     
[2022-07-06T14:55:08.491Z]     -- Found Boost 1.70.0 at /local/S/jenkins/workspace/shared/Artifactory/OSX/USD/73ca68d/lib/cmake/Boost-1.70.0
[2022-07-06T14:55:08.491Z]     --   Requested configuration: QUIET REQUIRED
[2022-07-06T14:55:08.491Z]     -- Found boost_headers 1.70.0 at /local/S/jenkins/workspace/shared/Artifactory/OSX/USD/73ca68d/lib/cmake/boost_headers-1.70.0
[2022-07-06T14:55:08.491Z]     -- Found Boost: /local/S/jenkins/workspace/shared/Artifactory/OSX/USD/73ca68d/lib/cmake/Boost-1.70.0/BoostConfig.cmake (found version "1.70.0")
[2022-07-06T14:55:08.491Z]     -- Found Boost 1.70.0 at /local/S/jenkins/workspace/shared/Artifactory/OSX/USD/73ca68d/lib/cmake/Boost-1.70.0
[2022-07-06T14:55:08.491Z]     --   Requested configuration: QUIET REQUIRED COMPONENTS python
[2022-07-06T14:55:08.491Z]     -- Found boost_python 1.70.0 at /local/S/jenkins/workspace/shared/Artifactory/OSX/USD/73ca68d/lib/cmake/boost_python-1.70.0
[2022-07-06T14:55:08.491Z]     --   libboost_python27.dylib
[2022-07-06T14:55:08.491Z]     -- Adding boost_python dependencies: headers
[2022-07-06T14:55:08.491Z]     -- Found Boost: /local/S/jenkins/workspace/shared/Artifactory/OSX/USD/73ca68d/lib/cmake/Boost-1.70.0/BoostConfig.cmake (found version "1.70.0") found components: python
[2022-07-06T14:55:08.491Z]     -- Found GTest: /local/S/jenkins/workspace/ECP/ecg-maya-usd/ecg-mayausd-branch-preflight-2020-osx/build/RelWithDebInfo/googletest-install/lib/libgtest.dylib
[2022-07-06T14:55:08.491Z]     CMake Error at plugin/al/usdtransaction/AL/usd/transaction/tests/CMakeLists.txt:55 (file):
[2022-07-06T14:55:08.491Z]       file failed to create symbolic link
[2022-07-06T14:55:08.491Z]       '/local/S/jenkins/workspace/ECP/ecg-maya-usd/ecg-mayausd-branch-preflight-2020-osx/install/RelWithDebInfo/MayaUSD/plugin/al/Frameworks':
[2022-07-06T14:55:08.491Z]       no such file or directory
[2022-07-06T14:55:08.491Z]     
[2022-07-06T14:55:08.491Z]     
[2022-07-06T14:55:08.491Z]     -- Building AL_USDMayaSchemas
[2022-07-06T14:55:09.201Z]     #################################################################################################
[2022-07-06T14:55:09.201Z]     #  USD_DISABLE_PRIM_DEFINITIONS_FOR_USDGENSCHEMA is overridden to 'true'.  Default is 'false'.  #
[2022-07-06T14:55:09.201Z]     #################################################################################################
[2022-07-06T14:55:09.201Z]     Processing schema classes:
[2022-07-06T14:55:09.201Z]     ALModelAPI, ALFrameRange
[2022-07-06T14:55:09.201Z]     Loading Templates from /local/S/jenkins/workspace/shared/Artifactory/OSX/USD/73ca68d/lib/usd/usd/resources/codegenTemplates
[2022-07-06T14:55:09.201Z]     Writing API:
[2022-07-06T14:55:09.201Z]     	    wrote /local/S/jenkins/workspace/ECP/ecg-maya-usd/ecg-mayausd-branch-preflight-2020-osx/build/RelWithDebInfo/plugin/al/schemas/AL/usd/schemas/maya/api.h
[2022-07-06T14:55:09.201Z]     Writing Schema Tokens:
[2022-07-06T14:55:09.201Z]     	    wrote /local/S/jenkins/workspace/ECP/ecg-maya-usd/ecg-mayausd-branch-preflight-2020-osx/build/RelWithDebInfo/plugin/al/schemas/AL/usd/schemas/maya/tokens.h
[2022-07-06T14:55:09.201Z]     	    wrote /local/S/jenkins/workspace/ECP/ecg-maya-usd/ecg-mayausd-branch-preflight-2020-osx/build/RelWithDebInfo/plugin/al/schemas/AL/usd/schemas/maya/tokens.cpp
[2022-07-06T14:55:09.201Z]     	    wrote /local/S/jenkins/workspace/ECP/ecg-maya-usd/ecg-mayausd-branch-preflight-2020-osx/build/RelWithDebInfo/plugin/al/schemas/AL/usd/schemas/maya/wrapTokens.cpp
[2022-07-06T14:55:09.201Z]     Generating Classes:
[2022-07-06T14:55:09.201Z]     	    wrote /local/S/jenkins/workspace/ECP/ecg-maya-usd/ecg-mayausd-branch-preflight-2020-osx/build/RelWithDebInfo/plugin/al/schemas/AL/usd/schemas/maya/ModelAPI.h
[2022-07-06T14:55:09.201Z]     	    wrote /local/S/jenkins/workspace/ECP/ecg-maya-usd/ecg-mayausd-branch-preflight-2020-osx/build/RelWithDebInfo/plugin/al/schemas/AL/usd/schemas/maya/ModelAPI.cpp
[2022-07-06T14:55:09.201Z]     	    wrote /local/S/jenkins/workspace/ECP/ecg-maya-usd/ecg-mayausd-branch-preflight-2020-osx/build/RelWithDebInfo/plugin/al/schemas/AL/usd/schemas/maya/wrapModelAPI.cpp
[2022-07-06T14:55:09.201Z]     	    wrote /local/S/jenkins/workspace/ECP/ecg-maya-usd/ecg-mayausd-branch-preflight-2020-osx/build/RelWithDebInfo/plugin/al/schemas/AL/usd/schemas/maya/FrameRange.h
[2022-07-06T14:55:09.201Z]     	    wrote /local/S/jenkins/workspace/ECP/ecg-maya-usd/ecg-mayausd-branch-preflight-2020-osx/build/RelWithDebInfo/plugin/al/schemas/AL/usd/schemas/maya/FrameRange.cpp
[2022-07-06T14:55:09.201Z]     	    wrote /local/S/jenkins/workspace/ECP/ecg-maya-usd/ecg-mayausd-branch-preflight-2020-osx/build/RelWithDebInfo/plugin/al/schemas/AL/usd/schemas/maya/wrapFrameRange.cpp
[2022-07-06T14:55:09.201Z]     Loading Templates from /local/S/jenkins/workspace/shared/Artifactory/OSX/USD/73ca68d/lib/usd/usd/resources/codegenTemplates
[2022-07-06T14:55:09.201Z]     	    wrote /local/S/jenkins/workspace/ECP/ecg-maya-usd/ecg-mayausd-branch-preflight-2020-osx/build/RelWithDebInfo/plugin/al/schemas/AL/usd/schemas/maya/plugInfo.json
[2022-07-06T14:55:09.201Z]     Generating Schematics:
[2022-07-06T14:55:09.201Z]     	    wrote /local/S/jenkins/workspace/ECP/ecg-maya-usd/ecg-mayausd-branch-preflight-2020-osx/build/RelWithDebInfo/plugin/al/schemas/AL/usd/schemas/maya/generatedSchema.usda
[2022-07-06T14:55:09.201Z]     CMake Error at plugin/al/schemas/AL/usd/schemas/maya/tests/CMakeLists.txt:50 (file):
[2022-07-06T14:55:09.201Z]       file failed to create symbolic link
[2022-07-06T14:55:09.201Z]       '/local/S/jenkins/workspace/ECP/ecg-maya-usd/ecg-mayausd-branch-preflight-2020-osx/install/RelWithDebInfo/MayaUSD/plugin/al/Frameworks':
[2022-07-06T14:55:09.201Z]       no such file or directory
[2022-07-06T14:55:09.201Z]     
[2022-07-06T14:55:09.201Z]     
[2022-07-06T14:55:09.201Z]     #################################################################################################
[2022-07-06T14:55:09.201Z]     #  USD_DISABLE_PRIM_DEFINITIONS_FOR_USDGENSCHEMA is overridden to 'true'.  Default is 'false'.  #
[2022-07-06T14:55:09.201Z]     #################################################################################################
[2022-07-06T14:55:09.201Z]     Processing schema classes:
[2022-07-06T14:55:09.201Z]     ALExamplePolyCubeNode
[2022-07-06T14:55:09.201Z]     Loading Templates from /local/S/jenkins/workspace/shared/Artifactory/OSX/USD/73ca68d/lib/usd/usd/resources/codegenTemplates
[2022-07-06T14:55:09.201Z]     Writing API:
[2022-07-06T14:55:09.201Z]     	    wrote /local/S/jenkins/workspace/ECP/ecg-maya-usd/ecg-mayausd-branch-preflight-2020-osx/build/RelWithDebInfo/plugin/al/schemas/AL/usd/schemas/mayatest/api.h
[2022-07-06T14:55:09.201Z]     Writing Schema Tokens:
[2022-07-06T14:55:09.201Z]     	    wrote /local/S/jenkins/workspace/ECP/ecg-maya-usd/ecg-mayausd-branch-preflight-2020-osx/build/RelWithDebInfo/plugin/al/schemas/AL/usd/schemas/mayatest/tokens.h
[2022-07-06T14:55:09.201Z]     	    wrote /local/S/jenkins/workspace/ECP/ecg-maya-usd/ecg-mayausd-branch-preflight-2020-osx/build/RelWithDebInfo/plugin/al/schemas/AL/usd/schemas/mayatest/tokens.cpp
[2022-07-06T14:55:09.201Z]     	    wrote /local/S/jenkins/workspace/ECP/ecg-maya-usd/ecg-mayausd-branch-preflight-2020-osx/build/RelWithDebInfo/plugin/al/schemas/AL/usd/schemas/mayatest/wrapTokens.cpp
[2022-07-06T14:55:09.201Z]     Generating Classes:
[2022-07-06T14:55:09.201Z]     	    wrote /local/S/jenkins/workspace/ECP/ecg-maya-usd/ecg-mayausd-branch-preflight-2020-osx/build/RelWithDebInfo/plugin/al/schemas/AL/usd/schemas/mayatest/ExamplePolyCubeNode.h
[2022-07-06T14:55:09.201Z]     	    wrote /local/S/jenkins/workspace/ECP/ecg-maya-usd/ecg-mayausd-branch-preflight-2020-osx/build/RelWithDebInfo/plugin/al/schemas/AL/usd/schemas/mayatest/ExamplePolyCubeNode.cpp
[2022-07-06T14:55:09.201Z]     	    wrote /local/S/jenkins/workspace/ECP/ecg-maya-usd/ecg-mayausd-branch-preflight-2020-osx/build/RelWithDebInfo/plugin/al/schemas/AL/usd/schemas/mayatest/wrapExamplePolyCubeNode.cpp
[2022-07-06T14:55:09.201Z]     Loading Templates from /local/S/jenkins/workspace/shared/Artifactory/OSX/USD/73ca68d/lib/usd/usd/resources/codegenTemplates
[2022-07-06T14:55:09.201Z]     	    wrote /local/S/jenkins/workspace/ECP/ecg-maya-usd/ecg-mayausd-branch-preflight-2020-osx/build/RelWithDebInfo/plugin/al/schemas/AL/usd/schemas/mayatest/plugInfo.json
[2022-07-06T14:55:09.201Z]     Generating Schematics:
[2022-07-06T14:55:09.201Z]     	    wrote /local/S/jenkins/workspace/ECP/ecg-maya-usd/ecg-mayausd-branch-preflight-2020-osx/build/RelWithDebInfo/plugin/al/schemas/AL/usd/schemas/mayatest/generatedSchema.usda
[2022-07-06T14:55:09.201Z]     -- Building AL_USDMayaTranslators
[2022-07-06T14:55:09.550Z]     ========== ADSK USD Plugin ==========
[2022-07-06T14:55:09.550Z]     -- Configuring incomplete, errors occurred!
[2022-07-06T14:55:09.550Z]     See also "/local/S/jenkins/workspace/ECP/ecg-maya-usd/ecg-mayausd-branch-preflight-2020-osx/build/RelWithDebInfo/CMakeFiles/CMakeOutput.log".
[2022-07-06T14:55:09.550Z]     
[2022-07-06T14:55:09.550Z]         Building with settings:
[2022-07-06T14:55:09.550Z]           Source directory          /local/S/jenkins/workspace/ECP/ecg-maya-usd/ecg-mayausd-branch-preflight-2020-osx/ecg-maya-usd/maya-usd
[2022-07-06T14:55:09.550Z]           Workspace directory       /local/S/jenkins/workspace/ECP/ecg-maya-usd/ecg-mayausd-branch-preflight-2020-osx
[2022-07-06T14:55:09.550Z]           Build directory           /local/S/jenkins/workspace/ECP/ecg-maya-usd/ecg-mayausd-branch-preflight-2020-osx/build/RelWithDebInfo
[2022-07-06T14:55:09.550Z]           Install directory         /local/S/jenkins/workspace/ECP/ecg-maya-usd/ecg-mayausd-branch-preflight-2020-osx/install/RelWithDebInfo/MayaUSD
[2022-07-06T14:55:09.550Z]           Variant                   RelWithDebInfo
[2022-07-06T14:55:09.550Z]           Python Debug              Off
[2022-07-06T14:55:09.550Z]           CMake generator           Ninja
[2022-07-06T14:55:09.550Z]           Build arguments           ['-DCMAKE_MAKE_PROGRAM=/local/S/jenkins/workspace/shared/Artifactory/OSX/ninja/1.9.0/41005eb/ninja', '-DPYTHON_INCLUDE_DIR=/local/S/jenkins/workspace/shared/Artifactory/OSX/rundev-2020/202107140359/runtime/446214e/runTime/Maya.app/Contents/Frameworks/Python.framework/Versions/Current/include/python2.7', '-DPython_EXECUTABLE=/local/S/jenkins/workspace/shared/Artifactory/OSX/rundev-2020/202107140359/runtime/446214e/runTime/Maya.app/Contents/bin/mayapy', '-DPYTHON_LIBRARIES=/local/S/jenkins/workspace/shared/Artifactory/OSX/rundev-2020/202107140359/runtime/446214e/runTime/Maya.app/Contents/Frameworks/Python.framework/Versions/Current/lib/libpython2.7.dylib', '-DUSD_LIB_PREFIX=lib', '-DCMAKE_WANT_MATERIALX_BUILD=ON', '-DCMAKE_PREFIX_PATH=/local/S/jenkins/workspace/shared/Artifactory/OSX/USD/73ca68d']
[2022-07-06T14:55:09.550Z]           Stages arguments          ['configure']
[2022-07-06T14:55:09.550Z]           CTest arguments           ['-E testUsdReferenceAssemblySelection|testUsdMayaAppDir', '-LE interactive', '--parallel 4']
[2022-07-06T14:55:09.550Z]     #####################################################################################
[2022-07-06T14:55:09.550Z]     log date: 2022-07-06 07:54
[2022-07-06T14:55:09.550Z]     commit sha: 620a3801fa66f430e046ee1252659046b1832544
[2022-07-06T14:55:09.550Z]     commit date: Wed Jul 6 10:39:54 2022 -0400
[2022-07-06T14:55:09.550Z]     #####################################################################################
[2022-07-06T14:55:09.550Z]     
[2022-07-06T14:55:09.550Z]     cmake -DCMAKE_INSTALL_PREFIX="/local/S/jenkins/workspace/ECP/ecg-maya-usd/ecg-mayausd-branch-preflight-2020-osx/install/RelWithDebInfo/MayaUSD" -DCMAKE_BUILD_TYPE=RelWithDebInfo -DCMAKE_EXPORT_COMPILE_COMMANDS=ON -G "Ninja" -DMAYA_LOCATION="/local/S/jenkins/workspace/shared/Artifactory/OSX/rundev-2020/202107140359/runtime/446214e/runTime" -DPXR_USD_LOCATION="/local/S/jenkins/workspace/shared/Artifactory/OSX/USD/73ca68d" -DMAYA_DEVKIT_LOCATION="/local/S/jenkins/workspace/shared/Artifactory/OSX/rundev-2020/202107140359/runtime/446214e/devkitBase" -DMAYAUSD_DEFINE_BOOST_DEBUG_PYTHON_FLAG=OFF -DQT_LOCATION="/local/S/jenkins/workspace/shared/Artifactory/OSX/qt/5.12.5/3ca78fe" -DCMAKE_MAKE_PROGRAM=/local/S/jenkins/workspace/shared/Artifactory/OSX/ninja/1.9.0/41005eb/ninja -DPYTHON_INCLUDE_DIR=/local/S/jenkins/workspace/shared/Artifactory/OSX/rundev-2020/202107140359/runtime/446214e/runTime/Maya.app/Contents/Frameworks/Python.framework/Versions/Current/include/python2.7 -DPython_EXECUTABLE=/local/S/jenkins/workspace/shared/Artifactory/OSX/rundev-2020/202107140359/runtime/446214e/runTime/Maya.app/Contents/bin/mayapy -DPYTHON_LIBRARIES=/local/S/jenkins/workspace/shared/Artifactory/OSX/rundev-2020/202107140359/runtime/446214e/runTime/Maya.app/Contents/Frameworks/Python.framework/Versions/Current/lib/libpython2.7.dylib -DUSD_LIB_PREFIX=lib -DCMAKE_WANT_MATERIALX_BUILD=ON -DCMAKE_PREFIX_PATH=/local/S/jenkins/workspace/shared/Artifactory/OSX/USD/73ca68d "/local/S/jenkins/workspace/ECP/ecg-maya-usd/ecg-mayausd-branch-preflight-2020-osx/ecg-maya-usd/maya-usd"
[2022-07-06T14:55:09.550Z]     
[2022-07-06T14:55:09.550Z]     Traceback (most recent call last):
[2022-07-06T14:55:09.550Z]       File "/local/S/jenkins/workspace/ECP/ecg-maya-usd/ecg-mayausd-branch-preflight-2020-osx/ecg-maya-usd/maya-usd/build.py", line 602, in <module>
[2022-07-06T14:55:09.550Z]         BuildAndInstall(context, context.buildArgs, context.stagesArgs)
[2022-07-06T14:55:09.550Z]       File "/local/S/jenkins/workspace/ECP/ecg-maya-usd/ecg-mayausd-branch-preflight-2020-osx/ecg-maya-usd/maya-usd/build.py", line 371, in BuildAndInstall
[2022-07-06T14:55:09.550Z]         RunCMake(context, extraArgs, stagesArgs)
[2022-07-06T14:55:09.550Z]       File "/local/S/jenkins/workspace/ECP/ecg-maya-usd/ecg-mayausd-branch-preflight-2020-osx/ecg-maya-usd/maya-usd/build.py", line 277, in RunCMake
[2022-07-06T14:55:09.550Z]         extraArgs=(" ".join(extraArgs) if extraArgs else "")))
[2022-07-06T14:55:09.550Z]       File "/local/S/jenkins/workspace/ECP/ecg-maya-usd/ecg-mayausd-branch-preflight-2020-osx/ecg-maya-usd/maya-usd/build.py", line 165, in Run
[2022-07-06T14:55:09.550Z]         .format(cmd=cmd, log=os.path.abspath(context.logFileLocation)))
[2022-07-06T14:55:09.551Z]     RuntimeError: Failed to run 'cmake -DCMAKE_INSTALL_PREFIX="/local/S/jenkins/workspace/ECP/ecg-maya-usd/ecg-mayausd-branch-preflight-2020-osx/install/RelWithDebInfo/MayaUSD" -DCMAKE_BUILD_TYPE=RelWithDebInfo -DCMAKE_EXPORT_COMPILE_COMMANDS=ON -G "Ninja" -DMAYA_LOCATION="/local/S/jenkins/workspace/shared/Artifactory/OSX/rundev-2020/202107140359/runtime/446214e/runTime" -DPXR_USD_LOCATION="/local/S/jenkins/workspace/shared/Artifactory/OSX/USD/73ca68d" -DMAYA_DEVKIT_LOCATION="/local/S/jenkins/workspace/shared/Artifactory/OSX/rundev-2020/202107140359/runtime/446214e/devkitBase" -DMAYAUSD_DEFINE_BOOST_DEBUG_PYTHON_FLAG=OFF -DQT_LOCATION="/local/S/jenkins/workspace/shared/Artifactory/OSX/qt/5.12.5/3ca78fe" -DCMAKE_MAKE_PROGRAM=/local/S/jenkins/workspace/shared/Artifactory/OSX/ninja/1.9.0/41005eb/ninja -DPYTHON_INCLUDE_DIR=/local/S/jenkins/workspace/shared/Artifactory/OSX/rundev-2020/202107140359/runtime/446214e/runTime/Maya.app/Contents/Frameworks/Python.framework/Versions/Current/include/python2.7 -DPython_EXECUTABLE=/local/S/jenkins/workspace/shared/Artifactory/OSX/rundev-2020/202107140359/runtime/446214e/runTime/Maya.app/Contents/bin/mayapy -DPYTHON_LIBRARIES=/local/S/jenkins/workspace/shared/Artifactory/OSX/rundev-2020/202107140359/runtime/446214e/runTime/Maya.app/Contents/Frameworks/Python.framework/Versions/Current/lib/libpython2.7.dylib -DUSD_LIB_PREFIX=lib -DCMAKE_WANT_MATERIALX_BUILD=ON -DCMAKE_PREFIX_PATH=/local/S/jenkins/workspace/shared/Artifactory/OSX/USD/73ca68d "/local/S/jenkins/workspace/ECP/ecg-maya-usd/ecg-mayausd-branch-preflight-2020-osx/ecg-maya-usd/maya-usd"'
[2022-07-06T14:55:09.551Z]     See /local/S/jenkins/workspace/ECP/ecg-maya-usd/ecg-mayausd-branch-preflight-2020-osx/build/RelWithDebInfo/build_log.txt for more details.
[2022-07-06T14:55:09.551Z] build.py: error: Command failed with error code: 1
[Pipeline] }
[Pipeline] // withEnv
[Pipeline] }
[Pipeline] // timeout
[Pipeline] }
[Pipeline] // stage
[Pipeline] }
[Pipeline] // timestamps
[Pipeline] emailextrecipients
Not sending mail to unregistered user ecg.jenkins@autodesk.com because your SCM claimed this was associated with a user ID ecg.jenkins' which your security realm does not recognize; you may need changes in your SCM plugin
Not sending mail to unregistered user ecg.jenkins@autodesk.com because your SCM claimed this was associated with a user ID ecg.jenkins' which your security realm does not recognize; you may need changes in your SCM plugin
[Pipeline] echo
No recipients to send notification.
[Pipeline] }
[Pipeline] // node
[Pipeline] End of Pipeline
ERROR: script returned exit code 1
[Checks API] No suitable checks publisher found.
Finished: FAILURE
