[2022-09-09T16:49:56.293Z] ================================================================================
[2022-09-09T16:49:56.293Z]                              setup (RelWithDebInfo)
[2022-09-09T16:49:56.293Z] ================================================================================
[Pipeline] }
[Pipeline] // withEnv
[Pipeline] }
[Pipeline] // timeout
[Pipeline] }
[Pipeline] // stage
[Pipeline] }
[Pipeline] // timestamps
[Pipeline] timestamps
[Pipeline] {
[Pipeline] stage
[Pipeline] { (Clean)
[Pipeline] timeout
[2022-09-09T16:49:56.936Z] Timeout set to expire in 6 hr 0 min
[Pipeline] {
[Pipeline] withEnv
[Pipeline] {
[Pipeline] sh
[2022-09-09T16:49:58.880Z] + python ecg-maya-usd/build.py --stages=clean --workspace-dir=/local/S/jenkins/workspace/ECP/ecg-maya-usd/ecg-mayausd-branch-preflight-2020-osx --artifactory-dir=/local/S/jenkins/workspace/shared/Artifactory --build-dir=/local/S/jenkins/workspace/ECP/ecg-maya-usd/ecg-mayausd-branch-preflight-2020-osx/build --install-dir=/local/S/jenkins/workspace/ECP/ecg-maya-usd/ecg-mayausd-branch-preflight-2020-osx/install --signing-dir=/local/S/jenkins/workspace/ECP/ecg-maya-usd/ecg-mayausd-branch-preflight-2020-osx/signing --package-dir=/local/S/jenkins/workspace/ECP/ecg-maya-usd/ecg-mayausd-branch-preflight-2020-osx/package --output-dir=/local/S/jenkins/workspace/ECP/ecg-maya-usd/ecg-mayausd-branch-preflight-2020-osx/output --stash-dir=/local/S/jenkins/workspace/ECP/ecg-maya-usd/ecg-mayausd-branch-preflight-2020-osx/stash --jenkins-build=250 --git-commit=fae7cf833a4756b05cfbdacc7cc689bda01068d0 --git-branch=master --variants=RelWithDebInfo --python=2.7 --post-zips=false --maya-cut-config=maya-rundev-2020.yaml --maya-package=rundev-2020 --stage-banner
[2022-09-09T16:49:58.880Z] Using Maya cut from /local/S/jenkins/workspace/shared/Artifactory/OSX/rundev-2020/202107140359/runtime/446214e
[2022-09-09T16:49:58.880Z] Using Maya ADSK Signatures from /local/S/jenkins/workspace/shared/Artifactory/OSX/adsk-plugin-signatures-maya/2023/c1dbfce
[2022-09-09T16:49:58.881Z] Using Maya Security Library from /local/S/jenkins/workspace/shared/Artifactory/OSX/maya-security-library/3.1.0/5f2130f
[2022-09-09T16:49:58.881Z] 
[2022-09-09T16:49:58.881Z] ================================================================================
[2022-09-09T16:49:58.881Z]                              clean (RelWithDebInfo)
[2022-09-09T16:49:58.881Z] ================================================================================
[2022-09-09T16:49:58.881Z] Maya Python RelWithDebInfo Info:
[2022-09-09T16:49:58.881Z]   mayapy executable   = /local/S/jenkins/workspace/shared/Artifactory/OSX/rundev-2020/202107140359/runtime/446214e/runTime/Maya.app/Contents/bin/mayapy
[2022-09-09T16:49:58.881Z]   Include Folder      = /local/S/jenkins/workspace/shared/Artifactory/OSX/rundev-2020/202107140359/runtime/446214e/runTime/Maya.app/Contents/Frameworks/Python.framework/Versions/Current/include/python2.7
[2022-09-09T16:49:58.881Z]   Library             = /local/S/jenkins/workspace/shared/Artifactory/OSX/rundev-2020/202107140359/runtime/446214e/runTime/Maya.app/Contents/Frameworks/Python.framework/Versions/Current/lib/libpython2.7.dylib
[2022-09-09T16:49:58.881Z]   site-package Folder = /local/S/jenkins/workspace/shared/Artifactory/OSX/rundev-2020/202107140359/runtime/446214e/runTime/Maya.app/Contents/Frameworks/Python.framework/Versions/Current/lib/python2.7/site-packages
[2022-09-09T16:49:59.525Z] In workdir: /local/S/jenkins/workspace/ECP/ecg-maya-usd/ecg-mayausd-branch-preflight-2020-osx/ecg-maya-usd/maya-usd
[2022-09-09T16:49:59.525Z] Executing: /local/S/jenkins/workspace/shared/Artifactory/OSX/rundev-2020/202107140359/runtime/446214e/runTime/Maya.app/Contents/bin/mayapy /local/S/jenkins/workspace/ECP/ecg-maya-usd/ecg-mayausd-branch-preflight-2020-osx/ecg-maya-usd/maya-usd/build.py --generator Ninja --build-relwithdebug --maya-location /local/S/jenkins/workspace/shared/Artifactory/OSX/rundev-2020/202107140359/runtime/446214e/runTime --devkit-location /local/S/jenkins/workspace/shared/Artifactory/OSX/rundev-2020/202107140359/runtime/446214e/devkitBase --pxrusd-location /local/S/jenkins/workspace/shared/Artifactory/OSX/USD/73ca68d --qt-location /local/S/jenkins/workspace/shared/Artifactory/OSX/qt/5.12.5/3ca78fe --build-args=-DCMAKE_MAKE_PROGRAM=/local/S/jenkins/workspace/shared/Artifactory/OSX/ninja/1.9.0/41005eb/ninja,-DPYTHON_INCLUDE_DIR=/local/S/jenkins/workspace/shared/Artifactory/OSX/rundev-2020/202107140359/runtime/446214e/runTime/Maya.app/Contents/Frameworks/Python.framework/Versions/Current/include/python2.7,-DPython_EXECUTABLE=/local/S/jenkins/workspace/shared/Artifactory/OSX/rundev-2020/202107140359/runtime/446214e/runTime/Maya.app/Contents/bin/mayapy,-DPYTHON_LIBRARIES=/local/S/jenkins/workspace/shared/Artifactory/OSX/rundev-2020/202107140359/runtime/446214e/runTime/Maya.app/Contents/Frameworks/Python.framework/Versions/Current/lib/libpython2.7.dylib,-DUSD_LIB_PREFIX=lib,-DCMAKE_WANT_MATERIALX_BUILD=ON,-DCMAKE_PREFIX_PATH=/local/S/jenkins/workspace/shared/Artifactory/OSX/USD/73ca68d '--ctest-args=-E testUsdReferenceAssemblySelection|testUsdMayaAppDir,-LE interactive,--parallel 4' --stages=clean --redirect-outstream-file=False --install-location /local/S/jenkins/workspace/ECP/ecg-maya-usd/ecg-mayausd-branch-preflight-2020-osx/install/RelWithDebInfo/MayaUSD /local/S/jenkins/workspace/ECP/ecg-maya-usd/ecg-mayausd-branch-preflight-2020-osx
[2022-09-09T16:49:59.525Z] Modified environment variables:
[2022-09-09T16:49:59.525Z]     PATH=/local/S/jenkins/workspace/shared/Artifactory/OSX/cmake/3.20.3/2594509/bin:/usr/local/bin:/bin:/usr/sbin:/sbin:/usr/bin
[2022-09-09T16:49:59.525Z]     
[2022-09-09T16:49:59.525Z]         Building with settings:
[2022-09-09T16:49:59.525Z]           Source directory          /local/S/jenkins/workspace/ECP/ecg-maya-usd/ecg-mayausd-branch-preflight-2020-osx/ecg-maya-usd/maya-usd
[2022-09-09T16:49:59.525Z]           Workspace directory       /local/S/jenkins/workspace/ECP/ecg-maya-usd/ecg-mayausd-branch-preflight-2020-osx
[2022-09-09T16:49:59.525Z]           Build directory           /local/S/jenkins/workspace/ECP/ecg-maya-usd/ecg-mayausd-branch-preflight-2020-osx/build/RelWithDebInfo
[2022-09-09T16:49:59.525Z]           Install directory         /local/S/jenkins/workspace/ECP/ecg-maya-usd/ecg-mayausd-branch-preflight-2020-osx/install/RelWithDebInfo/MayaUSD
[2022-09-09T16:49:59.525Z]           Variant                   RelWithDebInfo
[2022-09-09T16:49:59.525Z]           Python Debug              Off
[2022-09-09T16:49:59.525Z]           CMake generator           Ninja
[2022-09-09T16:49:59.525Z]           Build arguments           ['-DCMAKE_MAKE_PROGRAM=/local/S/jenkins/workspace/shared/Artifactory/OSX/ninja/1.9.0/41005eb/ninja', '-DPYTHON_INCLUDE_DIR=/local/S/jenkins/workspace/shared/Artifactory/OSX/rundev-2020/202107140359/runtime/446214e/runTime/Maya.app/Contents/Frameworks/Python.framework/Versions/Current/include/python2.7', '-DPython_EXECUTABLE=/local/S/jenkins/workspace/shared/Artifactory/OSX/rundev-2020/202107140359/runtime/446214e/runTime/Maya.app/Contents/bin/mayapy', '-DPYTHON_LIBRARIES=/local/S/jenkins/workspace/shared/Artifactory/OSX/rundev-2020/202107140359/runtime/446214e/runTime/Maya.app/Contents/Frameworks/Python.framework/Versions/Current/lib/libpython2.7.dylib', '-DUSD_LIB_PREFIX=lib', '-DCMAKE_WANT_MATERIALX_BUILD=ON', '-DCMAKE_PREFIX_PATH=/local/S/jenkins/workspace/shared/Artifactory/OSX/USD/73ca68d']
[2022-09-09T16:49:59.525Z]           Stages arguments          ['clean']
[2022-09-09T16:49:59.525Z]           CTest arguments           ['-E testUsdReferenceAssemblySelection|testUsdMayaAppDir', '-LE interactive', '--parallel 4']
[2022-09-09T16:49:59.525Z]     Success MayaUSD build and install !!!!
[2022-09-09T16:49:59.525Z]     Elapsed time: 00:00:00
[Pipeline] }
[Pipeline] // withEnv
[Pipeline] }
[Pipeline] // timeout
[Pipeline] }
[Pipeline] // stage
[Pipeline] }
[Pipeline] // timestamps
[Pipeline] timestamps
[Pipeline] {
[Pipeline] stage
[Pipeline] { (Configure)
[Pipeline] timeout
[2022-09-09T16:49:59.968Z] Timeout set to expire in 6 hr 0 min
[Pipeline] {
[Pipeline] withEnv
[Pipeline] {
[Pipeline] sh
[2022-09-09T16:50:01.356Z] + python ecg-maya-usd/build.py --stages=configure --workspace-dir=/local/S/jenkins/workspace/ECP/ecg-maya-usd/ecg-mayausd-branch-preflight-2020-osx --artifactory-dir=/local/S/jenkins/workspace/shared/Artifactory --build-dir=/local/S/jenkins/workspace/ECP/ecg-maya-usd/ecg-mayausd-branch-preflight-2020-osx/build --install-dir=/local/S/jenkins/workspace/ECP/ecg-maya-usd/ecg-mayausd-branch-preflight-2020-osx/install --signing-dir=/local/S/jenkins/workspace/ECP/ecg-maya-usd/ecg-mayausd-branch-preflight-2020-osx/signing --package-dir=/local/S/jenkins/workspace/ECP/ecg-maya-usd/ecg-mayausd-branch-preflight-2020-osx/package --output-dir=/local/S/jenkins/workspace/ECP/ecg-maya-usd/ecg-mayausd-branch-preflight-2020-osx/output --stash-dir=/local/S/jenkins/workspace/ECP/ecg-maya-usd/ecg-mayausd-branch-preflight-2020-osx/stash --jenkins-build=250 --git-commit=fae7cf833a4756b05cfbdacc7cc689bda01068d0 --git-branch=master --variants=RelWithDebInfo --python=2.7 --post-zips=false --maya-cut-config=maya-rundev-2020.yaml --maya-package=rundev-2020 --stage-banner
[2022-09-09T16:50:02.002Z] Using Maya cut from /local/S/jenkins/workspace/shared/Artifactory/OSX/rundev-2020/202107140359/runtime/446214e
[2022-09-09T16:50:02.002Z] Using Maya ADSK Signatures from /local/S/jenkins/workspace/shared/Artifactory/OSX/adsk-plugin-signatures-maya/2023/c1dbfce
[2022-09-09T16:50:02.002Z] Using Maya Security Library from /local/S/jenkins/workspace/shared/Artifactory/OSX/maya-security-library/3.1.0/5f2130f
[2022-09-09T16:50:02.002Z] 
[2022-09-09T16:50:02.002Z] ================================================================================
[2022-09-09T16:50:02.002Z]                            configure (RelWithDebInfo)
[2022-09-09T16:50:02.002Z] ================================================================================
[2022-09-09T16:50:02.002Z] Maya Python RelWithDebInfo Info:
[2022-09-09T16:50:02.002Z]   mayapy executable   = /local/S/jenkins/workspace/shared/Artifactory/OSX/rundev-2020/202107140359/runtime/446214e/runTime/Maya.app/Contents/bin/mayapy
[2022-09-09T16:50:02.002Z]   Include Folder      = /local/S/jenkins/workspace/shared/Artifactory/OSX/rundev-2020/202107140359/runtime/446214e/runTime/Maya.app/Contents/Frameworks/Python.framework/Versions/Current/include/python2.7
[2022-09-09T16:50:02.003Z]   Library             = /local/S/jenkins/workspace/shared/Artifactory/OSX/rundev-2020/202107140359/runtime/446214e/runTime/Maya.app/Contents/Frameworks/Python.framework/Versions/Current/lib/libpython2.7.dylib
[2022-09-09T16:50:02.003Z]   site-package Folder = /local/S/jenkins/workspace/shared/Artifactory/OSX/rundev-2020/202107140359/runtime/446214e/runTime/Maya.app/Contents/Frameworks/Python.framework/Versions/Current/lib/python2.7/site-packages
[2022-09-09T16:50:02.647Z] In workdir: /local/S/jenkins/workspace/ECP/ecg-maya-usd/ecg-mayausd-branch-preflight-2020-osx/ecg-maya-usd/maya-usd
[2022-09-09T16:50:02.647Z] Executing: /local/S/jenkins/workspace/shared/Artifactory/OSX/rundev-2020/202107140359/runtime/446214e/runTime/Maya.app/Contents/bin/mayapy /local/S/jenkins/workspace/ECP/ecg-maya-usd/ecg-mayausd-branch-preflight-2020-osx/ecg-maya-usd/maya-usd/build.py --generator Ninja --build-relwithdebug --maya-location /local/S/jenkins/workspace/shared/Artifactory/OSX/rundev-2020/202107140359/runtime/446214e/runTime --devkit-location /local/S/jenkins/workspace/shared/Artifactory/OSX/rundev-2020/202107140359/runtime/446214e/devkitBase --pxrusd-location /local/S/jenkins/workspace/shared/Artifactory/OSX/USD/73ca68d --qt-location /local/S/jenkins/workspace/shared/Artifactory/OSX/qt/5.12.5/3ca78fe --build-args=-DCMAKE_MAKE_PROGRAM=/local/S/jenkins/workspace/shared/Artifactory/OSX/ninja/1.9.0/41005eb/ninja,-DPYTHON_INCLUDE_DIR=/local/S/jenkins/workspace/shared/Artifactory/OSX/rundev-2020/202107140359/runtime/446214e/runTime/Maya.app/Contents/Frameworks/Python.framework/Versions/Current/include/python2.7,-DPython_EXECUTABLE=/local/S/jenkins/workspace/shared/Artifactory/OSX/rundev-2020/202107140359/runtime/446214e/runTime/Maya.app/Contents/bin/mayapy,-DPYTHON_LIBRARIES=/local/S/jenkins/workspace/shared/Artifactory/OSX/rundev-2020/202107140359/runtime/446214e/runTime/Maya.app/Contents/Frameworks/Python.framework/Versions/Current/lib/libpython2.7.dylib,-DUSD_LIB_PREFIX=lib,-DCMAKE_WANT_MATERIALX_BUILD=ON,-DCMAKE_PREFIX_PATH=/local/S/jenkins/workspace/shared/Artifactory/OSX/USD/73ca68d '--ctest-args=-E testUsdReferenceAssemblySelection|testUsdMayaAppDir,-LE interactive,--parallel 4' --stages=configure --redirect-outstream-file=False --install-location /local/S/jenkins/workspace/ECP/ecg-maya-usd/ecg-mayausd-branch-preflight-2020-osx/install/RelWithDebInfo/MayaUSD /local/S/jenkins/workspace/ECP/ecg-maya-usd/ecg-mayausd-branch-preflight-2020-osx
[2022-09-09T16:50:02.647Z] Modified environment variables:
[2022-09-09T16:50:02.647Z]     PATH=/local/S/jenkins/workspace/shared/Artifactory/OSX/cmake/3.20.3/2594509/bin:/usr/local/bin:/bin:/usr/sbin:/sbin:/usr/bin
[2022-09-09T16:50:04.950Z]     -- The C compiler identification is AppleClang 10.0.1.10010046
[2022-09-09T16:50:04.950Z]     -- The CXX compiler identification is AppleClang 10.0.1.10010046
[2022-09-09T16:50:04.950Z]     -- Detecting C compiler ABI info
[2022-09-09T16:50:04.950Z]     -- Detecting C compiler ABI info - done
[2022-09-09T16:50:04.950Z]     -- Check for working C compiler: /Applications/Xcode.app/Contents/Developer/Toolchains/XcodeDefault.xctoolchain/usr/bin/cc - skipped
[2022-09-09T16:50:04.950Z]     -- Detecting C compile features
[2022-09-09T16:50:04.950Z]     -- Detecting C compile features - done
[2022-09-09T16:50:04.950Z]     -- Detecting CXX compiler ABI info
[2022-09-09T16:50:04.950Z]     -- Detecting CXX compiler ABI info - done
[2022-09-09T16:50:04.950Z]     -- Check for working CXX compiler: /Applications/Xcode.app/Contents/Developer/Toolchains/XcodeDefault.xctoolchain/usr/bin/c++ - skipped
[2022-09-09T16:50:04.950Z]     -- Detecting CXX compile features
[2022-09-09T16:50:04.950Z]     -- Detecting CXX compile features - done
[2022-09-09T16:50:05.620Z]     -- Using Maya Light API Version 1
[2022-09-09T16:50:05.620Z]     -- Maya array iterator has difference_type trait
[2022-09-09T16:50:05.620Z]     -- Found Maya: /local/S/jenkins/workspace/shared/Artifactory/OSX/rundev-2020/202107140359/runtime/446214e/runTime/maya.app/Contents/MacOS/Maya (found suitable version "2020", minimum required is "2018")
[2022-09-09T16:50:05.620Z]     -- Found Python: /local/S/jenkins/workspace/shared/Artifactory/OSX/rundev-2020/202107140359/runtime/446214e/runTime/Maya.app/Contents/bin/mayapy (found suitable exact version "2.7.15") found components: Interpreter
[2022-09-09T16:50:05.620Z]     -- Build MayaUSD with Python3 = OFF
[2022-09-09T16:50:05.620Z]     --    PYTHON_INCLUDE_DIRS = /local/S/jenkins/workspace/shared/Artifactory/OSX/rundev-2020/202107140359/runtime/446214e/runTime/Maya.app/Contents/Frameworks/Python.framework/Versions/Current/include/python2.7
[2022-09-09T16:50:05.620Z]     --    PYTHON_LIBRARIES    = /local/S/jenkins/workspace/shared/Artifactory/OSX/rundev-2020/202107140359/runtime/446214e/runTime/Maya.app/Contents/Frameworks/Python.framework/Versions/Current/lib/libpython2.7.dylib
[2022-09-09T16:50:05.620Z]     --    Python_EXECUTABLE   = /local/S/jenkins/workspace/shared/Artifactory/OSX/rundev-2020/202107140359/runtime/446214e/runTime/Maya.app/Contents/bin/mayapy
[2022-09-09T16:50:06.265Z]     -- USD include dir: /local/S/jenkins/workspace/shared/Artifactory/OSX/USD/73ca68d/include
[2022-09-09T16:50:06.265Z]     -- USD library dir: /local/S/jenkins/workspace/shared/Artifactory/OSX/USD/73ca68d/lib
[2022-09-09T16:50:06.265Z]     -- USD version: 0.21.11
[2022-09-09T16:50:06.265Z]     -- Found USD: /local/S/jenkins/workspace/shared/Artifactory/OSX/USD/73ca68d (found suitable version "0.21.11", minimum required is "0.20.05")
[2022-09-09T16:50:06.265Z]     Updated PYTHONPATH: /local/S/jenkins/workspace/shared/Artifactory/OSX/USD/73ca68d/lib/python
[2022-09-09T16:50:06.265Z]     -- UFE include dir: /local/S/jenkins/workspace/shared/Artifactory/OSX/rundev-2020/202107140359/runtime/446214e/devkitBase/devkit/ufe/include
[2022-09-09T16:50:06.265Z]     -- UFE library: /local/S/jenkins/workspace/shared/Artifactory/OSX/rundev-2020/202107140359/runtime/446214e/devkitBase/devkit/ufe/lib/libufe_1.dylib
[2022-09-09T16:50:06.265Z]     -- UFE version: 1.0.0
[2022-09-09T16:50:06.265Z]     -- Building with UFE 1.0.0 features enabled.
[2022-09-09T16:50:06.265Z]     CMake Warning at CMakeLists.txt:155 (message):
[2022-09-09T16:50:06.265Z]       Disabling MaterialX VP2 rendering: it is not supported by this version of
[2022-09-09T16:50:06.265Z]       Maya.
[2022-09-09T16:50:06.265Z]     
[2022-09-09T16:50:06.265Z]     
[2022-09-09T16:50:06.265Z]     -- Found MaterialX
[2022-09-09T16:50:06.265Z]     -- Building with Qt features enabled.
[2022-09-09T16:50:06.265Z]     -- **** Building Gulrak From Github Repository.
[2022-09-09T16:50:06.265Z]     -- Populating gulrak
[2022-09-09T16:50:06.910Z]     -- Configuring done
[2022-09-09T16:50:06.910Z]     -- Generating done
[2022-09-09T16:50:06.910Z]     -- Build files have been written to: /local/S/jenkins/workspace/ECP/ecg-maya-usd/ecg-mayausd-branch-preflight-2020-osx/build/RelWithDebInfo/_deps/gulrak-subbuild
[2022-09-09T16:50:06.910Z]     [1/9] Creating directories for 'gulrak-populate'
[2022-09-09T16:50:06.910Z]     [1/9] Performing download step (git clone) for 'gulrak-populate'
[2022-09-09T16:50:06.910Z]     Cloning into 'gulrak-src'...
[2022-09-09T16:50:07.554Z]     HEAD is now at 4e21ab3 Version bump and updated readme.
[2022-09-09T16:50:07.554Z]     [2/9] Performing update step for 'gulrak-populate'
[2022-09-09T16:50:07.554Z]     [4/9] No patch step for 'gulrak-populate'
[2022-09-09T16:50:07.554Z]     [5/9] No configure step for 'gulrak-populate'
[2022-09-09T16:50:07.554Z]     [6/9] No build step for 'gulrak-populate'
[2022-09-09T16:50:07.554Z]     [7/9] No install step for 'gulrak-populate'
[2022-09-09T16:50:07.554Z]     [8/9] No test step for 'gulrak-populate'
[2022-09-09T16:50:07.554Z]     [9/9] Completed 'gulrak-populate'
[2022-09-09T16:50:07.554Z]     -- ========== Installing GoogleTest... ==========
[2022-09-09T16:50:07.554Z]     -- Configuring done
[2022-09-09T16:50:07.554Z]     -- Generating done
[2022-09-09T16:50:07.554Z]     -- Build files have been written to: /local/S/jenkins/workspace/ECP/ecg-maya-usd/ecg-mayausd-branch-preflight-2020-osx/build/RelWithDebInfo/googletest-config
[2022-09-09T16:50:08.199Z]     [1/8] Creating directories for 'googletest'
[2022-09-09T16:50:08.844Z]     [2/8] Performing download step (git clone) for 'googletest'
[2022-09-09T16:50:08.844Z]     Cloning into 'googletest-src'...
[2022-09-09T16:50:08.844Z]     HEAD is now at 703bd9ca Googletest export
[2022-09-09T16:50:08.844Z]     [3/8] Performing update step for 'googletest'
[2022-09-09T16:50:08.844Z]     [4/8] No patch step for 'googletest'
[2022-09-09T16:50:10.184Z]     [5/8] Performing configure step for 'googletest'
[2022-09-09T16:50:10.184Z]     Not searching for unused variables given on the command line.
[2022-09-09T16:50:10.184Z]     CMake Deprecation Warning at CMakeLists.txt:4 (cmake_minimum_required):
[2022-09-09T16:50:10.184Z]       Compatibility with CMake < 2.8.12 will be removed from a future version of
[2022-09-09T16:50:10.184Z]       CMake.
[2022-09-09T16:50:10.184Z]     
[2022-09-09T16:50:10.184Z]       Update the VERSION argument <min> value or use a ...<max> suffix to tell
[2022-09-09T16:50:10.184Z]       CMake that the project does not need compatibility with older versions.
[2022-09-09T16:50:10.184Z]     
[2022-09-09T16:50:10.184Z]     
[2022-09-09T16:50:10.184Z]     -- The C compiler identification is AppleClang 10.0.1.10010046
[2022-09-09T16:50:10.184Z]     -- The CXX compiler identification is AppleClang 10.0.1.10010046
[2022-09-09T16:50:10.184Z]     -- Detecting C compiler ABI info
[2022-09-09T16:50:10.184Z]     -- Detecting C compiler ABI info - done
[2022-09-09T16:50:10.184Z]     -- Check for working C compiler: /Applications/Xcode.app/Contents/Developer/Toolchains/XcodeDefault.xctoolchain/usr/bin/cc - skipped
[2022-09-09T16:50:10.184Z]     -- Detecting C compile features
[2022-09-09T16:50:10.184Z]     -- Detecting C compile features - done
[2022-09-09T16:50:10.184Z]     -- Detecting CXX compiler ABI info
[2022-09-09T16:50:10.184Z]     -- Detecting CXX compiler ABI info - done
[2022-09-09T16:50:10.184Z]     -- Check for working CXX compiler: /Applications/Xcode.app/Contents/Developer/Toolchains/XcodeDefault.xctoolchain/usr/bin/c++ - skipped
[2022-09-09T16:50:10.184Z]     -- Detecting CXX compile features
[2022-09-09T16:50:10.184Z]     -- Detecting CXX compile features - done
[2022-09-09T16:50:10.184Z]     CMake Deprecation Warning at googletest/CMakeLists.txt:56 (cmake_minimum_required):
[2022-09-09T16:50:10.184Z]       Compatibility with CMake < 2.8.12 will be removed from a future version of
[2022-09-09T16:50:10.184Z]       CMake.
[2022-09-09T16:50:10.184Z]     
[2022-09-09T16:50:10.184Z]       Update the VERSION argument <min> value or use a ...<max> suffix to tell
[2022-09-09T16:50:10.184Z]       CMake that the project does not need compatibility with older versions.
[2022-09-09T16:50:10.184Z]     
[2022-09-09T16:50:10.184Z]     
[2022-09-09T16:50:10.184Z]     -- Found PythonInterp: /usr/local/bin/python (found version "2.7.15")
[2022-09-09T16:50:10.184Z]     -- Looking for pthread.h
[2022-09-09T16:50:10.184Z]     -- Looking for pthread.h - found
[2022-09-09T16:50:10.184Z]     -- Performing Test CMAKE_HAVE_LIBC_PTHREAD
[2022-09-09T16:50:10.184Z]     -- Performing Test CMAKE_HAVE_LIBC_PTHREAD - Success
[2022-09-09T16:50:10.184Z]     -- Found Threads: TRUE
[2022-09-09T16:50:10.184Z]     -- Configuring done
[2022-09-09T16:50:10.184Z]     -- Generating done
[2022-09-09T16:50:10.184Z]     -- Build files have been written to: /local/S/jenkins/workspace/ECP/ecg-maya-usd/ecg-mayausd-branch-preflight-2020-osx/build/RelWithDebInfo/googletest-build
[2022-09-09T16:50:16.391Z]     [6/8] Performing build step for 'googletest'
[2022-09-09T16:50:16.391Z]     [1/4] Building CXX object googletest/CMakeFiles/gtest_main.dir/src/gtest_main.cc.o
[2022-09-09T16:50:16.391Z]     [2/4] Building CXX object googletest/CMakeFiles/gtest.dir/src/gtest-all.cc.o
[2022-09-09T16:50:16.391Z]     [3/4] Linking CXX shared library lib/libgtest.dylib
[2022-09-09T16:50:16.391Z]     [4/4] Linking CXX shared library lib/libgtest_main.dylib
[2022-09-09T16:50:16.391Z]     [7/8] Performing install step for 'googletest'
[2022-09-09T16:50:16.391Z]     [0/1] Install the project...
[2022-09-09T16:50:16.391Z]     -- Install configuration: "RelWithDebInfo"
[2022-09-09T16:50:16.391Z]     [8/8] Completed 'googletest'
[2022-09-09T16:50:16.391Z]     -- ========== ...  GoogleTest installed. ==========
[2022-09-09T16:50:17.036Z]     -- MAYA_HAS_DEFAULT_MATERIAL_API is FALSE
[2022-09-09T16:50:17.036Z]     -- MAYA_NEW_POINT_SNAPPING_SUPPORT is FALSE
[2022-09-09T16:50:17.036Z]     -- MAYA_HAS_CRASH_DETECTION is FALSE
[2022-09-09T16:50:17.036Z]     -- MAYA_CURRENT_UFE_CAMERA_SUPPORT is FALSE
[2022-09-09T16:50:17.036Z]     -- MAYA_MRENDERITEM_UFE_IDENTIFIER_SUPPORT is FALSE
[2022-09-09T16:50:17.036Z]     -- MAYA_UPDATE_UFE_IDENTIFIER_SUPPORT is FALSE
[2022-09-09T16:50:17.036Z]     -- MAYA_HAS_DISPLAY_STYLE_ALL_VIEWPORTS is FALSE
[2022-09-09T16:50:17.036Z]     -- MAYA_ARRAY_ITERATOR_DIFFERENCE_TYPE_SUPPORT is TRUE
[2022-09-09T16:50:17.036Z]     -- MAYA_HAS_GET_MEMBER_PATHS is FALSE
[2022-09-09T16:50:17.036Z]     -- USD_HAS_COLOR4_SDR_SUPPORT is FALSE
[2022-09-09T16:50:17.036Z]     -- MAYA_HAS_DISPLAY_LAYER_API is FALSE
[2022-09-09T16:50:17.036Z]     -- MAYA_HAS_NEW_DISPLAY_LAYER_MESSAGING_API is FALSE
[2022-09-09T16:50:17.036Z]     -- MAYA_HAS_RENDER_ITEM_HIDE_ON_PLAYBACK_API is FALSE
[2022-09-09T16:50:17.036Z]     -- promoting: /local/S/jenkins/workspace/ECP/ecg-maya-usd/ecg-mayausd-branch-preflight-2020-osx/ecg-maya-usd/maya-usd/lib/mayaUsd/base/mayaUsd.h.src
[2022-09-09T16:50:17.036Z]     -- promoting: /local/S/jenkins/workspace/ECP/ecg-maya-usd/ecg-mayausd-branch-preflight-2020-osx/ecg-maya-usd/maya-usd/lib/mayaUsd/base/api.h
[2022-09-09T16:50:17.036Z]     -- promoting: /local/S/jenkins/workspace/ECP/ecg-maya-usd/ecg-mayausd-branch-preflight-2020-osx/ecg-maya-usd/maya-usd/lib/mayaUsd/base/debugCodes.h
[2022-09-09T16:50:17.036Z]     -- promoting: /local/S/jenkins/workspace/ECP/ecg-maya-usd/ecg-mayausd-branch-preflight-2020-osx/ecg-maya-usd/maya-usd/lib/mayaUsd/base/id.h
[2022-09-09T16:50:17.036Z]     -- promoting: /local/S/jenkins/workspace/ECP/ecg-maya-usd/ecg-mayausd-branch-preflight-2020-osx/ecg-maya-usd/maya-usd/lib/mayaUsd/base/syncId.h
[2022-09-09T16:50:17.036Z]     -- promoting: /local/S/jenkins/workspace/ECP/ecg-maya-usd/ecg-mayausd-branch-preflight-2020-osx/ecg-maya-usd/maya-usd/lib/mayaUsd/base/tokens.h
[2022-09-09T16:50:17.036Z]     -- promoting: /local/S/jenkins/workspace/ECP/ecg-maya-usd/ecg-mayausd-branch-preflight-2020-osx/ecg-maya-usd/maya-usd/lib/mayaUsd/commands/abstractLayerEditorWindow.h
[2022-09-09T16:50:17.036Z]     -- promoting: /local/S/jenkins/workspace/ECP/ecg-maya-usd/ecg-mayausd-branch-preflight-2020-osx/ecg-maya-usd/maya-usd/lib/mayaUsd/commands/baseExportCommand.h
[2022-09-09T16:50:17.036Z]     -- promoting: /local/S/jenkins/workspace/ECP/ecg-maya-usd/ecg-mayausd-branch-preflight-2020-osx/ecg-maya-usd/maya-usd/lib/mayaUsd/commands/baseImportCommand.h
[2022-09-09T16:50:17.036Z]     -- promoting: /local/S/jenkins/workspace/ECP/ecg-maya-usd/ecg-mayausd-branch-preflight-2020-osx/ecg-maya-usd/maya-usd/lib/mayaUsd/commands/baseListJobContextsCommand.h
[2022-09-09T16:50:17.036Z]     -- promoting: /local/S/jenkins/workspace/ECP/ecg-maya-usd/ecg-mayausd-branch-preflight-2020-osx/ecg-maya-usd/maya-usd/lib/mayaUsd/commands/baseListShadingModesCommand.h
[2022-09-09T16:50:17.036Z]     -- promoting: /local/S/jenkins/workspace/ECP/ecg-maya-usd/ecg-mayausd-branch-preflight-2020-osx/ecg-maya-usd/maya-usd/lib/mayaUsd/commands/editTargetCommand.h
[2022-09-09T16:50:17.036Z]     -- promoting: /local/S/jenkins/workspace/ECP/ecg-maya-usd/ecg-mayausd-branch-preflight-2020-osx/ecg-maya-usd/maya-usd/lib/mayaUsd/commands/layerEditorCommand.h
[2022-09-09T16:50:17.036Z]     -- promoting: /local/S/jenkins/workspace/ECP/ecg-maya-usd/ecg-mayausd-branch-preflight-2020-osx/ecg-maya-usd/maya-usd/lib/mayaUsd/commands/layerEditorWindowCommand.h
[2022-09-09T16:50:17.036Z]     -- promoting: /local/S/jenkins/workspace/ECP/ecg-maya-usd/ecg-mayausd-branch-preflight-2020-osx/ecg-maya-usd/maya-usd/lib/mayaUsd/fileio/fallbackPrimReader.h
[2022-09-09T16:50:17.036Z]     -- promoting: /local/S/jenkins/workspace/ECP/ecg-maya-usd/ecg-mayausd-branch-preflight-2020-osx/ecg-maya-usd/maya-usd/lib/mayaUsd/fileio/functorPrimReader.h
[2022-09-09T16:50:17.036Z]     -- promoting: /local/S/jenkins/workspace/ECP/ecg-maya-usd/ecg-mayausd-branch-preflight-2020-osx/ecg-maya-usd/maya-usd/lib/mayaUsd/fileio/functorPrimWriter.h
[2022-09-09T16:50:17.036Z]     -- promoting: /local/S/jenkins/workspace/ECP/ecg-maya-usd/ecg-mayausd-branch-preflight-2020-osx/ecg-maya-usd/maya-usd/lib/mayaUsd/fileio/importData.h
[2022-09-09T16:50:17.036Z]     -- promoting: /local/S/jenkins/workspace/ECP/ecg-maya-usd/ecg-mayausd-branch-preflight-2020-osx/ecg-maya-usd/maya-usd/lib/mayaUsd/fileio/instancedNodeWriter.h
[2022-09-09T16:50:17.036Z]     -- promoting: /local/S/jenkins/workspace/ECP/ecg-maya-usd/ecg-mayausd-branch-preflight-2020-osx/ecg-maya-usd/maya-usd/lib/mayaUsd/fileio/jobContextRegistry.h
[2022-09-09T16:50:17.036Z]     -- promoting: /local/S/jenkins/workspace/ECP/ecg-maya-usd/ecg-mayausd-branch-preflight-2020-osx/ecg-maya-usd/maya-usd/lib/mayaUsd/fileio/primReader.h
[2022-09-09T16:50:17.036Z]     -- promoting: /local/S/jenkins/workspace/ECP/ecg-maya-usd/ecg-mayausd-branch-preflight-2020-osx/ecg-maya-usd/maya-usd/lib/mayaUsd/fileio/primReaderArgs.h
[2022-09-09T16:50:17.036Z]     -- promoting: /local/S/jenkins/workspace/ECP/ecg-maya-usd/ecg-mayausd-branch-preflight-2020-osx/ecg-maya-usd/maya-usd/lib/mayaUsd/fileio/primReaderContext.h
[2022-09-09T16:50:17.036Z]     -- promoting: /local/S/jenkins/workspace/ECP/ecg-maya-usd/ecg-mayausd-branch-preflight-2020-osx/ecg-maya-usd/maya-usd/lib/mayaUsd/fileio/primReaderRegistry.h
[2022-09-09T16:50:17.036Z]     -- promoting: /local/S/jenkins/workspace/ECP/ecg-maya-usd/ecg-mayausd-branch-preflight-2020-osx/ecg-maya-usd/maya-usd/lib/mayaUsd/fileio/primWriter.h
[2022-09-09T16:50:17.036Z]     -- promoting: /local/S/jenkins/workspace/ECP/ecg-maya-usd/ecg-mayausd-branch-preflight-2020-osx/ecg-maya-usd/maya-usd/lib/mayaUsd/fileio/primWriterArgs.h
[2022-09-09T16:50:17.036Z]     -- promoting: /local/S/jenkins/workspace/ECP/ecg-maya-usd/ecg-mayausd-branch-preflight-2020-osx/ecg-maya-usd/maya-usd/lib/mayaUsd/fileio/primWriterContext.h
[2022-09-09T16:50:17.036Z]     -- promoting: /local/S/jenkins/workspace/ECP/ecg-maya-usd/ecg-mayausd-branch-preflight-2020-osx/ecg-maya-usd/maya-usd/lib/mayaUsd/fileio/primWriterRegistry.h
[2022-09-09T16:50:17.036Z]     -- promoting: /local/S/jenkins/workspace/ECP/ecg-maya-usd/ecg-mayausd-branch-preflight-2020-osx/ecg-maya-usd/maya-usd/lib/mayaUsd/fileio/registryHelper.h
[2022-09-09T16:50:17.036Z]     -- promoting: /local/S/jenkins/workspace/ECP/ecg-maya-usd/ecg-mayausd-branch-preflight-2020-osx/ecg-maya-usd/maya-usd/lib/mayaUsd/fileio/schemaApiAdaptor.h
[2022-09-09T16:50:17.036Z]     -- promoting: /local/S/jenkins/workspace/ECP/ecg-maya-usd/ecg-mayausd-branch-preflight-2020-osx/ecg-maya-usd/maya-usd/lib/mayaUsd/fileio/schemaApiAdaptorRegistry.h
[2022-09-09T16:50:17.036Z]     -- promoting: /local/S/jenkins/workspace/ECP/ecg-maya-usd/ecg-mayausd-branch-preflight-2020-osx/ecg-maya-usd/maya-usd/lib/mayaUsd/fileio/shaderReader.h
[2022-09-09T16:50:17.037Z]     -- promoting: /local/S/jenkins/workspace/ECP/ecg-maya-usd/ecg-mayausd-branch-preflight-2020-osx/ecg-maya-usd/maya-usd/lib/mayaUsd/fileio/shaderReaderRegistry.h
[2022-09-09T16:50:17.037Z]     -- promoting: /local/S/jenkins/workspace/ECP/ecg-maya-usd/ecg-mayausd-branch-preflight-2020-osx/ecg-maya-usd/maya-usd/lib/mayaUsd/fileio/shaderWriter.h
[2022-09-09T16:50:17.037Z]     -- promoting: /local/S/jenkins/workspace/ECP/ecg-maya-usd/ecg-mayausd-branch-preflight-2020-osx/ecg-maya-usd/maya-usd/lib/mayaUsd/fileio/shaderWriterRegistry.h
[2022-09-09T16:50:17.037Z]     -- promoting: /local/S/jenkins/workspace/ECP/ecg-maya-usd/ecg-mayausd-branch-preflight-2020-osx/ecg-maya-usd/maya-usd/lib/mayaUsd/fileio/transformWriter.h
[2022-09-09T16:50:17.037Z]     -- promoting: /local/S/jenkins/workspace/ECP/ecg-maya-usd/ecg-mayausd-branch-preflight-2020-osx/ecg-maya-usd/maya-usd/lib/mayaUsd/fileio/writeJobContext.h
[2022-09-09T16:50:17.037Z]     -- promoting: /local/S/jenkins/workspace/ECP/ecg-maya-usd/ecg-mayausd-branch-preflight-2020-osx/ecg-maya-usd/maya-usd/lib/mayaUsd/fileio/chaser/exportChaser.h
[2022-09-09T16:50:17.037Z]     -- promoting: /local/S/jenkins/workspace/ECP/ecg-maya-usd/ecg-mayausd-branch-preflight-2020-osx/ecg-maya-usd/maya-usd/lib/mayaUsd/fileio/chaser/exportChaserRegistry.h
[2022-09-09T16:50:17.037Z]     -- promoting: /local/S/jenkins/workspace/ECP/ecg-maya-usd/ecg-mayausd-branch-preflight-2020-osx/ecg-maya-usd/maya-usd/lib/mayaUsd/fileio/chaser/importChaserRegistry.h
[2022-09-09T16:50:17.037Z]     -- promoting: /local/S/jenkins/workspace/ECP/ecg-maya-usd/ecg-mayausd-branch-preflight-2020-osx/ecg-maya-usd/maya-usd/lib/mayaUsd/fileio/chaser/importChaser.h
[2022-09-09T16:50:17.037Z]     -- promoting: /local/S/jenkins/workspace/ECP/ecg-maya-usd/ecg-mayausd-branch-preflight-2020-osx/ecg-maya-usd/maya-usd/lib/mayaUsd/fileio/jobs/jobArgs.h
[2022-09-09T16:50:17.037Z]     -- promoting: /local/S/jenkins/workspace/ECP/ecg-maya-usd/ecg-mayausd-branch-preflight-2020-osx/ecg-maya-usd/maya-usd/lib/mayaUsd/fileio/jobs/meshDataReadJob.h
[2022-09-09T16:50:17.037Z]     -- promoting: /local/S/jenkins/workspace/ECP/ecg-maya-usd/ecg-mayausd-branch-preflight-2020-osx/ecg-maya-usd/maya-usd/lib/mayaUsd/fileio/jobs/modelKindProcessor.h
[2022-09-09T16:50:17.037Z]     -- promoting: /local/S/jenkins/workspace/ECP/ecg-maya-usd/ecg-mayausd-branch-preflight-2020-osx/ecg-maya-usd/maya-usd/lib/mayaUsd/fileio/jobs/readJob.h
[2022-09-09T16:50:17.037Z]     -- promoting: /local/S/jenkins/workspace/ECP/ecg-maya-usd/ecg-mayausd-branch-preflight-2020-osx/ecg-maya-usd/maya-usd/lib/mayaUsd/fileio/jobs/writeJob.h
[2022-09-09T16:50:17.037Z]     -- promoting: /local/S/jenkins/workspace/ECP/ecg-maya-usd/ecg-mayausd-branch-preflight-2020-osx/ecg-maya-usd/maya-usd/lib/mayaUsd/fileio/shading/rfmShaderMap.h
[2022-09-09T16:50:17.037Z]     -- promoting: /local/S/jenkins/workspace/ECP/ecg-maya-usd/ecg-mayausd-branch-preflight-2020-osx/ecg-maya-usd/maya-usd/lib/mayaUsd/fileio/shading/shadingModeExporter.h
[2022-09-09T16:50:17.037Z]     -- promoting: /local/S/jenkins/workspace/ECP/ecg-maya-usd/ecg-mayausd-branch-preflight-2020-osx/ecg-maya-usd/maya-usd/lib/mayaUsd/fileio/shading/shadingModeExporterContext.h
[2022-09-09T16:50:17.037Z]     -- promoting: /local/S/jenkins/workspace/ECP/ecg-maya-usd/ecg-mayausd-branch-preflight-2020-osx/ecg-maya-usd/maya-usd/lib/mayaUsd/fileio/shading/shadingModeImporter.h
[2022-09-09T16:50:17.037Z]     -- promoting: /local/S/jenkins/workspace/ECP/ecg-maya-usd/ecg-mayausd-branch-preflight-2020-osx/ecg-maya-usd/maya-usd/lib/mayaUsd/fileio/shading/shadingModeRegistry.h
[2022-09-09T16:50:17.037Z]     -- promoting: /local/S/jenkins/workspace/ECP/ecg-maya-usd/ecg-mayausd-branch-preflight-2020-osx/ecg-maya-usd/maya-usd/lib/mayaUsd/fileio/shading/symmetricShaderReader.h
[2022-09-09T16:50:17.037Z]     -- promoting: /local/S/jenkins/workspace/ECP/ecg-maya-usd/ecg-mayausd-branch-preflight-2020-osx/ecg-maya-usd/maya-usd/lib/mayaUsd/fileio/shading/symmetricShaderWriter.h
[2022-09-09T16:50:17.037Z]     -- promoting: /local/S/jenkins/workspace/ECP/ecg-maya-usd/ecg-mayausd-branch-preflight-2020-osx/ecg-maya-usd/maya-usd/lib/mayaUsd/fileio/translators/skelBindingsProcessor.h
[2022-09-09T16:50:17.037Z]     -- promoting: /local/S/jenkins/workspace/ECP/ecg-maya-usd/ecg-mayausd-branch-preflight-2020-osx/ecg-maya-usd/maya-usd/lib/mayaUsd/fileio/translators/translatorCamera.h
[2022-09-09T16:50:17.037Z]     -- promoting: /local/S/jenkins/workspace/ECP/ecg-maya-usd/ecg-mayausd-branch-preflight-2020-osx/ecg-maya-usd/maya-usd/lib/mayaUsd/fileio/translators/translatorCurves.h
[2022-09-09T16:50:17.037Z]     -- promoting: /local/S/jenkins/workspace/ECP/ecg-maya-usd/ecg-mayausd-branch-preflight-2020-osx/ecg-maya-usd/maya-usd/lib/mayaUsd/fileio/translators/translatorGprim.h
[2022-09-09T16:50:17.037Z]     -- promoting: /local/S/jenkins/workspace/ECP/ecg-maya-usd/ecg-mayausd-branch-preflight-2020-osx/ecg-maya-usd/maya-usd/lib/mayaUsd/fileio/translators/translatorLight.h
[2022-09-09T16:50:17.037Z]     -- promoting: /local/S/jenkins/workspace/ECP/ecg-maya-usd/ecg-mayausd-branch-preflight-2020-osx/ecg-maya-usd/maya-usd/lib/mayaUsd/fileio/translators/translatorMaterial.h
[2022-09-09T16:50:17.037Z]     -- promoting: /local/S/jenkins/workspace/ECP/ecg-maya-usd/ecg-mayausd-branch-preflight-2020-osx/ecg-maya-usd/maya-usd/lib/mayaUsd/fileio/translators/translatorMayaReference.h
[2022-09-09T16:50:17.037Z]     -- promoting: /local/S/jenkins/workspace/ECP/ecg-maya-usd/ecg-mayausd-branch-preflight-2020-osx/ecg-maya-usd/maya-usd/lib/mayaUsd/fileio/translators/translatorMesh.h
[2022-09-09T16:50:17.037Z]     -- promoting: /local/S/jenkins/workspace/ECP/ecg-maya-usd/ecg-mayausd-branch-preflight-2020-osx/ecg-maya-usd/maya-usd/lib/mayaUsd/fileio/translators/translatorNurbsPatch.h
[2022-09-09T16:50:17.037Z]     -- promoting: /local/S/jenkins/workspace/ECP/ecg-maya-usd/ecg-mayausd-branch-preflight-2020-osx/ecg-maya-usd/maya-usd/lib/mayaUsd/fileio/translators/translatorPrim.h
[2022-09-09T16:50:17.037Z]     -- promoting: /local/S/jenkins/workspace/ECP/ecg-maya-usd/ecg-mayausd-branch-preflight-2020-osx/ecg-maya-usd/maya-usd/lib/mayaUsd/fileio/translators/translatorRfMLight.h
[2022-09-09T16:50:17.037Z]     -- promoting: /local/S/jenkins/workspace/ECP/ecg-maya-usd/ecg-mayausd-branch-preflight-2020-osx/ecg-maya-usd/maya-usd/lib/mayaUsd/fileio/translators/translatorSkel.h
[2022-09-09T16:50:17.037Z]     -- promoting: /local/S/jenkins/workspace/ECP/ecg-maya-usd/ecg-mayausd-branch-preflight-2020-osx/ecg-maya-usd/maya-usd/lib/mayaUsd/fileio/translators/translatorUtil.h
[2022-09-09T16:50:17.037Z]     -- promoting: /local/S/jenkins/workspace/ECP/ecg-maya-usd/ecg-mayausd-branch-preflight-2020-osx/ecg-maya-usd/maya-usd/lib/mayaUsd/fileio/translators/translatorXformable.h
[2022-09-09T16:50:17.037Z]     -- promoting: /local/S/jenkins/workspace/ECP/ecg-maya-usd/ecg-mayausd-branch-preflight-2020-osx/ecg-maya-usd/maya-usd/lib/mayaUsd/fileio/utils/adaptor.h
[2022-09-09T16:50:17.037Z]     -- promoting: /local/S/jenkins/workspace/ECP/ecg-maya-usd/ecg-mayausd-branch-preflight-2020-osx/ecg-maya-usd/maya-usd/lib/mayaUsd/fileio/utils/jointWriteUtils.h
[2022-09-09T16:50:17.037Z]     -- promoting: /local/S/jenkins/workspace/ECP/ecg-maya-usd/ecg-mayausd-branch-preflight-2020-osx/ecg-maya-usd/maya-usd/lib/mayaUsd/fileio/utils/meshReadUtils.h
[2022-09-09T16:50:17.037Z]     -- promoting: /local/S/jenkins/workspace/ECP/ecg-maya-usd/ecg-mayausd-branch-preflight-2020-osx/ecg-maya-usd/maya-usd/lib/mayaUsd/fileio/utils/meshWriteUtils.h
[2022-09-09T16:50:17.037Z]     -- promoting: /local/S/jenkins/workspace/ECP/ecg-maya-usd/ecg-mayausd-branch-preflight-2020-osx/ecg-maya-usd/maya-usd/lib/mayaUsd/fileio/utils/readUtil.h
[2022-09-09T16:50:17.037Z]     -- promoting: /local/S/jenkins/workspace/ECP/ecg-maya-usd/ecg-mayausd-branch-preflight-2020-osx/ecg-maya-usd/maya-usd/lib/mayaUsd/fileio/utils/roundTripUtil.h
[2022-09-09T16:50:17.037Z]     -- promoting: /local/S/jenkins/workspace/ECP/ecg-maya-usd/ecg-mayausd-branch-preflight-2020-osx/ecg-maya-usd/maya-usd/lib/mayaUsd/fileio/utils/shadingUtil.h
[2022-09-09T16:50:17.037Z]     -- promoting: /local/S/jenkins/workspace/ECP/ecg-maya-usd/ecg-mayausd-branch-preflight-2020-osx/ecg-maya-usd/maya-usd/lib/mayaUsd/fileio/utils/userTaggedAttribute.h
[2022-09-09T16:50:17.037Z]     -- promoting: /local/S/jenkins/workspace/ECP/ecg-maya-usd/ecg-mayausd-branch-preflight-2020-osx/ecg-maya-usd/maya-usd/lib/mayaUsd/fileio/utils/writeUtil.h
[2022-09-09T16:50:17.037Z]     -- promoting: /local/S/jenkins/workspace/ECP/ecg-maya-usd/ecg-mayausd-branch-preflight-2020-osx/ecg-maya-usd/maya-usd/lib/mayaUsd/fileio/utils/xformStack.h
[2022-09-09T16:50:17.037Z]     -- promoting: /local/S/jenkins/workspace/ECP/ecg-maya-usd/ecg-mayausd-branch-preflight-2020-osx/ecg-maya-usd/maya-usd/lib/mayaUsd/listeners/notice.h
[2022-09-09T16:50:17.037Z]     -- promoting: /local/S/jenkins/workspace/ECP/ecg-maya-usd/ecg-mayausd-branch-preflight-2020-osx/ecg-maya-usd/maya-usd/lib/mayaUsd/listeners/proxyShapeNotice.h
[2022-09-09T16:50:17.037Z]     -- promoting: /local/S/jenkins/workspace/ECP/ecg-maya-usd/ecg-mayausd-branch-preflight-2020-osx/ecg-maya-usd/maya-usd/lib/mayaUsd/listeners/stageNoticeListener.h
[2022-09-09T16:50:17.037Z]     -- promoting: /local/S/jenkins/workspace/ECP/ecg-maya-usd/ecg-mayausd-branch-preflight-2020-osx/ecg-maya-usd/maya-usd/lib/mayaUsd/nodes/hdImagingShape.h
[2022-09-09T16:50:17.037Z]     -- promoting: /local/S/jenkins/workspace/ECP/ecg-maya-usd/ecg-mayausd-branch-preflight-2020-osx/ecg-maya-usd/maya-usd/lib/mayaUsd/nodes/pointBasedDeformerNode.h
[2022-09-09T16:50:17.037Z]     -- promoting: /local/S/jenkins/workspace/ECP/ecg-maya-usd/ecg-mayausd-branch-preflight-2020-osx/ecg-maya-usd/maya-usd/lib/mayaUsd/nodes/proxyAccessor.h
[2022-09-09T16:50:17.037Z]     -- promoting: /local/S/jenkins/workspace/ECP/ecg-maya-usd/ecg-mayausd-branch-preflight-2020-osx/ecg-maya-usd/maya-usd/lib/mayaUsd/nodes/proxyShapeBase.h
[2022-09-09T16:50:17.037Z]     -- promoting: /local/S/jenkins/workspace/ECP/ecg-maya-usd/ecg-mayausd-branch-preflight-2020-osx/ecg-maya-usd/maya-usd/lib/mayaUsd/nodes/proxyShapeLoadRules.h
[2022-09-09T16:50:17.037Z]     -- promoting: /local/S/jenkins/workspace/ECP/ecg-maya-usd/ecg-mayausd-branch-preflight-2020-osx/ecg-maya-usd/maya-usd/lib/mayaUsd/nodes/proxyShapePlugin.h
[2022-09-09T16:50:17.037Z]     -- promoting: /local/S/jenkins/workspace/ECP/ecg-maya-usd/ecg-mayausd-branch-preflight-2020-osx/ecg-maya-usd/maya-usd/lib/mayaUsd/nodes/proxyStageProvider.h
[2022-09-09T16:50:17.037Z]     -- promoting: /local/S/jenkins/workspace/ECP/ecg-maya-usd/ecg-mayausd-branch-preflight-2020-osx/ecg-maya-usd/maya-usd/lib/mayaUsd/nodes/stageData.h
[2022-09-09T16:50:17.037Z]     -- promoting: /local/S/jenkins/workspace/ECP/ecg-maya-usd/ecg-mayausd-branch-preflight-2020-osx/ecg-maya-usd/maya-usd/lib/mayaUsd/nodes/stageNode.h
[2022-09-09T16:50:17.037Z]     -- promoting: /local/S/jenkins/workspace/ECP/ecg-maya-usd/ecg-mayausd-branch-preflight-2020-osx/ecg-maya-usd/maya-usd/lib/mayaUsd/nodes/usdPrimProvider.h
[2022-09-09T16:50:17.037Z]     -- promoting: /local/S/jenkins/workspace/ECP/ecg-maya-usd/ecg-mayausd-branch-preflight-2020-osx/ecg-maya-usd/maya-usd/lib/mayaUsd/nodes/layerManager.h
[2022-09-09T16:50:17.037Z]     -- promoting: /local/S/jenkins/workspace/ECP/ecg-maya-usd/ecg-mayausd-branch-preflight-2020-osx/ecg-maya-usd/maya-usd/lib/mayaUsd/render/px_vp20/glslProgram.h
[2022-09-09T16:50:17.037Z]     -- promoting: /local/S/jenkins/workspace/ECP/ecg-maya-usd/ecg-mayausd-branch-preflight-2020-osx/ecg-maya-usd/maya-usd/lib/mayaUsd/render/px_vp20/utils.h
[2022-09-09T16:50:17.037Z]     -- promoting: /local/S/jenkins/workspace/ECP/ecg-maya-usd/ecg-mayausd-branch-preflight-2020-osx/ecg-maya-usd/maya-usd/lib/mayaUsd/render/px_vp20/utils_legacy.h
[2022-09-09T16:50:17.037Z]     -- promoting: /local/S/jenkins/workspace/ECP/ecg-maya-usd/ecg-mayausd-branch-preflight-2020-osx/ecg-maya-usd/maya-usd/lib/mayaUsd/render/pxrUsdMayaGL/batchRenderer.h
[2022-09-09T16:50:17.037Z]     -- promoting: /local/S/jenkins/workspace/ECP/ecg-maya-usd/ecg-mayausd-branch-preflight-2020-osx/ecg-maya-usd/maya-usd/lib/mayaUsd/render/pxrUsdMayaGL/debugCodes.h
[2022-09-09T16:50:17.037Z]     -- promoting: /local/S/jenkins/workspace/ECP/ecg-maya-usd/ecg-mayausd-branch-preflight-2020-osx/ecg-maya-usd/maya-usd/lib/mayaUsd/render/pxrUsdMayaGL/hdImagingShapeDrawOverride.h
[2022-09-09T16:50:17.037Z]     -- promoting: /local/S/jenkins/workspace/ECP/ecg-maya-usd/ecg-mayausd-branch-preflight-2020-osx/ecg-maya-usd/maya-usd/lib/mayaUsd/render/pxrUsdMayaGL/hdImagingShapeUI.h
[2022-09-09T16:50:17.037Z]     -- promoting: /local/S/jenkins/workspace/ECP/ecg-maya-usd/ecg-mayausd-branch-preflight-2020-osx/ecg-maya-usd/maya-usd/lib/mayaUsd/render/pxrUsdMayaGL/instancerImager.h
[2022-09-09T16:50:17.037Z]     -- promoting: /local/S/jenkins/workspace/ECP/ecg-maya-usd/ecg-mayausd-branch-preflight-2020-osx/ecg-maya-usd/maya-usd/lib/mayaUsd/render/pxrUsdMayaGL/instancerShapeAdapter.h
[2022-09-09T16:50:17.037Z]     -- promoting: /local/S/jenkins/workspace/ECP/ecg-maya-usd/ecg-mayausd-branch-preflight-2020-osx/ecg-maya-usd/maya-usd/lib/mayaUsd/render/pxrUsdMayaGL/proxyDrawOverride.h
[2022-09-09T16:50:17.037Z]     -- promoting: /local/S/jenkins/workspace/ECP/ecg-maya-usd/ecg-mayausd-branch-preflight-2020-osx/ecg-maya-usd/maya-usd/lib/mayaUsd/render/pxrUsdMayaGL/proxyShapeUI.h
[2022-09-09T16:50:17.037Z]     -- promoting: /local/S/jenkins/workspace/ECP/ecg-maya-usd/ecg-mayausd-branch-preflight-2020-osx/ecg-maya-usd/maya-usd/lib/mayaUsd/render/pxrUsdMayaGL/renderParams.h
[2022-09-09T16:50:17.037Z]     -- promoting: /local/S/jenkins/workspace/ECP/ecg-maya-usd/ecg-mayausd-branch-preflight-2020-osx/ecg-maya-usd/maya-usd/lib/mayaUsd/render/pxrUsdMayaGL/sceneDelegate.h
[2022-09-09T16:50:17.037Z]     -- promoting: /local/S/jenkins/workspace/ECP/ecg-maya-usd/ecg-mayausd-branch-preflight-2020-osx/ecg-maya-usd/maya-usd/lib/mayaUsd/render/pxrUsdMayaGL/shapeAdapter.h
[2022-09-09T16:50:17.037Z]     -- promoting: /local/S/jenkins/workspace/ECP/ecg-maya-usd/ecg-mayausd-branch-preflight-2020-osx/ecg-maya-usd/maya-usd/lib/mayaUsd/render/pxrUsdMayaGL/softSelectHelper.h
[2022-09-09T16:50:17.037Z]     -- promoting: /local/S/jenkins/workspace/ECP/ecg-maya-usd/ecg-mayausd-branch-preflight-2020-osx/ecg-maya-usd/maya-usd/lib/mayaUsd/render/pxrUsdMayaGL/usdProxyShapeAdapter.h
[2022-09-09T16:50:17.037Z]     -- promoting: /local/S/jenkins/workspace/ECP/ecg-maya-usd/ecg-mayausd-branch-preflight-2020-osx/ecg-maya-usd/maya-usd/lib/mayaUsd/render/pxrUsdMayaGL/userData.h
[2022-09-09T16:50:17.037Z]     -- promoting: /local/S/jenkins/workspace/ECP/ecg-maya-usd/ecg-mayausd-branch-preflight-2020-osx/ecg-maya-usd/maya-usd/lib/mayaUsd/render/vp2RenderDelegate/proxyRenderDelegate.h
[2022-09-09T16:50:17.037Z]     -- promoting: /local/S/jenkins/workspace/ECP/ecg-maya-usd/ecg-mayausd-branch-preflight-2020-osx/ecg-maya-usd/maya-usd/lib/mayaUsd/render/vp2ShaderFragments/shaderFragments.h
[2022-09-09T16:50:17.037Z]     -- UFE_LIGHTS_SUPPORT is FALSE
[2022-09-09T16:50:17.037Z]     -- UFE_SCENE_SEGMENT_SUPPORT is FALSE
[2022-09-09T16:50:17.037Z]     -- promoting: /local/S/jenkins/workspace/ECP/ecg-maya-usd/ecg-mayausd-branch-preflight-2020-osx/ecg-maya-usd/maya-usd/lib/mayaUsd/ufe/Global.h
[2022-09-09T16:50:17.037Z]     -- promoting: /local/S/jenkins/workspace/ECP/ecg-maya-usd/ecg-mayausd-branch-preflight-2020-osx/ecg-maya-usd/maya-usd/lib/mayaUsd/ufe/ProxyShapeHandler.h
[2022-09-09T16:50:17.037Z]     -- promoting: /local/S/jenkins/workspace/ECP/ecg-maya-usd/ecg-mayausd-branch-preflight-2020-osx/ecg-maya-usd/maya-usd/lib/mayaUsd/ufe/ProxyShapeHierarchy.h
[2022-09-09T16:50:17.037Z]     -- promoting: /local/S/jenkins/workspace/ECP/ecg-maya-usd/ecg-mayausd-branch-preflight-2020-osx/ecg-maya-usd/maya-usd/lib/mayaUsd/ufe/ProxyShapeHierarchyHandler.h
[2022-09-09T16:50:17.037Z]     -- promoting: /local/S/jenkins/workspace/ECP/ecg-maya-usd/ecg-mayausd-branch-preflight-2020-osx/ecg-maya-usd/maya-usd/lib/mayaUsd/ufe/StagesSubject.h
[2022-09-09T16:50:17.037Z]     -- promoting: /local/S/jenkins/workspace/ECP/ecg-maya-usd/ecg-mayausd-branch-preflight-2020-osx/ecg-maya-usd/maya-usd/lib/mayaUsd/ufe/UsdHierarchy.h
[2022-09-09T16:50:17.037Z]     -- promoting: /local/S/jenkins/workspace/ECP/ecg-maya-usd/ecg-mayausd-branch-preflight-2020-osx/ecg-maya-usd/maya-usd/lib/mayaUsd/ufe/UsdHierarchyHandler.h
[2022-09-09T16:50:17.037Z]     -- promoting: /local/S/jenkins/workspace/ECP/ecg-maya-usd/ecg-mayausd-branch-preflight-2020-osx/ecg-maya-usd/maya-usd/lib/mayaUsd/ufe/UsdPointInstanceModifierBase.h
[2022-09-09T16:50:17.037Z]     -- promoting: /local/S/jenkins/workspace/ECP/ecg-maya-usd/ecg-mayausd-branch-preflight-2020-osx/ecg-maya-usd/maya-usd/lib/mayaUsd/ufe/UsdPointInstanceOrientationModifier.h
[2022-09-09T16:50:17.037Z]     -- promoting: /local/S/jenkins/workspace/ECP/ecg-maya-usd/ecg-mayausd-branch-preflight-2020-osx/ecg-maya-usd/maya-usd/lib/mayaUsd/ufe/UsdPointInstancePositionModifier.h
[2022-09-09T16:50:17.037Z]     -- promoting: /local/S/jenkins/workspace/ECP/ecg-maya-usd/ecg-mayausd-branch-preflight-2020-osx/ecg-maya-usd/maya-usd/lib/mayaUsd/ufe/UsdPointInstanceScaleModifier.h
[2022-09-09T16:50:17.037Z]     -- promoting: /local/S/jenkins/workspace/ECP/ecg-maya-usd/ecg-mayausd-branch-preflight-2020-osx/ecg-maya-usd/maya-usd/lib/mayaUsd/ufe/UsdRootChildHierarchy.h
[2022-09-09T16:50:17.037Z]     -- promoting: /local/S/jenkins/workspace/ECP/ecg-maya-usd/ecg-mayausd-branch-preflight-2020-osx/ecg-maya-usd/maya-usd/lib/mayaUsd/ufe/UsdRotatePivotTranslateUndoableCommand.h
[2022-09-09T16:50:17.037Z]     -- promoting: /local/S/jenkins/workspace/ECP/ecg-maya-usd/ecg-mayausd-branch-preflight-2020-osx/ecg-maya-usd/maya-usd/lib/mayaUsd/ufe/UsdRotateUndoableCommand.h
[2022-09-09T16:50:17.037Z]     -- promoting: /local/S/jenkins/workspace/ECP/ecg-maya-usd/ecg-mayausd-branch-preflight-2020-osx/ecg-maya-usd/maya-usd/lib/mayaUsd/ufe/UsdScaleUndoableCommand.h
[2022-09-09T16:50:17.037Z]     -- promoting: /local/S/jenkins/workspace/ECP/ecg-maya-usd/ecg-mayausd-branch-preflight-2020-osx/ecg-maya-usd/maya-usd/lib/mayaUsd/ufe/UsdSceneItem.h
[2022-09-09T16:50:17.037Z]     -- promoting: /local/S/jenkins/workspace/ECP/ecg-maya-usd/ecg-mayausd-branch-preflight-2020-osx/ecg-maya-usd/maya-usd/lib/mayaUsd/ufe/UsdSceneItemOps.h
[2022-09-09T16:50:17.037Z]     -- promoting: /local/S/jenkins/workspace/ECP/ecg-maya-usd/ecg-mayausd-branch-preflight-2020-osx/ecg-maya-usd/maya-usd/lib/mayaUsd/ufe/UsdSceneItemOpsHandler.h
[2022-09-09T16:50:17.037Z]     -- promoting: /local/S/jenkins/workspace/ECP/ecg-maya-usd/ecg-mayausd-branch-preflight-2020-osx/ecg-maya-usd/maya-usd/lib/mayaUsd/ufe/UsdStageMap.h
[2022-09-09T16:50:17.037Z]     -- promoting: /local/S/jenkins/workspace/ECP/ecg-maya-usd/ecg-mayausd-branch-preflight-2020-osx/ecg-maya-usd/maya-usd/lib/mayaUsd/ufe/UsdTRSUndoableCommandBase.h
[2022-09-09T16:50:17.037Z]     -- promoting: /local/S/jenkins/workspace/ECP/ecg-maya-usd/ecg-mayausd-branch-preflight-2020-osx/ecg-maya-usd/maya-usd/lib/mayaUsd/ufe/UsdTransform3d.h
[2022-09-09T16:50:17.037Z]     -- promoting: /local/S/jenkins/workspace/ECP/ecg-maya-usd/ecg-mayausd-branch-preflight-2020-osx/ecg-maya-usd/maya-usd/lib/mayaUsd/ufe/UsdTransform3dHandler.h
[2022-09-09T16:50:17.037Z]     -- promoting: /local/S/jenkins/workspace/ECP/ecg-maya-usd/ecg-mayausd-branch-preflight-2020-osx/ecg-maya-usd/maya-usd/lib/mayaUsd/ufe/UsdTranslateUndoableCommand.h
[2022-09-09T16:50:17.037Z]     -- promoting: /local/S/jenkins/workspace/ECP/ecg-maya-usd/ecg-mayausd-branch-preflight-2020-osx/ecg-maya-usd/maya-usd/lib/mayaUsd/ufe/UsdUndoDeleteCommand.h
[2022-09-09T16:50:17.037Z]     -- promoting: /local/S/jenkins/workspace/ECP/ecg-maya-usd/ecg-mayausd-branch-preflight-2020-osx/ecg-maya-usd/maya-usd/lib/mayaUsd/ufe/UsdUndoDuplicateCommand.h
[2022-09-09T16:50:17.037Z]     -- promoting: /local/S/jenkins/workspace/ECP/ecg-maya-usd/ecg-mayausd-branch-preflight-2020-osx/ecg-maya-usd/maya-usd/lib/mayaUsd/ufe/UsdUndoRenameCommand.h
[2022-09-09T16:50:17.037Z]     -- promoting: /local/S/jenkins/workspace/ECP/ecg-maya-usd/ecg-mayausd-branch-preflight-2020-osx/ecg-maya-usd/maya-usd/lib/mayaUsd/ufe/Utils.h
[2022-09-09T16:50:17.037Z]     -- promoting: /local/S/jenkins/workspace/ECP/ecg-maya-usd/ecg-mayausd-branch-preflight-2020-osx/ecg-maya-usd/maya-usd/lib/mayaUsd/ufe/UfeVersionCompat.h
[2022-09-09T16:50:17.037Z]     -- promoting: /local/S/jenkins/workspace/ECP/ecg-maya-usd/ecg-mayausd-branch-preflight-2020-osx/ecg-maya-usd/maya-usd/lib/mayaUsd/ufe/UsdUndoMaterialCommands.h
[2022-09-09T16:50:17.037Z]     -- promoting: /local/S/jenkins/workspace/ECP/ecg-maya-usd/ecg-mayausd-branch-preflight-2020-osx/ecg-maya-usd/maya-usd/lib/mayaUsd/undo/OpUndoItemList.h
[2022-09-09T16:50:17.037Z]     -- promoting: /local/S/jenkins/workspace/ECP/ecg-maya-usd/ecg-mayausd-branch-preflight-2020-osx/ecg-maya-usd/maya-usd/lib/mayaUsd/undo/OpUndoItemMuting.h
[2022-09-09T16:50:17.037Z]     -- promoting: /local/S/jenkins/workspace/ECP/ecg-maya-usd/ecg-mayausd-branch-preflight-2020-osx/ecg-maya-usd/maya-usd/lib/mayaUsd/undo/OpUndoItemRecorder.h
[2022-09-09T16:50:17.037Z]     -- promoting: /local/S/jenkins/workspace/ECP/ecg-maya-usd/ecg-mayausd-branch-preflight-2020-osx/ecg-maya-usd/maya-usd/lib/mayaUsd/undo/OpUndoItems.h
[2022-09-09T16:50:17.037Z]     -- promoting: /local/S/jenkins/workspace/ECP/ecg-maya-usd/ecg-mayausd-branch-preflight-2020-osx/ecg-maya-usd/maya-usd/lib/mayaUsd/undo/UsdUndoBlock.h
[2022-09-09T16:50:17.037Z]     -- promoting: /local/S/jenkins/workspace/ECP/ecg-maya-usd/ecg-mayausd-branch-preflight-2020-osx/ecg-maya-usd/maya-usd/lib/mayaUsd/undo/UsdUndoManager.h
[2022-09-09T16:50:17.037Z]     -- promoting: /local/S/jenkins/workspace/ECP/ecg-maya-usd/ecg-mayausd-branch-preflight-2020-osx/ecg-maya-usd/maya-usd/lib/mayaUsd/undo/UsdUndoStateDelegate.h
[2022-09-09T16:50:17.037Z]     -- promoting: /local/S/jenkins/workspace/ECP/ecg-maya-usd/ecg-mayausd-branch-preflight-2020-osx/ecg-maya-usd/maya-usd/lib/mayaUsd/undo/UsdUndoableItem.h
[2022-09-09T16:50:17.037Z]     -- promoting: /local/S/jenkins/workspace/ECP/ecg-maya-usd/ecg-mayausd-branch-preflight-2020-osx/ecg-maya-usd/maya-usd/lib/mayaUsd/utils/blockSceneModificationContext.h
[2022-09-09T16:50:17.037Z]     -- promoting: /local/S/jenkins/workspace/ECP/ecg-maya-usd/ecg-mayausd-branch-preflight-2020-osx/ecg-maya-usd/maya-usd/lib/mayaUsd/utils/colorSpace.h
[2022-09-09T16:50:17.037Z]     -- promoting: /local/S/jenkins/workspace/ECP/ecg-maya-usd/ecg-mayausd-branch-preflight-2020-osx/ecg-maya-usd/maya-usd/lib/mayaUsd/utils/customLayerData.h
[2022-09-09T16:50:17.037Z]     -- promoting: /local/S/jenkins/workspace/ECP/ecg-maya-usd/ecg-mayausd-branch-preflight-2020-osx/ecg-maya-usd/maya-usd/lib/mayaUsd/utils/converter.h
[2022-09-09T16:50:17.037Z]     -- promoting: /local/S/jenkins/workspace/ECP/ecg-maya-usd/ecg-mayausd-branch-preflight-2020-osx/ecg-maya-usd/maya-usd/lib/mayaUsd/utils/diagnosticDelegate.h
[2022-09-09T16:50:17.037Z]     -- promoting: /local/S/jenkins/workspace/ECP/ecg-maya-usd/ecg-mayausd-branch-preflight-2020-osx/ecg-maya-usd/maya-usd/lib/mayaUsd/utils/editability.h
[2022-09-09T16:50:17.037Z]     -- promoting: /local/S/jenkins/workspace/ECP/ecg-maya-usd/ecg-mayausd-branch-preflight-2020-osx/ecg-maya-usd/maya-usd/lib/mayaUsd/utils/editRouter.h
[2022-09-09T16:50:17.037Z]     -- promoting: /local/S/jenkins/workspace/ECP/ecg-maya-usd/ecg-mayausd-branch-preflight-2020-osx/ecg-maya-usd/maya-usd/lib/mayaUsd/utils/hash.h
[2022-09-09T16:50:17.037Z]     -- promoting: /local/S/jenkins/workspace/ECP/ecg-maya-usd/ecg-mayausd-branch-preflight-2020-osx/ecg-maya-usd/maya-usd/lib/mayaUsd/utils/loadRules.h
[2022-09-09T16:50:17.038Z]     -- promoting: /local/S/jenkins/workspace/ECP/ecg-maya-usd/ecg-mayausd-branch-preflight-2020-osx/ecg-maya-usd/maya-usd/lib/mayaUsd/utils/query.h
[2022-09-09T16:50:17.038Z]     -- promoting: /local/S/jenkins/workspace/ECP/ecg-maya-usd/ecg-mayausd-branch-preflight-2020-osx/ecg-maya-usd/maya-usd/lib/mayaUsd/utils/plugRegistryHelper.h
[2022-09-09T16:50:17.038Z]     -- promoting: /local/S/jenkins/workspace/ECP/ecg-maya-usd/ecg-mayausd-branch-preflight-2020-osx/ecg-maya-usd/maya-usd/lib/mayaUsd/utils/progressBarScope.h
[2022-09-09T16:50:17.038Z]     -- promoting: /local/S/jenkins/workspace/ECP/ecg-maya-usd/ecg-mayausd-branch-preflight-2020-osx/ecg-maya-usd/maya-usd/lib/mayaUsd/utils/selectability.h
[2022-09-09T16:50:17.038Z]     -- promoting: /local/S/jenkins/workspace/ECP/ecg-maya-usd/ecg-mayausd-branch-preflight-2020-osx/ecg-maya-usd/maya-usd/lib/mayaUsd/utils/stageCache.h
[2022-09-09T16:50:17.038Z]     -- promoting: /local/S/jenkins/workspace/ECP/ecg-maya-usd/ecg-mayausd-branch-preflight-2020-osx/ecg-maya-usd/maya-usd/lib/mayaUsd/utils/traverseLayer.h
[2022-09-09T16:50:17.038Z]     -- promoting: /local/S/jenkins/workspace/ECP/ecg-maya-usd/ecg-mayausd-branch-preflight-2020-osx/ecg-maya-usd/maya-usd/lib/mayaUsd/utils/undoHelperCommand.h
[2022-09-09T16:50:17.038Z]     -- promoting: /local/S/jenkins/workspace/ECP/ecg-maya-usd/ecg-mayausd-branch-preflight-2020-osx/ecg-maya-usd/maya-usd/lib/mayaUsd/utils/util.h
[2022-09-09T16:50:17.038Z]     -- promoting: /local/S/jenkins/workspace/ECP/ecg-maya-usd/ecg-mayausd-branch-preflight-2020-osx/ecg-maya-usd/maya-usd/lib/mayaUsd/utils/utilDictionary.h
[2022-09-09T16:50:17.038Z]     -- promoting: /local/S/jenkins/workspace/ECP/ecg-maya-usd/ecg-mayausd-branch-preflight-2020-osx/ecg-maya-usd/maya-usd/lib/mayaUsd/utils/utilFileSystem.h
[2022-09-09T16:50:17.038Z]     -- promoting: /local/S/jenkins/workspace/ECP/ecg-maya-usd/ecg-mayausd-branch-preflight-2020-osx/ecg-maya-usd/maya-usd/lib/mayaUsd/utils/utilSerialization.h
[2022-09-09T16:50:17.038Z]     -- promoting: /local/S/jenkins/workspace/ECP/ecg-maya-usd/ecg-mayausd-branch-preflight-2020-osx/ecg-maya-usd/maya-usd/lib/mayaUsd/utils/variants.h
[2022-09-09T16:50:17.038Z]     -- promoting: /local/S/jenkins/workspace/ECP/ecg-maya-usd/ecg-mayausd-branch-preflight-2020-osx/ecg-maya-usd/maya-usd/lib/mayaUsd/render/mayaToHydra/utils.h
[2022-09-09T16:50:17.038Z]     -- promoting: /local/S/jenkins/workspace/ECP/ecg-maya-usd/ecg-mayausd-branch-preflight-2020-osx/ecg-maya-usd/maya-usd/lib/usd/hdMaya/api.h
[2022-09-09T16:50:17.038Z]     -- promoting: /local/S/jenkins/workspace/ECP/ecg-maya-usd/ecg-mayausd-branch-preflight-2020-osx/ecg-maya-usd/maya-usd/lib/usd/hdMaya/utils.h
[2022-09-09T16:50:17.038Z]     -- promoting: /local/S/jenkins/workspace/ECP/ecg-maya-usd/ecg-mayausd-branch-preflight-2020-osx/ecg-maya-usd/maya-usd/lib/usd/hdMaya/debugCodes.h
[2022-09-09T16:50:17.038Z]     -- promoting: /local/S/jenkins/workspace/ECP/ecg-maya-usd/ecg-mayausd-branch-preflight-2020-osx/ecg-maya-usd/maya-usd/lib/usd/hdMaya/adapters/adapter.h
[2022-09-09T16:50:17.038Z]     -- promoting: /local/S/jenkins/workspace/ECP/ecg-maya-usd/ecg-mayausd-branch-preflight-2020-osx/ecg-maya-usd/maya-usd/lib/usd/hdMaya/adapters/adapterDebugCodes.h
[2022-09-09T16:50:17.038Z]     -- promoting: /local/S/jenkins/workspace/ECP/ecg-maya-usd/ecg-mayausd-branch-preflight-2020-osx/ecg-maya-usd/maya-usd/lib/usd/hdMaya/adapters/adapterRegistry.h
[2022-09-09T16:50:17.038Z]     -- promoting: /local/S/jenkins/workspace/ECP/ecg-maya-usd/ecg-mayausd-branch-preflight-2020-osx/ecg-maya-usd/maya-usd/lib/usd/hdMaya/adapters/cameraAdapter.h
[2022-09-09T16:50:17.038Z]     -- promoting: /local/S/jenkins/workspace/ECP/ecg-maya-usd/ecg-mayausd-branch-preflight-2020-osx/ecg-maya-usd/maya-usd/lib/usd/hdMaya/adapters/constantShadowMatrix.h
[2022-09-09T16:50:17.038Z]     -- promoting: /local/S/jenkins/workspace/ECP/ecg-maya-usd/ecg-mayausd-branch-preflight-2020-osx/ecg-maya-usd/maya-usd/lib/usd/hdMaya/adapters/dagAdapter.h
[2022-09-09T16:50:17.038Z]     -- promoting: /local/S/jenkins/workspace/ECP/ecg-maya-usd/ecg-mayausd-branch-preflight-2020-osx/ecg-maya-usd/maya-usd/lib/usd/hdMaya/adapters/lightAdapter.h
[2022-09-09T16:50:17.038Z]     -- promoting: /local/S/jenkins/workspace/ECP/ecg-maya-usd/ecg-mayausd-branch-preflight-2020-osx/ecg-maya-usd/maya-usd/lib/usd/hdMaya/adapters/proxyAdapter.h
[2022-09-09T16:50:17.038Z]     -- promoting: /local/S/jenkins/workspace/ECP/ecg-maya-usd/ecg-mayausd-branch-preflight-2020-osx/ecg-maya-usd/maya-usd/lib/usd/hdMaya/adapters/materialAdapter.h
[2022-09-09T16:50:17.038Z]     -- promoting: /local/S/jenkins/workspace/ECP/ecg-maya-usd/ecg-mayausd-branch-preflight-2020-osx/ecg-maya-usd/maya-usd/lib/usd/hdMaya/adapters/materialNetworkConverter.h
[2022-09-09T16:50:17.038Z]     -- promoting: /local/S/jenkins/workspace/ECP/ecg-maya-usd/ecg-mayausd-branch-preflight-2020-osx/ecg-maya-usd/maya-usd/lib/usd/hdMaya/adapters/mayaAttrs.h
[2022-09-09T16:50:17.038Z]     -- promoting: /local/S/jenkins/workspace/ECP/ecg-maya-usd/ecg-mayausd-branch-preflight-2020-osx/ecg-maya-usd/maya-usd/lib/usd/hdMaya/adapters/shapeAdapter.h
[2022-09-09T16:50:17.038Z]     -- promoting: /local/S/jenkins/workspace/ECP/ecg-maya-usd/ecg-mayausd-branch-preflight-2020-osx/ecg-maya-usd/maya-usd/lib/usd/hdMaya/adapters/tokens.h
[2022-09-09T16:50:17.038Z]     -- promoting: /local/S/jenkins/workspace/ECP/ecg-maya-usd/ecg-mayausd-branch-preflight-2020-osx/ecg-maya-usd/maya-usd/lib/usd/hdMaya/delegates/delegate.h
[2022-09-09T16:50:17.038Z]     -- promoting: /local/S/jenkins/workspace/ECP/ecg-maya-usd/ecg-mayausd-branch-preflight-2020-osx/ecg-maya-usd/maya-usd/lib/usd/hdMaya/delegates/delegateCtx.h
[2022-09-09T16:50:17.038Z]     -- promoting: /local/S/jenkins/workspace/ECP/ecg-maya-usd/ecg-mayausd-branch-preflight-2020-osx/ecg-maya-usd/maya-usd/lib/usd/hdMaya/delegates/delegateDebugCodes.h
[2022-09-09T16:50:17.038Z]     -- promoting: /local/S/jenkins/workspace/ECP/ecg-maya-usd/ecg-mayausd-branch-preflight-2020-osx/ecg-maya-usd/maya-usd/lib/usd/hdMaya/delegates/delegateRegistry.h
[2022-09-09T16:50:17.038Z]     -- promoting: /local/S/jenkins/workspace/ECP/ecg-maya-usd/ecg-mayausd-branch-preflight-2020-osx/ecg-maya-usd/maya-usd/lib/usd/hdMaya/delegates/params.h
[2022-09-09T16:50:17.038Z]     -- promoting: /local/S/jenkins/workspace/ECP/ecg-maya-usd/ecg-mayausd-branch-preflight-2020-osx/ecg-maya-usd/maya-usd/lib/usd/hdMaya/delegates/proxyDelegate.h
[2022-09-09T16:50:17.038Z]     -- promoting: /local/S/jenkins/workspace/ECP/ecg-maya-usd/ecg-mayausd-branch-preflight-2020-osx/ecg-maya-usd/maya-usd/lib/usd/hdMaya/delegates/proxyUsdImagingDelegate.h
[2022-09-09T16:50:17.038Z]     -- promoting: /local/S/jenkins/workspace/ECP/ecg-maya-usd/ecg-mayausd-branch-preflight-2020-osx/ecg-maya-usd/maya-usd/lib/usd/hdMaya/delegates/sceneDelegate.h
[2022-09-09T16:50:17.038Z]     -- promoting: /local/S/jenkins/workspace/ECP/ecg-maya-usd/ecg-mayausd-branch-preflight-2020-osx/ecg-maya-usd/maya-usd/lib/usd/hdMaya/delegates/testDelegate.h
[2022-09-09T16:50:17.038Z]     -- promoting: /local/S/jenkins/workspace/ECP/ecg-maya-usd/ecg-mayausd-branch-preflight-2020-osx/ecg-maya-usd/maya-usd/lib/usd/pxrUsdPreviewSurface/usdPreviewSurface.h
[2022-09-09T16:50:17.038Z]     -- promoting: /local/S/jenkins/workspace/ECP/ecg-maya-usd/ecg-mayausd-branch-preflight-2020-osx/ecg-maya-usd/maya-usd/lib/usd/pxrUsdPreviewSurface/usdPreviewSurfacePlugin.h
[2022-09-09T16:50:17.038Z]     -- promoting: /local/S/jenkins/workspace/ECP/ecg-maya-usd/ecg-mayausd-branch-preflight-2020-osx/ecg-maya-usd/maya-usd/lib/usd/schemas/api.h
[2022-09-09T16:50:17.038Z]     -- promoting: /local/S/jenkins/workspace/ECP/ecg-maya-usd/ecg-mayausd-branch-preflight-2020-osx/ecg-maya-usd/maya-usd/lib/usd/schemas/ALMayaReference.h
[2022-09-09T16:50:17.038Z]     -- promoting: /local/S/jenkins/workspace/ECP/ecg-maya-usd/ecg-mayausd-branch-preflight-2020-osx/ecg-maya-usd/maya-usd/lib/usd/schemas/MayaReference.h
[2022-09-09T16:50:17.038Z]     -- promoting: /local/S/jenkins/workspace/ECP/ecg-maya-usd/ecg-mayausd-branch-preflight-2020-osx/ecg-maya-usd/maya-usd/lib/usd/schemas/tokens.h
[2022-09-09T16:50:17.038Z]     #################################################################################################
[2022-09-09T16:50:17.038Z]     #  USD_DISABLE_PRIM_DEFINITIONS_FOR_USDGENSCHEMA is overridden to 'true'.  Default is 'false'.  #
[2022-09-09T16:50:17.038Z]     #################################################################################################
[2022-09-09T16:50:17.038Z]     Processing schema classes:
[2022-09-09T16:50:17.038Z]     MayaReference, ALMayaReference
[2022-09-09T16:50:17.038Z]     Loading Templates from /local/S/jenkins/workspace/shared/Artifactory/OSX/USD/73ca68d/lib/usd/usd/resources/codegenTemplates
[2022-09-09T16:50:17.038Z]     Writing API:
[2022-09-09T16:50:17.038Z]     	    wrote /local/S/jenkins/workspace/ECP/ecg-maya-usd/ecg-mayausd-branch-preflight-2020-osx/build/RelWithDebInfo/lib/usd/schemas/api.h
[2022-09-09T16:50:17.038Z]     Writing Schema Tokens:
[2022-09-09T16:50:17.038Z]     	    wrote /local/S/jenkins/workspace/ECP/ecg-maya-usd/ecg-mayausd-branch-preflight-2020-osx/build/RelWithDebInfo/lib/usd/schemas/tokens.h
[2022-09-09T16:50:17.038Z]     	    wrote /local/S/jenkins/workspace/ECP/ecg-maya-usd/ecg-mayausd-branch-preflight-2020-osx/build/RelWithDebInfo/lib/usd/schemas/tokens.cpp
[2022-09-09T16:50:17.038Z]     	    wrote /local/S/jenkins/workspace/ECP/ecg-maya-usd/ecg-mayausd-branch-preflight-2020-osx/build/RelWithDebInfo/lib/usd/schemas/wrapTokens.cpp
[2022-09-09T16:50:17.038Z]     Generating Classes:
[2022-09-09T16:50:17.038Z]     	    wrote /local/S/jenkins/workspace/ECP/ecg-maya-usd/ecg-mayausd-branch-preflight-2020-osx/build/RelWithDebInfo/lib/usd/schemas/MayaReference.h
[2022-09-09T16:50:17.038Z]     	    wrote /local/S/jenkins/workspace/ECP/ecg-maya-usd/ecg-mayausd-branch-preflight-2020-osx/build/RelWithDebInfo/lib/usd/schemas/MayaReference.cpp
[2022-09-09T16:50:17.038Z]     	    wrote /local/S/jenkins/workspace/ECP/ecg-maya-usd/ecg-mayausd-branch-preflight-2020-osx/build/RelWithDebInfo/lib/usd/schemas/wrapMayaReference.cpp
[2022-09-09T16:50:17.038Z]     	    wrote /local/S/jenkins/workspace/ECP/ecg-maya-usd/ecg-mayausd-branch-preflight-2020-osx/build/RelWithDebInfo/lib/usd/schemas/ALMayaReference.h
[2022-09-09T16:50:17.038Z]     	    wrote /local/S/jenkins/workspace/ECP/ecg-maya-usd/ecg-mayausd-branch-preflight-2020-osx/build/RelWithDebInfo/lib/usd/schemas/ALMayaReference.cpp
[2022-09-09T16:50:17.038Z]     	    wrote /local/S/jenkins/workspace/ECP/ecg-maya-usd/ecg-mayausd-branch-preflight-2020-osx/build/RelWithDebInfo/lib/usd/schemas/wrapALMayaReference.cpp
[2022-09-09T16:50:17.038Z]     Loading Templates from /local/S/jenkins/workspace/shared/Artifactory/OSX/USD/73ca68d/lib/usd/usd/resources/codegenTemplates
[2022-09-09T16:50:17.038Z]     	    wrote /local/S/jenkins/workspace/ECP/ecg-maya-usd/ecg-mayausd-branch-preflight-2020-osx/build/RelWithDebInfo/lib/usd/schemas/plugInfo.json
[2022-09-09T16:50:17.038Z]     Generating Schematics:
[2022-09-09T16:50:17.038Z]     	    wrote /local/S/jenkins/workspace/ECP/ecg-maya-usd/ecg-mayausd-branch-preflight-2020-osx/build/RelWithDebInfo/lib/usd/schemas/generatedSchema.usda
[2022-09-09T16:50:17.682Z]     -- promoting: /local/S/jenkins/workspace/ECP/ecg-maya-usd/ecg-mayausd-branch-preflight-2020-osx/ecg-maya-usd/maya-usd/lib/usd/utils/ALHalf.h
[2022-09-09T16:50:17.682Z]     -- promoting: /local/S/jenkins/workspace/ECP/ecg-maya-usd/ecg-mayausd-branch-preflight-2020-osx/ecg-maya-usd/maya-usd/lib/usd/utils/Api.h
[2022-09-09T16:50:17.682Z]     -- promoting: /local/S/jenkins/workspace/ECP/ecg-maya-usd/ecg-mayausd-branch-preflight-2020-osx/ecg-maya-usd/maya-usd/lib/usd/utils/DebugCodes.h
[2022-09-09T16:50:17.682Z]     -- promoting: /local/S/jenkins/workspace/ECP/ecg-maya-usd/ecg-mayausd-branch-preflight-2020-osx/ecg-maya-usd/maya-usd/lib/usd/utils/DiffCore.h
[2022-09-09T16:50:17.682Z]     -- promoting: /local/S/jenkins/workspace/ECP/ecg-maya-usd/ecg-mayausd-branch-preflight-2020-osx/ecg-maya-usd/maya-usd/lib/usd/utils/DiffPrims.h
[2022-09-09T16:50:17.682Z]     -- promoting: /local/S/jenkins/workspace/ECP/ecg-maya-usd/ecg-mayausd-branch-preflight-2020-osx/ecg-maya-usd/maya-usd/lib/usd/utils/MergePrims.h
[2022-09-09T16:50:17.682Z]     -- promoting: /local/S/jenkins/workspace/ECP/ecg-maya-usd/ecg-mayausd-branch-preflight-2020-osx/ecg-maya-usd/maya-usd/lib/usd/utils/MergePrimsOptions.h
[2022-09-09T16:50:17.682Z]     -- promoting: /local/S/jenkins/workspace/ECP/ecg-maya-usd/ecg-mayausd-branch-preflight-2020-osx/ecg-maya-usd/maya-usd/lib/usd/utils/ForwardDeclares.h
[2022-09-09T16:50:17.682Z]     -- promoting: /local/S/jenkins/workspace/ECP/ecg-maya-usd/ecg-mayausd-branch-preflight-2020-osx/ecg-maya-usd/maya-usd/lib/usd/utils/SIMD.h
[2022-09-09T16:50:17.682Z]     -- promoting: /local/S/jenkins/workspace/ECP/ecg-maya-usd/ecg-mayausd-branch-preflight-2020-osx/ecg-maya-usd/maya-usd/lib/usd/utils/util.h
[2022-09-09T16:50:17.682Z]     -- promoting: /local/S/jenkins/workspace/ECP/ecg-maya-usd/ecg-mayausd-branch-preflight-2020-osx/ecg-maya-usd/maya-usd/lib/usd/ui/layerEditor/batchSaveLayersUIDelegate.h
[2022-09-09T16:50:17.682Z]     -- promoting: /local/S/jenkins/workspace/ECP/ecg-maya-usd/ecg-mayausd-branch-preflight-2020-osx/ecg-maya-usd/maya-usd/lib/usd/ui/importDialog/IMayaMQtUtil.h
[2022-09-09T16:50:17.682Z]     -- promoting: /local/S/jenkins/workspace/ECP/ecg-maya-usd/ecg-mayausd-branch-preflight-2020-osx/ecg-maya-usd/maya-usd/lib/usd/ui/importDialog/ItemDelegate.h
[2022-09-09T16:50:17.682Z]     -- promoting: /local/S/jenkins/workspace/ECP/ecg-maya-usd/ecg-mayausd-branch-preflight-2020-osx/ecg-maya-usd/maya-usd/lib/usd/ui/importDialog/IUSDImportView.h
[2022-09-09T16:50:17.682Z]     -- promoting: /local/S/jenkins/workspace/ECP/ecg-maya-usd/ecg-mayausd-branch-preflight-2020-osx/ecg-maya-usd/maya-usd/lib/usd/ui/importDialog/TreeItem.h
[2022-09-09T16:50:17.682Z]     -- promoting: /local/S/jenkins/workspace/ECP/ecg-maya-usd/ecg-mayausd-branch-preflight-2020-osx/ecg-maya-usd/maya-usd/lib/usd/ui/importDialog/TreeModel.h
[2022-09-09T16:50:17.682Z]     -- promoting: /local/S/jenkins/workspace/ECP/ecg-maya-usd/ecg-mayausd-branch-preflight-2020-osx/ecg-maya-usd/maya-usd/lib/usd/ui/importDialog/TreeModelFactory.h
[2022-09-09T16:50:17.682Z]     -- promoting: /local/S/jenkins/workspace/ECP/ecg-maya-usd/ecg-mayausd-branch-preflight-2020-osx/ecg-maya-usd/maya-usd/lib/usd/ui/importDialog/USDImportDialog.h
[2022-09-09T16:50:17.682Z]     -- promoting: /local/S/jenkins/workspace/ECP/ecg-maya-usd/ecg-mayausd-branch-preflight-2020-osx/ecg-maya-usd/maya-usd/lib/usd/ui/importDialog/USDImportDialogCmd.h
[2022-09-09T16:50:17.682Z]     -- promoting: /local/S/jenkins/workspace/ECP/ecg-maya-usd/ecg-mayausd-branch-preflight-2020-osx/ecg-maya-usd/maya-usd/lib/usd/ui/importDialog/USDQtUtil.h
[2022-09-09T16:50:17.682Z]     -- promoting: /local/S/jenkins/workspace/ECP/ecg-maya-usd/ecg-mayausd-branch-preflight-2020-osx/ecg-maya-usd/maya-usd/lib/usd/ui/api.h
[2022-09-09T16:50:17.682Z]     -- promoting: /local/S/jenkins/workspace/ECP/ecg-maya-usd/ecg-mayausd-branch-preflight-2020-osx/ecg-maya-usd/maya-usd/lib/usd/ui/initStringResources.h
[2022-09-09T16:50:17.682Z]     ========== Pixar USD Plugin ==========
[2022-09-09T16:50:17.682Z]     Compiling /local/S/jenkins/workspace/ECP/ecg-maya-usd/ecg-mayausd-branch-preflight-2020-osx/build/RelWithDebInfo/plugin/pxr/__init__.py ...
[2022-09-09T16:50:17.682Z]     ========== AL USD Plugin ==========
[2022-09-09T16:50:17.682Z]     CMake Deprecation Warning at plugin/al/CMakeLists.txt:7 (cmake_policy):
[2022-09-09T16:50:17.682Z]       The OLD behavior for policy CMP0026 will be removed from a future version
[2022-09-09T16:50:17.682Z]       of CMake.
[2022-09-09T16:50:17.682Z]     
[2022-09-09T16:50:17.682Z]       The cmake-policies(7) manual explains that the OLD behaviors of all
[2022-09-09T16:50:17.682Z]       policies are deprecated and that a policy should be set to OLD only under
[2022-09-09T16:50:17.682Z]       specific short-term circumstances.  Projects should be ported to the NEW
[2022-09-09T16:50:17.682Z]       behavior and not rely on setting a policy to OLD.
[2022-09-09T16:50:17.682Z]     
[2022-09-09T16:50:17.682Z]     
[2022-09-09T16:50:17.682Z]     -- Found Boost 1.70.0 at /local/S/jenkins/workspace/shared/Artifactory/OSX/USD/73ca68d/lib/cmake/Boost-1.70.0
[2022-09-09T16:50:17.682Z]     --   Requested configuration: QUIET REQUIRED
[2022-09-09T16:50:17.682Z]     -- Found boost_headers 1.70.0 at /local/S/jenkins/workspace/shared/Artifactory/OSX/USD/73ca68d/lib/cmake/boost_headers-1.70.0
[2022-09-09T16:50:17.682Z]     -- Found Boost: /local/S/jenkins/workspace/shared/Artifactory/OSX/USD/73ca68d/lib/cmake/Boost-1.70.0/BoostConfig.cmake (found version "1.70.0")
[2022-09-09T16:50:17.682Z]     -- Found Boost 1.70.0 at /local/S/jenkins/workspace/shared/Artifactory/OSX/USD/73ca68d/lib/cmake/Boost-1.70.0
[2022-09-09T16:50:17.683Z]     --   Requested configuration: QUIET REQUIRED COMPONENTS python
[2022-09-09T16:50:17.683Z]     -- Found boost_python 1.70.0 at /local/S/jenkins/workspace/shared/Artifactory/OSX/USD/73ca68d/lib/cmake/boost_python-1.70.0
[2022-09-09T16:50:17.683Z]     --   libboost_python27.dylib
[2022-09-09T16:50:17.683Z]     -- Adding boost_python dependencies: headers
[2022-09-09T16:50:17.683Z]     -- Found Boost: /local/S/jenkins/workspace/shared/Artifactory/OSX/USD/73ca68d/lib/cmake/Boost-1.70.0/BoostConfig.cmake (found version "1.70.0") found components: python
[2022-09-09T16:50:17.683Z]     -- Found GTest: /local/S/jenkins/workspace/ECP/ecg-maya-usd/ecg-mayausd-branch-preflight-2020-osx/build/RelWithDebInfo/googletest-install/lib/libgtest.dylib
[2022-09-09T16:50:17.683Z]     -- Building AL_USDMayaSchemas
[2022-09-09T16:50:17.683Z]     #################################################################################################
[2022-09-09T16:50:17.683Z]     #  USD_DISABLE_PRIM_DEFINITIONS_FOR_USDGENSCHEMA is overridden to 'true'.  Default is 'false'.  #
[2022-09-09T16:50:17.683Z]     #################################################################################################
[2022-09-09T16:50:18.327Z]     Processing schema classes:
[2022-09-09T16:50:18.327Z]     ALModelAPI, ALFrameRange
[2022-09-09T16:50:18.327Z]     Loading Templates from /local/S/jenkins/workspace/shared/Artifactory/OSX/USD/73ca68d/lib/usd/usd/resources/codegenTemplates
[2022-09-09T16:50:18.327Z]     Writing API:
[2022-09-09T16:50:18.327Z]     	    wrote /local/S/jenkins/workspace/ECP/ecg-maya-usd/ecg-mayausd-branch-preflight-2020-osx/build/RelWithDebInfo/plugin/al/schemas/AL/usd/schemas/maya/api.h
[2022-09-09T16:50:18.327Z]     Writing Schema Tokens:
[2022-09-09T16:50:18.327Z]     	    wrote /local/S/jenkins/workspace/ECP/ecg-maya-usd/ecg-mayausd-branch-preflight-2020-osx/build/RelWithDebInfo/plugin/al/schemas/AL/usd/schemas/maya/tokens.h
[2022-09-09T16:50:18.327Z]     	    wrote /local/S/jenkins/workspace/ECP/ecg-maya-usd/ecg-mayausd-branch-preflight-2020-osx/build/RelWithDebInfo/plugin/al/schemas/AL/usd/schemas/maya/tokens.cpp
[2022-09-09T16:50:18.327Z]     	    wrote /local/S/jenkins/workspace/ECP/ecg-maya-usd/ecg-mayausd-branch-preflight-2020-osx/build/RelWithDebInfo/plugin/al/schemas/AL/usd/schemas/maya/wrapTokens.cpp
[2022-09-09T16:50:18.327Z]     Generating Classes:
[2022-09-09T16:50:18.327Z]     	    wrote /local/S/jenkins/workspace/ECP/ecg-maya-usd/ecg-mayausd-branch-preflight-2020-osx/build/RelWithDebInfo/plugin/al/schemas/AL/usd/schemas/maya/ModelAPI.h
[2022-09-09T16:50:18.327Z]     	    wrote /local/S/jenkins/workspace/ECP/ecg-maya-usd/ecg-mayausd-branch-preflight-2020-osx/build/RelWithDebInfo/plugin/al/schemas/AL/usd/schemas/maya/ModelAPI.cpp
[2022-09-09T16:50:18.327Z]     	    wrote /local/S/jenkins/workspace/ECP/ecg-maya-usd/ecg-mayausd-branch-preflight-2020-osx/build/RelWithDebInfo/plugin/al/schemas/AL/usd/schemas/maya/wrapModelAPI.cpp
[2022-09-09T16:50:18.327Z]     	    wrote /local/S/jenkins/workspace/ECP/ecg-maya-usd/ecg-mayausd-branch-preflight-2020-osx/build/RelWithDebInfo/plugin/al/schemas/AL/usd/schemas/maya/FrameRange.h
[2022-09-09T16:50:18.327Z]     	    wrote /local/S/jenkins/workspace/ECP/ecg-maya-usd/ecg-mayausd-branch-preflight-2020-osx/build/RelWithDebInfo/plugin/al/schemas/AL/usd/schemas/maya/FrameRange.cpp
[2022-09-09T16:50:18.327Z]     	    wrote /local/S/jenkins/workspace/ECP/ecg-maya-usd/ecg-mayausd-branch-preflight-2020-osx/build/RelWithDebInfo/plugin/al/schemas/AL/usd/schemas/maya/wrapFrameRange.cpp
[2022-09-09T16:50:18.327Z]     Loading Templates from /local/S/jenkins/workspace/shared/Artifactory/OSX/USD/73ca68d/lib/usd/usd/resources/codegenTemplates
[2022-09-09T16:50:18.327Z]     	    wrote /local/S/jenkins/workspace/ECP/ecg-maya-usd/ecg-mayausd-branch-preflight-2020-osx/build/RelWithDebInfo/plugin/al/schemas/AL/usd/schemas/maya/plugInfo.json
[2022-09-09T16:50:18.327Z]     Generating Schematics:
[2022-09-09T16:50:18.327Z]     	    wrote /local/S/jenkins/workspace/ECP/ecg-maya-usd/ecg-mayausd-branch-preflight-2020-osx/build/RelWithDebInfo/plugin/al/schemas/AL/usd/schemas/maya/generatedSchema.usda
[2022-09-09T16:50:18.327Z]     #################################################################################################
[2022-09-09T16:50:18.327Z]     #  USD_DISABLE_PRIM_DEFINITIONS_FOR_USDGENSCHEMA is overridden to 'true'.  Default is 'false'.  #
[2022-09-09T16:50:18.327Z]     #################################################################################################
[2022-09-09T16:50:18.327Z]     Processing schema classes:
[2022-09-09T16:50:18.327Z]     ALExamplePolyCubeNode
[2022-09-09T16:50:18.327Z]     Loading Templates from /local/S/jenkins/workspace/shared/Artifactory/OSX/USD/73ca68d/lib/usd/usd/resources/codegenTemplates
[2022-09-09T16:50:18.327Z]     Writing API:
[2022-09-09T16:50:18.327Z]     	    wrote /local/S/jenkins/workspace/ECP/ecg-maya-usd/ecg-mayausd-branch-preflight-2020-osx/build/RelWithDebInfo/plugin/al/schemas/AL/usd/schemas/mayatest/api.h
[2022-09-09T16:50:18.327Z]     Writing Schema Tokens:
[2022-09-09T16:50:18.327Z]     	    wrote /local/S/jenkins/workspace/ECP/ecg-maya-usd/ecg-mayausd-branch-preflight-2020-osx/build/RelWithDebInfo/plugin/al/schemas/AL/usd/schemas/mayatest/tokens.h
[2022-09-09T16:50:18.327Z]     	    wrote /local/S/jenkins/workspace/ECP/ecg-maya-usd/ecg-mayausd-branch-preflight-2020-osx/build/RelWithDebInfo/plugin/al/schemas/AL/usd/schemas/mayatest/tokens.cpp
[2022-09-09T16:50:18.327Z]     	    wrote /local/S/jenkins/workspace/ECP/ecg-maya-usd/ecg-mayausd-branch-preflight-2020-osx/build/RelWithDebInfo/plugin/al/schemas/AL/usd/schemas/mayatest/wrapTokens.cpp
[2022-09-09T16:50:18.327Z]     Generating Classes:
[2022-09-09T16:50:18.327Z]     	    wrote /local/S/jenkins/workspace/ECP/ecg-maya-usd/ecg-mayausd-branch-preflight-2020-osx/build/RelWithDebInfo/plugin/al/schemas/AL/usd/schemas/mayatest/ExamplePolyCubeNode.h
[2022-09-09T16:50:18.327Z]     	    wrote /local/S/jenkins/workspace/ECP/ecg-maya-usd/ecg-mayausd-branch-preflight-2020-osx/build/RelWithDebInfo/plugin/al/schemas/AL/usd/schemas/mayatest/ExamplePolyCubeNode.cpp
[2022-09-09T16:50:18.327Z]     	    wrote /local/S/jenkins/workspace/ECP/ecg-maya-usd/ecg-mayausd-branch-preflight-2020-osx/build/RelWithDebInfo/plugin/al/schemas/AL/usd/schemas/mayatest/wrapExamplePolyCubeNode.cpp
[2022-09-09T16:50:18.327Z]     Loading Templates from /local/S/jenkins/workspace/shared/Artifactory/OSX/USD/73ca68d/lib/usd/usd/resources/codegenTemplates
[2022-09-09T16:50:18.327Z]     	    wrote /local/S/jenkins/workspace/ECP/ecg-maya-usd/ecg-mayausd-branch-preflight-2020-osx/build/RelWithDebInfo/plugin/al/schemas/AL/usd/schemas/mayatest/plugInfo.json
[2022-09-09T16:50:18.327Z]     Generating Schematics:
[2022-09-09T16:50:18.327Z]     	    wrote /local/S/jenkins/workspace/ECP/ecg-maya-usd/ecg-mayausd-branch-preflight-2020-osx/build/RelWithDebInfo/plugin/al/schemas/AL/usd/schemas/mayatest/generatedSchema.usda
[2022-09-09T16:50:18.327Z]     -- Building AL_USDMayaTranslators
[2022-09-09T16:50:18.327Z]     ========== ADSK USD Plugin ==========
[2022-09-09T16:50:18.327Z]     -- Configuring done
[2022-09-09T16:50:20.431Z]     -- Generating done
[2022-09-09T16:50:20.431Z]     -- Build files have been written to: /local/S/jenkins/workspace/ECP/ecg-maya-usd/ecg-mayausd-branch-preflight-2020-osx/build/RelWithDebInfo
[2022-09-09T16:50:20.431Z]     
[2022-09-09T16:50:20.431Z]         Building with settings:
[2022-09-09T16:50:20.431Z]           Source directory          /local/S/jenkins/workspace/ECP/ecg-maya-usd/ecg-mayausd-branch-preflight-2020-osx/ecg-maya-usd/maya-usd
[2022-09-09T16:50:20.431Z]           Workspace directory       /local/S/jenkins/workspace/ECP/ecg-maya-usd/ecg-mayausd-branch-preflight-2020-osx
[2022-09-09T16:50:20.431Z]           Build directory           /local/S/jenkins/workspace/ECP/ecg-maya-usd/ecg-mayausd-branch-preflight-2020-osx/build/RelWithDebInfo
[2022-09-09T16:50:20.431Z]           Install directory         /local/S/jenkins/workspace/ECP/ecg-maya-usd/ecg-mayausd-branch-preflight-2020-osx/install/RelWithDebInfo/MayaUSD
[2022-09-09T16:50:20.431Z]           Variant                   RelWithDebInfo
[2022-09-09T16:50:20.431Z]           Python Debug              Off
[2022-09-09T16:50:20.431Z]           CMake generator           Ninja
[2022-09-09T16:50:20.431Z]           Build arguments           ['-DCMAKE_MAKE_PROGRAM=/local/S/jenkins/workspace/shared/Artifactory/OSX/ninja/1.9.0/41005eb/ninja', '-DPYTHON_INCLUDE_DIR=/local/S/jenkins/workspace/shared/Artifactory/OSX/rundev-2020/202107140359/runtime/446214e/runTime/Maya.app/Contents/Frameworks/Python.framework/Versions/Current/include/python2.7', '-DPython_EXECUTABLE=/local/S/jenkins/workspace/shared/Artifactory/OSX/rundev-2020/202107140359/runtime/446214e/runTime/Maya.app/Contents/bin/mayapy', '-DPYTHON_LIBRARIES=/local/S/jenkins/workspace/shared/Artifactory/OSX/rundev-2020/202107140359/runtime/446214e/runTime/Maya.app/Contents/Frameworks/Python.framework/Versions/Current/lib/libpython2.7.dylib', '-DUSD_LIB_PREFIX=lib', '-DCMAKE_WANT_MATERIALX_BUILD=ON', '-DCMAKE_PREFIX_PATH=/local/S/jenkins/workspace/shared/Artifactory/OSX/USD/73ca68d']
[2022-09-09T16:50:20.431Z]           Stages arguments          ['configure']
[2022-09-09T16:50:20.431Z]           CTest arguments           ['-E testUsdReferenceAssemblySelection|testUsdMayaAppDir', '-LE interactive', '--parallel 4']
[2022-09-09T16:50:20.431Z]     Success MayaUSD build and install !!!!
[2022-09-09T16:50:20.431Z]     Elapsed time: 00:00:18
[Pipeline] }
[Pipeline] // withEnv
[Pipeline] }
[Pipeline] // timeout
[Pipeline] }
[Pipeline] // stage
[Pipeline] }
[Pipeline] // timestamps
[Pipeline] timestamps
[Pipeline] {
[Pipeline] stage
[Pipeline] { (Build)
[Pipeline] timeout
[2022-09-09T16:50:21.103Z] Timeout set to expire in 6 hr 0 min
[Pipeline] {
[Pipeline] withEnv
[Pipeline] {
[Pipeline] sh
[2022-09-09T16:50:22.535Z] + python ecg-maya-usd/build.py --stages=build --workspace-dir=/local/S/jenkins/workspace/ECP/ecg-maya-usd/ecg-mayausd-branch-preflight-2020-osx --artifactory-dir=/local/S/jenkins/workspace/shared/Artifactory --build-dir=/local/S/jenkins/workspace/ECP/ecg-maya-usd/ecg-mayausd-branch-preflight-2020-osx/build --install-dir=/local/S/jenkins/workspace/ECP/ecg-maya-usd/ecg-mayausd-branch-preflight-2020-osx/install --signing-dir=/local/S/jenkins/workspace/ECP/ecg-maya-usd/ecg-mayausd-branch-preflight-2020-osx/signing --package-dir=/local/S/jenkins/workspace/ECP/ecg-maya-usd/ecg-mayausd-branch-preflight-2020-osx/package --output-dir=/local/S/jenkins/workspace/ECP/ecg-maya-usd/ecg-mayausd-branch-preflight-2020-osx/output --stash-dir=/local/S/jenkins/workspace/ECP/ecg-maya-usd/ecg-mayausd-branch-preflight-2020-osx/stash --jenkins-build=250 --git-commit=fae7cf833a4756b05cfbdacc7cc689bda01068d0 --git-branch=master --variants=RelWithDebInfo --python=2.7 --post-zips=false --build-retry=3 --maya-cut-config=maya-rundev-2020.yaml --maya-package=rundev-2020 --stage-banner
[2022-09-09T16:50:23.310Z] Using Maya cut from /local/S/jenkins/workspace/shared/Artifactory/OSX/rundev-2020/202107140359/runtime/446214e
[2022-09-09T16:50:23.310Z] Using Maya ADSK Signatures from /local/S/jenkins/workspace/shared/Artifactory/OSX/adsk-plugin-signatures-maya/2023/c1dbfce
[2022-09-09T16:50:23.310Z] Using Maya Security Library from /local/S/jenkins/workspace/shared/Artifactory/OSX/maya-security-library/3.1.0/5f2130f
[2022-09-09T16:50:23.310Z] 
[2022-09-09T16:50:23.310Z] ================================================================================
[2022-09-09T16:50:23.310Z]                              build (RelWithDebInfo)
[2022-09-09T16:50:23.310Z] ================================================================================
[2022-09-09T16:50:23.310Z] Maya Python RelWithDebInfo Info:
[2022-09-09T16:50:23.310Z]   mayapy executable   = /local/S/jenkins/workspace/shared/Artifactory/OSX/rundev-2020/202107140359/runtime/446214e/runTime/Maya.app/Contents/bin/mayapy
[2022-09-09T16:50:23.310Z]   Include Folder      = /local/S/jenkins/workspace/shared/Artifactory/OSX/rundev-2020/202107140359/runtime/446214e/runTime/Maya.app/Contents/Frameworks/Python.framework/Versions/Current/include/python2.7
[2022-09-09T16:50:23.310Z]   Library             = /local/S/jenkins/workspace/shared/Artifactory/OSX/rundev-2020/202107140359/runtime/446214e/runTime/Maya.app/Contents/Frameworks/Python.framework/Versions/Current/lib/libpython2.7.dylib
[2022-09-09T16:50:23.310Z]   site-package Folder = /local/S/jenkins/workspace/shared/Artifactory/OSX/rundev-2020/202107140359/runtime/446214e/runTime/Maya.app/Contents/Frameworks/Python.framework/Versions/Current/lib/python2.7/site-packages
[2022-09-09T16:50:23.310Z] In workdir: /local/S/jenkins/workspace/ECP/ecg-maya-usd/ecg-mayausd-branch-preflight-2020-osx/ecg-maya-usd/maya-usd
[2022-09-09T16:50:23.310Z] Executing: /local/S/jenkins/workspace/shared/Artifactory/OSX/rundev-2020/202107140359/runtime/446214e/runTime/Maya.app/Contents/bin/mayapy /local/S/jenkins/workspace/ECP/ecg-maya-usd/ecg-mayausd-branch-preflight-2020-osx/ecg-maya-usd/maya-usd/build.py --generator Ninja --build-relwithdebug --maya-location /local/S/jenkins/workspace/shared/Artifactory/OSX/rundev-2020/202107140359/runtime/446214e/runTime --devkit-location /local/S/jenkins/workspace/shared/Artifactory/OSX/rundev-2020/202107140359/runtime/446214e/devkitBase --pxrusd-location /local/S/jenkins/workspace/shared/Artifactory/OSX/USD/73ca68d --qt-location /local/S/jenkins/workspace/shared/Artifactory/OSX/qt/5.12.5/3ca78fe --build-args=-DCMAKE_MAKE_PROGRAM=/local/S/jenkins/workspace/shared/Artifactory/OSX/ninja/1.9.0/41005eb/ninja,-DPYTHON_INCLUDE_DIR=/local/S/jenkins/workspace/shared/Artifactory/OSX/rundev-2020/202107140359/runtime/446214e/runTime/Maya.app/Contents/Frameworks/Python.framework/Versions/Current/include/python2.7,-DPython_EXECUTABLE=/local/S/jenkins/workspace/shared/Artifactory/OSX/rundev-2020/202107140359/runtime/446214e/runTime/Maya.app/Contents/bin/mayapy,-DPYTHON_LIBRARIES=/local/S/jenkins/workspace/shared/Artifactory/OSX/rundev-2020/202107140359/runtime/446214e/runTime/Maya.app/Contents/Frameworks/Python.framework/Versions/Current/lib/libpython2.7.dylib,-DUSD_LIB_PREFIX=lib,-DCMAKE_WANT_MATERIALX_BUILD=ON,-DCMAKE_PREFIX_PATH=/local/S/jenkins/workspace/shared/Artifactory/OSX/USD/73ca68d '--ctest-args=-E testUsdReferenceAssemblySelection|testUsdMayaAppDir,-LE interactive,--parallel 4' --stages=build --redirect-outstream-file=False --install-location /local/S/jenkins/workspace/ECP/ecg-maya-usd/ecg-mayausd-branch-preflight-2020-osx/install/RelWithDebInfo/MayaUSD /local/S/jenkins/workspace/ECP/ecg-maya-usd/ecg-mayausd-branch-preflight-2020-osx
[2022-09-09T16:50:23.310Z] Modified environment variables:
[2022-09-09T16:50:23.310Z]     PATH=/local/S/jenkins/workspace/shared/Artifactory/OSX/cmake/3.20.3/2594509/bin:/usr/local/bin:/bin:/usr/sbin:/sbin:/usr/bin
[2022-09-09T16:50:23.957Z]     [1/659] Building CXX object test/lib/usd/plugin/CMakeFiles/usdTestApiWriter.dir/plugin.cpp.o
[2022-09-09T16:50:27.809Z]     [2/659] Building CXX object test/lib/usd/plugin/CMakeFiles/usdTestUsdPlugin.dir/mayaShaderTranslation.cpp.o
[2022-09-09T16:50:27.809Z]     [3/659] Building CXX object test/lib/usd/plugin/CMakeFiles/usdTestInfoImportChaser.dir/infoImportChaser.cpp.o
[2022-09-09T16:50:27.809Z]     [4/659] Building CXX object test/lib/usd/plugin/CMakeFiles/usdTestApiWriter.dir/nullApiExporter.cpp.o
[2022-09-09T16:50:28.459Z]     [5/659] Building CXX object test/lib/usd/plugin/CMakeFiles/usdTestInfoImportChaser.dir/plugin.cpp.o
[2022-09-09T16:50:28.459Z]     [6/659] Building CXX object test/lib/usd/plugin/CMakeFiles/usdTestMayaPlugin.dir/plugin.cpp.o
[2022-09-09T16:50:28.459Z]     [7/659] Building CXX object test/lib/usd/plugin/CMakeFiles/usdTestApiWriter.dir/bulletAdaptor.cpp.o
[2022-09-09T16:50:29.106Z]     [8/659] Building CXX object test/lib/usd/utils/CMakeFiles/testMergePrims.dir/main.cpp.o
[2022-09-09T16:50:29.106Z]     [9/659] Building CXX object test/lib/usd/utils/CMakeFiles/testDiffComputeOverall.dir/main.cpp.o
[2022-09-09T16:50:29.750Z]     [10/659] Building CXX object test/lib/usd/utils/CMakeFiles/testDiffPrims.dir/main.cpp.o
[2022-09-09T16:50:32.667Z]     [11/659] Building CXX object test/lib/usd/plugin/CMakeFiles/usdTestMayaPlugin.dir/mayaShaderTranslation.cpp.o
[2022-09-09T16:50:33.311Z]     [12/659] Building CXX object test/lib/usd/utils/CMakeFiles/testDiffComputeOverall.dir/test_DiffComputeOverall.cpp.o
[2022-09-09T16:50:33.954Z]     [13/659] Building CXX object test/lib/usd/utils/CMakeFiles/testDiffPrims.dir/test_DiffPrimsAttributes.cpp.o
[2022-09-09T16:50:33.954Z]     [14/659] Building CXX object test/lib/usd/utils/CMakeFiles/testMergePrims.dir/test_MergePrims.cpp.o
[2022-09-09T16:50:34.598Z]     [15/659] Building CXX object test/lib/usd/utils/CMakeFiles/testDiffDictionaries.dir/main.cpp.o
[2022-09-09T16:50:36.822Z]     [16/659] Building CXX object test/lib/usd/utils/CMakeFiles/testDiffPrims.dir/test_DiffPrimsRelations.cpp.o
[2022-09-09T16:50:36.822Z]     [17/659] Building CXX object test/lib/usd/utils/CMakeFiles/testDiffLists.dir/main.cpp.o
[2022-09-09T16:50:37.465Z]     [18/659] Building CXX object test/lib/usd/utils/CMakeFiles/testDiffPrims.dir/test_DiffPrimsChildren.cpp.o
[2022-09-09T16:50:38.109Z]     [19/659] Building CXX object test/lib/usd/utils/CMakeFiles/testDiffAttributes.dir/main.cpp.o
[2022-09-09T16:50:38.109Z]     [20/659] Building CXX object test/lib/usd/utils/CMakeFiles/testDiffPrims.dir/test_DiffPrims.cpp.o
[2022-09-09T16:50:38.752Z]     [21/659] Building CXX object test/lib/usd/utils/CMakeFiles/testDiffCore.dir/main.cpp.o
[2022-09-09T16:50:38.752Z]     [22/659] Building CXX object test/lib/usd/utils/CMakeFiles/testDiffDictionaries.dir/test_DiffDictionaries.cpp.o
[2022-09-09T16:50:39.396Z]     [23/659] Building CXX object test/lib/usd/utils/CMakeFiles/testDiffMetadatas.dir/main.cpp.o
[2022-09-09T16:50:40.733Z]     [24/659] Building CXX object test/lib/usd/utils/CMakeFiles/testDiffCore.dir/test_DiffCore.cpp.o
[2022-09-09T16:50:41.394Z]     [25/659] Building CXX object test/lib/usd/utils/CMakeFiles/testDiffValues.dir/main.cpp.o
[2022-09-09T16:50:42.759Z]     [26/659] Building CXX object test/lib/usd/utils/CMakeFiles/testDiffAttributes.dir/test_DiffAttributes.cpp.o
[2022-09-09T16:50:43.403Z]     [27/659] Building CXX object test/lib/usd/utils/CMakeFiles/testDiffLists.dir/test_DiffLists.cpp.o
[2022-09-09T16:50:44.047Z]     [28/659] Building CXX object test/lib/usd/utils/CMakeFiles/testDiffMetadatas.dir/test_DiffMetadatas.cpp.o
[2022-09-09T16:50:46.140Z]     [29/659] Building CXX object test/lib/usd/utils/CMakeFiles/testDiffValues.dir/test_DiffValues.cpp.o
[2022-09-09T16:50:48.314Z]     [30/659] Building CXX object test/lib/usd/utils/CMakeFiles/testDiffValues.dir/test_DiffValuesMatrices.cpp.o
[2022-09-09T16:50:48.314Z]     [31/659] Building CXX object test/lib/usd/utils/CMakeFiles/testDiffValues.dir/test_DiffValuesGeneric.cpp.o
[2022-09-09T16:50:49.653Z]     [32/659] Building CXX object test/lib/usd/utils/CMakeFiles/testDiffValues.dir/test_DiffValuesArrays.cpp.o
[2022-09-09T16:50:50.994Z]     [33/659] Building CXX object test/lib/usd/utils/CMakeFiles/testDiffValues.dir/test_DiffValuesQuaternions.cpp.o
[2022-09-09T16:50:54.867Z]     [34/659] Building CXX object test/lib/usd/utils/CMakeFiles/testDiffValues.dir/test_DiffValuesFloatVecs.cpp.o
[2022-09-09T16:50:54.867Z]     [35/659] Building CXX object test/lib/usd/utils/CMakeFiles/testDiffValues.dir/test_DiffValuesDoubleVecs.cpp.o
[2022-09-09T16:50:55.512Z]     [36/659] Building CXX object test/lib/usd/utils/CMakeFiles/testDiffValues.dir/test_DiffValuesIntVecs.cpp.o
[2022-09-09T16:50:55.512Z]     [37/659] Building CXX object test/lib/usd/utils/CMakeFiles/testDiffRelationships.dir/main.cpp.o
[2022-09-09T16:50:55.512Z]     [38/659] Building CXX object lib/mayaUsd/CMakeFiles/mayaUsd.dir/base/debugCodes.cpp.o
[2022-09-09T16:50:56.155Z]     [39/659] Building CXX object test/lib/usd/utils/CMakeFiles/testDiffValues.dir/test_DiffValuesHalfVecs.cpp.o
[2022-09-09T16:50:56.155Z]     [40/659] Building CXX object lib/mayaUsd/CMakeFiles/mayaUsd.dir/base/tokens.cpp.o
[2022-09-09T16:50:59.093Z]     [41/659] Building CXX object test/lib/usd/utils/CMakeFiles/testDiffRelationships.dir/test_DiffRelationships.cpp.o
[2022-09-09T16:50:59.737Z]     [42/659] Building CXX object lib/mayaUsd/CMakeFiles/mayaUsd.dir/commands/baseExportCommand.cpp.o
[2022-09-09T16:50:59.737Z]     FAILED: lib/mayaUsd/CMakeFiles/mayaUsd.dir/commands/baseExportCommand.cpp.o
[2022-09-09T16:50:59.737Z]     /Applications/Xcode.app/Contents/Developer/Toolchains/XcodeDefault.xctoolchain/usr/bin/c++ -DBUILD_HDMAYA -DMATERIALX_BUILD_SHARED_LIBS -DMAYAUSD_CORE_EXPORT -DMAYAUSD_MACROS_EXPORT -DMAYAUSD_VERSION=0.20.0 -DMAYA_ARRAY_ITERATOR_DIFFERENCE_TYPE_SUPPORT=1 -DMAYA_PY_VERSION=2 -DMAYA_USD_VERSION=0.21.11 -DMFB_ALT_PACKAGE_NAME=\"mayaUsd\" -DMFB_PACKAGE_MODULE=\"mayaUsd\" -DMFB_PACKAGE_NAME=\"mayaUsd\" -DOSMac_ -DPXR_PLUGINPATH_NAME=PXR_PLUGINPATH_NAME -DPXR_PYTHON_ENABLED=1 -DTBB_SUPPRESS_DEPRECATED_MESSAGES -DWANT_QT_BUILD -DWANT_UFE_BUILD -DmayaUsd_EXPORTS -I/local/S/jenkins/workspace/shared/Artifactory/OSX/rundev-2020/202107140359/runtime/446214e/runTime/include -I/local/S/jenkins/workspace/shared/Artifactory/OSX/rundev-2020/202107140359/runtime/446214e/devkitBase/devkit/ufe/include -Iinclude -I_deps/gulrak-src/include -isystem /local/S/jenkins/workspace/shared/Artifactory/OSX/USD/73ca68d/include -isystem /local/S/jenkins/workspace/shared/Artifactory/OSX/rundev-2020/202107140359/runtime/446214e/runTime/Maya.app/Contents/Frameworks/Python.framework/Versions/Current/include/python2.7 -O2 -g -DNDEBUG -arch x86_64 -isysroot /Applications/Xcode.app/Contents/Developer/Platforms/MacOSX.platform/Developer/SDKs/MacOSX10.14.sdk -mmacosx-version-min=10.14 -fPIC -Wall -Werror -msse4.2 -Wno-deprecated -Wno-deprecated-declarations -Wno-unused-local-typedefs -Wrange-loop-analysis -std=c++14 -MD -MT lib/mayaUsd/CMakeFiles/mayaUsd.dir/commands/baseExportCommand.cpp.o -MF lib/mayaUsd/CMakeFiles/mayaUsd.dir/commands/baseExportCommand.cpp.o.d -o lib/mayaUsd/CMakeFiles/mayaUsd.dir/commands/baseExportCommand.cpp.o -c /local/S/jenkins/workspace/ECP/ecg-maya-usd/ecg-mayausd-branch-preflight-2020-osx/ecg-maya-usd/maya-usd/lib/mayaUsd/commands/baseExportCommand.cpp
[2022-09-09T16:50:59.737Z]     /local/S/jenkins/workspace/ECP/ecg-maya-usd/ecg-mayausd-branch-preflight-2020-osx/ecg-maya-usd/maya-usd/lib/mayaUsd/commands/baseExportCommand.cpp:354:44: error: loop variable 'root' of type 'const std::string' (aka 'const basic_string<char, char_traits<char>, allocator<char> >') creates a copy from type 'const std::string' [-Werror,-Wrange-loop-analysis]
[2022-09-09T16:50:59.737Z]                         for (const std::string root : exportRoots) {
[2022-09-09T16:50:59.737Z]                                                ^
[2022-09-09T16:50:59.737Z]     /local/S/jenkins/workspace/ECP/ecg-maya-usd/ecg-mayausd-branch-preflight-2020-osx/ecg-maya-usd/maya-usd/lib/mayaUsd/commands/baseExportCommand.cpp:354:26: note: use reference type 'const std::string &' (aka 'const basic_string<char, char_traits<char>, allocator<char> > &') to prevent copying
[2022-09-09T16:50:59.737Z]                         for (const std::string root : exportRoots) {
[2022-09-09T16:50:59.737Z]                              ^~~~~~~~~~~~~~~~~~~~~~~~
[2022-09-09T16:50:59.737Z]     1 error generated.
[2022-09-09T16:50:59.737Z]     [43/659] Building CXX object lib/mayaUsd/CMakeFiles/mayaUsd.dir/commands/baseListJobContextsCommand.cpp.o
[2022-09-09T16:51:00.382Z]     [44/659] Building CXX object lib/mayaUsd/CMakeFiles/mayaUsd.dir/commands/baseImportCommand.cpp.o
[2022-09-09T16:51:03.308Z]     [45/659] Building CXX object lib/mayaUsd/CMakeFiles/mayaUsd.dir/commands/baseListShadingModesCommand.cpp.o
[2022-09-09T16:51:03.308Z]     ninja: build stopped: subcommand failed.
[2022-09-09T16:51:03.308Z]     
[2022-09-09T16:51:03.308Z]         Building with settings:
[2022-09-09T16:51:03.308Z]           Source directory          /local/S/jenkins/workspace/ECP/ecg-maya-usd/ecg-mayausd-branch-preflight-2020-osx/ecg-maya-usd/maya-usd
[2022-09-09T16:51:03.308Z]           Workspace directory       /local/S/jenkins/workspace/ECP/ecg-maya-usd/ecg-mayausd-branch-preflight-2020-osx
[2022-09-09T16:51:03.308Z]           Build directory           /local/S/jenkins/workspace/ECP/ecg-maya-usd/ecg-mayausd-branch-preflight-2020-osx/build/RelWithDebInfo
[2022-09-09T16:51:03.308Z]           Install directory         /local/S/jenkins/workspace/ECP/ecg-maya-usd/ecg-mayausd-branch-preflight-2020-osx/install/RelWithDebInfo/MayaUSD
[2022-09-09T16:51:03.308Z]           Variant                   RelWithDebInfo
[2022-09-09T16:51:03.308Z]           Python Debug              Off
[2022-09-09T16:51:03.308Z]           CMake generator           Ninja
[2022-09-09T16:51:03.308Z]           Build arguments           ['-DCMAKE_MAKE_PROGRAM=/local/S/jenkins/workspace/shared/Artifactory/OSX/ninja/1.9.0/41005eb/ninja', '-DPYTHON_INCLUDE_DIR=/local/S/jenkins/workspace/shared/Artifactory/OSX/rundev-2020/202107140359/runtime/446214e/runTime/Maya.app/Contents/Frameworks/Python.framework/Versions/Current/include/python2.7', '-DPython_EXECUTABLE=/local/S/jenkins/workspace/shared/Artifactory/OSX/rundev-2020/202107140359/runtime/446214e/runTime/Maya.app/Contents/bin/mayapy', '-DPYTHON_LIBRARIES=/local/S/jenkins/workspace/shared/Artifactory/OSX/rundev-2020/202107140359/runtime/446214e/runTime/Maya.app/Contents/Frameworks/Python.framework/Versions/Current/lib/libpython2.7.dylib', '-DUSD_LIB_PREFIX=lib', '-DCMAKE_WANT_MATERIALX_BUILD=ON', '-DCMAKE_PREFIX_PATH=/local/S/jenkins/workspace/shared/Artifactory/OSX/USD/73ca68d']
[2022-09-09T16:51:03.308Z]           Stages arguments          ['build']
[2022-09-09T16:51:03.308Z]           CTest arguments           ['-E testUsdReferenceAssemblySelection|testUsdMayaAppDir', '-LE interactive', '--parallel 4']
[2022-09-09T16:51:03.308Z]     #####################################################################################
[2022-09-09T16:51:03.308Z]     log date: 2022-09-09 09:50
[2022-09-09T16:51:03.308Z]     commit sha: 7c65e3b23a1da7e953d1cb926aa1b585db908c73
[2022-09-09T16:51:03.308Z]     commit date: Fri Sep 9 11:56:25 2022 -0400
[2022-09-09T16:51:03.308Z]     #####################################################################################
[2022-09-09T16:51:03.308Z]     
[2022-09-09T16:51:03.308Z]     cmake --build . --config RelWithDebInfo  -- -j4
[2022-09-09T16:51:03.308Z]     
[2022-09-09T16:51:03.308Z]     Traceback (most recent call last):
[2022-09-09T16:51:03.308Z]       File "/local/S/jenkins/workspace/ECP/ecg-maya-usd/ecg-mayausd-branch-preflight-2020-osx/ecg-maya-usd/maya-usd/build.py", line 623, in <module>
[2022-09-09T16:51:03.308Z]         BuildAndInstall(context, context.buildArgs, context.stagesArgs)
[2022-09-09T16:51:03.308Z]       File "/local/S/jenkins/workspace/ECP/ecg-maya-usd/ecg-mayausd-branch-preflight-2020-osx/ecg-maya-usd/maya-usd/build.py", line 392, in BuildAndInstall
[2022-09-09T16:51:03.308Z]         RunCMake(context, extraArgs, stagesArgs)
[2022-09-09T16:51:03.308Z]       File "/local/S/jenkins/workspace/ECP/ecg-maya-usd/ecg-mayausd-branch-preflight-2020-osx/ecg-maya-usd/maya-usd/build.py", line 308, in RunCMake
[2022-09-09T16:51:03.308Z]         multiproc=FormatMultiProcs(context.numJobs, generator)))
[2022-09-09T16:51:03.308Z]       File "/local/S/jenkins/workspace/ECP/ecg-maya-usd/ecg-mayausd-branch-preflight-2020-osx/ecg-maya-usd/maya-usd/build.py", line 179, in Run
[2022-09-09T16:51:03.308Z]         .format(cmd=cmd, log=os.path.abspath(context.logFileLocation)))
[2022-09-09T16:51:03.308Z]     RuntimeError: Failed to run 'cmake --build . --config RelWithDebInfo  -- -j4'
[2022-09-09T16:51:03.308Z]     See /local/S/jenkins/workspace/ECP/ecg-maya-usd/ecg-mayausd-branch-preflight-2020-osx/build/RelWithDebInfo/build_log.txt for more details.
[2022-09-09T16:51:03.308Z] build.py: error: Command failed with error code: 1
[Pipeline] }
[Pipeline] // withEnv
[Pipeline] }
[Pipeline] // timeout
[Pipeline] }
[Pipeline] // stage
[Pipeline] }
[Pipeline] // timestamps
[Pipeline] emailextrecipients
Not sending mail to unregistered user ecg.jenkins@autodesk.com because your SCM claimed this was associated with a user ID ecg.jenkins' which your security realm does not recognize; you may need changes in your SCM plugin
Not sending mail to unregistered user ecg.jenkins@autodesk.com because your SCM claimed this was associated with a user ID ecg.jenkins' which your security realm does not recognize; you may need changes in your SCM plugin
[Pipeline] echo
No recipients to send notification.
[Pipeline] }
[Pipeline] // node
[Pipeline] End of Pipeline
ERROR: script returned exit code 1
[Checks API] No suitable checks publisher found.
Finished: FAILURE
