================================================================================
                                 setup (Debug)
================================================================================
Deleting subst P:
Deleting subst W:
[Pipeline] }
[Pipeline] // withEnv
[Pipeline] withEnv
[Pipeline] {
[Pipeline] bat
[ecg-mayausd-branch-preflight-windows] Running batch script
Subst W: S:\jenkins\workspace\ecg-mayausd-branch-preflight-windows
Subst P: S:\jenkins\workspace
"C:\Program Files (x86)\Microsoft Visual Studio\2017\Professional\VC\Auxiliary\Build\vcvarsall.bat" x64
**********************************************************************
** Visual Studio 2017 Developer Command Prompt v15.9.15
** Copyright (c) 2017 Microsoft Corporation
**********************************************************************
[vcvarsall.bat] Environment initialized for: 'x64'
python ecg-maya-usd/build.py --stages=setup --workspace-dir=W:\ --artifactory-dir=P:\shared\Artifactory --build-dir=W:\build --install-dir=W:\install --signing-dir=W:\signing --package-dir=W:\package --output-dir=W:\output --stash-dir=W:\stash --jenkins-build=628 --git-commit=79d6928a78f4fbfeb54c5bb4c6fb7eb0c4e9e8ce --git-branch=master --variants=RelWithDebInfo --python=2 --prune-versions=2 --prune-revisions=2 --maya-cut-id=latest --maya-package=rundev-master --stage-banner --prune-artifacts --force-pruning
Finding Artifactory servers response times
Checking server art-bear.autodesk.com for artifacts matching properties:
	package=rundev-master
	platform=win
Multiple artifacts matching the selection properties were found on server art-bear.autodesk.com.
Query returned artifacts with different hashes.
Selecting latest Maya cut
Using Maya cut from P:\shared\Artifactory\Windows\rundev-master\202010122115\runtime\cb0d82a
Pruning artifacts in P:\shared\Artifactory\Windows
The following artifact versions will be pruned:
	rundev-master-debug\202010060315
Removing directory: P:\shared\Artifactory\Windows\rundev-master-debug\202010060315
Downloading https://art-bear.autodesk.com:443/artifactory/oss-stg-generic/Maya/master/2020-10-12-21-15/windows/202010122115-f2ee956a81-RUNDEV.zip to P:\shared\Artifactory\Windows\tmp\tmpkifqzx
    Progress: [########################################]
Extracting 202010122115-f2ee956a81-RUNDEV.zip to P:\shared\Artifactory\Windows\tmp\tmprlaqyy
Installing on P:\shared\Artifactory\Windows\rundev-master\202010122115\runtime\cb0d82a

================================================================================
                             setup (RelWithDebInfo)
================================================================================
Deleting subst P:
Deleting subst W:
[Pipeline] }
[Pipeline] // withEnv
[Pipeline] }
[Pipeline] // stage
[Pipeline] }
[Pipeline] // timestamps
[Pipeline] }
[Pipeline] // timeout
[Pipeline] timeout
Timeout set to expire in 6 hr 0 min
[Pipeline] {
[Pipeline] timestamps
[Pipeline] {
[Pipeline] stage
[Pipeline] { (Clean)
[Pipeline] withEnv
[Pipeline] {
[Pipeline] bat
[ecg-mayausd-branch-preflight-windows] Running batch script
Subst W: S:\jenkins\workspace\ecg-mayausd-branch-preflight-windows
Subst P: S:\jenkins\workspace
"C:\Program Files (x86)\Microsoft Visual Studio\2017\Professional\VC\Auxiliary\Build\vcvarsall.bat" x64
**********************************************************************
** Visual Studio 2017 Developer Command Prompt v15.9.15
** Copyright (c) 2017 Microsoft Corporation
**********************************************************************
[vcvarsall.bat] Environment initialized for: 'x64'
python ecg-maya-usd/build.py --stages=clean --workspace-dir=W:\ --artifactory-dir=P:\shared\Artifactory --build-dir=W:\build --install-dir=W:\install --signing-dir=W:\signing --package-dir=W:\package --output-dir=W:\output --stash-dir=W:\stash --jenkins-build=628 --git-commit=79d6928a78f4fbfeb54c5bb4c6fb7eb0c4e9e8ce --git-branch=master --variants=Debug --python=2 --maya-package=rundev-master-debug --stage-banner
Searching for available Maya cuts in P:\shared\Artifactory\Windows\rundev-master-debug
Using Maya cut from P:\shared\Artifactory\Windows\rundev-master-debug\202010122115\runtime\9886061

================================================================================
                                 clean (Debug)
================================================================================
running clean stage....................
Maya Python Debug Info:
  mayapy executable   = P:\shared\Artifactory\Windows\rundev-master-debug\202010122115\runtime\9886061\runTime\bin\mayapy2.exe
  Include Folder      = P:\shared\Artifactory\Windows\rundev-master-debug\202010122115\runtime\9886061\runTime\include\Python27\Python
  Library             = P:\shared\Artifactory\Windows\rundev-master-debug\202010122115\runtime\9886061\runTime\lib\python27_d.lib
  site-package Folder = P:\shared\Artifactory\Windows\rundev-master-debug\202010122115\runtime\9886061\runTime\Python27\Lib\site-packages
build.py: error: Command failed with error code: -1073741515
Deleting subst P:
[Pipeline] }
[Pipeline] // withEnv
[Pipeline] }
[Pipeline] // stage
[Pipeline] }
[Pipeline] // timestamps
[Pipeline] }
[Pipeline] // timeout
[Pipeline] emailextrecipients
[Pipeline] echo
No recipients to send notification.
[Pipeline] }
[Pipeline] // node
[Pipeline] End of Pipeline
ERROR: script returned exit code -1073741515
Finished: FAILURE
