================================================================================
                                 setup (Debug)
================================================================================
[Pipeline] }
[Pipeline] // withEnv
[Pipeline] withEnv
[Pipeline] {
[Pipeline] sh
[ecg-mayausd-branch-preflight-osx] Running shell script
+ python ecg-maya-usd/build.py --stages=setup --workspace-dir=/local/S/jenkins/workspace/ecg-mayausd-branch-preflight-osx --artifactory-dir=/local/S/jenkins/workspace/shared/Artifactory --build-dir=/local/S/jenkins/workspace/ecg-mayausd-branch-preflight-osx/build --install-dir=/local/S/jenkins/workspace/ecg-mayausd-branch-preflight-osx/install --signing-dir=/local/S/jenkins/workspace/ecg-mayausd-branch-preflight-osx/signing --package-dir=/local/S/jenkins/workspace/ecg-mayausd-branch-preflight-osx/package --output-dir=/local/S/jenkins/workspace/ecg-mayausd-branch-preflight-osx/output --stash-dir=/local/S/jenkins/workspace/ecg-mayausd-branch-preflight-osx/stash --jenkins-build=684 --git-commit=9783672b1f539ced17ccbdc14e49a480c686142d --git-branch=master --variants=RelWithDebInfo --python=2 --prune-versions=2 --prune-revisions=2 --maya-cut-id=latest --maya-package=rundev-master-python2 --stage-banner --prune-artifacts --force-pruning
Finding Artifactory servers response times
Checking server art-bobcat.autodesk.com for artifacts matching properties:
	package=rundev-master-python2
	platform=osx
Multiple artifacts matching the selection properties were found on server art-bobcat.autodesk.com.
Loading Json URL: RuntimeError('Loading https://art-bobcat.autodesk.com/artifactory/api/storage/oss-stg-generic/Maya/master-python2/2020-09-23-15-30/osx/202009231530-b3e888376a-RUNDEV.dmg returned an empty output',)
Retry #1...
Loading Json URL: RuntimeError('Loading https://art-bobcat.autodesk.com/artifactory/api/storage/oss-stg-generic/Maya/master-python2/2020-09-23-15-30/osx/202009231530-b3e888376a-RUNDEV.dmg returned an empty output',)
Retry #2...
Loading Json URL: RuntimeError('Loading https://art-bobcat.autodesk.com/artifactory/api/storage/oss-stg-generic/Maya/master-python2/2020-09-23-15-30/osx/202009231530-b3e888376a-RUNDEV.dmg returned an empty output',)
Retry #3...
Loading Json URL: RuntimeError('Loading https://art-bobcat.autodesk.com/artifactory/api/storage/oss-stg-generic/Maya/master-python2/2020-09-23-15-30/osx/202009231530-b3e888376a-RUNDEV.dmg returned an empty output',)
Retry #4...
Loading Json URL: RuntimeError('[ValueError] No JSON object could be decoded\nContents:\n<html>\r\n<head><title>502 Bad Gateway</title></head>\r\n<body bgcolor="white">\r\n<center><h1>502 Bad Gateway</h1></center>\r\n<hr><center>nginx/1.10.1</center>\r\n</body>\r\n</html>\r\n<html>\r\n<head><title>504 Gateway Time-out</title></head>\r\n<body bgcolor="white">\r\n<center><h1>504 Gateway Time-out</h1></center>\r\n<hr><center>nginx/1.10.1</center>\r\n</body>\r\n</html>\r\n<html>\r\n<head><title>504 Gateway Time-out</title></head>\r\n<body bgcolor="white">\r\n<center><h1>504 Gateway Time-out</h1></center>\r\n<hr><center>nginx/1.10.1</center>\r\n</body>\r\n</html>\r\n<html>\r\n<head><title>504 Gateway Time-out</title></head>\r\n<body bgcolor="white">\r\n<center><h1>504 Gateway Time-out</h1></center>\r\n<hr><center>nginx/1.10.1</center>\r\n</body>\r\n</html>',)
Retry #5...
Retried 5 times. Aborting...
Loading Json URL error: reached maximum number of retry attempts.
Unable to obtain the URL for an artifact matching properties on Artifactory server art-bobcat.autodesk.com. Retrying using alternative Artifactory servers...
build.py: internal error: Unable to determine the Maya cut install path.
[Pipeline] }
[Pipeline] // withEnv
[Pipeline] }
[Pipeline] // stage
[Pipeline] }
[Pipeline] // timestamps
[Pipeline] }
[Pipeline] // timeout
[Pipeline] emailextrecipients
[Pipeline] echo
No recipients to send notification.
[Pipeline] }
[Pipeline] // node
[Pipeline] End of Pipeline
ERROR: script returned exit code 1
Finished: FAILURE
