[2022-10-25T13:26:08.852Z] ================================================================================
[2022-10-25T13:26:08.852Z]                              setup (RelWithDebInfo)
[2022-10-25T13:26:08.852Z] ================================================================================
[Pipeline] }
[Pipeline] // withEnv
[Pipeline] }
[Pipeline] // timeout
[Pipeline] }
[Pipeline] // stage
[Pipeline] }
[Pipeline] // timestamps
[Pipeline] timestamps
[Pipeline] {
[Pipeline] stage
[Pipeline] { (Clean)
[Pipeline] timeout
[2022-10-25T13:26:09.393Z] Timeout set to expire in 6 hr 0 min
[Pipeline] {
[Pipeline] withEnv
[Pipeline] {
[Pipeline] sh
[2022-10-25T13:26:10.314Z] + scl enable devtoolset-6 -
[2022-10-25T13:26:10.316Z] python ecg-maya-usd/build.py --stages=clean --workspace-dir=/local/S/jenkins/workspace/ECP/ecg-maya-usd/ecg-mayausd-branch-preflight-2020-pxrusd-mid3-interactive-linux --artifactory-dir=/local/S/jenkins/workspace/shared/Artifactory --build-dir=/local/S/jenkins/workspace/ECP/ecg-maya-usd/ecg-mayausd-branch-preflight-2020-pxrusd-mid3-interactive-linux/build --install-dir=/local/S/jenkins/workspace/ECP/ecg-maya-usd/ecg-mayausd-branch-preflight-2020-pxrusd-mid3-interactive-linux/install --signing-dir=/local/S/jenkins/workspace/ECP/ecg-maya-usd/ecg-mayausd-branch-preflight-2020-pxrusd-mid3-interactive-linux/signing --package-dir=/local/S/jenkins/workspace/ECP/ecg-maya-usd/ecg-mayausd-branch-preflight-2020-pxrusd-mid3-interactive-linux/package --output-dir=/local/S/jenkins/workspace/ECP/ecg-maya-usd/ecg-mayausd-branch-preflight-2020-pxrusd-mid3-interactive-linux/output --stash-dir=/local/S/jenkins/workspace/ECP/ecg-maya-usd/ecg-mayausd-branch-preflight-2020-pxrusd-mid3-interactive-linux/stash --jenkins-build=370 --git-commit=1619919e5616f9a6bb4fdee30fee3b16484f19fb --git-branch=master --variants=RelWithDebInfo --python=2.7 --pxrusd-version=mid3 --interactive-tests=true --post-zips=false --maya-cut-config=maya-rundev-2020.yaml --maya-package=rundev-2020 --stage-banner
[2022-10-25T13:26:10.745Z] Using Maya cut from /local/S/jenkins/workspace/shared/Artifactory/Linux/rundev-2020/202107140359/runtime/a6ca045
[2022-10-25T13:26:10.745Z] 
[2022-10-25T13:26:10.745Z] ================================================================================
[2022-10-25T13:26:10.745Z]                              clean (RelWithDebInfo)
[2022-10-25T13:26:10.745Z] ================================================================================
[2022-10-25T13:26:10.745Z] Maya Python RelWithDebInfo Info:
[2022-10-25T13:26:10.745Z]   mayapy executable   = /local/S/jenkins/workspace/shared/Artifactory/Linux/rundev-2020/202107140359/runtime/a6ca045/runTime/bin/mayapy
[2022-10-25T13:26:10.745Z]   Include Folder      = /local/S/jenkins/workspace/shared/Artifactory/Linux/rundev-2020/202107140359/runtime/a6ca045/runTime/include/Python
[2022-10-25T13:26:10.745Z]   Library             = /local/S/jenkins/workspace/shared/Artifactory/Linux/rundev-2020/202107140359/runtime/a6ca045/runTime/lib/libpython2.7.so.1.0
[2022-10-25T13:26:10.745Z]   site-package Folder = /local/S/jenkins/workspace/shared/Artifactory/Linux/rundev-2020/202107140359/runtime/a6ca045/runTime/lib/python2.7/site-packages
[2022-10-25T13:26:11.174Z] In workdir: /home/S/jenkins/workspace/ECP/ecg-maya-usd/ecg-mayausd-branch-preflight-2020-pxrusd-mid3-interactive-linux/ecg-maya-usd/maya-usd
[2022-10-25T13:26:11.174Z] Executing: /local/S/jenkins/workspace/shared/Artifactory/Linux/rundev-2020/202107140359/runtime/a6ca045/runTime/bin/mayapy /home/S/jenkins/workspace/ECP/ecg-maya-usd/ecg-mayausd-branch-preflight-2020-pxrusd-mid3-interactive-linux/ecg-maya-usd/maya-usd/build.py --generator Ninja --build-relwithdebug --maya-location /local/S/jenkins/workspace/shared/Artifactory/Linux/rundev-2020/202107140359/runtime/a6ca045/runTime --devkit-location /local/S/jenkins/workspace/shared/Artifactory/Linux/rundev-2020/202107140359/runtime/a6ca045/devkitBase --pxrusd-location /local/S/jenkins/workspace/shared/Artifactory/Linux/USD/b45703f --qt-location /local/S/jenkins/workspace/shared/Artifactory/Linux/qt/5.12.5/84f551b --build-args=-DCMAKE_MAKE_PROGRAM=/local/S/jenkins/workspace/shared/Artifactory/Linux/ninja/1.9.0/aca9939/ninja,-DPYTHON_INCLUDE_DIR=/local/S/jenkins/workspace/shared/Artifactory/Linux/rundev-2020/202107140359/runtime/a6ca045/runTime/include/Python,-DPython_EXECUTABLE=/local/S/jenkins/workspace/shared/Artifactory/Linux/rundev-2020/202107140359/runtime/a6ca045/runTime/bin/mayapy,-DPYTHON_LIBRARIES=/local/S/jenkins/workspace/shared/Artifactory/Linux/rundev-2020/202107140359/runtime/a6ca045/runTime/lib/libpython2.7.so.1.0,-DUSD_LIB_PREFIX=lib,-DCMAKE_WANT_MATERIALX_BUILD=ON,-DCMAKE_PREFIX_PATH=/local/S/jenkins/workspace/shared/Artifactory/Linux/USD/b45703f '--ctest-args=-E testUsdReferenceAssemblySelection|testUsdMayaAppDir|AL_MayaUtilsTests|testUsdImportDisplacement|testUsdImportFrameRange,--parallel 16' --stages=clean --redirect-outstream-file=False --install-location /local/S/jenkins/workspace/ECP/ecg-maya-usd/ecg-mayausd-branch-preflight-2020-pxrusd-mid3-interactive-linux/install/RelWithDebInfo/MayaUSD /local/S/jenkins/workspace/ECP/ecg-maya-usd/ecg-mayausd-branch-preflight-2020-pxrusd-mid3-interactive-linux
[2022-10-25T13:26:11.174Z] Modified environment variables:
[2022-10-25T13:26:11.174Z]     PATH=/local/S/jenkins/workspace/shared/Artifactory/Linux/cmake/3.20.3/ab685d7/bin:/opt/rh/devtoolset-6/root/usr/bin:/usr/local/bin:/usr/local/sbin:/usr/bin:/usr/sbin:/bin:/sbin:/home/administrator/.local/bin:/home/administrator/bin
[2022-10-25T13:26:11.174Z]     LD_LIBRARY_PATH=/opt/rh/devtoolset-6/root/usr/lib64:/opt/rh/devtoolset-6/root/usr/lib64:/opt/rh/devtoolset-6/root/usr/lib
[2022-10-25T13:26:11.605Z]     
[2022-10-25T13:26:11.605Z]         Building with settings:
[2022-10-25T13:26:11.605Z]           Source directory          /home/S/jenkins/workspace/ECP/ecg-maya-usd/ecg-mayausd-branch-preflight-2020-pxrusd-mid3-interactive-linux/ecg-maya-usd/maya-usd
[2022-10-25T13:26:11.605Z]           Workspace directory       /local/S/jenkins/workspace/ECP/ecg-maya-usd/ecg-mayausd-branch-preflight-2020-pxrusd-mid3-interactive-linux
[2022-10-25T13:26:11.605Z]           Build directory           /local/S/jenkins/workspace/ECP/ecg-maya-usd/ecg-mayausd-branch-preflight-2020-pxrusd-mid3-interactive-linux/build/RelWithDebInfo
[2022-10-25T13:26:11.605Z]           Install directory         /local/S/jenkins/workspace/ECP/ecg-maya-usd/ecg-mayausd-branch-preflight-2020-pxrusd-mid3-interactive-linux/install/RelWithDebInfo/MayaUSD
[2022-10-25T13:26:11.605Z]           Variant                   RelWithDebInfo
[2022-10-25T13:26:11.605Z]           Python Debug              Off
[2022-10-25T13:26:11.605Z]           CMake generator           Ninja
[2022-10-25T13:26:11.605Z]           Build arguments           ['-DCMAKE_MAKE_PROGRAM=/local/S/jenkins/workspace/shared/Artifactory/Linux/ninja/1.9.0/aca9939/ninja', '-DPYTHON_INCLUDE_DIR=/local/S/jenkins/workspace/shared/Artifactory/Linux/rundev-2020/202107140359/runtime/a6ca045/runTime/include/Python', '-DPython_EXECUTABLE=/local/S/jenkins/workspace/shared/Artifactory/Linux/rundev-2020/202107140359/runtime/a6ca045/runTime/bin/mayapy', '-DPYTHON_LIBRARIES=/local/S/jenkins/workspace/shared/Artifactory/Linux/rundev-2020/202107140359/runtime/a6ca045/runTime/lib/libpython2.7.so.1.0', '-DUSD_LIB_PREFIX=lib', '-DCMAKE_WANT_MATERIALX_BUILD=ON', '-DCMAKE_PREFIX_PATH=/local/S/jenkins/workspace/shared/Artifactory/Linux/USD/b45703f']
[2022-10-25T13:26:11.605Z]           Stages arguments          ['clean']
[2022-10-25T13:26:11.605Z]           CTest arguments           ['-E testUsdReferenceAssemblySelection|testUsdMayaAppDir|AL_MayaUtilsTests|testUsdImportDisplacement|testUsdImportFrameRange', '--parallel 16']
[2022-10-25T13:26:11.605Z]     Success MayaUSD build and install !!!!
[2022-10-25T13:26:11.605Z]     Elapsed time: 00:00:00
[Pipeline] }
[Pipeline] // withEnv
[Pipeline] }
[Pipeline] // timeout
[Pipeline] }
[Pipeline] // stage
[Pipeline] }
[Pipeline] // timestamps
[Pipeline] timestamps
[Pipeline] {
[Pipeline] stage
[Pipeline] { (Configure)
[Pipeline] timeout
[2022-10-25T13:26:11.949Z] Timeout set to expire in 6 hr 0 min
[Pipeline] {
[Pipeline] withEnv
[Pipeline] {
[Pipeline] sh
[2022-10-25T13:26:12.850Z] + scl enable devtoolset-6 -
[2022-10-25T13:26:12.850Z] python ecg-maya-usd/build.py --stages=configure --workspace-dir=/local/S/jenkins/workspace/ECP/ecg-maya-usd/ecg-mayausd-branch-preflight-2020-pxrusd-mid3-interactive-linux --artifactory-dir=/local/S/jenkins/workspace/shared/Artifactory --build-dir=/local/S/jenkins/workspace/ECP/ecg-maya-usd/ecg-mayausd-branch-preflight-2020-pxrusd-mid3-interactive-linux/build --install-dir=/local/S/jenkins/workspace/ECP/ecg-maya-usd/ecg-mayausd-branch-preflight-2020-pxrusd-mid3-interactive-linux/install --signing-dir=/local/S/jenkins/workspace/ECP/ecg-maya-usd/ecg-mayausd-branch-preflight-2020-pxrusd-mid3-interactive-linux/signing --package-dir=/local/S/jenkins/workspace/ECP/ecg-maya-usd/ecg-mayausd-branch-preflight-2020-pxrusd-mid3-interactive-linux/package --output-dir=/local/S/jenkins/workspace/ECP/ecg-maya-usd/ecg-mayausd-branch-preflight-2020-pxrusd-mid3-interactive-linux/output --stash-dir=/local/S/jenkins/workspace/ECP/ecg-maya-usd/ecg-mayausd-branch-preflight-2020-pxrusd-mid3-interactive-linux/stash --jenkins-build=370 --git-commit=1619919e5616f9a6bb4fdee30fee3b16484f19fb --git-branch=master --variants=RelWithDebInfo --python=2.7 --pxrusd-version=mid3 --interactive-tests=true --post-zips=false --maya-cut-config=maya-rundev-2020.yaml --maya-package=rundev-2020 --stage-banner
[2022-10-25T13:26:13.303Z] Using Maya cut from /local/S/jenkins/workspace/shared/Artifactory/Linux/rundev-2020/202107140359/runtime/a6ca045
[2022-10-25T13:26:13.303Z] 
[2022-10-25T13:26:13.303Z] ================================================================================
[2022-10-25T13:26:13.303Z]                            configure (RelWithDebInfo)
[2022-10-25T13:26:13.303Z] ================================================================================
[2022-10-25T13:26:13.303Z] Maya Python RelWithDebInfo Info:
[2022-10-25T13:26:13.303Z]   mayapy executable   = /local/S/jenkins/workspace/shared/Artifactory/Linux/rundev-2020/202107140359/runtime/a6ca045/runTime/bin/mayapy
[2022-10-25T13:26:13.303Z]   Include Folder      = /local/S/jenkins/workspace/shared/Artifactory/Linux/rundev-2020/202107140359/runtime/a6ca045/runTime/include/Python
[2022-10-25T13:26:13.303Z]   Library             = /local/S/jenkins/workspace/shared/Artifactory/Linux/rundev-2020/202107140359/runtime/a6ca045/runTime/lib/libpython2.7.so.1.0
[2022-10-25T13:26:13.303Z]   site-package Folder = /local/S/jenkins/workspace/shared/Artifactory/Linux/rundev-2020/202107140359/runtime/a6ca045/runTime/lib/python2.7/site-packages
[2022-10-25T13:26:13.752Z] In workdir: /home/S/jenkins/workspace/ECP/ecg-maya-usd/ecg-mayausd-branch-preflight-2020-pxrusd-mid3-interactive-linux/ecg-maya-usd/maya-usd
[2022-10-25T13:26:13.752Z] Executing: /local/S/jenkins/workspace/shared/Artifactory/Linux/rundev-2020/202107140359/runtime/a6ca045/runTime/bin/mayapy /home/S/jenkins/workspace/ECP/ecg-maya-usd/ecg-mayausd-branch-preflight-2020-pxrusd-mid3-interactive-linux/ecg-maya-usd/maya-usd/build.py --generator Ninja --build-relwithdebug --maya-location /local/S/jenkins/workspace/shared/Artifactory/Linux/rundev-2020/202107140359/runtime/a6ca045/runTime --devkit-location /local/S/jenkins/workspace/shared/Artifactory/Linux/rundev-2020/202107140359/runtime/a6ca045/devkitBase --pxrusd-location /local/S/jenkins/workspace/shared/Artifactory/Linux/USD/b45703f --qt-location /local/S/jenkins/workspace/shared/Artifactory/Linux/qt/5.12.5/84f551b --build-args=-DCMAKE_MAKE_PROGRAM=/local/S/jenkins/workspace/shared/Artifactory/Linux/ninja/1.9.0/aca9939/ninja,-DPYTHON_INCLUDE_DIR=/local/S/jenkins/workspace/shared/Artifactory/Linux/rundev-2020/202107140359/runtime/a6ca045/runTime/include/Python,-DPython_EXECUTABLE=/local/S/jenkins/workspace/shared/Artifactory/Linux/rundev-2020/202107140359/runtime/a6ca045/runTime/bin/mayapy,-DPYTHON_LIBRARIES=/local/S/jenkins/workspace/shared/Artifactory/Linux/rundev-2020/202107140359/runtime/a6ca045/runTime/lib/libpython2.7.so.1.0,-DUSD_LIB_PREFIX=lib,-DCMAKE_WANT_MATERIALX_BUILD=ON,-DCMAKE_PREFIX_PATH=/local/S/jenkins/workspace/shared/Artifactory/Linux/USD/b45703f '--ctest-args=-E testUsdReferenceAssemblySelection|testUsdMayaAppDir|AL_MayaUtilsTests|testUsdImportDisplacement|testUsdImportFrameRange,--parallel 16' --stages=configure --redirect-outstream-file=False --install-location /local/S/jenkins/workspace/ECP/ecg-maya-usd/ecg-mayausd-branch-preflight-2020-pxrusd-mid3-interactive-linux/install/RelWithDebInfo/MayaUSD /local/S/jenkins/workspace/ECP/ecg-maya-usd/ecg-mayausd-branch-preflight-2020-pxrusd-mid3-interactive-linux
[2022-10-25T13:26:13.752Z] Modified environment variables:
[2022-10-25T13:26:13.752Z]     PATH=/local/S/jenkins/workspace/shared/Artifactory/Linux/cmake/3.20.3/ab685d7/bin:/opt/rh/devtoolset-6/root/usr/bin:/usr/local/bin:/usr/local/sbin:/usr/bin:/usr/sbin:/bin:/sbin:/home/administrator/.local/bin:/home/administrator/bin
[2022-10-25T13:26:13.752Z]     LD_LIBRARY_PATH=/opt/rh/devtoolset-6/root/usr/lib64:/opt/rh/devtoolset-6/root/usr/lib64:/opt/rh/devtoolset-6/root/usr/lib
[2022-10-25T13:26:14.202Z]     -- The C compiler identification is GNU 6.3.1
[2022-10-25T13:26:14.202Z]     -- The CXX compiler identification is GNU 6.3.1
[2022-10-25T13:26:14.202Z]     -- Detecting C compiler ABI info
[2022-10-25T13:26:14.202Z]     -- Detecting C compiler ABI info - done
[2022-10-25T13:26:14.202Z]     -- Check for working C compiler: /opt/rh/devtoolset-6/root/usr/bin/cc - skipped
[2022-10-25T13:26:14.202Z]     -- Detecting C compile features
[2022-10-25T13:26:14.202Z]     -- Detecting C compile features - done
[2022-10-25T13:26:14.202Z]     -- Detecting CXX compiler ABI info
[2022-10-25T13:26:14.202Z]     -- Detecting CXX compiler ABI info - done
[2022-10-25T13:26:14.202Z]     -- Check for working CXX compiler: /opt/rh/devtoolset-6/root/usr/bin/c++ - skipped
[2022-10-25T13:26:14.202Z]     -- Detecting CXX compile features
[2022-10-25T13:26:14.202Z]     -- Detecting CXX compile features - done
[2022-10-25T13:26:14.202Z]     -- Using Maya Light API Version 1
[2022-10-25T13:26:14.202Z]     -- Maya array iterator has difference_type trait
[2022-10-25T13:26:14.663Z]     CMake Error at cmake/modules/FindMaya.cmake:500 (string):
[2022-10-25T13:26:14.663Z]       string sub-command FIND requires 3 or 4 parameters.
[2022-10-25T13:26:14.663Z]     Call Stack (most recent call first):
[2022-10-25T13:26:14.663Z]       CMakeLists.txt:86 (find_package)
[2022-10-25T13:26:14.663Z]     
[2022-10-25T13:26:14.663Z]     
[2022-10-25T13:26:14.663Z]     CMake Error at cmake/modules/FindMaya.cmake:501 (if):
[2022-10-25T13:26:14.663Z]       if given arguments:
[2022-10-25T13:26:14.663Z]     
[2022-10-25T13:26:14.663Z]         "NOT" "(" "STREQUAL" "-1" ")"
[2022-10-25T13:26:14.663Z]     
[2022-10-25T13:26:14.663Z]       Unknown arguments specified
[2022-10-25T13:26:14.663Z]     Call Stack (most recent call first):
[2022-10-25T13:26:14.663Z]       CMakeLists.txt:86 (find_package)
[2022-10-25T13:26:14.663Z]     
[2022-10-25T13:26:14.663Z]     
[2022-10-25T13:26:14.663Z]     -- Configuring incomplete, errors occurred!
[2022-10-25T13:26:14.663Z]     See also "/home/S/jenkins/workspace/ECP/ecg-maya-usd/ecg-mayausd-branch-preflight-2020-pxrusd-mid3-interactive-linux/build/RelWithDebInfo/CMakeFiles/CMakeOutput.log".
[2022-10-25T13:26:14.663Z]     
[2022-10-25T13:26:14.663Z]         Building with settings:
[2022-10-25T13:26:14.663Z]           Source directory          /home/S/jenkins/workspace/ECP/ecg-maya-usd/ecg-mayausd-branch-preflight-2020-pxrusd-mid3-interactive-linux/ecg-maya-usd/maya-usd
[2022-10-25T13:26:14.663Z]           Workspace directory       /local/S/jenkins/workspace/ECP/ecg-maya-usd/ecg-mayausd-branch-preflight-2020-pxrusd-mid3-interactive-linux
[2022-10-25T13:26:14.663Z]           Build directory           /local/S/jenkins/workspace/ECP/ecg-maya-usd/ecg-mayausd-branch-preflight-2020-pxrusd-mid3-interactive-linux/build/RelWithDebInfo
[2022-10-25T13:26:14.663Z]           Install directory         /local/S/jenkins/workspace/ECP/ecg-maya-usd/ecg-mayausd-branch-preflight-2020-pxrusd-mid3-interactive-linux/install/RelWithDebInfo/MayaUSD
[2022-10-25T13:26:14.663Z]           Variant                   RelWithDebInfo
[2022-10-25T13:26:14.663Z]           Python Debug              Off
[2022-10-25T13:26:14.663Z]           CMake generator           Ninja
[2022-10-25T13:26:14.663Z]           Build arguments           ['-DCMAKE_MAKE_PROGRAM=/local/S/jenkins/workspace/shared/Artifactory/Linux/ninja/1.9.0/aca9939/ninja', '-DPYTHON_INCLUDE_DIR=/local/S/jenkins/workspace/shared/Artifactory/Linux/rundev-2020/202107140359/runtime/a6ca045/runTime/include/Python', '-DPython_EXECUTABLE=/local/S/jenkins/workspace/shared/Artifactory/Linux/rundev-2020/202107140359/runtime/a6ca045/runTime/bin/mayapy', '-DPYTHON_LIBRARIES=/local/S/jenkins/workspace/shared/Artifactory/Linux/rundev-2020/202107140359/runtime/a6ca045/runTime/lib/libpython2.7.so.1.0', '-DUSD_LIB_PREFIX=lib', '-DCMAKE_WANT_MATERIALX_BUILD=ON', '-DCMAKE_PREFIX_PATH=/local/S/jenkins/workspace/shared/Artifactory/Linux/USD/b45703f']
[2022-10-25T13:26:14.663Z]           Stages arguments          ['configure']
[2022-10-25T13:26:14.663Z]           CTest arguments           ['-E testUsdReferenceAssemblySelection|testUsdMayaAppDir|AL_MayaUtilsTests|testUsdImportDisplacement|testUsdImportFrameRange', '--parallel 16']
[2022-10-25T13:26:14.663Z]     #####################################################################################
[2022-10-25T13:26:14.663Z]     log date: 2022-10-25 06:26
[2022-10-25T13:26:14.663Z]     commit sha: 873bfbff0dc19c45a9e3789ffa32b5d314d453fe
[2022-10-25T13:26:14.663Z]     commit date: Tue Oct 25 06:25:09 2022 -0700
[2022-10-25T13:26:14.663Z]     #####################################################################################
[2022-10-25T13:26:14.663Z]     
[2022-10-25T13:26:14.663Z]     cmake -DCMAKE_INSTALL_PREFIX="/local/S/jenkins/workspace/ECP/ecg-maya-usd/ecg-mayausd-branch-preflight-2020-pxrusd-mid3-interactive-linux/install/RelWithDebInfo/MayaUSD" -DCMAKE_BUILD_TYPE=RelWithDebInfo -DCMAKE_EXPORT_COMPILE_COMMANDS=ON -G "Ninja" -DMAYA_LOCATION="/local/S/jenkins/workspace/shared/Artifactory/Linux/rundev-2020/202107140359/runtime/a6ca045/runTime" -DPXR_USD_LOCATION="/local/S/jenkins/workspace/shared/Artifactory/Linux/USD/b45703f" -DMAYA_DEVKIT_LOCATION="/local/S/jenkins/workspace/shared/Artifactory/Linux/rundev-2020/202107140359/runtime/a6ca045/devkitBase" -DMAYAUSD_DEFINE_BOOST_DEBUG_PYTHON_FLAG=OFF -DQT_LOCATION="/local/S/jenkins/workspace/shared/Artifactory/Linux/qt/5.12.5/84f551b" -DCMAKE_MAKE_PROGRAM=/local/S/jenkins/workspace/shared/Artifactory/Linux/ninja/1.9.0/aca9939/ninja -DPYTHON_INCLUDE_DIR=/local/S/jenkins/workspace/shared/Artifactory/Linux/rundev-2020/202107140359/runtime/a6ca045/runTime/include/Python -DPython_EXECUTABLE=/local/S/jenkins/workspace/shared/Artifactory/Linux/rundev-2020/202107140359/runtime/a6ca045/runTime/bin/mayapy -DPYTHON_LIBRARIES=/local/S/jenkins/workspace/shared/Artifactory/Linux/rundev-2020/202107140359/runtime/a6ca045/runTime/lib/libpython2.7.so.1.0 -DUSD_LIB_PREFIX=lib -DCMAKE_WANT_MATERIALX_BUILD=ON -DCMAKE_PREFIX_PATH=/local/S/jenkins/workspace/shared/Artifactory/Linux/USD/b45703f "/home/S/jenkins/workspace/ECP/ecg-maya-usd/ecg-mayausd-branch-preflight-2020-pxrusd-mid3-interactive-linux/ecg-maya-usd/maya-usd"
[2022-10-25T13:26:14.663Z]     
[2022-10-25T13:26:14.663Z]     Traceback (most recent call last):
[2022-10-25T13:26:14.663Z]       File "/home/S/jenkins/workspace/ECP/ecg-maya-usd/ecg-mayausd-branch-preflight-2020-pxrusd-mid3-interactive-linux/ecg-maya-usd/maya-usd/build.py", line 623, in <module>
[2022-10-25T13:26:14.663Z]         BuildAndInstall(context, context.buildArgs, context.stagesArgs)
[2022-10-25T13:26:14.663Z]       File "/home/S/jenkins/workspace/ECP/ecg-maya-usd/ecg-mayausd-branch-preflight-2020-pxrusd-mid3-interactive-linux/ecg-maya-usd/maya-usd/build.py", line 392, in BuildAndInstall
[2022-10-25T13:26:14.663Z]         RunCMake(context, extraArgs, stagesArgs)
[2022-10-25T13:26:14.663Z]       File "/home/S/jenkins/workspace/ECP/ecg-maya-usd/ecg-mayausd-branch-preflight-2020-pxrusd-mid3-interactive-linux/ecg-maya-usd/maya-usd/build.py", line 298, in RunCMake
[2022-10-25T13:26:14.663Z]         extraArgs=(" ".join(extraArgs) if extraArgs else "")))
[2022-10-25T13:26:14.663Z]       File "/home/S/jenkins/workspace/ECP/ecg-maya-usd/ecg-mayausd-branch-preflight-2020-pxrusd-mid3-interactive-linux/ecg-maya-usd/maya-usd/build.py", line 179, in Run
[2022-10-25T13:26:14.663Z]         .format(cmd=cmd, log=os.path.abspath(context.logFileLocation)))
[2022-10-25T13:26:14.663Z]     RuntimeError: Failed to run 'cmake -DCMAKE_INSTALL_PREFIX="/local/S/jenkins/workspace/ECP/ecg-maya-usd/ecg-mayausd-branch-preflight-2020-pxrusd-mid3-interactive-linux/install/RelWithDebInfo/MayaUSD" -DCMAKE_BUILD_TYPE=RelWithDebInfo -DCMAKE_EXPORT_COMPILE_COMMANDS=ON -G "Ninja" -DMAYA_LOCATION="/local/S/jenkins/workspace/shared/Artifactory/Linux/rundev-2020/202107140359/runtime/a6ca045/runTime" -DPXR_USD_LOCATION="/local/S/jenkins/workspace/shared/Artifactory/Linux/USD/b45703f" -DMAYA_DEVKIT_LOCATION="/local/S/jenkins/workspace/shared/Artifactory/Linux/rundev-2020/202107140359/runtime/a6ca045/devkitBase" -DMAYAUSD_DEFINE_BOOST_DEBUG_PYTHON_FLAG=OFF -DQT_LOCATION="/local/S/jenkins/workspace/shared/Artifactory/Linux/qt/5.12.5/84f551b" -DCMAKE_MAKE_PROGRAM=/local/S/jenkins/workspace/shared/Artifactory/Linux/ninja/1.9.0/aca9939/ninja -DPYTHON_INCLUDE_DIR=/local/S/jenkins/workspace/shared/Artifactory/Linux/rundev-2020/202107140359/runtime/a6ca045/runTime/include/Python -DPython_EXECUTABLE=/local/S/jenkins/workspace/shared/Artifactory/Linux/rundev-2020/202107140359/runtime/a6ca045/runTime/bin/mayapy -DPYTHON_LIBRARIES=/local/S/jenkins/workspace/shared/Artifactory/Linux/rundev-2020/202107140359/runtime/a6ca045/runTime/lib/libpython2.7.so.1.0 -DUSD_LIB_PREFIX=lib -DCMAKE_WANT_MATERIALX_BUILD=ON -DCMAKE_PREFIX_PATH=/local/S/jenkins/workspace/shared/Artifactory/Linux/USD/b45703f "/home/S/jenkins/workspace/ECP/ecg-maya-usd/ecg-mayausd-branch-preflight-2020-pxrusd-mid3-interactive-linux/ecg-maya-usd/maya-usd"'
[2022-10-25T13:26:14.663Z]     See /local/S/jenkins/workspace/ECP/ecg-maya-usd/ecg-mayausd-branch-preflight-2020-pxrusd-mid3-interactive-linux/build/RelWithDebInfo/build_log.txt for more details.
[2022-10-25T13:26:14.663Z] build.py: error: Command failed with error code: 1
[Pipeline] }
[Pipeline] // withEnv
[Pipeline] }
[Pipeline] // timeout
[Pipeline] }
[Pipeline] // stage
[Pipeline] }
[Pipeline] // timestamps
[Pipeline] emailextrecipients
Not sending mail to unregistered user ecg.jenkins@autodesk.com because your SCM claimed this was associated with a user ID ‘ecg.jenkins' which your security realm does not recognize; you may need changes in your SCM plugin
Not sending mail to unregistered user ecg.jenkins@autodesk.com because your SCM claimed this was associated with a user ID ‘ecg.jenkins' which your security realm does not recognize; you may need changes in your SCM plugin
[Pipeline] echo
No recipients to send notification.
[Pipeline] }
[Pipeline] // node
[Pipeline] End of Pipeline
ERROR: script returned exit code 1
[Checks API] No suitable checks publisher found.
Finished: FAILURE
