[2022-10-25T13:26:07.424Z] ================================================================================
[2022-10-25T13:26:07.424Z]                              setup (RelWithDebInfo)
[2022-10-25T13:26:07.424Z] ================================================================================
[Pipeline] }
[Pipeline] // withEnv
[Pipeline] }
[Pipeline] // timeout
[Pipeline] }
[Pipeline] // stage
[Pipeline] }
[Pipeline] // timestamps
[Pipeline] timestamps
[Pipeline] {
[Pipeline] stage
[Pipeline] { (Clean)
[Pipeline] timeout
[2022-10-25T13:26:07.719Z] Timeout set to expire in 6 hr 0 min
[Pipeline] {
[Pipeline] withEnv
[Pipeline] {
[Pipeline] sh
[2022-10-25T13:26:08.587Z] + scl enable devtoolset-6 -
[2022-10-25T13:26:08.587Z] python ecg-maya-usd/build.py --stages=clean --workspace-dir=/local/S/jenkins/workspace/ECP/ecg-maya-usd/ecg-mayausd-branch-preflight-2022-python3-linux --artifactory-dir=/local/S/jenkins/workspace/shared/Artifactory --build-dir=/local/S/jenkins/workspace/ECP/ecg-maya-usd/ecg-mayausd-branch-preflight-2022-python3-linux/build --install-dir=/local/S/jenkins/workspace/ECP/ecg-maya-usd/ecg-mayausd-branch-preflight-2022-python3-linux/install --signing-dir=/local/S/jenkins/workspace/ECP/ecg-maya-usd/ecg-mayausd-branch-preflight-2022-python3-linux/signing --package-dir=/local/S/jenkins/workspace/ECP/ecg-maya-usd/ecg-mayausd-branch-preflight-2022-python3-linux/package --output-dir=/local/S/jenkins/workspace/ECP/ecg-maya-usd/ecg-mayausd-branch-preflight-2022-python3-linux/output --stash-dir=/local/S/jenkins/workspace/ECP/ecg-maya-usd/ecg-mayausd-branch-preflight-2022-python3-linux/stash --jenkins-build=370 --git-commit=1619919e5616f9a6bb4fdee30fee3b16484f19fb --git-branch=master --variants=RelWithDebInfo --python=3.7 --post-zips=false --maya-cut-config=maya-rundev-2022.yaml --maya-package=rundev-2022 --stage-banner
[2022-10-25T13:26:08.946Z] Using Maya cut from /local/S/jenkins/workspace/shared/Artifactory/Linux/rundev-2022/202210171345/runtime/bb9b7f3
[2022-10-25T13:26:08.946Z] 
[2022-10-25T13:26:08.946Z] ================================================================================
[2022-10-25T13:26:08.946Z]                              clean (RelWithDebInfo)
[2022-10-25T13:26:08.946Z] ================================================================================
[2022-10-25T13:26:08.946Z] Maya Python RelWithDebInfo Info:
[2022-10-25T13:26:08.946Z]   mayapy executable   = /local/S/jenkins/workspace/shared/Artifactory/Linux/rundev-2022/202210171345/runtime/bb9b7f3/runTime/bin/mayapy
[2022-10-25T13:26:08.946Z]   Include Folder      = /local/S/jenkins/workspace/shared/Artifactory/Linux/rundev-2022/202210171345/runtime/bb9b7f3/runTime/include/Python37/Python
[2022-10-25T13:26:08.946Z]   Library             = /local/S/jenkins/workspace/shared/Artifactory/Linux/rundev-2022/202210171345/runtime/bb9b7f3/runTime/lib/libpython3.7m.so.1.0
[2022-10-25T13:26:08.946Z]   site-package Folder = /local/S/jenkins/workspace/shared/Artifactory/Linux/rundev-2022/202210171345/runtime/bb9b7f3/runTime/lib/python3.7/site-packages
[2022-10-25T13:26:09.502Z] In workdir: /home/S/jenkins/workspace/ECP/ecg-maya-usd/ecg-mayausd-branch-preflight-2022-python3-linux/ecg-maya-usd/maya-usd
[2022-10-25T13:26:09.502Z] Executing: /local/S/jenkins/workspace/shared/Artifactory/Linux/rundev-2022/202210171345/runtime/bb9b7f3/runTime/bin/mayapy /home/S/jenkins/workspace/ECP/ecg-maya-usd/ecg-mayausd-branch-preflight-2022-python3-linux/ecg-maya-usd/maya-usd/build.py --generator Ninja --build-relwithdebug --maya-location /local/S/jenkins/workspace/shared/Artifactory/Linux/rundev-2022/202210171345/runtime/bb9b7f3/runTime --devkit-location /local/S/jenkins/workspace/shared/Artifactory/Linux/rundev-2022/202210171345/runtime/bb9b7f3/devkitBase --pxrusd-location /local/S/jenkins/workspace/shared/Artifactory/Linux/USD/d547a10 --qt-location /local/S/jenkins/workspace/shared/Artifactory/Linux/qt/5.15.2/49402fc --build-args=-DCMAKE_MAKE_PROGRAM=/local/S/jenkins/workspace/shared/Artifactory/Linux/ninja/1.9.0/aca9939/ninja,-DPYTHON_INCLUDE_DIR=/local/S/jenkins/workspace/shared/Artifactory/Linux/rundev-2022/202210171345/runtime/bb9b7f3/runTime/include/Python37/Python,-DPython_EXECUTABLE=/local/S/jenkins/workspace/shared/Artifactory/Linux/rundev-2022/202210171345/runtime/bb9b7f3/runTime/bin/mayapy,-DPYTHON_LIBRARIES=/local/S/jenkins/workspace/shared/Artifactory/Linux/rundev-2022/202210171345/runtime/bb9b7f3/runTime/lib/libpython3.7m.so.1.0,-DBUILD_WITH_PYTHON_3=ON,-DUSD_LIB_PREFIX=lib,-DCMAKE_WANT_MATERIALX_BUILD=ON,-DCMAKE_PREFIX_PATH=/local/S/jenkins/workspace/shared/Artifactory/Linux/USD/d547a10 '--ctest-args=-E testUsdReferenceAssemblySelection|testUsdMayaAppDir,-LE interactive,--parallel 16' --stages=clean --redirect-outstream-file=False --install-location /local/S/jenkins/workspace/ECP/ecg-maya-usd/ecg-mayausd-branch-preflight-2022-python3-linux/install/RelWithDebInfo/MayaUSD /local/S/jenkins/workspace/ECP/ecg-maya-usd/ecg-mayausd-branch-preflight-2022-python3-linux
[2022-10-25T13:26:09.502Z] Modified environment variables:
[2022-10-25T13:26:09.502Z]     PATH=/local/S/jenkins/workspace/shared/Artifactory/Linux/cmake/3.20.3/ab685d7/bin:/opt/rh/devtoolset-6/root/usr/bin:/usr/local/bin:/usr/bin
[2022-10-25T13:26:09.502Z]     LD_LIBRARY_PATH=/opt/rh/devtoolset-6/root/usr/lib64:/opt/rh/devtoolset-6/root/usr/lib64:/opt/rh/devtoolset-6/root/usr/lib
[2022-10-25T13:26:09.502Z]     
[2022-10-25T13:26:09.502Z]         Building with settings:
[2022-10-25T13:26:09.502Z]           Source directory          /home/S/jenkins/workspace/ECP/ecg-maya-usd/ecg-mayausd-branch-preflight-2022-python3-linux/ecg-maya-usd/maya-usd
[2022-10-25T13:26:09.502Z]           Workspace directory       /local/S/jenkins/workspace/ECP/ecg-maya-usd/ecg-mayausd-branch-preflight-2022-python3-linux
[2022-10-25T13:26:09.502Z]           Build directory           /local/S/jenkins/workspace/ECP/ecg-maya-usd/ecg-mayausd-branch-preflight-2022-python3-linux/build/RelWithDebInfo
[2022-10-25T13:26:09.502Z]           Install directory         /local/S/jenkins/workspace/ECP/ecg-maya-usd/ecg-mayausd-branch-preflight-2022-python3-linux/install/RelWithDebInfo/MayaUSD
[2022-10-25T13:26:09.502Z]           Variant                   RelWithDebInfo
[2022-10-25T13:26:09.502Z]           Python Debug              Off
[2022-10-25T13:26:09.502Z]           CMake generator           Ninja
[2022-10-25T13:26:09.502Z]           Build arguments           ['-DCMAKE_MAKE_PROGRAM=/local/S/jenkins/workspace/shared/Artifactory/Linux/ninja/1.9.0/aca9939/ninja', '-DPYTHON_INCLUDE_DIR=/local/S/jenkins/workspace/shared/Artifactory/Linux/rundev-2022/202210171345/runtime/bb9b7f3/runTime/include/Python37/Python', '-DPython_EXECUTABLE=/local/S/jenkins/workspace/shared/Artifactory/Linux/rundev-2022/202210171345/runtime/bb9b7f3/runTime/bin/mayapy', '-DPYTHON_LIBRARIES=/local/S/jenkins/workspace/shared/Artifactory/Linux/rundev-2022/202210171345/runtime/bb9b7f3/runTime/lib/libpython3.7m.so.1.0', '-DBUILD_WITH_PYTHON_3=ON', '-DUSD_LIB_PREFIX=lib', '-DCMAKE_WANT_MATERIALX_BUILD=ON', '-DCMAKE_PREFIX_PATH=/local/S/jenkins/workspace/shared/Artifactory/Linux/USD/d547a10']
[2022-10-25T13:26:09.502Z]           Stages arguments          ['clean']
[2022-10-25T13:26:09.502Z]           CTest arguments           ['-E testUsdReferenceAssemblySelection|testUsdMayaAppDir', '-LE interactive', '--parallel 16']
[2022-10-25T13:26:09.502Z]     Success MayaUSD build and install !!!!
[2022-10-25T13:26:09.502Z]     Elapsed time: 00:00:00
[Pipeline] }
[Pipeline] // withEnv
[Pipeline] }
[Pipeline] // timeout
[Pipeline] }
[Pipeline] // stage
[Pipeline] }
[Pipeline] // timestamps
[Pipeline] timestamps
[Pipeline] {
[Pipeline] stage
[Pipeline] { (Configure)
[Pipeline] timeout
[2022-10-25T13:26:09.732Z] Timeout set to expire in 6 hr 0 min
[Pipeline] {
[Pipeline] withEnv
[Pipeline] {
[Pipeline] sh
[2022-10-25T13:26:10.534Z] + scl enable devtoolset-6 -
[2022-10-25T13:26:10.534Z] python ecg-maya-usd/build.py --stages=configure --workspace-dir=/local/S/jenkins/workspace/ECP/ecg-maya-usd/ecg-mayausd-branch-preflight-2022-python3-linux --artifactory-dir=/local/S/jenkins/workspace/shared/Artifactory --build-dir=/local/S/jenkins/workspace/ECP/ecg-maya-usd/ecg-mayausd-branch-preflight-2022-python3-linux/build --install-dir=/local/S/jenkins/workspace/ECP/ecg-maya-usd/ecg-mayausd-branch-preflight-2022-python3-linux/install --signing-dir=/local/S/jenkins/workspace/ECP/ecg-maya-usd/ecg-mayausd-branch-preflight-2022-python3-linux/signing --package-dir=/local/S/jenkins/workspace/ECP/ecg-maya-usd/ecg-mayausd-branch-preflight-2022-python3-linux/package --output-dir=/local/S/jenkins/workspace/ECP/ecg-maya-usd/ecg-mayausd-branch-preflight-2022-python3-linux/output --stash-dir=/local/S/jenkins/workspace/ECP/ecg-maya-usd/ecg-mayausd-branch-preflight-2022-python3-linux/stash --jenkins-build=370 --git-commit=1619919e5616f9a6bb4fdee30fee3b16484f19fb --git-branch=master --variants=RelWithDebInfo --python=3.7 --post-zips=false --maya-cut-config=maya-rundev-2022.yaml --maya-package=rundev-2022 --stage-banner
[2022-10-25T13:26:10.884Z] Using Maya cut from /local/S/jenkins/workspace/shared/Artifactory/Linux/rundev-2022/202210171345/runtime/bb9b7f3
[2022-10-25T13:26:10.884Z] 
[2022-10-25T13:26:10.884Z] ================================================================================
[2022-10-25T13:26:10.884Z]                            configure (RelWithDebInfo)
[2022-10-25T13:26:10.884Z] ================================================================================
[2022-10-25T13:26:10.884Z] Maya Python RelWithDebInfo Info:
[2022-10-25T13:26:10.884Z]   mayapy executable   = /local/S/jenkins/workspace/shared/Artifactory/Linux/rundev-2022/202210171345/runtime/bb9b7f3/runTime/bin/mayapy
[2022-10-25T13:26:10.884Z]   Include Folder      = /local/S/jenkins/workspace/shared/Artifactory/Linux/rundev-2022/202210171345/runtime/bb9b7f3/runTime/include/Python37/Python
[2022-10-25T13:26:10.884Z]   Library             = /local/S/jenkins/workspace/shared/Artifactory/Linux/rundev-2022/202210171345/runtime/bb9b7f3/runTime/lib/libpython3.7m.so.1.0
[2022-10-25T13:26:10.884Z]   site-package Folder = /local/S/jenkins/workspace/shared/Artifactory/Linux/rundev-2022/202210171345/runtime/bb9b7f3/runTime/lib/python3.7/site-packages
[2022-10-25T13:26:11.234Z] In workdir: /home/S/jenkins/workspace/ECP/ecg-maya-usd/ecg-mayausd-branch-preflight-2022-python3-linux/ecg-maya-usd/maya-usd
[2022-10-25T13:26:11.234Z] Executing: /local/S/jenkins/workspace/shared/Artifactory/Linux/rundev-2022/202210171345/runtime/bb9b7f3/runTime/bin/mayapy /home/S/jenkins/workspace/ECP/ecg-maya-usd/ecg-mayausd-branch-preflight-2022-python3-linux/ecg-maya-usd/maya-usd/build.py --generator Ninja --build-relwithdebug --maya-location /local/S/jenkins/workspace/shared/Artifactory/Linux/rundev-2022/202210171345/runtime/bb9b7f3/runTime --devkit-location /local/S/jenkins/workspace/shared/Artifactory/Linux/rundev-2022/202210171345/runtime/bb9b7f3/devkitBase --pxrusd-location /local/S/jenkins/workspace/shared/Artifactory/Linux/USD/d547a10 --qt-location /local/S/jenkins/workspace/shared/Artifactory/Linux/qt/5.15.2/49402fc --build-args=-DCMAKE_MAKE_PROGRAM=/local/S/jenkins/workspace/shared/Artifactory/Linux/ninja/1.9.0/aca9939/ninja,-DPYTHON_INCLUDE_DIR=/local/S/jenkins/workspace/shared/Artifactory/Linux/rundev-2022/202210171345/runtime/bb9b7f3/runTime/include/Python37/Python,-DPython_EXECUTABLE=/local/S/jenkins/workspace/shared/Artifactory/Linux/rundev-2022/202210171345/runtime/bb9b7f3/runTime/bin/mayapy,-DPYTHON_LIBRARIES=/local/S/jenkins/workspace/shared/Artifactory/Linux/rundev-2022/202210171345/runtime/bb9b7f3/runTime/lib/libpython3.7m.so.1.0,-DBUILD_WITH_PYTHON_3=ON,-DUSD_LIB_PREFIX=lib,-DCMAKE_WANT_MATERIALX_BUILD=ON,-DCMAKE_PREFIX_PATH=/local/S/jenkins/workspace/shared/Artifactory/Linux/USD/d547a10 '--ctest-args=-E testUsdReferenceAssemblySelection|testUsdMayaAppDir,-LE interactive,--parallel 16' --stages=configure --redirect-outstream-file=False --install-location /local/S/jenkins/workspace/ECP/ecg-maya-usd/ecg-mayausd-branch-preflight-2022-python3-linux/install/RelWithDebInfo/MayaUSD /local/S/jenkins/workspace/ECP/ecg-maya-usd/ecg-mayausd-branch-preflight-2022-python3-linux
[2022-10-25T13:26:11.234Z] Modified environment variables:
[2022-10-25T13:26:11.234Z]     PATH=/local/S/jenkins/workspace/shared/Artifactory/Linux/cmake/3.20.3/ab685d7/bin:/opt/rh/devtoolset-6/root/usr/bin:/usr/local/bin:/usr/bin
[2022-10-25T13:26:11.234Z]     LD_LIBRARY_PATH=/opt/rh/devtoolset-6/root/usr/lib64:/opt/rh/devtoolset-6/root/usr/lib64:/opt/rh/devtoolset-6/root/usr/lib
[2022-10-25T13:26:11.234Z]     -- The C compiler identification is GNU 6.3.1
[2022-10-25T13:26:11.584Z]     -- The CXX compiler identification is GNU 6.3.1
[2022-10-25T13:26:11.585Z]     -- Detecting C compiler ABI info
[2022-10-25T13:26:11.585Z]     -- Detecting C compiler ABI info - done
[2022-10-25T13:26:11.585Z]     -- Check for working C compiler: /opt/rh/devtoolset-6/root/usr/bin/cc - skipped
[2022-10-25T13:26:11.585Z]     -- Detecting C compile features
[2022-10-25T13:26:11.585Z]     -- Detecting C compile features - done
[2022-10-25T13:26:11.585Z]     -- Detecting CXX compiler ABI info
[2022-10-25T13:26:11.585Z]     -- Detecting CXX compiler ABI info - done
[2022-10-25T13:26:11.585Z]     -- Check for working CXX compiler: /opt/rh/devtoolset-6/root/usr/bin/c++ - skipped
[2022-10-25T13:26:11.585Z]     -- Detecting CXX compile features
[2022-10-25T13:26:11.585Z]     -- Detecting CXX compile features - done
[2022-10-25T13:26:12.336Z]     -- Using Maya Light API Version 2
[2022-10-25T13:26:12.336Z]     -- Maya has setDefaultMaterialHandling API
[2022-10-25T13:26:12.336Z]     -- Maya has new point snapping API
[2022-10-25T13:26:12.336Z]     -- Maya has setUfeIdentifiers API
[2022-10-25T13:26:12.336Z]     -- Maya has updateUfeIdentifiers API
[2022-10-25T13:26:12.336Z]     -- Maya array iterator has difference_type trait
[2022-10-25T13:26:12.336Z]     CMake Error at cmake/modules/FindMaya.cmake:500 (string):
[2022-10-25T13:26:12.336Z]       string sub-command FIND requires 3 or 4 parameters.
[2022-10-25T13:26:12.336Z]     Call Stack (most recent call first):
[2022-10-25T13:26:12.336Z]       CMakeLists.txt:86 (find_package)
[2022-10-25T13:26:12.336Z]     
[2022-10-25T13:26:12.336Z]     
[2022-10-25T13:26:12.336Z]     CMake Error at cmake/modules/FindMaya.cmake:501 (if):
[2022-10-25T13:26:12.336Z]       if given arguments:
[2022-10-25T13:26:12.336Z]     
[2022-10-25T13:26:12.336Z]         "NOT" "(" "STREQUAL" "-1" ")"
[2022-10-25T13:26:12.336Z]     
[2022-10-25T13:26:12.336Z]       Unknown arguments specified
[2022-10-25T13:26:12.336Z]     Call Stack (most recent call first):
[2022-10-25T13:26:12.336Z]       CMakeLists.txt:86 (find_package)
[2022-10-25T13:26:12.336Z]     
[2022-10-25T13:26:12.336Z]     
[2022-10-25T13:26:12.336Z]     -- Configuring incomplete, errors occurred!
[2022-10-25T13:26:12.336Z]     See also "/home/S/jenkins/workspace/ECP/ecg-maya-usd/ecg-mayausd-branch-preflight-2022-python3-linux/build/RelWithDebInfo/CMakeFiles/CMakeOutput.log".
[2022-10-25T13:26:12.336Z]     
[2022-10-25T13:26:12.336Z]         Building with settings:
[2022-10-25T13:26:12.336Z]           Source directory          /home/S/jenkins/workspace/ECP/ecg-maya-usd/ecg-mayausd-branch-preflight-2022-python3-linux/ecg-maya-usd/maya-usd
[2022-10-25T13:26:12.336Z]           Workspace directory       /local/S/jenkins/workspace/ECP/ecg-maya-usd/ecg-mayausd-branch-preflight-2022-python3-linux
[2022-10-25T13:26:12.336Z]           Build directory           /local/S/jenkins/workspace/ECP/ecg-maya-usd/ecg-mayausd-branch-preflight-2022-python3-linux/build/RelWithDebInfo
[2022-10-25T13:26:12.336Z]           Install directory         /local/S/jenkins/workspace/ECP/ecg-maya-usd/ecg-mayausd-branch-preflight-2022-python3-linux/install/RelWithDebInfo/MayaUSD
[2022-10-25T13:26:12.336Z]           Variant                   RelWithDebInfo
[2022-10-25T13:26:12.336Z]           Python Debug              Off
[2022-10-25T13:26:12.336Z]           CMake generator           Ninja
[2022-10-25T13:26:12.336Z]           Build arguments           ['-DCMAKE_MAKE_PROGRAM=/local/S/jenkins/workspace/shared/Artifactory/Linux/ninja/1.9.0/aca9939/ninja', '-DPYTHON_INCLUDE_DIR=/local/S/jenkins/workspace/shared/Artifactory/Linux/rundev-2022/202210171345/runtime/bb9b7f3/runTime/include/Python37/Python', '-DPython_EXECUTABLE=/local/S/jenkins/workspace/shared/Artifactory/Linux/rundev-2022/202210171345/runtime/bb9b7f3/runTime/bin/mayapy', '-DPYTHON_LIBRARIES=/local/S/jenkins/workspace/shared/Artifactory/Linux/rundev-2022/202210171345/runtime/bb9b7f3/runTime/lib/libpython3.7m.so.1.0', '-DBUILD_WITH_PYTHON_3=ON', '-DUSD_LIB_PREFIX=lib', '-DCMAKE_WANT_MATERIALX_BUILD=ON', '-DCMAKE_PREFIX_PATH=/local/S/jenkins/workspace/shared/Artifactory/Linux/USD/d547a10']
[2022-10-25T13:26:12.336Z]           Stages arguments          ['configure']
[2022-10-25T13:26:12.336Z]           CTest arguments           ['-E testUsdReferenceAssemblySelection|testUsdMayaAppDir', '-LE interactive', '--parallel 16']
[2022-10-25T13:26:12.336Z]     #####################################################################################
[2022-10-25T13:26:12.336Z]     log date: 2022-10-25 06:26
[2022-10-25T13:26:12.336Z]     commit sha: 873bfbff0dc19c45a9e3789ffa32b5d314d453fe
[2022-10-25T13:26:12.336Z]     commit date: Tue Oct 25 06:25:09 2022 -0700
[2022-10-25T13:26:12.336Z]     #####################################################################################
[2022-10-25T13:26:12.336Z]     
[2022-10-25T13:26:12.336Z]     cmake -DCMAKE_INSTALL_PREFIX="/local/S/jenkins/workspace/ECP/ecg-maya-usd/ecg-mayausd-branch-preflight-2022-python3-linux/install/RelWithDebInfo/MayaUSD" -DCMAKE_BUILD_TYPE=RelWithDebInfo -DCMAKE_EXPORT_COMPILE_COMMANDS=ON -G "Ninja" -DMAYA_LOCATION="/local/S/jenkins/workspace/shared/Artifactory/Linux/rundev-2022/202210171345/runtime/bb9b7f3/runTime" -DPXR_USD_LOCATION="/local/S/jenkins/workspace/shared/Artifactory/Linux/USD/d547a10" -DMAYA_DEVKIT_LOCATION="/local/S/jenkins/workspace/shared/Artifactory/Linux/rundev-2022/202210171345/runtime/bb9b7f3/devkitBase" -DMAYAUSD_DEFINE_BOOST_DEBUG_PYTHON_FLAG=OFF -DQT_LOCATION="/local/S/jenkins/workspace/shared/Artifactory/Linux/qt/5.15.2/49402fc" -DCMAKE_MAKE_PROGRAM=/local/S/jenkins/workspace/shared/Artifactory/Linux/ninja/1.9.0/aca9939/ninja -DPYTHON_INCLUDE_DIR=/local/S/jenkins/workspace/shared/Artifactory/Linux/rundev-2022/202210171345/runtime/bb9b7f3/runTime/include/Python37/Python -DPython_EXECUTABLE=/local/S/jenkins/workspace/shared/Artifactory/Linux/rundev-2022/202210171345/runtime/bb9b7f3/runTime/bin/mayapy -DPYTHON_LIBRARIES=/local/S/jenkins/workspace/shared/Artifactory/Linux/rundev-2022/202210171345/runtime/bb9b7f3/runTime/lib/libpython3.7m.so.1.0 -DBUILD_WITH_PYTHON_3=ON -DUSD_LIB_PREFIX=lib -DCMAKE_WANT_MATERIALX_BUILD=ON -DCMAKE_PREFIX_PATH=/local/S/jenkins/workspace/shared/Artifactory/Linux/USD/d547a10 "/home/S/jenkins/workspace/ECP/ecg-maya-usd/ecg-mayausd-branch-preflight-2022-python3-linux/ecg-maya-usd/maya-usd"
[2022-10-25T13:26:12.336Z]     
[2022-10-25T13:26:12.336Z]     Traceback (most recent call last):
[2022-10-25T13:26:12.336Z]       File "/home/S/jenkins/workspace/ECP/ecg-maya-usd/ecg-mayausd-branch-preflight-2022-python3-linux/ecg-maya-usd/maya-usd/build.py", line 623, in <module>
[2022-10-25T13:26:12.336Z]         BuildAndInstall(context, context.buildArgs, context.stagesArgs)
[2022-10-25T13:26:12.336Z]       File "/home/S/jenkins/workspace/ECP/ecg-maya-usd/ecg-mayausd-branch-preflight-2022-python3-linux/ecg-maya-usd/maya-usd/build.py", line 392, in BuildAndInstall
[2022-10-25T13:26:12.336Z]         RunCMake(context, extraArgs, stagesArgs)
[2022-10-25T13:26:12.336Z]       File "/home/S/jenkins/workspace/ECP/ecg-maya-usd/ecg-mayausd-branch-preflight-2022-python3-linux/ecg-maya-usd/maya-usd/build.py", line 298, in RunCMake
[2022-10-25T13:26:12.336Z]         extraArgs=(" ".join(extraArgs) if extraArgs else "")))
[2022-10-25T13:26:12.336Z]       File "/home/S/jenkins/workspace/ECP/ecg-maya-usd/ecg-mayausd-branch-preflight-2022-python3-linux/ecg-maya-usd/maya-usd/build.py", line 179, in Run
[2022-10-25T13:26:12.336Z]         .format(cmd=cmd, log=os.path.abspath(context.logFileLocation)))
[2022-10-25T13:26:12.336Z]     RuntimeError: Failed to run 'cmake -DCMAKE_INSTALL_PREFIX="/local/S/jenkins/workspace/ECP/ecg-maya-usd/ecg-mayausd-branch-preflight-2022-python3-linux/install/RelWithDebInfo/MayaUSD" -DCMAKE_BUILD_TYPE=RelWithDebInfo -DCMAKE_EXPORT_COMPILE_COMMANDS=ON -G "Ninja" -DMAYA_LOCATION="/local/S/jenkins/workspace/shared/Artifactory/Linux/rundev-2022/202210171345/runtime/bb9b7f3/runTime" -DPXR_USD_LOCATION="/local/S/jenkins/workspace/shared/Artifactory/Linux/USD/d547a10" -DMAYA_DEVKIT_LOCATION="/local/S/jenkins/workspace/shared/Artifactory/Linux/rundev-2022/202210171345/runtime/bb9b7f3/devkitBase" -DMAYAUSD_DEFINE_BOOST_DEBUG_PYTHON_FLAG=OFF -DQT_LOCATION="/local/S/jenkins/workspace/shared/Artifactory/Linux/qt/5.15.2/49402fc" -DCMAKE_MAKE_PROGRAM=/local/S/jenkins/workspace/shared/Artifactory/Linux/ninja/1.9.0/aca9939/ninja -DPYTHON_INCLUDE_DIR=/local/S/jenkins/workspace/shared/Artifactory/Linux/rundev-2022/202210171345/runtime/bb9b7f3/runTime/include/Python37/Python -DPython_EXECUTABLE=/local/S/jenkins/workspace/shared/Artifactory/Linux/rundev-2022/202210171345/runtime/bb9b7f3/runTime/bin/mayapy -DPYTHON_LIBRARIES=/local/S/jenkins/workspace/shared/Artifactory/Linux/rundev-2022/202210171345/runtime/bb9b7f3/runTime/lib/libpython3.7m.so.1.0 -DBUILD_WITH_PYTHON_3=ON -DUSD_LIB_PREFIX=lib -DCMAKE_WANT_MATERIALX_BUILD=ON -DCMAKE_PREFIX_PATH=/local/S/jenkins/workspace/shared/Artifactory/Linux/USD/d547a10 "/home/S/jenkins/workspace/ECP/ecg-maya-usd/ecg-mayausd-branch-preflight-2022-python3-linux/ecg-maya-usd/maya-usd"'
[2022-10-25T13:26:12.336Z]     See /local/S/jenkins/workspace/ECP/ecg-maya-usd/ecg-mayausd-branch-preflight-2022-python3-linux/build/RelWithDebInfo/build_log.txt for more details.
[2022-10-25T13:26:12.336Z] build.py: error: Command failed with error code: 1
[Pipeline] }
[Pipeline] // withEnv
[Pipeline] }
[Pipeline] // timeout
[Pipeline] }
[Pipeline] // stage
[Pipeline] }
[Pipeline] // timestamps
[Pipeline] emailextrecipients
Not sending mail to unregistered user ecg.jenkins@autodesk.com because your SCM claimed this was associated with a user ID ‘ecg.jenkins' which your security realm does not recognize; you may need changes in your SCM plugin
Not sending mail to unregistered user ecg.jenkins@autodesk.com because your SCM claimed this was associated with a user ID ‘ecg.jenkins' which your security realm does not recognize; you may need changes in your SCM plugin
[Pipeline] echo
No recipients to send notification.
[Pipeline] }
[Pipeline] // node
[Pipeline] End of Pipeline
ERROR: script returned exit code 1
[Checks API] No suitable checks publisher found.
Finished: FAILURE
