[2022-10-27T17:25:27.671Z] ================================================================================
[2022-10-27T17:25:27.671Z]                                  setup (Debug)
[2022-10-27T17:25:27.671Z] ================================================================================
[Pipeline] bat
[2022-10-27T17:25:28.437Z] Deleting alias drive W:
[Pipeline] bat
[2022-10-27T17:25:29.096Z] Deleting alias drive P:
[Pipeline] bat
[2022-10-27T17:25:29.787Z] Creating alias drive P: to S:\jenkins\workspace
[Pipeline] bat
[2022-10-27T17:25:30.463Z] Creating alias drive W: to S:\jenkins\workspace\ECP\ecg-maya-usd\ecg-mayausd-branch-preflight-pr-python3-pxrusd-mid2-windows
[Pipeline] bat
[2022-10-27T17:25:31.324Z] "C:\Program Files (x86)\Microsoft Visual Studio\2017\Professional\VC\Auxiliary\Build\vcvarsall.bat" x64
[2022-10-27T17:25:31.324Z] **********************************************************************
[2022-10-27T17:25:31.324Z] ** Visual Studio 2017 Developer Command Prompt v15.9.15
[2022-10-27T17:25:31.324Z] ** Copyright (c) 2017 Microsoft Corporation
[2022-10-27T17:25:31.324Z] **********************************************************************
[2022-10-27T17:25:32.094Z] [vcvarsall.bat] Environment initialized for: 'x64'
[2022-10-27T17:25:32.094Z] python ecg-maya-usd/build.py --stages=setup --workspace-dir=W:\ --artifactory-dir=P:\shared\Artifactory --build-dir=W:\build --install-dir=W:\install --signing-dir=W:\signing --package-dir=W:\package --output-dir=W:\output --stash-dir=W:\stash --jenkins-build=392 --git-commit=b1448c311227b8bbc7903f1c2fef6d220971f13c --git-branch=master --variants=RelWithDebInfo --python=3.9 --pxrusd-version=mid2 --post-zips=false --extra-license-file=ecg-maya-usd/jenkins-o03-cot/melicense.lic --maya-cut-config=maya-rundev-master.yaml --maya-cut-id=202205091515-8807a2e325 --maya-package=rundev-master --stage-banner
[2022-10-27T17:25:33.327Z] Finding Artifactory servers response times
[2022-10-27T17:25:35.836Z] [VERBOSE] Start loading URL (CURL): https://art-marmotte.autodesk.com/artifactory/api/system/ping
[2022-10-27T17:25:35.836Z] [DEBUG] Running: C:\WINDOWS\system32\curl.exe -s -X GET --keepalive-time 10 --connect-timeout 60 --speed-limit 10000 --speed-time 60 --max-time 1800 --retry 5 --retry-max-time 2400 -H Connection:close https://art-marmotte.autodesk.com/artifactory/api/system/ping
[2022-10-27T17:25:35.836Z] [DEBUG] Output:
[2022-10-27T17:25:35.836Z] OK
[2022-10-27T17:25:35.836Z] [VERBOSE] End loading URL (CURL): https://art-marmotte.autodesk.com/artifactory/api/system/ping
[2022-10-27T17:25:35.836Z] [VERBOSE] Start loading URL (CURL): https://art-bear.autodesk.com/artifactory/api/system/ping
[2022-10-27T17:25:35.836Z] [DEBUG] Running: C:\WINDOWS\system32\curl.exe -s -X GET --keepalive-time 10 --connect-timeout 60 --speed-limit 10000 --speed-time 60 --max-time 1800 --retry 5 --retry-max-time 2400 -H Connection:close https://art-bear.autodesk.com/artifactory/api/system/ping
[2022-10-27T17:25:35.836Z] [DEBUG] Output:
[2022-10-27T17:25:35.836Z] OK
[2022-10-27T17:25:35.836Z] [VERBOSE] End loading URL (CURL): https://art-bear.autodesk.com/artifactory/api/system/ping
[2022-10-27T17:25:36.237Z] Checking server art-bear.autodesk.com for artifacts matching properties:
[2022-10-27T17:25:36.237Z] 	cut_id=202205091515-8807a2e325
[2022-10-27T17:25:36.237Z] 	package=rundev-master
[2022-10-27T17:25:36.237Z] 	platform=win
[2022-10-27T17:32:17.408Z] [VERBOSE] Start loading URL (CURL): https://art-bear.autodesk.com/artifactory/api/search/aql
[2022-10-27T17:32:17.408Z] [DEBUG] Running: C:\WINDOWS\system32\curl.exe -s -X POST --keepalive-time 10 --connect-timeout 60 --speed-limit 10000 --speed-time 60 --max-time 1800 --retry 5 --retry-max-time 2400 -H Connection:close -H Authorization:Basic ZWNnYmlmcm9zdDpvcGUqKjAw -H Content-Type:text/plain --data items.find({"@cut_id": "202205091515-8807a2e325", "@package": "rundev-master", "@platform": "win"}) https://art-bear.autodesk.com/artifactory/api/search/aql
[2022-10-27T17:32:17.408Z] [DEBUG] Output:
[2022-10-27T17:32:17.408Z] 
[2022-10-27T17:32:17.408Z] [VERBOSE] End loading URL (CURL): https://art-bear.autodesk.com/artifactory/api/search/aql
[2022-10-27T17:32:17.408Z] Loading Json URL: RuntimeError('Loading https://art-bear.autodesk.com/artifactory/api/search/aql returned an empty output',)
[2022-10-27T17:32:17.408Z] Retry #1...
[2022-10-27T17:38:58.993Z] [VERBOSE] Start loading URL (CURL): https://art-bear.autodesk.com/artifactory/api/search/aql
[2022-10-27T17:38:58.993Z] [DEBUG] Running: C:\WINDOWS\system32\curl.exe -s -X POST --keepalive-time 10 --connect-timeout 60 --speed-limit 10000 --speed-time 60 --max-time 1800 --retry 5 --retry-max-time 2400 -H Connection:close -H Authorization:Basic ZWNnYmlmcm9zdDpvcGUqKjAw -H Content-Type:text/plain --data items.find({"@cut_id": "202205091515-8807a2e325", "@package": "rundev-master", "@platform": "win"}) https://art-bear.autodesk.com/artifactory/api/search/aql
[2022-10-27T17:38:58.993Z] [DEBUG] Output:
[2022-10-27T17:38:58.993Z] 
[2022-10-27T17:38:58.993Z] [VERBOSE] End loading URL (CURL): https://art-bear.autodesk.com/artifactory/api/search/aql
[2022-10-27T17:38:58.993Z] Loading Json URL: RuntimeError('Loading https://art-bear.autodesk.com/artifactory/api/search/aql returned an empty output',)
[2022-10-27T17:38:58.993Z] Retry #2...
[2022-10-27T17:45:40.897Z] [VERBOSE] Start loading URL (CURL): https://art-bear.autodesk.com/artifactory/api/search/aql
[2022-10-27T17:45:40.897Z] [DEBUG] Running: C:\WINDOWS\system32\curl.exe -s -X POST --keepalive-time 10 --connect-timeout 60 --speed-limit 10000 --speed-time 60 --max-time 1800 --retry 5 --retry-max-time 2400 -H Connection:close -H Authorization:Basic ZWNnYmlmcm9zdDpvcGUqKjAw -H Content-Type:text/plain --data items.find({"@cut_id": "202205091515-8807a2e325", "@package": "rundev-master", "@platform": "win"}) https://art-bear.autodesk.com/artifactory/api/search/aql
[2022-10-27T17:45:40.897Z] [DEBUG] Output:
[2022-10-27T17:45:40.897Z] 
[2022-10-27T17:45:40.897Z] [VERBOSE] End loading URL (CURL): https://art-bear.autodesk.com/artifactory/api/search/aql
[2022-10-27T17:45:40.897Z] Loading Json URL: RuntimeError('Loading https://art-bear.autodesk.com/artifactory/api/search/aql returned an empty output',)
[2022-10-27T17:45:40.897Z] Retry #3...
[2022-10-27T17:52:13.883Z] [VERBOSE] Start loading URL (CURL): https://art-bear.autodesk.com/artifactory/api/search/aql
[2022-10-27T17:52:13.883Z] [DEBUG] Running: C:\WINDOWS\system32\curl.exe -s -X POST --keepalive-time 10 --connect-timeout 60 --speed-limit 10000 --speed-time 60 --max-time 1800 --retry 5 --retry-max-time 2400 -H Connection:close -H Authorization:Basic ZWNnYmlmcm9zdDpvcGUqKjAw -H Content-Type:text/plain --data items.find({"@cut_id": "202205091515-8807a2e325", "@package": "rundev-master", "@platform": "win"}) https://art-bear.autodesk.com/artifactory/api/search/aql
[2022-10-27T17:52:13.883Z] [DEBUG] Output:
[2022-10-27T17:52:13.883Z] 
[2022-10-27T17:52:13.883Z] [VERBOSE] End loading URL (CURL): https://art-bear.autodesk.com/artifactory/api/search/aql
[2022-10-27T17:52:13.883Z] Loading Json URL: RuntimeError('Loading https://art-bear.autodesk.com/artifactory/api/search/aql returned an empty output',)
[2022-10-27T17:52:13.883Z] Retry #4...
[2022-10-27T17:59:03.292Z] [VERBOSE] Start loading URL (CURL): https://art-bear.autodesk.com/artifactory/api/search/aql
[2022-10-27T17:59:03.292Z] [DEBUG] Running: C:\WINDOWS\system32\curl.exe -s -X POST --keepalive-time 10 --connect-timeout 60 --speed-limit 10000 --speed-time 60 --max-time 1800 --retry 5 --retry-max-time 2400 -H Connection:close -H Authorization:Basic ZWNnYmlmcm9zdDpvcGUqKjAw -H Content-Type:text/plain --data items.find({"@cut_id": "202205091515-8807a2e325", "@package": "rundev-master", "@platform": "win"}) https://art-bear.autodesk.com/artifactory/api/search/aql
[2022-10-27T17:59:03.292Z] [DEBUG] Output:
[2022-10-27T17:59:03.292Z] 
[2022-10-27T17:59:03.292Z] [VERBOSE] End loading URL (CURL): https://art-bear.autodesk.com/artifactory/api/search/aql
[2022-10-27T17:59:03.292Z] Loading Json URL: RuntimeError('Loading https://art-bear.autodesk.com/artifactory/api/search/aql returned an empty output',)
[2022-10-27T17:59:03.292Z] Retry #5...
[2022-10-27T18:05:50.473Z] [VERBOSE] Start loading URL (CURL): https://art-bear.autodesk.com/artifactory/api/search/aql
[2022-10-27T18:05:50.473Z] [DEBUG] Running: C:\WINDOWS\system32\curl.exe -s -X POST --keepalive-time 10 --connect-timeout 60 --speed-limit 10000 --speed-time 60 --max-time 1800 --retry 5 --retry-max-time 2400 -H Connection:close -H Authorization:Basic ZWNnYmlmcm9zdDpvcGUqKjAw -H Content-Type:text/plain --data items.find({"@cut_id": "202205091515-8807a2e325", "@package": "rundev-master", "@platform": "win"}) https://art-bear.autodesk.com/artifactory/api/search/aql
[2022-10-27T18:05:50.473Z] [DEBUG] Output:
[2022-10-27T18:05:50.473Z] 
[2022-10-27T18:05:50.473Z] [VERBOSE] End loading URL (CURL): https://art-bear.autodesk.com/artifactory/api/search/aql
[2022-10-27T18:05:50.473Z] Retried 5 times. Aborting...
[2022-10-27T18:05:50.473Z] Loading Json URL error: reached maximum number of retry attempts.
[2022-10-27T18:05:50.473Z] Unable to obtain the URL for an artifact matching properties on Artifactory server art-bear.autodesk.com. Retrying using alternative Artifactory servers...
[2022-10-27T18:05:50.473Z] build.py: internal error: Unable to determine the rundev-master install path.
[Pipeline] bat
[2022-10-27T18:05:51.351Z] Deleting alias drive W:
[Pipeline] bat
[2022-10-27T18:05:52.190Z] Deleting alias drive P:
[Pipeline] }
[Pipeline] // withEnv
[Pipeline] }
[Pipeline] // timeout
[Pipeline] }
[Pipeline] // stage
[Pipeline] }
[Pipeline] // timestamps
[Pipeline] emailextrecipients
Not sending mail to unregistered user ecg.jenkins@autodesk.com because your SCM claimed this was associated with a user ID ‘ecg.jenkins' which your security realm does not recognize; you may need changes in your SCM plugin
Not sending mail to unregistered user ecg.jenkins@autodesk.com because your SCM claimed this was associated with a user ID ‘ecg.jenkins' which your security realm does not recognize; you may need changes in your SCM plugin
[Pipeline] echo
No recipients to send notification.
[Pipeline] }
[Pipeline] // node
[Pipeline] End of Pipeline
ERROR: script returned exit code 1
[Checks API] No suitable checks publisher found.
Finished: FAILURE
