[2022-11-04T19:27:30.395Z] ================================================================================
[2022-11-04T19:27:30.395Z]                              setup (RelWithDebInfo)
[2022-11-04T19:27:30.395Z] ================================================================================
[Pipeline] }
[Pipeline] // withEnv
[Pipeline] }
[Pipeline] // timeout
[Pipeline] }
[Pipeline] // stage
[Pipeline] }
[Pipeline] // timestamps
[Pipeline] timestamps
[Pipeline] {
[Pipeline] stage
[Pipeline] { (Clean)
[Pipeline] timeout
[2022-11-04T19:27:30.632Z] Timeout set to expire in 6 hr 0 min
[Pipeline] {
[Pipeline] withEnv
[Pipeline] {
[Pipeline] sh
[2022-11-04T19:27:31.666Z] + scl enable devtoolset-6 -
[2022-11-04T19:27:31.666Z] python ecg-maya-usd/build.py --stages=clean --workspace-dir=/local/S/jenkins/workspace/ECP/ecg-maya-usd/ecg-mayausd-branch-preflight-2023-python3-linux --artifactory-dir=/local/S/jenkins/workspace/shared/Artifactory --build-dir=/local/S/jenkins/workspace/ECP/ecg-maya-usd/ecg-mayausd-branch-preflight-2023-python3-linux/build --install-dir=/local/S/jenkins/workspace/ECP/ecg-maya-usd/ecg-mayausd-branch-preflight-2023-python3-linux/install --signing-dir=/local/S/jenkins/workspace/ECP/ecg-maya-usd/ecg-mayausd-branch-preflight-2023-python3-linux/signing --package-dir=/local/S/jenkins/workspace/ECP/ecg-maya-usd/ecg-mayausd-branch-preflight-2023-python3-linux/package --output-dir=/local/S/jenkins/workspace/ECP/ecg-maya-usd/ecg-mayausd-branch-preflight-2023-python3-linux/output --stash-dir=/local/S/jenkins/workspace/ECP/ecg-maya-usd/ecg-mayausd-branch-preflight-2023-python3-linux/stash --jenkins-build=420 --git-commit=42bd1fd0fe6e3a2e14f6b5292af1eb65646d9e11 --git-branch=master --variants=RelWithDebInfo --python=3.9 --post-zips=false --maya-cut-config=maya-rundev-2023.yaml --maya-package=rundev-2023 --stage-banner
[2022-11-04T19:27:31.666Z] Using Maya cut from /local/S/jenkins/workspace/shared/Artifactory/Linux/rundev-2023/202211021415/runtime/49a55b4
[2022-11-04T19:27:31.666Z] 
[2022-11-04T19:27:31.666Z] ================================================================================
[2022-11-04T19:27:31.666Z]                              clean (RelWithDebInfo)
[2022-11-04T19:27:31.666Z] ================================================================================
[2022-11-04T19:27:31.666Z] Maya Python RelWithDebInfo Info:
[2022-11-04T19:27:31.666Z]   mayapy executable   = /local/S/jenkins/workspace/shared/Artifactory/Linux/rundev-2023/202211021415/runtime/49a55b4/runTime/bin/mayapy
[2022-11-04T19:27:31.666Z]   Include Folder      = /local/S/jenkins/workspace/shared/Artifactory/Linux/rundev-2023/202211021415/runtime/49a55b4/runTime/include/Python39/Python
[2022-11-04T19:27:31.666Z]   Library             = /local/S/jenkins/workspace/shared/Artifactory/Linux/rundev-2023/202211021415/runtime/49a55b4/runTime/lib/libpython3.9.so.1.0
[2022-11-04T19:27:31.666Z]   site-package Folder = /local/S/jenkins/workspace/shared/Artifactory/Linux/rundev-2023/202211021415/runtime/49a55b4/runTime/lib/python3.9/site-packages
[2022-11-04T19:27:32.194Z] In workdir: /home/S/jenkins/workspace/ECP/ecg-maya-usd/ecg-mayausd-branch-preflight-2023-python3-linux/ecg-maya-usd/maya-usd
[2022-11-04T19:27:32.195Z] Executing: /local/S/jenkins/workspace/shared/Artifactory/Linux/rundev-2023/202211021415/runtime/49a55b4/runTime/bin/mayapy /home/S/jenkins/workspace/ECP/ecg-maya-usd/ecg-mayausd-branch-preflight-2023-python3-linux/ecg-maya-usd/maya-usd/build.py --generator Ninja --build-relwithdebug --maya-location /local/S/jenkins/workspace/shared/Artifactory/Linux/rundev-2023/202211021415/runtime/49a55b4/runTime --devkit-location /local/S/jenkins/workspace/shared/Artifactory/Linux/rundev-2023/202211021415/runtime/49a55b4/devkitBase --pxrusd-location /local/S/jenkins/workspace/shared/Artifactory/Linux/USD/e2b89ce --qt-location /local/S/jenkins/workspace/shared/Artifactory/Linux/qt/5.15.2/95656d9 --build-args=-DCMAKE_MAKE_PROGRAM=/local/S/jenkins/workspace/shared/Artifactory/Linux/ninja/1.9.0/aca9939/ninja,-DPYTHON_INCLUDE_DIR=/local/S/jenkins/workspace/shared/Artifactory/Linux/rundev-2023/202211021415/runtime/49a55b4/runTime/include/Python39/Python,-DPython_EXECUTABLE=/local/S/jenkins/workspace/shared/Artifactory/Linux/rundev-2023/202211021415/runtime/49a55b4/runTime/bin/mayapy,-DPYTHON_LIBRARIES=/local/S/jenkins/workspace/shared/Artifactory/Linux/rundev-2023/202211021415/runtime/49a55b4/runTime/lib/libpython3.9.so.1.0,-DBUILD_WITH_PYTHON_3=ON,-DBUILD_WITH_PYTHON_3_VERSION=3.9,-DUSD_LIB_PREFIX=lib,-DCMAKE_WANT_MATERIALX_BUILD=ON,-DCMAKE_PREFIX_PATH=/local/S/jenkins/workspace/shared/Artifactory/Linux/USD/e2b89ce '--ctest-args=-E testUsdReferenceAssemblySelection|testUsdMayaAppDir,-LE interactive,--parallel 16' --stages=clean --redirect-outstream-file=False --install-location /local/S/jenkins/workspace/ECP/ecg-maya-usd/ecg-mayausd-branch-preflight-2023-python3-linux/install/RelWithDebInfo/MayaUSD /local/S/jenkins/workspace/ECP/ecg-maya-usd/ecg-mayausd-branch-preflight-2023-python3-linux
[2022-11-04T19:27:32.195Z] Modified environment variables:
[2022-11-04T19:27:32.195Z]     PATH=/local/S/jenkins/workspace/shared/Artifactory/Linux/cmake/3.20.3/ab685d7/bin:/opt/rh/devtoolset-6/root/usr/bin:/usr/local/bin:/usr/bin
[2022-11-04T19:27:32.195Z]     LD_LIBRARY_PATH=/opt/rh/devtoolset-6/root/usr/lib64:/opt/rh/devtoolset-6/root/usr/lib64:/opt/rh/devtoolset-6/root/usr/lib
[2022-11-04T19:27:32.195Z]     
[2022-11-04T19:27:32.195Z]         Building with settings:
[2022-11-04T19:27:32.195Z]           Source directory          /home/S/jenkins/workspace/ECP/ecg-maya-usd/ecg-mayausd-branch-preflight-2023-python3-linux/ecg-maya-usd/maya-usd
[2022-11-04T19:27:32.195Z]           Workspace directory       /local/S/jenkins/workspace/ECP/ecg-maya-usd/ecg-mayausd-branch-preflight-2023-python3-linux
[2022-11-04T19:27:32.195Z]           Build directory           /local/S/jenkins/workspace/ECP/ecg-maya-usd/ecg-mayausd-branch-preflight-2023-python3-linux/build/RelWithDebInfo
[2022-11-04T19:27:32.195Z]           Install directory         /local/S/jenkins/workspace/ECP/ecg-maya-usd/ecg-mayausd-branch-preflight-2023-python3-linux/install/RelWithDebInfo/MayaUSD
[2022-11-04T19:27:32.195Z]           Variant                   RelWithDebInfo
[2022-11-04T19:27:32.195Z]           Python Debug              Off
[2022-11-04T19:27:32.195Z]           CMake generator           Ninja
[2022-11-04T19:27:32.195Z]           Build arguments           ['-DCMAKE_MAKE_PROGRAM=/local/S/jenkins/workspace/shared/Artifactory/Linux/ninja/1.9.0/aca9939/ninja', '-DPYTHON_INCLUDE_DIR=/local/S/jenkins/workspace/shared/Artifactory/Linux/rundev-2023/202211021415/runtime/49a55b4/runTime/include/Python39/Python', '-DPython_EXECUTABLE=/local/S/jenkins/workspace/shared/Artifactory/Linux/rundev-2023/202211021415/runtime/49a55b4/runTime/bin/mayapy', '-DPYTHON_LIBRARIES=/local/S/jenkins/workspace/shared/Artifactory/Linux/rundev-2023/202211021415/runtime/49a55b4/runTime/lib/libpython3.9.so.1.0', '-DBUILD_WITH_PYTHON_3=ON', '-DBUILD_WITH_PYTHON_3_VERSION=3.9', '-DUSD_LIB_PREFIX=lib', '-DCMAKE_WANT_MATERIALX_BUILD=ON', '-DCMAKE_PREFIX_PATH=/local/S/jenkins/workspace/shared/Artifactory/Linux/USD/e2b89ce']
[2022-11-04T19:27:32.195Z]           Stages arguments          ['clean']
[2022-11-04T19:27:32.195Z]           CTest arguments           ['-E testUsdReferenceAssemblySelection|testUsdMayaAppDir', '-LE interactive', '--parallel 16']
[2022-11-04T19:27:32.195Z]     Success MayaUSD build and install !!!!
[2022-11-04T19:27:32.195Z]     Elapsed time: 00:00:00
[Pipeline] }
[Pipeline] // withEnv
[Pipeline] }
[Pipeline] // timeout
[Pipeline] }
[Pipeline] // stage
[Pipeline] }
[Pipeline] // timestamps
[Pipeline] timestamps
[Pipeline] {
[Pipeline] stage
[Pipeline] { (Configure)
[Pipeline] timeout
[2022-11-04T19:27:32.443Z] Timeout set to expire in 6 hr 0 min
[Pipeline] {
[Pipeline] withEnv
[Pipeline] {
[Pipeline] sh
[2022-11-04T19:27:33.787Z] + scl enable devtoolset-6 -
[2022-11-04T19:27:33.787Z] python ecg-maya-usd/build.py --stages=configure --workspace-dir=/local/S/jenkins/workspace/ECP/ecg-maya-usd/ecg-mayausd-branch-preflight-2023-python3-linux --artifactory-dir=/local/S/jenkins/workspace/shared/Artifactory --build-dir=/local/S/jenkins/workspace/ECP/ecg-maya-usd/ecg-mayausd-branch-preflight-2023-python3-linux/build --install-dir=/local/S/jenkins/workspace/ECP/ecg-maya-usd/ecg-mayausd-branch-preflight-2023-python3-linux/install --signing-dir=/local/S/jenkins/workspace/ECP/ecg-maya-usd/ecg-mayausd-branch-preflight-2023-python3-linux/signing --package-dir=/local/S/jenkins/workspace/ECP/ecg-maya-usd/ecg-mayausd-branch-preflight-2023-python3-linux/package --output-dir=/local/S/jenkins/workspace/ECP/ecg-maya-usd/ecg-mayausd-branch-preflight-2023-python3-linux/output --stash-dir=/local/S/jenkins/workspace/ECP/ecg-maya-usd/ecg-mayausd-branch-preflight-2023-python3-linux/stash --jenkins-build=420 --git-commit=42bd1fd0fe6e3a2e14f6b5292af1eb65646d9e11 --git-branch=master --variants=RelWithDebInfo --python=3.9 --post-zips=false --maya-cut-config=maya-rundev-2023.yaml --maya-package=rundev-2023 --stage-banner
[2022-11-04T19:27:33.787Z] Using Maya cut from /local/S/jenkins/workspace/shared/Artifactory/Linux/rundev-2023/202211021415/runtime/49a55b4
[2022-11-04T19:27:33.787Z] 
[2022-11-04T19:27:33.787Z] ================================================================================
[2022-11-04T19:27:33.787Z]                            configure (RelWithDebInfo)
[2022-11-04T19:27:33.787Z] ================================================================================
[2022-11-04T19:27:33.787Z] Maya Python RelWithDebInfo Info:
[2022-11-04T19:27:33.787Z]   mayapy executable   = /local/S/jenkins/workspace/shared/Artifactory/Linux/rundev-2023/202211021415/runtime/49a55b4/runTime/bin/mayapy
[2022-11-04T19:27:33.787Z]   Include Folder      = /local/S/jenkins/workspace/shared/Artifactory/Linux/rundev-2023/202211021415/runtime/49a55b4/runTime/include/Python39/Python
[2022-11-04T19:27:33.787Z]   Library             = /local/S/jenkins/workspace/shared/Artifactory/Linux/rundev-2023/202211021415/runtime/49a55b4/runTime/lib/libpython3.9.so.1.0
[2022-11-04T19:27:33.787Z]   site-package Folder = /local/S/jenkins/workspace/shared/Artifactory/Linux/rundev-2023/202211021415/runtime/49a55b4/runTime/lib/python3.9/site-packages
[2022-11-04T19:27:34.334Z] In workdir: /home/S/jenkins/workspace/ECP/ecg-maya-usd/ecg-mayausd-branch-preflight-2023-python3-linux/ecg-maya-usd/maya-usd
[2022-11-04T19:27:34.334Z] Executing: /local/S/jenkins/workspace/shared/Artifactory/Linux/rundev-2023/202211021415/runtime/49a55b4/runTime/bin/mayapy /home/S/jenkins/workspace/ECP/ecg-maya-usd/ecg-mayausd-branch-preflight-2023-python3-linux/ecg-maya-usd/maya-usd/build.py --generator Ninja --build-relwithdebug --maya-location /local/S/jenkins/workspace/shared/Artifactory/Linux/rundev-2023/202211021415/runtime/49a55b4/runTime --devkit-location /local/S/jenkins/workspace/shared/Artifactory/Linux/rundev-2023/202211021415/runtime/49a55b4/devkitBase --pxrusd-location /local/S/jenkins/workspace/shared/Artifactory/Linux/USD/e2b89ce --qt-location /local/S/jenkins/workspace/shared/Artifactory/Linux/qt/5.15.2/95656d9 --build-args=-DCMAKE_MAKE_PROGRAM=/local/S/jenkins/workspace/shared/Artifactory/Linux/ninja/1.9.0/aca9939/ninja,-DPYTHON_INCLUDE_DIR=/local/S/jenkins/workspace/shared/Artifactory/Linux/rundev-2023/202211021415/runtime/49a55b4/runTime/include/Python39/Python,-DPython_EXECUTABLE=/local/S/jenkins/workspace/shared/Artifactory/Linux/rundev-2023/202211021415/runtime/49a55b4/runTime/bin/mayapy,-DPYTHON_LIBRARIES=/local/S/jenkins/workspace/shared/Artifactory/Linux/rundev-2023/202211021415/runtime/49a55b4/runTime/lib/libpython3.9.so.1.0,-DBUILD_WITH_PYTHON_3=ON,-DBUILD_WITH_PYTHON_3_VERSION=3.9,-DUSD_LIB_PREFIX=lib,-DCMAKE_WANT_MATERIALX_BUILD=ON,-DCMAKE_PREFIX_PATH=/local/S/jenkins/workspace/shared/Artifactory/Linux/USD/e2b89ce '--ctest-args=-E testUsdReferenceAssemblySelection|testUsdMayaAppDir,-LE interactive,--parallel 16' --stages=configure --redirect-outstream-file=False --install-location /local/S/jenkins/workspace/ECP/ecg-maya-usd/ecg-mayausd-branch-preflight-2023-python3-linux/install/RelWithDebInfo/MayaUSD /local/S/jenkins/workspace/ECP/ecg-maya-usd/ecg-mayausd-branch-preflight-2023-python3-linux
[2022-11-04T19:27:34.334Z] Modified environment variables:
[2022-11-04T19:27:34.334Z]     PATH=/local/S/jenkins/workspace/shared/Artifactory/Linux/cmake/3.20.3/ab685d7/bin:/opt/rh/devtoolset-6/root/usr/bin:/usr/local/bin:/usr/bin
[2022-11-04T19:27:34.334Z]     LD_LIBRARY_PATH=/opt/rh/devtoolset-6/root/usr/lib64:/opt/rh/devtoolset-6/root/usr/lib64:/opt/rh/devtoolset-6/root/usr/lib
[2022-11-04T19:27:34.334Z]     -- The C compiler identification is GNU 6.3.1
[2022-11-04T19:27:34.334Z]     -- The CXX compiler identification is GNU 6.3.1
[2022-11-04T19:27:34.334Z]     -- Detecting C compiler ABI info
[2022-11-04T19:27:34.334Z]     -- Detecting C compiler ABI info - done
[2022-11-04T19:27:34.334Z]     -- Check for working C compiler: /opt/rh/devtoolset-6/root/usr/bin/cc - skipped
[2022-11-04T19:27:34.334Z]     -- Detecting C compile features
[2022-11-04T19:27:34.334Z]     -- Detecting C compile features - done
[2022-11-04T19:27:34.334Z]     -- Detecting CXX compiler ABI info
[2022-11-04T19:27:34.334Z]     -- Detecting CXX compiler ABI info - done
[2022-11-04T19:27:34.929Z]     -- Check for working CXX compiler: /opt/rh/devtoolset-6/root/usr/bin/c++ - skipped
[2022-11-04T19:27:34.929Z]     -- Detecting CXX compile features
[2022-11-04T19:27:34.929Z]     -- Detecting CXX compile features - done
[2022-11-04T19:27:34.929Z]     -- Using Maya Light API Version 3
[2022-11-04T19:27:34.929Z]     -- Maya has setDefaultMaterialHandling API
[2022-11-04T19:27:34.929Z]     -- Maya has new point snapping API
[2022-11-04T19:27:34.929Z]     -- Maya has getCurrentUfeCameraPath
[2022-11-04T19:27:34.929Z]     -- Maya has isInCrashHandler API
[2022-11-04T19:27:34.929Z]     -- Maya has setUfeIdentifiers API
[2022-11-04T19:27:34.929Z]     -- Maya has updateUfeIdentifiers API
[2022-11-04T19:27:34.929Z]     -- Maya has getDisplayStyleOfAllViewports API
[2022-11-04T19:27:34.929Z]     -- Maya array iterator has difference_type trait
[2022-11-04T19:27:34.929Z]     -- MFnSet has getMemberPaths function
[2022-11-04T19:27:34.929Z]     -- MFnDisplayLayer exists
[2022-11-04T19:27:34.929Z]     -- MDisplayLayerMessage has MDisplayLayerMemberChangedFunction
[2022-11-04T19:27:34.929Z]     -- MRenderItem has HideOnPlayback API
[2022-11-04T19:27:34.929Z]     -- Maya has UFE gizmo drawing
[2022-11-04T19:27:35.562Z]     -- Found Maya: /local/S/jenkins/workspace/shared/Artifactory/Linux/rundev-2023/202211021415/runtime/49a55b4/runTime/bin/maya (found suitable version "2023", minimum required is "2018")
[2022-11-04T19:27:35.562Z]     -- Found Python: /local/S/jenkins/workspace/shared/Artifactory/Linux/rundev-2023/202211021415/runtime/49a55b4/runTime/bin/mayapy (found suitable exact version "3.9.7") found components: Interpreter
[2022-11-04T19:27:35.562Z]     -- Build MayaUSD with Python3 = ON
[2022-11-04T19:27:35.562Z]     --    PYTHON_INCLUDE_DIRS = /local/S/jenkins/workspace/shared/Artifactory/Linux/rundev-2023/202211021415/runtime/49a55b4/runTime/include/Python39/Python
[2022-11-04T19:27:35.562Z]     --    PYTHON_LIBRARIES    = /local/S/jenkins/workspace/shared/Artifactory/Linux/rundev-2023/202211021415/runtime/49a55b4/runTime/lib/libpython3.9.so.1.0
[2022-11-04T19:27:35.562Z]     --    Python_EXECUTABLE   = /local/S/jenkins/workspace/shared/Artifactory/Linux/rundev-2023/202211021415/runtime/49a55b4/runTime/bin/mayapy
[2022-11-04T19:27:35.562Z]     -- USD include dir: /local/S/jenkins/workspace/shared/Artifactory/Linux/USD/e2b89ce/include
[2022-11-04T19:27:35.562Z]     -- USD library dir: /local/S/jenkins/workspace/shared/Artifactory/Linux/USD/e2b89ce/lib
[2022-11-04T19:27:35.562Z]     -- USD version: 0.21.11
[2022-11-04T19:27:35.562Z]     -- Found USD: /local/S/jenkins/workspace/shared/Artifactory/Linux/USD/e2b89ce (found suitable version "0.21.11", minimum required is "0.20.05")
[2022-11-04T19:27:35.562Z]     Updated PYTHONPATH: /opt/rh/devtoolset-6/root/usr/lib64/python2.7/site-packages:/opt/rh/devtoolset-6/root/usr/lib/python2.7/site-packages:/local/S/jenkins/workspace/shared/Artifactory/Linux/USD/e2b89ce/lib/python
[2022-11-04T19:27:35.562Z]     -- Maya has UFE lights API
[2022-11-04T19:27:35.562Z]     -- Maya has UFE scene segment API
[2022-11-04T19:27:35.562Z]     -- Maya has UFE TrieNode childrenComponents accessor
[2022-11-04T19:27:35.562Z]     -- UFE not found. UFE features will be disabled.
[2022-11-04T19:27:35.562Z]     -- Found MaterialX
[2022-11-04T19:27:35.562Z]     -- Building with Qt features enabled.
[2022-11-04T19:27:35.562Z]     -- **** Building Gulrak From Github Repository.
[2022-11-04T19:27:35.562Z]     -- Populating gulrak
[2022-11-04T19:27:35.562Z]     -- Configuring done
[2022-11-04T19:27:35.562Z]     -- Generating done
[2022-11-04T19:27:35.562Z]     -- Build files have been written to: /home/S/jenkins/workspace/ECP/ecg-maya-usd/ecg-mayausd-branch-preflight-2023-python3-linux/build/RelWithDebInfo/_deps/gulrak-subbuild
[2022-11-04T19:27:35.562Z]     [1/9] Creating directories for 'gulrak-populate'
[2022-11-04T19:27:35.562Z]     [1/9] Performing download step (git clone) for 'gulrak-populate'
[2022-11-04T19:27:35.562Z]     Cloning into 'gulrak-src'...
[2022-11-04T19:27:36.827Z]     HEAD is now at 4e21ab3 Version bump and updated readme.
[2022-11-04T19:27:36.827Z]     [2/9] Performing update step for 'gulrak-populate'
[2022-11-04T19:27:36.827Z]     [4/9] No patch step for 'gulrak-populate'
[2022-11-04T19:27:36.827Z]     [5/9] No configure step for 'gulrak-populate'
[2022-11-04T19:27:36.827Z]     [6/9] No build step for 'gulrak-populate'
[2022-11-04T19:27:36.827Z]     [7/9] No install step for 'gulrak-populate'
[2022-11-04T19:27:36.827Z]     [8/9] No test step for 'gulrak-populate'
[2022-11-04T19:27:36.827Z]     [9/9] Completed 'gulrak-populate'
[2022-11-04T19:27:36.827Z]     -- ========== Installing GoogleTest... ==========
[2022-11-04T19:27:36.827Z]     -- Configuring done
[2022-11-04T19:27:36.827Z]     -- Generating done
[2022-11-04T19:27:36.827Z]     -- Build files have been written to: /home/S/jenkins/workspace/ECP/ecg-maya-usd/ecg-mayausd-branch-preflight-2023-python3-linux/build/RelWithDebInfo/googletest-config
[2022-11-04T19:27:36.827Z]     [1/8] Creating directories for 'googletest'
[2022-11-04T19:27:38.851Z]     [2/8] Performing download step (git clone) for 'googletest'
[2022-11-04T19:27:38.851Z]     Cloning into 'googletest-src'...
[2022-11-04T19:27:38.851Z]     HEAD is now at 703bd9ca Googletest export
[2022-11-04T19:27:38.851Z]     [3/8] Performing update step for 'googletest'
[2022-11-04T19:27:38.851Z]     [4/8] No patch step for 'googletest'
[2022-11-04T19:27:38.851Z]     [5/8] Performing configure step for 'googletest'
[2022-11-04T19:27:38.851Z]     Not searching for unused variables given on the command line.
[2022-11-04T19:27:38.851Z]     CMake Deprecation Warning at CMakeLists.txt:4 (cmake_minimum_required):
[2022-11-04T19:27:38.851Z]       Compatibility with CMake < 2.8.12 will be removed from a future version of
[2022-11-04T19:27:38.851Z]       CMake.
[2022-11-04T19:27:38.851Z]     
[2022-11-04T19:27:38.851Z]       Update the VERSION argument <min> value or use a ...<max> suffix to tell
[2022-11-04T19:27:38.851Z]       CMake that the project does not need compatibility with older versions.
[2022-11-04T19:27:38.851Z]     
[2022-11-04T19:27:38.851Z]     
[2022-11-04T19:27:38.851Z]     -- The C compiler identification is GNU 6.3.1
[2022-11-04T19:27:38.851Z]     -- The CXX compiler identification is GNU 6.3.1
[2022-11-04T19:27:38.851Z]     -- Detecting C compiler ABI info
[2022-11-04T19:27:38.851Z]     -- Detecting C compiler ABI info - done
[2022-11-04T19:27:38.851Z]     -- Check for working C compiler: /opt/rh/devtoolset-6/root/usr/bin/cc - skipped
[2022-11-04T19:27:38.851Z]     -- Detecting C compile features
[2022-11-04T19:27:38.851Z]     -- Detecting C compile features - done
[2022-11-04T19:27:38.851Z]     -- Detecting CXX compiler ABI info
[2022-11-04T19:27:38.851Z]     -- Detecting CXX compiler ABI info - done
[2022-11-04T19:27:38.851Z]     -- Check for working CXX compiler: /opt/rh/devtoolset-6/root/usr/bin/c++ - skipped
[2022-11-04T19:27:38.851Z]     -- Detecting CXX compile features
[2022-11-04T19:27:38.851Z]     -- Detecting CXX compile features - done
[2022-11-04T19:27:38.851Z]     CMake Deprecation Warning at googletest/CMakeLists.txt:56 (cmake_minimum_required):
[2022-11-04T19:27:38.851Z]       Compatibility with CMake < 2.8.12 will be removed from a future version of
[2022-11-04T19:27:38.851Z]       CMake.
[2022-11-04T19:27:38.851Z]     
[2022-11-04T19:27:38.851Z]       Update the VERSION argument <min> value or use a ...<max> suffix to tell
[2022-11-04T19:27:38.851Z]       CMake that the project does not need compatibility with older versions.
[2022-11-04T19:27:38.851Z]     
[2022-11-04T19:27:38.851Z]     
[2022-11-04T19:27:38.851Z]     -- Found PythonInterp: /usr/bin/python (found version "2.7.5")
[2022-11-04T19:27:38.851Z]     -- Looking for pthread.h
[2022-11-04T19:27:38.851Z]     -- Looking for pthread.h - found
[2022-11-04T19:27:38.851Z]     -- Performing Test CMAKE_HAVE_LIBC_PTHREAD
[2022-11-04T19:27:38.851Z]     -- Performing Test CMAKE_HAVE_LIBC_PTHREAD - Failed
[2022-11-04T19:27:38.851Z]     -- Looking for pthread_create in pthreads
[2022-11-04T19:27:38.851Z]     -- Looking for pthread_create in pthreads - not found
[2022-11-04T19:27:38.851Z]     -- Looking for pthread_create in pthread
[2022-11-04T19:27:38.851Z]     -- Looking for pthread_create in pthread - found
[2022-11-04T19:27:38.851Z]     -- Found Threads: TRUE
[2022-11-04T19:27:38.851Z]     -- Configuring done
[2022-11-04T19:27:38.851Z]     -- Generating done
[2022-11-04T19:27:38.851Z]     -- Build files have been written to: /home/S/jenkins/workspace/ECP/ecg-maya-usd/ecg-mayausd-branch-preflight-2023-python3-linux/build/RelWithDebInfo/googletest-build
[2022-11-04T19:27:45.964Z]     [6/8] Performing build step for 'googletest'
[2022-11-04T19:27:45.964Z]     [1/4] Building CXX object googletest/CMakeFiles/gtest_main.dir/src/gtest_main.cc.o
[2022-11-04T19:27:45.964Z]     [2/4] Building CXX object googletest/CMakeFiles/gtest.dir/src/gtest-all.cc.o
[2022-11-04T19:27:45.964Z]     [3/4] Linking CXX shared library lib/libgtest.so
[2022-11-04T19:27:45.964Z]     [4/4] Linking CXX shared library lib/libgtest_main.so
[2022-11-04T19:27:45.964Z]     [7/8] Performing install step for 'googletest'
[2022-11-04T19:27:45.964Z]     [0/1] Install the project...
[2022-11-04T19:27:45.964Z]     -- Install configuration: "RelWithDebInfo"
[2022-11-04T19:27:45.964Z]     -- Set runtime path of "/home/S/jenkins/workspace/ECP/ecg-maya-usd/ecg-mayausd-branch-preflight-2023-python3-linux/build/RelWithDebInfo/googletest-install/lib64/libgtest_main.so" to ""
[2022-11-04T19:27:45.964Z]     [8/8] Completed 'googletest'
[2022-11-04T19:27:45.964Z]     -- ========== ...  GoogleTest installed. ==========
[2022-11-04T19:27:46.443Z]     -- MAYA_HAS_DEFAULT_MATERIAL_API is TRUE
[2022-11-04T19:27:46.443Z]     -- MAYA_NEW_POINT_SNAPPING_SUPPORT is TRUE
[2022-11-04T19:27:46.443Z]     -- MAYA_HAS_CRASH_DETECTION is TRUE
[2022-11-04T19:27:46.443Z]     -- MAYA_CURRENT_UFE_CAMERA_SUPPORT is TRUE
[2022-11-04T19:27:46.443Z]     -- MAYA_MRENDERITEM_UFE_IDENTIFIER_SUPPORT is TRUE
[2022-11-04T19:27:46.443Z]     -- MAYA_UPDATE_UFE_IDENTIFIER_SUPPORT is TRUE
[2022-11-04T19:27:46.443Z]     -- MAYA_HAS_DISPLAY_STYLE_ALL_VIEWPORTS is TRUE
[2022-11-04T19:27:46.443Z]     -- MAYA_ARRAY_ITERATOR_DIFFERENCE_TYPE_SUPPORT is TRUE
[2022-11-04T19:27:46.443Z]     -- MAYA_HAS_GET_MEMBER_PATHS is TRUE
[2022-11-04T19:27:46.443Z]     -- USD_HAS_COLOR4_SDR_SUPPORT is FALSE
[2022-11-04T19:27:46.443Z]     -- MAYA_HAS_DISPLAY_LAYER_API is TRUE
[2022-11-04T19:27:46.443Z]     -- MAYA_HAS_NEW_DISPLAY_LAYER_MESSAGING_API is TRUE
[2022-11-04T19:27:46.443Z]     -- MAYA_HAS_RENDER_ITEM_HIDE_ON_PLAYBACK_API is TRUE
[2022-11-04T19:27:46.443Z]     -- promoting: /home/S/jenkins/workspace/ECP/ecg-maya-usd/ecg-mayausd-branch-preflight-2023-python3-linux/ecg-maya-usd/maya-usd/lib/mayaUsd/base/mayaUsd.h.src
[2022-11-04T19:27:46.443Z]     -- promoting: /home/S/jenkins/workspace/ECP/ecg-maya-usd/ecg-mayausd-branch-preflight-2023-python3-linux/ecg-maya-usd/maya-usd/lib/mayaUsd/base/api.h
[2022-11-04T19:27:46.443Z]     -- promoting: /home/S/jenkins/workspace/ECP/ecg-maya-usd/ecg-mayausd-branch-preflight-2023-python3-linux/ecg-maya-usd/maya-usd/lib/mayaUsd/base/debugCodes.h
[2022-11-04T19:27:46.443Z]     -- promoting: /home/S/jenkins/workspace/ECP/ecg-maya-usd/ecg-mayausd-branch-preflight-2023-python3-linux/ecg-maya-usd/maya-usd/lib/mayaUsd/base/id.h
[2022-11-04T19:27:46.443Z]     -- promoting: /home/S/jenkins/workspace/ECP/ecg-maya-usd/ecg-mayausd-branch-preflight-2023-python3-linux/ecg-maya-usd/maya-usd/lib/mayaUsd/base/syncId.h
[2022-11-04T19:27:46.443Z]     -- promoting: /home/S/jenkins/workspace/ECP/ecg-maya-usd/ecg-mayausd-branch-preflight-2023-python3-linux/ecg-maya-usd/maya-usd/lib/mayaUsd/base/tokens.h
[2022-11-04T19:27:46.443Z]     -- promoting: /home/S/jenkins/workspace/ECP/ecg-maya-usd/ecg-mayausd-branch-preflight-2023-python3-linux/ecg-maya-usd/maya-usd/lib/mayaUsd/commands/abstractLayerEditorWindow.h
[2022-11-04T19:27:46.443Z]     -- promoting: /home/S/jenkins/workspace/ECP/ecg-maya-usd/ecg-mayausd-branch-preflight-2023-python3-linux/ecg-maya-usd/maya-usd/lib/mayaUsd/commands/baseExportCommand.h
[2022-11-04T19:27:46.443Z]     -- promoting: /home/S/jenkins/workspace/ECP/ecg-maya-usd/ecg-mayausd-branch-preflight-2023-python3-linux/ecg-maya-usd/maya-usd/lib/mayaUsd/commands/baseImportCommand.h
[2022-11-04T19:27:46.443Z]     -- promoting: /home/S/jenkins/workspace/ECP/ecg-maya-usd/ecg-mayausd-branch-preflight-2023-python3-linux/ecg-maya-usd/maya-usd/lib/mayaUsd/commands/baseListJobContextsCommand.h
[2022-11-04T19:27:46.443Z]     -- promoting: /home/S/jenkins/workspace/ECP/ecg-maya-usd/ecg-mayausd-branch-preflight-2023-python3-linux/ecg-maya-usd/maya-usd/lib/mayaUsd/commands/baseListShadingModesCommand.h
[2022-11-04T19:27:46.443Z]     -- promoting: /home/S/jenkins/workspace/ECP/ecg-maya-usd/ecg-mayausd-branch-preflight-2023-python3-linux/ecg-maya-usd/maya-usd/lib/mayaUsd/commands/editTargetCommand.h
[2022-11-04T19:27:46.443Z]     -- promoting: /home/S/jenkins/workspace/ECP/ecg-maya-usd/ecg-mayausd-branch-preflight-2023-python3-linux/ecg-maya-usd/maya-usd/lib/mayaUsd/commands/layerEditorCommand.h
[2022-11-04T19:27:46.443Z]     -- promoting: /home/S/jenkins/workspace/ECP/ecg-maya-usd/ecg-mayausd-branch-preflight-2023-python3-linux/ecg-maya-usd/maya-usd/lib/mayaUsd/commands/layerEditorWindowCommand.h
[2022-11-04T19:27:46.443Z]     -- promoting: /home/S/jenkins/workspace/ECP/ecg-maya-usd/ecg-mayausd-branch-preflight-2023-python3-linux/ecg-maya-usd/maya-usd/lib/mayaUsd/commands/PullPushCommands.h
[2022-11-04T19:27:46.443Z]     -- promoting: /home/S/jenkins/workspace/ECP/ecg-maya-usd/ecg-mayausd-branch-preflight-2023-python3-linux/ecg-maya-usd/maya-usd/lib/mayaUsd/fileio/fallbackPrimReader.h
[2022-11-04T19:27:46.443Z]     -- promoting: /home/S/jenkins/workspace/ECP/ecg-maya-usd/ecg-mayausd-branch-preflight-2023-python3-linux/ecg-maya-usd/maya-usd/lib/mayaUsd/fileio/functorPrimReader.h
[2022-11-04T19:27:46.443Z]     -- promoting: /home/S/jenkins/workspace/ECP/ecg-maya-usd/ecg-mayausd-branch-preflight-2023-python3-linux/ecg-maya-usd/maya-usd/lib/mayaUsd/fileio/functorPrimWriter.h
[2022-11-04T19:27:46.443Z]     -- promoting: /home/S/jenkins/workspace/ECP/ecg-maya-usd/ecg-mayausd-branch-preflight-2023-python3-linux/ecg-maya-usd/maya-usd/lib/mayaUsd/fileio/importData.h
[2022-11-04T19:27:46.443Z]     -- promoting: /home/S/jenkins/workspace/ECP/ecg-maya-usd/ecg-mayausd-branch-preflight-2023-python3-linux/ecg-maya-usd/maya-usd/lib/mayaUsd/fileio/instancedNodeWriter.h
[2022-11-04T19:27:46.443Z]     -- promoting: /home/S/jenkins/workspace/ECP/ecg-maya-usd/ecg-mayausd-branch-preflight-2023-python3-linux/ecg-maya-usd/maya-usd/lib/mayaUsd/fileio/jobContextRegistry.h
[2022-11-04T19:27:46.443Z]     -- promoting: /home/S/jenkins/workspace/ECP/ecg-maya-usd/ecg-mayausd-branch-preflight-2023-python3-linux/ecg-maya-usd/maya-usd/lib/mayaUsd/fileio/primReader.h
[2022-11-04T19:27:46.443Z]     -- promoting: /home/S/jenkins/workspace/ECP/ecg-maya-usd/ecg-mayausd-branch-preflight-2023-python3-linux/ecg-maya-usd/maya-usd/lib/mayaUsd/fileio/primReaderArgs.h
[2022-11-04T19:27:46.443Z]     -- promoting: /home/S/jenkins/workspace/ECP/ecg-maya-usd/ecg-mayausd-branch-preflight-2023-python3-linux/ecg-maya-usd/maya-usd/lib/mayaUsd/fileio/primReaderContext.h
[2022-11-04T19:27:46.443Z]     -- promoting: /home/S/jenkins/workspace/ECP/ecg-maya-usd/ecg-mayausd-branch-preflight-2023-python3-linux/ecg-maya-usd/maya-usd/lib/mayaUsd/fileio/primReaderRegistry.h
[2022-11-04T19:27:46.443Z]     -- promoting: /home/S/jenkins/workspace/ECP/ecg-maya-usd/ecg-mayausd-branch-preflight-2023-python3-linux/ecg-maya-usd/maya-usd/lib/mayaUsd/fileio/primWriter.h
[2022-11-04T19:27:46.443Z]     -- promoting: /home/S/jenkins/workspace/ECP/ecg-maya-usd/ecg-mayausd-branch-preflight-2023-python3-linux/ecg-maya-usd/maya-usd/lib/mayaUsd/fileio/primWriterArgs.h
[2022-11-04T19:27:46.443Z]     -- promoting: /home/S/jenkins/workspace/ECP/ecg-maya-usd/ecg-mayausd-branch-preflight-2023-python3-linux/ecg-maya-usd/maya-usd/lib/mayaUsd/fileio/primWriterContext.h
[2022-11-04T19:27:46.443Z]     -- promoting: /home/S/jenkins/workspace/ECP/ecg-maya-usd/ecg-mayausd-branch-preflight-2023-python3-linux/ecg-maya-usd/maya-usd/lib/mayaUsd/fileio/primWriterRegistry.h
[2022-11-04T19:27:46.443Z]     -- promoting: /home/S/jenkins/workspace/ECP/ecg-maya-usd/ecg-mayausd-branch-preflight-2023-python3-linux/ecg-maya-usd/maya-usd/lib/mayaUsd/fileio/registryHelper.h
[2022-11-04T19:27:46.443Z]     -- promoting: /home/S/jenkins/workspace/ECP/ecg-maya-usd/ecg-mayausd-branch-preflight-2023-python3-linux/ecg-maya-usd/maya-usd/lib/mayaUsd/fileio/schemaApiAdaptor.h
[2022-11-04T19:27:46.443Z]     -- promoting: /home/S/jenkins/workspace/ECP/ecg-maya-usd/ecg-mayausd-branch-preflight-2023-python3-linux/ecg-maya-usd/maya-usd/lib/mayaUsd/fileio/schemaApiAdaptorRegistry.h
[2022-11-04T19:27:46.443Z]     -- promoting: /home/S/jenkins/workspace/ECP/ecg-maya-usd/ecg-mayausd-branch-preflight-2023-python3-linux/ecg-maya-usd/maya-usd/lib/mayaUsd/fileio/shaderReader.h
[2022-11-04T19:27:46.443Z]     -- promoting: /home/S/jenkins/workspace/ECP/ecg-maya-usd/ecg-mayausd-branch-preflight-2023-python3-linux/ecg-maya-usd/maya-usd/lib/mayaUsd/fileio/shaderReaderRegistry.h
[2022-11-04T19:27:46.443Z]     -- promoting: /home/S/jenkins/workspace/ECP/ecg-maya-usd/ecg-mayausd-branch-preflight-2023-python3-linux/ecg-maya-usd/maya-usd/lib/mayaUsd/fileio/shaderWriter.h
[2022-11-04T19:27:46.443Z]     -- promoting: /home/S/jenkins/workspace/ECP/ecg-maya-usd/ecg-mayausd-branch-preflight-2023-python3-linux/ecg-maya-usd/maya-usd/lib/mayaUsd/fileio/shaderWriterRegistry.h
[2022-11-04T19:27:46.443Z]     -- promoting: /home/S/jenkins/workspace/ECP/ecg-maya-usd/ecg-mayausd-branch-preflight-2023-python3-linux/ecg-maya-usd/maya-usd/lib/mayaUsd/fileio/transformWriter.h
[2022-11-04T19:27:46.443Z]     -- promoting: /home/S/jenkins/workspace/ECP/ecg-maya-usd/ecg-mayausd-branch-preflight-2023-python3-linux/ecg-maya-usd/maya-usd/lib/mayaUsd/fileio/writeJobContext.h
[2022-11-04T19:27:46.443Z]     -- promoting: /home/S/jenkins/workspace/ECP/ecg-maya-usd/ecg-mayausd-branch-preflight-2023-python3-linux/ecg-maya-usd/maya-usd/lib/mayaUsd/fileio/fallbackPrimUpdater.h
[2022-11-04T19:27:46.443Z]     -- promoting: /home/S/jenkins/workspace/ECP/ecg-maya-usd/ecg-mayausd-branch-preflight-2023-python3-linux/ecg-maya-usd/maya-usd/lib/mayaUsd/fileio/primUpdater.h
[2022-11-04T19:27:46.443Z]     -- promoting: /home/S/jenkins/workspace/ECP/ecg-maya-usd/ecg-mayausd-branch-preflight-2023-python3-linux/ecg-maya-usd/maya-usd/lib/mayaUsd/fileio/primUpdaterArgs.h
[2022-11-04T19:27:46.443Z]     -- promoting: /home/S/jenkins/workspace/ECP/ecg-maya-usd/ecg-mayausd-branch-preflight-2023-python3-linux/ecg-maya-usd/maya-usd/lib/mayaUsd/fileio/primUpdaterContext.h
[2022-11-04T19:27:46.443Z]     -- promoting: /home/S/jenkins/workspace/ECP/ecg-maya-usd/ecg-mayausd-branch-preflight-2023-python3-linux/ecg-maya-usd/maya-usd/lib/mayaUsd/fileio/primUpdaterRegistry.h
[2022-11-04T19:27:46.443Z]     -- promoting: /home/S/jenkins/workspace/ECP/ecg-maya-usd/ecg-mayausd-branch-preflight-2023-python3-linux/ecg-maya-usd/maya-usd/lib/mayaUsd/fileio/primUpdaterManager.h
[2022-11-04T19:27:46.443Z]     -- promoting: /home/S/jenkins/workspace/ECP/ecg-maya-usd/ecg-mayausd-branch-preflight-2023-python3-linux/ecg-maya-usd/maya-usd/lib/mayaUsd/fileio/orphanedNodesManager.h
[2022-11-04T19:27:46.443Z]     -- promoting: /home/S/jenkins/workspace/ECP/ecg-maya-usd/ecg-mayausd-branch-preflight-2023-python3-linux/ecg-maya-usd/maya-usd/lib/mayaUsd/fileio/chaser/exportChaser.h
[2022-11-04T19:27:46.443Z]     -- promoting: /home/S/jenkins/workspace/ECP/ecg-maya-usd/ecg-mayausd-branch-preflight-2023-python3-linux/ecg-maya-usd/maya-usd/lib/mayaUsd/fileio/chaser/exportChaserRegistry.h
[2022-11-04T19:27:46.443Z]     -- promoting: /home/S/jenkins/workspace/ECP/ecg-maya-usd/ecg-mayausd-branch-preflight-2023-python3-linux/ecg-maya-usd/maya-usd/lib/mayaUsd/fileio/chaser/importChaserRegistry.h
[2022-11-04T19:27:46.443Z]     -- promoting: /home/S/jenkins/workspace/ECP/ecg-maya-usd/ecg-mayausd-branch-preflight-2023-python3-linux/ecg-maya-usd/maya-usd/lib/mayaUsd/fileio/chaser/importChaser.h
[2022-11-04T19:27:46.443Z]     -- promoting: /home/S/jenkins/workspace/ECP/ecg-maya-usd/ecg-mayausd-branch-preflight-2023-python3-linux/ecg-maya-usd/maya-usd/lib/mayaUsd/fileio/jobs/jobArgs.h
[2022-11-04T19:27:46.443Z]     -- promoting: /home/S/jenkins/workspace/ECP/ecg-maya-usd/ecg-mayausd-branch-preflight-2023-python3-linux/ecg-maya-usd/maya-usd/lib/mayaUsd/fileio/jobs/meshDataReadJob.h
[2022-11-04T19:27:46.443Z]     -- promoting: /home/S/jenkins/workspace/ECP/ecg-maya-usd/ecg-mayausd-branch-preflight-2023-python3-linux/ecg-maya-usd/maya-usd/lib/mayaUsd/fileio/jobs/modelKindProcessor.h
[2022-11-04T19:27:46.443Z]     -- promoting: /home/S/jenkins/workspace/ECP/ecg-maya-usd/ecg-mayausd-branch-preflight-2023-python3-linux/ecg-maya-usd/maya-usd/lib/mayaUsd/fileio/jobs/readJob.h
[2022-11-04T19:27:46.443Z]     -- promoting: /home/S/jenkins/workspace/ECP/ecg-maya-usd/ecg-mayausd-branch-preflight-2023-python3-linux/ecg-maya-usd/maya-usd/lib/mayaUsd/fileio/jobs/writeJob.h
[2022-11-04T19:27:46.443Z]     -- promoting: /home/S/jenkins/workspace/ECP/ecg-maya-usd/ecg-mayausd-branch-preflight-2023-python3-linux/ecg-maya-usd/maya-usd/lib/mayaUsd/fileio/shading/rfmShaderMap.h
[2022-11-04T19:27:46.443Z]     -- promoting: /home/S/jenkins/workspace/ECP/ecg-maya-usd/ecg-mayausd-branch-preflight-2023-python3-linux/ecg-maya-usd/maya-usd/lib/mayaUsd/fileio/shading/shadingModeExporter.h
[2022-11-04T19:27:46.443Z]     -- promoting: /home/S/jenkins/workspace/ECP/ecg-maya-usd/ecg-mayausd-branch-preflight-2023-python3-linux/ecg-maya-usd/maya-usd/lib/mayaUsd/fileio/shading/shadingModeExporterContext.h
[2022-11-04T19:27:46.443Z]     -- promoting: /home/S/jenkins/workspace/ECP/ecg-maya-usd/ecg-mayausd-branch-preflight-2023-python3-linux/ecg-maya-usd/maya-usd/lib/mayaUsd/fileio/shading/shadingModeImporter.h
[2022-11-04T19:27:46.443Z]     -- promoting: /home/S/jenkins/workspace/ECP/ecg-maya-usd/ecg-mayausd-branch-preflight-2023-python3-linux/ecg-maya-usd/maya-usd/lib/mayaUsd/fileio/shading/shadingModeRegistry.h
[2022-11-04T19:27:46.443Z]     -- promoting: /home/S/jenkins/workspace/ECP/ecg-maya-usd/ecg-mayausd-branch-preflight-2023-python3-linux/ecg-maya-usd/maya-usd/lib/mayaUsd/fileio/shading/symmetricShaderReader.h
[2022-11-04T19:27:46.443Z]     -- promoting: /home/S/jenkins/workspace/ECP/ecg-maya-usd/ecg-mayausd-branch-preflight-2023-python3-linux/ecg-maya-usd/maya-usd/lib/mayaUsd/fileio/shading/symmetricShaderWriter.h
[2022-11-04T19:27:46.443Z]     -- promoting: /home/S/jenkins/workspace/ECP/ecg-maya-usd/ecg-mayausd-branch-preflight-2023-python3-linux/ecg-maya-usd/maya-usd/lib/mayaUsd/fileio/translators/skelBindingsProcessor.h
[2022-11-04T19:27:46.443Z]     -- promoting: /home/S/jenkins/workspace/ECP/ecg-maya-usd/ecg-mayausd-branch-preflight-2023-python3-linux/ecg-maya-usd/maya-usd/lib/mayaUsd/fileio/translators/translatorCamera.h
[2022-11-04T19:27:46.443Z]     -- promoting: /home/S/jenkins/workspace/ECP/ecg-maya-usd/ecg-mayausd-branch-preflight-2023-python3-linux/ecg-maya-usd/maya-usd/lib/mayaUsd/fileio/translators/translatorCurves.h
[2022-11-04T19:27:46.443Z]     -- promoting: /home/S/jenkins/workspace/ECP/ecg-maya-usd/ecg-mayausd-branch-preflight-2023-python3-linux/ecg-maya-usd/maya-usd/lib/mayaUsd/fileio/translators/translatorGprim.h
[2022-11-04T19:27:46.443Z]     -- promoting: /home/S/jenkins/workspace/ECP/ecg-maya-usd/ecg-mayausd-branch-preflight-2023-python3-linux/ecg-maya-usd/maya-usd/lib/mayaUsd/fileio/translators/translatorLight.h
[2022-11-04T19:27:46.443Z]     -- promoting: /home/S/jenkins/workspace/ECP/ecg-maya-usd/ecg-mayausd-branch-preflight-2023-python3-linux/ecg-maya-usd/maya-usd/lib/mayaUsd/fileio/translators/translatorMaterial.h
[2022-11-04T19:27:46.443Z]     -- promoting: /home/S/jenkins/workspace/ECP/ecg-maya-usd/ecg-mayausd-branch-preflight-2023-python3-linux/ecg-maya-usd/maya-usd/lib/mayaUsd/fileio/translators/translatorMayaReference.h
[2022-11-04T19:27:46.443Z]     -- promoting: /home/S/jenkins/workspace/ECP/ecg-maya-usd/ecg-mayausd-branch-preflight-2023-python3-linux/ecg-maya-usd/maya-usd/lib/mayaUsd/fileio/translators/translatorMesh.h
[2022-11-04T19:27:46.443Z]     -- promoting: /home/S/jenkins/workspace/ECP/ecg-maya-usd/ecg-mayausd-branch-preflight-2023-python3-linux/ecg-maya-usd/maya-usd/lib/mayaUsd/fileio/translators/translatorNurbsPatch.h
[2022-11-04T19:27:46.443Z]     -- promoting: /home/S/jenkins/workspace/ECP/ecg-maya-usd/ecg-mayausd-branch-preflight-2023-python3-linux/ecg-maya-usd/maya-usd/lib/mayaUsd/fileio/translators/translatorPrim.h
[2022-11-04T19:27:46.443Z]     -- promoting: /home/S/jenkins/workspace/ECP/ecg-maya-usd/ecg-mayausd-branch-preflight-2023-python3-linux/ecg-maya-usd/maya-usd/lib/mayaUsd/fileio/translators/translatorRfMLight.h
[2022-11-04T19:27:46.443Z]     -- promoting: /home/S/jenkins/workspace/ECP/ecg-maya-usd/ecg-mayausd-branch-preflight-2023-python3-linux/ecg-maya-usd/maya-usd/lib/mayaUsd/fileio/translators/translatorSkel.h
[2022-11-04T19:27:46.443Z]     -- promoting: /home/S/jenkins/workspace/ECP/ecg-maya-usd/ecg-mayausd-branch-preflight-2023-python3-linux/ecg-maya-usd/maya-usd/lib/mayaUsd/fileio/translators/translatorUtil.h
[2022-11-04T19:27:46.444Z]     -- promoting: /home/S/jenkins/workspace/ECP/ecg-maya-usd/ecg-mayausd-branch-preflight-2023-python3-linux/ecg-maya-usd/maya-usd/lib/mayaUsd/fileio/translators/translatorXformable.h
[2022-11-04T19:27:46.444Z]     -- promoting: /home/S/jenkins/workspace/ECP/ecg-maya-usd/ecg-mayausd-branch-preflight-2023-python3-linux/ecg-maya-usd/maya-usd/lib/mayaUsd/fileio/utils/adaptor.h
[2022-11-04T19:27:46.444Z]     -- promoting: /home/S/jenkins/workspace/ECP/ecg-maya-usd/ecg-mayausd-branch-preflight-2023-python3-linux/ecg-maya-usd/maya-usd/lib/mayaUsd/fileio/utils/jointWriteUtils.h
[2022-11-04T19:27:46.444Z]     -- promoting: /home/S/jenkins/workspace/ECP/ecg-maya-usd/ecg-mayausd-branch-preflight-2023-python3-linux/ecg-maya-usd/maya-usd/lib/mayaUsd/fileio/utils/meshReadUtils.h
[2022-11-04T19:27:46.444Z]     -- promoting: /home/S/jenkins/workspace/ECP/ecg-maya-usd/ecg-mayausd-branch-preflight-2023-python3-linux/ecg-maya-usd/maya-usd/lib/mayaUsd/fileio/utils/meshWriteUtils.h
[2022-11-04T19:27:46.444Z]     -- promoting: /home/S/jenkins/workspace/ECP/ecg-maya-usd/ecg-mayausd-branch-preflight-2023-python3-linux/ecg-maya-usd/maya-usd/lib/mayaUsd/fileio/utils/readUtil.h
[2022-11-04T19:27:46.444Z]     -- promoting: /home/S/jenkins/workspace/ECP/ecg-maya-usd/ecg-mayausd-branch-preflight-2023-python3-linux/ecg-maya-usd/maya-usd/lib/mayaUsd/fileio/utils/roundTripUtil.h
[2022-11-04T19:27:46.444Z]     -- promoting: /home/S/jenkins/workspace/ECP/ecg-maya-usd/ecg-mayausd-branch-preflight-2023-python3-linux/ecg-maya-usd/maya-usd/lib/mayaUsd/fileio/utils/shadingUtil.h
[2022-11-04T19:27:46.444Z]     -- promoting: /home/S/jenkins/workspace/ECP/ecg-maya-usd/ecg-mayausd-branch-preflight-2023-python3-linux/ecg-maya-usd/maya-usd/lib/mayaUsd/fileio/utils/userTaggedAttribute.h
[2022-11-04T19:27:46.444Z]     -- promoting: /home/S/jenkins/workspace/ECP/ecg-maya-usd/ecg-mayausd-branch-preflight-2023-python3-linux/ecg-maya-usd/maya-usd/lib/mayaUsd/fileio/utils/writeUtil.h
[2022-11-04T19:27:46.444Z]     -- promoting: /home/S/jenkins/workspace/ECP/ecg-maya-usd/ecg-mayausd-branch-preflight-2023-python3-linux/ecg-maya-usd/maya-usd/lib/mayaUsd/fileio/utils/xformStack.h
[2022-11-04T19:27:46.444Z]     -- promoting: /home/S/jenkins/workspace/ECP/ecg-maya-usd/ecg-mayausd-branch-preflight-2023-python3-linux/ecg-maya-usd/maya-usd/lib/mayaUsd/listeners/notice.h
[2022-11-04T19:27:46.444Z]     -- promoting: /home/S/jenkins/workspace/ECP/ecg-maya-usd/ecg-mayausd-branch-preflight-2023-python3-linux/ecg-maya-usd/maya-usd/lib/mayaUsd/listeners/proxyShapeNotice.h
[2022-11-04T19:27:46.444Z]     -- promoting: /home/S/jenkins/workspace/ECP/ecg-maya-usd/ecg-mayausd-branch-preflight-2023-python3-linux/ecg-maya-usd/maya-usd/lib/mayaUsd/listeners/stageNoticeListener.h
[2022-11-04T19:27:46.444Z]     -- promoting: /home/S/jenkins/workspace/ECP/ecg-maya-usd/ecg-mayausd-branch-preflight-2023-python3-linux/ecg-maya-usd/maya-usd/lib/mayaUsd/nodes/hdImagingShape.h
[2022-11-04T19:27:46.444Z]     -- promoting: /home/S/jenkins/workspace/ECP/ecg-maya-usd/ecg-mayausd-branch-preflight-2023-python3-linux/ecg-maya-usd/maya-usd/lib/mayaUsd/nodes/pointBasedDeformerNode.h
[2022-11-04T19:27:46.444Z]     -- promoting: /home/S/jenkins/workspace/ECP/ecg-maya-usd/ecg-mayausd-branch-preflight-2023-python3-linux/ecg-maya-usd/maya-usd/lib/mayaUsd/nodes/proxyAccessor.h
[2022-11-04T19:27:46.444Z]     -- promoting: /home/S/jenkins/workspace/ECP/ecg-maya-usd/ecg-mayausd-branch-preflight-2023-python3-linux/ecg-maya-usd/maya-usd/lib/mayaUsd/nodes/proxyShapeBase.h
[2022-11-04T19:27:46.444Z]     -- promoting: /home/S/jenkins/workspace/ECP/ecg-maya-usd/ecg-mayausd-branch-preflight-2023-python3-linux/ecg-maya-usd/maya-usd/lib/mayaUsd/nodes/proxyShapePlugin.h
[2022-11-04T19:27:46.444Z]     -- promoting: /home/S/jenkins/workspace/ECP/ecg-maya-usd/ecg-mayausd-branch-preflight-2023-python3-linux/ecg-maya-usd/maya-usd/lib/mayaUsd/nodes/proxyStageProvider.h
[2022-11-04T19:27:46.444Z]     -- promoting: /home/S/jenkins/workspace/ECP/ecg-maya-usd/ecg-mayausd-branch-preflight-2023-python3-linux/ecg-maya-usd/maya-usd/lib/mayaUsd/nodes/proxyShapeStageExtraData.h
[2022-11-04T19:27:46.444Z]     -- promoting: /home/S/jenkins/workspace/ECP/ecg-maya-usd/ecg-mayausd-branch-preflight-2023-python3-linux/ecg-maya-usd/maya-usd/lib/mayaUsd/nodes/stageData.h
[2022-11-04T19:27:46.444Z]     -- promoting: /home/S/jenkins/workspace/ECP/ecg-maya-usd/ecg-mayausd-branch-preflight-2023-python3-linux/ecg-maya-usd/maya-usd/lib/mayaUsd/nodes/stageNode.h
[2022-11-04T19:27:46.444Z]     -- promoting: /home/S/jenkins/workspace/ECP/ecg-maya-usd/ecg-mayausd-branch-preflight-2023-python3-linux/ecg-maya-usd/maya-usd/lib/mayaUsd/nodes/usdPrimProvider.h
[2022-11-04T19:27:46.444Z]     -- promoting: /home/S/jenkins/workspace/ECP/ecg-maya-usd/ecg-mayausd-branch-preflight-2023-python3-linux/ecg-maya-usd/maya-usd/lib/mayaUsd/render/px_vp20/glslProgram.h
[2022-11-04T19:27:46.444Z]     -- promoting: /home/S/jenkins/workspace/ECP/ecg-maya-usd/ecg-mayausd-branch-preflight-2023-python3-linux/ecg-maya-usd/maya-usd/lib/mayaUsd/render/px_vp20/utils.h
[2022-11-04T19:27:46.444Z]     -- promoting: /home/S/jenkins/workspace/ECP/ecg-maya-usd/ecg-mayausd-branch-preflight-2023-python3-linux/ecg-maya-usd/maya-usd/lib/mayaUsd/render/px_vp20/utils_legacy.h
[2022-11-04T19:27:46.444Z]     -- promoting: /home/S/jenkins/workspace/ECP/ecg-maya-usd/ecg-mayausd-branch-preflight-2023-python3-linux/ecg-maya-usd/maya-usd/lib/mayaUsd/render/pxrUsdMayaGL/batchRenderer.h
[2022-11-04T19:27:46.444Z]     -- promoting: /home/S/jenkins/workspace/ECP/ecg-maya-usd/ecg-mayausd-branch-preflight-2023-python3-linux/ecg-maya-usd/maya-usd/lib/mayaUsd/render/pxrUsdMayaGL/debugCodes.h
[2022-11-04T19:27:46.444Z]     -- promoting: /home/S/jenkins/workspace/ECP/ecg-maya-usd/ecg-mayausd-branch-preflight-2023-python3-linux/ecg-maya-usd/maya-usd/lib/mayaUsd/render/pxrUsdMayaGL/hdImagingShapeDrawOverride.h
[2022-11-04T19:27:46.444Z]     -- promoting: /home/S/jenkins/workspace/ECP/ecg-maya-usd/ecg-mayausd-branch-preflight-2023-python3-linux/ecg-maya-usd/maya-usd/lib/mayaUsd/render/pxrUsdMayaGL/hdImagingShapeUI.h
[2022-11-04T19:27:46.444Z]     -- promoting: /home/S/jenkins/workspace/ECP/ecg-maya-usd/ecg-mayausd-branch-preflight-2023-python3-linux/ecg-maya-usd/maya-usd/lib/mayaUsd/render/pxrUsdMayaGL/instancerImager.h
[2022-11-04T19:27:46.444Z]     -- promoting: /home/S/jenkins/workspace/ECP/ecg-maya-usd/ecg-mayausd-branch-preflight-2023-python3-linux/ecg-maya-usd/maya-usd/lib/mayaUsd/render/pxrUsdMayaGL/instancerShapeAdapter.h
[2022-11-04T19:27:46.444Z]     -- promoting: /home/S/jenkins/workspace/ECP/ecg-maya-usd/ecg-mayausd-branch-preflight-2023-python3-linux/ecg-maya-usd/maya-usd/lib/mayaUsd/render/pxrUsdMayaGL/proxyDrawOverride.h
[2022-11-04T19:27:46.444Z]     -- promoting: /home/S/jenkins/workspace/ECP/ecg-maya-usd/ecg-mayausd-branch-preflight-2023-python3-linux/ecg-maya-usd/maya-usd/lib/mayaUsd/render/pxrUsdMayaGL/proxyShapeUI.h
[2022-11-04T19:27:46.444Z]     -- promoting: /home/S/jenkins/workspace/ECP/ecg-maya-usd/ecg-mayausd-branch-preflight-2023-python3-linux/ecg-maya-usd/maya-usd/lib/mayaUsd/render/pxrUsdMayaGL/renderParams.h
[2022-11-04T19:27:46.444Z]     -- promoting: /home/S/jenkins/workspace/ECP/ecg-maya-usd/ecg-mayausd-branch-preflight-2023-python3-linux/ecg-maya-usd/maya-usd/lib/mayaUsd/render/pxrUsdMayaGL/sceneDelegate.h
[2022-11-04T19:27:46.444Z]     -- promoting: /home/S/jenkins/workspace/ECP/ecg-maya-usd/ecg-mayausd-branch-preflight-2023-python3-linux/ecg-maya-usd/maya-usd/lib/mayaUsd/render/pxrUsdMayaGL/shapeAdapter.h
[2022-11-04T19:27:46.444Z]     -- promoting: /home/S/jenkins/workspace/ECP/ecg-maya-usd/ecg-mayausd-branch-preflight-2023-python3-linux/ecg-maya-usd/maya-usd/lib/mayaUsd/render/pxrUsdMayaGL/softSelectHelper.h
[2022-11-04T19:27:46.444Z]     -- promoting: /home/S/jenkins/workspace/ECP/ecg-maya-usd/ecg-mayausd-branch-preflight-2023-python3-linux/ecg-maya-usd/maya-usd/lib/mayaUsd/render/pxrUsdMayaGL/usdProxyShapeAdapter.h
[2022-11-04T19:27:46.444Z]     -- promoting: /home/S/jenkins/workspace/ECP/ecg-maya-usd/ecg-mayausd-branch-preflight-2023-python3-linux/ecg-maya-usd/maya-usd/lib/mayaUsd/render/pxrUsdMayaGL/userData.h
[2022-11-04T19:27:46.444Z]     -- promoting: /home/S/jenkins/workspace/ECP/ecg-maya-usd/ecg-mayausd-branch-preflight-2023-python3-linux/ecg-maya-usd/maya-usd/lib/mayaUsd/render/vp2RenderDelegate/proxyRenderDelegate.h
[2022-11-04T19:27:46.444Z]     -- promoting: /home/S/jenkins/workspace/ECP/ecg-maya-usd/ecg-mayausd-branch-preflight-2023-python3-linux/ecg-maya-usd/maya-usd/lib/mayaUsd/render/vp2ShaderFragments/shaderFragments.h
[2022-11-04T19:27:46.444Z]     -- promoting: /home/S/jenkins/workspace/ECP/ecg-maya-usd/ecg-mayausd-branch-preflight-2023-python3-linux/ecg-maya-usd/maya-usd/lib/mayaUsd/render/MaterialXGenOgsXml/GlslFragmentGenerator.h
[2022-11-04T19:27:46.444Z]     -- promoting: /home/S/jenkins/workspace/ECP/ecg-maya-usd/ecg-mayausd-branch-preflight-2023-python3-linux/ecg-maya-usd/maya-usd/lib/mayaUsd/render/MaterialXGenOgsXml/OgsFragment.h
[2022-11-04T19:27:46.444Z]     -- promoting: /home/S/jenkins/workspace/ECP/ecg-maya-usd/ecg-mayausd-branch-preflight-2023-python3-linux/ecg-maya-usd/maya-usd/lib/mayaUsd/render/MaterialXGenOgsXml/OgsXmlGenerator.h
[2022-11-04T19:27:46.444Z]     -- Using 1.38.3 libraries with MaterialX 1.38.3
[2022-11-04T19:27:46.444Z]     -- promoting: /home/S/jenkins/workspace/ECP/ecg-maya-usd/ecg-mayausd-branch-preflight-2023-python3-linux/ecg-maya-usd/maya-usd/lib/mayaUsd/undo/OpUndoItemList.h
[2022-11-04T19:27:46.444Z]     -- promoting: /home/S/jenkins/workspace/ECP/ecg-maya-usd/ecg-mayausd-branch-preflight-2023-python3-linux/ecg-maya-usd/maya-usd/lib/mayaUsd/undo/OpUndoItemMuting.h
[2022-11-04T19:27:46.444Z]     -- promoting: /home/S/jenkins/workspace/ECP/ecg-maya-usd/ecg-mayausd-branch-preflight-2023-python3-linux/ecg-maya-usd/maya-usd/lib/mayaUsd/undo/OpUndoItemRecorder.h
[2022-11-04T19:27:46.444Z]     -- promoting: /home/S/jenkins/workspace/ECP/ecg-maya-usd/ecg-mayausd-branch-preflight-2023-python3-linux/ecg-maya-usd/maya-usd/lib/mayaUsd/undo/OpUndoItems.h
[2022-11-04T19:27:46.444Z]     -- promoting: /home/S/jenkins/workspace/ECP/ecg-maya-usd/ecg-mayausd-branch-preflight-2023-python3-linux/ecg-maya-usd/maya-usd/lib/mayaUsd/undo/UsdUndoBlock.h
[2022-11-04T19:27:46.444Z]     -- promoting: /home/S/jenkins/workspace/ECP/ecg-maya-usd/ecg-mayausd-branch-preflight-2023-python3-linux/ecg-maya-usd/maya-usd/lib/mayaUsd/undo/UsdUndoManager.h
[2022-11-04T19:27:46.444Z]     -- promoting: /home/S/jenkins/workspace/ECP/ecg-maya-usd/ecg-mayausd-branch-preflight-2023-python3-linux/ecg-maya-usd/maya-usd/lib/mayaUsd/undo/UsdUndoStateDelegate.h
[2022-11-04T19:27:46.444Z]     -- promoting: /home/S/jenkins/workspace/ECP/ecg-maya-usd/ecg-mayausd-branch-preflight-2023-python3-linux/ecg-maya-usd/maya-usd/lib/mayaUsd/undo/UsdUndoableItem.h
[2022-11-04T19:27:46.444Z]     -- promoting: /home/S/jenkins/workspace/ECP/ecg-maya-usd/ecg-mayausd-branch-preflight-2023-python3-linux/ecg-maya-usd/maya-usd/lib/mayaUsd/utils/blockSceneModificationContext.h
[2022-11-04T19:27:46.444Z]     -- promoting: /home/S/jenkins/workspace/ECP/ecg-maya-usd/ecg-mayausd-branch-preflight-2023-python3-linux/ecg-maya-usd/maya-usd/lib/mayaUsd/utils/colorSpace.h
[2022-11-04T19:27:46.444Z]     -- promoting: /home/S/jenkins/workspace/ECP/ecg-maya-usd/ecg-mayausd-branch-preflight-2023-python3-linux/ecg-maya-usd/maya-usd/lib/mayaUsd/utils/customLayerData.h
[2022-11-04T19:27:46.444Z]     -- promoting: /home/S/jenkins/workspace/ECP/ecg-maya-usd/ecg-mayausd-branch-preflight-2023-python3-linux/ecg-maya-usd/maya-usd/lib/mayaUsd/utils/converter.h
[2022-11-04T19:27:46.444Z]     -- promoting: /home/S/jenkins/workspace/ECP/ecg-maya-usd/ecg-mayausd-branch-preflight-2023-python3-linux/ecg-maya-usd/maya-usd/lib/mayaUsd/utils/diagnosticDelegate.h
[2022-11-04T19:27:46.444Z]     -- promoting: /home/S/jenkins/workspace/ECP/ecg-maya-usd/ecg-mayausd-branch-preflight-2023-python3-linux/ecg-maya-usd/maya-usd/lib/mayaUsd/utils/dynamicAttribute.h
[2022-11-04T19:27:46.444Z]     -- promoting: /home/S/jenkins/workspace/ECP/ecg-maya-usd/ecg-mayausd-branch-preflight-2023-python3-linux/ecg-maya-usd/maya-usd/lib/mayaUsd/utils/editability.h
[2022-11-04T19:27:46.444Z]     -- promoting: /home/S/jenkins/workspace/ECP/ecg-maya-usd/ecg-mayausd-branch-preflight-2023-python3-linux/ecg-maya-usd/maya-usd/lib/mayaUsd/utils/editRouter.h
[2022-11-04T19:27:46.444Z]     -- promoting: /home/S/jenkins/workspace/ECP/ecg-maya-usd/ecg-mayausd-branch-preflight-2023-python3-linux/ecg-maya-usd/maya-usd/lib/mayaUsd/utils/hash.h
[2022-11-04T19:27:46.444Z]     -- promoting: /home/S/jenkins/workspace/ECP/ecg-maya-usd/ecg-mayausd-branch-preflight-2023-python3-linux/ecg-maya-usd/maya-usd/lib/mayaUsd/utils/layerMuting.h
[2022-11-04T19:27:46.444Z]     -- promoting: /home/S/jenkins/workspace/ECP/ecg-maya-usd/ecg-mayausd-branch-preflight-2023-python3-linux/ecg-maya-usd/maya-usd/lib/mayaUsd/utils/loadRules.h
[2022-11-04T19:27:46.444Z]     -- promoting: /home/S/jenkins/workspace/ECP/ecg-maya-usd/ecg-mayausd-branch-preflight-2023-python3-linux/ecg-maya-usd/maya-usd/lib/mayaUsd/utils/query.h
[2022-11-04T19:27:46.444Z]     -- promoting: /home/S/jenkins/workspace/ECP/ecg-maya-usd/ecg-mayausd-branch-preflight-2023-python3-linux/ecg-maya-usd/maya-usd/lib/mayaUsd/utils/plugRegistryHelper.h
[2022-11-04T19:27:46.444Z]     -- promoting: /home/S/jenkins/workspace/ECP/ecg-maya-usd/ecg-mayausd-branch-preflight-2023-python3-linux/ecg-maya-usd/maya-usd/lib/mayaUsd/utils/progressBarScope.h
[2022-11-04T19:27:46.444Z]     -- promoting: /home/S/jenkins/workspace/ECP/ecg-maya-usd/ecg-mayausd-branch-preflight-2023-python3-linux/ecg-maya-usd/maya-usd/lib/mayaUsd/utils/selectability.h
[2022-11-04T19:27:46.444Z]     -- promoting: /home/S/jenkins/workspace/ECP/ecg-maya-usd/ecg-mayausd-branch-preflight-2023-python3-linux/ecg-maya-usd/maya-usd/lib/mayaUsd/utils/stageCache.h
[2022-11-04T19:27:46.444Z]     -- promoting: /home/S/jenkins/workspace/ECP/ecg-maya-usd/ecg-mayausd-branch-preflight-2023-python3-linux/ecg-maya-usd/maya-usd/lib/mayaUsd/utils/traverseLayer.h
[2022-11-04T19:27:46.444Z]     -- promoting: /home/S/jenkins/workspace/ECP/ecg-maya-usd/ecg-mayausd-branch-preflight-2023-python3-linux/ecg-maya-usd/maya-usd/lib/mayaUsd/utils/undoHelperCommand.h
[2022-11-04T19:27:46.444Z]     -- promoting: /home/S/jenkins/workspace/ECP/ecg-maya-usd/ecg-mayausd-branch-preflight-2023-python3-linux/ecg-maya-usd/maya-usd/lib/mayaUsd/utils/util.h
[2022-11-04T19:27:46.444Z]     -- promoting: /home/S/jenkins/workspace/ECP/ecg-maya-usd/ecg-mayausd-branch-preflight-2023-python3-linux/ecg-maya-usd/maya-usd/lib/mayaUsd/utils/utilDictionary.h
[2022-11-04T19:27:46.444Z]     -- promoting: /home/S/jenkins/workspace/ECP/ecg-maya-usd/ecg-mayausd-branch-preflight-2023-python3-linux/ecg-maya-usd/maya-usd/lib/mayaUsd/utils/utilFileSystem.h
[2022-11-04T19:27:46.444Z]     -- promoting: /home/S/jenkins/workspace/ECP/ecg-maya-usd/ecg-mayausd-branch-preflight-2023-python3-linux/ecg-maya-usd/maya-usd/lib/mayaUsd/utils/utilSerialization.h
[2022-11-04T19:27:46.444Z]     -- promoting: /home/S/jenkins/workspace/ECP/ecg-maya-usd/ecg-mayausd-branch-preflight-2023-python3-linux/ecg-maya-usd/maya-usd/lib/mayaUsd/utils/variants.h
[2022-11-04T19:27:46.444Z]     -- promoting: /home/S/jenkins/workspace/ECP/ecg-maya-usd/ecg-mayausd-branch-preflight-2023-python3-linux/ecg-maya-usd/maya-usd/lib/mayaUsd/render/mayaToHydra/utils.h
[2022-11-04T19:27:46.444Z]     -- promoting: /home/S/jenkins/workspace/ECP/ecg-maya-usd/ecg-mayausd-branch-preflight-2023-python3-linux/ecg-maya-usd/maya-usd/lib/usd/hdMaya/api.h
[2022-11-04T19:27:46.444Z]     -- promoting: /home/S/jenkins/workspace/ECP/ecg-maya-usd/ecg-mayausd-branch-preflight-2023-python3-linux/ecg-maya-usd/maya-usd/lib/usd/hdMaya/utils.h
[2022-11-04T19:27:46.444Z]     -- promoting: /home/S/jenkins/workspace/ECP/ecg-maya-usd/ecg-mayausd-branch-preflight-2023-python3-linux/ecg-maya-usd/maya-usd/lib/usd/hdMaya/debugCodes.h
[2022-11-04T19:27:46.444Z]     -- promoting: /home/S/jenkins/workspace/ECP/ecg-maya-usd/ecg-mayausd-branch-preflight-2023-python3-linux/ecg-maya-usd/maya-usd/lib/usd/hdMaya/adapters/adapter.h
[2022-11-04T19:27:46.444Z]     -- promoting: /home/S/jenkins/workspace/ECP/ecg-maya-usd/ecg-mayausd-branch-preflight-2023-python3-linux/ecg-maya-usd/maya-usd/lib/usd/hdMaya/adapters/adapterDebugCodes.h
[2022-11-04T19:27:46.444Z]     -- promoting: /home/S/jenkins/workspace/ECP/ecg-maya-usd/ecg-mayausd-branch-preflight-2023-python3-linux/ecg-maya-usd/maya-usd/lib/usd/hdMaya/adapters/adapterRegistry.h
[2022-11-04T19:27:46.444Z]     -- promoting: /home/S/jenkins/workspace/ECP/ecg-maya-usd/ecg-mayausd-branch-preflight-2023-python3-linux/ecg-maya-usd/maya-usd/lib/usd/hdMaya/adapters/cameraAdapter.h
[2022-11-04T19:27:46.444Z]     -- promoting: /home/S/jenkins/workspace/ECP/ecg-maya-usd/ecg-mayausd-branch-preflight-2023-python3-linux/ecg-maya-usd/maya-usd/lib/usd/hdMaya/adapters/constantShadowMatrix.h
[2022-11-04T19:27:46.444Z]     -- promoting: /home/S/jenkins/workspace/ECP/ecg-maya-usd/ecg-mayausd-branch-preflight-2023-python3-linux/ecg-maya-usd/maya-usd/lib/usd/hdMaya/adapters/dagAdapter.h
[2022-11-04T19:27:46.444Z]     -- promoting: /home/S/jenkins/workspace/ECP/ecg-maya-usd/ecg-mayausd-branch-preflight-2023-python3-linux/ecg-maya-usd/maya-usd/lib/usd/hdMaya/adapters/lightAdapter.h
[2022-11-04T19:27:46.444Z]     -- promoting: /home/S/jenkins/workspace/ECP/ecg-maya-usd/ecg-mayausd-branch-preflight-2023-python3-linux/ecg-maya-usd/maya-usd/lib/usd/hdMaya/adapters/proxyAdapter.h
[2022-11-04T19:27:46.444Z]     -- promoting: /home/S/jenkins/workspace/ECP/ecg-maya-usd/ecg-mayausd-branch-preflight-2023-python3-linux/ecg-maya-usd/maya-usd/lib/usd/hdMaya/adapters/materialAdapter.h
[2022-11-04T19:27:46.444Z]     -- promoting: /home/S/jenkins/workspace/ECP/ecg-maya-usd/ecg-mayausd-branch-preflight-2023-python3-linux/ecg-maya-usd/maya-usd/lib/usd/hdMaya/adapters/materialNetworkConverter.h
[2022-11-04T19:27:46.444Z]     -- promoting: /home/S/jenkins/workspace/ECP/ecg-maya-usd/ecg-mayausd-branch-preflight-2023-python3-linux/ecg-maya-usd/maya-usd/lib/usd/hdMaya/adapters/mayaAttrs.h
[2022-11-04T19:27:46.444Z]     -- promoting: /home/S/jenkins/workspace/ECP/ecg-maya-usd/ecg-mayausd-branch-preflight-2023-python3-linux/ecg-maya-usd/maya-usd/lib/usd/hdMaya/adapters/shapeAdapter.h
[2022-11-04T19:27:46.444Z]     -- promoting: /home/S/jenkins/workspace/ECP/ecg-maya-usd/ecg-mayausd-branch-preflight-2023-python3-linux/ecg-maya-usd/maya-usd/lib/usd/hdMaya/adapters/tokens.h
[2022-11-04T19:27:46.444Z]     -- promoting: /home/S/jenkins/workspace/ECP/ecg-maya-usd/ecg-mayausd-branch-preflight-2023-python3-linux/ecg-maya-usd/maya-usd/lib/usd/hdMaya/delegates/delegate.h
[2022-11-04T19:27:46.444Z]     -- promoting: /home/S/jenkins/workspace/ECP/ecg-maya-usd/ecg-mayausd-branch-preflight-2023-python3-linux/ecg-maya-usd/maya-usd/lib/usd/hdMaya/delegates/delegateCtx.h
[2022-11-04T19:27:46.444Z]     -- promoting: /home/S/jenkins/workspace/ECP/ecg-maya-usd/ecg-mayausd-branch-preflight-2023-python3-linux/ecg-maya-usd/maya-usd/lib/usd/hdMaya/delegates/delegateDebugCodes.h
[2022-11-04T19:27:46.444Z]     -- promoting: /home/S/jenkins/workspace/ECP/ecg-maya-usd/ecg-mayausd-branch-preflight-2023-python3-linux/ecg-maya-usd/maya-usd/lib/usd/hdMaya/delegates/delegateRegistry.h
[2022-11-04T19:27:46.444Z]     -- promoting: /home/S/jenkins/workspace/ECP/ecg-maya-usd/ecg-mayausd-branch-preflight-2023-python3-linux/ecg-maya-usd/maya-usd/lib/usd/hdMaya/delegates/params.h
[2022-11-04T19:27:46.444Z]     -- promoting: /home/S/jenkins/workspace/ECP/ecg-maya-usd/ecg-mayausd-branch-preflight-2023-python3-linux/ecg-maya-usd/maya-usd/lib/usd/hdMaya/delegates/proxyDelegate.h
[2022-11-04T19:27:46.444Z]     -- promoting: /home/S/jenkins/workspace/ECP/ecg-maya-usd/ecg-mayausd-branch-preflight-2023-python3-linux/ecg-maya-usd/maya-usd/lib/usd/hdMaya/delegates/proxyUsdImagingDelegate.h
[2022-11-04T19:27:46.444Z]     -- promoting: /home/S/jenkins/workspace/ECP/ecg-maya-usd/ecg-mayausd-branch-preflight-2023-python3-linux/ecg-maya-usd/maya-usd/lib/usd/hdMaya/delegates/sceneDelegate.h
[2022-11-04T19:27:46.444Z]     -- promoting: /home/S/jenkins/workspace/ECP/ecg-maya-usd/ecg-mayausd-branch-preflight-2023-python3-linux/ecg-maya-usd/maya-usd/lib/usd/hdMaya/delegates/testDelegate.h
[2022-11-04T19:27:46.444Z]     -- promoting: /home/S/jenkins/workspace/ECP/ecg-maya-usd/ecg-mayausd-branch-preflight-2023-python3-linux/ecg-maya-usd/maya-usd/lib/usd/pxrUsdPreviewSurface/usdPreviewSurface.h
[2022-11-04T19:27:46.445Z]     -- promoting: /home/S/jenkins/workspace/ECP/ecg-maya-usd/ecg-mayausd-branch-preflight-2023-python3-linux/ecg-maya-usd/maya-usd/lib/usd/pxrUsdPreviewSurface/usdPreviewSurfacePlugin.h
[2022-11-04T19:27:46.445Z]     -- promoting: /home/S/jenkins/workspace/ECP/ecg-maya-usd/ecg-mayausd-branch-preflight-2023-python3-linux/ecg-maya-usd/maya-usd/lib/usd/schemas/api.h
[2022-11-04T19:27:46.445Z]     -- promoting: /home/S/jenkins/workspace/ECP/ecg-maya-usd/ecg-mayausd-branch-preflight-2023-python3-linux/ecg-maya-usd/maya-usd/lib/usd/schemas/ALMayaReference.h
[2022-11-04T19:27:46.445Z]     -- promoting: /home/S/jenkins/workspace/ECP/ecg-maya-usd/ecg-mayausd-branch-preflight-2023-python3-linux/ecg-maya-usd/maya-usd/lib/usd/schemas/MayaReference.h
[2022-11-04T19:27:46.445Z]     -- promoting: /home/S/jenkins/workspace/ECP/ecg-maya-usd/ecg-mayausd-branch-preflight-2023-python3-linux/ecg-maya-usd/maya-usd/lib/usd/schemas/tokens.h
[2022-11-04T19:27:46.445Z]     #################################################################################################
[2022-11-04T19:27:46.445Z]     #  USD_DISABLE_PRIM_DEFINITIONS_FOR_USDGENSCHEMA is overridden to 'true'.  Default is 'false'.  #
[2022-11-04T19:27:46.445Z]     #################################################################################################
[2022-11-04T19:27:46.956Z]     Processing schema classes:
[2022-11-04T19:27:46.956Z]     MayaReference, ALMayaReference
[2022-11-04T19:27:46.956Z]     Loading Templates from /local/S/jenkins/workspace/shared/Artifactory/Linux/USD/e2b89ce/lib/usd/usd/resources/codegenTemplates
[2022-11-04T19:27:46.956Z]     Writing API:
[2022-11-04T19:27:46.956Z]     	    wrote /home/S/jenkins/workspace/ECP/ecg-maya-usd/ecg-mayausd-branch-preflight-2023-python3-linux/build/RelWithDebInfo/lib/usd/schemas/api.h
[2022-11-04T19:27:46.956Z]     Writing Schema Tokens:
[2022-11-04T19:27:46.956Z]     	    wrote /home/S/jenkins/workspace/ECP/ecg-maya-usd/ecg-mayausd-branch-preflight-2023-python3-linux/build/RelWithDebInfo/lib/usd/schemas/tokens.h
[2022-11-04T19:27:46.956Z]     	    wrote /home/S/jenkins/workspace/ECP/ecg-maya-usd/ecg-mayausd-branch-preflight-2023-python3-linux/build/RelWithDebInfo/lib/usd/schemas/tokens.cpp
[2022-11-04T19:27:46.956Z]     	    wrote /home/S/jenkins/workspace/ECP/ecg-maya-usd/ecg-mayausd-branch-preflight-2023-python3-linux/build/RelWithDebInfo/lib/usd/schemas/wrapTokens.cpp
[2022-11-04T19:27:46.956Z]     Generating Classes:
[2022-11-04T19:27:46.956Z]     	    wrote /home/S/jenkins/workspace/ECP/ecg-maya-usd/ecg-mayausd-branch-preflight-2023-python3-linux/build/RelWithDebInfo/lib/usd/schemas/MayaReference.h
[2022-11-04T19:27:46.956Z]     	    wrote /home/S/jenkins/workspace/ECP/ecg-maya-usd/ecg-mayausd-branch-preflight-2023-python3-linux/build/RelWithDebInfo/lib/usd/schemas/MayaReference.cpp
[2022-11-04T19:27:46.956Z]     	    wrote /home/S/jenkins/workspace/ECP/ecg-maya-usd/ecg-mayausd-branch-preflight-2023-python3-linux/build/RelWithDebInfo/lib/usd/schemas/wrapMayaReference.cpp
[2022-11-04T19:27:46.956Z]     	    wrote /home/S/jenkins/workspace/ECP/ecg-maya-usd/ecg-mayausd-branch-preflight-2023-python3-linux/build/RelWithDebInfo/lib/usd/schemas/ALMayaReference.h
[2022-11-04T19:27:46.956Z]     	    wrote /home/S/jenkins/workspace/ECP/ecg-maya-usd/ecg-mayausd-branch-preflight-2023-python3-linux/build/RelWithDebInfo/lib/usd/schemas/ALMayaReference.cpp
[2022-11-04T19:27:46.956Z]     	    wrote /home/S/jenkins/workspace/ECP/ecg-maya-usd/ecg-mayausd-branch-preflight-2023-python3-linux/build/RelWithDebInfo/lib/usd/schemas/wrapALMayaReference.cpp
[2022-11-04T19:27:46.956Z]     Loading Templates from /local/S/jenkins/workspace/shared/Artifactory/Linux/USD/e2b89ce/lib/usd/usd/resources/codegenTemplates
[2022-11-04T19:27:46.956Z]     	    wrote /home/S/jenkins/workspace/ECP/ecg-maya-usd/ecg-mayausd-branch-preflight-2023-python3-linux/build/RelWithDebInfo/lib/usd/schemas/plugInfo.json
[2022-11-04T19:27:46.956Z]     Generating Schematics:
[2022-11-04T19:27:46.956Z]     	    wrote /home/S/jenkins/workspace/ECP/ecg-maya-usd/ecg-mayausd-branch-preflight-2023-python3-linux/build/RelWithDebInfo/lib/usd/schemas/generatedSchema.usda
[2022-11-04T19:27:46.956Z]     -- promoting: /home/S/jenkins/workspace/ECP/ecg-maya-usd/ecg-mayausd-branch-preflight-2023-python3-linux/ecg-maya-usd/maya-usd/lib/usd/utils/ALHalf.h
[2022-11-04T19:27:46.956Z]     -- promoting: /home/S/jenkins/workspace/ECP/ecg-maya-usd/ecg-mayausd-branch-preflight-2023-python3-linux/ecg-maya-usd/maya-usd/lib/usd/utils/Api.h
[2022-11-04T19:27:46.956Z]     -- promoting: /home/S/jenkins/workspace/ECP/ecg-maya-usd/ecg-mayausd-branch-preflight-2023-python3-linux/ecg-maya-usd/maya-usd/lib/usd/utils/DebugCodes.h
[2022-11-04T19:27:46.956Z]     -- promoting: /home/S/jenkins/workspace/ECP/ecg-maya-usd/ecg-mayausd-branch-preflight-2023-python3-linux/ecg-maya-usd/maya-usd/lib/usd/utils/DiffCore.h
[2022-11-04T19:27:46.956Z]     -- promoting: /home/S/jenkins/workspace/ECP/ecg-maya-usd/ecg-mayausd-branch-preflight-2023-python3-linux/ecg-maya-usd/maya-usd/lib/usd/utils/DiffPrims.h
[2022-11-04T19:27:46.956Z]     -- promoting: /home/S/jenkins/workspace/ECP/ecg-maya-usd/ecg-mayausd-branch-preflight-2023-python3-linux/ecg-maya-usd/maya-usd/lib/usd/utils/MergePrims.h
[2022-11-04T19:27:46.956Z]     -- promoting: /home/S/jenkins/workspace/ECP/ecg-maya-usd/ecg-mayausd-branch-preflight-2023-python3-linux/ecg-maya-usd/maya-usd/lib/usd/utils/MergePrimsOptions.h
[2022-11-04T19:27:46.956Z]     -- promoting: /home/S/jenkins/workspace/ECP/ecg-maya-usd/ecg-mayausd-branch-preflight-2023-python3-linux/ecg-maya-usd/maya-usd/lib/usd/utils/ForwardDeclares.h
[2022-11-04T19:27:46.956Z]     -- promoting: /home/S/jenkins/workspace/ECP/ecg-maya-usd/ecg-mayausd-branch-preflight-2023-python3-linux/ecg-maya-usd/maya-usd/lib/usd/utils/SIMD.h
[2022-11-04T19:27:46.956Z]     -- promoting: /home/S/jenkins/workspace/ECP/ecg-maya-usd/ecg-mayausd-branch-preflight-2023-python3-linux/ecg-maya-usd/maya-usd/lib/usd/utils/util.h
[2022-11-04T19:27:46.956Z]     -- promoting: /home/S/jenkins/workspace/ECP/ecg-maya-usd/ecg-mayausd-branch-preflight-2023-python3-linux/ecg-maya-usd/maya-usd/lib/usd/ui/importDialog/IMayaMQtUtil.h
[2022-11-04T19:27:46.956Z]     -- promoting: /home/S/jenkins/workspace/ECP/ecg-maya-usd/ecg-mayausd-branch-preflight-2023-python3-linux/ecg-maya-usd/maya-usd/lib/usd/ui/importDialog/ItemDelegate.h
[2022-11-04T19:27:46.956Z]     -- promoting: /home/S/jenkins/workspace/ECP/ecg-maya-usd/ecg-mayausd-branch-preflight-2023-python3-linux/ecg-maya-usd/maya-usd/lib/usd/ui/importDialog/IUSDImportView.h
[2022-11-04T19:27:46.956Z]     -- promoting: /home/S/jenkins/workspace/ECP/ecg-maya-usd/ecg-mayausd-branch-preflight-2023-python3-linux/ecg-maya-usd/maya-usd/lib/usd/ui/importDialog/TreeItem.h
[2022-11-04T19:27:46.956Z]     -- promoting: /home/S/jenkins/workspace/ECP/ecg-maya-usd/ecg-mayausd-branch-preflight-2023-python3-linux/ecg-maya-usd/maya-usd/lib/usd/ui/importDialog/TreeModel.h
[2022-11-04T19:27:46.956Z]     -- promoting: /home/S/jenkins/workspace/ECP/ecg-maya-usd/ecg-mayausd-branch-preflight-2023-python3-linux/ecg-maya-usd/maya-usd/lib/usd/ui/importDialog/TreeModelFactory.h
[2022-11-04T19:27:46.956Z]     -- promoting: /home/S/jenkins/workspace/ECP/ecg-maya-usd/ecg-mayausd-branch-preflight-2023-python3-linux/ecg-maya-usd/maya-usd/lib/usd/ui/importDialog/USDImportDialog.h
[2022-11-04T19:27:46.956Z]     -- promoting: /home/S/jenkins/workspace/ECP/ecg-maya-usd/ecg-mayausd-branch-preflight-2023-python3-linux/ecg-maya-usd/maya-usd/lib/usd/ui/importDialog/USDImportDialogCmd.h
[2022-11-04T19:27:46.956Z]     -- promoting: /home/S/jenkins/workspace/ECP/ecg-maya-usd/ecg-mayausd-branch-preflight-2023-python3-linux/ecg-maya-usd/maya-usd/lib/usd/ui/importDialog/USDQtUtil.h
[2022-11-04T19:27:46.956Z]     -- promoting: /home/S/jenkins/workspace/ECP/ecg-maya-usd/ecg-mayausd-branch-preflight-2023-python3-linux/ecg-maya-usd/maya-usd/lib/usd/ui/api.h
[2022-11-04T19:27:46.956Z]     -- promoting: /home/S/jenkins/workspace/ECP/ecg-maya-usd/ecg-mayausd-branch-preflight-2023-python3-linux/ecg-maya-usd/maya-usd/lib/usd/ui/initStringResources.h
[2022-11-04T19:27:46.956Z]     ========== Pixar USD Plugin ==========
[2022-11-04T19:27:46.956Z]     Compiling '/home/S/jenkins/workspace/ECP/ecg-maya-usd/ecg-mayausd-branch-preflight-2023-python3-linux/build/RelWithDebInfo/plugin/pxr/__init__.py'...
[2022-11-04T19:27:46.956Z]     ========== AL USD Plugin ==========
[2022-11-04T19:27:46.956Z]     CMake Deprecation Warning at plugin/al/CMakeLists.txt:7 (cmake_policy):
[2022-11-04T19:27:46.956Z]       The OLD behavior for policy CMP0026 will be removed from a future version
[2022-11-04T19:27:46.956Z]       of CMake.
[2022-11-04T19:27:46.956Z]     
[2022-11-04T19:27:46.956Z]       The cmake-policies(7) manual explains that the OLD behaviors of all
[2022-11-04T19:27:46.956Z]       policies are deprecated and that a policy should be set to OLD only under
[2022-11-04T19:27:46.956Z]       specific short-term circumstances.  Projects should be ported to the NEW
[2022-11-04T19:27:46.956Z]       behavior and not rely on setting a policy to OLD.
[2022-11-04T19:27:46.956Z]     
[2022-11-04T19:27:46.956Z]     
[2022-11-04T19:27:46.956Z]     -- Found Boost 1.70.0 at /local/S/jenkins/workspace/shared/Artifactory/Linux/USD/e2b89ce/lib/cmake/Boost-1.70.0
[2022-11-04T19:27:46.956Z]     --   Requested configuration: QUIET REQUIRED
[2022-11-04T19:27:46.956Z]     -- Found boost_headers 1.70.0 at /local/S/jenkins/workspace/shared/Artifactory/Linux/USD/e2b89ce/lib/cmake/boost_headers-1.70.0
[2022-11-04T19:27:46.956Z]     -- Found Boost: /local/S/jenkins/workspace/shared/Artifactory/Linux/USD/e2b89ce/lib/cmake/Boost-1.70.0/BoostConfig.cmake (found version "1.70.0")
[2022-11-04T19:27:46.956Z]     -- Found Boost 1.70.0 at /local/S/jenkins/workspace/shared/Artifactory/Linux/USD/e2b89ce/lib/cmake/Boost-1.70.0
[2022-11-04T19:27:46.956Z]     --   Requested configuration: QUIET REQUIRED COMPONENTS python
[2022-11-04T19:27:46.956Z]     -- Found boost_python 1.70.0 at /local/S/jenkins/workspace/shared/Artifactory/Linux/USD/e2b89ce/lib/cmake/boost_python-1.70.0
[2022-11-04T19:27:46.956Z]     --   libboost_python39.so.1.70.0
[2022-11-04T19:27:46.956Z]     -- Adding boost_python dependencies: headers
[2022-11-04T19:27:46.956Z]     -- Found Boost: /local/S/jenkins/workspace/shared/Artifactory/Linux/USD/e2b89ce/lib/cmake/Boost-1.70.0/BoostConfig.cmake (found version "1.70.0") found components: python
[2022-11-04T19:27:46.956Z]     -- Found GTest: /home/S/jenkins/workspace/ECP/ecg-maya-usd/ecg-mayausd-branch-preflight-2023-python3-linux/build/RelWithDebInfo/googletest-install/lib64/libgtest.so
[2022-11-04T19:27:46.956Z]     -- Building AL_USDMayaSchemas
[2022-11-04T19:27:46.956Z]     #################################################################################################
[2022-11-04T19:27:46.956Z]     #  USD_DISABLE_PRIM_DEFINITIONS_FOR_USDGENSCHEMA is overridden to 'true'.  Default is 'false'.  #
[2022-11-04T19:27:46.956Z]     #################################################################################################
[2022-11-04T19:27:47.751Z]     Processing schema classes:
[2022-11-04T19:27:47.751Z]     ALModelAPI, ALFrameRange
[2022-11-04T19:27:47.751Z]     Loading Templates from /local/S/jenkins/workspace/shared/Artifactory/Linux/USD/e2b89ce/lib/usd/usd/resources/codegenTemplates
[2022-11-04T19:27:47.751Z]     Writing API:
[2022-11-04T19:27:47.751Z]     	    wrote /home/S/jenkins/workspace/ECP/ecg-maya-usd/ecg-mayausd-branch-preflight-2023-python3-linux/build/RelWithDebInfo/plugin/al/schemas/AL/usd/schemas/maya/api.h
[2022-11-04T19:27:47.751Z]     Writing Schema Tokens:
[2022-11-04T19:27:47.751Z]     	    wrote /home/S/jenkins/workspace/ECP/ecg-maya-usd/ecg-mayausd-branch-preflight-2023-python3-linux/build/RelWithDebInfo/plugin/al/schemas/AL/usd/schemas/maya/tokens.h
[2022-11-04T19:27:47.751Z]     	    wrote /home/S/jenkins/workspace/ECP/ecg-maya-usd/ecg-mayausd-branch-preflight-2023-python3-linux/build/RelWithDebInfo/plugin/al/schemas/AL/usd/schemas/maya/tokens.cpp
[2022-11-04T19:27:47.751Z]     	    wrote /home/S/jenkins/workspace/ECP/ecg-maya-usd/ecg-mayausd-branch-preflight-2023-python3-linux/build/RelWithDebInfo/plugin/al/schemas/AL/usd/schemas/maya/wrapTokens.cpp
[2022-11-04T19:27:47.751Z]     Generating Classes:
[2022-11-04T19:27:47.751Z]     	    wrote /home/S/jenkins/workspace/ECP/ecg-maya-usd/ecg-mayausd-branch-preflight-2023-python3-linux/build/RelWithDebInfo/plugin/al/schemas/AL/usd/schemas/maya/ModelAPI.h
[2022-11-04T19:27:47.751Z]     	    wrote /home/S/jenkins/workspace/ECP/ecg-maya-usd/ecg-mayausd-branch-preflight-2023-python3-linux/build/RelWithDebInfo/plugin/al/schemas/AL/usd/schemas/maya/ModelAPI.cpp
[2022-11-04T19:27:47.751Z]     	    wrote /home/S/jenkins/workspace/ECP/ecg-maya-usd/ecg-mayausd-branch-preflight-2023-python3-linux/build/RelWithDebInfo/plugin/al/schemas/AL/usd/schemas/maya/wrapModelAPI.cpp
[2022-11-04T19:27:47.751Z]     	    wrote /home/S/jenkins/workspace/ECP/ecg-maya-usd/ecg-mayausd-branch-preflight-2023-python3-linux/build/RelWithDebInfo/plugin/al/schemas/AL/usd/schemas/maya/FrameRange.h
[2022-11-04T19:27:47.751Z]     	    wrote /home/S/jenkins/workspace/ECP/ecg-maya-usd/ecg-mayausd-branch-preflight-2023-python3-linux/build/RelWithDebInfo/plugin/al/schemas/AL/usd/schemas/maya/FrameRange.cpp
[2022-11-04T19:27:47.751Z]     	    wrote /home/S/jenkins/workspace/ECP/ecg-maya-usd/ecg-mayausd-branch-preflight-2023-python3-linux/build/RelWithDebInfo/plugin/al/schemas/AL/usd/schemas/maya/wrapFrameRange.cpp
[2022-11-04T19:27:47.751Z]     Loading Templates from /local/S/jenkins/workspace/shared/Artifactory/Linux/USD/e2b89ce/lib/usd/usd/resources/codegenTemplates
[2022-11-04T19:27:47.751Z]     	    wrote /home/S/jenkins/workspace/ECP/ecg-maya-usd/ecg-mayausd-branch-preflight-2023-python3-linux/build/RelWithDebInfo/plugin/al/schemas/AL/usd/schemas/maya/plugInfo.json
[2022-11-04T19:27:47.751Z]     Generating Schematics:
[2022-11-04T19:27:47.751Z]     	    wrote /home/S/jenkins/workspace/ECP/ecg-maya-usd/ecg-mayausd-branch-preflight-2023-python3-linux/build/RelWithDebInfo/plugin/al/schemas/AL/usd/schemas/maya/generatedSchema.usda
[2022-11-04T19:27:47.751Z]     #################################################################################################
[2022-11-04T19:27:47.751Z]     #  USD_DISABLE_PRIM_DEFINITIONS_FOR_USDGENSCHEMA is overridden to 'true'.  Default is 'false'.  #
[2022-11-04T19:27:47.751Z]     #################################################################################################
[2022-11-04T19:27:47.751Z]     Processing schema classes:
[2022-11-04T19:27:47.751Z]     ALExamplePolyCubeNode
[2022-11-04T19:27:47.751Z]     Loading Templates from /local/S/jenkins/workspace/shared/Artifactory/Linux/USD/e2b89ce/lib/usd/usd/resources/codegenTemplates
[2022-11-04T19:27:47.751Z]     Writing API:
[2022-11-04T19:27:47.751Z]     	    wrote /home/S/jenkins/workspace/ECP/ecg-maya-usd/ecg-mayausd-branch-preflight-2023-python3-linux/build/RelWithDebInfo/plugin/al/schemas/AL/usd/schemas/mayatest/api.h
[2022-11-04T19:27:47.751Z]     Writing Schema Tokens:
[2022-11-04T19:27:47.751Z]     	    wrote /home/S/jenkins/workspace/ECP/ecg-maya-usd/ecg-mayausd-branch-preflight-2023-python3-linux/build/RelWithDebInfo/plugin/al/schemas/AL/usd/schemas/mayatest/tokens.h
[2022-11-04T19:27:47.751Z]     	    wrote /home/S/jenkins/workspace/ECP/ecg-maya-usd/ecg-mayausd-branch-preflight-2023-python3-linux/build/RelWithDebInfo/plugin/al/schemas/AL/usd/schemas/mayatest/tokens.cpp
[2022-11-04T19:27:47.751Z]     	    wrote /home/S/jenkins/workspace/ECP/ecg-maya-usd/ecg-mayausd-branch-preflight-2023-python3-linux/build/RelWithDebInfo/plugin/al/schemas/AL/usd/schemas/mayatest/wrapTokens.cpp
[2022-11-04T19:27:47.751Z]     Generating Classes:
[2022-11-04T19:27:47.751Z]     	    wrote /home/S/jenkins/workspace/ECP/ecg-maya-usd/ecg-mayausd-branch-preflight-2023-python3-linux/build/RelWithDebInfo/plugin/al/schemas/AL/usd/schemas/mayatest/ExamplePolyCubeNode.h
[2022-11-04T19:27:47.751Z]     	    wrote /home/S/jenkins/workspace/ECP/ecg-maya-usd/ecg-mayausd-branch-preflight-2023-python3-linux/build/RelWithDebInfo/plugin/al/schemas/AL/usd/schemas/mayatest/ExamplePolyCubeNode.cpp
[2022-11-04T19:27:47.751Z]     	    wrote /home/S/jenkins/workspace/ECP/ecg-maya-usd/ecg-mayausd-branch-preflight-2023-python3-linux/build/RelWithDebInfo/plugin/al/schemas/AL/usd/schemas/mayatest/wrapExamplePolyCubeNode.cpp
[2022-11-04T19:27:47.751Z]     Loading Templates from /local/S/jenkins/workspace/shared/Artifactory/Linux/USD/e2b89ce/lib/usd/usd/resources/codegenTemplates
[2022-11-04T19:27:47.751Z]     	    wrote /home/S/jenkins/workspace/ECP/ecg-maya-usd/ecg-mayausd-branch-preflight-2023-python3-linux/build/RelWithDebInfo/plugin/al/schemas/AL/usd/schemas/mayatest/plugInfo.json
[2022-11-04T19:27:47.751Z]     Generating Schematics:
[2022-11-04T19:27:47.751Z]     	    wrote /home/S/jenkins/workspace/ECP/ecg-maya-usd/ecg-mayausd-branch-preflight-2023-python3-linux/build/RelWithDebInfo/plugin/al/schemas/AL/usd/schemas/mayatest/generatedSchema.usda
[2022-11-04T19:27:47.751Z]     -- Building AL_USDMayaTranslators
[2022-11-04T19:27:47.751Z]     ========== ADSK USD Plugin ==========
[2022-11-04T19:27:47.751Z]     -- Configuring done
[2022-11-04T19:27:48.329Z]     -- Generating done
[2022-11-04T19:27:48.329Z]     -- Build files have been written to: /home/S/jenkins/workspace/ECP/ecg-maya-usd/ecg-mayausd-branch-preflight-2023-python3-linux/build/RelWithDebInfo
[2022-11-04T19:27:48.329Z]     
[2022-11-04T19:27:48.329Z]         Building with settings:
[2022-11-04T19:27:48.329Z]           Source directory          /home/S/jenkins/workspace/ECP/ecg-maya-usd/ecg-mayausd-branch-preflight-2023-python3-linux/ecg-maya-usd/maya-usd
[2022-11-04T19:27:48.329Z]           Workspace directory       /local/S/jenkins/workspace/ECP/ecg-maya-usd/ecg-mayausd-branch-preflight-2023-python3-linux
[2022-11-04T19:27:48.329Z]           Build directory           /local/S/jenkins/workspace/ECP/ecg-maya-usd/ecg-mayausd-branch-preflight-2023-python3-linux/build/RelWithDebInfo
[2022-11-04T19:27:48.329Z]           Install directory         /local/S/jenkins/workspace/ECP/ecg-maya-usd/ecg-mayausd-branch-preflight-2023-python3-linux/install/RelWithDebInfo/MayaUSD
[2022-11-04T19:27:48.329Z]           Variant                   RelWithDebInfo
[2022-11-04T19:27:48.329Z]           Python Debug              Off
[2022-11-04T19:27:48.329Z]           CMake generator           Ninja
[2022-11-04T19:27:48.329Z]           Build arguments           ['-DCMAKE_MAKE_PROGRAM=/local/S/jenkins/workspace/shared/Artifactory/Linux/ninja/1.9.0/aca9939/ninja', '-DPYTHON_INCLUDE_DIR=/local/S/jenkins/workspace/shared/Artifactory/Linux/rundev-2023/202211021415/runtime/49a55b4/runTime/include/Python39/Python', '-DPython_EXECUTABLE=/local/S/jenkins/workspace/shared/Artifactory/Linux/rundev-2023/202211021415/runtime/49a55b4/runTime/bin/mayapy', '-DPYTHON_LIBRARIES=/local/S/jenkins/workspace/shared/Artifactory/Linux/rundev-2023/202211021415/runtime/49a55b4/runTime/lib/libpython3.9.so.1.0', '-DBUILD_WITH_PYTHON_3=ON', '-DBUILD_WITH_PYTHON_3_VERSION=3.9', '-DUSD_LIB_PREFIX=lib', '-DCMAKE_WANT_MATERIALX_BUILD=ON', '-DCMAKE_PREFIX_PATH=/local/S/jenkins/workspace/shared/Artifactory/Linux/USD/e2b89ce']
[2022-11-04T19:27:48.329Z]           Stages arguments          ['configure']
[2022-11-04T19:27:48.329Z]           CTest arguments           ['-E testUsdReferenceAssemblySelection|testUsdMayaAppDir', '-LE interactive', '--parallel 16']
[2022-11-04T19:27:48.329Z]     Success MayaUSD build and install !!!!
[2022-11-04T19:27:48.329Z]     Elapsed time: 00:00:13
[Pipeline] }
[Pipeline] // withEnv
[Pipeline] }
[Pipeline] // timeout
[Pipeline] }
[Pipeline] // stage
[Pipeline] }
[Pipeline] // timestamps
[Pipeline] timestamps
[Pipeline] {
[Pipeline] stage
[Pipeline] { (Build)
[Pipeline] timeout
[2022-11-04T19:27:48.579Z] Timeout set to expire in 6 hr 0 min
[Pipeline] {
[Pipeline] withEnv
[Pipeline] {
[Pipeline] sh
[2022-11-04T19:27:49.696Z] + scl enable devtoolset-6 -
[2022-11-04T19:27:49.696Z] python ecg-maya-usd/build.py --stages=build --workspace-dir=/local/S/jenkins/workspace/ECP/ecg-maya-usd/ecg-mayausd-branch-preflight-2023-python3-linux --artifactory-dir=/local/S/jenkins/workspace/shared/Artifactory --build-dir=/local/S/jenkins/workspace/ECP/ecg-maya-usd/ecg-mayausd-branch-preflight-2023-python3-linux/build --install-dir=/local/S/jenkins/workspace/ECP/ecg-maya-usd/ecg-mayausd-branch-preflight-2023-python3-linux/install --signing-dir=/local/S/jenkins/workspace/ECP/ecg-maya-usd/ecg-mayausd-branch-preflight-2023-python3-linux/signing --package-dir=/local/S/jenkins/workspace/ECP/ecg-maya-usd/ecg-mayausd-branch-preflight-2023-python3-linux/package --output-dir=/local/S/jenkins/workspace/ECP/ecg-maya-usd/ecg-mayausd-branch-preflight-2023-python3-linux/output --stash-dir=/local/S/jenkins/workspace/ECP/ecg-maya-usd/ecg-mayausd-branch-preflight-2023-python3-linux/stash --jenkins-build=420 --git-commit=42bd1fd0fe6e3a2e14f6b5292af1eb65646d9e11 --git-branch=master --variants=RelWithDebInfo --python=3.9 --post-zips=false --build-retry=3 --maya-cut-config=maya-rundev-2023.yaml --maya-package=rundev-2023 --stage-banner
[2022-11-04T19:27:49.696Z] Using Maya cut from /local/S/jenkins/workspace/shared/Artifactory/Linux/rundev-2023/202211021415/runtime/49a55b4
[2022-11-04T19:27:49.696Z] 
[2022-11-04T19:27:49.696Z] ================================================================================
[2022-11-04T19:27:49.696Z]                              build (RelWithDebInfo)
[2022-11-04T19:27:49.696Z] ================================================================================
[2022-11-04T19:27:49.696Z] Maya Python RelWithDebInfo Info:
[2022-11-04T19:27:49.696Z]   mayapy executable   = /local/S/jenkins/workspace/shared/Artifactory/Linux/rundev-2023/202211021415/runtime/49a55b4/runTime/bin/mayapy
[2022-11-04T19:27:49.696Z]   Include Folder      = /local/S/jenkins/workspace/shared/Artifactory/Linux/rundev-2023/202211021415/runtime/49a55b4/runTime/include/Python39/Python
[2022-11-04T19:27:49.696Z]   Library             = /local/S/jenkins/workspace/shared/Artifactory/Linux/rundev-2023/202211021415/runtime/49a55b4/runTime/lib/libpython3.9.so.1.0
[2022-11-04T19:27:49.696Z]   site-package Folder = /local/S/jenkins/workspace/shared/Artifactory/Linux/rundev-2023/202211021415/runtime/49a55b4/runTime/lib/python3.9/site-packages
[2022-11-04T19:27:50.321Z] In workdir: /home/S/jenkins/workspace/ECP/ecg-maya-usd/ecg-mayausd-branch-preflight-2023-python3-linux/ecg-maya-usd/maya-usd
[2022-11-04T19:27:50.321Z] Executing: /local/S/jenkins/workspace/shared/Artifactory/Linux/rundev-2023/202211021415/runtime/49a55b4/runTime/bin/mayapy /home/S/jenkins/workspace/ECP/ecg-maya-usd/ecg-mayausd-branch-preflight-2023-python3-linux/ecg-maya-usd/maya-usd/build.py --generator Ninja --build-relwithdebug --maya-location /local/S/jenkins/workspace/shared/Artifactory/Linux/rundev-2023/202211021415/runtime/49a55b4/runTime --devkit-location /local/S/jenkins/workspace/shared/Artifactory/Linux/rundev-2023/202211021415/runtime/49a55b4/devkitBase --pxrusd-location /local/S/jenkins/workspace/shared/Artifactory/Linux/USD/e2b89ce --qt-location /local/S/jenkins/workspace/shared/Artifactory/Linux/qt/5.15.2/95656d9 --build-args=-DCMAKE_MAKE_PROGRAM=/local/S/jenkins/workspace/shared/Artifactory/Linux/ninja/1.9.0/aca9939/ninja,-DPYTHON_INCLUDE_DIR=/local/S/jenkins/workspace/shared/Artifactory/Linux/rundev-2023/202211021415/runtime/49a55b4/runTime/include/Python39/Python,-DPython_EXECUTABLE=/local/S/jenkins/workspace/shared/Artifactory/Linux/rundev-2023/202211021415/runtime/49a55b4/runTime/bin/mayapy,-DPYTHON_LIBRARIES=/local/S/jenkins/workspace/shared/Artifactory/Linux/rundev-2023/202211021415/runtime/49a55b4/runTime/lib/libpython3.9.so.1.0,-DBUILD_WITH_PYTHON_3=ON,-DBUILD_WITH_PYTHON_3_VERSION=3.9,-DUSD_LIB_PREFIX=lib,-DCMAKE_WANT_MATERIALX_BUILD=ON,-DCMAKE_PREFIX_PATH=/local/S/jenkins/workspace/shared/Artifactory/Linux/USD/e2b89ce '--ctest-args=-E testUsdReferenceAssemblySelection|testUsdMayaAppDir,-LE interactive,--parallel 16' --stages=build --redirect-outstream-file=False --install-location /local/S/jenkins/workspace/ECP/ecg-maya-usd/ecg-mayausd-branch-preflight-2023-python3-linux/install/RelWithDebInfo/MayaUSD /local/S/jenkins/workspace/ECP/ecg-maya-usd/ecg-mayausd-branch-preflight-2023-python3-linux
[2022-11-04T19:27:50.321Z] Modified environment variables:
[2022-11-04T19:27:50.321Z]     PATH=/local/S/jenkins/workspace/shared/Artifactory/Linux/cmake/3.20.3/ab685d7/bin:/opt/rh/devtoolset-6/root/usr/bin:/usr/local/bin:/usr/bin
[2022-11-04T19:27:50.321Z]     LD_LIBRARY_PATH=/opt/rh/devtoolset-6/root/usr/lib64:/opt/rh/devtoolset-6/root/usr/lib64:/opt/rh/devtoolset-6/root/usr/lib
[2022-11-04T19:27:51.234Z]     [1/656] Building CXX object test/lib/usd/plugin/CMakeFiles/usdTestMayaPlugin.dir/plugin.cpp.o
[2022-11-04T19:27:51.234Z]     [2/656] Building CXX object test/lib/usd/plugin/CMakeFiles/usdTestInfoImportChaser.dir/plugin.cpp.o
[2022-11-04T19:27:51.234Z]     [3/656] Building CXX object test/lib/usd/plugin/CMakeFiles/usdTestApiWriter.dir/plugin.cpp.o
[2022-11-04T19:27:51.234Z]     [4/656] Building CXX object test/lib/usd/utils/CMakeFiles/testDiffValues.dir/main.cpp.o
[2022-11-04T19:27:53.262Z]     [5/656] Building CXX object test/lib/usd/utils/CMakeFiles/testDiffCore.dir/test_DiffCore.cpp.o
[2022-11-04T19:27:53.884Z]     [6/656] Building CXX object test/lib/usd/utils/CMakeFiles/testDiffCore.dir/main.cpp.o
[2022-11-04T19:27:55.890Z]     [7/656] Building CXX object test/lib/usd/plugin/CMakeFiles/usdTestInfoImportChaser.dir/infoImportChaser.cpp.o
[2022-11-04T19:27:56.671Z]     [8/656] Building CXX object test/lib/usd/plugin/CMakeFiles/usdTestMayaPlugin.dir/mayaShaderTranslation.cpp.o
[2022-11-04T19:27:56.671Z]     [9/656] Building CXX object test/lib/usd/plugin/CMakeFiles/usdTestUsdPlugin.dir/mayaShaderTranslation.cpp.o
[2022-11-04T19:27:57.271Z]     [10/656] Building CXX object test/lib/usd/utils/CMakeFiles/testDiffAttributes.dir/main.cpp.o
[2022-11-04T19:27:57.271Z]     [11/656] Building CXX object test/lib/usd/plugin/CMakeFiles/usdTestApiWriter.dir/nullApiExporter.cpp.o
[2022-11-04T19:27:57.271Z]     [12/656] Building CXX object test/lib/usd/utils/CMakeFiles/testDiffValues.dir/test_DiffValuesMatrices.cpp.o
[2022-11-04T19:27:57.271Z]     [13/656] Building CXX object test/lib/usd/utils/CMakeFiles/testDiffValues.dir/test_DiffValues.cpp.o
[2022-11-04T19:27:57.878Z]     [14/656] Building CXX object test/lib/usd/utils/CMakeFiles/testDiffValues.dir/test_DiffValuesIntVecs.cpp.o
[2022-11-04T19:27:57.878Z]     [15/656] Building CXX object test/lib/usd/utils/CMakeFiles/testDiffLists.dir/main.cpp.o
[2022-11-04T19:27:57.878Z]     [16/656] Building CXX object test/lib/usd/utils/CMakeFiles/testDiffValues.dir/test_DiffValuesGeneric.cpp.o
[2022-11-04T19:27:57.878Z]     [17/656] Building CXX object test/lib/usd/utils/CMakeFiles/testDiffMetadatas.dir/main.cpp.o
[2022-11-04T19:27:57.878Z]     [18/656] Building CXX object test/lib/usd/plugin/CMakeFiles/usdTestApiWriter.dir/bulletAdaptor.cpp.o
[2022-11-04T19:27:57.878Z]     [19/656] Building CXX object test/lib/usd/utils/CMakeFiles/testDiffValues.dir/test_DiffValuesQuaternions.cpp.o
[2022-11-04T19:27:58.411Z]     [20/656] Building CXX object test/lib/usd/utils/CMakeFiles/testDiffDictionaries.dir/main.cpp.o
[2022-11-04T19:27:58.411Z]     [21/656] Building CXX object test/lib/usd/utils/CMakeFiles/testDiffRelationships.dir/main.cpp.o
[2022-11-04T19:27:58.411Z]     [22/656] Building CXX object test/lib/usd/utils/CMakeFiles/testDiffComputeOverall.dir/main.cpp.o
[2022-11-04T19:27:58.411Z]     [23/656] Building CXX object test/lib/usd/utils/CMakeFiles/testDiffPrims.dir/main.cpp.o
[2022-11-04T19:27:59.010Z]     [24/656] Building CXX object test/lib/usd/utils/CMakeFiles/testDiffValues.dir/test_DiffValuesArrays.cpp.o
[2022-11-04T19:27:59.010Z]     [25/656] Building CXX object test/lib/usd/utils/CMakeFiles/testMergePrims.dir/main.cpp.o
[2022-11-04T19:27:59.690Z]     [26/656] Building CXX object test/lib/usd/utils/CMakeFiles/testDiffValues.dir/test_DiffValuesFloatVecs.cpp.o
[2022-11-04T19:27:59.690Z]     [27/656] Building CXX object test/lib/usd/utils/CMakeFiles/testDiffValues.dir/test_DiffValuesDoubleVecs.cpp.o
[2022-11-04T19:27:59.690Z]     [28/656] Building CXX object test/lib/usd/utils/CMakeFiles/testDiffValues.dir/test_DiffValuesHalfVecs.cpp.o
[2022-11-04T19:27:59.690Z]     [29/656] Building CXX object lib/mayaUsd/CMakeFiles/mayaUsd.dir/base/tokens.cpp.o
[2022-11-04T19:27:59.690Z]     [30/656] Building CXX object lib/mayaUsd/CMakeFiles/mayaUsd.dir/base/debugCodes.cpp.o
[2022-11-04T19:28:00.297Z]     [31/656] Building CXX object test/lib/usd/utils/CMakeFiles/testDiffMetadatas.dir/test_DiffMetadatas.cpp.o
[2022-11-04T19:28:01.564Z]     [32/656] Building CXX object lib/mayaUsd/CMakeFiles/mayaUsd.dir/fileio/jobs/jobArgs.cpp.o
[2022-11-04T19:28:02.223Z]     [33/656] Building CXX object test/lib/usd/utils/CMakeFiles/testDiffAttributes.dir/test_DiffAttributes.cpp.o
[2022-11-04T19:28:04.219Z]     [34/656] Building CXX object test/lib/usd/utils/CMakeFiles/testDiffDictionaries.dir/test_DiffDictionaries.cpp.o
[2022-11-04T19:28:04.219Z]     [35/656] Building CXX object test/lib/usd/utils/CMakeFiles/testDiffRelationships.dir/test_DiffRelationships.cpp.o
[2022-11-04T19:28:04.219Z]     [36/656] Building CXX object test/lib/usd/utils/CMakeFiles/testDiffComputeOverall.dir/test_DiffComputeOverall.cpp.o
[2022-11-04T19:28:04.777Z]     [37/656] Building CXX object test/lib/usd/utils/CMakeFiles/testDiffPrims.dir/test_DiffPrimsAttributes.cpp.o
[2022-11-04T19:28:04.777Z]     [38/656] Building CXX object lib/mayaUsd/CMakeFiles/mayaUsd.dir/commands/PullPushCommands.cpp.o
[2022-11-04T19:28:04.777Z]     FAILED: lib/mayaUsd/CMakeFiles/mayaUsd.dir/commands/PullPushCommands.cpp.o
[2022-11-04T19:28:04.777Z]     /opt/rh/devtoolset-6/root/usr/bin/c++ -DBUILD_HDMAYA -DGLX_GLXEXT_PROTOTYPES -DGL_GLEXT_PROTOTYPES -DHAS_DEFAULT_MATERIAL_SUPPORT_API=1 -DHAS_ORPHANED_NODES_MANAGER=1 -DLINUX -DMATERIALX_BUILD_SHARED_LIBS -DMAYAUSD_CORE_EXPORT -DMAYAUSD_MACROS_EXPORT -DMAYAUSD_VERSION=0.21.0 -DMAYA_ARRAY_ITERATOR_DIFFERENCE_TYPE_SUPPORT=1 -DMAYA_CURRENT_UFE_CAMERA_SUPPORT=1 -DMAYA_ENABLE_NEW_PRIM_DELETE -DMAYA_HAS_CRASH_DETECTION=1 -DMAYA_HAS_DISPLAY_LAYER_API=1 -DMAYA_HAS_DISPLAY_STYLE_ALL_VIEWPORTS=1 -DMAYA_HAS_GET_MEMBER_PATHS=1 -DMAYA_HAS_NEW_DISPLAY_LAYER_MESSAGING_API=1 -DMAYA_HAS_RENDER_ITEM_HIDE_ON_PLAYBACK_API=1 -DMAYA_LIGHTAPI_VERSION_2=3 -DMAYA_MRENDERITEM_UFE_IDENTIFIER_SUPPORT=1 -DMAYA_NEW_POINT_SNAPPING_SUPPORT=1 -DMAYA_PY_VERSION=3 -DMAYA_UPDATE_UFE_IDENTIFIER_SUPPORT=1 -DMAYA_USD_VERSION=0.21.11 -DMFB_ALT_PACKAGE_NAME=\"mayaUsd\" -DMFB_PACKAGE_MODULE=\"mayaUsd\" -DMFB_PACKAGE_NAME=\"mayaUsd\" -DMaterialX_DIR=\"/local/S/jenkins/workspace/shared/Artifactory/Linux/USD/e2b89ce/lib/cmake/MaterialX\" -DPXR_PLUGINPATH_NAME=PXR_PLUGINPATH_NAME -DPXR_PYTHON_ENABLED=1 -DTBB_SUPPRESS_DEPRECATED_MESSAGES -DWANT_MATERIALX_BUILD -DWANT_QT_BUILD -D_GLIBCXX_USE_CXX11_ABI=0 -DmayaUsd_EXPORTS -I/local/S/jenkins/workspace/shared/Artifactory/Linux/rundev-2023/202211021415/runtime/49a55b4/runTime/include -Iinclude -I_deps/gulrak-src/include -isystem /local/S/jenkins/workspace/shared/Artifactory/Linux/USD/e2b89ce/include -isystem /local/S/jenkins/workspace/shared/Artifactory/Linux/rundev-2023/202211021415/runtime/49a55b4/runTime/include/Python39/Python -O2 -g -DNDEBUG -fPIC -Wall -Werror -msse4.2 -Wno-deprecated -Wno-deprecated-declarations -Wno-unused-local-typedefs -std=c++14 -MD -MT lib/mayaUsd/CMakeFiles/mayaUsd.dir/commands/PullPushCommands.cpp.o -MF lib/mayaUsd/CMakeFiles/mayaUsd.dir/commands/PullPushCommands.cpp.o.d -o lib/mayaUsd/CMakeFiles/mayaUsd.dir/commands/PullPushCommands.cpp.o -c /home/S/jenkins/workspace/ECP/ecg-maya-usd/ecg-mayausd-branch-preflight-2023-python3-linux/ecg-maya-usd/maya-usd/lib/mayaUsd/commands/PullPushCommands.cpp
[2022-11-04T19:28:04.777Z]     In file included from /home/S/jenkins/workspace/ECP/ecg-maya-usd/ecg-mayausd-branch-preflight-2023-python3-linux/ecg-maya-usd/maya-usd/lib/mayaUsd/commands/PullPushCommands.cpp:16:0:
[2022-11-04T19:28:04.777Z]     /home/S/jenkins/workspace/ECP/ecg-maya-usd/ecg-mayausd-branch-preflight-2023-python3-linux/ecg-maya-usd/maya-usd/lib/mayaUsd/commands/PullPushCommands.h:26:22: fatal error: ufe/path.h: No such file or directory
[2022-11-04T19:28:04.777Z]      #include <ufe/path.h>
[2022-11-04T19:28:04.777Z]                           ^
[2022-11-04T19:28:04.777Z]     compilation terminated.
[2022-11-04T19:28:04.777Z]     [39/656] Building CXX object test/lib/usd/utils/CMakeFiles/testDiffPrims.dir/test_DiffPrims.cpp.o
[2022-11-04T19:28:04.777Z]     [40/656] Building CXX object lib/mayaUsd/CMakeFiles/mayaUsd.dir/commands/baseImportCommand.cpp.o
[2022-11-04T19:28:04.777Z]     [41/656] Building CXX object lib/mayaUsd/CMakeFiles/mayaUsd.dir/fileio/primReader.cpp.o
[2022-11-04T19:28:04.777Z]     [42/656] Building CXX object lib/mayaUsd/CMakeFiles/mayaUsd.dir/commands/layerEditorWindowCommand.cpp.o
[2022-11-04T19:28:04.777Z]     [43/656] Building CXX object test/lib/usd/utils/CMakeFiles/testDiffPrims.dir/test_DiffPrimsRelations.cpp.o
[2022-11-04T19:28:04.777Z]     [44/656] Building CXX object test/lib/usd/utils/CMakeFiles/testDiffLists.dir/test_DiffLists.cpp.o
[2022-11-04T19:28:05.341Z]     [45/656] Building CXX object test/lib/usd/utils/CMakeFiles/testDiffPrims.dir/test_DiffPrimsChildren.cpp.o
[2022-11-04T19:28:05.341Z]     [46/656] Building CXX object lib/mayaUsd/CMakeFiles/mayaUsd.dir/fileio/importData.cpp.o
[2022-11-04T19:28:05.341Z]     [47/656] Building CXX object lib/mayaUsd/CMakeFiles/mayaUsd.dir/commands/baseListJobContextsCommand.cpp.o
[2022-11-04T19:28:05.950Z]     [48/656] Building CXX object lib/mayaUsd/CMakeFiles/mayaUsd.dir/commands/baseExportCommand.cpp.o
[2022-11-04T19:28:06.471Z]     [49/656] Building CXX object test/lib/usd/utils/CMakeFiles/testMergePrims.dir/test_MergePrims.cpp.o
[2022-11-04T19:28:07.040Z]     [50/656] Building CXX object lib/mayaUsd/CMakeFiles/mayaUsd.dir/commands/editTargetCommand.cpp.o
[2022-11-04T19:28:07.562Z]     [51/656] Building CXX object lib/mayaUsd/CMakeFiles/mayaUsd.dir/commands/baseListShadingModesCommand.cpp.o
[2022-11-04T19:28:09.474Z]     [52/656] Building CXX object lib/mayaUsd/CMakeFiles/mayaUsd.dir/fileio/fallbackPrimReader.cpp.o
[2022-11-04T19:28:10.094Z]     [53/656] Building CXX object lib/mayaUsd/CMakeFiles/mayaUsd.dir/commands/layerEditorCommand.cpp.o
[2022-11-04T19:28:10.095Z]     ninja: build stopped: subcommand failed.
[2022-11-04T19:28:10.095Z]     
[2022-11-04T19:28:10.095Z]         Building with settings:
[2022-11-04T19:28:10.095Z]           Source directory          /home/S/jenkins/workspace/ECP/ecg-maya-usd/ecg-mayausd-branch-preflight-2023-python3-linux/ecg-maya-usd/maya-usd
[2022-11-04T19:28:10.095Z]           Workspace directory       /local/S/jenkins/workspace/ECP/ecg-maya-usd/ecg-mayausd-branch-preflight-2023-python3-linux
[2022-11-04T19:28:10.095Z]           Build directory           /local/S/jenkins/workspace/ECP/ecg-maya-usd/ecg-mayausd-branch-preflight-2023-python3-linux/build/RelWithDebInfo
[2022-11-04T19:28:10.095Z]           Install directory         /local/S/jenkins/workspace/ECP/ecg-maya-usd/ecg-mayausd-branch-preflight-2023-python3-linux/install/RelWithDebInfo/MayaUSD
[2022-11-04T19:28:10.095Z]           Variant                   RelWithDebInfo
[2022-11-04T19:28:10.095Z]           Python Debug              Off
[2022-11-04T19:28:10.095Z]           CMake generator           Ninja
[2022-11-04T19:28:10.095Z]           Build arguments           ['-DCMAKE_MAKE_PROGRAM=/local/S/jenkins/workspace/shared/Artifactory/Linux/ninja/1.9.0/aca9939/ninja', '-DPYTHON_INCLUDE_DIR=/local/S/jenkins/workspace/shared/Artifactory/Linux/rundev-2023/202211021415/runtime/49a55b4/runTime/include/Python39/Python', '-DPython_EXECUTABLE=/local/S/jenkins/workspace/shared/Artifactory/Linux/rundev-2023/202211021415/runtime/49a55b4/runTime/bin/mayapy', '-DPYTHON_LIBRARIES=/local/S/jenkins/workspace/shared/Artifactory/Linux/rundev-2023/202211021415/runtime/49a55b4/runTime/lib/libpython3.9.so.1.0', '-DBUILD_WITH_PYTHON_3=ON', '-DBUILD_WITH_PYTHON_3_VERSION=3.9', '-DUSD_LIB_PREFIX=lib', '-DCMAKE_WANT_MATERIALX_BUILD=ON', '-DCMAKE_PREFIX_PATH=/local/S/jenkins/workspace/shared/Artifactory/Linux/USD/e2b89ce']
[2022-11-04T19:28:10.095Z]           Stages arguments          ['build']
[2022-11-04T19:28:10.095Z]           CTest arguments           ['-E testUsdReferenceAssemblySelection|testUsdMayaAppDir', '-LE interactive', '--parallel 16']
[2022-11-04T19:28:10.095Z]     #####################################################################################
[2022-11-04T19:28:10.095Z]     log date: 2022-11-04 12:27
[2022-11-04T19:28:10.095Z]     commit sha: 282f262e45743db272299452913e8c70b49b94aa
[2022-11-04T19:28:10.095Z]     commit date: Fri Nov 4 12:26:29 2022 -0700
[2022-11-04T19:28:10.095Z]     #####################################################################################
[2022-11-04T19:28:10.095Z]     
[2022-11-04T19:28:10.095Z]     cmake --build . --config RelWithDebInfo  -- -j16
[2022-11-04T19:28:10.095Z]     
[2022-11-04T19:28:10.095Z]     Traceback (most recent call last):
[2022-11-04T19:28:10.095Z]       File "/home/S/jenkins/workspace/ECP/ecg-maya-usd/ecg-mayausd-branch-preflight-2023-python3-linux/ecg-maya-usd/maya-usd/build.py", line 623, in <module>
[2022-11-04T19:28:10.095Z]         BuildAndInstall(context, context.buildArgs, context.stagesArgs)
[2022-11-04T19:28:10.095Z]       File "/home/S/jenkins/workspace/ECP/ecg-maya-usd/ecg-mayausd-branch-preflight-2023-python3-linux/ecg-maya-usd/maya-usd/build.py", line 392, in BuildAndInstall
[2022-11-04T19:28:10.095Z]         RunCMake(context, extraArgs, stagesArgs)
[2022-11-04T19:28:10.095Z]       File "/home/S/jenkins/workspace/ECP/ecg-maya-usd/ecg-mayausd-branch-preflight-2023-python3-linux/ecg-maya-usd/maya-usd/build.py", line 305, in RunCMake
[2022-11-04T19:28:10.095Z]         Run(context, "cmake --build . --config {variant} {installArg} -- {multiproc}"
[2022-11-04T19:28:10.095Z]       File "/home/S/jenkins/workspace/ECP/ecg-maya-usd/ecg-mayausd-branch-preflight-2023-python3-linux/ecg-maya-usd/maya-usd/build.py", line 178, in Run
[2022-11-04T19:28:10.095Z]         raise RuntimeError("Failed to run '{cmd}'\nSee {log} for more details."
[2022-11-04T19:28:10.095Z]     RuntimeError: Failed to run 'cmake --build . --config RelWithDebInfo  -- -j16'
[2022-11-04T19:28:10.095Z]     See /local/S/jenkins/workspace/ECP/ecg-maya-usd/ecg-mayausd-branch-preflight-2023-python3-linux/build/RelWithDebInfo/build_log.txt for more details.
[2022-11-04T19:28:10.095Z] build.py: error: Command failed with error code: 1
[Pipeline] }
[Pipeline] // withEnv
[Pipeline] }
[Pipeline] // timeout
[Pipeline] }
[Pipeline] // stage
[Pipeline] }
[Pipeline] // timestamps
[Pipeline] emailextrecipients
Not sending mail to unregistered user ecg.jenkins@autodesk.com because your SCM claimed this was associated with a user ID ecg.jenkins' which your security realm does not recognize; you may need changes in your SCM plugin
Not sending mail to unregistered user ecg.jenkins@autodesk.com because your SCM claimed this was associated with a user ID ecg.jenkins' which your security realm does not recognize; you may need changes in your SCM plugin
[Pipeline] echo
No recipients to send notification.
[Pipeline] }
[Pipeline] // node
[Pipeline] End of Pipeline
ERROR: script returned exit code 1
[Checks API] No suitable checks publisher found.
Finished: FAILURE
