[2022-11-09T17:31:31.301Z] ================================================================================
[2022-11-09T17:31:31.301Z]                                  setup (Debug)
[2022-11-09T17:31:31.301Z] ================================================================================
[2022-11-09T17:31:31.301Z] Installing license file 'melicense.lic'.
[Pipeline] sh
[2022-11-09T17:31:35.305Z] + python ecg-maya-usd/build.py --stages=setup --workspace-dir=/local/S/jenkins/workspace/ECP/ecg-maya-usd/ecg-mayausd-branch-preflight-python3-osx --artifactory-dir=/local/S/jenkins/workspace/shared/Artifactory --build-dir=/local/S/jenkins/workspace/ECP/ecg-maya-usd/ecg-mayausd-branch-preflight-python3-osx/build --install-dir=/local/S/jenkins/workspace/ECP/ecg-maya-usd/ecg-mayausd-branch-preflight-python3-osx/install --signing-dir=/local/S/jenkins/workspace/ECP/ecg-maya-usd/ecg-mayausd-branch-preflight-python3-osx/signing --package-dir=/local/S/jenkins/workspace/ECP/ecg-maya-usd/ecg-mayausd-branch-preflight-python3-osx/package --output-dir=/local/S/jenkins/workspace/ECP/ecg-maya-usd/ecg-mayausd-branch-preflight-python3-osx/output --stash-dir=/local/S/jenkins/workspace/ECP/ecg-maya-usd/ecg-mayausd-branch-preflight-python3-osx/stash --jenkins-build=434 --git-commit=d7d1d09f385529a06471609a408de116f2dc6485 --git-branch=master --variants=RelWithDebInfo --python=3.9 --post-zips=false --osx-binary-architecture-target=ub2 --osx-deployment-target=11.0 --osx-base-sdk=CurrentActiveSDK --extra-license-file=ecg-maya-usd/jenkins-o03-cot/melicense.lic --prune-versions=3 --prune-revisions=3 --maya-cut-config=maya-rundev-master.yaml --maya-package=rundev-master --stage-banner --prune-artifacts --force-pruning
[2022-11-09T17:31:44.728Z] No catalog entry registered for tbb-4.4u5-ub2.
[2022-11-09T17:31:44.728Z] Getting rundev-master download URL from Maya SHA-1 hash
[2022-11-09T17:31:44.728Z] Finding Artifactory servers response times
[2022-11-09T17:31:48.584Z] [VERBOSE] Start loading URL (CURL): https://art-bobcat.autodesk.com/artifactory/api/search/checksum?sha1=94c95b1b178374c919277010db31eaa4a5cbb622
[2022-11-09T17:31:48.584Z] [DEBUG] Running: /usr/bin/curl -s -X GET --keepalive-time 10 --connect-timeout 60 --speed-limit 10000 --speed-time 120 --max-time 3600 --retry 5 --retry-max-time 2400 -H Connection:close -H Authorization:Basic ZWNnYmlmcm9zdDpvcGUqKjAw https://art-bobcat.autodesk.com/artifactory/api/search/checksum?sha1=94c95b1b178374c919277010db31eaa4a5cbb622
[2022-11-09T17:31:48.584Z] [DEBUG] Output:
[2022-11-09T17:31:48.584Z] {
[2022-11-09T17:31:48.584Z]   "results" : [ {
[2022-11-09T17:31:48.584Z]     "uri" : "https://art-bobcat.autodesk.com:443/artifactory/api/storage/oss-stg-generic/Maya/master/2022-11-08-13-57/osx/202211081357-edf917830b-RUNDEV.dmg"
[2022-11-09T17:31:48.584Z]   } ]
[2022-11-09T17:31:48.584Z] }
[2022-11-09T17:31:48.584Z] [VERBOSE] End loading URL (CURL): https://art-bobcat.autodesk.com/artifactory/api/search/checksum?sha1=94c95b1b178374c919277010db31eaa4a5cbb622
[2022-11-09T17:31:48.584Z] [VERBOSE] Start loading URL (CURL): https://art-bobcat.autodesk.com:443/artifactory/api/storage/oss-stg-generic/Maya/master/2022-11-08-13-57/osx/202211081357-edf917830b-RUNDEV.dmg
[2022-11-09T17:31:48.584Z] [DEBUG] Running: /usr/bin/curl -s -X GET --keepalive-time 10 --connect-timeout 60 --speed-limit 10000 --speed-time 120 --max-time 3600 --retry 5 --retry-max-time 2400 -H Connection:close -H Authorization:Basic ZWNnYmlmcm9zdDpvcGUqKjAw https://art-bobcat.autodesk.com:443/artifactory/api/storage/oss-stg-generic/Maya/master/2022-11-08-13-57/osx/202211081357-edf917830b-RUNDEV.dmg
[2022-11-09T17:31:48.584Z] [DEBUG] Output:
[2022-11-09T17:31:48.584Z] {
[2022-11-09T17:31:48.584Z]   "repo" : "oss-stg-generic",
[2022-11-09T17:31:48.584Z]   "path" : "/Maya/master/2022-11-08-13-57/osx/202211081357-edf917830b-RUNDEV.dmg",
[2022-11-09T17:31:48.584Z]   "created" : "2022-11-08T19:06:44.584-08:00",
[2022-11-09T17:31:48.584Z]   "createdBy" : "svc_p_mescm",
[2022-11-09T17:31:48.584Z]   "lastModified" : "2022-11-08T19:03:24.882-08:00",
[2022-11-09T17:31:48.584Z]   "modifiedBy" : "svc_p_mescm",
[2022-11-09T17:31:48.584Z]   "lastUpdated" : "2022-11-08T19:06:44.584-08:00",
[2022-11-09T17:31:48.584Z]   "downloadUri" : "https://art-bobcat.autodesk.com:443/artifactory/oss-stg-generic/Maya/master/2022-11-08-13-57/osx/202211081357-edf917830b-RUNDEV.dmg",
[2022-11-09T17:31:48.584Z]   "mimeType" : "application/octet-stream",
[2022-11-09T17:31:48.584Z]   "size" : "2510489520",
[2022-11-09T17:31:48.584Z]   "checksums" : {
[2022-11-09T17:31:48.584Z]     "sha1" : "94c95b1b178374c919277010db31eaa4a5cbb622",
[2022-11-09T17:31:48.584Z]     "md5" : "56e31bc9014a15205ff229fd4ca09c27",
[2022-11-09T17:31:48.584Z]     "sha256" : "0e86210adb0a1535d59af4bdbcfc0928471ff459ac4ba4940161399a50d7b18a"
[2022-11-09T17:31:48.584Z]   },
[2022-11-09T17:31:48.584Z]   "originalChecksums" : {
[2022-11-09T17:31:48.584Z]     "sha1" : "94c95b1b178374c919277010db31eaa4a5cbb622",
[2022-11-09T17:31:48.584Z]     "md5" : "56e31bc9014a15205ff229fd4ca09c27",
[2022-11-09T17:31:48.584Z]     "sha256" : "0e86210adb0a1535d59af4bdbcfc0928471ff459ac4ba4940161399a50d7b18a"
[2022-11-09T17:31:48.584Z]   },
[2022-11-09T17:31:48.584Z]   "uri" : "https://art-bobcat.autodesk.com:443/artifactory/api/storage/oss-stg-generic/Maya/master/2022-11-08-13-57/osx/202211081357-edf917830b-RUNDEV.dmg"
[2022-11-09T17:31:48.584Z] }
[2022-11-09T17:31:48.584Z] [VERBOSE] End loading URL (CURL): https://art-bobcat.autodesk.com:443/artifactory/api/storage/oss-stg-generic/Maya/master/2022-11-08-13-57/osx/202211081357-edf917830b-RUNDEV.dmg
[2022-11-09T17:31:48.584Z] Using Maya cut from /local/S/jenkins/workspace/shared/Artifactory/OSX/rundev-master/202211081357/runtime/94c95b1
[2022-11-09T17:31:48.584Z] Using Maya ADSK Signatures from /local/S/jenkins/workspace/shared/Artifactory/OSX/adsk-plugin-signatures-maya/2023/3ae1ae7
[2022-11-09T17:31:48.584Z] Using Maya Security Library from /local/S/jenkins/workspace/shared/Artifactory/OSX/maya-security-library/3.2.0/febc947
[2022-11-09T17:31:48.584Z] Pruning artifacts in /local/S/jenkins/workspace/shared/Artifactory/OSX
[2022-11-09T17:31:48.584Z] The following artifact versions will be pruned:
[2022-11-09T17:31:48.584Z] 	rundev-master-debug/202211031515
[2022-11-09T17:31:48.584Z] Removing directory: /local/S/jenkins/workspace/shared/Artifactory/OSX/rundev-master-debug/202211031515
[2022-11-09T17:32:08.362Z] [VERBOSE] Start loading URL (CURL): https://art-bobcat.autodesk.com:443/artifactory/api/storage/oss-stg-generic/Maya/master/2022-11-08-13-57/osx/202211081357-edf917830b-RUNDEV.dmg.multipart
[2022-11-09T17:32:08.362Z] [DEBUG] Running: /usr/bin/curl -s -X GET --keepalive-time 10 --connect-timeout 60 --speed-limit 10000 --speed-time 120 --max-time 3600 --retry 5 --retry-max-time 2400 -H Connection:close -H Authorization:Basic ZWNnYmlmcm9zdDpvcGUqKjAw https://art-bobcat.autodesk.com:443/artifactory/api/storage/oss-stg-generic/Maya/master/2022-11-08-13-57/osx/202211081357-edf917830b-RUNDEV.dmg.multipart
[2022-11-09T17:32:08.362Z] [DEBUG] Output:
[2022-11-09T17:32:08.362Z] {
[2022-11-09T17:32:08.362Z]   "errors" : [ {
[2022-11-09T17:32:08.362Z]     "status" : 404,
[2022-11-09T17:32:08.362Z]     "message" : "Unable to find item"
[2022-11-09T17:32:08.362Z]   } ]
[2022-11-09T17:32:08.362Z] }
[2022-11-09T17:32:08.362Z] [VERBOSE] End loading URL (CURL): https://art-bobcat.autodesk.com:443/artifactory/api/storage/oss-stg-generic/Maya/master/2022-11-08-13-57/osx/202211081357-edf917830b-RUNDEV.dmg.multipart
[2022-11-09T17:32:08.362Z] Downloading https://art-bobcat.autodesk.com:443/artifactory/oss-stg-generic/Maya/master/2022-11-08-13-57/osx/202211081357-edf917830b-RUNDEV.dmg to /local/S/jenkins/workspace/shared/Artifactory/OSX/tmp/tmp9go_h_yy
[2022-11-09T17:32:08.362Z] [VERBOSE] Start downloading file (CURL): https://art-bobcat.autodesk.com:443/artifactory/oss-stg-generic/Maya/master/2022-11-08-13-57/osx/202211081357-edf917830b-RUNDEV.dmg
[2022-11-09T17:32:08.362Z] [DEBUG] Running: /usr/bin/curl -sI -X GET --keepalive-time 10 --connect-timeout 60 --speed-limit 10000 --speed-time 120 --max-time 3600 --retry 5 --retry-max-time 2400 -H Connection:close -H Authorization:Basic ZWNnYmlmcm9zdDpvcGUqKjAw https://art-bobcat.autodesk.com:443/artifactory/oss-stg-generic/Maya/master/2022-11-08-13-57/osx/202211081357-edf917830b-RUNDEV.dmg
[2022-11-09T17:32:08.362Z] [DEBUG] Header:
[2022-11-09T17:32:08.362Z] HTTP/1.1 200 
[2022-11-09T17:32:08.362Z] Date: Wed, 09 Nov 2022 17:32:07 GMT
[2022-11-09T17:32:08.362Z] Content-Type: application/octet-stream
[2022-11-09T17:32:08.362Z] Content-Length: 2510489520
[2022-11-09T17:32:08.362Z] Connection: close
[2022-11-09T17:32:08.362Z] X-JFrog-Version: Artifactory/7.46.3 74603900
[2022-11-09T17:32:08.362Z] X-Artifactory-Id: b346e59f6581d74ebdf93b506055c2a33b543b02
[2022-11-09T17:32:08.362Z] X-Artifactory-Node-Id: ussclpdrsync010
[2022-11-09T17:32:08.362Z] Last-Modified: Wed, 09 Nov 2022 03:03:24 GMT
[2022-11-09T17:32:08.362Z] ETag: 94c95b1b178374c919277010db31eaa4a5cbb622
[2022-11-09T17:32:08.362Z] X-Checksum-Sha1: 94c95b1b178374c919277010db31eaa4a5cbb622
[2022-11-09T17:32:08.362Z] X-Checksum-Sha256: 0e86210adb0a1535d59af4bdbcfc0928471ff459ac4ba4940161399a50d7b18a
[2022-11-09T17:32:08.362Z] X-Checksum-Md5: 56e31bc9014a15205ff229fd4ca09c27
[2022-11-09T17:32:08.362Z] Accept-Ranges: bytes
[2022-11-09T17:32:08.362Z] X-Artifactory-Filename: 202211081357-edf917830b-RUNDEV.dmg
[2022-11-09T17:32:08.362Z] Content-Disposition: attachment; filename="202211081357-edf917830b-RUNDEV.dmg"; filename*=UTF-8''202211081357-edf917830b-RUNDEV.dmg
[2022-11-09T17:32:08.362Z] Access-Control-Allow-Methods: GET, PUT, POST, OPTIONS, HEAD
[2022-11-09T17:32:08.362Z] Access-Control-Allow-Headers: Authorization, Origin, X-Requested-With, Content-Type, Accept
[2022-11-09T17:32:08.362Z] Access-Control-Allow-Credentials: true
[2022-11-09T17:32:08.362Z] Set-Cookie: AlteonSC=1465459466.47873.0000; path=/; Httponly; Secure
[2022-11-09T17:32:08.362Z] [DEBUG] Running: /usr/bin/curl --progress-bar -X GET --keepalive-time 10 --connect-timeout 60 --speed-limit 10000 --speed-time 120 --max-time 3600 --retry 5 --retry-max-time 2400 -H Connection:close -H Authorization:Basic ZWNnYmlmcm9zdDpvcGUqKjAw https://art-bobcat.autodesk.com:443/artifactory/oss-stg-generic/Maya/master/2022-11-08-13-57/osx/202211081357-edf917830b-RUNDEV.dmg -o /local/S/jenkins/workspace/shared/Artifactory/OSX/tmp/tmp9go_h_yy/202211081357-edf917830b-RUNDEV.dmg
[2022-11-09T17:32:08.362Z]       0% complete.
[2022-11-09T17:32:14.314Z]       1% complete.
[2022-11-09T17:32:18.309Z]       2% complete.
[2022-11-09T17:32:20.490Z]       3% complete.
[2022-11-09T17:32:25.519Z]       4% complete.
[2022-11-09T17:32:26.626Z]       5% complete.
[2022-11-09T17:32:30.003Z]       6% complete.
[2022-11-09T17:32:33.229Z]       7% complete.
[2022-11-09T17:32:36.449Z]       8% complete.
[2022-11-09T17:32:38.772Z]       9% complete.
[2022-11-09T17:32:40.871Z]      10% complete.
[2022-11-09T17:32:42.993Z]      11% complete.
[2022-11-09T17:32:46.183Z]      12% complete.
[2022-11-09T17:32:48.332Z]      13% complete.
[2022-11-09T17:32:52.869Z]      14% complete.
[2022-11-09T17:32:54.949Z]      15% complete.
[2022-11-09T17:32:58.159Z]      16% complete.
[2022-11-09T17:33:02.666Z]      17% complete.
[2022-11-09T17:33:04.567Z]      18% complete.
[2022-11-09T17:33:07.149Z]      19% complete.
[2022-11-09T17:33:09.337Z]      20% complete.
[2022-11-09T17:33:11.733Z]      21% complete.
[2022-11-09T17:33:13.878Z]      22% complete.
[2022-11-09T17:33:20.481Z]      23% complete.
[2022-11-09T17:33:20.481Z]      24% complete.
[2022-11-09T17:33:21.656Z]      25% complete.
[2022-11-09T17:33:24.163Z]      26% complete.
[2022-11-09T17:33:26.447Z]      27% complete.
[2022-11-09T17:33:30.409Z]      28% complete.
[2022-11-09T17:33:32.026Z]      29% complete.
[2022-11-09T17:33:34.260Z]      30% complete.
[2022-11-09T17:33:36.484Z]      31% complete.
[2022-11-09T17:33:38.585Z]      32% complete.
[2022-11-09T17:33:40.760Z]      33% complete.
[2022-11-09T17:33:44.057Z]      34% complete.
[2022-11-09T17:33:46.276Z]      35% complete.
[2022-11-09T17:33:48.389Z]      36% complete.
[2022-11-09T17:33:50.534Z]      37% complete.
[2022-11-09T17:33:52.789Z]      38% complete.
[2022-11-09T17:33:55.521Z]      39% complete.
[2022-11-09T17:33:57.685Z]      40% complete.
[2022-11-09T17:34:00.151Z]      41% complete.
[2022-11-09T17:34:02.436Z]      42% complete.
[2022-11-09T17:34:04.553Z]      43% complete.
[2022-11-09T17:34:06.624Z]      44% complete.
[2022-11-09T17:34:09.013Z]      45% complete.
[2022-11-09T17:34:13.581Z]      46% complete.
[2022-11-09T17:34:15.673Z]      47% complete.
[2022-11-09T17:34:17.746Z]      48% complete.
[2022-11-09T17:34:21.073Z]      49% complete.
[2022-11-09T17:34:23.246Z]      50% complete.
[2022-11-09T17:34:25.324Z]      51% complete.
[2022-11-09T17:34:27.402Z]      52% complete.
[2022-11-09T17:34:30.628Z]      53% complete.
[2022-11-09T17:34:32.821Z]      54% complete.
[2022-11-09T17:34:36.118Z]      55% complete.
[2022-11-09T17:34:38.208Z]      56% complete.
[2022-11-09T17:34:40.314Z]      57% complete.
[2022-11-09T17:34:42.501Z]      58% complete.
[2022-11-09T17:34:44.405Z]      59% complete.
[2022-11-09T17:34:47.615Z]      60% complete.
[2022-11-09T17:34:52.002Z]      61% complete.
[2022-11-09T17:34:54.215Z]      62% complete.
[2022-11-09T17:34:56.289Z]      63% complete.
[2022-11-09T17:34:59.486Z]      64% complete.
[2022-11-09T17:35:01.711Z]      65% complete.
[2022-11-09T17:35:03.932Z]      66% complete.
[2022-11-09T17:35:06.831Z]      67% complete.
[2022-11-09T17:35:10.030Z]      68% complete.
[2022-11-09T17:35:12.821Z]      69% complete.
[2022-11-09T17:35:14.975Z]      70% complete.
[2022-11-09T17:35:17.132Z]      71% complete.
[2022-11-09T17:35:20.374Z]      72% complete.
[2022-11-09T17:35:22.488Z]      73% complete.
[2022-11-09T17:35:24.561Z]      74% complete.
[2022-11-09T17:35:26.635Z]      75% complete.
[2022-11-09T17:35:29.873Z]      76% complete.
[2022-11-09T17:35:31.944Z]      77% complete.
[2022-11-09T17:35:34.239Z]      78% complete.
[2022-11-09T17:35:37.491Z]      79% complete.
[2022-11-09T17:35:39.880Z]      80% complete.
[2022-11-09T17:35:43.196Z]      81% complete.
[2022-11-09T17:35:46.450Z]      82% complete.
[2022-11-09T17:35:48.532Z]      83% complete.
[2022-11-09T17:35:51.015Z]      84% complete.
[2022-11-09T17:35:54.203Z]      85% complete.
[2022-11-09T17:35:56.390Z]      86% complete.
[2022-11-09T17:35:59.157Z]      87% complete.
[2022-11-09T17:36:02.689Z]      88% complete.
[2022-11-09T17:36:05.457Z]      89% complete.
[2022-11-09T17:36:07.529Z]      90% complete.
[2022-11-09T17:36:09.775Z]      91% complete.
[2022-11-09T17:36:13.021Z]      92% complete.
[2022-11-09T17:36:14.429Z]      93% complete.
[2022-11-09T17:36:17.410Z]      94% complete.
[2022-11-09T17:36:19.855Z]      95% complete.
[2022-11-09T17:36:22.081Z]      96% complete.
[2022-11-09T17:36:24.494Z]      97% complete.
[2022-11-09T17:36:25.801Z]      98% complete.
[2022-11-09T17:36:28.042Z]      99% complete.
[2022-11-09T17:36:31.289Z]     100% complete.
[2022-11-09T17:36:31.289Z] [VERBOSE] End downloading file (CURL): https://art-bobcat.autodesk.com:443/artifactory/oss-stg-generic/Maya/master/2022-11-08-13-57/osx/202211081357-edf917830b-RUNDEV.dmg
[2022-11-09T17:36:31.289Z] Extracting 202211081357-edf917830b-RUNDEV.dmg to /local/S/jenkins/workspace/shared/Artifactory/OSX/tmp/tmpymm5pj5p
[2022-11-09T17:45:41.712Z] Installing on /local/S/jenkins/workspace/shared/Artifactory/OSX/rundev-master/202211081357/runtime/94c95b1
[2022-11-09T17:45:41.712Z] 
[2022-11-09T17:45:41.712Z] ================================================================================
[2022-11-09T17:45:41.712Z]                              setup (RelWithDebInfo)
[2022-11-09T17:45:41.712Z] ================================================================================
[2022-11-09T17:45:41.712Z] Installing license file 'melicense.lic'.
[Pipeline] }
[Pipeline] // withEnv
[Pipeline] }
[Pipeline] // timeout
[Pipeline] }
[Pipeline] // stage
[Pipeline] }
[Pipeline] // timestamps
[Pipeline] timestamps
[Pipeline] {
[Pipeline] stage
[Pipeline] { (Clean)
[Pipeline] timeout
[2022-11-09T17:45:42.678Z] Timeout set to expire in 6 hr 0 min
[Pipeline] {
[Pipeline] withEnv
[Pipeline] {
[Pipeline] sh
[2022-11-09T17:45:45.624Z] + python ecg-maya-usd/build.py --stages=clean --workspace-dir=/local/S/jenkins/workspace/ECP/ecg-maya-usd/ecg-mayausd-branch-preflight-python3-osx --artifactory-dir=/local/S/jenkins/workspace/shared/Artifactory --build-dir=/local/S/jenkins/workspace/ECP/ecg-maya-usd/ecg-mayausd-branch-preflight-python3-osx/build --install-dir=/local/S/jenkins/workspace/ECP/ecg-maya-usd/ecg-mayausd-branch-preflight-python3-osx/install --signing-dir=/local/S/jenkins/workspace/ECP/ecg-maya-usd/ecg-mayausd-branch-preflight-python3-osx/signing --package-dir=/local/S/jenkins/workspace/ECP/ecg-maya-usd/ecg-mayausd-branch-preflight-python3-osx/package --output-dir=/local/S/jenkins/workspace/ECP/ecg-maya-usd/ecg-mayausd-branch-preflight-python3-osx/output --stash-dir=/local/S/jenkins/workspace/ECP/ecg-maya-usd/ecg-mayausd-branch-preflight-python3-osx/stash --jenkins-build=434 --git-commit=d7d1d09f385529a06471609a408de116f2dc6485 --git-branch=master --variants=Debug --python=3.9 --post-zips=false --osx-binary-architecture-target=ub2 --osx-deployment-target=11.0 --osx-base-sdk=CurrentActiveSDK --maya-cut-config=maya-rundev-master-debug.yaml --maya-package=rundev-master-debug --stage-banner
[2022-11-09T17:45:53.946Z] No catalog entry registered for tbb-4.4u5-ub2.
[2022-11-09T17:45:53.946Z] Using Maya cut from /local/S/jenkins/workspace/shared/Artifactory/OSX/rundev-master-debug/202211081515/runtime/d1f972c
[2022-11-09T17:45:53.946Z] Using Maya ADSK Signatures from /local/S/jenkins/workspace/shared/Artifactory/OSX/adsk-plugin-signatures-maya/2023/3ae1ae7
[2022-11-09T17:45:53.946Z] Using Maya Security Library from /local/S/jenkins/workspace/shared/Artifactory/OSX/maya-security-library/3.2.0/febc947
[2022-11-09T17:45:53.946Z] 
[2022-11-09T17:45:53.946Z] ================================================================================
[2022-11-09T17:45:53.946Z]                                  clean (Debug)
[2022-11-09T17:45:53.946Z] ================================================================================
[2022-11-09T17:45:53.946Z] Maya Python Debug Info:
[2022-11-09T17:45:53.946Z]   mayapy executable   = /local/S/jenkins/workspace/shared/Artifactory/OSX/rundev-master-debug/202211081515/runtime/d1f972c/runTime/Maya.app/Contents/bin/mayapy
[2022-11-09T17:45:53.946Z]   Include Folder      = /local/S/jenkins/workspace/shared/Artifactory/OSX/rundev-master-debug/202211081515/runtime/d1f972c/runTime/Maya.app/Contents/Frameworks/Python.framework/Versions/Current/include/python3.9
[2022-11-09T17:45:53.946Z]   Library             = /local/S/jenkins/workspace/shared/Artifactory/OSX/rundev-master-debug/202211081515/runtime/d1f972c/runTime/Maya.app/Contents/Frameworks/Python.framework/Versions/Current/lib/libpython3.9.dylib
[2022-11-09T17:45:53.946Z]   site-package Folder = /local/S/jenkins/workspace/shared/Artifactory/OSX/rundev-master-debug/202211081515/runtime/d1f972c/runTime/Maya.app/Contents/Frameworks/Python.framework/Versions/Current/lib/python3.9/site-packages
[2022-11-09T18:25:04.391Z] Cannot contact MayaUSD_2024_Mac_NOGPU_101: java.lang.InterruptedException
Aborted by Jerry Gamache
[2022-11-09T19:42:01.652Z] Sending interrupt signal to process
[2022-11-09T19:42:02.810Z] /local/S/jenkins/workspace/ECP/ecg-maya-usd/ecg-mayausd-branch-preflight-python3-osx@tmp/durable-c9a285f5/script.sh: line 1: 83506 Terminated: 15          python ecg-maya-usd/build.py --stages=clean --workspace-dir=/local/S/jenkins/workspace/ECP/ecg-maya-usd/ecg-mayausd-branch-preflight-python3-osx --artifactory-dir=/local/S/jenkins/workspace/shared/Artifactory --build-dir=/local/S/jenkins/workspace/ECP/ecg-maya-usd/ecg-mayausd-branch-preflight-python3-osx/build --install-dir=/local/S/jenkins/workspace/ECP/ecg-maya-usd/ecg-mayausd-branch-preflight-python3-osx/install --signing-dir=/local/S/jenkins/workspace/ECP/ecg-maya-usd/ecg-mayausd-branch-preflight-python3-osx/signing --package-dir=/local/S/jenkins/workspace/ECP/ecg-maya-usd/ecg-mayausd-branch-preflight-python3-osx/package --output-dir=/local/S/jenkins/workspace/ECP/ecg-maya-usd/ecg-mayausd-branch-preflight-python3-osx/output --stash-dir=/local/S/jenkins/workspace/ECP/ecg-maya-usd/ecg-mayausd-branch-preflight-python3-osx/stash --jenkins-build=434 --git-commit=d7d1d09f385529a06471609a408de116f2dc6485 --git-branch=master --variants=Debug --python=3.9 --post-zips=false --osx-binary-architecture-target=ub2 --osx-deployment-target=11.0 --osx-base-sdk=CurrentActiveSDK --maya-cut-config=maya-rundev-master-debug.yaml --maya-package=rundev-master-debug --stage-banner
[2022-11-09T19:42:03.189Z] script returned exit code 143
[Pipeline] }
[Pipeline] // withEnv
[Pipeline] }
[Pipeline] // timeout
[Pipeline] }
[Pipeline] // stage
[Pipeline] }
[Pipeline] // timestamps
[Pipeline] emailextrecipients
Not sending mail to unregistered user ecg.jenkins@autodesk.com because your SCM claimed this was associated with a user ID ‘ecg.jenkins' which your security realm does not recognize; you may need changes in your SCM plugin
Not sending mail to unregistered user ecg.jenkins@autodesk.com because your SCM claimed this was associated with a user ID ‘ecg.jenkins' which your security realm does not recognize; you may need changes in your SCM plugin
[Pipeline] echo
No recipients to send notification.
[Pipeline] }
[Pipeline] // node
[Pipeline] End of Pipeline
[Checks API] No suitable checks publisher found.
Finished: ABORTED
