[2023-03-31T14:06:20.702Z] ================================================================================
[2023-03-31T14:06:20.702Z]                              setup (RelWithDebInfo)
[2023-03-31T14:06:20.702Z] ================================================================================
[Pipeline] }
[Pipeline] // withEnv
[Pipeline] }
[Pipeline] // timeout
[Pipeline] }
[Pipeline] // stage
[Pipeline] }
[Pipeline] // timestamps
[Pipeline] timestamps
[Pipeline] {
[Pipeline] stage
[Pipeline] { (Clean)
[Pipeline] timeout
[2023-03-31T14:06:20.887Z] Timeout set to expire in 6 hr 0 min
[Pipeline] {
[Pipeline] withEnv
[Pipeline] {
[Pipeline] sh
[2023-03-31T14:06:21.341Z] + scl enable devtoolset-6 -
[2023-03-31T14:06:21.341Z] python ecg-maya-usd/build.py --stages=clean --workspace-dir=/local/S/jenkins/workspace/ECP/ecg-maya-usd/ecg-mayausd-branch-preflight-2022-linux --artifactory-dir=/local/S/jenkins/workspace/shared/Artifactory --build-dir=/local/S/jenkins/workspace/ECP/ecg-maya-usd/ecg-mayausd-branch-preflight-2022-linux/build --install-dir=/local/S/jenkins/workspace/ECP/ecg-maya-usd/ecg-mayausd-branch-preflight-2022-linux/install --signing-dir=/local/S/jenkins/workspace/ECP/ecg-maya-usd/ecg-mayausd-branch-preflight-2022-linux/signing --package-dir=/local/S/jenkins/workspace/ECP/ecg-maya-usd/ecg-mayausd-branch-preflight-2022-linux/package --output-dir=/local/S/jenkins/workspace/ECP/ecg-maya-usd/ecg-mayausd-branch-preflight-2022-linux/output --stash-dir=/local/S/jenkins/workspace/ECP/ecg-maya-usd/ecg-mayausd-branch-preflight-2022-linux/stash --jenkins-build=816 --git-commit=187ad5f540de68c261aa637ad6e8835c0ebabe94 --git-branch=master --variants=RelWithDebInfo --python=2.7 --post-zips=false --maya-cut-config=maya-rundev-2022.yaml --maya-package=rundev-2022 --stage-banner
[2023-03-31T14:06:22.246Z] Using Maya cut from /local/S/jenkins/workspace/shared/Artifactory/Linux/rundev-2022/202303271415/runtime/52cb2c8
[2023-03-31T14:06:22.347Z] 
[2023-03-31T14:06:22.347Z] ================================================================================
[2023-03-31T14:06:22.347Z]                              clean (RelWithDebInfo)
[2023-03-31T14:06:22.347Z] ================================================================================
[2023-03-31T14:06:22.347Z] Maya Python RelWithDebInfo Info:
[2023-03-31T14:06:22.347Z]   mayapy executable   = /local/S/jenkins/workspace/shared/Artifactory/Linux/rundev-2022/202303271415/runtime/52cb2c8/runTime/bin/mayapy2
[2023-03-31T14:06:22.347Z]   Include Folder      = /local/S/jenkins/workspace/shared/Artifactory/Linux/rundev-2022/202303271415/runtime/52cb2c8/runTime/include/Python27/Python
[2023-03-31T14:06:22.347Z]   Library             = /local/S/jenkins/workspace/shared/Artifactory/Linux/rundev-2022/202303271415/runtime/52cb2c8/runTime/lib/libpython2.7.so.1.0
[2023-03-31T14:06:22.347Z]   site-package Folder = /local/S/jenkins/workspace/shared/Artifactory/Linux/rundev-2022/202303271415/runtime/52cb2c8/runTime/lib/python2.7/site-packages
[2023-03-31T14:06:22.649Z] In workdir: /home/S/jenkins/workspace/ECP/ecg-maya-usd/ecg-mayausd-branch-preflight-2022-linux/ecg-maya-usd/maya-usd
[2023-03-31T14:06:22.649Z] Executing: /local/S/jenkins/workspace/shared/Artifactory/Linux/rundev-2022/202303271415/runtime/52cb2c8/runTime/bin/mayapy2 /home/S/jenkins/workspace/ECP/ecg-maya-usd/ecg-mayausd-branch-preflight-2022-linux/ecg-maya-usd/maya-usd/build.py --generator Ninja --build-relwithdebug --maya-location /local/S/jenkins/workspace/shared/Artifactory/Linux/rundev-2022/202303271415/runtime/52cb2c8/runTime --devkit-location /local/S/jenkins/workspace/shared/Artifactory/Linux/rundev-2022/202303271415/runtime/52cb2c8/devkitBase --pxrusd-location /local/S/jenkins/workspace/shared/Artifactory/Linux/USD/594b459 --qt-location /local/S/jenkins/workspace/shared/Artifactory/Linux/qt/5.15.2/49402fc --build-args=-DCMAKE_MAKE_PROGRAM=/local/S/jenkins/workspace/shared/Artifactory/Linux/ninja/1.9.0/aca9939/ninja,-DPYTHON_INCLUDE_DIR=/local/S/jenkins/workspace/shared/Artifactory/Linux/rundev-2022/202303271415/runtime/52cb2c8/runTime/include/Python27/Python,-DPython_EXECUTABLE=/local/S/jenkins/workspace/shared/Artifactory/Linux/rundev-2022/202303271415/runtime/52cb2c8/runTime/bin/mayapy2,-DPYTHON_LIBRARIES=/local/S/jenkins/workspace/shared/Artifactory/Linux/rundev-2022/202303271415/runtime/52cb2c8/runTime/lib/libpython2.7.so.1.0,-DUSD_LIB_PREFIX=lib,-DCMAKE_WANT_MATERIALX_BUILD=ON,-DCMAKE_PREFIX_PATH=/local/S/jenkins/workspace/shared/Artifactory/Linux/USD/594b459 '--ctest-args=-E testUsdReferenceAssemblySelection|testUsdMayaAppDir,-LE interactive,--parallel 16' --stages=clean --redirect-outstream-file=False --install-location /local/S/jenkins/workspace/ECP/ecg-maya-usd/ecg-mayausd-branch-preflight-2022-linux/install/RelWithDebInfo/MayaUSD /local/S/jenkins/workspace/ECP/ecg-maya-usd/ecg-mayausd-branch-preflight-2022-linux
[2023-03-31T14:06:22.649Z] Modified environment variables:
[2023-03-31T14:06:22.649Z]     PATH=/local/S/jenkins/workspace/shared/Artifactory/Linux/cmake/3.20.3/ab685d7/bin:/opt/rh/devtoolset-6/root/usr/bin:/usr/local/bin:/usr/bin
[2023-03-31T14:06:22.649Z]     LD_LIBRARY_PATH=/opt/rh/devtoolset-6/root/usr/lib64:/opt/rh/devtoolset-6/root/usr/lib64:/opt/rh/devtoolset-6/root/usr/lib
[2023-03-31T14:06:22.750Z]     
[2023-03-31T14:06:22.750Z]         Building with settings:
[2023-03-31T14:06:22.750Z]           Source directory          /home/S/jenkins/workspace/ECP/ecg-maya-usd/ecg-mayausd-branch-preflight-2022-linux/ecg-maya-usd/maya-usd
[2023-03-31T14:06:22.750Z]           Workspace directory       /local/S/jenkins/workspace/ECP/ecg-maya-usd/ecg-mayausd-branch-preflight-2022-linux
[2023-03-31T14:06:22.750Z]           Build directory           /local/S/jenkins/workspace/ECP/ecg-maya-usd/ecg-mayausd-branch-preflight-2022-linux/build/RelWithDebInfo
[2023-03-31T14:06:22.750Z]           Install directory         /local/S/jenkins/workspace/ECP/ecg-maya-usd/ecg-mayausd-branch-preflight-2022-linux/install/RelWithDebInfo/MayaUSD
[2023-03-31T14:06:22.750Z]           Variant                   RelWithDebInfo
[2023-03-31T14:06:22.750Z]           Python Debug              Off
[2023-03-31T14:06:22.750Z]           CMake generator           Ninja
[2023-03-31T14:06:22.750Z]           Build arguments           ['-DCMAKE_MAKE_PROGRAM=/local/S/jenkins/workspace/shared/Artifactory/Linux/ninja/1.9.0/aca9939/ninja', '-DPYTHON_INCLUDE_DIR=/local/S/jenkins/workspace/shared/Artifactory/Linux/rundev-2022/202303271415/runtime/52cb2c8/runTime/include/Python27/Python', '-DPython_EXECUTABLE=/local/S/jenkins/workspace/shared/Artifactory/Linux/rundev-2022/202303271415/runtime/52cb2c8/runTime/bin/mayapy2', '-DPYTHON_LIBRARIES=/local/S/jenkins/workspace/shared/Artifactory/Linux/rundev-2022/202303271415/runtime/52cb2c8/runTime/lib/libpython2.7.so.1.0', '-DUSD_LIB_PREFIX=lib', '-DCMAKE_WANT_MATERIALX_BUILD=ON', '-DCMAKE_PREFIX_PATH=/local/S/jenkins/workspace/shared/Artifactory/Linux/USD/594b459']
[2023-03-31T14:06:22.750Z]           Stages arguments          ['clean']
[2023-03-31T14:06:22.750Z]           CTest arguments           ['-E testUsdReferenceAssemblySelection|testUsdMayaAppDir', '-LE interactive', '--parallel 16']
[2023-03-31T14:06:22.750Z]     Success MayaUSD build and install !!!!
[2023-03-31T14:06:22.750Z]     Elapsed time: 00:00:00
[Pipeline] }
[Pipeline] // withEnv
[Pipeline] }
[Pipeline] // timeout
[Pipeline] }
[Pipeline] // stage
[Pipeline] }
[Pipeline] // timestamps
[Pipeline] timestamps
[Pipeline] {
[Pipeline] stage
[Pipeline] { (Configure)
[Pipeline] timeout
[2023-03-31T14:06:23.156Z] Timeout set to expire in 6 hr 0 min
[Pipeline] {
[Pipeline] withEnv
[Pipeline] {
[Pipeline] sh
[2023-03-31T14:06:24.326Z] + scl enable devtoolset-6 -
[2023-03-31T14:06:24.326Z] python ecg-maya-usd/build.py --stages=configure --workspace-dir=/local/S/jenkins/workspace/ECP/ecg-maya-usd/ecg-mayausd-branch-preflight-2022-linux --artifactory-dir=/local/S/jenkins/workspace/shared/Artifactory --build-dir=/local/S/jenkins/workspace/ECP/ecg-maya-usd/ecg-mayausd-branch-preflight-2022-linux/build --install-dir=/local/S/jenkins/workspace/ECP/ecg-maya-usd/ecg-mayausd-branch-preflight-2022-linux/install --signing-dir=/local/S/jenkins/workspace/ECP/ecg-maya-usd/ecg-mayausd-branch-preflight-2022-linux/signing --package-dir=/local/S/jenkins/workspace/ECP/ecg-maya-usd/ecg-mayausd-branch-preflight-2022-linux/package --output-dir=/local/S/jenkins/workspace/ECP/ecg-maya-usd/ecg-mayausd-branch-preflight-2022-linux/output --stash-dir=/local/S/jenkins/workspace/ECP/ecg-maya-usd/ecg-mayausd-branch-preflight-2022-linux/stash --jenkins-build=816 --git-commit=187ad5f540de68c261aa637ad6e8835c0ebabe94 --git-branch=master --variants=RelWithDebInfo --python=2.7 --post-zips=false --maya-cut-config=maya-rundev-2022.yaml --maya-package=rundev-2022 --stage-banner
[2023-03-31T14:06:25.229Z] Using Maya cut from /local/S/jenkins/workspace/shared/Artifactory/Linux/rundev-2022/202303271415/runtime/52cb2c8
[2023-03-31T14:06:25.229Z] 
[2023-03-31T14:06:25.229Z] ================================================================================
[2023-03-31T14:06:25.229Z]                            configure (RelWithDebInfo)
[2023-03-31T14:06:25.229Z] ================================================================================
[2023-03-31T14:06:25.229Z] Maya Python RelWithDebInfo Info:
[2023-03-31T14:06:25.229Z]   mayapy executable   = /local/S/jenkins/workspace/shared/Artifactory/Linux/rundev-2022/202303271415/runtime/52cb2c8/runTime/bin/mayapy2
[2023-03-31T14:06:25.229Z]   Include Folder      = /local/S/jenkins/workspace/shared/Artifactory/Linux/rundev-2022/202303271415/runtime/52cb2c8/runTime/include/Python27/Python
[2023-03-31T14:06:25.229Z]   Library             = /local/S/jenkins/workspace/shared/Artifactory/Linux/rundev-2022/202303271415/runtime/52cb2c8/runTime/lib/libpython2.7.so.1.0
[2023-03-31T14:06:25.229Z]   site-package Folder = /local/S/jenkins/workspace/shared/Artifactory/Linux/rundev-2022/202303271415/runtime/52cb2c8/runTime/lib/python2.7/site-packages
[2023-03-31T14:06:25.631Z] In workdir: /home/S/jenkins/workspace/ECP/ecg-maya-usd/ecg-mayausd-branch-preflight-2022-linux/ecg-maya-usd/maya-usd
[2023-03-31T14:06:25.631Z] Executing: /local/S/jenkins/workspace/shared/Artifactory/Linux/rundev-2022/202303271415/runtime/52cb2c8/runTime/bin/mayapy2 /home/S/jenkins/workspace/ECP/ecg-maya-usd/ecg-mayausd-branch-preflight-2022-linux/ecg-maya-usd/maya-usd/build.py --generator Ninja --build-relwithdebug --maya-location /local/S/jenkins/workspace/shared/Artifactory/Linux/rundev-2022/202303271415/runtime/52cb2c8/runTime --devkit-location /local/S/jenkins/workspace/shared/Artifactory/Linux/rundev-2022/202303271415/runtime/52cb2c8/devkitBase --pxrusd-location /local/S/jenkins/workspace/shared/Artifactory/Linux/USD/594b459 --qt-location /local/S/jenkins/workspace/shared/Artifactory/Linux/qt/5.15.2/49402fc --build-args=-DCMAKE_MAKE_PROGRAM=/local/S/jenkins/workspace/shared/Artifactory/Linux/ninja/1.9.0/aca9939/ninja,-DPYTHON_INCLUDE_DIR=/local/S/jenkins/workspace/shared/Artifactory/Linux/rundev-2022/202303271415/runtime/52cb2c8/runTime/include/Python27/Python,-DPython_EXECUTABLE=/local/S/jenkins/workspace/shared/Artifactory/Linux/rundev-2022/202303271415/runtime/52cb2c8/runTime/bin/mayapy2,-DPYTHON_LIBRARIES=/local/S/jenkins/workspace/shared/Artifactory/Linux/rundev-2022/202303271415/runtime/52cb2c8/runTime/lib/libpython2.7.so.1.0,-DUSD_LIB_PREFIX=lib,-DCMAKE_WANT_MATERIALX_BUILD=ON,-DCMAKE_PREFIX_PATH=/local/S/jenkins/workspace/shared/Artifactory/Linux/USD/594b459 '--ctest-args=-E testUsdReferenceAssemblySelection|testUsdMayaAppDir,-LE interactive,--parallel 16' --stages=configure --redirect-outstream-file=False --install-location /local/S/jenkins/workspace/ECP/ecg-maya-usd/ecg-mayausd-branch-preflight-2022-linux/install/RelWithDebInfo/MayaUSD /local/S/jenkins/workspace/ECP/ecg-maya-usd/ecg-mayausd-branch-preflight-2022-linux
[2023-03-31T14:06:25.631Z] Modified environment variables:
[2023-03-31T14:06:25.631Z]     PATH=/local/S/jenkins/workspace/shared/Artifactory/Linux/cmake/3.20.3/ab685d7/bin:/opt/rh/devtoolset-6/root/usr/bin:/usr/local/bin:/usr/bin
[2023-03-31T14:06:25.631Z]     LD_LIBRARY_PATH=/opt/rh/devtoolset-6/root/usr/lib64:/opt/rh/devtoolset-6/root/usr/lib64:/opt/rh/devtoolset-6/root/usr/lib
[2023-03-31T14:06:25.733Z]     -- The C compiler identification is GNU 6.3.1
[2023-03-31T14:06:25.733Z]     -- The CXX compiler identification is GNU 6.3.1
[2023-03-31T14:06:25.835Z]     -- Detecting C compiler ABI info
[2023-03-31T14:06:25.835Z]     -- Detecting C compiler ABI info - done
[2023-03-31T14:06:25.835Z]     -- Check for working C compiler: /opt/rh/devtoolset-6/root/usr/bin/cc - skipped
[2023-03-31T14:06:25.835Z]     -- Detecting C compile features
[2023-03-31T14:06:25.835Z]     -- Detecting C compile features - done
[2023-03-31T14:06:25.835Z]     -- Detecting CXX compiler ABI info
[2023-03-31T14:06:25.935Z]     -- Detecting CXX compiler ABI info - done
[2023-03-31T14:06:25.936Z]     -- Check for working CXX compiler: /opt/rh/devtoolset-6/root/usr/bin/c++ - skipped
[2023-03-31T14:06:25.936Z]     -- Detecting CXX compile features
[2023-03-31T14:06:25.936Z]     -- Detecting CXX compile features - done
[2023-03-31T14:06:26.839Z]     -- Using Maya Light API Version 2
[2023-03-31T14:06:26.839Z]     -- Maya has setDefaultMaterialHandling API
[2023-03-31T14:06:26.839Z]     -- Maya has new point snapping API
[2023-03-31T14:06:26.839Z]     -- Maya has setUfeIdentifiers API
[2023-03-31T14:06:26.839Z]     -- Maya has updateUfeIdentifiers API
[2023-03-31T14:06:26.839Z]     -- Maya has getDisplayStyleOfAllViewports API
[2023-03-31T14:06:26.839Z]     -- Maya array iterator has difference_type trait
[2023-03-31T14:06:26.940Z]     -- Found Maya: /local/S/jenkins/workspace/shared/Artifactory/Linux/rundev-2022/202303271415/runtime/52cb2c8/runTime/bin/maya (found suitable version "2022", minimum required is "2018")
[2023-03-31T14:06:27.040Z]     -- Found Python: /local/S/jenkins/workspace/shared/Artifactory/Linux/rundev-2022/202303271415/runtime/52cb2c8/runTime/bin/mayapy2 (found suitable exact version "2.7.11") found components: Interpreter
[2023-03-31T14:06:27.040Z]     -- Build MayaUSD with Python3 = OFF
[2023-03-31T14:06:27.040Z]     --    PYTHON_INCLUDE_DIRS = /local/S/jenkins/workspace/shared/Artifactory/Linux/rundev-2022/202303271415/runtime/52cb2c8/runTime/include/Python27/Python
[2023-03-31T14:06:27.040Z]     --    PYTHON_LIBRARIES    = /local/S/jenkins/workspace/shared/Artifactory/Linux/rundev-2022/202303271415/runtime/52cb2c8/runTime/lib/libpython2.7.so.1.0
[2023-03-31T14:06:27.040Z]     --    Python_EXECUTABLE   = /local/S/jenkins/workspace/shared/Artifactory/Linux/rundev-2022/202303271415/runtime/52cb2c8/runTime/bin/mayapy2
[2023-03-31T14:06:27.040Z]     -- USD v0.21.11 has security patches.
[2023-03-31T14:06:27.040Z]     -- USD include dir: /local/S/jenkins/workspace/shared/Artifactory/Linux/USD/594b459/include
[2023-03-31T14:06:27.040Z]     -- USD library dir: /local/S/jenkins/workspace/shared/Artifactory/Linux/USD/594b459/lib
[2023-03-31T14:06:27.040Z]     -- USD version: 0.21.11
[2023-03-31T14:06:27.040Z]     -- Autodesk USD version: 0.21.11-ad1
[2023-03-31T14:06:27.040Z]     -- Found USD: /local/S/jenkins/workspace/shared/Artifactory/Linux/USD/594b459 (found suitable version "0.21.11", minimum required is "0.20.05")
[2023-03-31T14:06:27.040Z]     Updated PYTHONPATH: /opt/rh/devtoolset-6/root/usr/lib64/python2.7/site-packages:/opt/rh/devtoolset-6/root/usr/lib/python2.7/site-packages:/local/S/jenkins/workspace/shared/Artifactory/Linux/USD/594b459/lib/python
[2023-03-31T14:06:27.040Z]     -- UFE include dir: /local/S/jenkins/workspace/shared/Artifactory/Linux/rundev-2022/202303271415/runtime/52cb2c8/devkitBase/devkit/ufe/include
[2023-03-31T14:06:27.141Z]     -- UFE library: /local/S/jenkins/workspace/shared/Artifactory/Linux/rundev-2022/202303271415/runtime/52cb2c8/devkitBase/devkit/ufe/lib/libufe_2.so
[2023-03-31T14:06:27.141Z]     -- UFE version: 2.1.1
[2023-03-31T14:06:27.141Z]     -- UFE preview features: ufe
[2023-03-31T14:06:27.141Z]     -- Building with UFE 2.1.1 features enabled.
[2023-03-31T14:06:27.141Z]     -- Found MaterialX
[2023-03-31T14:06:27.141Z]     -- Building with Qt features enabled.
[2023-03-31T14:06:27.141Z]     -- **** Building Gulrak From Github Repository.
[2023-03-31T14:06:27.141Z]     -- Populating gulrak
[2023-03-31T14:06:27.141Z]     -- Configuring done
[2023-03-31T14:06:27.141Z]     -- Generating done
[2023-03-31T14:06:27.141Z]     -- Build files have been written to: /home/S/jenkins/workspace/ECP/ecg-maya-usd/ecg-mayausd-branch-preflight-2022-linux/build/RelWithDebInfo/_deps/gulrak-subbuild
[2023-03-31T14:06:27.141Z]     [1/9] Creating directories for 'gulrak-populate'
[2023-03-31T14:06:27.141Z]     [1/9] Performing download step (git clone) for 'gulrak-populate'
[2023-03-31T14:06:27.141Z]     Cloning into 'gulrak-src'...
[2023-03-31T14:06:27.342Z]     fatal: unable to access 'https://github.com/gulrak/filesystem.git/': Encountered end of file
[2023-03-31T14:06:27.342Z]     Cloning into 'gulrak-src'...
[2023-03-31T14:06:27.544Z]     fatal: unable to access 'https://github.com/gulrak/filesystem.git/': Encountered end of file
[2023-03-31T14:06:27.544Z]     Cloning into 'gulrak-src'...
[2023-03-31T14:06:27.645Z]     fatal: unable to access 'https://github.com/gulrak/filesystem.git/': Encountered end of file
[2023-03-31T14:06:27.645Z]     -- Had to git clone more than once:
[2023-03-31T14:06:27.645Z]               3 times.
[2023-03-31T14:06:27.645Z]     CMake Error at gulrak-subbuild/gulrak-populate-prefix/tmp/gulrak-populate-gitclone.cmake:31 (message):
[2023-03-31T14:06:27.645Z]       Failed to clone repository: 'https://github.com/gulrak/filesystem.git'
[2023-03-31T14:06:27.645Z]     
[2023-03-31T14:06:27.645Z]     
[2023-03-31T14:06:27.645Z]     FAILED: gulrak-populate-prefix/src/gulrak-populate-stamp/gulrak-populate-download
[2023-03-31T14:06:27.645Z]     cd /home/S/jenkins/workspace/ECP/ecg-maya-usd/ecg-mayausd-branch-preflight-2022-linux/build/RelWithDebInfo/_deps && /home/S/jenkins/workspace/shared/Artifactory/Linux/cmake/3.20.3/ab685d7/bin/cmake -P /home/S/jenkins/workspace/ECP/ecg-maya-usd/ecg-mayausd-branch-preflight-2022-linux/build/RelWithDebInfo/_deps/gulrak-subbuild/gulrak-populate-prefix/tmp/gulrak-populate-gitclone.cmake && /home/S/jenkins/workspace/shared/Artifactory/Linux/cmake/3.20.3/ab685d7/bin/cmake -E touch /home/S/jenkins/workspace/ECP/ecg-maya-usd/ecg-mayausd-branch-preflight-2022-linux/build/RelWithDebInfo/_deps/gulrak-subbuild/gulrak-populate-prefix/src/gulrak-populate-stamp/gulrak-populate-download
[2023-03-31T14:06:27.645Z]     ninja: build stopped: subcommand failed.
[2023-03-31T14:06:27.645Z]     CMake Error at /home/S/jenkins/workspace/shared/Artifactory/Linux/cmake/3.20.3/ab685d7/share/cmake-3.20/Modules/FetchContent.cmake:1012 (message):
[2023-03-31T14:06:27.645Z]       Build step for gulrak failed: 1
[2023-03-31T14:06:27.645Z]     Call Stack (most recent call first):
[2023-03-31T14:06:27.645Z]       /home/S/jenkins/workspace/shared/Artifactory/Linux/cmake/3.20.3/ab685d7/share/cmake-3.20/Modules/FetchContent.cmake:1141:EVAL:2 (__FetchContent_directPopulate)
[2023-03-31T14:06:27.645Z]       /home/S/jenkins/workspace/shared/Artifactory/Linux/cmake/3.20.3/ab685d7/share/cmake-3.20/Modules/FetchContent.cmake:1141 (cmake_language)
[2023-03-31T14:06:27.645Z]       /home/S/jenkins/workspace/shared/Artifactory/Linux/cmake/3.20.3/ab685d7/share/cmake-3.20/Modules/FetchContent.cmake:1184 (FetchContent_Populate)
[2023-03-31T14:06:27.645Z]       cmake/gulrak.cmake:48 (FetchContent_MakeAvailable)
[2023-03-31T14:06:27.645Z]       CMakeLists.txt:184 (include)
[2023-03-31T14:06:27.645Z]     
[2023-03-31T14:06:27.645Z]     
[2023-03-31T14:06:27.645Z]     -- Configuring incomplete, errors occurred!
[2023-03-31T14:06:27.645Z]     See also "/home/S/jenkins/workspace/ECP/ecg-maya-usd/ecg-mayausd-branch-preflight-2022-linux/build/RelWithDebInfo/CMakeFiles/CMakeOutput.log".
[2023-03-31T14:06:27.645Z]     
[2023-03-31T14:06:27.645Z]         Building with settings:
[2023-03-31T14:06:27.645Z]           Source directory          /home/S/jenkins/workspace/ECP/ecg-maya-usd/ecg-mayausd-branch-preflight-2022-linux/ecg-maya-usd/maya-usd
[2023-03-31T14:06:27.645Z]           Workspace directory       /local/S/jenkins/workspace/ECP/ecg-maya-usd/ecg-mayausd-branch-preflight-2022-linux
[2023-03-31T14:06:27.645Z]           Build directory           /local/S/jenkins/workspace/ECP/ecg-maya-usd/ecg-mayausd-branch-preflight-2022-linux/build/RelWithDebInfo
[2023-03-31T14:06:27.645Z]           Install directory         /local/S/jenkins/workspace/ECP/ecg-maya-usd/ecg-mayausd-branch-preflight-2022-linux/install/RelWithDebInfo/MayaUSD
[2023-03-31T14:06:27.645Z]           Variant                   RelWithDebInfo
[2023-03-31T14:06:27.645Z]           Python Debug              Off
[2023-03-31T14:06:27.645Z]           CMake generator           Ninja
[2023-03-31T14:06:27.645Z]           Build arguments           ['-DCMAKE_MAKE_PROGRAM=/local/S/jenkins/workspace/shared/Artifactory/Linux/ninja/1.9.0/aca9939/ninja', '-DPYTHON_INCLUDE_DIR=/local/S/jenkins/workspace/shared/Artifactory/Linux/rundev-2022/202303271415/runtime/52cb2c8/runTime/include/Python27/Python', '-DPython_EXECUTABLE=/local/S/jenkins/workspace/shared/Artifactory/Linux/rundev-2022/202303271415/runtime/52cb2c8/runTime/bin/mayapy2', '-DPYTHON_LIBRARIES=/local/S/jenkins/workspace/shared/Artifactory/Linux/rundev-2022/202303271415/runtime/52cb2c8/runTime/lib/libpython2.7.so.1.0', '-DUSD_LIB_PREFIX=lib', '-DCMAKE_WANT_MATERIALX_BUILD=ON', '-DCMAKE_PREFIX_PATH=/local/S/jenkins/workspace/shared/Artifactory/Linux/USD/594b459']
[2023-03-31T14:06:27.645Z]           Stages arguments          ['configure']
[2023-03-31T14:06:27.645Z]           CTest arguments           ['-E testUsdReferenceAssemblySelection|testUsdMayaAppDir', '-LE interactive', '--parallel 16']
[2023-03-31T14:06:27.645Z]     #####################################################################################
[2023-03-31T14:06:27.645Z]     log date: 2023-03-31 07:06
[2023-03-31T14:06:27.645Z]     commit sha: cb25652d18e0c99b8fa2e4d866c820eafe266014
[2023-03-31T14:06:27.645Z]     commit date: Fri Mar 31 07:05:35 2023 -0700
[2023-03-31T14:06:27.645Z]     #####################################################################################
[2023-03-31T14:06:27.645Z]     
[2023-03-31T14:06:27.645Z]     cmake -DCMAKE_INSTALL_PREFIX="/local/S/jenkins/workspace/ECP/ecg-maya-usd/ecg-mayausd-branch-preflight-2022-linux/install/RelWithDebInfo/MayaUSD" -DCMAKE_BUILD_TYPE=RelWithDebInfo -DCMAKE_EXPORT_COMPILE_COMMANDS=ON -G "Ninja" -DMAYA_LOCATION="/local/S/jenkins/workspace/shared/Artifactory/Linux/rundev-2022/202303271415/runtime/52cb2c8/runTime" -DPXR_USD_LOCATION="/local/S/jenkins/workspace/shared/Artifactory/Linux/USD/594b459" -DMAYA_DEVKIT_LOCATION="/local/S/jenkins/workspace/shared/Artifactory/Linux/rundev-2022/202303271415/runtime/52cb2c8/devkitBase" -DCMAKE_WANT_MATERIALX_BUILD=ON -DCMAKE_PREFIX_PATH="/local/S/jenkins/workspace/shared/Artifactory/Linux/USD/594b459" -DMAYAUSD_DEFINE_BOOST_DEBUG_PYTHON_FLAG=OFF -DQT_LOCATION="/local/S/jenkins/workspace/shared/Artifactory/Linux/qt/5.15.2/49402fc" -DCMAKE_MAKE_PROGRAM=/local/S/jenkins/workspace/shared/Artifactory/Linux/ninja/1.9.0/aca9939/ninja -DPYTHON_INCLUDE_DIR=/local/S/jenkins/workspace/shared/Artifactory/Linux/rundev-2022/202303271415/runtime/52cb2c8/runTime/include/Python27/Python -DPython_EXECUTABLE=/local/S/jenkins/workspace/shared/Artifactory/Linux/rundev-2022/202303271415/runtime/52cb2c8/runTime/bin/mayapy2 -DPYTHON_LIBRARIES=/local/S/jenkins/workspace/shared/Artifactory/Linux/rundev-2022/202303271415/runtime/52cb2c8/runTime/lib/libpython2.7.so.1.0 -DUSD_LIB_PREFIX=lib -DCMAKE_WANT_MATERIALX_BUILD=ON -DCMAKE_PREFIX_PATH=/local/S/jenkins/workspace/shared/Artifactory/Linux/USD/594b459 "/home/S/jenkins/workspace/ECP/ecg-maya-usd/ecg-mayausd-branch-preflight-2022-linux/ecg-maya-usd/maya-usd"
[2023-03-31T14:06:27.645Z]     
[2023-03-31T14:06:27.645Z]     Traceback (most recent call last):
[2023-03-31T14:06:27.645Z]       File "/home/S/jenkins/workspace/ECP/ecg-maya-usd/ecg-mayausd-branch-preflight-2022-linux/ecg-maya-usd/maya-usd/build.py", line 636, in <module>
[2023-03-31T14:06:27.645Z]         BuildAndInstall(context, context.buildArgs, context.stagesArgs)
[2023-03-31T14:06:27.645Z]       File "/home/S/jenkins/workspace/ECP/ecg-maya-usd/ecg-mayausd-branch-preflight-2022-linux/ecg-maya-usd/maya-usd/build.py", line 397, in BuildAndInstall
[2023-03-31T14:06:27.645Z]         RunCMake(context, extraArgs, stagesArgs)
[2023-03-31T14:06:27.645Z]       File "/home/S/jenkins/workspace/ECP/ecg-maya-usd/ecg-mayausd-branch-preflight-2022-linux/ecg-maya-usd/maya-usd/build.py", line 298, in RunCMake
[2023-03-31T14:06:27.645Z]         extraArgs=(" ".join(extraArgs) if extraArgs else "")))
[2023-03-31T14:06:27.645Z]       File "/home/S/jenkins/workspace/ECP/ecg-maya-usd/ecg-mayausd-branch-preflight-2022-linux/ecg-maya-usd/maya-usd/build.py", line 179, in Run
[2023-03-31T14:06:27.645Z]         .format(cmd=cmd, log=os.path.abspath(context.logFileLocation)))
[2023-03-31T14:06:27.645Z]     RuntimeError: Failed to run 'cmake -DCMAKE_INSTALL_PREFIX="/local/S/jenkins/workspace/ECP/ecg-maya-usd/ecg-mayausd-branch-preflight-2022-linux/install/RelWithDebInfo/MayaUSD" -DCMAKE_BUILD_TYPE=RelWithDebInfo -DCMAKE_EXPORT_COMPILE_COMMANDS=ON -G "Ninja" -DMAYA_LOCATION="/local/S/jenkins/workspace/shared/Artifactory/Linux/rundev-2022/202303271415/runtime/52cb2c8/runTime" -DPXR_USD_LOCATION="/local/S/jenkins/workspace/shared/Artifactory/Linux/USD/594b459" -DMAYA_DEVKIT_LOCATION="/local/S/jenkins/workspace/shared/Artifactory/Linux/rundev-2022/202303271415/runtime/52cb2c8/devkitBase" -DCMAKE_WANT_MATERIALX_BUILD=ON -DCMAKE_PREFIX_PATH="/local/S/jenkins/workspace/shared/Artifactory/Linux/USD/594b459" -DMAYAUSD_DEFINE_BOOST_DEBUG_PYTHON_FLAG=OFF -DQT_LOCATION="/local/S/jenkins/workspace/shared/Artifactory/Linux/qt/5.15.2/49402fc" -DCMAKE_MAKE_PROGRAM=/local/S/jenkins/workspace/shared/Artifactory/Linux/ninja/1.9.0/aca9939/ninja -DPYTHON_INCLUDE_DIR=/local/S/jenkins/workspace/shared/Artifactory/Linux/rundev-2022/202303271415/runtime/52cb2c8/runTime/include/Python27/Python -DPython_EXECUTABLE=/local/S/jenkins/workspace/shared/Artifactory/Linux/rundev-2022/202303271415/runtime/52cb2c8/runTime/bin/mayapy2 -DPYTHON_LIBRARIES=/local/S/jenkins/workspace/shared/Artifactory/Linux/rundev-2022/202303271415/runtime/52cb2c8/runTime/lib/libpython2.7.so.1.0 -DUSD_LIB_PREFIX=lib -DCMAKE_WANT_MATERIALX_BUILD=ON -DCMAKE_PREFIX_PATH=/local/S/jenkins/workspace/shared/Artifactory/Linux/USD/594b459 "/home/S/jenkins/workspace/ECP/ecg-maya-usd/ecg-mayausd-branch-preflight-2022-linux/ecg-maya-usd/maya-usd"'
[2023-03-31T14:06:27.645Z]     See /local/S/jenkins/workspace/ECP/ecg-maya-usd/ecg-mayausd-branch-preflight-2022-linux/build/RelWithDebInfo/build_log.txt for more details.
[2023-03-31T14:06:27.645Z] build.py: error: Command failed with error code: 1
[Pipeline] }
[Pipeline] // withEnv
[Pipeline] }
[Pipeline] // timeout
[Pipeline] }
[Pipeline] // stage
[Pipeline] }
[Pipeline] // timestamps
[Pipeline] emailextrecipients
Not sending mail to unregistered user ecg.jenkins@autodesk.com because your SCM claimed this was associated with a user ID ‘ecg.jenkins' which your security realm does not recognize; you may need changes in your SCM plugin
Not sending mail to unregistered user ecg.jenkins@autodesk.com because your SCM claimed this was associated with a user ID ‘ecg.jenkins' which your security realm does not recognize; you may need changes in your SCM plugin
[Pipeline] echo
No recipients to send notification.
[Pipeline] }
[Pipeline] // node
[Pipeline] End of Pipeline
ERROR: script returned exit code 1
[Checks API] No suitable checks publisher found.
Finished: FAILURE
