[2023-03-31T14:06:25.279Z] ================================================================================
[2023-03-31T14:06:25.279Z]                              setup (RelWithDebInfo)
[2023-03-31T14:06:25.279Z] ================================================================================
[Pipeline] }
[Pipeline] // withEnv
[Pipeline] }
[Pipeline] // timeout
[Pipeline] }
[Pipeline] // stage
[Pipeline] }
[Pipeline] // timestamps
[Pipeline] timestamps
[Pipeline] {
[Pipeline] stage
[Pipeline] { (Clean)
[Pipeline] timeout
[2023-03-31T14:06:25.441Z] Timeout set to expire in 6 hr 0 min
[Pipeline] {
[Pipeline] withEnv
[Pipeline] {
[Pipeline] sh
[2023-03-31T14:06:25.998Z] + scl enable devtoolset-6 -
[2023-03-31T14:06:25.998Z] python ecg-maya-usd/build.py --stages=clean --workspace-dir=/local/S/jenkins/workspace/ECP/ecg-maya-usd/ecg-mayausd-branch-preflight-2020-linux --artifactory-dir=/local/S/jenkins/workspace/shared/Artifactory --build-dir=/local/S/jenkins/workspace/ECP/ecg-maya-usd/ecg-mayausd-branch-preflight-2020-linux/build --install-dir=/local/S/jenkins/workspace/ECP/ecg-maya-usd/ecg-mayausd-branch-preflight-2020-linux/install --signing-dir=/local/S/jenkins/workspace/ECP/ecg-maya-usd/ecg-mayausd-branch-preflight-2020-linux/signing --package-dir=/local/S/jenkins/workspace/ECP/ecg-maya-usd/ecg-mayausd-branch-preflight-2020-linux/package --output-dir=/local/S/jenkins/workspace/ECP/ecg-maya-usd/ecg-mayausd-branch-preflight-2020-linux/output --stash-dir=/local/S/jenkins/workspace/ECP/ecg-maya-usd/ecg-mayausd-branch-preflight-2020-linux/stash --jenkins-build=816 --git-commit=187ad5f540de68c261aa637ad6e8835c0ebabe94 --git-branch=master --variants=RelWithDebInfo --python=2.7 --post-zips=false --maya-cut-config=maya-rundev-2020.yaml --maya-package=rundev-2020 --stage-banner
[2023-03-31T14:06:26.801Z] Using Maya cut from /local/S/jenkins/workspace/shared/Artifactory/Linux/rundev-2020/202107140359/runtime/a6ca045
[2023-03-31T14:06:26.801Z] 
[2023-03-31T14:06:26.801Z] ================================================================================
[2023-03-31T14:06:26.801Z]                              clean (RelWithDebInfo)
[2023-03-31T14:06:26.801Z] ================================================================================
[2023-03-31T14:06:26.801Z] Maya Python RelWithDebInfo Info:
[2023-03-31T14:06:26.801Z]   mayapy executable   = /local/S/jenkins/workspace/shared/Artifactory/Linux/rundev-2020/202107140359/runtime/a6ca045/runTime/bin/mayapy
[2023-03-31T14:06:26.801Z]   Include Folder      = /local/S/jenkins/workspace/shared/Artifactory/Linux/rundev-2020/202107140359/runtime/a6ca045/runTime/include/Python
[2023-03-31T14:06:26.801Z]   Library             = /local/S/jenkins/workspace/shared/Artifactory/Linux/rundev-2020/202107140359/runtime/a6ca045/runTime/lib/libpython2.7.so.1.0
[2023-03-31T14:06:26.801Z]   site-package Folder = /local/S/jenkins/workspace/shared/Artifactory/Linux/rundev-2020/202107140359/runtime/a6ca045/runTime/lib/python2.7/site-packages
[2023-03-31T14:06:29.709Z] In workdir: /home/S/jenkins/workspace/ECP/ecg-maya-usd/ecg-mayausd-branch-preflight-2020-linux/ecg-maya-usd/maya-usd
[2023-03-31T14:06:29.709Z] Executing: /local/S/jenkins/workspace/shared/Artifactory/Linux/rundev-2020/202107140359/runtime/a6ca045/runTime/bin/mayapy /home/S/jenkins/workspace/ECP/ecg-maya-usd/ecg-mayausd-branch-preflight-2020-linux/ecg-maya-usd/maya-usd/build.py --generator Ninja --build-relwithdebug --maya-location /local/S/jenkins/workspace/shared/Artifactory/Linux/rundev-2020/202107140359/runtime/a6ca045/runTime --devkit-location /local/S/jenkins/workspace/shared/Artifactory/Linux/rundev-2020/202107140359/runtime/a6ca045/devkitBase --pxrusd-location /local/S/jenkins/workspace/shared/Artifactory/Linux/USD/594b459 --qt-location /local/S/jenkins/workspace/shared/Artifactory/Linux/qt/5.12.5/84f551b --build-args=-DCMAKE_MAKE_PROGRAM=/local/S/jenkins/workspace/shared/Artifactory/Linux/ninja/1.9.0/aca9939/ninja,-DPYTHON_INCLUDE_DIR=/local/S/jenkins/workspace/shared/Artifactory/Linux/rundev-2020/202107140359/runtime/a6ca045/runTime/include/Python,-DPython_EXECUTABLE=/local/S/jenkins/workspace/shared/Artifactory/Linux/rundev-2020/202107140359/runtime/a6ca045/runTime/bin/mayapy,-DPYTHON_LIBRARIES=/local/S/jenkins/workspace/shared/Artifactory/Linux/rundev-2020/202107140359/runtime/a6ca045/runTime/lib/libpython2.7.so.1.0,-DUSD_LIB_PREFIX=lib,-DCMAKE_WANT_MATERIALX_BUILD=ON,-DCMAKE_PREFIX_PATH=/local/S/jenkins/workspace/shared/Artifactory/Linux/USD/594b459 '--ctest-args=-E testUsdReferenceAssemblySelection|testUsdMayaAppDir|AL_MayaUtilsTests|testUsdImportDisplacement|testUsdImportFrameRange,-LE interactive,--parallel 16' --stages=clean --redirect-outstream-file=False --install-location /local/S/jenkins/workspace/ECP/ecg-maya-usd/ecg-mayausd-branch-preflight-2020-linux/install/RelWithDebInfo/MayaUSD /local/S/jenkins/workspace/ECP/ecg-maya-usd/ecg-mayausd-branch-preflight-2020-linux
[2023-03-31T14:06:29.709Z] Modified environment variables:
[2023-03-31T14:06:29.709Z]     PATH=/local/S/jenkins/workspace/shared/Artifactory/Linux/cmake/3.20.3/ab685d7/bin:/opt/rh/devtoolset-6/root/usr/bin:/usr/local/bin:/usr/bin
[2023-03-31T14:06:29.709Z]     LD_LIBRARY_PATH=/opt/rh/devtoolset-6/root/usr/lib64:/opt/rh/devtoolset-6/root/usr/lib64:/opt/rh/devtoolset-6/root/usr/lib
[2023-03-31T14:06:29.809Z]     
[2023-03-31T14:06:29.809Z]         Building with settings:
[2023-03-31T14:06:29.809Z]           Source directory          /home/S/jenkins/workspace/ECP/ecg-maya-usd/ecg-mayausd-branch-preflight-2020-linux/ecg-maya-usd/maya-usd
[2023-03-31T14:06:29.809Z]           Workspace directory       /local/S/jenkins/workspace/ECP/ecg-maya-usd/ecg-mayausd-branch-preflight-2020-linux
[2023-03-31T14:06:29.809Z]           Build directory           /local/S/jenkins/workspace/ECP/ecg-maya-usd/ecg-mayausd-branch-preflight-2020-linux/build/RelWithDebInfo
[2023-03-31T14:06:29.809Z]           Install directory         /local/S/jenkins/workspace/ECP/ecg-maya-usd/ecg-mayausd-branch-preflight-2020-linux/install/RelWithDebInfo/MayaUSD
[2023-03-31T14:06:29.809Z]           Variant                   RelWithDebInfo
[2023-03-31T14:06:29.809Z]           Python Debug              Off
[2023-03-31T14:06:29.809Z]           CMake generator           Ninja
[2023-03-31T14:06:29.809Z]           Build arguments           ['-DCMAKE_MAKE_PROGRAM=/local/S/jenkins/workspace/shared/Artifactory/Linux/ninja/1.9.0/aca9939/ninja', '-DPYTHON_INCLUDE_DIR=/local/S/jenkins/workspace/shared/Artifactory/Linux/rundev-2020/202107140359/runtime/a6ca045/runTime/include/Python', '-DPython_EXECUTABLE=/local/S/jenkins/workspace/shared/Artifactory/Linux/rundev-2020/202107140359/runtime/a6ca045/runTime/bin/mayapy', '-DPYTHON_LIBRARIES=/local/S/jenkins/workspace/shared/Artifactory/Linux/rundev-2020/202107140359/runtime/a6ca045/runTime/lib/libpython2.7.so.1.0', '-DUSD_LIB_PREFIX=lib', '-DCMAKE_WANT_MATERIALX_BUILD=ON', '-DCMAKE_PREFIX_PATH=/local/S/jenkins/workspace/shared/Artifactory/Linux/USD/594b459']
[2023-03-31T14:06:29.809Z]           Stages arguments          ['clean']
[2023-03-31T14:06:29.809Z]           CTest arguments           ['-E testUsdReferenceAssemblySelection|testUsdMayaAppDir|AL_MayaUtilsTests|testUsdImportDisplacement|testUsdImportFrameRange', '-LE interactive', '--parallel 16']
[2023-03-31T14:06:29.809Z]     Success MayaUSD build and install !!!!
[2023-03-31T14:06:29.809Z]     Elapsed time: 00:00:00
[Pipeline] }
[Pipeline] // withEnv
[Pipeline] }
[Pipeline] // timeout
[Pipeline] }
[Pipeline] // stage
[Pipeline] }
[Pipeline] // timestamps
[Pipeline] timestamps
[Pipeline] {
[Pipeline] stage
[Pipeline] { (Configure)
[Pipeline] timeout
[2023-03-31T14:06:30.103Z] Timeout set to expire in 6 hr 0 min
[Pipeline] {
[Pipeline] withEnv
[Pipeline] {
[Pipeline] sh
[2023-03-31T14:06:30.836Z] + scl enable devtoolset-6 -
[2023-03-31T14:06:30.836Z] python ecg-maya-usd/build.py --stages=configure --workspace-dir=/local/S/jenkins/workspace/ECP/ecg-maya-usd/ecg-mayausd-branch-preflight-2020-linux --artifactory-dir=/local/S/jenkins/workspace/shared/Artifactory --build-dir=/local/S/jenkins/workspace/ECP/ecg-maya-usd/ecg-mayausd-branch-preflight-2020-linux/build --install-dir=/local/S/jenkins/workspace/ECP/ecg-maya-usd/ecg-mayausd-branch-preflight-2020-linux/install --signing-dir=/local/S/jenkins/workspace/ECP/ecg-maya-usd/ecg-mayausd-branch-preflight-2020-linux/signing --package-dir=/local/S/jenkins/workspace/ECP/ecg-maya-usd/ecg-mayausd-branch-preflight-2020-linux/package --output-dir=/local/S/jenkins/workspace/ECP/ecg-maya-usd/ecg-mayausd-branch-preflight-2020-linux/output --stash-dir=/local/S/jenkins/workspace/ECP/ecg-maya-usd/ecg-mayausd-branch-preflight-2020-linux/stash --jenkins-build=816 --git-commit=187ad5f540de68c261aa637ad6e8835c0ebabe94 --git-branch=master --variants=RelWithDebInfo --python=2.7 --post-zips=false --maya-cut-config=maya-rundev-2020.yaml --maya-package=rundev-2020 --stage-banner
[2023-03-31T14:06:31.439Z] Using Maya cut from /local/S/jenkins/workspace/shared/Artifactory/Linux/rundev-2020/202107140359/runtime/a6ca045
[2023-03-31T14:06:31.439Z] 
[2023-03-31T14:06:31.439Z] ================================================================================
[2023-03-31T14:06:31.439Z]                            configure (RelWithDebInfo)
[2023-03-31T14:06:31.439Z] ================================================================================
[2023-03-31T14:06:31.439Z] Maya Python RelWithDebInfo Info:
[2023-03-31T14:06:31.439Z]   mayapy executable   = /local/S/jenkins/workspace/shared/Artifactory/Linux/rundev-2020/202107140359/runtime/a6ca045/runTime/bin/mayapy
[2023-03-31T14:06:31.439Z]   Include Folder      = /local/S/jenkins/workspace/shared/Artifactory/Linux/rundev-2020/202107140359/runtime/a6ca045/runTime/include/Python
[2023-03-31T14:06:31.439Z]   Library             = /local/S/jenkins/workspace/shared/Artifactory/Linux/rundev-2020/202107140359/runtime/a6ca045/runTime/lib/libpython2.7.so.1.0
[2023-03-31T14:06:31.439Z]   site-package Folder = /local/S/jenkins/workspace/shared/Artifactory/Linux/rundev-2020/202107140359/runtime/a6ca045/runTime/lib/python2.7/site-packages
[2023-03-31T14:06:32.544Z] In workdir: /home/S/jenkins/workspace/ECP/ecg-maya-usd/ecg-mayausd-branch-preflight-2020-linux/ecg-maya-usd/maya-usd
[2023-03-31T14:06:32.544Z] Executing: /local/S/jenkins/workspace/shared/Artifactory/Linux/rundev-2020/202107140359/runtime/a6ca045/runTime/bin/mayapy /home/S/jenkins/workspace/ECP/ecg-maya-usd/ecg-mayausd-branch-preflight-2020-linux/ecg-maya-usd/maya-usd/build.py --generator Ninja --build-relwithdebug --maya-location /local/S/jenkins/workspace/shared/Artifactory/Linux/rundev-2020/202107140359/runtime/a6ca045/runTime --devkit-location /local/S/jenkins/workspace/shared/Artifactory/Linux/rundev-2020/202107140359/runtime/a6ca045/devkitBase --pxrusd-location /local/S/jenkins/workspace/shared/Artifactory/Linux/USD/594b459 --qt-location /local/S/jenkins/workspace/shared/Artifactory/Linux/qt/5.12.5/84f551b --build-args=-DCMAKE_MAKE_PROGRAM=/local/S/jenkins/workspace/shared/Artifactory/Linux/ninja/1.9.0/aca9939/ninja,-DPYTHON_INCLUDE_DIR=/local/S/jenkins/workspace/shared/Artifactory/Linux/rundev-2020/202107140359/runtime/a6ca045/runTime/include/Python,-DPython_EXECUTABLE=/local/S/jenkins/workspace/shared/Artifactory/Linux/rundev-2020/202107140359/runtime/a6ca045/runTime/bin/mayapy,-DPYTHON_LIBRARIES=/local/S/jenkins/workspace/shared/Artifactory/Linux/rundev-2020/202107140359/runtime/a6ca045/runTime/lib/libpython2.7.so.1.0,-DUSD_LIB_PREFIX=lib,-DCMAKE_WANT_MATERIALX_BUILD=ON,-DCMAKE_PREFIX_PATH=/local/S/jenkins/workspace/shared/Artifactory/Linux/USD/594b459 '--ctest-args=-E testUsdReferenceAssemblySelection|testUsdMayaAppDir|AL_MayaUtilsTests|testUsdImportDisplacement|testUsdImportFrameRange,-LE interactive,--parallel 16' --stages=configure --redirect-outstream-file=False --install-location /local/S/jenkins/workspace/ECP/ecg-maya-usd/ecg-mayausd-branch-preflight-2020-linux/install/RelWithDebInfo/MayaUSD /local/S/jenkins/workspace/ECP/ecg-maya-usd/ecg-mayausd-branch-preflight-2020-linux
[2023-03-31T14:06:32.544Z] Modified environment variables:
[2023-03-31T14:06:32.544Z]     PATH=/local/S/jenkins/workspace/shared/Artifactory/Linux/cmake/3.20.3/ab685d7/bin:/opt/rh/devtoolset-6/root/usr/bin:/usr/local/bin:/usr/bin
[2023-03-31T14:06:32.544Z]     LD_LIBRARY_PATH=/opt/rh/devtoolset-6/root/usr/lib64:/opt/rh/devtoolset-6/root/usr/lib64:/opt/rh/devtoolset-6/root/usr/lib
[2023-03-31T14:06:32.946Z]     -- The C compiler identification is GNU 6.3.1
[2023-03-31T14:06:33.147Z]     -- The CXX compiler identification is GNU 6.3.1
[2023-03-31T14:06:33.147Z]     -- Detecting C compiler ABI info
[2023-03-31T14:06:33.147Z]     -- Detecting C compiler ABI info - done
[2023-03-31T14:06:33.147Z]     -- Check for working C compiler: /opt/rh/devtoolset-6/root/usr/bin/cc - skipped
[2023-03-31T14:06:33.147Z]     -- Detecting C compile features
[2023-03-31T14:06:33.147Z]     -- Detecting C compile features - done
[2023-03-31T14:06:33.247Z]     -- Detecting CXX compiler ABI info
[2023-03-31T14:06:33.348Z]     -- Detecting CXX compiler ABI info - done
[2023-03-31T14:06:33.348Z]     -- Check for working CXX compiler: /opt/rh/devtoolset-6/root/usr/bin/c++ - skipped
[2023-03-31T14:06:33.348Z]     -- Detecting CXX compile features
[2023-03-31T14:06:33.348Z]     -- Detecting CXX compile features - done
[2023-03-31T14:06:33.348Z]     -- Using Maya Light API Version 1
[2023-03-31T14:06:33.348Z]     -- Maya array iterator has difference_type trait
[2023-03-31T14:06:33.449Z]     -- Found Maya: /local/S/jenkins/workspace/shared/Artifactory/Linux/rundev-2020/202107140359/runtime/a6ca045/runTime/bin/maya (found suitable version "2020", minimum required is "2018")
[2023-03-31T14:06:33.850Z]     -- Found Python: /local/S/jenkins/workspace/shared/Artifactory/Linux/rundev-2020/202107140359/runtime/a6ca045/runTime/bin/mayapy (found suitable exact version "2.7.11") found components: Interpreter
[2023-03-31T14:06:33.850Z]     -- Build MayaUSD with Python3 = OFF
[2023-03-31T14:06:33.850Z]     --    PYTHON_INCLUDE_DIRS = /local/S/jenkins/workspace/shared/Artifactory/Linux/rundev-2020/202107140359/runtime/a6ca045/runTime/include/Python
[2023-03-31T14:06:33.850Z]     --    PYTHON_LIBRARIES    = /local/S/jenkins/workspace/shared/Artifactory/Linux/rundev-2020/202107140359/runtime/a6ca045/runTime/lib/libpython2.7.so.1.0
[2023-03-31T14:06:33.850Z]     --    Python_EXECUTABLE   = /local/S/jenkins/workspace/shared/Artifactory/Linux/rundev-2020/202107140359/runtime/a6ca045/runTime/bin/mayapy
[2023-03-31T14:06:34.252Z]     -- USD v0.21.11 has security patches.
[2023-03-31T14:06:34.252Z]     -- USD include dir: /local/S/jenkins/workspace/shared/Artifactory/Linux/USD/594b459/include
[2023-03-31T14:06:34.252Z]     -- USD library dir: /local/S/jenkins/workspace/shared/Artifactory/Linux/USD/594b459/lib
[2023-03-31T14:06:34.252Z]     -- USD version: 0.21.11
[2023-03-31T14:06:34.252Z]     -- Autodesk USD version: 0.21.11-ad1
[2023-03-31T14:06:34.252Z]     -- Found USD: /local/S/jenkins/workspace/shared/Artifactory/Linux/USD/594b459 (found suitable version "0.21.11", minimum required is "0.20.05")
[2023-03-31T14:06:34.252Z]     Updated PYTHONPATH: /opt/rh/devtoolset-6/root/usr/lib64/python2.7/site-packages:/opt/rh/devtoolset-6/root/usr/lib/python2.7/site-packages:/local/S/jenkins/workspace/shared/Artifactory/Linux/USD/594b459/lib/python
[2023-03-31T14:06:34.252Z]     -- UFE include dir: /local/S/jenkins/workspace/shared/Artifactory/Linux/rundev-2020/202107140359/runtime/a6ca045/devkitBase/devkit/ufe/include
[2023-03-31T14:06:34.252Z]     -- UFE library: /local/S/jenkins/workspace/shared/Artifactory/Linux/rundev-2020/202107140359/runtime/a6ca045/devkitBase/devkit/ufe/lib/libufe_1.so
[2023-03-31T14:06:34.252Z]     -- UFE version: 1.0.0
[2023-03-31T14:06:34.252Z]     -- UFE preview features: ufe
[2023-03-31T14:06:34.252Z]     -- Building with UFE 1.0.0 features enabled.
[2023-03-31T14:06:34.252Z]     CMake Warning at CMakeLists.txt:148 (message):
[2023-03-31T14:06:34.252Z]       Disabling MaterialX VP2 rendering: it is not supported by this version of
[2023-03-31T14:06:34.252Z]       Maya.
[2023-03-31T14:06:34.252Z]     
[2023-03-31T14:06:34.252Z]     
[2023-03-31T14:06:34.252Z]     -- Found MaterialX
[2023-03-31T14:06:34.353Z]     -- Building with Qt features enabled.
[2023-03-31T14:06:34.353Z]     -- **** Building Gulrak From Github Repository.
[2023-03-31T14:06:34.353Z]     -- Populating gulrak
[2023-03-31T14:06:34.353Z]     -- Configuring done
[2023-03-31T14:06:34.353Z]     -- Generating done
[2023-03-31T14:06:34.353Z]     -- Build files have been written to: /home/S/jenkins/workspace/ECP/ecg-maya-usd/ecg-mayausd-branch-preflight-2020-linux/build/RelWithDebInfo/_deps/gulrak-subbuild
[2023-03-31T14:06:34.353Z]     [1/9] Creating directories for 'gulrak-populate'
[2023-03-31T14:06:34.353Z]     [1/9] Performing download step (git clone) for 'gulrak-populate'
[2023-03-31T14:06:34.353Z]     Cloning into 'gulrak-src'...
[2023-03-31T14:06:34.553Z]     fatal: unable to access 'https://github.com/gulrak/filesystem.git/': Encountered end of file
[2023-03-31T14:06:34.553Z]     Cloning into 'gulrak-src'...
[2023-03-31T14:06:34.654Z]     fatal: unable to access 'https://github.com/gulrak/filesystem.git/': Encountered end of file
[2023-03-31T14:06:34.754Z]     Cloning into 'gulrak-src'...
[2023-03-31T14:06:34.855Z]     fatal: unable to access 'https://github.com/gulrak/filesystem.git/': Encountered end of file
[2023-03-31T14:06:34.855Z]     -- Had to git clone more than once:
[2023-03-31T14:06:34.855Z]               3 times.
[2023-03-31T14:06:34.855Z]     CMake Error at gulrak-subbuild/gulrak-populate-prefix/tmp/gulrak-populate-gitclone.cmake:31 (message):
[2023-03-31T14:06:34.855Z]       Failed to clone repository: 'https://github.com/gulrak/filesystem.git'
[2023-03-31T14:06:34.855Z]     
[2023-03-31T14:06:34.855Z]     
[2023-03-31T14:06:34.855Z]     FAILED: gulrak-populate-prefix/src/gulrak-populate-stamp/gulrak-populate-download
[2023-03-31T14:06:34.855Z]     cd /home/S/jenkins/workspace/ECP/ecg-maya-usd/ecg-mayausd-branch-preflight-2020-linux/build/RelWithDebInfo/_deps && /home/S/jenkins/workspace/shared/Artifactory/Linux/cmake/3.20.3/ab685d7/bin/cmake -P /home/S/jenkins/workspace/ECP/ecg-maya-usd/ecg-mayausd-branch-preflight-2020-linux/build/RelWithDebInfo/_deps/gulrak-subbuild/gulrak-populate-prefix/tmp/gulrak-populate-gitclone.cmake && /home/S/jenkins/workspace/shared/Artifactory/Linux/cmake/3.20.3/ab685d7/bin/cmake -E touch /home/S/jenkins/workspace/ECP/ecg-maya-usd/ecg-mayausd-branch-preflight-2020-linux/build/RelWithDebInfo/_deps/gulrak-subbuild/gulrak-populate-prefix/src/gulrak-populate-stamp/gulrak-populate-download
[2023-03-31T14:06:34.855Z]     ninja: build stopped: subcommand failed.
[2023-03-31T14:06:34.855Z]     CMake Error at /home/S/jenkins/workspace/shared/Artifactory/Linux/cmake/3.20.3/ab685d7/share/cmake-3.20/Modules/FetchContent.cmake:1012 (message):
[2023-03-31T14:06:34.855Z]       Build step for gulrak failed: 1
[2023-03-31T14:06:34.855Z]     Call Stack (most recent call first):
[2023-03-31T14:06:34.855Z]       /home/S/jenkins/workspace/shared/Artifactory/Linux/cmake/3.20.3/ab685d7/share/cmake-3.20/Modules/FetchContent.cmake:1141:EVAL:2 (__FetchContent_directPopulate)
[2023-03-31T14:06:34.855Z]       /home/S/jenkins/workspace/shared/Artifactory/Linux/cmake/3.20.3/ab685d7/share/cmake-3.20/Modules/FetchContent.cmake:1141 (cmake_language)
[2023-03-31T14:06:34.855Z]       /home/S/jenkins/workspace/shared/Artifactory/Linux/cmake/3.20.3/ab685d7/share/cmake-3.20/Modules/FetchContent.cmake:1184 (FetchContent_Populate)
[2023-03-31T14:06:34.855Z]       cmake/gulrak.cmake:48 (FetchContent_MakeAvailable)
[2023-03-31T14:06:34.855Z]       CMakeLists.txt:184 (include)
[2023-03-31T14:06:34.855Z]     
[2023-03-31T14:06:34.855Z]     
[2023-03-31T14:06:34.855Z]     -- Configuring incomplete, errors occurred!
[2023-03-31T14:06:34.855Z]     See also "/home/S/jenkins/workspace/ECP/ecg-maya-usd/ecg-mayausd-branch-preflight-2020-linux/build/RelWithDebInfo/CMakeFiles/CMakeOutput.log".
[2023-03-31T14:06:34.855Z]     
[2023-03-31T14:06:34.855Z]         Building with settings:
[2023-03-31T14:06:34.855Z]           Source directory          /home/S/jenkins/workspace/ECP/ecg-maya-usd/ecg-mayausd-branch-preflight-2020-linux/ecg-maya-usd/maya-usd
[2023-03-31T14:06:34.855Z]           Workspace directory       /local/S/jenkins/workspace/ECP/ecg-maya-usd/ecg-mayausd-branch-preflight-2020-linux
[2023-03-31T14:06:34.855Z]           Build directory           /local/S/jenkins/workspace/ECP/ecg-maya-usd/ecg-mayausd-branch-preflight-2020-linux/build/RelWithDebInfo
[2023-03-31T14:06:34.855Z]           Install directory         /local/S/jenkins/workspace/ECP/ecg-maya-usd/ecg-mayausd-branch-preflight-2020-linux/install/RelWithDebInfo/MayaUSD
[2023-03-31T14:06:34.855Z]           Variant                   RelWithDebInfo
[2023-03-31T14:06:34.855Z]           Python Debug              Off
[2023-03-31T14:06:34.855Z]           CMake generator           Ninja
[2023-03-31T14:06:34.855Z]           Build arguments           ['-DCMAKE_MAKE_PROGRAM=/local/S/jenkins/workspace/shared/Artifactory/Linux/ninja/1.9.0/aca9939/ninja', '-DPYTHON_INCLUDE_DIR=/local/S/jenkins/workspace/shared/Artifactory/Linux/rundev-2020/202107140359/runtime/a6ca045/runTime/include/Python', '-DPython_EXECUTABLE=/local/S/jenkins/workspace/shared/Artifactory/Linux/rundev-2020/202107140359/runtime/a6ca045/runTime/bin/mayapy', '-DPYTHON_LIBRARIES=/local/S/jenkins/workspace/shared/Artifactory/Linux/rundev-2020/202107140359/runtime/a6ca045/runTime/lib/libpython2.7.so.1.0', '-DUSD_LIB_PREFIX=lib', '-DCMAKE_WANT_MATERIALX_BUILD=ON', '-DCMAKE_PREFIX_PATH=/local/S/jenkins/workspace/shared/Artifactory/Linux/USD/594b459']
[2023-03-31T14:06:34.855Z]           Stages arguments          ['configure']
[2023-03-31T14:06:34.855Z]           CTest arguments           ['-E testUsdReferenceAssemblySelection|testUsdMayaAppDir|AL_MayaUtilsTests|testUsdImportDisplacement|testUsdImportFrameRange', '-LE interactive', '--parallel 16']
[2023-03-31T14:06:34.855Z]     #####################################################################################
[2023-03-31T14:06:34.855Z]     log date: 2023-03-31 07:06
[2023-03-31T14:06:34.855Z]     commit sha: cb25652d18e0c99b8fa2e4d866c820eafe266014
[2023-03-31T14:06:34.855Z]     commit date: Fri Mar 31 07:05:35 2023 -0700
[2023-03-31T14:06:34.855Z]     #####################################################################################
[2023-03-31T14:06:34.855Z]     
[2023-03-31T14:06:34.855Z]     cmake -DCMAKE_INSTALL_PREFIX="/local/S/jenkins/workspace/ECP/ecg-maya-usd/ecg-mayausd-branch-preflight-2020-linux/install/RelWithDebInfo/MayaUSD" -DCMAKE_BUILD_TYPE=RelWithDebInfo -DCMAKE_EXPORT_COMPILE_COMMANDS=ON -G "Ninja" -DMAYA_LOCATION="/local/S/jenkins/workspace/shared/Artifactory/Linux/rundev-2020/202107140359/runtime/a6ca045/runTime" -DPXR_USD_LOCATION="/local/S/jenkins/workspace/shared/Artifactory/Linux/USD/594b459" -DMAYA_DEVKIT_LOCATION="/local/S/jenkins/workspace/shared/Artifactory/Linux/rundev-2020/202107140359/runtime/a6ca045/devkitBase" -DCMAKE_WANT_MATERIALX_BUILD=ON -DCMAKE_PREFIX_PATH="/local/S/jenkins/workspace/shared/Artifactory/Linux/USD/594b459" -DMAYAUSD_DEFINE_BOOST_DEBUG_PYTHON_FLAG=OFF -DQT_LOCATION="/local/S/jenkins/workspace/shared/Artifactory/Linux/qt/5.12.5/84f551b" -DCMAKE_MAKE_PROGRAM=/local/S/jenkins/workspace/shared/Artifactory/Linux/ninja/1.9.0/aca9939/ninja -DPYTHON_INCLUDE_DIR=/local/S/jenkins/workspace/shared/Artifactory/Linux/rundev-2020/202107140359/runtime/a6ca045/runTime/include/Python -DPython_EXECUTABLE=/local/S/jenkins/workspace/shared/Artifactory/Linux/rundev-2020/202107140359/runtime/a6ca045/runTime/bin/mayapy -DPYTHON_LIBRARIES=/local/S/jenkins/workspace/shared/Artifactory/Linux/rundev-2020/202107140359/runtime/a6ca045/runTime/lib/libpython2.7.so.1.0 -DUSD_LIB_PREFIX=lib -DCMAKE_WANT_MATERIALX_BUILD=ON -DCMAKE_PREFIX_PATH=/local/S/jenkins/workspace/shared/Artifactory/Linux/USD/594b459 "/home/S/jenkins/workspace/ECP/ecg-maya-usd/ecg-mayausd-branch-preflight-2020-linux/ecg-maya-usd/maya-usd"
[2023-03-31T14:06:34.855Z]     
[2023-03-31T14:06:34.855Z]     Traceback (most recent call last):
[2023-03-31T14:06:34.855Z]       File "/home/S/jenkins/workspace/ECP/ecg-maya-usd/ecg-mayausd-branch-preflight-2020-linux/ecg-maya-usd/maya-usd/build.py", line 636, in <module>
[2023-03-31T14:06:34.855Z]         BuildAndInstall(context, context.buildArgs, context.stagesArgs)
[2023-03-31T14:06:34.855Z]       File "/home/S/jenkins/workspace/ECP/ecg-maya-usd/ecg-mayausd-branch-preflight-2020-linux/ecg-maya-usd/maya-usd/build.py", line 397, in BuildAndInstall
[2023-03-31T14:06:34.855Z]         RunCMake(context, extraArgs, stagesArgs)
[2023-03-31T14:06:34.855Z]       File "/home/S/jenkins/workspace/ECP/ecg-maya-usd/ecg-mayausd-branch-preflight-2020-linux/ecg-maya-usd/maya-usd/build.py", line 298, in RunCMake
[2023-03-31T14:06:34.855Z]         extraArgs=(" ".join(extraArgs) if extraArgs else "")))
[2023-03-31T14:06:34.855Z]       File "/home/S/jenkins/workspace/ECP/ecg-maya-usd/ecg-mayausd-branch-preflight-2020-linux/ecg-maya-usd/maya-usd/build.py", line 179, in Run
[2023-03-31T14:06:34.855Z]         .format(cmd=cmd, log=os.path.abspath(context.logFileLocation)))
[2023-03-31T14:06:34.855Z]     RuntimeError: Failed to run 'cmake -DCMAKE_INSTALL_PREFIX="/local/S/jenkins/workspace/ECP/ecg-maya-usd/ecg-mayausd-branch-preflight-2020-linux/install/RelWithDebInfo/MayaUSD" -DCMAKE_BUILD_TYPE=RelWithDebInfo -DCMAKE_EXPORT_COMPILE_COMMANDS=ON -G "Ninja" -DMAYA_LOCATION="/local/S/jenkins/workspace/shared/Artifactory/Linux/rundev-2020/202107140359/runtime/a6ca045/runTime" -DPXR_USD_LOCATION="/local/S/jenkins/workspace/shared/Artifactory/Linux/USD/594b459" -DMAYA_DEVKIT_LOCATION="/local/S/jenkins/workspace/shared/Artifactory/Linux/rundev-2020/202107140359/runtime/a6ca045/devkitBase" -DCMAKE_WANT_MATERIALX_BUILD=ON -DCMAKE_PREFIX_PATH="/local/S/jenkins/workspace/shared/Artifactory/Linux/USD/594b459" -DMAYAUSD_DEFINE_BOOST_DEBUG_PYTHON_FLAG=OFF -DQT_LOCATION="/local/S/jenkins/workspace/shared/Artifactory/Linux/qt/5.12.5/84f551b" -DCMAKE_MAKE_PROGRAM=/local/S/jenkins/workspace/shared/Artifactory/Linux/ninja/1.9.0/aca9939/ninja -DPYTHON_INCLUDE_DIR=/local/S/jenkins/workspace/shared/Artifactory/Linux/rundev-2020/202107140359/runtime/a6ca045/runTime/include/Python -DPython_EXECUTABLE=/local/S/jenkins/workspace/shared/Artifactory/Linux/rundev-2020/202107140359/runtime/a6ca045/runTime/bin/mayapy -DPYTHON_LIBRARIES=/local/S/jenkins/workspace/shared/Artifactory/Linux/rundev-2020/202107140359/runtime/a6ca045/runTime/lib/libpython2.7.so.1.0 -DUSD_LIB_PREFIX=lib -DCMAKE_WANT_MATERIALX_BUILD=ON -DCMAKE_PREFIX_PATH=/local/S/jenkins/workspace/shared/Artifactory/Linux/USD/594b459 "/home/S/jenkins/workspace/ECP/ecg-maya-usd/ecg-mayausd-branch-preflight-2020-linux/ecg-maya-usd/maya-usd"'
[2023-03-31T14:06:34.855Z]     See /local/S/jenkins/workspace/ECP/ecg-maya-usd/ecg-mayausd-branch-preflight-2020-linux/build/RelWithDebInfo/build_log.txt for more details.
[2023-03-31T14:06:34.855Z] build.py: error: Command failed with error code: 1
[Pipeline] }
[Pipeline] // withEnv
[Pipeline] }
[Pipeline] // timeout
[Pipeline] }
[Pipeline] // stage
[Pipeline] }
[Pipeline] // timestamps
[Pipeline] emailextrecipients
Not sending mail to unregistered user ecg.jenkins@autodesk.com because your SCM claimed this was associated with a user ID ‘ecg.jenkins' which your security realm does not recognize; you may need changes in your SCM plugin
Not sending mail to unregistered user ecg.jenkins@autodesk.com because your SCM claimed this was associated with a user ID ‘ecg.jenkins' which your security realm does not recognize; you may need changes in your SCM plugin
[Pipeline] echo
No recipients to send notification.
[Pipeline] }
[Pipeline] // node
[Pipeline] End of Pipeline
ERROR: script returned exit code 1
[Checks API] No suitable checks publisher found.
Finished: FAILURE
