[2023-04-03T13:56:55.487Z] ================================================================================
[2023-04-03T13:56:55.487Z]                              setup (RelWithDebInfo)
[2023-04-03T13:56:55.487Z] ================================================================================
[Pipeline] }
[Pipeline] // withEnv
[Pipeline] }
[Pipeline] // timeout
[Pipeline] }
[Pipeline] // stage
[Pipeline] }
[Pipeline] // timestamps
[Pipeline] timestamps
[Pipeline] {
[Pipeline] stage
[Pipeline] { (Clean)
[Pipeline] timeout
[2023-04-03T13:56:55.804Z] Timeout set to expire in 6 hr 0 min
[Pipeline] {
[Pipeline] withEnv
[Pipeline] {
[Pipeline] sh
[2023-04-03T13:56:57.060Z] + python ecg-maya-usd/build.py --stages=clean --workspace-dir=/local/S/jenkins/workspace/ECP/ecg-maya-usd/ecg-mayausd-branch-preflight-2020-pxrusd-mid1-osx --artifactory-dir=/local/S/jenkins/workspace/shared/Artifactory --build-dir=/local/S/jenkins/workspace/ECP/ecg-maya-usd/ecg-mayausd-branch-preflight-2020-pxrusd-mid1-osx/build --install-dir=/local/S/jenkins/workspace/ECP/ecg-maya-usd/ecg-mayausd-branch-preflight-2020-pxrusd-mid1-osx/install --signing-dir=/local/S/jenkins/workspace/ECP/ecg-maya-usd/ecg-mayausd-branch-preflight-2020-pxrusd-mid1-osx/signing --package-dir=/local/S/jenkins/workspace/ECP/ecg-maya-usd/ecg-mayausd-branch-preflight-2020-pxrusd-mid1-osx/package --output-dir=/local/S/jenkins/workspace/ECP/ecg-maya-usd/ecg-mayausd-branch-preflight-2020-pxrusd-mid1-osx/output --stash-dir=/local/S/jenkins/workspace/ECP/ecg-maya-usd/ecg-mayausd-branch-preflight-2020-pxrusd-mid1-osx/stash --jenkins-build=817 --git-commit=0680c136f5d1874f5efd5705b0ad2f816007fc9a --git-branch=master --variants=RelWithDebInfo --python=2.7 --pxrusd-version=mid1 --post-zips=false --maya-cut-config=maya-rundev-2020.yaml --maya-package=rundev-2020 --stage-banner
[2023-04-03T13:56:57.485Z] No catalog entry registered for tbb-4.4u5-ub2.
[2023-04-03T13:56:57.485Z] Using Maya cut from /local/S/jenkins/workspace/shared/Artifactory/OSX/rundev-2020/202107140359/runtime/446214e
[2023-04-03T13:56:57.596Z] 
[2023-04-03T13:56:57.596Z] ================================================================================
[2023-04-03T13:56:57.596Z]                              clean (RelWithDebInfo)
[2023-04-03T13:56:57.596Z] ================================================================================
[2023-04-03T13:56:57.596Z] Maya Python RelWithDebInfo Info:
[2023-04-03T13:56:57.596Z]   mayapy executable   = /local/S/jenkins/workspace/shared/Artifactory/OSX/rundev-2020/202107140359/runtime/446214e/runTime/Maya.app/Contents/bin/mayapy
[2023-04-03T13:56:57.596Z]   Include Folder      = /local/S/jenkins/workspace/shared/Artifactory/OSX/rundev-2020/202107140359/runtime/446214e/runTime/Maya.app/Contents/Frameworks/Python.framework/Versions/Current/include/python2.7
[2023-04-03T13:56:57.596Z]   Library             = /local/S/jenkins/workspace/shared/Artifactory/OSX/rundev-2020/202107140359/runtime/446214e/runTime/Maya.app/Contents/Frameworks/Python.framework/Versions/Current/lib/libpython2.7.dylib
[2023-04-03T13:56:57.596Z]   site-package Folder = /local/S/jenkins/workspace/shared/Artifactory/OSX/rundev-2020/202107140359/runtime/446214e/runTime/Maya.app/Contents/Frameworks/Python.framework/Versions/Current/lib/python2.7/site-packages
[2023-04-03T13:56:58.226Z] In workdir: /local/S/jenkins/workspace/ECP/ecg-maya-usd/ecg-mayausd-branch-preflight-2020-pxrusd-mid1-osx/ecg-maya-usd/maya-usd
[2023-04-03T13:56:58.226Z] Executing: /local/S/jenkins/workspace/shared/Artifactory/OSX/rundev-2020/202107140359/runtime/446214e/runTime/Maya.app/Contents/bin/mayapy /local/S/jenkins/workspace/ECP/ecg-maya-usd/ecg-mayausd-branch-preflight-2020-pxrusd-mid1-osx/ecg-maya-usd/maya-usd/build.py --generator Ninja --build-relwithdebug --maya-location /local/S/jenkins/workspace/shared/Artifactory/OSX/rundev-2020/202107140359/runtime/446214e/runTime --devkit-location /local/S/jenkins/workspace/shared/Artifactory/OSX/rundev-2020/202107140359/runtime/446214e/devkitBase --pxrusd-location /local/S/jenkins/workspace/shared/Artifactory/OSX/USD/cae4017 --qt-location /local/S/jenkins/workspace/shared/Artifactory/OSX/qt/5.12.5/3ca78fe --build-args=-DCMAKE_MAKE_PROGRAM=/local/S/jenkins/workspace/shared/Artifactory/OSX/ninja/1.9.0/41005eb/ninja,-DPYTHON_INCLUDE_DIR=/local/S/jenkins/workspace/shared/Artifactory/OSX/rundev-2020/202107140359/runtime/446214e/runTime/Maya.app/Contents/Frameworks/Python.framework/Versions/Current/include/python2.7,-DPython_EXECUTABLE=/local/S/jenkins/workspace/shared/Artifactory/OSX/rundev-2020/202107140359/runtime/446214e/runTime/Maya.app/Contents/bin/mayapy,-DPYTHON_LIBRARIES=/local/S/jenkins/workspace/shared/Artifactory/OSX/rundev-2020/202107140359/runtime/446214e/runTime/Maya.app/Contents/Frameworks/Python.framework/Versions/Current/lib/libpython2.7.dylib,-DUSD_LIB_PREFIX=lib,-DCMAKE_WANT_MATERIALX_BUILD=ON,-DCMAKE_PREFIX_PATH=/local/S/jenkins/workspace/shared/Artifactory/OSX/USD/cae4017 '--ctest-args=-E testUsdReferenceAssemblySelection|testUsdMayaAppDir,-LE interactive,--parallel 4' --stages=clean --redirect-outstream-file=False --install-location /local/S/jenkins/workspace/ECP/ecg-maya-usd/ecg-mayausd-branch-preflight-2020-pxrusd-mid1-osx/install/RelWithDebInfo/MayaUSD /local/S/jenkins/workspace/ECP/ecg-maya-usd/ecg-mayausd-branch-preflight-2020-pxrusd-mid1-osx
[2023-04-03T13:56:58.226Z] Modified environment variables:
[2023-04-03T13:56:58.227Z]     PATH=/local/S/jenkins/workspace/shared/Artifactory/OSX/cmake/3.20.3/2594509/bin:/usr/local/bin:/bin:/usr/sbin:/sbin:/usr/bin
[2023-04-03T13:56:58.337Z]     
[2023-04-03T13:56:58.337Z]         Building with settings:
[2023-04-03T13:56:58.337Z]           Source directory          /local/S/jenkins/workspace/ECP/ecg-maya-usd/ecg-mayausd-branch-preflight-2020-pxrusd-mid1-osx/ecg-maya-usd/maya-usd
[2023-04-03T13:56:58.337Z]           Workspace directory       /local/S/jenkins/workspace/ECP/ecg-maya-usd/ecg-mayausd-branch-preflight-2020-pxrusd-mid1-osx
[2023-04-03T13:56:58.338Z]           Build directory           /local/S/jenkins/workspace/ECP/ecg-maya-usd/ecg-mayausd-branch-preflight-2020-pxrusd-mid1-osx/build/RelWithDebInfo
[2023-04-03T13:56:58.338Z]           Install directory         /local/S/jenkins/workspace/ECP/ecg-maya-usd/ecg-mayausd-branch-preflight-2020-pxrusd-mid1-osx/install/RelWithDebInfo/MayaUSD
[2023-04-03T13:56:58.338Z]           Variant                   RelWithDebInfo
[2023-04-03T13:56:58.338Z]           Python Debug              Off
[2023-04-03T13:56:58.338Z]           CMake generator           Ninja
[2023-04-03T13:56:58.338Z]           Build arguments           ['-DCMAKE_MAKE_PROGRAM=/local/S/jenkins/workspace/shared/Artifactory/OSX/ninja/1.9.0/41005eb/ninja', '-DPYTHON_INCLUDE_DIR=/local/S/jenkins/workspace/shared/Artifactory/OSX/rundev-2020/202107140359/runtime/446214e/runTime/Maya.app/Contents/Frameworks/Python.framework/Versions/Current/include/python2.7', '-DPython_EXECUTABLE=/local/S/jenkins/workspace/shared/Artifactory/OSX/rundev-2020/202107140359/runtime/446214e/runTime/Maya.app/Contents/bin/mayapy', '-DPYTHON_LIBRARIES=/local/S/jenkins/workspace/shared/Artifactory/OSX/rundev-2020/202107140359/runtime/446214e/runTime/Maya.app/Contents/Frameworks/Python.framework/Versions/Current/lib/libpython2.7.dylib', '-DUSD_LIB_PREFIX=lib', '-DCMAKE_WANT_MATERIALX_BUILD=ON', '-DCMAKE_PREFIX_PATH=/local/S/jenkins/workspace/shared/Artifactory/OSX/USD/cae4017']
[2023-04-03T13:56:58.338Z]           Stages arguments          ['clean']
[2023-04-03T13:56:58.338Z]           CTest arguments           ['-E testUsdReferenceAssemblySelection|testUsdMayaAppDir', '-LE interactive', '--parallel 4']
[2023-04-03T13:56:58.338Z]     Success MayaUSD build and install !!!!
[2023-04-03T13:56:58.338Z]     Elapsed time: 00:00:00
[Pipeline] }
[Pipeline] // withEnv
[Pipeline] }
[Pipeline] // timeout
[Pipeline] }
[Pipeline] // stage
[Pipeline] }
[Pipeline] // timestamps
[Pipeline] timestamps
[Pipeline] {
[Pipeline] stage
[Pipeline] { (Configure)
[Pipeline] timeout
[2023-04-03T13:56:58.541Z] Timeout set to expire in 6 hr 0 min
[Pipeline] {
[Pipeline] withEnv
[Pipeline] {
[Pipeline] sh
[2023-04-03T13:56:59.807Z] + python ecg-maya-usd/build.py --stages=configure --workspace-dir=/local/S/jenkins/workspace/ECP/ecg-maya-usd/ecg-mayausd-branch-preflight-2020-pxrusd-mid1-osx --artifactory-dir=/local/S/jenkins/workspace/shared/Artifactory --build-dir=/local/S/jenkins/workspace/ECP/ecg-maya-usd/ecg-mayausd-branch-preflight-2020-pxrusd-mid1-osx/build --install-dir=/local/S/jenkins/workspace/ECP/ecg-maya-usd/ecg-mayausd-branch-preflight-2020-pxrusd-mid1-osx/install --signing-dir=/local/S/jenkins/workspace/ECP/ecg-maya-usd/ecg-mayausd-branch-preflight-2020-pxrusd-mid1-osx/signing --package-dir=/local/S/jenkins/workspace/ECP/ecg-maya-usd/ecg-mayausd-branch-preflight-2020-pxrusd-mid1-osx/package --output-dir=/local/S/jenkins/workspace/ECP/ecg-maya-usd/ecg-mayausd-branch-preflight-2020-pxrusd-mid1-osx/output --stash-dir=/local/S/jenkins/workspace/ECP/ecg-maya-usd/ecg-mayausd-branch-preflight-2020-pxrusd-mid1-osx/stash --jenkins-build=817 --git-commit=0680c136f5d1874f5efd5705b0ad2f816007fc9a --git-branch=master --variants=RelWithDebInfo --python=2.7 --pxrusd-version=mid1 --post-zips=false --maya-cut-config=maya-rundev-2020.yaml --maya-package=rundev-2020 --stage-banner
[2023-04-03T13:57:00.230Z] No catalog entry registered for tbb-4.4u5-ub2.
[2023-04-03T13:57:00.230Z] Using Maya cut from /local/S/jenkins/workspace/shared/Artifactory/OSX/rundev-2020/202107140359/runtime/446214e
[2023-04-03T13:57:00.230Z] 
[2023-04-03T13:57:00.230Z] ================================================================================
[2023-04-03T13:57:00.230Z]                            configure (RelWithDebInfo)
[2023-04-03T13:57:00.230Z] ================================================================================
[2023-04-03T13:57:00.230Z] Maya Python RelWithDebInfo Info:
[2023-04-03T13:57:00.230Z]   mayapy executable   = /local/S/jenkins/workspace/shared/Artifactory/OSX/rundev-2020/202107140359/runtime/446214e/runTime/Maya.app/Contents/bin/mayapy
[2023-04-03T13:57:00.230Z]   Include Folder      = /local/S/jenkins/workspace/shared/Artifactory/OSX/rundev-2020/202107140359/runtime/446214e/runTime/Maya.app/Contents/Frameworks/Python.framework/Versions/Current/include/python2.7
[2023-04-03T13:57:00.230Z]   Library             = /local/S/jenkins/workspace/shared/Artifactory/OSX/rundev-2020/202107140359/runtime/446214e/runTime/Maya.app/Contents/Frameworks/Python.framework/Versions/Current/lib/libpython2.7.dylib
[2023-04-03T13:57:00.230Z]   site-package Folder = /local/S/jenkins/workspace/shared/Artifactory/OSX/rundev-2020/202107140359/runtime/446214e/runTime/Maya.app/Contents/Frameworks/Python.framework/Versions/Current/lib/python2.7/site-packages
[2023-04-03T13:57:00.943Z] In workdir: /local/S/jenkins/workspace/ECP/ecg-maya-usd/ecg-mayausd-branch-preflight-2020-pxrusd-mid1-osx/ecg-maya-usd/maya-usd
[2023-04-03T13:57:00.944Z] Executing: /local/S/jenkins/workspace/shared/Artifactory/OSX/rundev-2020/202107140359/runtime/446214e/runTime/Maya.app/Contents/bin/mayapy /local/S/jenkins/workspace/ECP/ecg-maya-usd/ecg-mayausd-branch-preflight-2020-pxrusd-mid1-osx/ecg-maya-usd/maya-usd/build.py --generator Ninja --build-relwithdebug --maya-location /local/S/jenkins/workspace/shared/Artifactory/OSX/rundev-2020/202107140359/runtime/446214e/runTime --devkit-location /local/S/jenkins/workspace/shared/Artifactory/OSX/rundev-2020/202107140359/runtime/446214e/devkitBase --pxrusd-location /local/S/jenkins/workspace/shared/Artifactory/OSX/USD/cae4017 --qt-location /local/S/jenkins/workspace/shared/Artifactory/OSX/qt/5.12.5/3ca78fe --build-args=-DCMAKE_MAKE_PROGRAM=/local/S/jenkins/workspace/shared/Artifactory/OSX/ninja/1.9.0/41005eb/ninja,-DPYTHON_INCLUDE_DIR=/local/S/jenkins/workspace/shared/Artifactory/OSX/rundev-2020/202107140359/runtime/446214e/runTime/Maya.app/Contents/Frameworks/Python.framework/Versions/Current/include/python2.7,-DPython_EXECUTABLE=/local/S/jenkins/workspace/shared/Artifactory/OSX/rundev-2020/202107140359/runtime/446214e/runTime/Maya.app/Contents/bin/mayapy,-DPYTHON_LIBRARIES=/local/S/jenkins/workspace/shared/Artifactory/OSX/rundev-2020/202107140359/runtime/446214e/runTime/Maya.app/Contents/Frameworks/Python.framework/Versions/Current/lib/libpython2.7.dylib,-DUSD_LIB_PREFIX=lib,-DCMAKE_WANT_MATERIALX_BUILD=ON,-DCMAKE_PREFIX_PATH=/local/S/jenkins/workspace/shared/Artifactory/OSX/USD/cae4017 '--ctest-args=-E testUsdReferenceAssemblySelection|testUsdMayaAppDir,-LE interactive,--parallel 4' --stages=configure --redirect-outstream-file=False --install-location /local/S/jenkins/workspace/ECP/ecg-maya-usd/ecg-mayausd-branch-preflight-2020-pxrusd-mid1-osx/install/RelWithDebInfo/MayaUSD /local/S/jenkins/workspace/ECP/ecg-maya-usd/ecg-mayausd-branch-preflight-2020-pxrusd-mid1-osx
[2023-04-03T13:57:00.944Z] Modified environment variables:
[2023-04-03T13:57:00.944Z]     PATH=/local/S/jenkins/workspace/shared/Artifactory/OSX/cmake/3.20.3/2594509/bin:/usr/local/bin:/bin:/usr/sbin:/sbin:/usr/bin
[2023-04-03T13:57:01.148Z]     -- The C compiler identification is AppleClang 10.0.1.10010046
[2023-04-03T13:57:01.249Z]     -- The CXX compiler identification is AppleClang 10.0.1.10010046
[2023-04-03T13:57:01.249Z]     -- Detecting C compiler ABI info
[2023-04-03T13:57:01.458Z]     -- Detecting C compiler ABI info - done
[2023-04-03T13:57:01.458Z]     -- Check for working C compiler: /Applications/Xcode.app/Contents/Developer/Toolchains/XcodeDefault.xctoolchain/usr/bin/cc - skipped
[2023-04-03T13:57:01.458Z]     -- Detecting C compile features
[2023-04-03T13:57:01.458Z]     -- Detecting C compile features - done
[2023-04-03T13:57:01.458Z]     -- Detecting CXX compiler ABI info
[2023-04-03T13:57:01.559Z]     -- Detecting CXX compiler ABI info - done
[2023-04-03T13:57:01.559Z]     -- Check for working CXX compiler: /Applications/Xcode.app/Contents/Developer/Toolchains/XcodeDefault.xctoolchain/usr/bin/c++ - skipped
[2023-04-03T13:57:01.559Z]     -- Detecting CXX compile features
[2023-04-03T13:57:01.559Z]     -- Detecting CXX compile features - done
[2023-04-03T13:57:01.979Z]     -- Using Maya Light API Version 1
[2023-04-03T13:57:01.979Z]     -- Maya array iterator has difference_type trait
[2023-04-03T13:57:01.979Z]     -- Found Maya: /local/S/jenkins/workspace/shared/Artifactory/OSX/rundev-2020/202107140359/runtime/446214e/runTime/maya.app/Contents/MacOS/Maya (found suitable version "2020", minimum required is "2018")
[2023-04-03T13:57:02.189Z]     -- Found Python: /local/S/jenkins/workspace/shared/Artifactory/OSX/rundev-2020/202107140359/runtime/446214e/runTime/Maya.app/Contents/bin/mayapy (found suitable exact version "2.7.15") found components: Interpreter
[2023-04-03T13:57:02.189Z]     -- Build MayaUSD with Python3 = OFF
[2023-04-03T13:57:02.189Z]     --    PYTHON_INCLUDE_DIRS = /local/S/jenkins/workspace/shared/Artifactory/OSX/rundev-2020/202107140359/runtime/446214e/runTime/Maya.app/Contents/Frameworks/Python.framework/Versions/Current/include/python2.7
[2023-04-03T13:57:02.189Z]     --    PYTHON_LIBRARIES    = /local/S/jenkins/workspace/shared/Artifactory/OSX/rundev-2020/202107140359/runtime/446214e/runTime/Maya.app/Contents/Frameworks/Python.framework/Versions/Current/lib/libpython2.7.dylib
[2023-04-03T13:57:02.189Z]     --    Python_EXECUTABLE   = /local/S/jenkins/workspace/shared/Artifactory/OSX/rundev-2020/202107140359/runtime/446214e/runTime/Maya.app/Contents/bin/mayapy
[2023-04-03T13:57:02.512Z]     -- USD include dir: /local/S/jenkins/workspace/shared/Artifactory/OSX/USD/cae4017/include
[2023-04-03T13:57:02.512Z]     -- USD library dir: /local/S/jenkins/workspace/shared/Artifactory/OSX/USD/cae4017/lib
[2023-04-03T13:57:02.512Z]     -- USD version: 0.21.05
[2023-04-03T13:57:02.512Z]     -- Autodesk USD version: 0.21.05
[2023-04-03T13:57:02.512Z]     -- Found USD: /local/S/jenkins/workspace/shared/Artifactory/OSX/USD/cae4017 (found suitable version "0.21.05", minimum required is "0.20.05")
[2023-04-03T13:57:02.512Z]     CMake Warning at CMakeLists.txt:125 (message):
[2023-04-03T13:57:02.512Z]       Disabling MaterialX VP2 rendering: it is not supported by this USD package.
[2023-04-03T13:57:02.512Z]     
[2023-04-03T13:57:02.512Z]     
[2023-04-03T13:57:02.512Z]     Updated PYTHONPATH: /local/S/jenkins/workspace/shared/Artifactory/OSX/USD/cae4017/lib/python
[2023-04-03T13:57:02.617Z]     -- UFE include dir: /local/S/jenkins/workspace/shared/Artifactory/OSX/rundev-2020/202107140359/runtime/446214e/devkitBase/devkit/ufe/include
[2023-04-03T13:57:02.617Z]     -- UFE library: /local/S/jenkins/workspace/shared/Artifactory/OSX/rundev-2020/202107140359/runtime/446214e/devkitBase/devkit/ufe/lib/libufe_1.dylib
[2023-04-03T13:57:02.617Z]     -- UFE version: 1.0.0
[2023-04-03T13:57:02.617Z]     -- UFE preview features: ufe
[2023-04-03T13:57:02.617Z]     -- Building with UFE 1.0.0 features enabled.
[2023-04-03T13:57:02.832Z]     -- Building with Qt features enabled.
[2023-04-03T13:57:02.833Z]     -- **** Building Gulrak From Github Repository.
[2023-04-03T13:57:02.833Z]     -- Populating gulrak
[2023-04-03T13:57:02.934Z]     -- Configuring done
[2023-04-03T13:57:03.042Z]     -- Generating done
[2023-04-03T13:57:03.042Z]     -- Build files have been written to: /local/S/jenkins/workspace/ECP/ecg-maya-usd/ecg-mayausd-branch-preflight-2020-pxrusd-mid1-osx/build/RelWithDebInfo/_deps/gulrak-subbuild
[2023-04-03T13:57:03.148Z]     [1/9] Creating directories for 'gulrak-populate'
[2023-04-03T13:57:03.148Z]     [1/9] Performing download step (git clone) for 'gulrak-populate'
[2023-04-03T13:57:03.148Z]     Cloning into 'gulrak-src'...
[2023-04-03T13:57:03.668Z]     HEAD is now at 4e21ab3 Version bump and updated readme.
[2023-04-03T13:57:03.769Z]     [2/9] Performing update step for 'gulrak-populate'
[2023-04-03T13:57:03.871Z]     [4/9] No patch step for 'gulrak-populate'
[2023-04-03T13:57:03.871Z]     [5/9] No configure step for 'gulrak-populate'
[2023-04-03T13:57:03.871Z]     [6/9] No build step for 'gulrak-populate'
[2023-04-03T13:57:03.977Z]     [7/9] No install step for 'gulrak-populate'
[2023-04-03T13:57:03.977Z]     [8/9] No test step for 'gulrak-populate'
[2023-04-03T13:57:03.977Z]     [9/9] Completed 'gulrak-populate'
[2023-04-03T13:57:04.089Z]     -- ========== Installing GoogleTest... ==========
[2023-04-03T13:57:04.190Z]     -- Configuring done
[2023-04-03T13:57:04.292Z]     -- Generating done
[2023-04-03T13:57:04.292Z]     -- Build files have been written to: /local/S/jenkins/workspace/ECP/ecg-maya-usd/ecg-mayausd-branch-preflight-2020-pxrusd-mid1-osx/build/RelWithDebInfo/googletest-config
[2023-04-03T13:57:04.393Z]     [1/8] Creating directories for 'googletest'
[2023-04-03T13:57:05.634Z]     [2/8] Performing download step (git clone) for 'googletest'
[2023-04-03T13:57:05.634Z]     Cloning into 'googletest-src'...
[2023-04-03T13:57:05.634Z]     HEAD is now at 703bd9ca Googletest export
[2023-04-03T13:57:05.634Z]     [3/8] Performing update step for 'googletest'
[2023-04-03T13:57:05.634Z]     [4/8] No patch step for 'googletest'
[2023-04-03T13:57:06.689Z]     [5/8] Performing configure step for 'googletest'
[2023-04-03T13:57:06.689Z]     Not searching for unused variables given on the command line.
[2023-04-03T13:57:06.689Z]     CMake Deprecation Warning at CMakeLists.txt:4 (cmake_minimum_required):
[2023-04-03T13:57:06.689Z]       Compatibility with CMake < 2.8.12 will be removed from a future version of
[2023-04-03T13:57:06.689Z]       CMake.
[2023-04-03T13:57:06.689Z]     
[2023-04-03T13:57:06.689Z]       Update the VERSION argument <min> value or use a ...<max> suffix to tell
[2023-04-03T13:57:06.689Z]       CMake that the project does not need compatibility with older versions.
[2023-04-03T13:57:06.689Z]     
[2023-04-03T13:57:06.689Z]     
[2023-04-03T13:57:06.689Z]     -- The C compiler identification is AppleClang 10.0.1.10010046
[2023-04-03T13:57:06.689Z]     -- The CXX compiler identification is AppleClang 10.0.1.10010046
[2023-04-03T13:57:06.689Z]     -- Detecting C compiler ABI info
[2023-04-03T13:57:06.689Z]     -- Detecting C compiler ABI info - done
[2023-04-03T13:57:06.689Z]     -- Check for working C compiler: /Applications/Xcode.app/Contents/Developer/Toolchains/XcodeDefault.xctoolchain/usr/bin/cc - skipped
[2023-04-03T13:57:06.689Z]     -- Detecting C compile features
[2023-04-03T13:57:06.689Z]     -- Detecting C compile features - done
[2023-04-03T13:57:06.689Z]     -- Detecting CXX compiler ABI info
[2023-04-03T13:57:06.689Z]     -- Detecting CXX compiler ABI info - done
[2023-04-03T13:57:06.689Z]     -- Check for working CXX compiler: /Applications/Xcode.app/Contents/Developer/Toolchains/XcodeDefault.xctoolchain/usr/bin/c++ - skipped
[2023-04-03T13:57:06.689Z]     -- Detecting CXX compile features
[2023-04-03T13:57:06.689Z]     -- Detecting CXX compile features - done
[2023-04-03T13:57:06.689Z]     CMake Deprecation Warning at googletest/CMakeLists.txt:56 (cmake_minimum_required):
[2023-04-03T13:57:06.689Z]       Compatibility with CMake < 2.8.12 will be removed from a future version of
[2023-04-03T13:57:06.689Z]       CMake.
[2023-04-03T13:57:06.689Z]     
[2023-04-03T13:57:06.689Z]       Update the VERSION argument <min> value or use a ...<max> suffix to tell
[2023-04-03T13:57:06.690Z]       CMake that the project does not need compatibility with older versions.
[2023-04-03T13:57:06.690Z]     
[2023-04-03T13:57:06.690Z]     
[2023-04-03T13:57:06.690Z]     -- Found PythonInterp: /usr/local/bin/python (found version "2.7.15")
[2023-04-03T13:57:06.690Z]     -- Looking for pthread.h
[2023-04-03T13:57:06.690Z]     -- Looking for pthread.h - found
[2023-04-03T13:57:06.690Z]     -- Performing Test CMAKE_HAVE_LIBC_PTHREAD
[2023-04-03T13:57:06.690Z]     -- Performing Test CMAKE_HAVE_LIBC_PTHREAD - Success
[2023-04-03T13:57:06.690Z]     -- Found Threads: TRUE
[2023-04-03T13:57:06.690Z]     -- Configuring done
[2023-04-03T13:57:06.690Z]     -- Generating done
[2023-04-03T13:57:06.690Z]     -- Build files have been written to: /local/S/jenkins/workspace/ECP/ecg-maya-usd/ecg-mayausd-branch-preflight-2020-pxrusd-mid1-osx/build/RelWithDebInfo/googletest-build
[2023-04-03T13:57:12.850Z]     [6/8] Performing build step for 'googletest'
[2023-04-03T13:57:12.850Z]     [1/4] Building CXX object googletest/CMakeFiles/gtest_main.dir/src/gtest_main.cc.o
[2023-04-03T13:57:12.850Z]     [2/4] Building CXX object googletest/CMakeFiles/gtest.dir/src/gtest-all.cc.o
[2023-04-03T13:57:12.850Z]     [3/4] Linking CXX shared library lib/libgtest.dylib
[2023-04-03T13:57:12.850Z]     [4/4] Linking CXX shared library lib/libgtest_main.dylib
[2023-04-03T13:57:12.850Z]     [7/8] Performing install step for 'googletest'
[2023-04-03T13:57:12.850Z]     [0/1] Install the project...
[2023-04-03T13:57:12.850Z]     -- Install configuration: "RelWithDebInfo"
[2023-04-03T13:57:12.953Z]     [8/8] Completed 'googletest'
[2023-04-03T13:57:12.953Z]     -- ========== ...  GoogleTest installed. ==========
[2023-04-03T13:57:13.581Z]     -- MAYA_HAS_DEFAULT_MATERIAL_API is FALSE
[2023-04-03T13:57:13.581Z]     -- MAYA_NEW_POINT_SNAPPING_SUPPORT is FALSE
[2023-04-03T13:57:13.581Z]     -- MAYA_HAS_CRASH_DETECTION is FALSE
[2023-04-03T13:57:13.581Z]     -- MAYA_CURRENT_UFE_CAMERA_SUPPORT is FALSE
[2023-04-03T13:57:13.581Z]     -- MAYA_MRENDERITEM_UFE_IDENTIFIER_SUPPORT is FALSE
[2023-04-03T13:57:13.581Z]     -- MAYA_UPDATE_UFE_IDENTIFIER_SUPPORT is FALSE
[2023-04-03T13:57:13.581Z]     -- MAYA_HAS_DISPLAY_STYLE_ALL_VIEWPORTS is FALSE
[2023-04-03T13:57:13.581Z]     -- MAYA_ARRAY_ITERATOR_DIFFERENCE_TYPE_SUPPORT is TRUE
[2023-04-03T13:57:13.581Z]     -- MAYA_HAS_GET_MEMBER_PATHS is FALSE
[2023-04-03T13:57:13.581Z]     -- USD_HAS_COLOR4_SDR_SUPPORT is FALSE
[2023-04-03T13:57:13.581Z]     -- MAYA_HAS_DISPLAY_LAYER_API is FALSE
[2023-04-03T13:57:13.581Z]     -- MAYA_HAS_NEW_DISPLAY_LAYER_MESSAGING_API is FALSE
[2023-04-03T13:57:13.581Z]     -- MAYA_HAS_RENDER_ITEM_HIDE_ON_PLAYBACK_API is FALSE
[2023-04-03T13:57:13.581Z]     -- promoting: /local/S/jenkins/workspace/ECP/ecg-maya-usd/ecg-mayausd-branch-preflight-2020-pxrusd-mid1-osx/ecg-maya-usd/maya-usd/lib/mayaUsd/base/mayaUsd.h.src
[2023-04-03T13:57:13.581Z]     -- promoting: /local/S/jenkins/workspace/ECP/ecg-maya-usd/ecg-mayausd-branch-preflight-2020-pxrusd-mid1-osx/ecg-maya-usd/maya-usd/lib/mayaUsd/base/api.h
[2023-04-03T13:57:13.581Z]     -- promoting: /local/S/jenkins/workspace/ECP/ecg-maya-usd/ecg-mayausd-branch-preflight-2020-pxrusd-mid1-osx/ecg-maya-usd/maya-usd/lib/mayaUsd/base/debugCodes.h
[2023-04-03T13:57:13.581Z]     -- promoting: /local/S/jenkins/workspace/ECP/ecg-maya-usd/ecg-mayausd-branch-preflight-2020-pxrusd-mid1-osx/ecg-maya-usd/maya-usd/lib/mayaUsd/base/id.h
[2023-04-03T13:57:13.581Z]     -- promoting: /local/S/jenkins/workspace/ECP/ecg-maya-usd/ecg-mayausd-branch-preflight-2020-pxrusd-mid1-osx/ecg-maya-usd/maya-usd/lib/mayaUsd/base/syncId.h
[2023-04-03T13:57:13.581Z]     -- promoting: /local/S/jenkins/workspace/ECP/ecg-maya-usd/ecg-mayausd-branch-preflight-2020-pxrusd-mid1-osx/ecg-maya-usd/maya-usd/lib/mayaUsd/base/tokens.h
[2023-04-03T13:57:13.581Z]     -- promoting: /local/S/jenkins/workspace/ECP/ecg-maya-usd/ecg-mayausd-branch-preflight-2020-pxrusd-mid1-osx/ecg-maya-usd/maya-usd/lib/mayaUsd/commands/abstractLayerEditorWindow.h
[2023-04-03T13:57:13.581Z]     -- promoting: /local/S/jenkins/workspace/ECP/ecg-maya-usd/ecg-mayausd-branch-preflight-2020-pxrusd-mid1-osx/ecg-maya-usd/maya-usd/lib/mayaUsd/commands/baseExportCommand.h
[2023-04-03T13:57:13.581Z]     -- promoting: /local/S/jenkins/workspace/ECP/ecg-maya-usd/ecg-mayausd-branch-preflight-2020-pxrusd-mid1-osx/ecg-maya-usd/maya-usd/lib/mayaUsd/commands/baseImportCommand.h
[2023-04-03T13:57:13.581Z]     -- promoting: /local/S/jenkins/workspace/ECP/ecg-maya-usd/ecg-mayausd-branch-preflight-2020-pxrusd-mid1-osx/ecg-maya-usd/maya-usd/lib/mayaUsd/commands/baseListJobContextsCommand.h
[2023-04-03T13:57:13.581Z]     -- promoting: /local/S/jenkins/workspace/ECP/ecg-maya-usd/ecg-mayausd-branch-preflight-2020-pxrusd-mid1-osx/ecg-maya-usd/maya-usd/lib/mayaUsd/commands/baseListShadingModesCommand.h
[2023-04-03T13:57:13.581Z]     -- promoting: /local/S/jenkins/workspace/ECP/ecg-maya-usd/ecg-mayausd-branch-preflight-2020-pxrusd-mid1-osx/ecg-maya-usd/maya-usd/lib/mayaUsd/commands/editTargetCommand.h
[2023-04-03T13:57:13.581Z]     -- promoting: /local/S/jenkins/workspace/ECP/ecg-maya-usd/ecg-mayausd-branch-preflight-2020-pxrusd-mid1-osx/ecg-maya-usd/maya-usd/lib/mayaUsd/commands/layerEditorCommand.h
[2023-04-03T13:57:13.581Z]     -- promoting: /local/S/jenkins/workspace/ECP/ecg-maya-usd/ecg-mayausd-branch-preflight-2020-pxrusd-mid1-osx/ecg-maya-usd/maya-usd/lib/mayaUsd/commands/layerEditorWindowCommand.h
[2023-04-03T13:57:13.581Z]     -- promoting: /local/S/jenkins/workspace/ECP/ecg-maya-usd/ecg-mayausd-branch-preflight-2020-pxrusd-mid1-osx/ecg-maya-usd/maya-usd/lib/mayaUsd/fileio/fallbackPrimReader.h
[2023-04-03T13:57:13.581Z]     -- promoting: /local/S/jenkins/workspace/ECP/ecg-maya-usd/ecg-mayausd-branch-preflight-2020-pxrusd-mid1-osx/ecg-maya-usd/maya-usd/lib/mayaUsd/fileio/functorPrimReader.h
[2023-04-03T13:57:13.581Z]     -- promoting: /local/S/jenkins/workspace/ECP/ecg-maya-usd/ecg-mayausd-branch-preflight-2020-pxrusd-mid1-osx/ecg-maya-usd/maya-usd/lib/mayaUsd/fileio/functorPrimWriter.h
[2023-04-03T13:57:13.581Z]     -- promoting: /local/S/jenkins/workspace/ECP/ecg-maya-usd/ecg-mayausd-branch-preflight-2020-pxrusd-mid1-osx/ecg-maya-usd/maya-usd/lib/mayaUsd/fileio/importData.h
[2023-04-03T13:57:13.581Z]     -- promoting: /local/S/jenkins/workspace/ECP/ecg-maya-usd/ecg-mayausd-branch-preflight-2020-pxrusd-mid1-osx/ecg-maya-usd/maya-usd/lib/mayaUsd/fileio/instancedNodeWriter.h
[2023-04-03T13:57:13.581Z]     -- promoting: /local/S/jenkins/workspace/ECP/ecg-maya-usd/ecg-mayausd-branch-preflight-2020-pxrusd-mid1-osx/ecg-maya-usd/maya-usd/lib/mayaUsd/fileio/jobContextRegistry.h
[2023-04-03T13:57:13.581Z]     -- promoting: /local/S/jenkins/workspace/ECP/ecg-maya-usd/ecg-mayausd-branch-preflight-2020-pxrusd-mid1-osx/ecg-maya-usd/maya-usd/lib/mayaUsd/fileio/primReader.h
[2023-04-03T13:57:13.581Z]     -- promoting: /local/S/jenkins/workspace/ECP/ecg-maya-usd/ecg-mayausd-branch-preflight-2020-pxrusd-mid1-osx/ecg-maya-usd/maya-usd/lib/mayaUsd/fileio/primReaderArgs.h
[2023-04-03T13:57:13.581Z]     -- promoting: /local/S/jenkins/workspace/ECP/ecg-maya-usd/ecg-mayausd-branch-preflight-2020-pxrusd-mid1-osx/ecg-maya-usd/maya-usd/lib/mayaUsd/fileio/primReaderContext.h
[2023-04-03T13:57:13.581Z]     -- promoting: /local/S/jenkins/workspace/ECP/ecg-maya-usd/ecg-mayausd-branch-preflight-2020-pxrusd-mid1-osx/ecg-maya-usd/maya-usd/lib/mayaUsd/fileio/primReaderRegistry.h
[2023-04-03T13:57:13.581Z]     -- promoting: /local/S/jenkins/workspace/ECP/ecg-maya-usd/ecg-mayausd-branch-preflight-2020-pxrusd-mid1-osx/ecg-maya-usd/maya-usd/lib/mayaUsd/fileio/primWriter.h
[2023-04-03T13:57:13.581Z]     -- promoting: /local/S/jenkins/workspace/ECP/ecg-maya-usd/ecg-mayausd-branch-preflight-2020-pxrusd-mid1-osx/ecg-maya-usd/maya-usd/lib/mayaUsd/fileio/primWriterArgs.h
[2023-04-03T13:57:13.581Z]     -- promoting: /local/S/jenkins/workspace/ECP/ecg-maya-usd/ecg-mayausd-branch-preflight-2020-pxrusd-mid1-osx/ecg-maya-usd/maya-usd/lib/mayaUsd/fileio/primWriterContext.h
[2023-04-03T13:57:13.581Z]     -- promoting: /local/S/jenkins/workspace/ECP/ecg-maya-usd/ecg-mayausd-branch-preflight-2020-pxrusd-mid1-osx/ecg-maya-usd/maya-usd/lib/mayaUsd/fileio/primWriterRegistry.h
[2023-04-03T13:57:13.581Z]     -- promoting: /local/S/jenkins/workspace/ECP/ecg-maya-usd/ecg-mayausd-branch-preflight-2020-pxrusd-mid1-osx/ecg-maya-usd/maya-usd/lib/mayaUsd/fileio/registryHelper.h
[2023-04-03T13:57:13.581Z]     -- promoting: /local/S/jenkins/workspace/ECP/ecg-maya-usd/ecg-mayausd-branch-preflight-2020-pxrusd-mid1-osx/ecg-maya-usd/maya-usd/lib/mayaUsd/fileio/schemaApiAdaptor.h
[2023-04-03T13:57:13.581Z]     -- promoting: /local/S/jenkins/workspace/ECP/ecg-maya-usd/ecg-mayausd-branch-preflight-2020-pxrusd-mid1-osx/ecg-maya-usd/maya-usd/lib/mayaUsd/fileio/schemaApiAdaptorRegistry.h
[2023-04-03T13:57:13.581Z]     -- promoting: /local/S/jenkins/workspace/ECP/ecg-maya-usd/ecg-mayausd-branch-preflight-2020-pxrusd-mid1-osx/ecg-maya-usd/maya-usd/lib/mayaUsd/fileio/shaderReader.h
[2023-04-03T13:57:13.581Z]     -- promoting: /local/S/jenkins/workspace/ECP/ecg-maya-usd/ecg-mayausd-branch-preflight-2020-pxrusd-mid1-osx/ecg-maya-usd/maya-usd/lib/mayaUsd/fileio/shaderReaderRegistry.h
[2023-04-03T13:57:13.582Z]     -- promoting: /local/S/jenkins/workspace/ECP/ecg-maya-usd/ecg-mayausd-branch-preflight-2020-pxrusd-mid1-osx/ecg-maya-usd/maya-usd/lib/mayaUsd/fileio/shaderWriter.h
[2023-04-03T13:57:13.582Z]     -- promoting: /local/S/jenkins/workspace/ECP/ecg-maya-usd/ecg-mayausd-branch-preflight-2020-pxrusd-mid1-osx/ecg-maya-usd/maya-usd/lib/mayaUsd/fileio/shaderWriterRegistry.h
[2023-04-03T13:57:13.582Z]     -- promoting: /local/S/jenkins/workspace/ECP/ecg-maya-usd/ecg-mayausd-branch-preflight-2020-pxrusd-mid1-osx/ecg-maya-usd/maya-usd/lib/mayaUsd/fileio/transformWriter.h
[2023-04-03T13:57:13.582Z]     -- promoting: /local/S/jenkins/workspace/ECP/ecg-maya-usd/ecg-mayausd-branch-preflight-2020-pxrusd-mid1-osx/ecg-maya-usd/maya-usd/lib/mayaUsd/fileio/writeJobContext.h
[2023-04-03T13:57:13.582Z]     -- promoting: /local/S/jenkins/workspace/ECP/ecg-maya-usd/ecg-mayausd-branch-preflight-2020-pxrusd-mid1-osx/ecg-maya-usd/maya-usd/lib/mayaUsd/fileio/chaser/exportChaser.h
[2023-04-03T13:57:13.582Z]     -- promoting: /local/S/jenkins/workspace/ECP/ecg-maya-usd/ecg-mayausd-branch-preflight-2020-pxrusd-mid1-osx/ecg-maya-usd/maya-usd/lib/mayaUsd/fileio/chaser/exportChaserRegistry.h
[2023-04-03T13:57:13.582Z]     -- promoting: /local/S/jenkins/workspace/ECP/ecg-maya-usd/ecg-mayausd-branch-preflight-2020-pxrusd-mid1-osx/ecg-maya-usd/maya-usd/lib/mayaUsd/fileio/chaser/importChaserRegistry.h
[2023-04-03T13:57:13.582Z]     -- promoting: /local/S/jenkins/workspace/ECP/ecg-maya-usd/ecg-mayausd-branch-preflight-2020-pxrusd-mid1-osx/ecg-maya-usd/maya-usd/lib/mayaUsd/fileio/chaser/importChaser.h
[2023-04-03T13:57:13.582Z]     -- promoting: /local/S/jenkins/workspace/ECP/ecg-maya-usd/ecg-mayausd-branch-preflight-2020-pxrusd-mid1-osx/ecg-maya-usd/maya-usd/lib/mayaUsd/fileio/jobs/jobArgs.h
[2023-04-03T13:57:13.582Z]     -- promoting: /local/S/jenkins/workspace/ECP/ecg-maya-usd/ecg-mayausd-branch-preflight-2020-pxrusd-mid1-osx/ecg-maya-usd/maya-usd/lib/mayaUsd/fileio/jobs/meshDataReadJob.h
[2023-04-03T13:57:13.582Z]     -- promoting: /local/S/jenkins/workspace/ECP/ecg-maya-usd/ecg-mayausd-branch-preflight-2020-pxrusd-mid1-osx/ecg-maya-usd/maya-usd/lib/mayaUsd/fileio/jobs/modelKindProcessor.h
[2023-04-03T13:57:13.582Z]     -- promoting: /local/S/jenkins/workspace/ECP/ecg-maya-usd/ecg-mayausd-branch-preflight-2020-pxrusd-mid1-osx/ecg-maya-usd/maya-usd/lib/mayaUsd/fileio/jobs/readJob.h
[2023-04-03T13:57:13.582Z]     -- promoting: /local/S/jenkins/workspace/ECP/ecg-maya-usd/ecg-mayausd-branch-preflight-2020-pxrusd-mid1-osx/ecg-maya-usd/maya-usd/lib/mayaUsd/fileio/jobs/writeJob.h
[2023-04-03T13:57:13.582Z]     -- promoting: /local/S/jenkins/workspace/ECP/ecg-maya-usd/ecg-mayausd-branch-preflight-2020-pxrusd-mid1-osx/ecg-maya-usd/maya-usd/lib/mayaUsd/fileio/shading/rfmShaderMap.h
[2023-04-03T13:57:13.582Z]     -- promoting: /local/S/jenkins/workspace/ECP/ecg-maya-usd/ecg-mayausd-branch-preflight-2020-pxrusd-mid1-osx/ecg-maya-usd/maya-usd/lib/mayaUsd/fileio/shading/shadingModeExporter.h
[2023-04-03T13:57:13.582Z]     -- promoting: /local/S/jenkins/workspace/ECP/ecg-maya-usd/ecg-mayausd-branch-preflight-2020-pxrusd-mid1-osx/ecg-maya-usd/maya-usd/lib/mayaUsd/fileio/shading/shadingModeExporterContext.h
[2023-04-03T13:57:13.582Z]     -- promoting: /local/S/jenkins/workspace/ECP/ecg-maya-usd/ecg-mayausd-branch-preflight-2020-pxrusd-mid1-osx/ecg-maya-usd/maya-usd/lib/mayaUsd/fileio/shading/shadingModeImporter.h
[2023-04-03T13:57:13.582Z]     -- promoting: /local/S/jenkins/workspace/ECP/ecg-maya-usd/ecg-mayausd-branch-preflight-2020-pxrusd-mid1-osx/ecg-maya-usd/maya-usd/lib/mayaUsd/fileio/shading/shadingModeRegistry.h
[2023-04-03T13:57:13.582Z]     -- promoting: /local/S/jenkins/workspace/ECP/ecg-maya-usd/ecg-mayausd-branch-preflight-2020-pxrusd-mid1-osx/ecg-maya-usd/maya-usd/lib/mayaUsd/fileio/shading/symmetricShaderReader.h
[2023-04-03T13:57:13.582Z]     -- promoting: /local/S/jenkins/workspace/ECP/ecg-maya-usd/ecg-mayausd-branch-preflight-2020-pxrusd-mid1-osx/ecg-maya-usd/maya-usd/lib/mayaUsd/fileio/shading/symmetricShaderWriter.h
[2023-04-03T13:57:13.582Z]     -- promoting: /local/S/jenkins/workspace/ECP/ecg-maya-usd/ecg-mayausd-branch-preflight-2020-pxrusd-mid1-osx/ecg-maya-usd/maya-usd/lib/mayaUsd/fileio/translators/skelBindingsProcessor.h
[2023-04-03T13:57:13.582Z]     -- promoting: /local/S/jenkins/workspace/ECP/ecg-maya-usd/ecg-mayausd-branch-preflight-2020-pxrusd-mid1-osx/ecg-maya-usd/maya-usd/lib/mayaUsd/fileio/translators/translatorCamera.h
[2023-04-03T13:57:13.582Z]     -- promoting: /local/S/jenkins/workspace/ECP/ecg-maya-usd/ecg-mayausd-branch-preflight-2020-pxrusd-mid1-osx/ecg-maya-usd/maya-usd/lib/mayaUsd/fileio/translators/translatorCurves.h
[2023-04-03T13:57:13.582Z]     -- promoting: /local/S/jenkins/workspace/ECP/ecg-maya-usd/ecg-mayausd-branch-preflight-2020-pxrusd-mid1-osx/ecg-maya-usd/maya-usd/lib/mayaUsd/fileio/translators/translatorGprim.h
[2023-04-03T13:57:13.583Z]     -- promoting: /local/S/jenkins/workspace/ECP/ecg-maya-usd/ecg-mayausd-branch-preflight-2020-pxrusd-mid1-osx/ecg-maya-usd/maya-usd/lib/mayaUsd/fileio/translators/translatorLight.h
[2023-04-03T13:57:13.583Z]     -- promoting: /local/S/jenkins/workspace/ECP/ecg-maya-usd/ecg-mayausd-branch-preflight-2020-pxrusd-mid1-osx/ecg-maya-usd/maya-usd/lib/mayaUsd/fileio/translators/translatorMaterial.h
[2023-04-03T13:57:13.583Z]     -- promoting: /local/S/jenkins/workspace/ECP/ecg-maya-usd/ecg-mayausd-branch-preflight-2020-pxrusd-mid1-osx/ecg-maya-usd/maya-usd/lib/mayaUsd/fileio/translators/translatorMayaReference.h
[2023-04-03T13:57:13.583Z]     -- promoting: /local/S/jenkins/workspace/ECP/ecg-maya-usd/ecg-mayausd-branch-preflight-2020-pxrusd-mid1-osx/ecg-maya-usd/maya-usd/lib/mayaUsd/fileio/translators/translatorMesh.h
[2023-04-03T13:57:13.583Z]     -- promoting: /local/S/jenkins/workspace/ECP/ecg-maya-usd/ecg-mayausd-branch-preflight-2020-pxrusd-mid1-osx/ecg-maya-usd/maya-usd/lib/mayaUsd/fileio/translators/translatorNurbsPatch.h
[2023-04-03T13:57:13.583Z]     -- promoting: /local/S/jenkins/workspace/ECP/ecg-maya-usd/ecg-mayausd-branch-preflight-2020-pxrusd-mid1-osx/ecg-maya-usd/maya-usd/lib/mayaUsd/fileio/translators/translatorPrim.h
[2023-04-03T13:57:13.583Z]     -- promoting: /local/S/jenkins/workspace/ECP/ecg-maya-usd/ecg-mayausd-branch-preflight-2020-pxrusd-mid1-osx/ecg-maya-usd/maya-usd/lib/mayaUsd/fileio/translators/translatorRfMLight.h
[2023-04-03T13:57:13.583Z]     -- promoting: /local/S/jenkins/workspace/ECP/ecg-maya-usd/ecg-mayausd-branch-preflight-2020-pxrusd-mid1-osx/ecg-maya-usd/maya-usd/lib/mayaUsd/fileio/translators/translatorSkel.h
[2023-04-03T13:57:13.583Z]     -- promoting: /local/S/jenkins/workspace/ECP/ecg-maya-usd/ecg-mayausd-branch-preflight-2020-pxrusd-mid1-osx/ecg-maya-usd/maya-usd/lib/mayaUsd/fileio/translators/translatorUtil.h
[2023-04-03T13:57:13.583Z]     -- promoting: /local/S/jenkins/workspace/ECP/ecg-maya-usd/ecg-mayausd-branch-preflight-2020-pxrusd-mid1-osx/ecg-maya-usd/maya-usd/lib/mayaUsd/fileio/translators/translatorXformable.h
[2023-04-03T13:57:13.583Z]     -- promoting: /local/S/jenkins/workspace/ECP/ecg-maya-usd/ecg-mayausd-branch-preflight-2020-pxrusd-mid1-osx/ecg-maya-usd/maya-usd/lib/mayaUsd/fileio/utils/adaptor.h
[2023-04-03T13:57:13.583Z]     -- promoting: /local/S/jenkins/workspace/ECP/ecg-maya-usd/ecg-mayausd-branch-preflight-2020-pxrusd-mid1-osx/ecg-maya-usd/maya-usd/lib/mayaUsd/fileio/utils/jointWriteUtils.h
[2023-04-03T13:57:13.583Z]     -- promoting: /local/S/jenkins/workspace/ECP/ecg-maya-usd/ecg-mayausd-branch-preflight-2020-pxrusd-mid1-osx/ecg-maya-usd/maya-usd/lib/mayaUsd/fileio/utils/meshReadUtils.h
[2023-04-03T13:57:13.583Z]     -- promoting: /local/S/jenkins/workspace/ECP/ecg-maya-usd/ecg-mayausd-branch-preflight-2020-pxrusd-mid1-osx/ecg-maya-usd/maya-usd/lib/mayaUsd/fileio/utils/meshWriteUtils.h
[2023-04-03T13:57:13.583Z]     -- promoting: /local/S/jenkins/workspace/ECP/ecg-maya-usd/ecg-mayausd-branch-preflight-2020-pxrusd-mid1-osx/ecg-maya-usd/maya-usd/lib/mayaUsd/fileio/utils/readUtil.h
[2023-04-03T13:57:13.583Z]     -- promoting: /local/S/jenkins/workspace/ECP/ecg-maya-usd/ecg-mayausd-branch-preflight-2020-pxrusd-mid1-osx/ecg-maya-usd/maya-usd/lib/mayaUsd/fileio/utils/roundTripUtil.h
[2023-04-03T13:57:13.583Z]     -- promoting: /local/S/jenkins/workspace/ECP/ecg-maya-usd/ecg-mayausd-branch-preflight-2020-pxrusd-mid1-osx/ecg-maya-usd/maya-usd/lib/mayaUsd/fileio/utils/shadingUtil.h
[2023-04-03T13:57:13.583Z]     -- promoting: /local/S/jenkins/workspace/ECP/ecg-maya-usd/ecg-mayausd-branch-preflight-2020-pxrusd-mid1-osx/ecg-maya-usd/maya-usd/lib/mayaUsd/fileio/utils/userTaggedAttribute.h
[2023-04-03T13:57:13.583Z]     -- promoting: /local/S/jenkins/workspace/ECP/ecg-maya-usd/ecg-mayausd-branch-preflight-2020-pxrusd-mid1-osx/ecg-maya-usd/maya-usd/lib/mayaUsd/fileio/utils/writeUtil.h
[2023-04-03T13:57:13.583Z]     -- promoting: /local/S/jenkins/workspace/ECP/ecg-maya-usd/ecg-mayausd-branch-preflight-2020-pxrusd-mid1-osx/ecg-maya-usd/maya-usd/lib/mayaUsd/fileio/utils/xformStack.h
[2023-04-03T13:57:13.583Z]     -- promoting: /local/S/jenkins/workspace/ECP/ecg-maya-usd/ecg-mayausd-branch-preflight-2020-pxrusd-mid1-osx/ecg-maya-usd/maya-usd/lib/mayaUsd/listeners/notice.h
[2023-04-03T13:57:13.583Z]     -- promoting: /local/S/jenkins/workspace/ECP/ecg-maya-usd/ecg-mayausd-branch-preflight-2020-pxrusd-mid1-osx/ecg-maya-usd/maya-usd/lib/mayaUsd/listeners/proxyShapeNotice.h
[2023-04-03T13:57:13.583Z]     -- promoting: /local/S/jenkins/workspace/ECP/ecg-maya-usd/ecg-mayausd-branch-preflight-2020-pxrusd-mid1-osx/ecg-maya-usd/maya-usd/lib/mayaUsd/listeners/stageNoticeListener.h
[2023-04-03T13:57:13.583Z]     -- promoting: /local/S/jenkins/workspace/ECP/ecg-maya-usd/ecg-mayausd-branch-preflight-2020-pxrusd-mid1-osx/ecg-maya-usd/maya-usd/lib/mayaUsd/nodes/hdImagingShape.h
[2023-04-03T13:57:13.583Z]     -- promoting: /local/S/jenkins/workspace/ECP/ecg-maya-usd/ecg-mayausd-branch-preflight-2020-pxrusd-mid1-osx/ecg-maya-usd/maya-usd/lib/mayaUsd/nodes/pointBasedDeformerNode.h
[2023-04-03T13:57:13.583Z]     -- promoting: /local/S/jenkins/workspace/ECP/ecg-maya-usd/ecg-mayausd-branch-preflight-2020-pxrusd-mid1-osx/ecg-maya-usd/maya-usd/lib/mayaUsd/nodes/proxyAccessor.h
[2023-04-03T13:57:13.583Z]     -- promoting: /local/S/jenkins/workspace/ECP/ecg-maya-usd/ecg-mayausd-branch-preflight-2020-pxrusd-mid1-osx/ecg-maya-usd/maya-usd/lib/mayaUsd/nodes/proxyShapeBase.h
[2023-04-03T13:57:13.583Z]     -- promoting: /local/S/jenkins/workspace/ECP/ecg-maya-usd/ecg-mayausd-branch-preflight-2020-pxrusd-mid1-osx/ecg-maya-usd/maya-usd/lib/mayaUsd/nodes/proxyShapePlugin.h
[2023-04-03T13:57:13.583Z]     -- promoting: /local/S/jenkins/workspace/ECP/ecg-maya-usd/ecg-mayausd-branch-preflight-2020-pxrusd-mid1-osx/ecg-maya-usd/maya-usd/lib/mayaUsd/nodes/proxyStageProvider.h
[2023-04-03T13:57:13.583Z]     -- promoting: /local/S/jenkins/workspace/ECP/ecg-maya-usd/ecg-mayausd-branch-preflight-2020-pxrusd-mid1-osx/ecg-maya-usd/maya-usd/lib/mayaUsd/nodes/proxyShapeStageExtraData.h
[2023-04-03T13:57:13.583Z]     -- promoting: /local/S/jenkins/workspace/ECP/ecg-maya-usd/ecg-mayausd-branch-preflight-2020-pxrusd-mid1-osx/ecg-maya-usd/maya-usd/lib/mayaUsd/nodes/proxyShapeUpdateManager.h
[2023-04-03T13:57:13.583Z]     -- promoting: /local/S/jenkins/workspace/ECP/ecg-maya-usd/ecg-mayausd-branch-preflight-2020-pxrusd-mid1-osx/ecg-maya-usd/maya-usd/lib/mayaUsd/nodes/stageData.h
[2023-04-03T13:57:13.583Z]     -- promoting: /local/S/jenkins/workspace/ECP/ecg-maya-usd/ecg-mayausd-branch-preflight-2020-pxrusd-mid1-osx/ecg-maya-usd/maya-usd/lib/mayaUsd/nodes/stageNode.h
[2023-04-03T13:57:13.583Z]     -- promoting: /local/S/jenkins/workspace/ECP/ecg-maya-usd/ecg-mayausd-branch-preflight-2020-pxrusd-mid1-osx/ecg-maya-usd/maya-usd/lib/mayaUsd/nodes/usdPrimProvider.h
[2023-04-03T13:57:13.583Z]     -- promoting: /local/S/jenkins/workspace/ECP/ecg-maya-usd/ecg-mayausd-branch-preflight-2020-pxrusd-mid1-osx/ecg-maya-usd/maya-usd/lib/mayaUsd/nodes/layerManager.h
[2023-04-03T13:57:13.583Z]     -- promoting: /local/S/jenkins/workspace/ECP/ecg-maya-usd/ecg-mayausd-branch-preflight-2020-pxrusd-mid1-osx/ecg-maya-usd/maya-usd/lib/mayaUsd/render/px_vp20/glslProgram.h
[2023-04-03T13:57:13.583Z]     -- promoting: /local/S/jenkins/workspace/ECP/ecg-maya-usd/ecg-mayausd-branch-preflight-2020-pxrusd-mid1-osx/ecg-maya-usd/maya-usd/lib/mayaUsd/render/px_vp20/utils.h
[2023-04-03T13:57:13.583Z]     -- promoting: /local/S/jenkins/workspace/ECP/ecg-maya-usd/ecg-mayausd-branch-preflight-2020-pxrusd-mid1-osx/ecg-maya-usd/maya-usd/lib/mayaUsd/render/px_vp20/utils_legacy.h
[2023-04-03T13:57:13.583Z]     -- promoting: /local/S/jenkins/workspace/ECP/ecg-maya-usd/ecg-mayausd-branch-preflight-2020-pxrusd-mid1-osx/ecg-maya-usd/maya-usd/lib/mayaUsd/render/pxrUsdMayaGL/batchRenderer.h
[2023-04-03T13:57:13.583Z]     -- promoting: /local/S/jenkins/workspace/ECP/ecg-maya-usd/ecg-mayausd-branch-preflight-2020-pxrusd-mid1-osx/ecg-maya-usd/maya-usd/lib/mayaUsd/render/pxrUsdMayaGL/debugCodes.h
[2023-04-03T13:57:13.583Z]     -- promoting: /local/S/jenkins/workspace/ECP/ecg-maya-usd/ecg-mayausd-branch-preflight-2020-pxrusd-mid1-osx/ecg-maya-usd/maya-usd/lib/mayaUsd/render/pxrUsdMayaGL/hdImagingShapeDrawOverride.h
[2023-04-03T13:57:13.583Z]     -- promoting: /local/S/jenkins/workspace/ECP/ecg-maya-usd/ecg-mayausd-branch-preflight-2020-pxrusd-mid1-osx/ecg-maya-usd/maya-usd/lib/mayaUsd/render/pxrUsdMayaGL/hdImagingShapeUI.h
[2023-04-03T13:57:13.583Z]     -- promoting: /local/S/jenkins/workspace/ECP/ecg-maya-usd/ecg-mayausd-branch-preflight-2020-pxrusd-mid1-osx/ecg-maya-usd/maya-usd/lib/mayaUsd/render/pxrUsdMayaGL/instancerImager.h
[2023-04-03T13:57:13.583Z]     -- promoting: /local/S/jenkins/workspace/ECP/ecg-maya-usd/ecg-mayausd-branch-preflight-2020-pxrusd-mid1-osx/ecg-maya-usd/maya-usd/lib/mayaUsd/render/pxrUsdMayaGL/instancerShapeAdapter.h
[2023-04-03T13:57:13.583Z]     -- promoting: /local/S/jenkins/workspace/ECP/ecg-maya-usd/ecg-mayausd-branch-preflight-2020-pxrusd-mid1-osx/ecg-maya-usd/maya-usd/lib/mayaUsd/render/pxrUsdMayaGL/proxyDrawOverride.h
[2023-04-03T13:57:13.583Z]     -- promoting: /local/S/jenkins/workspace/ECP/ecg-maya-usd/ecg-mayausd-branch-preflight-2020-pxrusd-mid1-osx/ecg-maya-usd/maya-usd/lib/mayaUsd/render/pxrUsdMayaGL/proxyShapeUI.h
[2023-04-03T13:57:13.583Z]     -- promoting: /local/S/jenkins/workspace/ECP/ecg-maya-usd/ecg-mayausd-branch-preflight-2020-pxrusd-mid1-osx/ecg-maya-usd/maya-usd/lib/mayaUsd/render/pxrUsdMayaGL/renderParams.h
[2023-04-03T13:57:13.583Z]     -- promoting: /local/S/jenkins/workspace/ECP/ecg-maya-usd/ecg-mayausd-branch-preflight-2020-pxrusd-mid1-osx/ecg-maya-usd/maya-usd/lib/mayaUsd/render/pxrUsdMayaGL/sceneDelegate.h
[2023-04-03T13:57:13.583Z]     -- promoting: /local/S/jenkins/workspace/ECP/ecg-maya-usd/ecg-mayausd-branch-preflight-2020-pxrusd-mid1-osx/ecg-maya-usd/maya-usd/lib/mayaUsd/render/pxrUsdMayaGL/shapeAdapter.h
[2023-04-03T13:57:13.583Z]     -- promoting: /local/S/jenkins/workspace/ECP/ecg-maya-usd/ecg-mayausd-branch-preflight-2020-pxrusd-mid1-osx/ecg-maya-usd/maya-usd/lib/mayaUsd/render/pxrUsdMayaGL/softSelectHelper.h
[2023-04-03T13:57:13.583Z]     -- promoting: /local/S/jenkins/workspace/ECP/ecg-maya-usd/ecg-mayausd-branch-preflight-2020-pxrusd-mid1-osx/ecg-maya-usd/maya-usd/lib/mayaUsd/render/pxrUsdMayaGL/usdProxyShapeAdapter.h
[2023-04-03T13:57:13.583Z]     -- promoting: /local/S/jenkins/workspace/ECP/ecg-maya-usd/ecg-mayausd-branch-preflight-2020-pxrusd-mid1-osx/ecg-maya-usd/maya-usd/lib/mayaUsd/render/pxrUsdMayaGL/userData.h
[2023-04-03T13:57:13.583Z]     -- promoting: /local/S/jenkins/workspace/ECP/ecg-maya-usd/ecg-mayausd-branch-preflight-2020-pxrusd-mid1-osx/ecg-maya-usd/maya-usd/lib/mayaUsd/render/vp2RenderDelegate/proxyRenderDelegate.h
[2023-04-03T13:57:13.583Z]     -- promoting: /local/S/jenkins/workspace/ECP/ecg-maya-usd/ecg-mayausd-branch-preflight-2020-pxrusd-mid1-osx/ecg-maya-usd/maya-usd/lib/mayaUsd/render/vp2ShaderFragments/shaderFragments.h
[2023-04-03T13:57:13.583Z]     -- promoting: /local/S/jenkins/workspace/ECP/ecg-maya-usd/ecg-mayausd-branch-preflight-2020-pxrusd-mid1-osx/ecg-maya-usd/maya-usd/lib/mayaUsd/ufe/Global.h
[2023-04-03T13:57:13.583Z]     -- promoting: /local/S/jenkins/workspace/ECP/ecg-maya-usd/ecg-mayausd-branch-preflight-2020-pxrusd-mid1-osx/ecg-maya-usd/maya-usd/lib/mayaUsd/ufe/ProxyShapeHandler.h
[2023-04-03T13:57:13.583Z]     -- promoting: /local/S/jenkins/workspace/ECP/ecg-maya-usd/ecg-mayausd-branch-preflight-2020-pxrusd-mid1-osx/ecg-maya-usd/maya-usd/lib/mayaUsd/ufe/ProxyShapeHierarchy.h
[2023-04-03T13:57:13.583Z]     -- promoting: /local/S/jenkins/workspace/ECP/ecg-maya-usd/ecg-mayausd-branch-preflight-2020-pxrusd-mid1-osx/ecg-maya-usd/maya-usd/lib/mayaUsd/ufe/ProxyShapeHierarchyHandler.h
[2023-04-03T13:57:13.583Z]     -- promoting: /local/S/jenkins/workspace/ECP/ecg-maya-usd/ecg-mayausd-branch-preflight-2020-pxrusd-mid1-osx/ecg-maya-usd/maya-usd/lib/mayaUsd/ufe/SetVariantSelectionCommand.h
[2023-04-03T13:57:13.583Z]     -- promoting: /local/S/jenkins/workspace/ECP/ecg-maya-usd/ecg-mayausd-branch-preflight-2020-pxrusd-mid1-osx/ecg-maya-usd/maya-usd/lib/mayaUsd/ufe/StagesSubject.h
[2023-04-03T13:57:13.583Z]     -- promoting: /local/S/jenkins/workspace/ECP/ecg-maya-usd/ecg-mayausd-branch-preflight-2020-pxrusd-mid1-osx/ecg-maya-usd/maya-usd/lib/mayaUsd/ufe/UsdHierarchy.h
[2023-04-03T13:57:13.584Z]     -- promoting: /local/S/jenkins/workspace/ECP/ecg-maya-usd/ecg-mayausd-branch-preflight-2020-pxrusd-mid1-osx/ecg-maya-usd/maya-usd/lib/mayaUsd/ufe/UsdHierarchyHandler.h
[2023-04-03T13:57:13.584Z]     -- promoting: /local/S/jenkins/workspace/ECP/ecg-maya-usd/ecg-mayausd-branch-preflight-2020-pxrusd-mid1-osx/ecg-maya-usd/maya-usd/lib/mayaUsd/ufe/UsdPointInstanceModifierBase.h
[2023-04-03T13:57:13.584Z]     -- promoting: /local/S/jenkins/workspace/ECP/ecg-maya-usd/ecg-mayausd-branch-preflight-2020-pxrusd-mid1-osx/ecg-maya-usd/maya-usd/lib/mayaUsd/ufe/UsdPointInstanceOrientationModifier.h
[2023-04-03T13:57:13.584Z]     -- promoting: /local/S/jenkins/workspace/ECP/ecg-maya-usd/ecg-mayausd-branch-preflight-2020-pxrusd-mid1-osx/ecg-maya-usd/maya-usd/lib/mayaUsd/ufe/UsdPointInstancePositionModifier.h
[2023-04-03T13:57:13.584Z]     -- promoting: /local/S/jenkins/workspace/ECP/ecg-maya-usd/ecg-mayausd-branch-preflight-2020-pxrusd-mid1-osx/ecg-maya-usd/maya-usd/lib/mayaUsd/ufe/UsdPointInstanceScaleModifier.h
[2023-04-03T13:57:13.584Z]     -- promoting: /local/S/jenkins/workspace/ECP/ecg-maya-usd/ecg-mayausd-branch-preflight-2020-pxrusd-mid1-osx/ecg-maya-usd/maya-usd/lib/mayaUsd/ufe/UsdRootChildHierarchy.h
[2023-04-03T13:57:13.584Z]     -- promoting: /local/S/jenkins/workspace/ECP/ecg-maya-usd/ecg-mayausd-branch-preflight-2020-pxrusd-mid1-osx/ecg-maya-usd/maya-usd/lib/mayaUsd/ufe/UsdRotatePivotTranslateUndoableCommand.h
[2023-04-03T13:57:13.584Z]     -- promoting: /local/S/jenkins/workspace/ECP/ecg-maya-usd/ecg-mayausd-branch-preflight-2020-pxrusd-mid1-osx/ecg-maya-usd/maya-usd/lib/mayaUsd/ufe/UsdRotateUndoableCommand.h
[2023-04-03T13:57:13.584Z]     -- promoting: /local/S/jenkins/workspace/ECP/ecg-maya-usd/ecg-mayausd-branch-preflight-2020-pxrusd-mid1-osx/ecg-maya-usd/maya-usd/lib/mayaUsd/ufe/UsdScaleUndoableCommand.h
[2023-04-03T13:57:13.584Z]     -- promoting: /local/S/jenkins/workspace/ECP/ecg-maya-usd/ecg-mayausd-branch-preflight-2020-pxrusd-mid1-osx/ecg-maya-usd/maya-usd/lib/mayaUsd/ufe/UsdSceneItem.h
[2023-04-03T13:57:13.584Z]     -- promoting: /local/S/jenkins/workspace/ECP/ecg-maya-usd/ecg-mayausd-branch-preflight-2020-pxrusd-mid1-osx/ecg-maya-usd/maya-usd/lib/mayaUsd/ufe/UsdSceneItemOps.h
[2023-04-03T13:57:13.584Z]     -- promoting: /local/S/jenkins/workspace/ECP/ecg-maya-usd/ecg-mayausd-branch-preflight-2020-pxrusd-mid1-osx/ecg-maya-usd/maya-usd/lib/mayaUsd/ufe/UsdSceneItemOpsHandler.h
[2023-04-03T13:57:13.584Z]     -- promoting: /local/S/jenkins/workspace/ECP/ecg-maya-usd/ecg-mayausd-branch-preflight-2020-pxrusd-mid1-osx/ecg-maya-usd/maya-usd/lib/mayaUsd/ufe/UsdStageMap.h
[2023-04-03T13:57:13.584Z]     -- promoting: /local/S/jenkins/workspace/ECP/ecg-maya-usd/ecg-mayausd-branch-preflight-2020-pxrusd-mid1-osx/ecg-maya-usd/maya-usd/lib/mayaUsd/ufe/UsdTRSUndoableCommandBase.h
[2023-04-03T13:57:13.584Z]     -- promoting: /local/S/jenkins/workspace/ECP/ecg-maya-usd/ecg-mayausd-branch-preflight-2020-pxrusd-mid1-osx/ecg-maya-usd/maya-usd/lib/mayaUsd/ufe/UsdTransform3d.h
[2023-04-03T13:57:13.584Z]     -- promoting: /local/S/jenkins/workspace/ECP/ecg-maya-usd/ecg-mayausd-branch-preflight-2020-pxrusd-mid1-osx/ecg-maya-usd/maya-usd/lib/mayaUsd/ufe/UsdTransform3dReadImpl.h
[2023-04-03T13:57:13.584Z]     -- promoting: /local/S/jenkins/workspace/ECP/ecg-maya-usd/ecg-mayausd-branch-preflight-2020-pxrusd-mid1-osx/ecg-maya-usd/maya-usd/lib/mayaUsd/ufe/UsdTransform3dHandler.h
[2023-04-03T13:57:13.584Z]     -- promoting: /local/S/jenkins/workspace/ECP/ecg-maya-usd/ecg-mayausd-branch-preflight-2020-pxrusd-mid1-osx/ecg-maya-usd/maya-usd/lib/mayaUsd/ufe/UsdTranslateUndoableCommand.h
[2023-04-03T13:57:13.584Z]     -- promoting: /local/S/jenkins/workspace/ECP/ecg-maya-usd/ecg-mayausd-branch-preflight-2020-pxrusd-mid1-osx/ecg-maya-usd/maya-usd/lib/mayaUsd/ufe/UsdUndoDeleteCommand.h
[2023-04-03T13:57:13.584Z]     -- promoting: /local/S/jenkins/workspace/ECP/ecg-maya-usd/ecg-mayausd-branch-preflight-2020-pxrusd-mid1-osx/ecg-maya-usd/maya-usd/lib/mayaUsd/ufe/UsdUndoDuplicateCommand.h
[2023-04-03T13:57:13.584Z]     -- promoting: /local/S/jenkins/workspace/ECP/ecg-maya-usd/ecg-mayausd-branch-preflight-2020-pxrusd-mid1-osx/ecg-maya-usd/maya-usd/lib/mayaUsd/ufe/UsdUndoRenameCommand.h
[2023-04-03T13:57:13.584Z]     -- promoting: /local/S/jenkins/workspace/ECP/ecg-maya-usd/ecg-mayausd-branch-preflight-2020-pxrusd-mid1-osx/ecg-maya-usd/maya-usd/lib/mayaUsd/ufe/Utils.h
[2023-04-03T13:57:13.584Z]     -- promoting: /local/S/jenkins/workspace/ECP/ecg-maya-usd/ecg-mayausd-branch-preflight-2020-pxrusd-mid1-osx/ecg-maya-usd/maya-usd/lib/mayaUsd/ufe/UfeVersionCompat.h
[2023-04-03T13:57:13.584Z]     -- promoting: /local/S/jenkins/workspace/ECP/ecg-maya-usd/ecg-mayausd-branch-preflight-2020-pxrusd-mid1-osx/ecg-maya-usd/maya-usd/lib/mayaUsd/undo/OpUndoItemList.h
[2023-04-03T13:57:13.584Z]     -- promoting: /local/S/jenkins/workspace/ECP/ecg-maya-usd/ecg-mayausd-branch-preflight-2020-pxrusd-mid1-osx/ecg-maya-usd/maya-usd/lib/mayaUsd/undo/OpUndoItemMuting.h
[2023-04-03T13:57:13.584Z]     -- promoting: /local/S/jenkins/workspace/ECP/ecg-maya-usd/ecg-mayausd-branch-preflight-2020-pxrusd-mid1-osx/ecg-maya-usd/maya-usd/lib/mayaUsd/undo/OpUndoItemRecorder.h
[2023-04-03T13:57:13.584Z]     -- promoting: /local/S/jenkins/workspace/ECP/ecg-maya-usd/ecg-mayausd-branch-preflight-2020-pxrusd-mid1-osx/ecg-maya-usd/maya-usd/lib/mayaUsd/undo/OpUndoItems.h
[2023-04-03T13:57:13.584Z]     -- promoting: /local/S/jenkins/workspace/ECP/ecg-maya-usd/ecg-mayausd-branch-preflight-2020-pxrusd-mid1-osx/ecg-maya-usd/maya-usd/lib/mayaUsd/undo/UsdUndoBlock.h
[2023-04-03T13:57:13.584Z]     -- promoting: /local/S/jenkins/workspace/ECP/ecg-maya-usd/ecg-mayausd-branch-preflight-2020-pxrusd-mid1-osx/ecg-maya-usd/maya-usd/lib/mayaUsd/undo/UsdUndoManager.h
[2023-04-03T13:57:13.584Z]     -- promoting: /local/S/jenkins/workspace/ECP/ecg-maya-usd/ecg-mayausd-branch-preflight-2020-pxrusd-mid1-osx/ecg-maya-usd/maya-usd/lib/mayaUsd/undo/UsdUndoStateDelegate.h
[2023-04-03T13:57:13.584Z]     -- promoting: /local/S/jenkins/workspace/ECP/ecg-maya-usd/ecg-mayausd-branch-preflight-2020-pxrusd-mid1-osx/ecg-maya-usd/maya-usd/lib/mayaUsd/undo/UsdUndoableItem.h
[2023-04-03T13:57:13.584Z]     -- promoting: /local/S/jenkins/workspace/ECP/ecg-maya-usd/ecg-mayausd-branch-preflight-2020-pxrusd-mid1-osx/ecg-maya-usd/maya-usd/lib/mayaUsd/utils/blockSceneModificationContext.h
[2023-04-03T13:57:13.584Z]     -- promoting: /local/S/jenkins/workspace/ECP/ecg-maya-usd/ecg-mayausd-branch-preflight-2020-pxrusd-mid1-osx/ecg-maya-usd/maya-usd/lib/mayaUsd/utils/colorSpace.h
[2023-04-03T13:57:13.584Z]     -- promoting: /local/S/jenkins/workspace/ECP/ecg-maya-usd/ecg-mayausd-branch-preflight-2020-pxrusd-mid1-osx/ecg-maya-usd/maya-usd/lib/mayaUsd/utils/customLayerData.h
[2023-04-03T13:57:13.584Z]     -- promoting: /local/S/jenkins/workspace/ECP/ecg-maya-usd/ecg-mayausd-branch-preflight-2020-pxrusd-mid1-osx/ecg-maya-usd/maya-usd/lib/mayaUsd/utils/converter.h
[2023-04-03T13:57:13.584Z]     -- promoting: /local/S/jenkins/workspace/ECP/ecg-maya-usd/ecg-mayausd-branch-preflight-2020-pxrusd-mid1-osx/ecg-maya-usd/maya-usd/lib/mayaUsd/utils/diagnosticDelegate.h
[2023-04-03T13:57:13.584Z]     -- promoting: /local/S/jenkins/workspace/ECP/ecg-maya-usd/ecg-mayausd-branch-preflight-2020-pxrusd-mid1-osx/ecg-maya-usd/maya-usd/lib/mayaUsd/utils/dynamicAttribute.h
[2023-04-03T13:57:13.584Z]     -- promoting: /local/S/jenkins/workspace/ECP/ecg-maya-usd/ecg-mayausd-branch-preflight-2020-pxrusd-mid1-osx/ecg-maya-usd/maya-usd/lib/mayaUsd/utils/editability.h
[2023-04-03T13:57:13.584Z]     -- promoting: /local/S/jenkins/workspace/ECP/ecg-maya-usd/ecg-mayausd-branch-preflight-2020-pxrusd-mid1-osx/ecg-maya-usd/maya-usd/lib/mayaUsd/utils/editRouter.h
[2023-04-03T13:57:13.584Z]     -- promoting: /local/S/jenkins/workspace/ECP/ecg-maya-usd/ecg-mayausd-branch-preflight-2020-pxrusd-mid1-osx/ecg-maya-usd/maya-usd/lib/mayaUsd/utils/hash.h
[2023-04-03T13:57:13.584Z]     -- promoting: /local/S/jenkins/workspace/ECP/ecg-maya-usd/ecg-mayausd-branch-preflight-2020-pxrusd-mid1-osx/ecg-maya-usd/maya-usd/lib/mayaUsd/utils/layerMuting.h
[2023-04-03T13:57:13.584Z]     -- promoting: /local/S/jenkins/workspace/ECP/ecg-maya-usd/ecg-mayausd-branch-preflight-2020-pxrusd-mid1-osx/ecg-maya-usd/maya-usd/lib/mayaUsd/utils/layers.h
[2023-04-03T13:57:13.584Z]     -- promoting: /local/S/jenkins/workspace/ECP/ecg-maya-usd/ecg-mayausd-branch-preflight-2020-pxrusd-mid1-osx/ecg-maya-usd/maya-usd/lib/mayaUsd/utils/loadRules.h
[2023-04-03T13:57:13.584Z]     -- promoting: /local/S/jenkins/workspace/ECP/ecg-maya-usd/ecg-mayausd-branch-preflight-2020-pxrusd-mid1-osx/ecg-maya-usd/maya-usd/lib/mayaUsd/utils/query.h
[2023-04-03T13:57:13.584Z]     -- promoting: /local/S/jenkins/workspace/ECP/ecg-maya-usd/ecg-mayausd-branch-preflight-2020-pxrusd-mid1-osx/ecg-maya-usd/maya-usd/lib/mayaUsd/utils/plugRegistryHelper.h
[2023-04-03T13:57:13.584Z]     -- promoting: /local/S/jenkins/workspace/ECP/ecg-maya-usd/ecg-mayausd-branch-preflight-2020-pxrusd-mid1-osx/ecg-maya-usd/maya-usd/lib/mayaUsd/utils/progressBarScope.h
[2023-04-03T13:57:13.584Z]     -- promoting: /local/S/jenkins/workspace/ECP/ecg-maya-usd/ecg-mayausd-branch-preflight-2020-pxrusd-mid1-osx/ecg-maya-usd/maya-usd/lib/mayaUsd/utils/selectability.h
[2023-04-03T13:57:13.584Z]     -- promoting: /local/S/jenkins/workspace/ECP/ecg-maya-usd/ecg-mayausd-branch-preflight-2020-pxrusd-mid1-osx/ecg-maya-usd/maya-usd/lib/mayaUsd/utils/stageCache.h
[2023-04-03T13:57:13.584Z]     -- promoting: /local/S/jenkins/workspace/ECP/ecg-maya-usd/ecg-mayausd-branch-preflight-2020-pxrusd-mid1-osx/ecg-maya-usd/maya-usd/lib/mayaUsd/utils/targetLayer.h
[2023-04-03T13:57:13.584Z]     -- promoting: /local/S/jenkins/workspace/ECP/ecg-maya-usd/ecg-mayausd-branch-preflight-2020-pxrusd-mid1-osx/ecg-maya-usd/maya-usd/lib/mayaUsd/utils/traverseLayer.h
[2023-04-03T13:57:13.584Z]     -- promoting: /local/S/jenkins/workspace/ECP/ecg-maya-usd/ecg-mayausd-branch-preflight-2020-pxrusd-mid1-osx/ecg-maya-usd/maya-usd/lib/mayaUsd/utils/undoHelperCommand.h
[2023-04-03T13:57:13.584Z]     -- promoting: /local/S/jenkins/workspace/ECP/ecg-maya-usd/ecg-mayausd-branch-preflight-2020-pxrusd-mid1-osx/ecg-maya-usd/maya-usd/lib/mayaUsd/utils/util.h
[2023-04-03T13:57:13.584Z]     -- promoting: /local/S/jenkins/workspace/ECP/ecg-maya-usd/ecg-mayausd-branch-preflight-2020-pxrusd-mid1-osx/ecg-maya-usd/maya-usd/lib/mayaUsd/utils/utilDictionary.h
[2023-04-03T13:57:13.584Z]     -- promoting: /local/S/jenkins/workspace/ECP/ecg-maya-usd/ecg-mayausd-branch-preflight-2020-pxrusd-mid1-osx/ecg-maya-usd/maya-usd/lib/mayaUsd/utils/utilFileSystem.h
[2023-04-03T13:57:13.584Z]     -- promoting: /local/S/jenkins/workspace/ECP/ecg-maya-usd/ecg-mayausd-branch-preflight-2020-pxrusd-mid1-osx/ecg-maya-usd/maya-usd/lib/mayaUsd/utils/utilSerialization.h
[2023-04-03T13:57:13.584Z]     -- promoting: /local/S/jenkins/workspace/ECP/ecg-maya-usd/ecg-mayausd-branch-preflight-2020-pxrusd-mid1-osx/ecg-maya-usd/maya-usd/lib/mayaUsd/utils/variants.h
[2023-04-03T13:57:13.584Z]     -- promoting: /local/S/jenkins/workspace/ECP/ecg-maya-usd/ecg-mayausd-branch-preflight-2020-pxrusd-mid1-osx/ecg-maya-usd/maya-usd/lib/usd/pxrUsdPreviewSurface/usdPreviewSurface.h
[2023-04-03T13:57:13.584Z]     -- promoting: /local/S/jenkins/workspace/ECP/ecg-maya-usd/ecg-mayausd-branch-preflight-2020-pxrusd-mid1-osx/ecg-maya-usd/maya-usd/lib/usd/pxrUsdPreviewSurface/usdPreviewSurfacePlugin.h
[2023-04-03T13:57:13.695Z]     -- promoting: /local/S/jenkins/workspace/ECP/ecg-maya-usd/ecg-mayausd-branch-preflight-2020-pxrusd-mid1-osx/ecg-maya-usd/maya-usd/lib/usd/schemas/api.h
[2023-04-03T13:57:13.695Z]     -- promoting: /local/S/jenkins/workspace/ECP/ecg-maya-usd/ecg-mayausd-branch-preflight-2020-pxrusd-mid1-osx/ecg-maya-usd/maya-usd/lib/usd/schemas/ALMayaReference.h
[2023-04-03T13:57:13.695Z]     -- promoting: /local/S/jenkins/workspace/ECP/ecg-maya-usd/ecg-mayausd-branch-preflight-2020-pxrusd-mid1-osx/ecg-maya-usd/maya-usd/lib/usd/schemas/MayaReference.h
[2023-04-03T13:57:13.695Z]     -- promoting: /local/S/jenkins/workspace/ECP/ecg-maya-usd/ecg-mayausd-branch-preflight-2020-pxrusd-mid1-osx/ecg-maya-usd/maya-usd/lib/usd/schemas/tokens.h
[2023-04-03T13:57:14.655Z]     Processing schema classes:
[2023-04-03T13:57:14.655Z]     MayaReference, ALMayaReference
[2023-04-03T13:57:14.655Z]     Loading Templates from /local/S/jenkins/workspace/shared/Artifactory/OSX/USD/cae4017/lib/usd/usd/resources/codegenTemplates
[2023-04-03T13:57:14.655Z]     Writing API:
[2023-04-03T13:57:14.655Z]     	    wrote /local/S/jenkins/workspace/ECP/ecg-maya-usd/ecg-mayausd-branch-preflight-2020-pxrusd-mid1-osx/build/RelWithDebInfo/lib/usd/schemas/api.h
[2023-04-03T13:57:14.655Z]     Writing Schema Tokens:
[2023-04-03T13:57:14.655Z]     	    wrote /local/S/jenkins/workspace/ECP/ecg-maya-usd/ecg-mayausd-branch-preflight-2020-pxrusd-mid1-osx/build/RelWithDebInfo/lib/usd/schemas/tokens.h
[2023-04-03T13:57:14.655Z]     	    wrote /local/S/jenkins/workspace/ECP/ecg-maya-usd/ecg-mayausd-branch-preflight-2020-pxrusd-mid1-osx/build/RelWithDebInfo/lib/usd/schemas/tokens.cpp
[2023-04-03T13:57:14.655Z]     	    wrote /local/S/jenkins/workspace/ECP/ecg-maya-usd/ecg-mayausd-branch-preflight-2020-pxrusd-mid1-osx/build/RelWithDebInfo/lib/usd/schemas/wrapTokens.cpp
[2023-04-03T13:57:14.655Z]     Generating Classes:
[2023-04-03T13:57:14.655Z]     	    wrote /local/S/jenkins/workspace/ECP/ecg-maya-usd/ecg-mayausd-branch-preflight-2020-pxrusd-mid1-osx/build/RelWithDebInfo/lib/usd/schemas/MayaReference.h
[2023-04-03T13:57:14.655Z]     	    wrote /local/S/jenkins/workspace/ECP/ecg-maya-usd/ecg-mayausd-branch-preflight-2020-pxrusd-mid1-osx/build/RelWithDebInfo/lib/usd/schemas/MayaReference.cpp
[2023-04-03T13:57:14.655Z]     	    wrote /local/S/jenkins/workspace/ECP/ecg-maya-usd/ecg-mayausd-branch-preflight-2020-pxrusd-mid1-osx/build/RelWithDebInfo/lib/usd/schemas/wrapMayaReference.cpp
[2023-04-03T13:57:14.655Z]     	    wrote /local/S/jenkins/workspace/ECP/ecg-maya-usd/ecg-mayausd-branch-preflight-2020-pxrusd-mid1-osx/build/RelWithDebInfo/lib/usd/schemas/ALMayaReference.h
[2023-04-03T13:57:14.655Z]     	    wrote /local/S/jenkins/workspace/ECP/ecg-maya-usd/ecg-mayausd-branch-preflight-2020-pxrusd-mid1-osx/build/RelWithDebInfo/lib/usd/schemas/ALMayaReference.cpp
[2023-04-03T13:57:14.655Z]     	    wrote /local/S/jenkins/workspace/ECP/ecg-maya-usd/ecg-mayausd-branch-preflight-2020-pxrusd-mid1-osx/build/RelWithDebInfo/lib/usd/schemas/wrapALMayaReference.cpp
[2023-04-03T13:57:14.655Z]     Loading Templates from /local/S/jenkins/workspace/shared/Artifactory/OSX/USD/cae4017/lib/usd/usd/resources/codegenTemplates
[2023-04-03T13:57:14.655Z]     	    wrote /local/S/jenkins/workspace/ECP/ecg-maya-usd/ecg-mayausd-branch-preflight-2020-pxrusd-mid1-osx/build/RelWithDebInfo/lib/usd/schemas/plugInfo.json
[2023-04-03T13:57:14.655Z]     Generating Schematics:
[2023-04-03T13:57:14.655Z]     	    wrote /local/S/jenkins/workspace/ECP/ecg-maya-usd/ecg-mayausd-branch-preflight-2020-pxrusd-mid1-osx/build/RelWithDebInfo/lib/usd/schemas/generatedSchema.usda
[2023-04-03T13:57:14.760Z]     -- promoting: /local/S/jenkins/workspace/ECP/ecg-maya-usd/ecg-mayausd-branch-preflight-2020-pxrusd-mid1-osx/ecg-maya-usd/maya-usd/lib/usd/utils/ALHalf.h
[2023-04-03T13:57:14.760Z]     -- promoting: /local/S/jenkins/workspace/ECP/ecg-maya-usd/ecg-mayausd-branch-preflight-2020-pxrusd-mid1-osx/ecg-maya-usd/maya-usd/lib/usd/utils/Api.h
[2023-04-03T13:57:14.760Z]     -- promoting: /local/S/jenkins/workspace/ECP/ecg-maya-usd/ecg-mayausd-branch-preflight-2020-pxrusd-mid1-osx/ecg-maya-usd/maya-usd/lib/usd/utils/DebugCodes.h
[2023-04-03T13:57:14.760Z]     -- promoting: /local/S/jenkins/workspace/ECP/ecg-maya-usd/ecg-mayausd-branch-preflight-2020-pxrusd-mid1-osx/ecg-maya-usd/maya-usd/lib/usd/utils/DiffCore.h
[2023-04-03T13:57:14.760Z]     -- promoting: /local/S/jenkins/workspace/ECP/ecg-maya-usd/ecg-mayausd-branch-preflight-2020-pxrusd-mid1-osx/ecg-maya-usd/maya-usd/lib/usd/utils/DiffPrims.h
[2023-04-03T13:57:14.760Z]     -- promoting: /local/S/jenkins/workspace/ECP/ecg-maya-usd/ecg-mayausd-branch-preflight-2020-pxrusd-mid1-osx/ecg-maya-usd/maya-usd/lib/usd/utils/MergePrims.h
[2023-04-03T13:57:14.760Z]     -- promoting: /local/S/jenkins/workspace/ECP/ecg-maya-usd/ecg-mayausd-branch-preflight-2020-pxrusd-mid1-osx/ecg-maya-usd/maya-usd/lib/usd/utils/MergePrimsOptions.h
[2023-04-03T13:57:14.760Z]     -- promoting: /local/S/jenkins/workspace/ECP/ecg-maya-usd/ecg-mayausd-branch-preflight-2020-pxrusd-mid1-osx/ecg-maya-usd/maya-usd/lib/usd/utils/ForwardDeclares.h
[2023-04-03T13:57:14.760Z]     -- promoting: /local/S/jenkins/workspace/ECP/ecg-maya-usd/ecg-mayausd-branch-preflight-2020-pxrusd-mid1-osx/ecg-maya-usd/maya-usd/lib/usd/utils/SIMD.h
[2023-04-03T13:57:14.760Z]     -- promoting: /local/S/jenkins/workspace/ECP/ecg-maya-usd/ecg-mayausd-branch-preflight-2020-pxrusd-mid1-osx/ecg-maya-usd/maya-usd/lib/usd/utils/util.h
[2023-04-03T13:57:14.760Z]     -- promoting: /local/S/jenkins/workspace/ECP/ecg-maya-usd/ecg-mayausd-branch-preflight-2020-pxrusd-mid1-osx/ecg-maya-usd/maya-usd/lib/usd/ui/layerEditor/batchSaveLayersUIDelegate.h
[2023-04-03T13:57:14.760Z]     -- promoting: /local/S/jenkins/workspace/ECP/ecg-maya-usd/ecg-mayausd-branch-preflight-2020-pxrusd-mid1-osx/ecg-maya-usd/maya-usd/lib/usd/ui/importDialog/IMayaMQtUtil.h
[2023-04-03T13:57:14.760Z]     -- promoting: /local/S/jenkins/workspace/ECP/ecg-maya-usd/ecg-mayausd-branch-preflight-2020-pxrusd-mid1-osx/ecg-maya-usd/maya-usd/lib/usd/ui/importDialog/ItemDelegate.h
[2023-04-03T13:57:14.760Z]     -- promoting: /local/S/jenkins/workspace/ECP/ecg-maya-usd/ecg-mayausd-branch-preflight-2020-pxrusd-mid1-osx/ecg-maya-usd/maya-usd/lib/usd/ui/importDialog/IUSDImportView.h
[2023-04-03T13:57:14.760Z]     -- promoting: /local/S/jenkins/workspace/ECP/ecg-maya-usd/ecg-mayausd-branch-preflight-2020-pxrusd-mid1-osx/ecg-maya-usd/maya-usd/lib/usd/ui/importDialog/TreeItem.h
[2023-04-03T13:57:14.760Z]     -- promoting: /local/S/jenkins/workspace/ECP/ecg-maya-usd/ecg-mayausd-branch-preflight-2020-pxrusd-mid1-osx/ecg-maya-usd/maya-usd/lib/usd/ui/importDialog/TreeModel.h
[2023-04-03T13:57:14.760Z]     -- promoting: /local/S/jenkins/workspace/ECP/ecg-maya-usd/ecg-mayausd-branch-preflight-2020-pxrusd-mid1-osx/ecg-maya-usd/maya-usd/lib/usd/ui/importDialog/TreeModelFactory.h
[2023-04-03T13:57:14.760Z]     -- promoting: /local/S/jenkins/workspace/ECP/ecg-maya-usd/ecg-mayausd-branch-preflight-2020-pxrusd-mid1-osx/ecg-maya-usd/maya-usd/lib/usd/ui/importDialog/USDImportDialog.h
[2023-04-03T13:57:14.760Z]     -- promoting: /local/S/jenkins/workspace/ECP/ecg-maya-usd/ecg-mayausd-branch-preflight-2020-pxrusd-mid1-osx/ecg-maya-usd/maya-usd/lib/usd/ui/importDialog/USDImportDialogCmd.h
[2023-04-03T13:57:14.760Z]     -- promoting: /local/S/jenkins/workspace/ECP/ecg-maya-usd/ecg-mayausd-branch-preflight-2020-pxrusd-mid1-osx/ecg-maya-usd/maya-usd/lib/usd/ui/importDialog/USDQtUtil.h
[2023-04-03T13:57:14.760Z]     -- promoting: /local/S/jenkins/workspace/ECP/ecg-maya-usd/ecg-mayausd-branch-preflight-2020-pxrusd-mid1-osx/ecg-maya-usd/maya-usd/lib/usd/ui/api.h
[2023-04-03T13:57:14.760Z]     -- promoting: /local/S/jenkins/workspace/ECP/ecg-maya-usd/ecg-mayausd-branch-preflight-2020-pxrusd-mid1-osx/ecg-maya-usd/maya-usd/lib/usd/ui/initStringResources.h
[2023-04-03T13:57:14.760Z]     ========== Pixar USD Plugin ==========
[2023-04-03T13:57:14.760Z]     Compiling /local/S/jenkins/workspace/ECP/ecg-maya-usd/ecg-mayausd-branch-preflight-2020-pxrusd-mid1-osx/build/RelWithDebInfo/plugin/pxr/__init__.py ...
[2023-04-03T13:57:14.760Z]     ========== AL USD Plugin ==========
[2023-04-03T13:57:14.760Z]     CMake Deprecation Warning at plugin/al/CMakeLists.txt:7 (cmake_policy):
[2023-04-03T13:57:14.760Z]       The OLD behavior for policy CMP0026 will be removed from a future version
[2023-04-03T13:57:14.760Z]       of CMake.
[2023-04-03T13:57:14.760Z]     
[2023-04-03T13:57:14.760Z]       The cmake-policies(7) manual explains that the OLD behaviors of all
[2023-04-03T13:57:14.760Z]       policies are deprecated and that a policy should be set to OLD only under
[2023-04-03T13:57:14.760Z]       specific short-term circumstances.  Projects should be ported to the NEW
[2023-04-03T13:57:14.760Z]       behavior and not rely on setting a policy to OLD.
[2023-04-03T13:57:14.760Z]     
[2023-04-03T13:57:14.760Z]     
[2023-04-03T13:57:14.861Z]     -- Found Boost 1.70.0 at /local/S/jenkins/workspace/shared/Artifactory/OSX/USD/cae4017/lib/cmake/Boost-1.70.0
[2023-04-03T13:57:14.861Z]     --   Requested configuration: QUIET REQUIRED
[2023-04-03T13:57:14.861Z]     -- Found boost_headers 1.70.0 at /local/S/jenkins/workspace/shared/Artifactory/OSX/USD/cae4017/lib/cmake/boost_headers-1.70.0
[2023-04-03T13:57:14.861Z]     -- Found Boost: /local/S/jenkins/workspace/shared/Artifactory/OSX/USD/cae4017/lib/cmake/Boost-1.70.0/BoostConfig.cmake (found version "1.70.0")
[2023-04-03T13:57:14.861Z]     -- Found Boost 1.70.0 at /local/S/jenkins/workspace/shared/Artifactory/OSX/USD/cae4017/lib/cmake/Boost-1.70.0
[2023-04-03T13:57:14.861Z]     --   Requested configuration: QUIET REQUIRED COMPONENTS python
[2023-04-03T13:57:14.861Z]     -- Found boost_python 1.70.0 at /local/S/jenkins/workspace/shared/Artifactory/OSX/USD/cae4017/lib/cmake/boost_python-1.70.0
[2023-04-03T13:57:14.861Z]     --   libboost_python27.dylib
[2023-04-03T13:57:14.861Z]     -- Adding boost_python dependencies: headers
[2023-04-03T13:57:14.861Z]     -- Found Boost: /local/S/jenkins/workspace/shared/Artifactory/OSX/USD/cae4017/lib/cmake/Boost-1.70.0/BoostConfig.cmake (found version "1.70.0") found components: python
[2023-04-03T13:57:14.861Z]     -- Found GTest: /local/S/jenkins/workspace/ECP/ecg-maya-usd/ecg-mayausd-branch-preflight-2020-pxrusd-mid1-osx/build/RelWithDebInfo/googletest-install/lib/libgtest.dylib
[2023-04-03T13:57:15.072Z]     -- Building AL_USDMayaSchemas
[2023-04-03T13:57:15.488Z]     Processing schema classes:
[2023-04-03T13:57:15.488Z]     ALModelAPI, ALFrameRange
[2023-04-03T13:57:15.488Z]     Loading Templates from /local/S/jenkins/workspace/shared/Artifactory/OSX/USD/cae4017/lib/usd/usd/resources/codegenTemplates
[2023-04-03T13:57:15.488Z]     Writing API:
[2023-04-03T13:57:15.488Z]     	    wrote /local/S/jenkins/workspace/ECP/ecg-maya-usd/ecg-mayausd-branch-preflight-2020-pxrusd-mid1-osx/build/RelWithDebInfo/plugin/al/schemas/AL/usd/schemas/maya/api.h
[2023-04-03T13:57:15.488Z]     Writing Schema Tokens:
[2023-04-03T13:57:15.488Z]     	    wrote /local/S/jenkins/workspace/ECP/ecg-maya-usd/ecg-mayausd-branch-preflight-2020-pxrusd-mid1-osx/build/RelWithDebInfo/plugin/al/schemas/AL/usd/schemas/maya/tokens.h
[2023-04-03T13:57:15.591Z]     	    wrote /local/S/jenkins/workspace/ECP/ecg-maya-usd/ecg-mayausd-branch-preflight-2020-pxrusd-mid1-osx/build/RelWithDebInfo/plugin/al/schemas/AL/usd/schemas/maya/tokens.cpp
[2023-04-03T13:57:15.591Z]     	    wrote /local/S/jenkins/workspace/ECP/ecg-maya-usd/ecg-mayausd-branch-preflight-2020-pxrusd-mid1-osx/build/RelWithDebInfo/plugin/al/schemas/AL/usd/schemas/maya/wrapTokens.cpp
[2023-04-03T13:57:15.591Z]     Generating Classes:
[2023-04-03T13:57:15.591Z]     	    wrote /local/S/jenkins/workspace/ECP/ecg-maya-usd/ecg-mayausd-branch-preflight-2020-pxrusd-mid1-osx/build/RelWithDebInfo/plugin/al/schemas/AL/usd/schemas/maya/ModelAPI.h
[2023-04-03T13:57:15.591Z]     	    wrote /local/S/jenkins/workspace/ECP/ecg-maya-usd/ecg-mayausd-branch-preflight-2020-pxrusd-mid1-osx/build/RelWithDebInfo/plugin/al/schemas/AL/usd/schemas/maya/ModelAPI.cpp
[2023-04-03T13:57:15.591Z]     	    wrote /local/S/jenkins/workspace/ECP/ecg-maya-usd/ecg-mayausd-branch-preflight-2020-pxrusd-mid1-osx/build/RelWithDebInfo/plugin/al/schemas/AL/usd/schemas/maya/wrapModelAPI.cpp
[2023-04-03T13:57:15.591Z]     	    wrote /local/S/jenkins/workspace/ECP/ecg-maya-usd/ecg-mayausd-branch-preflight-2020-pxrusd-mid1-osx/build/RelWithDebInfo/plugin/al/schemas/AL/usd/schemas/maya/FrameRange.h
[2023-04-03T13:57:15.591Z]     	    wrote /local/S/jenkins/workspace/ECP/ecg-maya-usd/ecg-mayausd-branch-preflight-2020-pxrusd-mid1-osx/build/RelWithDebInfo/plugin/al/schemas/AL/usd/schemas/maya/FrameRange.cpp
[2023-04-03T13:57:15.591Z]     	    wrote /local/S/jenkins/workspace/ECP/ecg-maya-usd/ecg-mayausd-branch-preflight-2020-pxrusd-mid1-osx/build/RelWithDebInfo/plugin/al/schemas/AL/usd/schemas/maya/wrapFrameRange.cpp
[2023-04-03T13:57:15.591Z]     Loading Templates from /local/S/jenkins/workspace/shared/Artifactory/OSX/USD/cae4017/lib/usd/usd/resources/codegenTemplates
[2023-04-03T13:57:15.591Z]     	    wrote /local/S/jenkins/workspace/ECP/ecg-maya-usd/ecg-mayausd-branch-preflight-2020-pxrusd-mid1-osx/build/RelWithDebInfo/plugin/al/schemas/AL/usd/schemas/maya/plugInfo.json
[2023-04-03T13:57:15.591Z]     Generating Schematics:
[2023-04-03T13:57:15.591Z]     	    wrote /local/S/jenkins/workspace/ECP/ecg-maya-usd/ecg-mayausd-branch-preflight-2020-pxrusd-mid1-osx/build/RelWithDebInfo/plugin/al/schemas/AL/usd/schemas/maya/generatedSchema.usda
[2023-04-03T13:57:16.015Z]     Processing schema classes:
[2023-04-03T13:57:16.015Z]     ALExamplePolyCubeNode
[2023-04-03T13:57:16.015Z]     Loading Templates from /local/S/jenkins/workspace/shared/Artifactory/OSX/USD/cae4017/lib/usd/usd/resources/codegenTemplates
[2023-04-03T13:57:16.015Z]     Writing API:
[2023-04-03T13:57:16.015Z]     	    wrote /local/S/jenkins/workspace/ECP/ecg-maya-usd/ecg-mayausd-branch-preflight-2020-pxrusd-mid1-osx/build/RelWithDebInfo/plugin/al/schemas/AL/usd/schemas/mayatest/api.h
[2023-04-03T13:57:16.015Z]     Writing Schema Tokens:
[2023-04-03T13:57:16.015Z]     	    wrote /local/S/jenkins/workspace/ECP/ecg-maya-usd/ecg-mayausd-branch-preflight-2020-pxrusd-mid1-osx/build/RelWithDebInfo/plugin/al/schemas/AL/usd/schemas/mayatest/tokens.h
[2023-04-03T13:57:16.015Z]     	    wrote /local/S/jenkins/workspace/ECP/ecg-maya-usd/ecg-mayausd-branch-preflight-2020-pxrusd-mid1-osx/build/RelWithDebInfo/plugin/al/schemas/AL/usd/schemas/mayatest/tokens.cpp
[2023-04-03T13:57:16.015Z]     	    wrote /local/S/jenkins/workspace/ECP/ecg-maya-usd/ecg-mayausd-branch-preflight-2020-pxrusd-mid1-osx/build/RelWithDebInfo/plugin/al/schemas/AL/usd/schemas/mayatest/wrapTokens.cpp
[2023-04-03T13:57:16.015Z]     Generating Classes:
[2023-04-03T13:57:16.015Z]     	    wrote /local/S/jenkins/workspace/ECP/ecg-maya-usd/ecg-mayausd-branch-preflight-2020-pxrusd-mid1-osx/build/RelWithDebInfo/plugin/al/schemas/AL/usd/schemas/mayatest/ExamplePolyCubeNode.h
[2023-04-03T13:57:16.015Z]     	    wrote /local/S/jenkins/workspace/ECP/ecg-maya-usd/ecg-mayausd-branch-preflight-2020-pxrusd-mid1-osx/build/RelWithDebInfo/plugin/al/schemas/AL/usd/schemas/mayatest/ExamplePolyCubeNode.cpp
[2023-04-03T13:57:16.015Z]     	    wrote /local/S/jenkins/workspace/ECP/ecg-maya-usd/ecg-mayausd-branch-preflight-2020-pxrusd-mid1-osx/build/RelWithDebInfo/plugin/al/schemas/AL/usd/schemas/mayatest/wrapExamplePolyCubeNode.cpp
[2023-04-03T13:57:16.015Z]     Loading Templates from /local/S/jenkins/workspace/shared/Artifactory/OSX/USD/cae4017/lib/usd/usd/resources/codegenTemplates
[2023-04-03T13:57:16.015Z]     	    wrote /local/S/jenkins/workspace/ECP/ecg-maya-usd/ecg-mayausd-branch-preflight-2020-pxrusd-mid1-osx/build/RelWithDebInfo/plugin/al/schemas/AL/usd/schemas/mayatest/plugInfo.json
[2023-04-03T13:57:16.015Z]     Generating Schematics:
[2023-04-03T13:57:16.015Z]     	    wrote /local/S/jenkins/workspace/ECP/ecg-maya-usd/ecg-mayausd-branch-preflight-2020-pxrusd-mid1-osx/build/RelWithDebInfo/plugin/al/schemas/AL/usd/schemas/mayatest/generatedSchema.usda
[2023-04-03T13:57:16.015Z]     -- Building AL_USDMayaTranslators
[2023-04-03T13:57:16.015Z]     ========== ADSK USD Plugin ==========
[2023-04-03T13:57:16.015Z]     -- Configuring done
[2023-04-03T13:57:18.288Z]     -- Generating done
[2023-04-03T13:57:18.288Z]     -- Build files have been written to: /local/S/jenkins/workspace/ECP/ecg-maya-usd/ecg-mayausd-branch-preflight-2020-pxrusd-mid1-osx/build/RelWithDebInfo
[2023-04-03T13:57:18.288Z]     
[2023-04-03T13:57:18.288Z]         Building with settings:
[2023-04-03T13:57:18.288Z]           Source directory          /local/S/jenkins/workspace/ECP/ecg-maya-usd/ecg-mayausd-branch-preflight-2020-pxrusd-mid1-osx/ecg-maya-usd/maya-usd
[2023-04-03T13:57:18.288Z]           Workspace directory       /local/S/jenkins/workspace/ECP/ecg-maya-usd/ecg-mayausd-branch-preflight-2020-pxrusd-mid1-osx
[2023-04-03T13:57:18.288Z]           Build directory           /local/S/jenkins/workspace/ECP/ecg-maya-usd/ecg-mayausd-branch-preflight-2020-pxrusd-mid1-osx/build/RelWithDebInfo
[2023-04-03T13:57:18.288Z]           Install directory         /local/S/jenkins/workspace/ECP/ecg-maya-usd/ecg-mayausd-branch-preflight-2020-pxrusd-mid1-osx/install/RelWithDebInfo/MayaUSD
[2023-04-03T13:57:18.288Z]           Variant                   RelWithDebInfo
[2023-04-03T13:57:18.288Z]           Python Debug              Off
[2023-04-03T13:57:18.289Z]           CMake generator           Ninja
[2023-04-03T13:57:18.289Z]           Build arguments           ['-DCMAKE_MAKE_PROGRAM=/local/S/jenkins/workspace/shared/Artifactory/OSX/ninja/1.9.0/41005eb/ninja', '-DPYTHON_INCLUDE_DIR=/local/S/jenkins/workspace/shared/Artifactory/OSX/rundev-2020/202107140359/runtime/446214e/runTime/Maya.app/Contents/Frameworks/Python.framework/Versions/Current/include/python2.7', '-DPython_EXECUTABLE=/local/S/jenkins/workspace/shared/Artifactory/OSX/rundev-2020/202107140359/runtime/446214e/runTime/Maya.app/Contents/bin/mayapy', '-DPYTHON_LIBRARIES=/local/S/jenkins/workspace/shared/Artifactory/OSX/rundev-2020/202107140359/runtime/446214e/runTime/Maya.app/Contents/Frameworks/Python.framework/Versions/Current/lib/libpython2.7.dylib', '-DUSD_LIB_PREFIX=lib', '-DCMAKE_WANT_MATERIALX_BUILD=ON', '-DCMAKE_PREFIX_PATH=/local/S/jenkins/workspace/shared/Artifactory/OSX/USD/cae4017']
[2023-04-03T13:57:18.289Z]           Stages arguments          ['configure']
[2023-04-03T13:57:18.289Z]           CTest arguments           ['-E testUsdReferenceAssemblySelection|testUsdMayaAppDir', '-LE interactive', '--parallel 4']
[2023-04-03T13:57:18.289Z]     Success MayaUSD build and install !!!!
[2023-04-03T13:57:18.289Z]     Elapsed time: 00:00:17
[Pipeline] }
[Pipeline] // withEnv
[Pipeline] }
[Pipeline] // timeout
[Pipeline] }
[Pipeline] // stage
[Pipeline] }
[Pipeline] // timestamps
[Pipeline] timestamps
[Pipeline] {
[Pipeline] stage
[Pipeline] { (Build)
[Pipeline] timeout
[2023-04-03T13:57:18.606Z] Timeout set to expire in 6 hr 0 min
[Pipeline] {
[Pipeline] withEnv
[Pipeline] {
[Pipeline] sh
[2023-04-03T13:57:19.858Z] + python ecg-maya-usd/build.py --stages=build --workspace-dir=/local/S/jenkins/workspace/ECP/ecg-maya-usd/ecg-mayausd-branch-preflight-2020-pxrusd-mid1-osx --artifactory-dir=/local/S/jenkins/workspace/shared/Artifactory --build-dir=/local/S/jenkins/workspace/ECP/ecg-maya-usd/ecg-mayausd-branch-preflight-2020-pxrusd-mid1-osx/build --install-dir=/local/S/jenkins/workspace/ECP/ecg-maya-usd/ecg-mayausd-branch-preflight-2020-pxrusd-mid1-osx/install --signing-dir=/local/S/jenkins/workspace/ECP/ecg-maya-usd/ecg-mayausd-branch-preflight-2020-pxrusd-mid1-osx/signing --package-dir=/local/S/jenkins/workspace/ECP/ecg-maya-usd/ecg-mayausd-branch-preflight-2020-pxrusd-mid1-osx/package --output-dir=/local/S/jenkins/workspace/ECP/ecg-maya-usd/ecg-mayausd-branch-preflight-2020-pxrusd-mid1-osx/output --stash-dir=/local/S/jenkins/workspace/ECP/ecg-maya-usd/ecg-mayausd-branch-preflight-2020-pxrusd-mid1-osx/stash --jenkins-build=817 --git-commit=0680c136f5d1874f5efd5705b0ad2f816007fc9a --git-branch=master --variants=RelWithDebInfo --python=2.7 --pxrusd-version=mid1 --post-zips=false --build-retry=3 --maya-cut-config=maya-rundev-2020.yaml --maya-package=rundev-2020 --stage-banner
[2023-04-03T13:57:20.286Z] No catalog entry registered for tbb-4.4u5-ub2.
[2023-04-03T13:57:20.286Z] Using Maya cut from /local/S/jenkins/workspace/shared/Artifactory/OSX/rundev-2020/202107140359/runtime/446214e
[2023-04-03T13:57:20.286Z] 
[2023-04-03T13:57:20.286Z] ================================================================================
[2023-04-03T13:57:20.286Z]                              build (RelWithDebInfo)
[2023-04-03T13:57:20.286Z] ================================================================================
[2023-04-03T13:57:20.286Z] Maya Python RelWithDebInfo Info:
[2023-04-03T13:57:20.286Z]   mayapy executable   = /local/S/jenkins/workspace/shared/Artifactory/OSX/rundev-2020/202107140359/runtime/446214e/runTime/Maya.app/Contents/bin/mayapy
[2023-04-03T13:57:20.286Z]   Include Folder      = /local/S/jenkins/workspace/shared/Artifactory/OSX/rundev-2020/202107140359/runtime/446214e/runTime/Maya.app/Contents/Frameworks/Python.framework/Versions/Current/include/python2.7
[2023-04-03T13:57:20.287Z]   Library             = /local/S/jenkins/workspace/shared/Artifactory/OSX/rundev-2020/202107140359/runtime/446214e/runTime/Maya.app/Contents/Frameworks/Python.framework/Versions/Current/lib/libpython2.7.dylib
[2023-04-03T13:57:20.287Z]   site-package Folder = /local/S/jenkins/workspace/shared/Artifactory/OSX/rundev-2020/202107140359/runtime/446214e/runTime/Maya.app/Contents/Frameworks/Python.framework/Versions/Current/lib/python2.7/site-packages
[2023-04-03T13:57:21.040Z] In workdir: /local/S/jenkins/workspace/ECP/ecg-maya-usd/ecg-mayausd-branch-preflight-2020-pxrusd-mid1-osx/ecg-maya-usd/maya-usd
[2023-04-03T13:57:21.040Z] Executing: /local/S/jenkins/workspace/shared/Artifactory/OSX/rundev-2020/202107140359/runtime/446214e/runTime/Maya.app/Contents/bin/mayapy /local/S/jenkins/workspace/ECP/ecg-maya-usd/ecg-mayausd-branch-preflight-2020-pxrusd-mid1-osx/ecg-maya-usd/maya-usd/build.py --generator Ninja --build-relwithdebug --maya-location /local/S/jenkins/workspace/shared/Artifactory/OSX/rundev-2020/202107140359/runtime/446214e/runTime --devkit-location /local/S/jenkins/workspace/shared/Artifactory/OSX/rundev-2020/202107140359/runtime/446214e/devkitBase --pxrusd-location /local/S/jenkins/workspace/shared/Artifactory/OSX/USD/cae4017 --qt-location /local/S/jenkins/workspace/shared/Artifactory/OSX/qt/5.12.5/3ca78fe --build-args=-DCMAKE_MAKE_PROGRAM=/local/S/jenkins/workspace/shared/Artifactory/OSX/ninja/1.9.0/41005eb/ninja,-DPYTHON_INCLUDE_DIR=/local/S/jenkins/workspace/shared/Artifactory/OSX/rundev-2020/202107140359/runtime/446214e/runTime/Maya.app/Contents/Frameworks/Python.framework/Versions/Current/include/python2.7,-DPython_EXECUTABLE=/local/S/jenkins/workspace/shared/Artifactory/OSX/rundev-2020/202107140359/runtime/446214e/runTime/Maya.app/Contents/bin/mayapy,-DPYTHON_LIBRARIES=/local/S/jenkins/workspace/shared/Artifactory/OSX/rundev-2020/202107140359/runtime/446214e/runTime/Maya.app/Contents/Frameworks/Python.framework/Versions/Current/lib/libpython2.7.dylib,-DUSD_LIB_PREFIX=lib,-DCMAKE_WANT_MATERIALX_BUILD=ON,-DCMAKE_PREFIX_PATH=/local/S/jenkins/workspace/shared/Artifactory/OSX/USD/cae4017 '--ctest-args=-E testUsdReferenceAssemblySelection|testUsdMayaAppDir,-LE interactive,--parallel 4' --stages=build --redirect-outstream-file=False --install-location /local/S/jenkins/workspace/ECP/ecg-maya-usd/ecg-mayausd-branch-preflight-2020-pxrusd-mid1-osx/install/RelWithDebInfo/MayaUSD /local/S/jenkins/workspace/ECP/ecg-maya-usd/ecg-mayausd-branch-preflight-2020-pxrusd-mid1-osx
[2023-04-03T13:57:21.040Z] Modified environment variables:
[2023-04-03T13:57:21.040Z]     PATH=/local/S/jenkins/workspace/shared/Artifactory/OSX/cmake/3.20.3/2594509/bin:/usr/local/bin:/bin:/usr/sbin:/sbin:/usr/bin
[2023-04-03T13:57:21.658Z]     [1/624] Building CXX object test/lib/usd/plugin/CMakeFiles/usdTestApiWriter.dir/plugin.cpp.o
[2023-04-03T13:57:21.658Z]     [2/624] Building CXX object test/lib/usd/plugin/CMakeFiles/usdTestInfoImportChaser.dir/plugin.cpp.o
[2023-04-03T13:57:26.040Z]     [3/624] Building CXX object test/lib/usd/plugin/CMakeFiles/usdTestInfoImportChaser.dir/infoImportChaser.cpp.o
[2023-04-03T13:57:26.450Z]     [4/624] Building CXX object test/lib/usd/plugin/CMakeFiles/usdTestMayaPlugin.dir/mayaShaderTranslation.cpp.o
[2023-04-03T13:57:26.450Z]     [5/624] Building CXX object test/lib/usd/plugin/CMakeFiles/usdTestUsdPlugin.dir/mayaShaderTranslation.cpp.o
[2023-04-03T13:57:26.450Z]     [6/624] Building CXX object test/lib/usd/plugin/CMakeFiles/usdTestMayaPlugin.dir/plugin.cpp.o
[2023-04-03T13:57:26.556Z]     [7/624] Building CXX object test/lib/usd/plugin/CMakeFiles/usdTestApiWriter.dir/nullApiExporter.cpp.o
[2023-04-03T13:57:27.077Z]     [8/624] Building CXX object test/lib/usd/utils/CMakeFiles/testMergePrims.dir/main.cpp.o
[2023-04-03T13:57:27.077Z]     [9/624] Building CXX object test/lib/usd/utils/CMakeFiles/testDiffComputeOverall.dir/main.cpp.o
[2023-04-03T13:57:27.701Z]     [10/624] Building CXX object test/lib/usd/utils/CMakeFiles/testDiffPrims.dir/main.cpp.o
[2023-04-03T13:57:31.765Z]     [11/624] Building CXX object test/lib/usd/utils/CMakeFiles/testDiffComputeOverall.dir/test_DiffComputeOverall.cpp.o
[2023-04-03T13:57:31.765Z]     [12/624] Building CXX object test/lib/usd/utils/CMakeFiles/testDiffPrims.dir/test_DiffPrimsAttributes.cpp.o
[2023-04-03T13:57:32.294Z]     [13/624] Building CXX object test/lib/usd/utils/CMakeFiles/testDiffPrims.dir/test_DiffPrimsRelations.cpp.o
[2023-04-03T13:57:32.400Z]     [14/624] Building CXX object test/lib/usd/utils/CMakeFiles/testMergePrims.dir/test_MergePrims.cpp.o
[2023-04-03T13:57:33.025Z]     [15/624] Building CXX object test/lib/usd/utils/CMakeFiles/testDiffDictionaries.dir/main.cpp.o
[2023-04-03T13:57:33.751Z]     [16/624] Building CXX object test/lib/usd/utils/CMakeFiles/testDiffLists.dir/main.cpp.o
[2023-04-03T13:57:36.366Z]     [17/624] Building CXX object test/lib/usd/utils/CMakeFiles/testDiffPrims.dir/test_DiffPrims.cpp.o
[2023-04-03T13:57:36.366Z]     [18/624] Building CXX object test/lib/usd/utils/CMakeFiles/testDiffPrims.dir/test_DiffPrimsChildren.cpp.o
[2023-04-03T13:57:37.004Z]     [19/624] Building CXX object test/lib/usd/utils/CMakeFiles/testDiffDictionaries.dir/test_DiffDictionaries.cpp.o
[2023-04-03T13:57:37.004Z]     [20/624] Building CXX object test/lib/usd/utils/CMakeFiles/testDiffAttributes.dir/main.cpp.o
[2023-04-03T13:57:37.633Z]     [21/624] Building CXX object test/lib/usd/utils/CMakeFiles/testDiffCore.dir/main.cpp.o
[2023-04-03T13:57:38.257Z]     [22/624] Building CXX object test/lib/usd/utils/CMakeFiles/testDiffMetadatas.dir/main.cpp.o
[2023-04-03T13:57:38.987Z]     [23/624] Building CXX object test/lib/usd/utils/CMakeFiles/testDiffCore.dir/test_DiffCore.cpp.o
[2023-04-03T13:57:39.612Z]     [24/624] Building CXX object test/lib/usd/utils/CMakeFiles/testDiffValues.dir/main.cpp.o
[2023-04-03T13:57:40.264Z]     [25/624] Building CXX object test/lib/usd/utils/CMakeFiles/testDiffLists.dir/test_DiffLists.cpp.o
[2023-04-03T13:57:41.316Z]     [26/624] Building CXX object test/lib/usd/utils/CMakeFiles/testDiffAttributes.dir/test_DiffAttributes.cpp.o
[2023-04-03T13:57:43.099Z]     [27/624] Building CXX object test/lib/usd/utils/CMakeFiles/testDiffMetadatas.dir/test_DiffMetadatas.cpp.o
[2023-04-03T13:57:44.571Z]     [28/624] Building CXX object test/lib/usd/utils/CMakeFiles/testDiffValues.dir/test_DiffValues.cpp.o
[2023-04-03T13:57:46.981Z]     [29/624] Building CXX object test/lib/usd/utils/CMakeFiles/testDiffValues.dir/test_DiffValuesGeneric.cpp.o
[2023-04-03T13:57:47.310Z]     [30/624] Building CXX object test/lib/usd/utils/CMakeFiles/testDiffValues.dir/test_DiffValuesArrays.cpp.o
[2023-04-03T13:57:48.042Z]     [31/624] Building CXX object test/lib/usd/utils/CMakeFiles/testDiffValues.dir/test_DiffValuesMatrices.cpp.o
[2023-04-03T13:57:50.127Z]     [32/624] Building CXX object test/lib/usd/utils/CMakeFiles/testDiffValues.dir/test_DiffValuesQuaternions.cpp.o
[2023-04-03T13:57:53.880Z]     [33/624] Building CXX object test/lib/usd/utils/CMakeFiles/testDiffValues.dir/test_DiffValuesDoubleVecs.cpp.o
[2023-04-03T13:57:54.315Z]     [34/624] Building CXX object test/lib/usd/utils/CMakeFiles/testDiffValues.dir/test_DiffValuesFloatVecs.cpp.o
[2023-04-03T13:57:54.533Z]     [35/624] Building CXX object test/lib/usd/utils/CMakeFiles/testDiffRelationships.dir/main.cpp.o
[2023-04-03T13:57:55.049Z]     [36/624] Building CXX object test/lib/usd/utils/CMakeFiles/testDiffValues.dir/test_DiffValuesIntVecs.cpp.o
[2023-04-03T13:57:55.049Z]     [37/624] Building CXX object lib/mayaUsd/CMakeFiles/mayaUsd.dir/base/debugCodes.cpp.o
[2023-04-03T13:57:55.049Z]     [38/624] Building CXX object test/lib/usd/utils/CMakeFiles/testDiffValues.dir/test_DiffValuesHalfVecs.cpp.o
[2023-04-03T13:57:55.892Z]     [39/624] Building CXX object lib/mayaUsd/CMakeFiles/mayaUsd.dir/base/tokens.cpp.o
[2023-04-03T13:57:59.028Z]     [40/624] Building CXX object test/lib/usd/utils/CMakeFiles/testDiffRelationships.dir/test_DiffRelationships.cpp.o
[2023-04-03T13:57:59.648Z]     [41/624] Building CXX object lib/mayaUsd/CMakeFiles/mayaUsd.dir/commands/baseImportCommand.cpp.o
[2023-04-03T13:57:59.858Z]     [42/624] Building CXX object lib/mayaUsd/CMakeFiles/mayaUsd.dir/commands/baseListJobContextsCommand.cpp.o
[2023-04-03T13:58:00.279Z]     [43/624] Building CXX object lib/mayaUsd/CMakeFiles/mayaUsd.dir/commands/baseExportCommand.cpp.o
[2023-04-03T13:58:00.492Z]     [44/624] Building CXX object lib/mayaUsd/CMakeFiles/mayaUsd.dir/commands/layerEditorWindowCommand.cpp.o
[2023-04-03T13:58:03.616Z]     [45/624] Building CXX object lib/mayaUsd/CMakeFiles/mayaUsd.dir/commands/editTargetCommand.cpp.o
[2023-04-03T13:58:03.831Z]     [46/624] Building CXX object lib/mayaUsd/CMakeFiles/mayaUsd.dir/commands/baseListShadingModesCommand.cpp.o
[2023-04-03T13:58:04.656Z]     [47/624] Building CXX object lib/mayaUsd/CMakeFiles/mayaUsd.dir/fileio/fallbackPrimReader.cpp.o
[2023-04-03T13:58:06.112Z]     [48/624] Building CXX object lib/mayaUsd/CMakeFiles/mayaUsd.dir/commands/layerEditorCommand.cpp.o
[2023-04-03T13:58:06.112Z]     FAILED: lib/mayaUsd/CMakeFiles/mayaUsd.dir/commands/layerEditorCommand.cpp.o
[2023-04-03T13:58:06.112Z]     /Applications/Xcode.app/Contents/Developer/Toolchains/XcodeDefault.xctoolchain/usr/bin/c++ -DADSK_USD_VERSION=0.21.05 -DMAYAUSD_CORE_EXPORT -DMAYAUSD_MACROS_EXPORT -DMAYAUSD_VERSION=0.24.0 -DMAYA_ARRAY_ITERATOR_DIFFERENCE_TYPE_SUPPORT=1 -DMAYA_PY_VERSION=2 -DMFB_ALT_PACKAGE_NAME=\"mayaUsd\" -DMFB_PACKAGE_MODULE=\"mayaUsd\" -DMFB_PACKAGE_NAME=\"mayaUsd\" -DOSMac_ -DPXR_PLUGINPATH_NAME=PXR_PLUGINPATH_NAME -DPXR_PYTHON_ENABLED=1 -DTBB_SUPPRESS_DEPRECATED_MESSAGES -DWANT_QT_BUILD -DWANT_UFE_BUILD -DmayaUsd_EXPORTS -I/local/S/jenkins/workspace/shared/Artifactory/OSX/rundev-2020/202107140359/runtime/446214e/runTime/include -I/local/S/jenkins/workspace/shared/Artifactory/OSX/rundev-2020/202107140359/runtime/446214e/devkitBase/devkit/ufe/include -Iinclude -I_deps/gulrak-src/include -isystem /local/S/jenkins/workspace/shared/Artifactory/OSX/USD/cae4017/include -isystem /local/S/jenkins/workspace/shared/Artifactory/OSX/rundev-2020/202107140359/runtime/446214e/runTime/Maya.app/Contents/Frameworks/Python.framework/Versions/Current/include/python2.7 -O2 -g -DNDEBUG -arch x86_64 -isysroot /Applications/Xcode.app/Contents/Developer/Platforms/MacOSX.platform/Developer/SDKs/MacOSX10.14.sdk -mmacosx-version-min=10.14 -fPIC -Wall -Werror -msse4.2 -Wno-deprecated -Wno-deprecated-declarations -Wno-unused-local-typedefs -Wrange-loop-analysis -std=c++14 -MD -MT lib/mayaUsd/CMakeFiles/mayaUsd.dir/commands/layerEditorCommand.cpp.o -MF lib/mayaUsd/CMakeFiles/mayaUsd.dir/commands/layerEditorCommand.cpp.o.d -o lib/mayaUsd/CMakeFiles/mayaUsd.dir/commands/layerEditorCommand.cpp.o -c /local/S/jenkins/workspace/ECP/ecg-maya-usd/ecg-mayausd-branch-preflight-2020-pxrusd-mid1-osx/ecg-maya-usd/maya-usd/lib/mayaUsd/commands/layerEditorCommand.cpp
[2023-04-03T13:58:06.112Z]     /local/S/jenkins/workspace/ECP/ecg-maya-usd/ecg-mayausd-branch-preflight-2020-pxrusd-mid1-osx/ecg-maya-usd/maya-usd/lib/mayaUsd/commands/layerEditorCommand.cpp:392:41: error: cannot pass non-trivial object of type 'const std::string' (aka 'const basic_string<char, char_traits<char>, allocator<char> >') to variadic function; expected type from format string was 'char *' [-Wnon-pod-varargs]
[2023-04-03T13:58:06.112Z]                             newParentLayer->GetIdentifier());
[2023-04-03T13:58:06.112Z]                                             ^~~~~~~~~~~~~~~
[2023-04-03T13:58:06.112Z]     /local/S/jenkins/workspace/shared/Artifactory/OSX/USD/cae4017/include/pxr/base/tf/diagnostic.h:389:43: note: expanded from macro 'TF_WARN'
[2023-04-03T13:58:06.112Z]         Tf_PostWarningHelper(TF_CALL_CONTEXT, __VA_ARGS__)
[2023-04-03T13:58:06.112Z]                                               ^~~~~~~~~~~
[2023-04-03T13:58:06.112Z]     /local/S/jenkins/workspace/ECP/ecg-maya-usd/ecg-mayausd-branch-preflight-2020-pxrusd-mid1-osx/ecg-maya-usd/maya-usd/lib/mayaUsd/commands/layerEditorCommand.cpp:392:41: note: did you mean to call the c_str() method?
[2023-04-03T13:58:06.112Z]     1 error generated.
[2023-04-03T13:58:07.596Z]     [49/624] Building CXX object lib/mayaUsd/CMakeFiles/mayaUsd.dir/fileio/functorPrimReader.cpp.o
[2023-04-03T13:58:08.250Z]     [50/624] Building CXX object lib/mayaUsd/CMakeFiles/mayaUsd.dir/fileio/functorPrimWriter.cpp.o
[2023-04-03T13:58:08.579Z]     [51/624] Building CXX object lib/mayaUsd/CMakeFiles/mayaUsd.dir/fileio/importData.cpp.o
[2023-04-03T13:58:08.579Z]     ninja: build stopped: subcommand failed.
[2023-04-03T13:58:08.579Z]     
[2023-04-03T13:58:08.579Z]         Building with settings:
[2023-04-03T13:58:08.579Z]           Source directory          /local/S/jenkins/workspace/ECP/ecg-maya-usd/ecg-mayausd-branch-preflight-2020-pxrusd-mid1-osx/ecg-maya-usd/maya-usd
[2023-04-03T13:58:08.579Z]           Workspace directory       /local/S/jenkins/workspace/ECP/ecg-maya-usd/ecg-mayausd-branch-preflight-2020-pxrusd-mid1-osx
[2023-04-03T13:58:08.579Z]           Build directory           /local/S/jenkins/workspace/ECP/ecg-maya-usd/ecg-mayausd-branch-preflight-2020-pxrusd-mid1-osx/build/RelWithDebInfo
[2023-04-03T13:58:08.579Z]           Install directory         /local/S/jenkins/workspace/ECP/ecg-maya-usd/ecg-mayausd-branch-preflight-2020-pxrusd-mid1-osx/install/RelWithDebInfo/MayaUSD
[2023-04-03T13:58:08.579Z]           Variant                   RelWithDebInfo
[2023-04-03T13:58:08.579Z]           Python Debug              Off
[2023-04-03T13:58:08.579Z]           CMake generator           Ninja
[2023-04-03T13:58:08.579Z]           Build arguments           ['-DCMAKE_MAKE_PROGRAM=/local/S/jenkins/workspace/shared/Artifactory/OSX/ninja/1.9.0/41005eb/ninja', '-DPYTHON_INCLUDE_DIR=/local/S/jenkins/workspace/shared/Artifactory/OSX/rundev-2020/202107140359/runtime/446214e/runTime/Maya.app/Contents/Frameworks/Python.framework/Versions/Current/include/python2.7', '-DPython_EXECUTABLE=/local/S/jenkins/workspace/shared/Artifactory/OSX/rundev-2020/202107140359/runtime/446214e/runTime/Maya.app/Contents/bin/mayapy', '-DPYTHON_LIBRARIES=/local/S/jenkins/workspace/shared/Artifactory/OSX/rundev-2020/202107140359/runtime/446214e/runTime/Maya.app/Contents/Frameworks/Python.framework/Versions/Current/lib/libpython2.7.dylib', '-DUSD_LIB_PREFIX=lib', '-DCMAKE_WANT_MATERIALX_BUILD=ON', '-DCMAKE_PREFIX_PATH=/local/S/jenkins/workspace/shared/Artifactory/OSX/USD/cae4017']
[2023-04-03T13:58:08.579Z]           Stages arguments          ['build']
[2023-04-03T13:58:08.579Z]           CTest arguments           ['-E testUsdReferenceAssemblySelection|testUsdMayaAppDir', '-LE interactive', '--parallel 4']
[2023-04-03T13:58:08.579Z]     #####################################################################################
[2023-04-03T13:58:08.579Z]     log date: 2023-04-03 06:57
[2023-04-03T13:58:08.579Z]     commit sha: 83f07e045790b7f46be6ce35607317afce7d5ff4
[2023-04-03T13:58:08.579Z]     commit date: Mon Apr 3 09:43:18 2023 -0400
[2023-04-03T13:58:08.579Z]     #####################################################################################
[2023-04-03T13:58:08.579Z]     
[2023-04-03T13:58:08.579Z]     cmake --build . --config RelWithDebInfo  -- -j4
[2023-04-03T13:58:08.579Z]     
[2023-04-03T13:58:08.579Z]     Traceback (most recent call last):
[2023-04-03T13:58:08.579Z]       File "/local/S/jenkins/workspace/ECP/ecg-maya-usd/ecg-mayausd-branch-preflight-2020-pxrusd-mid1-osx/ecg-maya-usd/maya-usd/build.py", line 636, in <module>
[2023-04-03T13:58:08.579Z]         BuildAndInstall(context, context.buildArgs, context.stagesArgs)
[2023-04-03T13:58:08.579Z]       File "/local/S/jenkins/workspace/ECP/ecg-maya-usd/ecg-mayausd-branch-preflight-2020-pxrusd-mid1-osx/ecg-maya-usd/maya-usd/build.py", line 397, in BuildAndInstall
[2023-04-03T13:58:08.579Z]         RunCMake(context, extraArgs, stagesArgs)
[2023-04-03T13:58:08.579Z]       File "/local/S/jenkins/workspace/ECP/ecg-maya-usd/ecg-mayausd-branch-preflight-2020-pxrusd-mid1-osx/ecg-maya-usd/maya-usd/build.py", line 308, in RunCMake
[2023-04-03T13:58:08.579Z]         multiproc=FormatMultiProcs(context.numJobs, generator)))
[2023-04-03T13:58:08.579Z]       File "/local/S/jenkins/workspace/ECP/ecg-maya-usd/ecg-mayausd-branch-preflight-2020-pxrusd-mid1-osx/ecg-maya-usd/maya-usd/build.py", line 179, in Run
[2023-04-03T13:58:08.579Z]         .format(cmd=cmd, log=os.path.abspath(context.logFileLocation)))
[2023-04-03T13:58:08.579Z]     RuntimeError: Failed to run 'cmake --build . --config RelWithDebInfo  -- -j4'
[2023-04-03T13:58:08.579Z]     See /local/S/jenkins/workspace/ECP/ecg-maya-usd/ecg-mayausd-branch-preflight-2020-pxrusd-mid1-osx/build/RelWithDebInfo/build_log.txt for more details.
[2023-04-03T13:58:08.579Z] build.py: error: Command failed with error code: 1
[Pipeline] }
[Pipeline] // withEnv
[Pipeline] }
[Pipeline] // timeout
[Pipeline] }
[Pipeline] // stage
[Pipeline] }
[Pipeline] // timestamps
[Pipeline] emailextrecipients
Not sending mail to unregistered user ecg.jenkins@autodesk.com because your SCM claimed this was associated with a user ID ecg.jenkins' which your security realm does not recognize; you may need changes in your SCM plugin
Not sending mail to unregistered user ecg.jenkins@autodesk.com because your SCM claimed this was associated with a user ID ecg.jenkins' which your security realm does not recognize; you may need changes in your SCM plugin
[Pipeline] echo
No recipients to send notification.
[Pipeline] }
[Pipeline] // node
[Pipeline] End of Pipeline
ERROR: script returned exit code 1
[Checks API] No suitable checks publisher found.
Finished: FAILURE
