[2023-04-03T13:57:17.275Z] ================================================================================
[2023-04-03T13:57:17.275Z]                              setup (RelWithDebInfo)
[2023-04-03T13:57:17.275Z] ================================================================================
[Pipeline] }
[Pipeline] // withEnv
[Pipeline] }
[Pipeline] // timeout
[Pipeline] }
[Pipeline] // stage
[Pipeline] }
[Pipeline] // timestamps
[Pipeline] timestamps
[Pipeline] {
[Pipeline] stage
[Pipeline] { (Clean)
[Pipeline] timeout
[2023-04-03T13:57:17.478Z] Timeout set to expire in 6 hr 0 min
[Pipeline] {
[Pipeline] withEnv
[Pipeline] {
[Pipeline] sh
[2023-04-03T13:57:18.754Z] + python ecg-maya-usd/build.py --stages=clean --workspace-dir=/local/S/jenkins/workspace/ECP/ecg-maya-usd/ecg-mayausd-branch-preflight-2020-osx --artifactory-dir=/local/S/jenkins/workspace/shared/Artifactory --build-dir=/local/S/jenkins/workspace/ECP/ecg-maya-usd/ecg-mayausd-branch-preflight-2020-osx/build --install-dir=/local/S/jenkins/workspace/ECP/ecg-maya-usd/ecg-mayausd-branch-preflight-2020-osx/install --signing-dir=/local/S/jenkins/workspace/ECP/ecg-maya-usd/ecg-mayausd-branch-preflight-2020-osx/signing --package-dir=/local/S/jenkins/workspace/ECP/ecg-maya-usd/ecg-mayausd-branch-preflight-2020-osx/package --output-dir=/local/S/jenkins/workspace/ECP/ecg-maya-usd/ecg-mayausd-branch-preflight-2020-osx/output --stash-dir=/local/S/jenkins/workspace/ECP/ecg-maya-usd/ecg-mayausd-branch-preflight-2020-osx/stash --jenkins-build=817 --git-commit=0680c136f5d1874f5efd5705b0ad2f816007fc9a --git-branch=master --variants=RelWithDebInfo --python=2.7 --post-zips=false --maya-cut-config=maya-rundev-2020.yaml --maya-package=rundev-2020 --stage-banner
[2023-04-03T13:57:19.066Z] No catalog entry registered for tbb-4.4u5-ub2.
[2023-04-03T13:57:19.066Z] Using Maya cut from /local/S/jenkins/workspace/shared/Artifactory/OSX/rundev-2020/202107140359/runtime/446214e
[2023-04-03T13:57:19.176Z] 
[2023-04-03T13:57:19.177Z] ================================================================================
[2023-04-03T13:57:19.177Z]                              clean (RelWithDebInfo)
[2023-04-03T13:57:19.177Z] ================================================================================
[2023-04-03T13:57:19.177Z] Maya Python RelWithDebInfo Info:
[2023-04-03T13:57:19.177Z]   mayapy executable   = /local/S/jenkins/workspace/shared/Artifactory/OSX/rundev-2020/202107140359/runtime/446214e/runTime/Maya.app/Contents/bin/mayapy
[2023-04-03T13:57:19.177Z]   Include Folder      = /local/S/jenkins/workspace/shared/Artifactory/OSX/rundev-2020/202107140359/runtime/446214e/runTime/Maya.app/Contents/Frameworks/Python.framework/Versions/Current/include/python2.7
[2023-04-03T13:57:19.177Z]   Library             = /local/S/jenkins/workspace/shared/Artifactory/OSX/rundev-2020/202107140359/runtime/446214e/runTime/Maya.app/Contents/Frameworks/Python.framework/Versions/Current/lib/libpython2.7.dylib
[2023-04-03T13:57:19.177Z]   site-package Folder = /local/S/jenkins/workspace/shared/Artifactory/OSX/rundev-2020/202107140359/runtime/446214e/runTime/Maya.app/Contents/Frameworks/Python.framework/Versions/Current/lib/python2.7/site-packages
[2023-04-03T13:57:21.706Z] In workdir: /local/S/jenkins/workspace/ECP/ecg-maya-usd/ecg-mayausd-branch-preflight-2020-osx/ecg-maya-usd/maya-usd
[2023-04-03T13:57:21.706Z] Executing: /local/S/jenkins/workspace/shared/Artifactory/OSX/rundev-2020/202107140359/runtime/446214e/runTime/Maya.app/Contents/bin/mayapy /local/S/jenkins/workspace/ECP/ecg-maya-usd/ecg-mayausd-branch-preflight-2020-osx/ecg-maya-usd/maya-usd/build.py --generator Ninja --build-relwithdebug --maya-location /local/S/jenkins/workspace/shared/Artifactory/OSX/rundev-2020/202107140359/runtime/446214e/runTime --devkit-location /local/S/jenkins/workspace/shared/Artifactory/OSX/rundev-2020/202107140359/runtime/446214e/devkitBase --pxrusd-location /local/S/jenkins/workspace/shared/Artifactory/OSX/USD/b41f6d4 --qt-location /local/S/jenkins/workspace/shared/Artifactory/OSX/qt/5.12.5/3ca78fe --build-args=-DCMAKE_MAKE_PROGRAM=/local/S/jenkins/workspace/shared/Artifactory/OSX/ninja/1.9.0/41005eb/ninja,-DPYTHON_INCLUDE_DIR=/local/S/jenkins/workspace/shared/Artifactory/OSX/rundev-2020/202107140359/runtime/446214e/runTime/Maya.app/Contents/Frameworks/Python.framework/Versions/Current/include/python2.7,-DPython_EXECUTABLE=/local/S/jenkins/workspace/shared/Artifactory/OSX/rundev-2020/202107140359/runtime/446214e/runTime/Maya.app/Contents/bin/mayapy,-DPYTHON_LIBRARIES=/local/S/jenkins/workspace/shared/Artifactory/OSX/rundev-2020/202107140359/runtime/446214e/runTime/Maya.app/Contents/Frameworks/Python.framework/Versions/Current/lib/libpython2.7.dylib,-DUSD_LIB_PREFIX=lib,-DCMAKE_WANT_MATERIALX_BUILD=ON,-DCMAKE_PREFIX_PATH=/local/S/jenkins/workspace/shared/Artifactory/OSX/USD/b41f6d4 '--ctest-args=-E testUsdReferenceAssemblySelection|testUsdMayaAppDir,-LE interactive,--parallel 4' --stages=clean --redirect-outstream-file=False --install-location /local/S/jenkins/workspace/ECP/ecg-maya-usd/ecg-mayausd-branch-preflight-2020-osx/install/RelWithDebInfo/MayaUSD /local/S/jenkins/workspace/ECP/ecg-maya-usd/ecg-mayausd-branch-preflight-2020-osx
[2023-04-03T13:57:21.706Z] Modified environment variables:
[2023-04-03T13:57:21.706Z]     PATH=/local/S/jenkins/workspace/shared/Artifactory/OSX/cmake/3.20.3/2594509/bin:/usr/local/bin:/bin:/usr/sbin:/sbin:/usr/bin
[2023-04-03T13:57:21.706Z]     
[2023-04-03T13:57:21.706Z]         Building with settings:
[2023-04-03T13:57:21.706Z]           Source directory          /local/S/jenkins/workspace/ECP/ecg-maya-usd/ecg-mayausd-branch-preflight-2020-osx/ecg-maya-usd/maya-usd
[2023-04-03T13:57:21.706Z]           Workspace directory       /local/S/jenkins/workspace/ECP/ecg-maya-usd/ecg-mayausd-branch-preflight-2020-osx
[2023-04-03T13:57:21.706Z]           Build directory           /local/S/jenkins/workspace/ECP/ecg-maya-usd/ecg-mayausd-branch-preflight-2020-osx/build/RelWithDebInfo
[2023-04-03T13:57:21.706Z]           Install directory         /local/S/jenkins/workspace/ECP/ecg-maya-usd/ecg-mayausd-branch-preflight-2020-osx/install/RelWithDebInfo/MayaUSD
[2023-04-03T13:57:21.706Z]           Variant                   RelWithDebInfo
[2023-04-03T13:57:21.706Z]           Python Debug              Off
[2023-04-03T13:57:21.706Z]           CMake generator           Ninja
[2023-04-03T13:57:21.706Z]           Build arguments           ['-DCMAKE_MAKE_PROGRAM=/local/S/jenkins/workspace/shared/Artifactory/OSX/ninja/1.9.0/41005eb/ninja', '-DPYTHON_INCLUDE_DIR=/local/S/jenkins/workspace/shared/Artifactory/OSX/rundev-2020/202107140359/runtime/446214e/runTime/Maya.app/Contents/Frameworks/Python.framework/Versions/Current/include/python2.7', '-DPython_EXECUTABLE=/local/S/jenkins/workspace/shared/Artifactory/OSX/rundev-2020/202107140359/runtime/446214e/runTime/Maya.app/Contents/bin/mayapy', '-DPYTHON_LIBRARIES=/local/S/jenkins/workspace/shared/Artifactory/OSX/rundev-2020/202107140359/runtime/446214e/runTime/Maya.app/Contents/Frameworks/Python.framework/Versions/Current/lib/libpython2.7.dylib', '-DUSD_LIB_PREFIX=lib', '-DCMAKE_WANT_MATERIALX_BUILD=ON', '-DCMAKE_PREFIX_PATH=/local/S/jenkins/workspace/shared/Artifactory/OSX/USD/b41f6d4']
[2023-04-03T13:57:21.706Z]           Stages arguments          ['clean']
[2023-04-03T13:57:21.706Z]           CTest arguments           ['-E testUsdReferenceAssemblySelection|testUsdMayaAppDir', '-LE interactive', '--parallel 4']
[2023-04-03T13:57:21.706Z]     Success MayaUSD build and install !!!!
[2023-04-03T13:57:21.706Z]     Elapsed time: 00:00:00
[Pipeline] }
[Pipeline] // withEnv
[Pipeline] }
[Pipeline] // timeout
[Pipeline] }
[Pipeline] // stage
[Pipeline] }
[Pipeline] // timestamps
[Pipeline] timestamps
[Pipeline] {
[Pipeline] stage
[Pipeline] { (Configure)
[Pipeline] timeout
[2023-04-03T13:57:23.576Z] Timeout set to expire in 6 hr 0 min
[Pipeline] {
[Pipeline] withEnv
[Pipeline] {
[Pipeline] sh
[2023-04-03T13:57:24.843Z] + python ecg-maya-usd/build.py --stages=configure --workspace-dir=/local/S/jenkins/workspace/ECP/ecg-maya-usd/ecg-mayausd-branch-preflight-2020-osx --artifactory-dir=/local/S/jenkins/workspace/shared/Artifactory --build-dir=/local/S/jenkins/workspace/ECP/ecg-maya-usd/ecg-mayausd-branch-preflight-2020-osx/build --install-dir=/local/S/jenkins/workspace/ECP/ecg-maya-usd/ecg-mayausd-branch-preflight-2020-osx/install --signing-dir=/local/S/jenkins/workspace/ECP/ecg-maya-usd/ecg-mayausd-branch-preflight-2020-osx/signing --package-dir=/local/S/jenkins/workspace/ECP/ecg-maya-usd/ecg-mayausd-branch-preflight-2020-osx/package --output-dir=/local/S/jenkins/workspace/ECP/ecg-maya-usd/ecg-mayausd-branch-preflight-2020-osx/output --stash-dir=/local/S/jenkins/workspace/ECP/ecg-maya-usd/ecg-mayausd-branch-preflight-2020-osx/stash --jenkins-build=817 --git-commit=0680c136f5d1874f5efd5705b0ad2f816007fc9a --git-branch=master --variants=RelWithDebInfo --python=2.7 --post-zips=false --maya-cut-config=maya-rundev-2020.yaml --maya-package=rundev-2020 --stage-banner
[2023-04-03T13:57:25.165Z] No catalog entry registered for tbb-4.4u5-ub2.
[2023-04-03T13:57:25.166Z] Using Maya cut from /local/S/jenkins/workspace/shared/Artifactory/OSX/rundev-2020/202107140359/runtime/446214e
[2023-04-03T13:57:25.166Z] 
[2023-04-03T13:57:25.166Z] ================================================================================
[2023-04-03T13:57:25.166Z]                            configure (RelWithDebInfo)
[2023-04-03T13:57:25.166Z] ================================================================================
[2023-04-03T13:57:25.166Z] Maya Python RelWithDebInfo Info:
[2023-04-03T13:57:25.166Z]   mayapy executable   = /local/S/jenkins/workspace/shared/Artifactory/OSX/rundev-2020/202107140359/runtime/446214e/runTime/Maya.app/Contents/bin/mayapy
[2023-04-03T13:57:25.166Z]   Include Folder      = /local/S/jenkins/workspace/shared/Artifactory/OSX/rundev-2020/202107140359/runtime/446214e/runTime/Maya.app/Contents/Frameworks/Python.framework/Versions/Current/include/python2.7
[2023-04-03T13:57:25.166Z]   Library             = /local/S/jenkins/workspace/shared/Artifactory/OSX/rundev-2020/202107140359/runtime/446214e/runTime/Maya.app/Contents/Frameworks/Python.framework/Versions/Current/lib/libpython2.7.dylib
[2023-04-03T13:57:25.166Z]   site-package Folder = /local/S/jenkins/workspace/shared/Artifactory/OSX/rundev-2020/202107140359/runtime/446214e/runTime/Maya.app/Contents/Frameworks/Python.framework/Versions/Current/lib/python2.7/site-packages
[2023-04-03T13:57:25.808Z] In workdir: /local/S/jenkins/workspace/ECP/ecg-maya-usd/ecg-mayausd-branch-preflight-2020-osx/ecg-maya-usd/maya-usd
[2023-04-03T13:57:25.808Z] Executing: /local/S/jenkins/workspace/shared/Artifactory/OSX/rundev-2020/202107140359/runtime/446214e/runTime/Maya.app/Contents/bin/mayapy /local/S/jenkins/workspace/ECP/ecg-maya-usd/ecg-mayausd-branch-preflight-2020-osx/ecg-maya-usd/maya-usd/build.py --generator Ninja --build-relwithdebug --maya-location /local/S/jenkins/workspace/shared/Artifactory/OSX/rundev-2020/202107140359/runtime/446214e/runTime --devkit-location /local/S/jenkins/workspace/shared/Artifactory/OSX/rundev-2020/202107140359/runtime/446214e/devkitBase --pxrusd-location /local/S/jenkins/workspace/shared/Artifactory/OSX/USD/b41f6d4 --qt-location /local/S/jenkins/workspace/shared/Artifactory/OSX/qt/5.12.5/3ca78fe --build-args=-DCMAKE_MAKE_PROGRAM=/local/S/jenkins/workspace/shared/Artifactory/OSX/ninja/1.9.0/41005eb/ninja,-DPYTHON_INCLUDE_DIR=/local/S/jenkins/workspace/shared/Artifactory/OSX/rundev-2020/202107140359/runtime/446214e/runTime/Maya.app/Contents/Frameworks/Python.framework/Versions/Current/include/python2.7,-DPython_EXECUTABLE=/local/S/jenkins/workspace/shared/Artifactory/OSX/rundev-2020/202107140359/runtime/446214e/runTime/Maya.app/Contents/bin/mayapy,-DPYTHON_LIBRARIES=/local/S/jenkins/workspace/shared/Artifactory/OSX/rundev-2020/202107140359/runtime/446214e/runTime/Maya.app/Contents/Frameworks/Python.framework/Versions/Current/lib/libpython2.7.dylib,-DUSD_LIB_PREFIX=lib,-DCMAKE_WANT_MATERIALX_BUILD=ON,-DCMAKE_PREFIX_PATH=/local/S/jenkins/workspace/shared/Artifactory/OSX/USD/b41f6d4 '--ctest-args=-E testUsdReferenceAssemblySelection|testUsdMayaAppDir,-LE interactive,--parallel 4' --stages=configure --redirect-outstream-file=False --install-location /local/S/jenkins/workspace/ECP/ecg-maya-usd/ecg-mayausd-branch-preflight-2020-osx/install/RelWithDebInfo/MayaUSD /local/S/jenkins/workspace/ECP/ecg-maya-usd/ecg-mayausd-branch-preflight-2020-osx
[2023-04-03T13:57:25.809Z] Modified environment variables:
[2023-04-03T13:57:25.809Z]     PATH=/local/S/jenkins/workspace/shared/Artifactory/OSX/cmake/3.20.3/2594509/bin:/usr/local/bin:/bin:/usr/sbin:/sbin:/usr/bin
[2023-04-03T13:57:26.350Z]     -- The C compiler identification is AppleClang 10.0.1.10010046
[2023-04-03T13:57:28.041Z]     -- The CXX compiler identification is AppleClang 10.0.1.10010046
[2023-04-03T13:57:28.142Z]     -- Detecting C compiler ABI info
[2023-04-03T13:57:28.251Z]     -- Detecting C compiler ABI info - done
[2023-04-03T13:57:28.251Z]     -- Check for working C compiler: /Applications/Xcode.app/Contents/Developer/Toolchains/XcodeDefault.xctoolchain/usr/bin/cc - skipped
[2023-04-03T13:57:28.251Z]     -- Detecting C compile features
[2023-04-03T13:57:28.252Z]     -- Detecting C compile features - done
[2023-04-03T13:57:28.354Z]     -- Detecting CXX compiler ABI info
[2023-04-03T13:57:28.566Z]     -- Detecting CXX compiler ABI info - done
[2023-04-03T13:57:28.566Z]     -- Check for working CXX compiler: /Applications/Xcode.app/Contents/Developer/Toolchains/XcodeDefault.xctoolchain/usr/bin/c++ - skipped
[2023-04-03T13:57:28.566Z]     -- Detecting CXX compile features
[2023-04-03T13:57:28.566Z]     -- Detecting CXX compile features - done
[2023-04-03T13:57:31.138Z]     -- Using Maya Light API Version 1
[2023-04-03T13:57:31.138Z]     -- Maya array iterator has difference_type trait
[2023-04-03T13:57:31.241Z]     -- Found Maya: /local/S/jenkins/workspace/shared/Artifactory/OSX/rundev-2020/202107140359/runtime/446214e/runTime/maya.app/Contents/MacOS/Maya (found suitable version "2020", minimum required is "2018")
[2023-04-03T13:57:32.761Z]     -- Found Python: /local/S/jenkins/workspace/shared/Artifactory/OSX/rundev-2020/202107140359/runtime/446214e/runTime/Maya.app/Contents/bin/mayapy (found suitable exact version "2.7.15") found components: Interpreter
[2023-04-03T13:57:32.762Z]     -- Build MayaUSD with Python3 = OFF
[2023-04-03T13:57:32.762Z]     --    PYTHON_INCLUDE_DIRS = /local/S/jenkins/workspace/shared/Artifactory/OSX/rundev-2020/202107140359/runtime/446214e/runTime/Maya.app/Contents/Frameworks/Python.framework/Versions/Current/include/python2.7
[2023-04-03T13:57:32.762Z]     --    PYTHON_LIBRARIES    = /local/S/jenkins/workspace/shared/Artifactory/OSX/rundev-2020/202107140359/runtime/446214e/runTime/Maya.app/Contents/Frameworks/Python.framework/Versions/Current/lib/libpython2.7.dylib
[2023-04-03T13:57:32.762Z]     --    Python_EXECUTABLE   = /local/S/jenkins/workspace/shared/Artifactory/OSX/rundev-2020/202107140359/runtime/446214e/runTime/Maya.app/Contents/bin/mayapy
[2023-04-03T13:57:32.762Z]     -- USD v0.21.11 has security patches.
[2023-04-03T13:57:32.762Z]     -- USD include dir: /local/S/jenkins/workspace/shared/Artifactory/OSX/USD/b41f6d4/include
[2023-04-03T13:57:32.762Z]     -- USD library dir: /local/S/jenkins/workspace/shared/Artifactory/OSX/USD/b41f6d4/lib
[2023-04-03T13:57:32.762Z]     -- USD version: 0.21.11
[2023-04-03T13:57:32.762Z]     -- Autodesk USD version: 0.21.11-ad1
[2023-04-03T13:57:32.762Z]     -- Found USD: /local/S/jenkins/workspace/shared/Artifactory/OSX/USD/b41f6d4 (found suitable version "0.21.11", minimum required is "0.20.05")
[2023-04-03T13:57:32.762Z]     Updated PYTHONPATH: /local/S/jenkins/workspace/shared/Artifactory/OSX/USD/b41f6d4/lib/python
[2023-04-03T13:57:32.762Z]     -- UFE include dir: /local/S/jenkins/workspace/shared/Artifactory/OSX/rundev-2020/202107140359/runtime/446214e/devkitBase/devkit/ufe/include
[2023-04-03T13:57:32.762Z]     -- UFE library: /local/S/jenkins/workspace/shared/Artifactory/OSX/rundev-2020/202107140359/runtime/446214e/devkitBase/devkit/ufe/lib/libufe_1.dylib
[2023-04-03T13:57:32.762Z]     -- UFE version: 1.0.0
[2023-04-03T13:57:32.762Z]     -- UFE preview features: ufe
[2023-04-03T13:57:32.762Z]     -- Building with UFE 1.0.0 features enabled.
[2023-04-03T13:57:32.762Z]     CMake Warning at CMakeLists.txt:148 (message):
[2023-04-03T13:57:32.762Z]       Disabling MaterialX VP2 rendering: it is not supported by this version of
[2023-04-03T13:57:32.762Z]       Maya.
[2023-04-03T13:57:32.762Z]     
[2023-04-03T13:57:32.762Z]     
[2023-04-03T13:57:32.762Z]     -- Found MaterialX
[2023-04-03T13:57:32.762Z]     -- Building with Qt features enabled.
[2023-04-03T13:57:32.762Z]     -- **** Building Gulrak From Github Repository.
[2023-04-03T13:57:32.762Z]     -- Populating gulrak
[2023-04-03T13:57:32.970Z]     -- Configuring done
[2023-04-03T13:57:32.970Z]     -- Generating done
[2023-04-03T13:57:32.970Z]     -- Build files have been written to: /local/S/jenkins/workspace/ECP/ecg-maya-usd/ecg-mayausd-branch-preflight-2020-osx/build/RelWithDebInfo/_deps/gulrak-subbuild
[2023-04-03T13:57:33.071Z]     [1/9] Creating directories for 'gulrak-populate'
[2023-04-03T13:57:33.071Z]     [1/9] Performing download step (git clone) for 'gulrak-populate'
[2023-04-03T13:57:33.178Z]     Cloning into 'gulrak-src'...
[2023-04-03T13:57:34.889Z]     HEAD is now at 4e21ab3 Version bump and updated readme.
[2023-04-03T13:57:34.990Z]     [2/9] Performing update step for 'gulrak-populate'
[2023-04-03T13:57:34.991Z]     [4/9] No patch step for 'gulrak-populate'
[2023-04-03T13:57:35.092Z]     [5/9] No configure step for 'gulrak-populate'
[2023-04-03T13:57:35.092Z]     [6/9] No build step for 'gulrak-populate'
[2023-04-03T13:57:35.092Z]     [7/9] No install step for 'gulrak-populate'
[2023-04-03T13:57:35.092Z]     [8/9] No test step for 'gulrak-populate'
[2023-04-03T13:57:35.092Z]     [9/9] Completed 'gulrak-populate'
[2023-04-03T13:57:35.302Z]     -- ========== Installing GoogleTest... ==========
[2023-04-03T13:57:35.409Z]     -- Configuring done
[2023-04-03T13:57:35.409Z]     -- Generating done
[2023-04-03T13:57:35.409Z]     -- Build files have been written to: /local/S/jenkins/workspace/ECP/ecg-maya-usd/ecg-mayausd-branch-preflight-2020-osx/build/RelWithDebInfo/googletest-config
[2023-04-03T13:57:35.510Z]     [1/8] Creating directories for 'googletest'
[2023-04-03T13:57:38.166Z]     [2/8] Performing download step (git clone) for 'googletest'
[2023-04-03T13:57:38.166Z]     Cloning into 'googletest-src'...
[2023-04-03T13:57:38.167Z]     HEAD is now at 703bd9ca Googletest export
[2023-04-03T13:57:38.272Z]     [3/8] Performing update step for 'googletest'
[2023-04-03T13:57:38.272Z]     [4/8] No patch step for 'googletest'
[2023-04-03T13:57:39.312Z]     [5/8] Performing configure step for 'googletest'
[2023-04-03T13:57:39.312Z]     Not searching for unused variables given on the command line.
[2023-04-03T13:57:39.312Z]     CMake Deprecation Warning at CMakeLists.txt:4 (cmake_minimum_required):
[2023-04-03T13:57:39.313Z]       Compatibility with CMake < 2.8.12 will be removed from a future version of
[2023-04-03T13:57:39.313Z]       CMake.
[2023-04-03T13:57:39.313Z]     
[2023-04-03T13:57:39.313Z]       Update the VERSION argument <min> value or use a ...<max> suffix to tell
[2023-04-03T13:57:39.313Z]       CMake that the project does not need compatibility with older versions.
[2023-04-03T13:57:39.313Z]     
[2023-04-03T13:57:39.313Z]     
[2023-04-03T13:57:39.313Z]     -- The C compiler identification is AppleClang 10.0.1.10010046
[2023-04-03T13:57:39.313Z]     -- The CXX compiler identification is AppleClang 10.0.1.10010046
[2023-04-03T13:57:39.313Z]     -- Detecting C compiler ABI info
[2023-04-03T13:57:39.313Z]     -- Detecting C compiler ABI info - done
[2023-04-03T13:57:39.313Z]     -- Check for working C compiler: /Applications/Xcode.app/Contents/Developer/Toolchains/XcodeDefault.xctoolchain/usr/bin/cc - skipped
[2023-04-03T13:57:39.313Z]     -- Detecting C compile features
[2023-04-03T13:57:39.313Z]     -- Detecting C compile features - done
[2023-04-03T13:57:39.313Z]     -- Detecting CXX compiler ABI info
[2023-04-03T13:57:39.313Z]     -- Detecting CXX compiler ABI info - done
[2023-04-03T13:57:39.313Z]     -- Check for working CXX compiler: /Applications/Xcode.app/Contents/Developer/Toolchains/XcodeDefault.xctoolchain/usr/bin/c++ - skipped
[2023-04-03T13:57:39.313Z]     -- Detecting CXX compile features
[2023-04-03T13:57:39.313Z]     -- Detecting CXX compile features - done
[2023-04-03T13:57:39.313Z]     CMake Deprecation Warning at googletest/CMakeLists.txt:56 (cmake_minimum_required):
[2023-04-03T13:57:39.313Z]       Compatibility with CMake < 2.8.12 will be removed from a future version of
[2023-04-03T13:57:39.313Z]       CMake.
[2023-04-03T13:57:39.313Z]     
[2023-04-03T13:57:39.313Z]       Update the VERSION argument <min> value or use a ...<max> suffix to tell
[2023-04-03T13:57:39.313Z]       CMake that the project does not need compatibility with older versions.
[2023-04-03T13:57:39.313Z]     
[2023-04-03T13:57:39.313Z]     
[2023-04-03T13:57:39.313Z]     -- Found PythonInterp: /usr/local/bin/python (found version "2.7.15")
[2023-04-03T13:57:39.313Z]     -- Looking for pthread.h
[2023-04-03T13:57:39.313Z]     -- Looking for pthread.h - found
[2023-04-03T13:57:39.313Z]     -- Performing Test CMAKE_HAVE_LIBC_PTHREAD
[2023-04-03T13:57:39.313Z]     -- Performing Test CMAKE_HAVE_LIBC_PTHREAD - Success
[2023-04-03T13:57:39.313Z]     -- Found Threads: TRUE
[2023-04-03T13:57:39.313Z]     -- Configuring done
[2023-04-03T13:57:39.313Z]     -- Generating done
[2023-04-03T13:57:39.313Z]     -- Build files have been written to: /local/S/jenkins/workspace/ECP/ecg-maya-usd/ecg-mayausd-branch-preflight-2020-osx/build/RelWithDebInfo/googletest-build
[2023-04-03T13:57:45.414Z]     [6/8] Performing build step for 'googletest'
[2023-04-03T13:57:45.414Z]     [1/4] Building CXX object googletest/CMakeFiles/gtest_main.dir/src/gtest_main.cc.o
[2023-04-03T13:57:45.414Z]     [2/4] Building CXX object googletest/CMakeFiles/gtest.dir/src/gtest-all.cc.o
[2023-04-03T13:57:45.414Z]     [3/4] Linking CXX shared library lib/libgtest.dylib
[2023-04-03T13:57:45.414Z]     [4/4] Linking CXX shared library lib/libgtest_main.dylib
[2023-04-03T13:57:45.524Z]     [7/8] Performing install step for 'googletest'
[2023-04-03T13:57:45.524Z]     [0/1] Install the project...
[2023-04-03T13:57:45.524Z]     -- Install configuration: "RelWithDebInfo"
[2023-04-03T13:57:45.524Z]     [8/8] Completed 'googletest'
[2023-04-03T13:57:45.524Z]     -- ========== ...  GoogleTest installed. ==========
[2023-04-03T13:57:48.436Z]     -- MAYA_HAS_DEFAULT_MATERIAL_API is FALSE
[2023-04-03T13:57:48.436Z]     -- MAYA_NEW_POINT_SNAPPING_SUPPORT is FALSE
[2023-04-03T13:57:48.436Z]     -- MAYA_HAS_CRASH_DETECTION is FALSE
[2023-04-03T13:57:48.436Z]     -- MAYA_CURRENT_UFE_CAMERA_SUPPORT is FALSE
[2023-04-03T13:57:48.436Z]     -- MAYA_MRENDERITEM_UFE_IDENTIFIER_SUPPORT is FALSE
[2023-04-03T13:57:48.436Z]     -- MAYA_UPDATE_UFE_IDENTIFIER_SUPPORT is FALSE
[2023-04-03T13:57:48.436Z]     -- MAYA_HAS_DISPLAY_STYLE_ALL_VIEWPORTS is FALSE
[2023-04-03T13:57:48.436Z]     -- MAYA_ARRAY_ITERATOR_DIFFERENCE_TYPE_SUPPORT is TRUE
[2023-04-03T13:57:48.436Z]     -- MAYA_HAS_GET_MEMBER_PATHS is FALSE
[2023-04-03T13:57:48.436Z]     -- USD_HAS_COLOR4_SDR_SUPPORT is FALSE
[2023-04-03T13:57:48.436Z]     -- MAYA_HAS_DISPLAY_LAYER_API is FALSE
[2023-04-03T13:57:48.436Z]     -- MAYA_HAS_NEW_DISPLAY_LAYER_MESSAGING_API is FALSE
[2023-04-03T13:57:48.436Z]     -- MAYA_HAS_RENDER_ITEM_HIDE_ON_PLAYBACK_API is FALSE
[2023-04-03T13:57:48.436Z]     -- promoting: /local/S/jenkins/workspace/ECP/ecg-maya-usd/ecg-mayausd-branch-preflight-2020-osx/ecg-maya-usd/maya-usd/lib/mayaUsd/base/mayaUsd.h.src
[2023-04-03T13:57:48.436Z]     -- promoting: /local/S/jenkins/workspace/ECP/ecg-maya-usd/ecg-mayausd-branch-preflight-2020-osx/ecg-maya-usd/maya-usd/lib/mayaUsd/base/api.h
[2023-04-03T13:57:48.436Z]     -- promoting: /local/S/jenkins/workspace/ECP/ecg-maya-usd/ecg-mayausd-branch-preflight-2020-osx/ecg-maya-usd/maya-usd/lib/mayaUsd/base/debugCodes.h
[2023-04-03T13:57:48.436Z]     -- promoting: /local/S/jenkins/workspace/ECP/ecg-maya-usd/ecg-mayausd-branch-preflight-2020-osx/ecg-maya-usd/maya-usd/lib/mayaUsd/base/id.h
[2023-04-03T13:57:48.436Z]     -- promoting: /local/S/jenkins/workspace/ECP/ecg-maya-usd/ecg-mayausd-branch-preflight-2020-osx/ecg-maya-usd/maya-usd/lib/mayaUsd/base/syncId.h
[2023-04-03T13:57:48.436Z]     -- promoting: /local/S/jenkins/workspace/ECP/ecg-maya-usd/ecg-mayausd-branch-preflight-2020-osx/ecg-maya-usd/maya-usd/lib/mayaUsd/base/tokens.h
[2023-04-03T13:57:48.436Z]     -- promoting: /local/S/jenkins/workspace/ECP/ecg-maya-usd/ecg-mayausd-branch-preflight-2020-osx/ecg-maya-usd/maya-usd/lib/mayaUsd/commands/abstractLayerEditorWindow.h
[2023-04-03T13:57:48.436Z]     -- promoting: /local/S/jenkins/workspace/ECP/ecg-maya-usd/ecg-mayausd-branch-preflight-2020-osx/ecg-maya-usd/maya-usd/lib/mayaUsd/commands/baseExportCommand.h
[2023-04-03T13:57:48.436Z]     -- promoting: /local/S/jenkins/workspace/ECP/ecg-maya-usd/ecg-mayausd-branch-preflight-2020-osx/ecg-maya-usd/maya-usd/lib/mayaUsd/commands/baseImportCommand.h
[2023-04-03T13:57:48.436Z]     -- promoting: /local/S/jenkins/workspace/ECP/ecg-maya-usd/ecg-mayausd-branch-preflight-2020-osx/ecg-maya-usd/maya-usd/lib/mayaUsd/commands/baseListJobContextsCommand.h
[2023-04-03T13:57:48.436Z]     -- promoting: /local/S/jenkins/workspace/ECP/ecg-maya-usd/ecg-mayausd-branch-preflight-2020-osx/ecg-maya-usd/maya-usd/lib/mayaUsd/commands/baseListShadingModesCommand.h
[2023-04-03T13:57:48.436Z]     -- promoting: /local/S/jenkins/workspace/ECP/ecg-maya-usd/ecg-mayausd-branch-preflight-2020-osx/ecg-maya-usd/maya-usd/lib/mayaUsd/commands/editTargetCommand.h
[2023-04-03T13:57:48.436Z]     -- promoting: /local/S/jenkins/workspace/ECP/ecg-maya-usd/ecg-mayausd-branch-preflight-2020-osx/ecg-maya-usd/maya-usd/lib/mayaUsd/commands/layerEditorCommand.h
[2023-04-03T13:57:48.436Z]     -- promoting: /local/S/jenkins/workspace/ECP/ecg-maya-usd/ecg-mayausd-branch-preflight-2020-osx/ecg-maya-usd/maya-usd/lib/mayaUsd/commands/layerEditorWindowCommand.h
[2023-04-03T13:57:48.436Z]     -- promoting: /local/S/jenkins/workspace/ECP/ecg-maya-usd/ecg-mayausd-branch-preflight-2020-osx/ecg-maya-usd/maya-usd/lib/mayaUsd/fileio/fallbackPrimReader.h
[2023-04-03T13:57:48.436Z]     -- promoting: /local/S/jenkins/workspace/ECP/ecg-maya-usd/ecg-mayausd-branch-preflight-2020-osx/ecg-maya-usd/maya-usd/lib/mayaUsd/fileio/functorPrimReader.h
[2023-04-03T13:57:48.436Z]     -- promoting: /local/S/jenkins/workspace/ECP/ecg-maya-usd/ecg-mayausd-branch-preflight-2020-osx/ecg-maya-usd/maya-usd/lib/mayaUsd/fileio/functorPrimWriter.h
[2023-04-03T13:57:48.437Z]     -- promoting: /local/S/jenkins/workspace/ECP/ecg-maya-usd/ecg-mayausd-branch-preflight-2020-osx/ecg-maya-usd/maya-usd/lib/mayaUsd/fileio/importData.h
[2023-04-03T13:57:48.437Z]     -- promoting: /local/S/jenkins/workspace/ECP/ecg-maya-usd/ecg-mayausd-branch-preflight-2020-osx/ecg-maya-usd/maya-usd/lib/mayaUsd/fileio/instancedNodeWriter.h
[2023-04-03T13:57:48.437Z]     -- promoting: /local/S/jenkins/workspace/ECP/ecg-maya-usd/ecg-mayausd-branch-preflight-2020-osx/ecg-maya-usd/maya-usd/lib/mayaUsd/fileio/jobContextRegistry.h
[2023-04-03T13:57:48.437Z]     -- promoting: /local/S/jenkins/workspace/ECP/ecg-maya-usd/ecg-mayausd-branch-preflight-2020-osx/ecg-maya-usd/maya-usd/lib/mayaUsd/fileio/primReader.h
[2023-04-03T13:57:48.437Z]     -- promoting: /local/S/jenkins/workspace/ECP/ecg-maya-usd/ecg-mayausd-branch-preflight-2020-osx/ecg-maya-usd/maya-usd/lib/mayaUsd/fileio/primReaderArgs.h
[2023-04-03T13:57:48.437Z]     -- promoting: /local/S/jenkins/workspace/ECP/ecg-maya-usd/ecg-mayausd-branch-preflight-2020-osx/ecg-maya-usd/maya-usd/lib/mayaUsd/fileio/primReaderContext.h
[2023-04-03T13:57:48.437Z]     -- promoting: /local/S/jenkins/workspace/ECP/ecg-maya-usd/ecg-mayausd-branch-preflight-2020-osx/ecg-maya-usd/maya-usd/lib/mayaUsd/fileio/primReaderRegistry.h
[2023-04-03T13:57:48.437Z]     -- promoting: /local/S/jenkins/workspace/ECP/ecg-maya-usd/ecg-mayausd-branch-preflight-2020-osx/ecg-maya-usd/maya-usd/lib/mayaUsd/fileio/primWriter.h
[2023-04-03T13:57:48.437Z]     -- promoting: /local/S/jenkins/workspace/ECP/ecg-maya-usd/ecg-mayausd-branch-preflight-2020-osx/ecg-maya-usd/maya-usd/lib/mayaUsd/fileio/primWriterArgs.h
[2023-04-03T13:57:48.437Z]     -- promoting: /local/S/jenkins/workspace/ECP/ecg-maya-usd/ecg-mayausd-branch-preflight-2020-osx/ecg-maya-usd/maya-usd/lib/mayaUsd/fileio/primWriterContext.h
[2023-04-03T13:57:48.437Z]     -- promoting: /local/S/jenkins/workspace/ECP/ecg-maya-usd/ecg-mayausd-branch-preflight-2020-osx/ecg-maya-usd/maya-usd/lib/mayaUsd/fileio/primWriterRegistry.h
[2023-04-03T13:57:48.437Z]     -- promoting: /local/S/jenkins/workspace/ECP/ecg-maya-usd/ecg-mayausd-branch-preflight-2020-osx/ecg-maya-usd/maya-usd/lib/mayaUsd/fileio/registryHelper.h
[2023-04-03T13:57:48.437Z]     -- promoting: /local/S/jenkins/workspace/ECP/ecg-maya-usd/ecg-mayausd-branch-preflight-2020-osx/ecg-maya-usd/maya-usd/lib/mayaUsd/fileio/schemaApiAdaptor.h
[2023-04-03T13:57:48.437Z]     -- promoting: /local/S/jenkins/workspace/ECP/ecg-maya-usd/ecg-mayausd-branch-preflight-2020-osx/ecg-maya-usd/maya-usd/lib/mayaUsd/fileio/schemaApiAdaptorRegistry.h
[2023-04-03T13:57:48.437Z]     -- promoting: /local/S/jenkins/workspace/ECP/ecg-maya-usd/ecg-mayausd-branch-preflight-2020-osx/ecg-maya-usd/maya-usd/lib/mayaUsd/fileio/shaderReader.h
[2023-04-03T13:57:48.437Z]     -- promoting: /local/S/jenkins/workspace/ECP/ecg-maya-usd/ecg-mayausd-branch-preflight-2020-osx/ecg-maya-usd/maya-usd/lib/mayaUsd/fileio/shaderReaderRegistry.h
[2023-04-03T13:57:48.437Z]     -- promoting: /local/S/jenkins/workspace/ECP/ecg-maya-usd/ecg-mayausd-branch-preflight-2020-osx/ecg-maya-usd/maya-usd/lib/mayaUsd/fileio/shaderWriter.h
[2023-04-03T13:57:48.437Z]     -- promoting: /local/S/jenkins/workspace/ECP/ecg-maya-usd/ecg-mayausd-branch-preflight-2020-osx/ecg-maya-usd/maya-usd/lib/mayaUsd/fileio/shaderWriterRegistry.h
[2023-04-03T13:57:48.437Z]     -- promoting: /local/S/jenkins/workspace/ECP/ecg-maya-usd/ecg-mayausd-branch-preflight-2020-osx/ecg-maya-usd/maya-usd/lib/mayaUsd/fileio/transformWriter.h
[2023-04-03T13:57:48.437Z]     -- promoting: /local/S/jenkins/workspace/ECP/ecg-maya-usd/ecg-mayausd-branch-preflight-2020-osx/ecg-maya-usd/maya-usd/lib/mayaUsd/fileio/writeJobContext.h
[2023-04-03T13:57:48.437Z]     -- promoting: /local/S/jenkins/workspace/ECP/ecg-maya-usd/ecg-mayausd-branch-preflight-2020-osx/ecg-maya-usd/maya-usd/lib/mayaUsd/fileio/chaser/exportChaser.h
[2023-04-03T13:57:48.437Z]     -- promoting: /local/S/jenkins/workspace/ECP/ecg-maya-usd/ecg-mayausd-branch-preflight-2020-osx/ecg-maya-usd/maya-usd/lib/mayaUsd/fileio/chaser/exportChaserRegistry.h
[2023-04-03T13:57:48.437Z]     -- promoting: /local/S/jenkins/workspace/ECP/ecg-maya-usd/ecg-mayausd-branch-preflight-2020-osx/ecg-maya-usd/maya-usd/lib/mayaUsd/fileio/chaser/importChaserRegistry.h
[2023-04-03T13:57:48.437Z]     -- promoting: /local/S/jenkins/workspace/ECP/ecg-maya-usd/ecg-mayausd-branch-preflight-2020-osx/ecg-maya-usd/maya-usd/lib/mayaUsd/fileio/chaser/importChaser.h
[2023-04-03T13:57:48.437Z]     -- promoting: /local/S/jenkins/workspace/ECP/ecg-maya-usd/ecg-mayausd-branch-preflight-2020-osx/ecg-maya-usd/maya-usd/lib/mayaUsd/fileio/jobs/jobArgs.h
[2023-04-03T13:57:48.437Z]     -- promoting: /local/S/jenkins/workspace/ECP/ecg-maya-usd/ecg-mayausd-branch-preflight-2020-osx/ecg-maya-usd/maya-usd/lib/mayaUsd/fileio/jobs/meshDataReadJob.h
[2023-04-03T13:57:48.437Z]     -- promoting: /local/S/jenkins/workspace/ECP/ecg-maya-usd/ecg-mayausd-branch-preflight-2020-osx/ecg-maya-usd/maya-usd/lib/mayaUsd/fileio/jobs/modelKindProcessor.h
[2023-04-03T13:57:48.437Z]     -- promoting: /local/S/jenkins/workspace/ECP/ecg-maya-usd/ecg-mayausd-branch-preflight-2020-osx/ecg-maya-usd/maya-usd/lib/mayaUsd/fileio/jobs/readJob.h
[2023-04-03T13:57:48.437Z]     -- promoting: /local/S/jenkins/workspace/ECP/ecg-maya-usd/ecg-mayausd-branch-preflight-2020-osx/ecg-maya-usd/maya-usd/lib/mayaUsd/fileio/jobs/writeJob.h
[2023-04-03T13:57:48.437Z]     -- promoting: /local/S/jenkins/workspace/ECP/ecg-maya-usd/ecg-mayausd-branch-preflight-2020-osx/ecg-maya-usd/maya-usd/lib/mayaUsd/fileio/shading/rfmShaderMap.h
[2023-04-03T13:57:48.437Z]     -- promoting: /local/S/jenkins/workspace/ECP/ecg-maya-usd/ecg-mayausd-branch-preflight-2020-osx/ecg-maya-usd/maya-usd/lib/mayaUsd/fileio/shading/shadingModeExporter.h
[2023-04-03T13:57:48.437Z]     -- promoting: /local/S/jenkins/workspace/ECP/ecg-maya-usd/ecg-mayausd-branch-preflight-2020-osx/ecg-maya-usd/maya-usd/lib/mayaUsd/fileio/shading/shadingModeExporterContext.h
[2023-04-03T13:57:48.437Z]     -- promoting: /local/S/jenkins/workspace/ECP/ecg-maya-usd/ecg-mayausd-branch-preflight-2020-osx/ecg-maya-usd/maya-usd/lib/mayaUsd/fileio/shading/shadingModeImporter.h
[2023-04-03T13:57:48.437Z]     -- promoting: /local/S/jenkins/workspace/ECP/ecg-maya-usd/ecg-mayausd-branch-preflight-2020-osx/ecg-maya-usd/maya-usd/lib/mayaUsd/fileio/shading/shadingModeRegistry.h
[2023-04-03T13:57:48.437Z]     -- promoting: /local/S/jenkins/workspace/ECP/ecg-maya-usd/ecg-mayausd-branch-preflight-2020-osx/ecg-maya-usd/maya-usd/lib/mayaUsd/fileio/shading/symmetricShaderReader.h
[2023-04-03T13:57:48.437Z]     -- promoting: /local/S/jenkins/workspace/ECP/ecg-maya-usd/ecg-mayausd-branch-preflight-2020-osx/ecg-maya-usd/maya-usd/lib/mayaUsd/fileio/shading/symmetricShaderWriter.h
[2023-04-03T13:57:48.437Z]     -- promoting: /local/S/jenkins/workspace/ECP/ecg-maya-usd/ecg-mayausd-branch-preflight-2020-osx/ecg-maya-usd/maya-usd/lib/mayaUsd/fileio/translators/skelBindingsProcessor.h
[2023-04-03T13:57:48.437Z]     -- promoting: /local/S/jenkins/workspace/ECP/ecg-maya-usd/ecg-mayausd-branch-preflight-2020-osx/ecg-maya-usd/maya-usd/lib/mayaUsd/fileio/translators/translatorCamera.h
[2023-04-03T13:57:48.437Z]     -- promoting: /local/S/jenkins/workspace/ECP/ecg-maya-usd/ecg-mayausd-branch-preflight-2020-osx/ecg-maya-usd/maya-usd/lib/mayaUsd/fileio/translators/translatorCurves.h
[2023-04-03T13:57:48.437Z]     -- promoting: /local/S/jenkins/workspace/ECP/ecg-maya-usd/ecg-mayausd-branch-preflight-2020-osx/ecg-maya-usd/maya-usd/lib/mayaUsd/fileio/translators/translatorGprim.h
[2023-04-03T13:57:48.438Z]     -- promoting: /local/S/jenkins/workspace/ECP/ecg-maya-usd/ecg-mayausd-branch-preflight-2020-osx/ecg-maya-usd/maya-usd/lib/mayaUsd/fileio/translators/translatorLight.h
[2023-04-03T13:57:48.438Z]     -- promoting: /local/S/jenkins/workspace/ECP/ecg-maya-usd/ecg-mayausd-branch-preflight-2020-osx/ecg-maya-usd/maya-usd/lib/mayaUsd/fileio/translators/translatorMaterial.h
[2023-04-03T13:57:48.438Z]     -- promoting: /local/S/jenkins/workspace/ECP/ecg-maya-usd/ecg-mayausd-branch-preflight-2020-osx/ecg-maya-usd/maya-usd/lib/mayaUsd/fileio/translators/translatorMayaReference.h
[2023-04-03T13:57:48.438Z]     -- promoting: /local/S/jenkins/workspace/ECP/ecg-maya-usd/ecg-mayausd-branch-preflight-2020-osx/ecg-maya-usd/maya-usd/lib/mayaUsd/fileio/translators/translatorMesh.h
[2023-04-03T13:57:48.438Z]     -- promoting: /local/S/jenkins/workspace/ECP/ecg-maya-usd/ecg-mayausd-branch-preflight-2020-osx/ecg-maya-usd/maya-usd/lib/mayaUsd/fileio/translators/translatorNurbsPatch.h
[2023-04-03T13:57:48.438Z]     -- promoting: /local/S/jenkins/workspace/ECP/ecg-maya-usd/ecg-mayausd-branch-preflight-2020-osx/ecg-maya-usd/maya-usd/lib/mayaUsd/fileio/translators/translatorPrim.h
[2023-04-03T13:57:48.438Z]     -- promoting: /local/S/jenkins/workspace/ECP/ecg-maya-usd/ecg-mayausd-branch-preflight-2020-osx/ecg-maya-usd/maya-usd/lib/mayaUsd/fileio/translators/translatorRfMLight.h
[2023-04-03T13:57:48.438Z]     -- promoting: /local/S/jenkins/workspace/ECP/ecg-maya-usd/ecg-mayausd-branch-preflight-2020-osx/ecg-maya-usd/maya-usd/lib/mayaUsd/fileio/translators/translatorSkel.h
[2023-04-03T13:57:48.438Z]     -- promoting: /local/S/jenkins/workspace/ECP/ecg-maya-usd/ecg-mayausd-branch-preflight-2020-osx/ecg-maya-usd/maya-usd/lib/mayaUsd/fileio/translators/translatorUtil.h
[2023-04-03T13:57:48.438Z]     -- promoting: /local/S/jenkins/workspace/ECP/ecg-maya-usd/ecg-mayausd-branch-preflight-2020-osx/ecg-maya-usd/maya-usd/lib/mayaUsd/fileio/translators/translatorXformable.h
[2023-04-03T13:57:48.438Z]     -- promoting: /local/S/jenkins/workspace/ECP/ecg-maya-usd/ecg-mayausd-branch-preflight-2020-osx/ecg-maya-usd/maya-usd/lib/mayaUsd/fileio/utils/adaptor.h
[2023-04-03T13:57:48.438Z]     -- promoting: /local/S/jenkins/workspace/ECP/ecg-maya-usd/ecg-mayausd-branch-preflight-2020-osx/ecg-maya-usd/maya-usd/lib/mayaUsd/fileio/utils/jointWriteUtils.h
[2023-04-03T13:57:48.438Z]     -- promoting: /local/S/jenkins/workspace/ECP/ecg-maya-usd/ecg-mayausd-branch-preflight-2020-osx/ecg-maya-usd/maya-usd/lib/mayaUsd/fileio/utils/meshReadUtils.h
[2023-04-03T13:57:48.438Z]     -- promoting: /local/S/jenkins/workspace/ECP/ecg-maya-usd/ecg-mayausd-branch-preflight-2020-osx/ecg-maya-usd/maya-usd/lib/mayaUsd/fileio/utils/meshWriteUtils.h
[2023-04-03T13:57:48.438Z]     -- promoting: /local/S/jenkins/workspace/ECP/ecg-maya-usd/ecg-mayausd-branch-preflight-2020-osx/ecg-maya-usd/maya-usd/lib/mayaUsd/fileio/utils/readUtil.h
[2023-04-03T13:57:48.438Z]     -- promoting: /local/S/jenkins/workspace/ECP/ecg-maya-usd/ecg-mayausd-branch-preflight-2020-osx/ecg-maya-usd/maya-usd/lib/mayaUsd/fileio/utils/roundTripUtil.h
[2023-04-03T13:57:48.438Z]     -- promoting: /local/S/jenkins/workspace/ECP/ecg-maya-usd/ecg-mayausd-branch-preflight-2020-osx/ecg-maya-usd/maya-usd/lib/mayaUsd/fileio/utils/shadingUtil.h
[2023-04-03T13:57:48.438Z]     -- promoting: /local/S/jenkins/workspace/ECP/ecg-maya-usd/ecg-mayausd-branch-preflight-2020-osx/ecg-maya-usd/maya-usd/lib/mayaUsd/fileio/utils/userTaggedAttribute.h
[2023-04-03T13:57:48.438Z]     -- promoting: /local/S/jenkins/workspace/ECP/ecg-maya-usd/ecg-mayausd-branch-preflight-2020-osx/ecg-maya-usd/maya-usd/lib/mayaUsd/fileio/utils/writeUtil.h
[2023-04-03T13:57:48.438Z]     -- promoting: /local/S/jenkins/workspace/ECP/ecg-maya-usd/ecg-mayausd-branch-preflight-2020-osx/ecg-maya-usd/maya-usd/lib/mayaUsd/fileio/utils/xformStack.h
[2023-04-03T13:57:48.438Z]     -- promoting: /local/S/jenkins/workspace/ECP/ecg-maya-usd/ecg-mayausd-branch-preflight-2020-osx/ecg-maya-usd/maya-usd/lib/mayaUsd/listeners/notice.h
[2023-04-03T13:57:48.438Z]     -- promoting: /local/S/jenkins/workspace/ECP/ecg-maya-usd/ecg-mayausd-branch-preflight-2020-osx/ecg-maya-usd/maya-usd/lib/mayaUsd/listeners/proxyShapeNotice.h
[2023-04-03T13:57:48.438Z]     -- promoting: /local/S/jenkins/workspace/ECP/ecg-maya-usd/ecg-mayausd-branch-preflight-2020-osx/ecg-maya-usd/maya-usd/lib/mayaUsd/listeners/stageNoticeListener.h
[2023-04-03T13:57:48.544Z]     -- promoting: /local/S/jenkins/workspace/ECP/ecg-maya-usd/ecg-mayausd-branch-preflight-2020-osx/ecg-maya-usd/maya-usd/lib/mayaUsd/nodes/hdImagingShape.h
[2023-04-03T13:57:48.544Z]     -- promoting: /local/S/jenkins/workspace/ECP/ecg-maya-usd/ecg-mayausd-branch-preflight-2020-osx/ecg-maya-usd/maya-usd/lib/mayaUsd/nodes/pointBasedDeformerNode.h
[2023-04-03T13:57:48.544Z]     -- promoting: /local/S/jenkins/workspace/ECP/ecg-maya-usd/ecg-mayausd-branch-preflight-2020-osx/ecg-maya-usd/maya-usd/lib/mayaUsd/nodes/proxyAccessor.h
[2023-04-03T13:57:48.544Z]     -- promoting: /local/S/jenkins/workspace/ECP/ecg-maya-usd/ecg-mayausd-branch-preflight-2020-osx/ecg-maya-usd/maya-usd/lib/mayaUsd/nodes/proxyShapeBase.h
[2023-04-03T13:57:48.544Z]     -- promoting: /local/S/jenkins/workspace/ECP/ecg-maya-usd/ecg-mayausd-branch-preflight-2020-osx/ecg-maya-usd/maya-usd/lib/mayaUsd/nodes/proxyShapePlugin.h
[2023-04-03T13:57:48.544Z]     -- promoting: /local/S/jenkins/workspace/ECP/ecg-maya-usd/ecg-mayausd-branch-preflight-2020-osx/ecg-maya-usd/maya-usd/lib/mayaUsd/nodes/proxyStageProvider.h
[2023-04-03T13:57:48.544Z]     -- promoting: /local/S/jenkins/workspace/ECP/ecg-maya-usd/ecg-mayausd-branch-preflight-2020-osx/ecg-maya-usd/maya-usd/lib/mayaUsd/nodes/proxyShapeStageExtraData.h
[2023-04-03T13:57:48.544Z]     -- promoting: /local/S/jenkins/workspace/ECP/ecg-maya-usd/ecg-mayausd-branch-preflight-2020-osx/ecg-maya-usd/maya-usd/lib/mayaUsd/nodes/proxyShapeUpdateManager.h
[2023-04-03T13:57:48.544Z]     -- promoting: /local/S/jenkins/workspace/ECP/ecg-maya-usd/ecg-mayausd-branch-preflight-2020-osx/ecg-maya-usd/maya-usd/lib/mayaUsd/nodes/stageData.h
[2023-04-03T13:57:48.544Z]     -- promoting: /local/S/jenkins/workspace/ECP/ecg-maya-usd/ecg-mayausd-branch-preflight-2020-osx/ecg-maya-usd/maya-usd/lib/mayaUsd/nodes/stageNode.h
[2023-04-03T13:57:48.544Z]     -- promoting: /local/S/jenkins/workspace/ECP/ecg-maya-usd/ecg-mayausd-branch-preflight-2020-osx/ecg-maya-usd/maya-usd/lib/mayaUsd/nodes/usdPrimProvider.h
[2023-04-03T13:57:48.544Z]     -- promoting: /local/S/jenkins/workspace/ECP/ecg-maya-usd/ecg-mayausd-branch-preflight-2020-osx/ecg-maya-usd/maya-usd/lib/mayaUsd/nodes/layerManager.h
[2023-04-03T13:57:48.544Z]     -- promoting: /local/S/jenkins/workspace/ECP/ecg-maya-usd/ecg-mayausd-branch-preflight-2020-osx/ecg-maya-usd/maya-usd/lib/mayaUsd/render/px_vp20/glslProgram.h
[2023-04-03T13:57:48.544Z]     -- promoting: /local/S/jenkins/workspace/ECP/ecg-maya-usd/ecg-mayausd-branch-preflight-2020-osx/ecg-maya-usd/maya-usd/lib/mayaUsd/render/px_vp20/utils.h
[2023-04-03T13:57:48.544Z]     -- promoting: /local/S/jenkins/workspace/ECP/ecg-maya-usd/ecg-mayausd-branch-preflight-2020-osx/ecg-maya-usd/maya-usd/lib/mayaUsd/render/px_vp20/utils_legacy.h
[2023-04-03T13:57:48.544Z]     -- promoting: /local/S/jenkins/workspace/ECP/ecg-maya-usd/ecg-mayausd-branch-preflight-2020-osx/ecg-maya-usd/maya-usd/lib/mayaUsd/render/pxrUsdMayaGL/batchRenderer.h
[2023-04-03T13:57:48.544Z]     -- promoting: /local/S/jenkins/workspace/ECP/ecg-maya-usd/ecg-mayausd-branch-preflight-2020-osx/ecg-maya-usd/maya-usd/lib/mayaUsd/render/pxrUsdMayaGL/debugCodes.h
[2023-04-03T13:57:48.544Z]     -- promoting: /local/S/jenkins/workspace/ECP/ecg-maya-usd/ecg-mayausd-branch-preflight-2020-osx/ecg-maya-usd/maya-usd/lib/mayaUsd/render/pxrUsdMayaGL/hdImagingShapeDrawOverride.h
[2023-04-03T13:57:48.544Z]     -- promoting: /local/S/jenkins/workspace/ECP/ecg-maya-usd/ecg-mayausd-branch-preflight-2020-osx/ecg-maya-usd/maya-usd/lib/mayaUsd/render/pxrUsdMayaGL/hdImagingShapeUI.h
[2023-04-03T13:57:48.544Z]     -- promoting: /local/S/jenkins/workspace/ECP/ecg-maya-usd/ecg-mayausd-branch-preflight-2020-osx/ecg-maya-usd/maya-usd/lib/mayaUsd/render/pxrUsdMayaGL/instancerImager.h
[2023-04-03T13:57:48.544Z]     -- promoting: /local/S/jenkins/workspace/ECP/ecg-maya-usd/ecg-mayausd-branch-preflight-2020-osx/ecg-maya-usd/maya-usd/lib/mayaUsd/render/pxrUsdMayaGL/instancerShapeAdapter.h
[2023-04-03T13:57:48.544Z]     -- promoting: /local/S/jenkins/workspace/ECP/ecg-maya-usd/ecg-mayausd-branch-preflight-2020-osx/ecg-maya-usd/maya-usd/lib/mayaUsd/render/pxrUsdMayaGL/proxyDrawOverride.h
[2023-04-03T13:57:48.544Z]     -- promoting: /local/S/jenkins/workspace/ECP/ecg-maya-usd/ecg-mayausd-branch-preflight-2020-osx/ecg-maya-usd/maya-usd/lib/mayaUsd/render/pxrUsdMayaGL/proxyShapeUI.h
[2023-04-03T13:57:48.544Z]     -- promoting: /local/S/jenkins/workspace/ECP/ecg-maya-usd/ecg-mayausd-branch-preflight-2020-osx/ecg-maya-usd/maya-usd/lib/mayaUsd/render/pxrUsdMayaGL/renderParams.h
[2023-04-03T13:57:48.544Z]     -- promoting: /local/S/jenkins/workspace/ECP/ecg-maya-usd/ecg-mayausd-branch-preflight-2020-osx/ecg-maya-usd/maya-usd/lib/mayaUsd/render/pxrUsdMayaGL/sceneDelegate.h
[2023-04-03T13:57:48.544Z]     -- promoting: /local/S/jenkins/workspace/ECP/ecg-maya-usd/ecg-mayausd-branch-preflight-2020-osx/ecg-maya-usd/maya-usd/lib/mayaUsd/render/pxrUsdMayaGL/shapeAdapter.h
[2023-04-03T13:57:48.544Z]     -- promoting: /local/S/jenkins/workspace/ECP/ecg-maya-usd/ecg-mayausd-branch-preflight-2020-osx/ecg-maya-usd/maya-usd/lib/mayaUsd/render/pxrUsdMayaGL/softSelectHelper.h
[2023-04-03T13:57:48.544Z]     -- promoting: /local/S/jenkins/workspace/ECP/ecg-maya-usd/ecg-mayausd-branch-preflight-2020-osx/ecg-maya-usd/maya-usd/lib/mayaUsd/render/pxrUsdMayaGL/usdProxyShapeAdapter.h
[2023-04-03T13:57:48.544Z]     -- promoting: /local/S/jenkins/workspace/ECP/ecg-maya-usd/ecg-mayausd-branch-preflight-2020-osx/ecg-maya-usd/maya-usd/lib/mayaUsd/render/pxrUsdMayaGL/userData.h
[2023-04-03T13:57:48.544Z]     -- promoting: /local/S/jenkins/workspace/ECP/ecg-maya-usd/ecg-mayausd-branch-preflight-2020-osx/ecg-maya-usd/maya-usd/lib/mayaUsd/render/vp2RenderDelegate/proxyRenderDelegate.h
[2023-04-03T13:57:48.650Z]     -- promoting: /local/S/jenkins/workspace/ECP/ecg-maya-usd/ecg-mayausd-branch-preflight-2020-osx/ecg-maya-usd/maya-usd/lib/mayaUsd/render/vp2ShaderFragments/shaderFragments.h
[2023-04-03T13:57:48.650Z]     -- promoting: /local/S/jenkins/workspace/ECP/ecg-maya-usd/ecg-mayausd-branch-preflight-2020-osx/ecg-maya-usd/maya-usd/lib/mayaUsd/ufe/Global.h
[2023-04-03T13:57:48.650Z]     -- promoting: /local/S/jenkins/workspace/ECP/ecg-maya-usd/ecg-mayausd-branch-preflight-2020-osx/ecg-maya-usd/maya-usd/lib/mayaUsd/ufe/ProxyShapeHandler.h
[2023-04-03T13:57:48.650Z]     -- promoting: /local/S/jenkins/workspace/ECP/ecg-maya-usd/ecg-mayausd-branch-preflight-2020-osx/ecg-maya-usd/maya-usd/lib/mayaUsd/ufe/ProxyShapeHierarchy.h
[2023-04-03T13:57:48.650Z]     -- promoting: /local/S/jenkins/workspace/ECP/ecg-maya-usd/ecg-mayausd-branch-preflight-2020-osx/ecg-maya-usd/maya-usd/lib/mayaUsd/ufe/ProxyShapeHierarchyHandler.h
[2023-04-03T13:57:48.650Z]     -- promoting: /local/S/jenkins/workspace/ECP/ecg-maya-usd/ecg-mayausd-branch-preflight-2020-osx/ecg-maya-usd/maya-usd/lib/mayaUsd/ufe/SetVariantSelectionCommand.h
[2023-04-03T13:57:48.650Z]     -- promoting: /local/S/jenkins/workspace/ECP/ecg-maya-usd/ecg-mayausd-branch-preflight-2020-osx/ecg-maya-usd/maya-usd/lib/mayaUsd/ufe/StagesSubject.h
[2023-04-03T13:57:48.650Z]     -- promoting: /local/S/jenkins/workspace/ECP/ecg-maya-usd/ecg-mayausd-branch-preflight-2020-osx/ecg-maya-usd/maya-usd/lib/mayaUsd/ufe/UsdHierarchy.h
[2023-04-03T13:57:48.650Z]     -- promoting: /local/S/jenkins/workspace/ECP/ecg-maya-usd/ecg-mayausd-branch-preflight-2020-osx/ecg-maya-usd/maya-usd/lib/mayaUsd/ufe/UsdHierarchyHandler.h
[2023-04-03T13:57:48.650Z]     -- promoting: /local/S/jenkins/workspace/ECP/ecg-maya-usd/ecg-mayausd-branch-preflight-2020-osx/ecg-maya-usd/maya-usd/lib/mayaUsd/ufe/UsdPointInstanceModifierBase.h
[2023-04-03T13:57:48.650Z]     -- promoting: /local/S/jenkins/workspace/ECP/ecg-maya-usd/ecg-mayausd-branch-preflight-2020-osx/ecg-maya-usd/maya-usd/lib/mayaUsd/ufe/UsdPointInstanceOrientationModifier.h
[2023-04-03T13:57:48.650Z]     -- promoting: /local/S/jenkins/workspace/ECP/ecg-maya-usd/ecg-mayausd-branch-preflight-2020-osx/ecg-maya-usd/maya-usd/lib/mayaUsd/ufe/UsdPointInstancePositionModifier.h
[2023-04-03T13:57:48.650Z]     -- promoting: /local/S/jenkins/workspace/ECP/ecg-maya-usd/ecg-mayausd-branch-preflight-2020-osx/ecg-maya-usd/maya-usd/lib/mayaUsd/ufe/UsdPointInstanceScaleModifier.h
[2023-04-03T13:57:48.650Z]     -- promoting: /local/S/jenkins/workspace/ECP/ecg-maya-usd/ecg-mayausd-branch-preflight-2020-osx/ecg-maya-usd/maya-usd/lib/mayaUsd/ufe/UsdRootChildHierarchy.h
[2023-04-03T13:57:48.650Z]     -- promoting: /local/S/jenkins/workspace/ECP/ecg-maya-usd/ecg-mayausd-branch-preflight-2020-osx/ecg-maya-usd/maya-usd/lib/mayaUsd/ufe/UsdRotatePivotTranslateUndoableCommand.h
[2023-04-03T13:57:48.650Z]     -- promoting: /local/S/jenkins/workspace/ECP/ecg-maya-usd/ecg-mayausd-branch-preflight-2020-osx/ecg-maya-usd/maya-usd/lib/mayaUsd/ufe/UsdRotateUndoableCommand.h
[2023-04-03T13:57:48.650Z]     -- promoting: /local/S/jenkins/workspace/ECP/ecg-maya-usd/ecg-mayausd-branch-preflight-2020-osx/ecg-maya-usd/maya-usd/lib/mayaUsd/ufe/UsdScaleUndoableCommand.h
[2023-04-03T13:57:48.650Z]     -- promoting: /local/S/jenkins/workspace/ECP/ecg-maya-usd/ecg-mayausd-branch-preflight-2020-osx/ecg-maya-usd/maya-usd/lib/mayaUsd/ufe/UsdSceneItem.h
[2023-04-03T13:57:48.650Z]     -- promoting: /local/S/jenkins/workspace/ECP/ecg-maya-usd/ecg-mayausd-branch-preflight-2020-osx/ecg-maya-usd/maya-usd/lib/mayaUsd/ufe/UsdSceneItemOps.h
[2023-04-03T13:57:48.650Z]     -- promoting: /local/S/jenkins/workspace/ECP/ecg-maya-usd/ecg-mayausd-branch-preflight-2020-osx/ecg-maya-usd/maya-usd/lib/mayaUsd/ufe/UsdSceneItemOpsHandler.h
[2023-04-03T13:57:48.650Z]     -- promoting: /local/S/jenkins/workspace/ECP/ecg-maya-usd/ecg-mayausd-branch-preflight-2020-osx/ecg-maya-usd/maya-usd/lib/mayaUsd/ufe/UsdStageMap.h
[2023-04-03T13:57:48.650Z]     -- promoting: /local/S/jenkins/workspace/ECP/ecg-maya-usd/ecg-mayausd-branch-preflight-2020-osx/ecg-maya-usd/maya-usd/lib/mayaUsd/ufe/UsdTRSUndoableCommandBase.h
[2023-04-03T13:57:48.650Z]     -- promoting: /local/S/jenkins/workspace/ECP/ecg-maya-usd/ecg-mayausd-branch-preflight-2020-osx/ecg-maya-usd/maya-usd/lib/mayaUsd/ufe/UsdTransform3d.h
[2023-04-03T13:57:48.650Z]     -- promoting: /local/S/jenkins/workspace/ECP/ecg-maya-usd/ecg-mayausd-branch-preflight-2020-osx/ecg-maya-usd/maya-usd/lib/mayaUsd/ufe/UsdTransform3dReadImpl.h
[2023-04-03T13:57:48.650Z]     -- promoting: /local/S/jenkins/workspace/ECP/ecg-maya-usd/ecg-mayausd-branch-preflight-2020-osx/ecg-maya-usd/maya-usd/lib/mayaUsd/ufe/UsdTransform3dHandler.h
[2023-04-03T13:57:48.650Z]     -- promoting: /local/S/jenkins/workspace/ECP/ecg-maya-usd/ecg-mayausd-branch-preflight-2020-osx/ecg-maya-usd/maya-usd/lib/mayaUsd/ufe/UsdTranslateUndoableCommand.h
[2023-04-03T13:57:48.650Z]     -- promoting: /local/S/jenkins/workspace/ECP/ecg-maya-usd/ecg-mayausd-branch-preflight-2020-osx/ecg-maya-usd/maya-usd/lib/mayaUsd/ufe/UsdUndoDeleteCommand.h
[2023-04-03T13:57:48.650Z]     -- promoting: /local/S/jenkins/workspace/ECP/ecg-maya-usd/ecg-mayausd-branch-preflight-2020-osx/ecg-maya-usd/maya-usd/lib/mayaUsd/ufe/UsdUndoDuplicateCommand.h
[2023-04-03T13:57:48.650Z]     -- promoting: /local/S/jenkins/workspace/ECP/ecg-maya-usd/ecg-mayausd-branch-preflight-2020-osx/ecg-maya-usd/maya-usd/lib/mayaUsd/ufe/UsdUndoRenameCommand.h
[2023-04-03T13:57:48.650Z]     -- promoting: /local/S/jenkins/workspace/ECP/ecg-maya-usd/ecg-mayausd-branch-preflight-2020-osx/ecg-maya-usd/maya-usd/lib/mayaUsd/ufe/Utils.h
[2023-04-03T13:57:48.650Z]     -- promoting: /local/S/jenkins/workspace/ECP/ecg-maya-usd/ecg-mayausd-branch-preflight-2020-osx/ecg-maya-usd/maya-usd/lib/mayaUsd/ufe/UfeVersionCompat.h
[2023-04-03T13:57:48.650Z]     -- promoting: /local/S/jenkins/workspace/ECP/ecg-maya-usd/ecg-mayausd-branch-preflight-2020-osx/ecg-maya-usd/maya-usd/lib/mayaUsd/undo/OpUndoItemList.h
[2023-04-03T13:57:48.650Z]     -- promoting: /local/S/jenkins/workspace/ECP/ecg-maya-usd/ecg-mayausd-branch-preflight-2020-osx/ecg-maya-usd/maya-usd/lib/mayaUsd/undo/OpUndoItemMuting.h
[2023-04-03T13:57:48.651Z]     -- promoting: /local/S/jenkins/workspace/ECP/ecg-maya-usd/ecg-mayausd-branch-preflight-2020-osx/ecg-maya-usd/maya-usd/lib/mayaUsd/undo/OpUndoItemRecorder.h
[2023-04-03T13:57:48.651Z]     -- promoting: /local/S/jenkins/workspace/ECP/ecg-maya-usd/ecg-mayausd-branch-preflight-2020-osx/ecg-maya-usd/maya-usd/lib/mayaUsd/undo/OpUndoItems.h
[2023-04-03T13:57:48.651Z]     -- promoting: /local/S/jenkins/workspace/ECP/ecg-maya-usd/ecg-mayausd-branch-preflight-2020-osx/ecg-maya-usd/maya-usd/lib/mayaUsd/undo/UsdUndoBlock.h
[2023-04-03T13:57:48.651Z]     -- promoting: /local/S/jenkins/workspace/ECP/ecg-maya-usd/ecg-mayausd-branch-preflight-2020-osx/ecg-maya-usd/maya-usd/lib/mayaUsd/undo/UsdUndoManager.h
[2023-04-03T13:57:48.651Z]     -- promoting: /local/S/jenkins/workspace/ECP/ecg-maya-usd/ecg-mayausd-branch-preflight-2020-osx/ecg-maya-usd/maya-usd/lib/mayaUsd/undo/UsdUndoStateDelegate.h
[2023-04-03T13:57:48.651Z]     -- promoting: /local/S/jenkins/workspace/ECP/ecg-maya-usd/ecg-mayausd-branch-preflight-2020-osx/ecg-maya-usd/maya-usd/lib/mayaUsd/undo/UsdUndoableItem.h
[2023-04-03T13:57:48.651Z]     -- promoting: /local/S/jenkins/workspace/ECP/ecg-maya-usd/ecg-mayausd-branch-preflight-2020-osx/ecg-maya-usd/maya-usd/lib/mayaUsd/utils/blockSceneModificationContext.h
[2023-04-03T13:57:48.651Z]     -- promoting: /local/S/jenkins/workspace/ECP/ecg-maya-usd/ecg-mayausd-branch-preflight-2020-osx/ecg-maya-usd/maya-usd/lib/mayaUsd/utils/colorSpace.h
[2023-04-03T13:57:48.651Z]     -- promoting: /local/S/jenkins/workspace/ECP/ecg-maya-usd/ecg-mayausd-branch-preflight-2020-osx/ecg-maya-usd/maya-usd/lib/mayaUsd/utils/customLayerData.h
[2023-04-03T13:57:48.651Z]     -- promoting: /local/S/jenkins/workspace/ECP/ecg-maya-usd/ecg-mayausd-branch-preflight-2020-osx/ecg-maya-usd/maya-usd/lib/mayaUsd/utils/converter.h
[2023-04-03T13:57:48.651Z]     -- promoting: /local/S/jenkins/workspace/ECP/ecg-maya-usd/ecg-mayausd-branch-preflight-2020-osx/ecg-maya-usd/maya-usd/lib/mayaUsd/utils/diagnosticDelegate.h
[2023-04-03T13:57:48.651Z]     -- promoting: /local/S/jenkins/workspace/ECP/ecg-maya-usd/ecg-mayausd-branch-preflight-2020-osx/ecg-maya-usd/maya-usd/lib/mayaUsd/utils/dynamicAttribute.h
[2023-04-03T13:57:48.651Z]     -- promoting: /local/S/jenkins/workspace/ECP/ecg-maya-usd/ecg-mayausd-branch-preflight-2020-osx/ecg-maya-usd/maya-usd/lib/mayaUsd/utils/editability.h
[2023-04-03T13:57:48.651Z]     -- promoting: /local/S/jenkins/workspace/ECP/ecg-maya-usd/ecg-mayausd-branch-preflight-2020-osx/ecg-maya-usd/maya-usd/lib/mayaUsd/utils/editRouter.h
[2023-04-03T13:57:48.651Z]     -- promoting: /local/S/jenkins/workspace/ECP/ecg-maya-usd/ecg-mayausd-branch-preflight-2020-osx/ecg-maya-usd/maya-usd/lib/mayaUsd/utils/hash.h
[2023-04-03T13:57:48.651Z]     -- promoting: /local/S/jenkins/workspace/ECP/ecg-maya-usd/ecg-mayausd-branch-preflight-2020-osx/ecg-maya-usd/maya-usd/lib/mayaUsd/utils/layerMuting.h
[2023-04-03T13:57:48.651Z]     -- promoting: /local/S/jenkins/workspace/ECP/ecg-maya-usd/ecg-mayausd-branch-preflight-2020-osx/ecg-maya-usd/maya-usd/lib/mayaUsd/utils/layers.h
[2023-04-03T13:57:48.651Z]     -- promoting: /local/S/jenkins/workspace/ECP/ecg-maya-usd/ecg-mayausd-branch-preflight-2020-osx/ecg-maya-usd/maya-usd/lib/mayaUsd/utils/loadRules.h
[2023-04-03T13:57:48.651Z]     -- promoting: /local/S/jenkins/workspace/ECP/ecg-maya-usd/ecg-mayausd-branch-preflight-2020-osx/ecg-maya-usd/maya-usd/lib/mayaUsd/utils/query.h
[2023-04-03T13:57:48.651Z]     -- promoting: /local/S/jenkins/workspace/ECP/ecg-maya-usd/ecg-mayausd-branch-preflight-2020-osx/ecg-maya-usd/maya-usd/lib/mayaUsd/utils/plugRegistryHelper.h
[2023-04-03T13:57:48.651Z]     -- promoting: /local/S/jenkins/workspace/ECP/ecg-maya-usd/ecg-mayausd-branch-preflight-2020-osx/ecg-maya-usd/maya-usd/lib/mayaUsd/utils/progressBarScope.h
[2023-04-03T13:57:48.651Z]     -- promoting: /local/S/jenkins/workspace/ECP/ecg-maya-usd/ecg-mayausd-branch-preflight-2020-osx/ecg-maya-usd/maya-usd/lib/mayaUsd/utils/selectability.h
[2023-04-03T13:57:48.651Z]     -- promoting: /local/S/jenkins/workspace/ECP/ecg-maya-usd/ecg-mayausd-branch-preflight-2020-osx/ecg-maya-usd/maya-usd/lib/mayaUsd/utils/stageCache.h
[2023-04-03T13:57:48.651Z]     -- promoting: /local/S/jenkins/workspace/ECP/ecg-maya-usd/ecg-mayausd-branch-preflight-2020-osx/ecg-maya-usd/maya-usd/lib/mayaUsd/utils/targetLayer.h
[2023-04-03T13:57:48.651Z]     -- promoting: /local/S/jenkins/workspace/ECP/ecg-maya-usd/ecg-mayausd-branch-preflight-2020-osx/ecg-maya-usd/maya-usd/lib/mayaUsd/utils/traverseLayer.h
[2023-04-03T13:57:48.651Z]     -- promoting: /local/S/jenkins/workspace/ECP/ecg-maya-usd/ecg-mayausd-branch-preflight-2020-osx/ecg-maya-usd/maya-usd/lib/mayaUsd/utils/undoHelperCommand.h
[2023-04-03T13:57:48.651Z]     -- promoting: /local/S/jenkins/workspace/ECP/ecg-maya-usd/ecg-mayausd-branch-preflight-2020-osx/ecg-maya-usd/maya-usd/lib/mayaUsd/utils/util.h
[2023-04-03T13:57:48.651Z]     -- promoting: /local/S/jenkins/workspace/ECP/ecg-maya-usd/ecg-mayausd-branch-preflight-2020-osx/ecg-maya-usd/maya-usd/lib/mayaUsd/utils/utilDictionary.h
[2023-04-03T13:57:48.651Z]     -- promoting: /local/S/jenkins/workspace/ECP/ecg-maya-usd/ecg-mayausd-branch-preflight-2020-osx/ecg-maya-usd/maya-usd/lib/mayaUsd/utils/utilFileSystem.h
[2023-04-03T13:57:48.651Z]     -- promoting: /local/S/jenkins/workspace/ECP/ecg-maya-usd/ecg-mayausd-branch-preflight-2020-osx/ecg-maya-usd/maya-usd/lib/mayaUsd/utils/utilSerialization.h
[2023-04-03T13:57:48.652Z]     -- promoting: /local/S/jenkins/workspace/ECP/ecg-maya-usd/ecg-mayausd-branch-preflight-2020-osx/ecg-maya-usd/maya-usd/lib/mayaUsd/utils/variants.h
[2023-04-03T13:57:48.652Z]     -- promoting: /local/S/jenkins/workspace/ECP/ecg-maya-usd/ecg-mayausd-branch-preflight-2020-osx/ecg-maya-usd/maya-usd/lib/usd/pxrUsdPreviewSurface/usdPreviewSurface.h
[2023-04-03T13:57:48.652Z]     -- promoting: /local/S/jenkins/workspace/ECP/ecg-maya-usd/ecg-mayausd-branch-preflight-2020-osx/ecg-maya-usd/maya-usd/lib/usd/pxrUsdPreviewSurface/usdPreviewSurfacePlugin.h
[2023-04-03T13:57:48.754Z]     -- promoting: /local/S/jenkins/workspace/ECP/ecg-maya-usd/ecg-mayausd-branch-preflight-2020-osx/ecg-maya-usd/maya-usd/lib/usd/schemas/api.h
[2023-04-03T13:57:48.755Z]     -- promoting: /local/S/jenkins/workspace/ECP/ecg-maya-usd/ecg-mayausd-branch-preflight-2020-osx/ecg-maya-usd/maya-usd/lib/usd/schemas/ALMayaReference.h
[2023-04-03T13:57:48.755Z]     -- promoting: /local/S/jenkins/workspace/ECP/ecg-maya-usd/ecg-mayausd-branch-preflight-2020-osx/ecg-maya-usd/maya-usd/lib/usd/schemas/MayaReference.h
[2023-04-03T13:57:48.755Z]     -- promoting: /local/S/jenkins/workspace/ECP/ecg-maya-usd/ecg-mayausd-branch-preflight-2020-osx/ecg-maya-usd/maya-usd/lib/usd/schemas/tokens.h
[2023-04-03T13:57:52.043Z]     #################################################################################################
[2023-04-03T13:57:52.043Z]     #  USD_DISABLE_PRIM_DEFINITIONS_FOR_USDGENSCHEMA is overridden to 'true'.  Default is 'false'.  #
[2023-04-03T13:57:52.043Z]     #################################################################################################
[2023-04-03T13:57:53.401Z]     Processing schema classes:
[2023-04-03T13:57:53.401Z]     MayaReference, ALMayaReference
[2023-04-03T13:57:53.401Z]     Loading Templates from /local/S/jenkins/workspace/shared/Artifactory/OSX/USD/b41f6d4/lib/usd/usd/resources/codegenTemplates
[2023-04-03T13:57:53.401Z]     Writing API:
[2023-04-03T13:57:53.401Z]     	    wrote /local/S/jenkins/workspace/ECP/ecg-maya-usd/ecg-mayausd-branch-preflight-2020-osx/build/RelWithDebInfo/lib/usd/schemas/api.h
[2023-04-03T13:57:53.401Z]     Writing Schema Tokens:
[2023-04-03T13:57:53.401Z]     	    wrote /local/S/jenkins/workspace/ECP/ecg-maya-usd/ecg-mayausd-branch-preflight-2020-osx/build/RelWithDebInfo/lib/usd/schemas/tokens.h
[2023-04-03T13:57:53.401Z]     	    wrote /local/S/jenkins/workspace/ECP/ecg-maya-usd/ecg-mayausd-branch-preflight-2020-osx/build/RelWithDebInfo/lib/usd/schemas/tokens.cpp
[2023-04-03T13:57:53.401Z]     	    wrote /local/S/jenkins/workspace/ECP/ecg-maya-usd/ecg-mayausd-branch-preflight-2020-osx/build/RelWithDebInfo/lib/usd/schemas/wrapTokens.cpp
[2023-04-03T13:57:53.401Z]     Generating Classes:
[2023-04-03T13:57:53.401Z]     	    wrote /local/S/jenkins/workspace/ECP/ecg-maya-usd/ecg-mayausd-branch-preflight-2020-osx/build/RelWithDebInfo/lib/usd/schemas/MayaReference.h
[2023-04-03T13:57:53.401Z]     	    wrote /local/S/jenkins/workspace/ECP/ecg-maya-usd/ecg-mayausd-branch-preflight-2020-osx/build/RelWithDebInfo/lib/usd/schemas/MayaReference.cpp
[2023-04-03T13:57:53.401Z]     	    wrote /local/S/jenkins/workspace/ECP/ecg-maya-usd/ecg-mayausd-branch-preflight-2020-osx/build/RelWithDebInfo/lib/usd/schemas/wrapMayaReference.cpp
[2023-04-03T13:57:53.401Z]     	    wrote /local/S/jenkins/workspace/ECP/ecg-maya-usd/ecg-mayausd-branch-preflight-2020-osx/build/RelWithDebInfo/lib/usd/schemas/ALMayaReference.h
[2023-04-03T13:57:53.401Z]     	    wrote /local/S/jenkins/workspace/ECP/ecg-maya-usd/ecg-mayausd-branch-preflight-2020-osx/build/RelWithDebInfo/lib/usd/schemas/ALMayaReference.cpp
[2023-04-03T13:57:53.401Z]     	    wrote /local/S/jenkins/workspace/ECP/ecg-maya-usd/ecg-mayausd-branch-preflight-2020-osx/build/RelWithDebInfo/lib/usd/schemas/wrapALMayaReference.cpp
[2023-04-03T13:57:53.401Z]     Loading Templates from /local/S/jenkins/workspace/shared/Artifactory/OSX/USD/b41f6d4/lib/usd/usd/resources/codegenTemplates
[2023-04-03T13:57:53.401Z]     	    wrote /local/S/jenkins/workspace/ECP/ecg-maya-usd/ecg-mayausd-branch-preflight-2020-osx/build/RelWithDebInfo/lib/usd/schemas/plugInfo.json
[2023-04-03T13:57:53.401Z]     Generating Schematics:
[2023-04-03T13:57:53.401Z]     	    wrote /local/S/jenkins/workspace/ECP/ecg-maya-usd/ecg-mayausd-branch-preflight-2020-osx/build/RelWithDebInfo/lib/usd/schemas/generatedSchema.usda
[2023-04-03T13:57:53.401Z]     -- promoting: /local/S/jenkins/workspace/ECP/ecg-maya-usd/ecg-mayausd-branch-preflight-2020-osx/ecg-maya-usd/maya-usd/lib/usd/utils/ALHalf.h
[2023-04-03T13:57:53.401Z]     -- promoting: /local/S/jenkins/workspace/ECP/ecg-maya-usd/ecg-mayausd-branch-preflight-2020-osx/ecg-maya-usd/maya-usd/lib/usd/utils/Api.h
[2023-04-03T13:57:53.401Z]     -- promoting: /local/S/jenkins/workspace/ECP/ecg-maya-usd/ecg-mayausd-branch-preflight-2020-osx/ecg-maya-usd/maya-usd/lib/usd/utils/DebugCodes.h
[2023-04-03T13:57:53.401Z]     -- promoting: /local/S/jenkins/workspace/ECP/ecg-maya-usd/ecg-mayausd-branch-preflight-2020-osx/ecg-maya-usd/maya-usd/lib/usd/utils/DiffCore.h
[2023-04-03T13:57:53.401Z]     -- promoting: /local/S/jenkins/workspace/ECP/ecg-maya-usd/ecg-mayausd-branch-preflight-2020-osx/ecg-maya-usd/maya-usd/lib/usd/utils/DiffPrims.h
[2023-04-03T13:57:53.401Z]     -- promoting: /local/S/jenkins/workspace/ECP/ecg-maya-usd/ecg-mayausd-branch-preflight-2020-osx/ecg-maya-usd/maya-usd/lib/usd/utils/MergePrims.h
[2023-04-03T13:57:53.401Z]     -- promoting: /local/S/jenkins/workspace/ECP/ecg-maya-usd/ecg-mayausd-branch-preflight-2020-osx/ecg-maya-usd/maya-usd/lib/usd/utils/MergePrimsOptions.h
[2023-04-03T13:57:53.401Z]     -- promoting: /local/S/jenkins/workspace/ECP/ecg-maya-usd/ecg-mayausd-branch-preflight-2020-osx/ecg-maya-usd/maya-usd/lib/usd/utils/ForwardDeclares.h
[2023-04-03T13:57:53.402Z]     -- promoting: /local/S/jenkins/workspace/ECP/ecg-maya-usd/ecg-mayausd-branch-preflight-2020-osx/ecg-maya-usd/maya-usd/lib/usd/utils/SIMD.h
[2023-04-03T13:57:53.402Z]     -- promoting: /local/S/jenkins/workspace/ECP/ecg-maya-usd/ecg-mayausd-branch-preflight-2020-osx/ecg-maya-usd/maya-usd/lib/usd/utils/util.h
[2023-04-03T13:57:53.402Z]     -- promoting: /local/S/jenkins/workspace/ECP/ecg-maya-usd/ecg-mayausd-branch-preflight-2020-osx/ecg-maya-usd/maya-usd/lib/usd/ui/layerEditor/batchSaveLayersUIDelegate.h
[2023-04-03T13:57:53.402Z]     -- promoting: /local/S/jenkins/workspace/ECP/ecg-maya-usd/ecg-mayausd-branch-preflight-2020-osx/ecg-maya-usd/maya-usd/lib/usd/ui/importDialog/IMayaMQtUtil.h
[2023-04-03T13:57:53.402Z]     -- promoting: /local/S/jenkins/workspace/ECP/ecg-maya-usd/ecg-mayausd-branch-preflight-2020-osx/ecg-maya-usd/maya-usd/lib/usd/ui/importDialog/ItemDelegate.h
[2023-04-03T13:57:53.402Z]     -- promoting: /local/S/jenkins/workspace/ECP/ecg-maya-usd/ecg-mayausd-branch-preflight-2020-osx/ecg-maya-usd/maya-usd/lib/usd/ui/importDialog/IUSDImportView.h
[2023-04-03T13:57:53.402Z]     -- promoting: /local/S/jenkins/workspace/ECP/ecg-maya-usd/ecg-mayausd-branch-preflight-2020-osx/ecg-maya-usd/maya-usd/lib/usd/ui/importDialog/TreeItem.h
[2023-04-03T13:57:53.402Z]     -- promoting: /local/S/jenkins/workspace/ECP/ecg-maya-usd/ecg-mayausd-branch-preflight-2020-osx/ecg-maya-usd/maya-usd/lib/usd/ui/importDialog/TreeModel.h
[2023-04-03T13:57:53.402Z]     -- promoting: /local/S/jenkins/workspace/ECP/ecg-maya-usd/ecg-mayausd-branch-preflight-2020-osx/ecg-maya-usd/maya-usd/lib/usd/ui/importDialog/TreeModelFactory.h
[2023-04-03T13:57:53.402Z]     -- promoting: /local/S/jenkins/workspace/ECP/ecg-maya-usd/ecg-mayausd-branch-preflight-2020-osx/ecg-maya-usd/maya-usd/lib/usd/ui/importDialog/USDImportDialog.h
[2023-04-03T13:57:53.402Z]     -- promoting: /local/S/jenkins/workspace/ECP/ecg-maya-usd/ecg-mayausd-branch-preflight-2020-osx/ecg-maya-usd/maya-usd/lib/usd/ui/importDialog/USDImportDialogCmd.h
[2023-04-03T13:57:53.402Z]     -- promoting: /local/S/jenkins/workspace/ECP/ecg-maya-usd/ecg-mayausd-branch-preflight-2020-osx/ecg-maya-usd/maya-usd/lib/usd/ui/importDialog/USDQtUtil.h
[2023-04-03T13:57:53.402Z]     -- promoting: /local/S/jenkins/workspace/ECP/ecg-maya-usd/ecg-mayausd-branch-preflight-2020-osx/ecg-maya-usd/maya-usd/lib/usd/ui/api.h
[2023-04-03T13:57:53.402Z]     -- promoting: /local/S/jenkins/workspace/ECP/ecg-maya-usd/ecg-mayausd-branch-preflight-2020-osx/ecg-maya-usd/maya-usd/lib/usd/ui/initStringResources.h
[2023-04-03T13:57:53.402Z]     ========== Pixar USD Plugin ==========
[2023-04-03T13:57:53.512Z]     Compiling /local/S/jenkins/workspace/ECP/ecg-maya-usd/ecg-mayausd-branch-preflight-2020-osx/build/RelWithDebInfo/plugin/pxr/__init__.py ...
[2023-04-03T13:57:53.618Z]     ========== AL USD Plugin ==========
[2023-04-03T13:57:53.618Z]     CMake Deprecation Warning at plugin/al/CMakeLists.txt:7 (cmake_policy):
[2023-04-03T13:57:53.618Z]       The OLD behavior for policy CMP0026 will be removed from a future version
[2023-04-03T13:57:53.618Z]       of CMake.
[2023-04-03T13:57:53.618Z]     
[2023-04-03T13:57:53.618Z]       The cmake-policies(7) manual explains that the OLD behaviors of all
[2023-04-03T13:57:53.618Z]       policies are deprecated and that a policy should be set to OLD only under
[2023-04-03T13:57:53.618Z]       specific short-term circumstances.  Projects should be ported to the NEW
[2023-04-03T13:57:53.618Z]       behavior and not rely on setting a policy to OLD.
[2023-04-03T13:57:53.618Z]     
[2023-04-03T13:57:53.618Z]     
[2023-04-03T13:57:53.618Z]     -- Found Boost 1.70.0 at /local/S/jenkins/workspace/shared/Artifactory/OSX/USD/b41f6d4/lib/cmake/Boost-1.70.0
[2023-04-03T13:57:53.618Z]     --   Requested configuration: QUIET REQUIRED
[2023-04-03T13:57:53.618Z]     -- Found boost_headers 1.70.0 at /local/S/jenkins/workspace/shared/Artifactory/OSX/USD/b41f6d4/lib/cmake/boost_headers-1.70.0
[2023-04-03T13:57:53.618Z]     -- Found Boost: /local/S/jenkins/workspace/shared/Artifactory/OSX/USD/b41f6d4/lib/cmake/Boost-1.70.0/BoostConfig.cmake (found version "1.70.0")
[2023-04-03T13:57:53.618Z]     -- Found Boost 1.70.0 at /local/S/jenkins/workspace/shared/Artifactory/OSX/USD/b41f6d4/lib/cmake/Boost-1.70.0
[2023-04-03T13:57:53.618Z]     --   Requested configuration: QUIET REQUIRED COMPONENTS python
[2023-04-03T13:57:53.618Z]     -- Found boost_python 1.70.0 at /local/S/jenkins/workspace/shared/Artifactory/OSX/USD/b41f6d4/lib/cmake/boost_python-1.70.0
[2023-04-03T13:57:53.618Z]     --   libboost_python27.dylib
[2023-04-03T13:57:53.618Z]     -- Adding boost_python dependencies: headers
[2023-04-03T13:57:53.618Z]     -- Found Boost: /local/S/jenkins/workspace/shared/Artifactory/OSX/USD/b41f6d4/lib/cmake/Boost-1.70.0/BoostConfig.cmake (found version "1.70.0") found components: python
[2023-04-03T13:57:53.728Z]     -- Found GTest: /local/S/jenkins/workspace/ECP/ecg-maya-usd/ecg-mayausd-branch-preflight-2020-osx/build/RelWithDebInfo/googletest-install/lib/libgtest.dylib
[2023-04-03T13:57:54.044Z]     -- Building AL_USDMayaSchemas
[2023-04-03T13:57:54.368Z]     #################################################################################################
[2023-04-03T13:57:54.368Z]     #  USD_DISABLE_PRIM_DEFINITIONS_FOR_USDGENSCHEMA is overridden to 'true'.  Default is 'false'.  #
[2023-04-03T13:57:54.368Z]     #################################################################################################
[2023-04-03T13:57:54.469Z]     Processing schema classes:
[2023-04-03T13:57:54.469Z]     ALModelAPI, ALFrameRange
[2023-04-03T13:57:54.469Z]     Loading Templates from /local/S/jenkins/workspace/shared/Artifactory/OSX/USD/b41f6d4/lib/usd/usd/resources/codegenTemplates
[2023-04-03T13:57:54.469Z]     Writing API:
[2023-04-03T13:57:54.469Z]     	    wrote /local/S/jenkins/workspace/ECP/ecg-maya-usd/ecg-mayausd-branch-preflight-2020-osx/build/RelWithDebInfo/plugin/al/schemas/AL/usd/schemas/maya/api.h
[2023-04-03T13:57:54.469Z]     Writing Schema Tokens:
[2023-04-03T13:57:54.470Z]     	    wrote /local/S/jenkins/workspace/ECP/ecg-maya-usd/ecg-mayausd-branch-preflight-2020-osx/build/RelWithDebInfo/plugin/al/schemas/AL/usd/schemas/maya/tokens.h
[2023-04-03T13:57:54.470Z]     	    wrote /local/S/jenkins/workspace/ECP/ecg-maya-usd/ecg-mayausd-branch-preflight-2020-osx/build/RelWithDebInfo/plugin/al/schemas/AL/usd/schemas/maya/tokens.cpp
[2023-04-03T13:57:54.470Z]     	    wrote /local/S/jenkins/workspace/ECP/ecg-maya-usd/ecg-mayausd-branch-preflight-2020-osx/build/RelWithDebInfo/plugin/al/schemas/AL/usd/schemas/maya/wrapTokens.cpp
[2023-04-03T13:57:54.470Z]     Generating Classes:
[2023-04-03T13:57:54.470Z]     	    wrote /local/S/jenkins/workspace/ECP/ecg-maya-usd/ecg-mayausd-branch-preflight-2020-osx/build/RelWithDebInfo/plugin/al/schemas/AL/usd/schemas/maya/ModelAPI.h
[2023-04-03T13:57:54.470Z]     	    wrote /local/S/jenkins/workspace/ECP/ecg-maya-usd/ecg-mayausd-branch-preflight-2020-osx/build/RelWithDebInfo/plugin/al/schemas/AL/usd/schemas/maya/ModelAPI.cpp
[2023-04-03T13:57:54.470Z]     	    wrote /local/S/jenkins/workspace/ECP/ecg-maya-usd/ecg-mayausd-branch-preflight-2020-osx/build/RelWithDebInfo/plugin/al/schemas/AL/usd/schemas/maya/wrapModelAPI.cpp
[2023-04-03T13:57:54.470Z]     	    wrote /local/S/jenkins/workspace/ECP/ecg-maya-usd/ecg-mayausd-branch-preflight-2020-osx/build/RelWithDebInfo/plugin/al/schemas/AL/usd/schemas/maya/FrameRange.h
[2023-04-03T13:57:54.470Z]     	    wrote /local/S/jenkins/workspace/ECP/ecg-maya-usd/ecg-mayausd-branch-preflight-2020-osx/build/RelWithDebInfo/plugin/al/schemas/AL/usd/schemas/maya/FrameRange.cpp
[2023-04-03T13:57:54.470Z]     	    wrote /local/S/jenkins/workspace/ECP/ecg-maya-usd/ecg-mayausd-branch-preflight-2020-osx/build/RelWithDebInfo/plugin/al/schemas/AL/usd/schemas/maya/wrapFrameRange.cpp
[2023-04-03T13:57:54.470Z]     Loading Templates from /local/S/jenkins/workspace/shared/Artifactory/OSX/USD/b41f6d4/lib/usd/usd/resources/codegenTemplates
[2023-04-03T13:57:54.470Z]     	    wrote /local/S/jenkins/workspace/ECP/ecg-maya-usd/ecg-mayausd-branch-preflight-2020-osx/build/RelWithDebInfo/plugin/al/schemas/AL/usd/schemas/maya/plugInfo.json
[2023-04-03T13:57:54.470Z]     Generating Schematics:
[2023-04-03T13:57:54.470Z]     	    wrote /local/S/jenkins/workspace/ECP/ecg-maya-usd/ecg-mayausd-branch-preflight-2020-osx/build/RelWithDebInfo/plugin/al/schemas/AL/usd/schemas/maya/generatedSchema.usda
[2023-04-03T13:57:54.800Z]     #################################################################################################
[2023-04-03T13:57:54.800Z]     #  USD_DISABLE_PRIM_DEFINITIONS_FOR_USDGENSCHEMA is overridden to 'true'.  Default is 'false'.  #
[2023-04-03T13:57:54.800Z]     #################################################################################################
[2023-04-03T13:57:55.004Z]     Processing schema classes:
[2023-04-03T13:57:55.004Z]     ALExamplePolyCubeNode
[2023-04-03T13:57:55.004Z]     Loading Templates from /local/S/jenkins/workspace/shared/Artifactory/OSX/USD/b41f6d4/lib/usd/usd/resources/codegenTemplates
[2023-04-03T13:57:55.004Z]     Writing API:
[2023-04-03T13:57:55.004Z]     	    wrote /local/S/jenkins/workspace/ECP/ecg-maya-usd/ecg-mayausd-branch-preflight-2020-osx/build/RelWithDebInfo/plugin/al/schemas/AL/usd/schemas/mayatest/api.h
[2023-04-03T13:57:55.004Z]     Writing Schema Tokens:
[2023-04-03T13:57:55.004Z]     	    wrote /local/S/jenkins/workspace/ECP/ecg-maya-usd/ecg-mayausd-branch-preflight-2020-osx/build/RelWithDebInfo/plugin/al/schemas/AL/usd/schemas/mayatest/tokens.h
[2023-04-03T13:57:55.004Z]     	    wrote /local/S/jenkins/workspace/ECP/ecg-maya-usd/ecg-mayausd-branch-preflight-2020-osx/build/RelWithDebInfo/plugin/al/schemas/AL/usd/schemas/mayatest/tokens.cpp
[2023-04-03T13:57:55.004Z]     	    wrote /local/S/jenkins/workspace/ECP/ecg-maya-usd/ecg-mayausd-branch-preflight-2020-osx/build/RelWithDebInfo/plugin/al/schemas/AL/usd/schemas/mayatest/wrapTokens.cpp
[2023-04-03T13:57:55.004Z]     Generating Classes:
[2023-04-03T13:57:55.004Z]     	    wrote /local/S/jenkins/workspace/ECP/ecg-maya-usd/ecg-mayausd-branch-preflight-2020-osx/build/RelWithDebInfo/plugin/al/schemas/AL/usd/schemas/mayatest/ExamplePolyCubeNode.h
[2023-04-03T13:57:55.004Z]     	    wrote /local/S/jenkins/workspace/ECP/ecg-maya-usd/ecg-mayausd-branch-preflight-2020-osx/build/RelWithDebInfo/plugin/al/schemas/AL/usd/schemas/mayatest/ExamplePolyCubeNode.cpp
[2023-04-03T13:57:55.004Z]     	    wrote /local/S/jenkins/workspace/ECP/ecg-maya-usd/ecg-mayausd-branch-preflight-2020-osx/build/RelWithDebInfo/plugin/al/schemas/AL/usd/schemas/mayatest/wrapExamplePolyCubeNode.cpp
[2023-04-03T13:57:55.004Z]     Loading Templates from /local/S/jenkins/workspace/shared/Artifactory/OSX/USD/b41f6d4/lib/usd/usd/resources/codegenTemplates
[2023-04-03T13:57:55.004Z]     	    wrote /local/S/jenkins/workspace/ECP/ecg-maya-usd/ecg-mayausd-branch-preflight-2020-osx/build/RelWithDebInfo/plugin/al/schemas/AL/usd/schemas/mayatest/plugInfo.json
[2023-04-03T13:57:55.004Z]     Generating Schematics:
[2023-04-03T13:57:55.004Z]     	    wrote /local/S/jenkins/workspace/ECP/ecg-maya-usd/ecg-mayausd-branch-preflight-2020-osx/build/RelWithDebInfo/plugin/al/schemas/AL/usd/schemas/mayatest/generatedSchema.usda
[2023-04-03T13:57:55.004Z]     -- Building AL_USDMayaTranslators
[2023-04-03T13:57:55.004Z]     ========== ADSK USD Plugin ==========
[2023-04-03T13:57:55.004Z]     -- Configuring done
[2023-04-03T13:57:57.842Z]     -- Generating done
[2023-04-03T13:57:58.932Z]     -- Build files have been written to: /local/S/jenkins/workspace/ECP/ecg-maya-usd/ecg-mayausd-branch-preflight-2020-osx/build/RelWithDebInfo
[2023-04-03T13:57:58.932Z]     
[2023-04-03T13:57:58.932Z]         Building with settings:
[2023-04-03T13:57:58.932Z]           Source directory          /local/S/jenkins/workspace/ECP/ecg-maya-usd/ecg-mayausd-branch-preflight-2020-osx/ecg-maya-usd/maya-usd
[2023-04-03T13:57:58.932Z]           Workspace directory       /local/S/jenkins/workspace/ECP/ecg-maya-usd/ecg-mayausd-branch-preflight-2020-osx
[2023-04-03T13:57:58.932Z]           Build directory           /local/S/jenkins/workspace/ECP/ecg-maya-usd/ecg-mayausd-branch-preflight-2020-osx/build/RelWithDebInfo
[2023-04-03T13:57:58.932Z]           Install directory         /local/S/jenkins/workspace/ECP/ecg-maya-usd/ecg-mayausd-branch-preflight-2020-osx/install/RelWithDebInfo/MayaUSD
[2023-04-03T13:57:58.932Z]           Variant                   RelWithDebInfo
[2023-04-03T13:57:58.932Z]           Python Debug              Off
[2023-04-03T13:57:58.932Z]           CMake generator           Ninja
[2023-04-03T13:57:58.932Z]           Build arguments           ['-DCMAKE_MAKE_PROGRAM=/local/S/jenkins/workspace/shared/Artifactory/OSX/ninja/1.9.0/41005eb/ninja', '-DPYTHON_INCLUDE_DIR=/local/S/jenkins/workspace/shared/Artifactory/OSX/rundev-2020/202107140359/runtime/446214e/runTime/Maya.app/Contents/Frameworks/Python.framework/Versions/Current/include/python2.7', '-DPython_EXECUTABLE=/local/S/jenkins/workspace/shared/Artifactory/OSX/rundev-2020/202107140359/runtime/446214e/runTime/Maya.app/Contents/bin/mayapy', '-DPYTHON_LIBRARIES=/local/S/jenkins/workspace/shared/Artifactory/OSX/rundev-2020/202107140359/runtime/446214e/runTime/Maya.app/Contents/Frameworks/Python.framework/Versions/Current/lib/libpython2.7.dylib', '-DUSD_LIB_PREFIX=lib', '-DCMAKE_WANT_MATERIALX_BUILD=ON', '-DCMAKE_PREFIX_PATH=/local/S/jenkins/workspace/shared/Artifactory/OSX/USD/b41f6d4']
[2023-04-03T13:57:58.932Z]           Stages arguments          ['configure']
[2023-04-03T13:57:58.933Z]           CTest arguments           ['-E testUsdReferenceAssemblySelection|testUsdMayaAppDir', '-LE interactive', '--parallel 4']
[2023-04-03T13:57:58.933Z]     Success MayaUSD build and install !!!!
[2023-04-03T13:57:58.933Z]     Elapsed time: 00:00:32
[Pipeline] }
[Pipeline] // withEnv
[Pipeline] }
[Pipeline] // timeout
[Pipeline] }
[Pipeline] // stage
[Pipeline] }
[Pipeline] // timestamps
[Pipeline] timestamps
[Pipeline] {
[Pipeline] stage
[Pipeline] { (Build)
[Pipeline] timeout
[2023-04-03T13:57:59.237Z] Timeout set to expire in 6 hr 0 min
[Pipeline] {
[Pipeline] withEnv
[Pipeline] {
[Pipeline] sh
[2023-04-03T13:58:00.506Z] + python ecg-maya-usd/build.py --stages=build --workspace-dir=/local/S/jenkins/workspace/ECP/ecg-maya-usd/ecg-mayausd-branch-preflight-2020-osx --artifactory-dir=/local/S/jenkins/workspace/shared/Artifactory --build-dir=/local/S/jenkins/workspace/ECP/ecg-maya-usd/ecg-mayausd-branch-preflight-2020-osx/build --install-dir=/local/S/jenkins/workspace/ECP/ecg-maya-usd/ecg-mayausd-branch-preflight-2020-osx/install --signing-dir=/local/S/jenkins/workspace/ECP/ecg-maya-usd/ecg-mayausd-branch-preflight-2020-osx/signing --package-dir=/local/S/jenkins/workspace/ECP/ecg-maya-usd/ecg-mayausd-branch-preflight-2020-osx/package --output-dir=/local/S/jenkins/workspace/ECP/ecg-maya-usd/ecg-mayausd-branch-preflight-2020-osx/output --stash-dir=/local/S/jenkins/workspace/ECP/ecg-maya-usd/ecg-mayausd-branch-preflight-2020-osx/stash --jenkins-build=817 --git-commit=0680c136f5d1874f5efd5705b0ad2f816007fc9a --git-branch=master --variants=RelWithDebInfo --python=2.7 --post-zips=false --build-retry=3 --maya-cut-config=maya-rundev-2020.yaml --maya-package=rundev-2020 --stage-banner
[2023-04-03T13:58:00.823Z] No catalog entry registered for tbb-4.4u5-ub2.
[2023-04-03T13:58:00.823Z] Using Maya cut from /local/S/jenkins/workspace/shared/Artifactory/OSX/rundev-2020/202107140359/runtime/446214e
[2023-04-03T13:58:00.933Z] 
[2023-04-03T13:58:00.933Z] ================================================================================
[2023-04-03T13:58:00.933Z]                              build (RelWithDebInfo)
[2023-04-03T13:58:00.933Z] ================================================================================
[2023-04-03T13:58:00.933Z] Maya Python RelWithDebInfo Info:
[2023-04-03T13:58:00.933Z]   mayapy executable   = /local/S/jenkins/workspace/shared/Artifactory/OSX/rundev-2020/202107140359/runtime/446214e/runTime/Maya.app/Contents/bin/mayapy
[2023-04-03T13:58:00.933Z]   Include Folder      = /local/S/jenkins/workspace/shared/Artifactory/OSX/rundev-2020/202107140359/runtime/446214e/runTime/Maya.app/Contents/Frameworks/Python.framework/Versions/Current/include/python2.7
[2023-04-03T13:58:00.933Z]   Library             = /local/S/jenkins/workspace/shared/Artifactory/OSX/rundev-2020/202107140359/runtime/446214e/runTime/Maya.app/Contents/Frameworks/Python.framework/Versions/Current/lib/libpython2.7.dylib
[2023-04-03T13:58:00.933Z]   site-package Folder = /local/S/jenkins/workspace/shared/Artifactory/OSX/rundev-2020/202107140359/runtime/446214e/runTime/Maya.app/Contents/Frameworks/Python.framework/Versions/Current/lib/python2.7/site-packages
[2023-04-03T13:58:01.469Z] In workdir: /local/S/jenkins/workspace/ECP/ecg-maya-usd/ecg-mayausd-branch-preflight-2020-osx/ecg-maya-usd/maya-usd
[2023-04-03T13:58:01.469Z] Executing: /local/S/jenkins/workspace/shared/Artifactory/OSX/rundev-2020/202107140359/runtime/446214e/runTime/Maya.app/Contents/bin/mayapy /local/S/jenkins/workspace/ECP/ecg-maya-usd/ecg-mayausd-branch-preflight-2020-osx/ecg-maya-usd/maya-usd/build.py --generator Ninja --build-relwithdebug --maya-location /local/S/jenkins/workspace/shared/Artifactory/OSX/rundev-2020/202107140359/runtime/446214e/runTime --devkit-location /local/S/jenkins/workspace/shared/Artifactory/OSX/rundev-2020/202107140359/runtime/446214e/devkitBase --pxrusd-location /local/S/jenkins/workspace/shared/Artifactory/OSX/USD/b41f6d4 --qt-location /local/S/jenkins/workspace/shared/Artifactory/OSX/qt/5.12.5/3ca78fe --build-args=-DCMAKE_MAKE_PROGRAM=/local/S/jenkins/workspace/shared/Artifactory/OSX/ninja/1.9.0/41005eb/ninja,-DPYTHON_INCLUDE_DIR=/local/S/jenkins/workspace/shared/Artifactory/OSX/rundev-2020/202107140359/runtime/446214e/runTime/Maya.app/Contents/Frameworks/Python.framework/Versions/Current/include/python2.7,-DPython_EXECUTABLE=/local/S/jenkins/workspace/shared/Artifactory/OSX/rundev-2020/202107140359/runtime/446214e/runTime/Maya.app/Contents/bin/mayapy,-DPYTHON_LIBRARIES=/local/S/jenkins/workspace/shared/Artifactory/OSX/rundev-2020/202107140359/runtime/446214e/runTime/Maya.app/Contents/Frameworks/Python.framework/Versions/Current/lib/libpython2.7.dylib,-DUSD_LIB_PREFIX=lib,-DCMAKE_WANT_MATERIALX_BUILD=ON,-DCMAKE_PREFIX_PATH=/local/S/jenkins/workspace/shared/Artifactory/OSX/USD/b41f6d4 '--ctest-args=-E testUsdReferenceAssemblySelection|testUsdMayaAppDir,-LE interactive,--parallel 4' --stages=build --redirect-outstream-file=False --install-location /local/S/jenkins/workspace/ECP/ecg-maya-usd/ecg-mayausd-branch-preflight-2020-osx/install/RelWithDebInfo/MayaUSD /local/S/jenkins/workspace/ECP/ecg-maya-usd/ecg-mayausd-branch-preflight-2020-osx
[2023-04-03T13:58:01.469Z] Modified environment variables:
[2023-04-03T13:58:01.469Z]     PATH=/local/S/jenkins/workspace/shared/Artifactory/OSX/cmake/3.20.3/2594509/bin:/usr/local/bin:/bin:/usr/sbin:/sbin:/usr/bin
[2023-04-03T13:58:04.175Z]     [1/626] Building CXX object test/lib/usd/plugin/CMakeFiles/usdTestApiWriter.dir/plugin.cpp.o
[2023-04-03T13:58:04.600Z]     [2/626] Building CXX object test/lib/usd/plugin/CMakeFiles/usdTestInfoImportChaser.dir/plugin.cpp.o
[2023-04-03T13:58:09.186Z]     [3/626] Building CXX object test/lib/usd/plugin/CMakeFiles/usdTestInfoImportChaser.dir/infoImportChaser.cpp.o
[2023-04-03T13:58:09.186Z]     [4/626] Building CXX object test/lib/usd/plugin/CMakeFiles/usdTestUsdPlugin.dir/mayaShaderTranslation.cpp.o
[2023-04-03T13:58:09.390Z]     [5/626] Building CXX object test/lib/usd/plugin/CMakeFiles/usdTestApiWriter.dir/nullApiExporter.cpp.o
[2023-04-03T13:58:09.598Z]     [6/626] Building CXX object test/lib/usd/plugin/CMakeFiles/usdTestMayaPlugin.dir/plugin.cpp.o
[2023-04-03T13:58:10.024Z]     [7/626] Building CXX object test/lib/usd/utils/CMakeFiles/testMergePrims.dir/main.cpp.o
[2023-04-03T13:58:10.232Z]     [8/626] Building CXX object test/lib/usd/plugin/CMakeFiles/usdTestApiWriter.dir/bulletAdaptor.cpp.o
[2023-04-03T13:58:10.661Z]     [9/626] Building CXX object test/lib/usd/utils/CMakeFiles/testDiffComputeOverall.dir/main.cpp.o
[2023-04-03T13:58:11.288Z]     [10/626] Building CXX object test/lib/usd/utils/CMakeFiles/testDiffPrims.dir/main.cpp.o
[2023-04-03T13:58:14.356Z]     [11/626] Building CXX object test/lib/usd/plugin/CMakeFiles/usdTestMayaPlugin.dir/mayaShaderTranslation.cpp.o
[2023-04-03T13:58:15.103Z]     [12/626] Building CXX object test/lib/usd/utils/CMakeFiles/testDiffComputeOverall.dir/test_DiffComputeOverall.cpp.o
[2023-04-03T13:58:15.629Z]     [13/626] Building CXX object test/lib/usd/utils/CMakeFiles/testDiffPrims.dir/test_DiffPrimsAttributes.cpp.o
[2023-04-03T13:58:15.942Z]     [14/626] Building CXX object test/lib/usd/utils/CMakeFiles/testMergePrims.dir/test_MergePrims.cpp.o
[2023-04-03T13:58:16.565Z]     [15/626] Building CXX object test/lib/usd/utils/CMakeFiles/testDiffDictionaries.dir/main.cpp.o
[2023-04-03T13:58:19.149Z]     [16/626] Building CXX object test/lib/usd/utils/CMakeFiles/testDiffPrims.dir/test_DiffPrimsRelations.cpp.o
[2023-04-03T13:58:19.468Z]     [17/626] Building CXX object test/lib/usd/utils/CMakeFiles/testDiffPrims.dir/test_DiffPrimsChildren.cpp.o
[2023-04-03T13:58:19.781Z]     [18/626] Building CXX object test/lib/usd/utils/CMakeFiles/testDiffLists.dir/main.cpp.o
[2023-04-03T13:58:19.988Z]     [19/626] Building CXX object test/lib/usd/utils/CMakeFiles/testDiffPrims.dir/test_DiffPrims.cpp.o
[2023-04-03T13:58:20.617Z]     [20/626] Building CXX object test/lib/usd/utils/CMakeFiles/testDiffAttributes.dir/main.cpp.o
[2023-04-03T13:58:21.145Z]     [21/626] Building CXX object test/lib/usd/utils/CMakeFiles/testDiffDictionaries.dir/test_DiffDictionaries.cpp.o
[2023-04-03T13:58:21.249Z]     [22/626] Building CXX object test/lib/usd/utils/CMakeFiles/testDiffCore.dir/main.cpp.o
[2023-04-03T13:58:21.882Z]     [23/626] Building CXX object test/lib/usd/utils/CMakeFiles/testDiffMetadatas.dir/main.cpp.o
[2023-04-03T13:58:23.754Z]     [24/626] Building CXX object test/lib/usd/utils/CMakeFiles/testDiffCore.dir/test_DiffCore.cpp.o
[2023-04-03T13:58:24.494Z]     [25/626] Building CXX object test/lib/usd/utils/CMakeFiles/testDiffValues.dir/main.cpp.o
[2023-04-03T13:58:24.603Z]     [26/626] Building CXX object test/lib/usd/utils/CMakeFiles/testDiffAttributes.dir/test_DiffAttributes.cpp.o
[2023-04-03T13:58:25.958Z]     [27/626] Building CXX object test/lib/usd/utils/CMakeFiles/testDiffLists.dir/test_DiffLists.cpp.o
[2023-04-03T13:58:26.578Z]     [28/626] Building CXX object test/lib/usd/utils/CMakeFiles/testDiffMetadatas.dir/test_DiffMetadatas.cpp.o
[2023-04-03T13:58:29.396Z]     [29/626] Building CXX object test/lib/usd/utils/CMakeFiles/testDiffValues.dir/test_DiffValues.cpp.o
[2023-04-03T13:58:31.573Z]     [30/626] Building CXX object test/lib/usd/utils/CMakeFiles/testDiffValues.dir/test_DiffValuesMatrices.cpp.o
[2023-04-03T13:58:31.778Z]     [31/626] Building CXX object test/lib/usd/utils/CMakeFiles/testDiffValues.dir/test_DiffValuesGeneric.cpp.o
[2023-04-03T13:58:31.778Z]     [32/626] Building CXX object test/lib/usd/utils/CMakeFiles/testDiffValues.dir/test_DiffValuesArrays.cpp.o
[2023-04-03T13:58:35.138Z]     [33/626] Building CXX object test/lib/usd/utils/CMakeFiles/testDiffValues.dir/test_DiffValuesQuaternions.cpp.o
[2023-04-03T13:58:38.586Z]     [34/626] Building CXX object test/lib/usd/utils/CMakeFiles/testDiffValues.dir/test_DiffValuesDoubleVecs.cpp.o
[2023-04-03T13:58:38.796Z]     [35/626] Building CXX object test/lib/usd/utils/CMakeFiles/testDiffValues.dir/test_DiffValuesFloatVecs.cpp.o
[2023-04-03T13:58:38.898Z]     [36/626] Building CXX object test/lib/usd/utils/CMakeFiles/testDiffValues.dir/test_DiffValuesHalfVecs.cpp.o
[2023-04-03T13:58:39.319Z]     [37/626] Building CXX object test/lib/usd/utils/CMakeFiles/testDiffRelationships.dir/main.cpp.o
[2023-04-03T13:58:39.733Z]     [38/626] Building CXX object lib/mayaUsd/CMakeFiles/mayaUsd.dir/base/debugCodes.cpp.o
[2023-04-03T13:58:39.834Z]     [39/626] Building CXX object lib/mayaUsd/CMakeFiles/mayaUsd.dir/base/tokens.cpp.o
[2023-04-03T13:58:40.045Z]     [40/626] Building CXX object test/lib/usd/utils/CMakeFiles/testDiffValues.dir/test_DiffValuesIntVecs.cpp.o
[2023-04-03T13:58:43.468Z]     [41/626] Building CXX object test/lib/usd/utils/CMakeFiles/testDiffRelationships.dir/test_DiffRelationships.cpp.o
[2023-04-03T13:58:44.415Z]     [42/626] Building CXX object lib/mayaUsd/CMakeFiles/mayaUsd.dir/commands/baseImportCommand.cpp.o
[2023-04-03T13:58:44.719Z]     [43/626] Building CXX object lib/mayaUsd/CMakeFiles/mayaUsd.dir/commands/baseListShadingModesCommand.cpp.o
[2023-04-03T13:58:44.932Z]     [44/626] Building CXX object lib/mayaUsd/CMakeFiles/mayaUsd.dir/commands/baseExportCommand.cpp.o
[2023-04-03T13:58:45.453Z]     [45/626] Building CXX object lib/mayaUsd/CMakeFiles/mayaUsd.dir/commands/layerEditorWindowCommand.cpp.o
[2023-04-03T13:58:47.249Z]     [46/626] Building CXX object lib/mayaUsd/CMakeFiles/mayaUsd.dir/commands/baseListJobContextsCommand.cpp.o
[2023-04-03T13:58:48.188Z]     [47/626] Building CXX object lib/mayaUsd/CMakeFiles/mayaUsd.dir/commands/editTargetCommand.cpp.o
[2023-04-03T13:58:49.443Z]     [48/626] Building CXX object lib/mayaUsd/CMakeFiles/mayaUsd.dir/fileio/fallbackPrimReader.cpp.o
[2023-04-03T13:58:51.123Z]     [49/626] Building CXX object lib/mayaUsd/CMakeFiles/mayaUsd.dir/fileio/functorPrimReader.cpp.o
[2023-04-03T13:58:51.331Z]     [50/626] Building CXX object lib/mayaUsd/CMakeFiles/mayaUsd.dir/commands/layerEditorCommand.cpp.o
[2023-04-03T13:58:51.331Z]     FAILED: lib/mayaUsd/CMakeFiles/mayaUsd.dir/commands/layerEditorCommand.cpp.o
[2023-04-03T13:58:51.331Z]     /Applications/Xcode.app/Contents/Developer/Toolchains/XcodeDefault.xctoolchain/usr/bin/c++ -DADSK_USD_VERSION=0.21.11-ad1 -DMATERIALX_BUILD_SHARED_LIBS -DMAYAUSD_CORE_EXPORT -DMAYAUSD_MACROS_EXPORT -DMAYAUSD_VERSION=0.24.0 -DMAYA_ARRAY_ITERATOR_DIFFERENCE_TYPE_SUPPORT=1 -DMAYA_PY_VERSION=2 -DMFB_ALT_PACKAGE_NAME=\"mayaUsd\" -DMFB_PACKAGE_MODULE=\"mayaUsd\" -DMFB_PACKAGE_NAME=\"mayaUsd\" -DOSMac_ -DPXR_PLUGINPATH_NAME=PXR_PLUGINPATH_NAME -DPXR_PYTHON_ENABLED=1 -DTBB_SUPPRESS_DEPRECATED_MESSAGES -DWANT_QT_BUILD -DWANT_UFE_BUILD -DmayaUsd_EXPORTS -I/local/S/jenkins/workspace/shared/Artifactory/OSX/rundev-2020/202107140359/runtime/446214e/runTime/include -I/local/S/jenkins/workspace/shared/Artifactory/OSX/rundev-2020/202107140359/runtime/446214e/devkitBase/devkit/ufe/include -Iinclude -I_deps/gulrak-src/include -isystem /local/S/jenkins/workspace/shared/Artifactory/OSX/USD/b41f6d4/include -isystem /local/S/jenkins/workspace/shared/Artifactory/OSX/rundev-2020/202107140359/runtime/446214e/runTime/Maya.app/Contents/Frameworks/Python.framework/Versions/Current/include/python2.7 -O2 -g -DNDEBUG -arch x86_64 -isysroot /Applications/Xcode.app/Contents/Developer/Platforms/MacOSX.platform/Developer/SDKs/MacOSX10.14.sdk -mmacosx-version-min=10.14 -fPIC -Wall -Werror -msse4.2 -Wno-deprecated -Wno-deprecated-declarations -Wno-unused-local-typedefs -Wrange-loop-analysis -std=c++14 -MD -MT lib/mayaUsd/CMakeFiles/mayaUsd.dir/commands/layerEditorCommand.cpp.o -MF lib/mayaUsd/CMakeFiles/mayaUsd.dir/commands/layerEditorCommand.cpp.o.d -o lib/mayaUsd/CMakeFiles/mayaUsd.dir/commands/layerEditorCommand.cpp.o -c /local/S/jenkins/workspace/ECP/ecg-maya-usd/ecg-mayausd-branch-preflight-2020-osx/ecg-maya-usd/maya-usd/lib/mayaUsd/commands/layerEditorCommand.cpp
[2023-04-03T13:58:51.331Z]     /local/S/jenkins/workspace/ECP/ecg-maya-usd/ecg-mayausd-branch-preflight-2020-osx/ecg-maya-usd/maya-usd/lib/mayaUsd/commands/layerEditorCommand.cpp:392:41: error: cannot pass non-trivial object of type 'const std::string' (aka 'const basic_string<char, char_traits<char>, allocator<char> >') to variadic function; expected type from format string was 'char *' [-Wnon-pod-varargs]
[2023-04-03T13:58:51.331Z]                             newParentLayer->GetIdentifier());
[2023-04-03T13:58:51.331Z]                                             ^~~~~~~~~~~~~~~
[2023-04-03T13:58:51.331Z]     /local/S/jenkins/workspace/shared/Artifactory/OSX/USD/b41f6d4/include/pxr/base/tf/diagnostic.h:389:43: note: expanded from macro 'TF_WARN'
[2023-04-03T13:58:51.331Z]         Tf_PostWarningHelper(TF_CALL_CONTEXT, __VA_ARGS__)
[2023-04-03T13:58:51.331Z]                                               ^~~~~~~~~~~
[2023-04-03T13:58:51.331Z]     /local/S/jenkins/workspace/ECP/ecg-maya-usd/ecg-mayausd-branch-preflight-2020-osx/ecg-maya-usd/maya-usd/lib/mayaUsd/commands/layerEditorCommand.cpp:392:41: note: did you mean to call the c_str() method?
[2023-04-03T13:58:51.331Z]     1 error generated.
[2023-04-03T13:58:52.505Z]     [51/626] Building CXX object lib/mayaUsd/CMakeFiles/mayaUsd.dir/fileio/functorPrimWriter.cpp.o
[2023-04-03T13:58:53.588Z]     [52/626] Building CXX object lib/mayaUsd/CMakeFiles/mayaUsd.dir/fileio/instancedNodeWriter.cpp.o
[2023-04-03T13:58:54.772Z]     [53/626] Building CXX object lib/mayaUsd/CMakeFiles/mayaUsd.dir/fileio/importData.cpp.o
[2023-04-03T13:58:54.772Z]     ninja: build stopped: subcommand failed.
[2023-04-03T13:58:54.772Z]     
[2023-04-03T13:58:54.772Z]         Building with settings:
[2023-04-03T13:58:54.772Z]           Source directory          /local/S/jenkins/workspace/ECP/ecg-maya-usd/ecg-mayausd-branch-preflight-2020-osx/ecg-maya-usd/maya-usd
[2023-04-03T13:58:54.772Z]           Workspace directory       /local/S/jenkins/workspace/ECP/ecg-maya-usd/ecg-mayausd-branch-preflight-2020-osx
[2023-04-03T13:58:54.772Z]           Build directory           /local/S/jenkins/workspace/ECP/ecg-maya-usd/ecg-mayausd-branch-preflight-2020-osx/build/RelWithDebInfo
[2023-04-03T13:58:54.772Z]           Install directory         /local/S/jenkins/workspace/ECP/ecg-maya-usd/ecg-mayausd-branch-preflight-2020-osx/install/RelWithDebInfo/MayaUSD
[2023-04-03T13:58:54.772Z]           Variant                   RelWithDebInfo
[2023-04-03T13:58:54.772Z]           Python Debug              Off
[2023-04-03T13:58:54.772Z]           CMake generator           Ninja
[2023-04-03T13:58:54.772Z]           Build arguments           ['-DCMAKE_MAKE_PROGRAM=/local/S/jenkins/workspace/shared/Artifactory/OSX/ninja/1.9.0/41005eb/ninja', '-DPYTHON_INCLUDE_DIR=/local/S/jenkins/workspace/shared/Artifactory/OSX/rundev-2020/202107140359/runtime/446214e/runTime/Maya.app/Contents/Frameworks/Python.framework/Versions/Current/include/python2.7', '-DPython_EXECUTABLE=/local/S/jenkins/workspace/shared/Artifactory/OSX/rundev-2020/202107140359/runtime/446214e/runTime/Maya.app/Contents/bin/mayapy', '-DPYTHON_LIBRARIES=/local/S/jenkins/workspace/shared/Artifactory/OSX/rundev-2020/202107140359/runtime/446214e/runTime/Maya.app/Contents/Frameworks/Python.framework/Versions/Current/lib/libpython2.7.dylib', '-DUSD_LIB_PREFIX=lib', '-DCMAKE_WANT_MATERIALX_BUILD=ON', '-DCMAKE_PREFIX_PATH=/local/S/jenkins/workspace/shared/Artifactory/OSX/USD/b41f6d4']
[2023-04-03T13:58:54.772Z]           Stages arguments          ['build']
[2023-04-03T13:58:54.772Z]           CTest arguments           ['-E testUsdReferenceAssemblySelection|testUsdMayaAppDir', '-LE interactive', '--parallel 4']
[2023-04-03T13:58:54.772Z]     #####################################################################################
[2023-04-03T13:58:54.772Z]     log date: 2023-04-03 06:58
[2023-04-03T13:58:54.772Z]     commit sha: 83f07e045790b7f46be6ce35607317afce7d5ff4
[2023-04-03T13:58:54.772Z]     commit date: Mon Apr 3 09:43:18 2023 -0400
[2023-04-03T13:58:54.772Z]     #####################################################################################
[2023-04-03T13:58:54.772Z]     
[2023-04-03T13:58:54.772Z]     cmake --build . --config RelWithDebInfo  -- -j4
[2023-04-03T13:58:54.772Z]     
[2023-04-03T13:58:54.772Z]     Traceback (most recent call last):
[2023-04-03T13:58:54.772Z]       File "/local/S/jenkins/workspace/ECP/ecg-maya-usd/ecg-mayausd-branch-preflight-2020-osx/ecg-maya-usd/maya-usd/build.py", line 636, in <module>
[2023-04-03T13:58:54.772Z]         BuildAndInstall(context, context.buildArgs, context.stagesArgs)
[2023-04-03T13:58:54.772Z]       File "/local/S/jenkins/workspace/ECP/ecg-maya-usd/ecg-mayausd-branch-preflight-2020-osx/ecg-maya-usd/maya-usd/build.py", line 397, in BuildAndInstall
[2023-04-03T13:58:54.772Z]         RunCMake(context, extraArgs, stagesArgs)
[2023-04-03T13:58:54.772Z]       File "/local/S/jenkins/workspace/ECP/ecg-maya-usd/ecg-mayausd-branch-preflight-2020-osx/ecg-maya-usd/maya-usd/build.py", line 308, in RunCMake
[2023-04-03T13:58:54.772Z]         multiproc=FormatMultiProcs(context.numJobs, generator)))
[2023-04-03T13:58:54.772Z]       File "/local/S/jenkins/workspace/ECP/ecg-maya-usd/ecg-mayausd-branch-preflight-2020-osx/ecg-maya-usd/maya-usd/build.py", line 179, in Run
[2023-04-03T13:58:54.773Z]         .format(cmd=cmd, log=os.path.abspath(context.logFileLocation)))
[2023-04-03T13:58:54.773Z]     RuntimeError: Failed to run 'cmake --build . --config RelWithDebInfo  -- -j4'
[2023-04-03T13:58:54.773Z]     See /local/S/jenkins/workspace/ECP/ecg-maya-usd/ecg-mayausd-branch-preflight-2020-osx/build/RelWithDebInfo/build_log.txt for more details.
[2023-04-03T13:58:54.773Z] build.py: error: Command failed with error code: 1
[Pipeline] }
[Pipeline] // withEnv
[Pipeline] }
[Pipeline] // timeout
[Pipeline] }
[Pipeline] // stage
[Pipeline] }
[Pipeline] // timestamps
[Pipeline] emailextrecipients
Not sending mail to unregistered user ecg.jenkins@autodesk.com because your SCM claimed this was associated with a user ID ecg.jenkins' which your security realm does not recognize; you may need changes in your SCM plugin
Not sending mail to unregistered user ecg.jenkins@autodesk.com because your SCM claimed this was associated with a user ID ecg.jenkins' which your security realm does not recognize; you may need changes in your SCM plugin
[Pipeline] echo
No recipients to send notification.
[Pipeline] }
[Pipeline] // node
[Pipeline] End of Pipeline
ERROR: script returned exit code 1
[Checks API] No suitable checks publisher found.
Finished: FAILURE
