[2023-08-29T20:46:38.615Z] ================================================================================
[2023-08-29T20:46:38.615Z]                                  setup (Debug)
[2023-08-29T20:46:38.615Z] ================================================================================
[Pipeline] sh
[2023-08-29T20:46:39.897Z] + python ecg-maya-usd/build.py --stages=setup --workspace-dir=/local/S/jenkins/workspace/ECP/ecg-maya-usd/ecg-mayausd-branch-preflight-python3-osx --artifactory-dir=/local/S/jenkins/workspace/shared/Artifactory --build-dir=/local/S/jenkins/workspace/ECP/ecg-maya-usd/ecg-mayausd-branch-preflight-python3-osx/build --install-dir=/local/S/jenkins/workspace/ECP/ecg-maya-usd/ecg-mayausd-branch-preflight-python3-osx/install --signing-dir=/local/S/jenkins/workspace/ECP/ecg-maya-usd/ecg-mayausd-branch-preflight-python3-osx/signing --package-dir=/local/S/jenkins/workspace/ECP/ecg-maya-usd/ecg-mayausd-branch-preflight-python3-osx/package --output-dir=/local/S/jenkins/workspace/ECP/ecg-maya-usd/ecg-mayausd-branch-preflight-python3-osx/output --stash-dir=/local/S/jenkins/workspace/ECP/ecg-maya-usd/ecg-mayausd-branch-preflight-python3-osx/stash --jenkins-build=1269 --git-commit=60aa172e18bc60262a5aa90a0a558274ee0ea7dc --git-branch=master --variants=RelWithDebInfo --python=3.10 --post-zips=false --osx-binary-architecture-target=ub2 --osx-deployment-target=11.0 --osx-base-sdk=CurrentActiveSDK --extra-license-file=ecg-maya-usd/jenkins-o03-cot/melicense.lic --prune-versions=3 --prune-revisions=3 --maya-cut-config=maya-rundev-master.yaml --maya-package=rundev-master --stage-banner --prune-artifacts --force-pruning
[2023-08-29T20:46:39.897Z] Getting rundev-master download URL from Maya SHA-1 hash
[2023-08-29T20:46:39.897Z] Finding Artifactory servers response times
[2023-08-29T20:46:42.919Z] [VERBOSE] Start loading URL (CURL): https://art-bobcat.autodesk.com/artifactory/api/search/checksum?repos=team-maya-generic,oss-stg-generic,team-mayausd-post-generic,autodesk-3p-generic,adsk-build-tools-generic,team-ecg-generic&sha1=f9531137f41341ab1b6427b970ed4ebcead1c860
[2023-08-29T20:46:42.920Z] [DEBUG] Running: /usr/bin/curl -s -X GET --keepalive-time 10 --connect-timeout 60 --speed-limit 10000 --speed-time 120 --max-time 3600 --retry 5 --retry-max-time 2400 -H Connection:close -H Authorization:Basic ZWNnYmlmcm9zdDpvcGUqKjAw https://art-bobcat.autodesk.com/artifactory/api/search/checksum?repos=team-maya-generic,oss-stg-generic,team-mayausd-post-generic,autodesk-3p-generic,adsk-build-tools-generic,team-ecg-generic&sha1=f9531137f41341ab1b6427b970ed4ebcead1c860
[2023-08-29T20:46:42.920Z] [DEBUG] Output:
[2023-08-29T20:46:42.920Z] {
[2023-08-29T20:46:42.920Z]   "results" : [ {
[2023-08-29T20:46:42.920Z]     "uri" : "https://art-bobcat.autodesk.com:443/artifactory/api/storage/team-maya-generic/Maya/master/pmac/2023-08-28-14-38_0db3f797b3/202308281438-0db3f797b3-RUNDEV.dmg"
[2023-08-29T20:46:42.920Z]   } ]
[2023-08-29T20:46:42.920Z] }
[2023-08-29T20:46:42.920Z] [VERBOSE] End loading URL (CURL): https://art-bobcat.autodesk.com/artifactory/api/search/checksum?repos=team-maya-generic,oss-stg-generic,team-mayausd-post-generic,autodesk-3p-generic,adsk-build-tools-generic,team-ecg-generic&sha1=f9531137f41341ab1b6427b970ed4ebcead1c860
[2023-08-29T20:46:42.920Z] [VERBOSE] Start loading URL (CURL): https://art-bobcat.autodesk.com:443/artifactory/api/storage/team-maya-generic/Maya/master/pmac/2023-08-28-14-38_0db3f797b3/202308281438-0db3f797b3-RUNDEV.dmg
[2023-08-29T20:46:42.920Z] [DEBUG] Running: /usr/bin/curl -s -X GET --keepalive-time 10 --connect-timeout 60 --speed-limit 10000 --speed-time 120 --max-time 3600 --retry 5 --retry-max-time 2400 -H Connection:close -H Authorization:Basic ZWNnYmlmcm9zdDpvcGUqKjAw https://art-bobcat.autodesk.com:443/artifactory/api/storage/team-maya-generic/Maya/master/pmac/2023-08-28-14-38_0db3f797b3/202308281438-0db3f797b3-RUNDEV.dmg
[2023-08-29T20:46:42.920Z] [DEBUG] Output:
[2023-08-29T20:46:42.920Z] {
[2023-08-29T20:46:42.920Z]   "repo" : "team-maya-generic",
[2023-08-29T20:46:42.920Z]   "path" : "/Maya/master/pmac/2023-08-28-14-38_0db3f797b3/202308281438-0db3f797b3-RUNDEV.dmg",
[2023-08-29T20:46:42.920Z]   "created" : "2023-08-28T15:42:47.489-07:00",
[2023-08-29T20:46:42.920Z]   "createdBy" : "svc_p_mescm",
[2023-08-29T20:46:42.920Z]   "lastModified" : "2023-08-28T15:39:07.696-07:00",
[2023-08-29T20:46:42.920Z]   "modifiedBy" : "svc_p_mescm",
[2023-08-29T20:46:42.920Z]   "lastUpdated" : "2023-08-28T15:42:47.490-07:00",
[2023-08-29T20:46:42.920Z]   "downloadUri" : "https://art-bobcat.autodesk.com:443/artifactory/team-maya-generic/Maya/master/pmac/2023-08-28-14-38_0db3f797b3/202308281438-0db3f797b3-RUNDEV.dmg",
[2023-08-29T20:46:42.920Z]   "mimeType" : "application/octet-stream",
[2023-08-29T20:46:42.920Z]   "size" : "2861042348",
[2023-08-29T20:46:42.920Z]   "checksums" : {
[2023-08-29T20:46:42.920Z]     "sha1" : "f9531137f41341ab1b6427b970ed4ebcead1c860",
[2023-08-29T20:46:42.920Z]     "md5" : "d3180912dced95a02ac5325e8b5aa620",
[2023-08-29T20:46:42.920Z]     "sha256" : "768df3f004aa3b38a084df31b908e4edb8ab938c0d0d41b21bec793274eb28ad"
[2023-08-29T20:46:42.920Z]   },
[2023-08-29T20:46:42.920Z]   "originalChecksums" : {
[2023-08-29T20:46:42.920Z]     "sha1" : "f9531137f41341ab1b6427b970ed4ebcead1c860",
[2023-08-29T20:46:42.920Z]     "md5" : "d3180912dced95a02ac5325e8b5aa620",
[2023-08-29T20:46:42.920Z]     "sha256" : "768df3f004aa3b38a084df31b908e4edb8ab938c0d0d41b21bec793274eb28ad"
[2023-08-29T20:46:42.920Z]   },
[2023-08-29T20:46:42.920Z]   "uri" : "https://art-bobcat.autodesk.com:443/artifactory/api/storage/team-maya-generic/Maya/master/pmac/2023-08-28-14-38_0db3f797b3/202308281438-0db3f797b3-RUNDEV.dmg"
[2023-08-29T20:46:42.920Z] }
[2023-08-29T20:46:42.920Z] [VERBOSE] End loading URL (CURL): https://art-bobcat.autodesk.com:443/artifactory/api/storage/team-maya-generic/Maya/master/pmac/2023-08-28-14-38_0db3f797b3/202308281438-0db3f797b3-RUNDEV.dmg
[2023-08-29T20:46:42.920Z] Using Maya cut from /local/S/jenkins/workspace/shared/Artifactory/OSX/rundev-master/202308281438/runtime/f953113
[2023-08-29T20:46:42.920Z] Using Maya ADSK Signatures from /local/S/jenkins/workspace/shared/Artifactory/OSX/adsk-plugin-signatures-maya/2023/3ae1ae7
[2023-08-29T20:46:42.920Z] Using Maya Security Library from /local/S/jenkins/workspace/shared/Artifactory/OSX/maya-security-library/3.4.0/5e08f3e
[2023-08-29T20:46:42.920Z] Loading package MayaHydra-COTD-OSX-RelWithDebInfo
[2023-08-29T20:46:44.115Z] [VERBOSE] Start loading URL (CURL): https://art-bobcat.autodesk.com/artifactory/api/search/checksum?repos=team-maya-generic,oss-stg-generic,team-mayausd-post-generic,autodesk-3p-generic,adsk-build-tools-generic,team-ecg-generic&sha1=259d75e9e61320bdab251236fe8f9a073fc2d2d2
[2023-08-29T20:46:44.116Z] [DEBUG] Running: /usr/bin/curl -s -X GET --keepalive-time 10 --connect-timeout 60 --speed-limit 10000 --speed-time 120 --max-time 3600 --retry 5 --retry-max-time 2400 -H Connection:close -H Authorization:Basic ZWNnYmlmcm9zdDpvcGUqKjAw https://art-bobcat.autodesk.com/artifactory/api/search/checksum?repos=team-maya-generic,oss-stg-generic,team-mayausd-post-generic,autodesk-3p-generic,adsk-build-tools-generic,team-ecg-generic&sha1=259d75e9e61320bdab251236fe8f9a073fc2d2d2
[2023-08-29T20:46:44.116Z] [DEBUG] Output:
[2023-08-29T20:46:44.116Z] {
[2023-08-29T20:46:44.116Z]   "results" : [ {
[2023-08-29T20:46:44.116Z]     "uri" : "https://art-bobcat.autodesk.com:443/artifactory/api/storage/team-mayausd-post-generic/post/MayaHydra/cuts/COTD/2023-08-25-11-26-v0.4.0/osx/MayaHydra_0.4.0_Maya2025_OSX_RelWithDebInfo_202308251127_dc6aba3_cut.zip"
[2023-08-29T20:46:44.116Z]   } ]
[2023-08-29T20:46:44.116Z] }
[2023-08-29T20:46:44.116Z] [VERBOSE] End loading URL (CURL): https://art-bobcat.autodesk.com/artifactory/api/search/checksum?repos=team-maya-generic,oss-stg-generic,team-mayausd-post-generic,autodesk-3p-generic,adsk-build-tools-generic,team-ecg-generic&sha1=259d75e9e61320bdab251236fe8f9a073fc2d2d2
[2023-08-29T20:46:44.116Z] [VERBOSE] Start loading URL (CURL): https://art-bobcat.autodesk.com:443/artifactory/api/storage/team-mayausd-post-generic/post/MayaHydra/cuts/COTD/2023-08-25-11-26-v0.4.0/osx/MayaHydra_0.4.0_Maya2025_OSX_RelWithDebInfo_202308251127_dc6aba3_cut.zip
[2023-08-29T20:46:44.116Z] [DEBUG] Running: /usr/bin/curl -s -X GET --keepalive-time 10 --connect-timeout 60 --speed-limit 10000 --speed-time 120 --max-time 3600 --retry 5 --retry-max-time 2400 -H Connection:close -H Authorization:Basic ZWNnYmlmcm9zdDpvcGUqKjAw https://art-bobcat.autodesk.com:443/artifactory/api/storage/team-mayausd-post-generic/post/MayaHydra/cuts/COTD/2023-08-25-11-26-v0.4.0/osx/MayaHydra_0.4.0_Maya2025_OSX_RelWithDebInfo_202308251127_dc6aba3_cut.zip
[2023-08-29T20:46:44.116Z] [DEBUG] Output:
[2023-08-29T20:46:44.116Z] {
[2023-08-29T20:46:44.116Z]   "repo" : "team-mayausd-post-generic",
[2023-08-29T20:46:44.116Z]   "path" : "/post/MayaHydra/cuts/COTD/2023-08-25-11-26-v0.4.0/osx/MayaHydra_0.4.0_Maya2025_OSX_RelWithDebInfo_202308251127_dc6aba3_cut.zip",
[2023-08-29T20:46:44.116Z]   "created" : "2023-08-25T12:03:34.560-07:00",
[2023-08-29T20:46:44.116Z]   "createdBy" : "svc_d_ecg",
[2023-08-29T20:46:44.116Z]   "lastModified" : "2023-08-25T12:03:30.412-07:00",
[2023-08-29T20:46:44.116Z]   "modifiedBy" : "svc_d_ecg",
[2023-08-29T20:46:44.116Z]   "lastUpdated" : "2023-08-25T12:03:34.561-07:00",
[2023-08-29T20:46:44.116Z]   "downloadUri" : "https://art-bobcat.autodesk.com:443/artifactory/team-mayausd-post-generic/post/MayaHydra/cuts/COTD/2023-08-25-11-26-v0.4.0/osx/MayaHydra_0.4.0_Maya2025_OSX_RelWithDebInfo_202308251127_dc6aba3_cut.zip",
[2023-08-29T20:46:44.116Z]   "mimeType" : "application/zip",
[2023-08-29T20:46:44.116Z]   "size" : "311269593",
[2023-08-29T20:46:44.116Z]   "checksums" : {
[2023-08-29T20:46:44.116Z]     "sha1" : "259d75e9e61320bdab251236fe8f9a073fc2d2d2",
[2023-08-29T20:46:44.116Z]     "md5" : "fafc1d845aff0a017eacf8b3e2ff2fa1",
[2023-08-29T20:46:44.116Z]     "sha256" : "5e7e1512b3b4388e5f0ad6fd95db01126cc7299705fd0c73847a34a1f75516b9"
[2023-08-29T20:46:44.116Z]   },
[2023-08-29T20:46:44.116Z]   "originalChecksums" : {
[2023-08-29T20:46:44.116Z]     "sha1" : "259d75e9e61320bdab251236fe8f9a073fc2d2d2",
[2023-08-29T20:46:44.116Z]     "md5" : "fafc1d845aff0a017eacf8b3e2ff2fa1",
[2023-08-29T20:46:44.116Z]     "sha256" : "5e7e1512b3b4388e5f0ad6fd95db01126cc7299705fd0c73847a34a1f75516b9"
[2023-08-29T20:46:44.116Z]   },
[2023-08-29T20:46:44.116Z]   "uri" : "https://art-bobcat.autodesk.com:443/artifactory/api/storage/team-mayausd-post-generic/post/MayaHydra/cuts/COTD/2023-08-25-11-26-v0.4.0/osx/MayaHydra_0.4.0_Maya2025_OSX_RelWithDebInfo_202308251127_dc6aba3_cut.zip"
[2023-08-29T20:46:44.116Z] }
[2023-08-29T20:46:44.116Z] [VERBOSE] End loading URL (CURL): https://art-bobcat.autodesk.com:443/artifactory/api/storage/team-mayausd-post-generic/post/MayaHydra/cuts/COTD/2023-08-25-11-26-v0.4.0/osx/MayaHydra_0.4.0_Maya2025_OSX_RelWithDebInfo_202308251127_dc6aba3_cut.zip
[2023-08-29T20:46:44.116Z] [VERBOSE] Start loading URL (CURL): https://art-bobcat.autodesk.com:443/artifactory/api/storage/team-mayausd-post-generic/post/MayaHydra/cuts/COTD/2023-08-25-11-26-v0.4.0/osx/MayaHydra_0.4.0_Maya2025_OSX_RelWithDebInfo_202308251127_dc6aba3_cut.zip.multipart
[2023-08-29T20:46:44.116Z] [DEBUG] Running: /usr/bin/curl -s -X GET --keepalive-time 10 --connect-timeout 60 --speed-limit 10000 --speed-time 120 --max-time 3600 --retry 5 --retry-max-time 2400 -H Connection:close -H Authorization:Basic ZWNnYmlmcm9zdDpvcGUqKjAw https://art-bobcat.autodesk.com:443/artifactory/api/storage/team-mayausd-post-generic/post/MayaHydra/cuts/COTD/2023-08-25-11-26-v0.4.0/osx/MayaHydra_0.4.0_Maya2025_OSX_RelWithDebInfo_202308251127_dc6aba3_cut.zip.multipart
[2023-08-29T20:46:44.116Z] [DEBUG] Output:
[2023-08-29T20:46:44.116Z] {
[2023-08-29T20:46:44.116Z]   "errors" : [ {
[2023-08-29T20:46:44.116Z]     "status" : 404,
[2023-08-29T20:46:44.116Z]     "message" : "Unable to find item"
[2023-08-29T20:46:44.116Z]   } ]
[2023-08-29T20:46:44.116Z] }
[2023-08-29T20:46:44.116Z] [VERBOSE] End loading URL (CURL): https://art-bobcat.autodesk.com:443/artifactory/api/storage/team-mayausd-post-generic/post/MayaHydra/cuts/COTD/2023-08-25-11-26-v0.4.0/osx/MayaHydra_0.4.0_Maya2025_OSX_RelWithDebInfo_202308251127_dc6aba3_cut.zip.multipart
[2023-08-29T20:46:44.116Z] Downloading https://art-bobcat.autodesk.com:443/artifactory/team-mayausd-post-generic/post/MayaHydra/cuts/COTD/2023-08-25-11-26-v0.4.0/osx/MayaHydra_0.4.0_Maya2025_OSX_RelWithDebInfo_202308251127_dc6aba3_cut.zip to /local/S/jenkins/workspace/shared/Artifactory/OSX/tmp/tmp3fwyzvma
[2023-08-29T20:46:44.674Z] [VERBOSE] Start downloading file (CURL): https://art-bobcat.autodesk.com:443/artifactory/team-mayausd-post-generic/post/MayaHydra/cuts/COTD/2023-08-25-11-26-v0.4.0/osx/MayaHydra_0.4.0_Maya2025_OSX_RelWithDebInfo_202308251127_dc6aba3_cut.zip
[2023-08-29T20:46:44.674Z] [DEBUG] Running: /usr/bin/curl -sI -X GET --keepalive-time 10 --connect-timeout 60 --speed-limit 10000 --speed-time 120 --max-time 3600 --retry 5 --retry-max-time 2400 -H Connection:close -H Authorization:Basic ZWNnYmlmcm9zdDpvcGUqKjAw https://art-bobcat.autodesk.com:443/artifactory/team-mayausd-post-generic/post/MayaHydra/cuts/COTD/2023-08-25-11-26-v0.4.0/osx/MayaHydra_0.4.0_Maya2025_OSX_RelWithDebInfo_202308251127_dc6aba3_cut.zip
[2023-08-29T20:46:44.674Z] [DEBUG] Header:
[2023-08-29T20:46:44.674Z] HTTP/1.1 200 
[2023-08-29T20:46:44.674Z] Date: Tue, 29 Aug 2023 20:46:44 GMT
[2023-08-29T20:46:44.674Z] Content-Type: application/zip
[2023-08-29T20:46:44.674Z] Content-Length: 311269593
[2023-08-29T20:46:44.674Z] Connection: close
[2023-08-29T20:46:44.674Z] X-JFrog-Version: Artifactory/7.55.9 75509900
[2023-08-29T20:46:44.674Z] X-Artifactory-Id: 91cbbcce6bf28d778fec0961bd34cdd0d80badfd
[2023-08-29T20:46:44.674Z] X-Artifactory-Node-Id: ussclpdrsync010
[2023-08-29T20:46:44.674Z] Last-Modified: Fri, 25 Aug 2023 19:03:30 GMT
[2023-08-29T20:46:44.674Z] ETag: 259d75e9e61320bdab251236fe8f9a073fc2d2d2
[2023-08-29T20:46:44.674Z] X-Checksum-Sha1: 259d75e9e61320bdab251236fe8f9a073fc2d2d2
[2023-08-29T20:46:44.674Z] X-Checksum-Sha256: 5e7e1512b3b4388e5f0ad6fd95db01126cc7299705fd0c73847a34a1f75516b9
[2023-08-29T20:46:44.674Z] X-Checksum-Md5: fafc1d845aff0a017eacf8b3e2ff2fa1
[2023-08-29T20:46:44.674Z] Accept-Ranges: bytes
[2023-08-29T20:46:44.674Z] X-Artifactory-Filename: MayaHydra_0.4.0_Maya2025_OSX_RelWithDebInfo_202308251127_dc6aba3_cut.zip
[2023-08-29T20:46:44.674Z] Content-Disposition: attachment; filename="MayaHydra_0.4.0_Maya2025_OSX_RelWithDebInfo_202308251127_dc6aba3_cut.zip"; filename*=UTF-8''"MayaHydra_0.4.0_Maya2025_OSX_RelWithDebInfo_202308251127_dc6aba3_cut.zip"
[2023-08-29T20:46:44.674Z] Access-Control-Allow-Methods: GET, PUT, POST, OPTIONS, HEAD
[2023-08-29T20:46:44.674Z] Access-Control-Allow-Headers: Authorization, Origin, X-Requested-With, Content-Type, Accept
[2023-08-29T20:46:44.674Z] Access-Control-Allow-Credentials: true
[2023-08-29T20:46:44.674Z] Set-Cookie: AlteonSC=1465459466.47873.0000; path=/; Httponly; Secure
[2023-08-29T20:46:44.674Z] [DEBUG] Running: /usr/bin/curl --progress-bar -X GET --keepalive-time 10 --connect-timeout 60 --speed-limit 10000 --speed-time 120 --max-time 3600 --retry 5 --retry-max-time 2400 -H Connection:close -H Authorization:Basic ZWNnYmlmcm9zdDpvcGUqKjAw https://art-bobcat.autodesk.com:443/artifactory/team-mayausd-post-generic/post/MayaHydra/cuts/COTD/2023-08-25-11-26-v0.4.0/osx/MayaHydra_0.4.0_Maya2025_OSX_RelWithDebInfo_202308251127_dc6aba3_cut.zip -o /local/S/jenkins/workspace/shared/Artifactory/OSX/tmp/tmp3fwyzvma/MayaHydra_0.4.0_Maya2025_OSX_RelWithDebInfo_202308251127_dc6aba3_cut.zip
[2023-08-29T20:46:44.674Z]       0% complete.
[2023-08-29T20:46:45.763Z]       1% complete.
[2023-08-29T20:46:46.192Z]       2% complete.
[2023-08-29T20:46:46.404Z]       3% complete.
[2023-08-29T20:46:46.718Z]       4% complete.
[2023-08-29T20:46:46.940Z]       5% complete.
[2023-08-29T20:46:48.357Z]       6% complete.
[2023-08-29T20:46:48.799Z]       7% complete.
[2023-08-29T20:46:49.021Z]       8% complete.
[2023-08-29T20:46:49.128Z]       9% complete.
[2023-08-29T20:46:50.550Z]      10% complete.
[2023-08-29T20:46:50.662Z]      11% complete.
[2023-08-29T20:46:50.865Z]      12% complete.
[2023-08-29T20:46:51.301Z]      13% complete.
[2023-08-29T20:46:51.624Z]      14% complete.
[2023-08-29T20:46:51.731Z]      15% complete.
[2023-08-29T20:46:51.843Z]      16% complete.
[2023-08-29T20:46:52.165Z]      17% complete.
[2023-08-29T20:46:52.387Z]      18% complete.
[2023-08-29T20:46:53.582Z]      19% complete.
[2023-08-29T20:46:53.803Z]      20% complete.
[2023-08-29T20:46:54.022Z]      21% complete.
[2023-08-29T20:46:54.345Z]      22% complete.
[2023-08-29T20:46:54.564Z]      23% complete.
[2023-08-29T20:46:54.998Z]      24% complete.
[2023-08-29T20:46:55.100Z]      25% complete.
[2023-08-29T20:46:55.212Z]      26% complete.
[2023-08-29T20:46:55.434Z]      27% complete.
[2023-08-29T20:46:55.761Z]      28% complete.
[2023-08-29T20:46:55.871Z]      29% complete.
[2023-08-29T20:46:56.197Z]      30% complete.
[2023-08-29T20:46:56.309Z]      31% complete.
[2023-08-29T20:46:56.531Z]      32% complete.
[2023-08-29T20:46:56.642Z]      33% complete.
[2023-08-29T20:46:56.864Z]      34% complete.
[2023-08-29T20:46:56.976Z]      35% complete.
[2023-08-29T20:46:57.516Z]      36% complete.
[2023-08-29T20:46:57.628Z]      37% complete.
[2023-08-29T20:46:57.739Z]      38% complete.
[2023-08-29T20:46:57.952Z]      39% complete.
[2023-08-29T20:46:58.273Z]      40% complete.
[2023-08-29T20:46:58.385Z]      41% complete.
[2023-08-29T20:46:58.495Z]      42% complete.
[2023-08-29T20:46:58.598Z]      43% complete.
[2023-08-29T20:46:58.926Z]      44% complete.
[2023-08-29T20:46:59.258Z]      45% complete.
[2023-08-29T20:47:00.558Z]      46% complete.
[2023-08-29T20:47:00.773Z]      47% complete.
[2023-08-29T20:47:00.876Z]      48% complete.
[2023-08-29T20:47:01.090Z]      49% complete.
[2023-08-29T20:47:01.195Z]      50% complete.
[2023-08-29T20:47:01.409Z]      51% complete.
[2023-08-29T20:47:01.624Z]      52% complete.
[2023-08-29T20:47:01.624Z]      53% complete.
[2023-08-29T20:47:01.941Z]      54% complete.
[2023-08-29T20:47:02.049Z]      55% complete.
[2023-08-29T20:47:02.154Z]      56% complete.
[2023-08-29T20:47:02.487Z]      57% complete.
[2023-08-29T20:47:02.598Z]      58% complete.
[2023-08-29T20:47:02.820Z]      59% complete.
[2023-08-29T20:47:02.921Z]      60% complete.
[2023-08-29T20:47:03.033Z]      61% complete.
[2023-08-29T20:47:03.136Z]      62% complete.
[2023-08-29T20:47:03.464Z]      63% complete.
[2023-08-29T20:47:03.566Z]      64% complete.
[2023-08-29T20:47:03.677Z]      65% complete.
[2023-08-29T20:47:03.890Z]      66% complete.
[2023-08-29T20:47:04.222Z]      67% complete.
[2023-08-29T20:47:04.333Z]      68% complete.
[2023-08-29T20:47:04.651Z]      69% complete.
[2023-08-29T20:47:05.958Z]      70% complete.
[2023-08-29T20:47:06.070Z]      71% complete.
[2023-08-29T20:47:06.173Z]      72% complete.
[2023-08-29T20:47:06.279Z]      73% complete.
[2023-08-29T20:47:06.390Z]      74% complete.
[2023-08-29T20:47:06.502Z]      75% complete.
[2023-08-29T20:47:06.606Z]      76% complete.
[2023-08-29T20:47:07.150Z]      77% complete.
[2023-08-29T20:47:08.453Z]      78% complete.
[2023-08-29T20:47:08.564Z]      79% complete.
[2023-08-29T20:47:08.564Z]      80% complete.
[2023-08-29T20:47:08.775Z]      81% complete.
[2023-08-29T20:47:08.886Z]      82% complete.
[2023-08-29T20:47:09.218Z]      83% complete.
[2023-08-29T20:47:09.330Z]      84% complete.
[2023-08-29T20:47:09.442Z]      85% complete.
[2023-08-29T20:47:09.664Z]      86% complete.
[2023-08-29T20:47:09.996Z]      87% complete.
[2023-08-29T20:47:10.202Z]      88% complete.
[2023-08-29T20:47:10.202Z]      89% complete.
[2023-08-29T20:47:10.507Z]      90% complete.
[2023-08-29T20:47:10.610Z]      91% complete.
[2023-08-29T20:47:10.826Z]      92% complete.
[2023-08-29T20:47:10.938Z]      93% complete.
[2023-08-29T20:47:11.043Z]      94% complete.
[2023-08-29T20:47:11.371Z]      95% complete.
[2023-08-29T20:47:11.477Z]      96% complete.
[2023-08-29T20:47:11.699Z]      97% complete.
[2023-08-29T20:47:11.810Z]      98% complete.
[2023-08-29T20:47:12.032Z]      99% complete.
[2023-08-29T20:47:12.144Z]     100% complete.
[2023-08-29T20:47:12.144Z] [VERBOSE] End downloading file (CURL): https://art-bobcat.autodesk.com:443/artifactory/team-mayausd-post-generic/post/MayaHydra/cuts/COTD/2023-08-25-11-26-v0.4.0/osx/MayaHydra_0.4.0_Maya2025_OSX_RelWithDebInfo_202308251127_dc6aba3_cut.zip
[2023-08-29T20:47:12.144Z] Verifying package MayaHydra_0.4.0_Maya2025_OSX_RelWithDebInfo_202308251127_dc6aba3_cut.zip
[2023-08-29T20:47:12.254Z] Extracting MayaHydra_0.4.0_Maya2025_OSX_RelWithDebInfo_202308251127_dc6aba3_cut.zip to /local/S/jenkins/workspace/shared/Artifactory/OSX/tmp/tmprjuns6r3
[2023-08-29T20:47:14.313Z] Installing on /local/S/jenkins/workspace/shared/Artifactory/OSX/MayaHydra/259d75e
[2023-08-29T20:47:14.747Z] [VERBOSE] Start loading URL (CURL): https://art-bobcat.autodesk.com:443/artifactory/api/storage/team-maya-generic/Maya/master/pmac/2023-08-28-14-38_0db3f797b3/202308281438-0db3f797b3-RUNDEV.dmg.multipart
[2023-08-29T20:47:14.747Z] [DEBUG] Running: /usr/bin/curl -s -X GET --keepalive-time 10 --connect-timeout 60 --speed-limit 10000 --speed-time 120 --max-time 3600 --retry 5 --retry-max-time 2400 -H Connection:close -H Authorization:Basic ZWNnYmlmcm9zdDpvcGUqKjAw https://art-bobcat.autodesk.com:443/artifactory/api/storage/team-maya-generic/Maya/master/pmac/2023-08-28-14-38_0db3f797b3/202308281438-0db3f797b3-RUNDEV.dmg.multipart
[2023-08-29T20:47:14.747Z] [DEBUG] Output:
[2023-08-29T20:47:14.747Z] {
[2023-08-29T20:47:14.747Z]   "errors" : [ {
[2023-08-29T20:47:14.747Z]     "status" : 404,
[2023-08-29T20:47:14.747Z]     "message" : "Unable to find item"
[2023-08-29T20:47:14.747Z]   } ]
[2023-08-29T20:47:14.747Z] }
[2023-08-29T20:47:14.747Z] [VERBOSE] End loading URL (CURL): https://art-bobcat.autodesk.com:443/artifactory/api/storage/team-maya-generic/Maya/master/pmac/2023-08-28-14-38_0db3f797b3/202308281438-0db3f797b3-RUNDEV.dmg.multipart
[2023-08-29T20:47:14.747Z] Downloading https://art-bobcat.autodesk.com:443/artifactory/team-maya-generic/Maya/master/pmac/2023-08-28-14-38_0db3f797b3/202308281438-0db3f797b3-RUNDEV.dmg to /local/S/jenkins/workspace/shared/Artifactory/OSX/tmp/tmpqywy9xh1
[2023-08-29T20:47:15.408Z] [VERBOSE] Start downloading file (CURL): https://art-bobcat.autodesk.com:443/artifactory/team-maya-generic/Maya/master/pmac/2023-08-28-14-38_0db3f797b3/202308281438-0db3f797b3-RUNDEV.dmg
[2023-08-29T20:47:15.408Z] [DEBUG] Running: /usr/bin/curl -sI -X GET --keepalive-time 10 --connect-timeout 60 --speed-limit 10000 --speed-time 120 --max-time 3600 --retry 5 --retry-max-time 2400 -H Connection:close -H Authorization:Basic ZWNnYmlmcm9zdDpvcGUqKjAw https://art-bobcat.autodesk.com:443/artifactory/team-maya-generic/Maya/master/pmac/2023-08-28-14-38_0db3f797b3/202308281438-0db3f797b3-RUNDEV.dmg
[2023-08-29T20:47:15.408Z] [DEBUG] Header:
[2023-08-29T20:47:15.408Z] HTTP/1.1 200 
[2023-08-29T20:47:15.408Z] Date: Tue, 29 Aug 2023 20:47:15 GMT
[2023-08-29T20:47:15.408Z] Content-Type: application/octet-stream
[2023-08-29T20:47:15.408Z] Content-Length: 2861042348
[2023-08-29T20:47:15.408Z] Connection: close
[2023-08-29T20:47:15.408Z] X-JFrog-Version: Artifactory/7.55.9 75509900
[2023-08-29T20:47:15.408Z] X-Artifactory-Id: 336a19141239fc899a85fb504bffec11dfeab3c2
[2023-08-29T20:47:15.408Z] X-Artifactory-Node-Id: ussclpdrsync007
[2023-08-29T20:47:15.408Z] Last-Modified: Mon, 28 Aug 2023 22:39:07 GMT
[2023-08-29T20:47:15.408Z] ETag: f9531137f41341ab1b6427b970ed4ebcead1c860
[2023-08-29T20:47:15.408Z] X-Checksum-Sha1: f9531137f41341ab1b6427b970ed4ebcead1c860
[2023-08-29T20:47:15.408Z] X-Checksum-Sha256: 768df3f004aa3b38a084df31b908e4edb8ab938c0d0d41b21bec793274eb28ad
[2023-08-29T20:47:15.408Z] X-Checksum-Md5: d3180912dced95a02ac5325e8b5aa620
[2023-08-29T20:47:15.408Z] Accept-Ranges: bytes
[2023-08-29T20:47:15.408Z] X-Artifactory-Filename: 202308281438-0db3f797b3-RUNDEV.dmg
[2023-08-29T20:47:15.408Z] Content-Disposition: attachment; filename="202308281438-0db3f797b3-RUNDEV.dmg"; filename*=UTF-8''"202308281438-0db3f797b3-RUNDEV.dmg"
[2023-08-29T20:47:15.408Z] Access-Control-Allow-Methods: GET, PUT, POST, OPTIONS, HEAD
[2023-08-29T20:47:15.408Z] Access-Control-Allow-Headers: Authorization, Origin, X-Requested-With, Content-Type, Accept
[2023-08-29T20:47:15.408Z] Access-Control-Allow-Credentials: true
[2023-08-29T20:47:15.408Z] Set-Cookie: AlteonSC=2539135754.47873.0000; path=/; Httponly; Secure
[2023-08-29T20:47:15.408Z] [DEBUG] Running: /usr/bin/curl --progress-bar -X GET --keepalive-time 10 --connect-timeout 60 --speed-limit 10000 --speed-time 120 --max-time 3600 --retry 5 --retry-max-time 2400 -H Connection:close -H Authorization:Basic ZWNnYmlmcm9zdDpvcGUqKjAw https://art-bobcat.autodesk.com:443/artifactory/team-maya-generic/Maya/master/pmac/2023-08-28-14-38_0db3f797b3/202308281438-0db3f797b3-RUNDEV.dmg -o /local/S/jenkins/workspace/shared/Artifactory/OSX/tmp/tmpqywy9xh1/202308281438-0db3f797b3-RUNDEV.dmg
[2023-08-29T20:47:15.408Z]       0% complete.
[2023-08-29T20:47:22.026Z]       1% complete.
[2023-08-29T20:47:28.003Z]       2% complete.
[2023-08-29T20:47:30.279Z]       3% complete.
[2023-08-29T20:47:32.869Z]       4% complete.
[2023-08-29T20:47:35.490Z]       5% complete.
[2023-08-29T20:47:41.300Z]       6% complete.
[2023-08-29T20:47:46.857Z]       7% complete.
[2023-08-29T20:47:50.447Z]       8% complete.
[2023-08-29T20:47:52.400Z]       9% complete.
[2023-08-29T20:47:53.727Z]      10% complete.
[2023-08-29T20:47:56.676Z]      11% complete.
[2023-08-29T20:47:58.318Z]      12% complete.
[2023-08-29T20:48:00.286Z]      13% complete.
[2023-08-29T20:48:02.144Z]      14% complete.
[2023-08-29T20:48:06.049Z]      15% complete.
[2023-08-29T20:48:07.799Z]      16% complete.
[2023-08-29T20:48:10.748Z]      17% complete.
[2023-08-29T20:48:13.501Z]      18% complete.
[2023-08-29T20:48:16.239Z]      19% complete.
[2023-08-29T20:48:18.859Z]      20% complete.
[2023-08-29T20:48:21.160Z]      21% complete.
[2023-08-29T20:48:22.562Z]      22% complete.
[2023-08-29T20:48:23.867Z]      23% complete.
[2023-08-29T20:48:25.712Z]      24% complete.
[2023-08-29T20:48:27.235Z]      25% complete.
[2023-08-29T20:48:29.945Z]      26% complete.
[2023-08-29T20:48:31.380Z]      27% complete.
[2023-08-29T20:48:33.756Z]      28% complete.
[2023-08-29T20:48:34.963Z]      29% complete.
[2023-08-29T20:48:38.564Z]      30% complete.
[2023-08-29T20:48:40.856Z]      31% complete.
[2023-08-29T20:48:42.156Z]      32% complete.
[2023-08-29T20:48:43.566Z]      33% complete.
[2023-08-29T20:48:45.216Z]      34% complete.
[2023-08-29T20:48:46.520Z]      35% complete.
[2023-08-29T20:48:47.922Z]      36% complete.
[2023-08-29T20:48:48.911Z]      37% complete.
[2023-08-29T20:48:50.125Z]      38% complete.
[2023-08-29T20:48:51.427Z]      39% complete.
[2023-08-29T20:48:53.937Z]      40% complete.
[2023-08-29T20:48:55.139Z]      41% complete.
[2023-08-29T20:48:56.995Z]      42% complete.
[2023-08-29T20:48:58.066Z]      43% complete.
[2023-08-29T20:48:59.475Z]      44% complete.
[2023-08-29T20:49:01.769Z]      45% complete.
[2023-08-29T20:49:03.301Z]      46% complete.
[2023-08-29T20:49:04.510Z]      47% complete.
[2023-08-29T20:49:06.808Z]      48% complete.
[2023-08-29T20:49:08.435Z]      49% complete.
[2023-08-29T20:49:09.974Z]      50% complete.
[2023-08-29T20:49:13.564Z]      51% complete.
[2023-08-29T20:49:14.653Z]      52% complete.
[2023-08-29T20:49:15.628Z]      53% complete.
[2023-08-29T20:49:17.160Z]      54% complete.
[2023-08-29T20:49:19.430Z]      55% complete.
[2023-08-29T20:49:20.637Z]      56% complete.
[2023-08-29T20:49:22.794Z]      57% complete.
[2023-08-29T20:49:24.104Z]      58% complete.
[2023-08-29T20:49:26.297Z]      59% complete.
[2023-08-29T20:49:27.371Z]      60% complete.
[2023-08-29T20:49:29.334Z]      61% complete.
[2023-08-29T20:49:30.432Z]      62% complete.
[2023-08-29T20:49:31.647Z]      63% complete.
[2023-08-29T20:49:33.723Z]      64% complete.
[2023-08-29T20:49:35.336Z]      65% complete.
[2023-08-29T20:49:36.754Z]      66% complete.
[2023-08-29T20:49:40.129Z]      67% complete.
[2023-08-29T20:49:43.725Z]      68% complete.
[2023-08-29T20:49:45.136Z]      69% complete.
[2023-08-29T20:49:46.343Z]      70% complete.
[2023-08-29T20:49:47.662Z]      71% complete.
[2023-08-29T20:49:49.847Z]      72% complete.
[2023-08-29T20:49:52.570Z]      73% complete.
[2023-08-29T20:49:54.089Z]      74% complete.
[2023-08-29T20:49:56.155Z]      75% complete.
[2023-08-29T20:49:57.793Z]      76% complete.
[2023-08-29T20:50:01.033Z]      77% complete.
[2023-08-29T20:50:01.904Z]      78% complete.
[2023-08-29T20:50:03.114Z]      79% complete.
[2023-08-29T20:50:04.221Z]      80% complete.
[2023-08-29T20:50:06.582Z]      81% complete.
[2023-08-29T20:50:07.550Z]      82% complete.
[2023-08-29T20:50:08.980Z]      83% complete.
[2023-08-29T20:50:11.458Z]      84% complete.
[2023-08-29T20:50:14.731Z]      85% complete.
[2023-08-29T20:50:15.614Z]      86% complete.
[2023-08-29T20:50:17.682Z]      87% complete.
[2023-08-29T20:50:18.656Z]      88% complete.
[2023-08-29T20:50:20.622Z]      89% complete.
[2023-08-29T20:50:22.039Z]      90% complete.
[2023-08-29T20:50:23.469Z]      91% complete.
[2023-08-29T20:50:24.447Z]      92% complete.
[2023-08-29T20:50:25.659Z]      93% complete.
[2023-08-29T20:50:26.955Z]      94% complete.
[2023-08-29T20:50:27.711Z]      95% complete.
[2023-08-29T20:50:28.796Z]      96% complete.
[2023-08-29T20:50:30.217Z]      97% complete.
[2023-08-29T20:50:32.527Z]      98% complete.
[2023-08-29T20:50:34.271Z]      99% complete.
[2023-08-29T20:50:36.229Z]     100% complete.
[2023-08-29T20:50:36.229Z] [VERBOSE] End downloading file (CURL): https://art-bobcat.autodesk.com:443/artifactory/team-maya-generic/Maya/master/pmac/2023-08-28-14-38_0db3f797b3/202308281438-0db3f797b3-RUNDEV.dmg
[2023-08-29T20:50:36.229Z] Extracting 202308281438-0db3f797b3-RUNDEV.dmg to /local/S/jenkins/workspace/shared/Artifactory/OSX/tmp/tmpu4rbgzlg
[2023-08-29T20:51:36.189Z] Installing on /local/S/jenkins/workspace/shared/Artifactory/OSX/rundev-master/202308281438/runtime/f953113
[2023-08-29T20:51:36.300Z] 
[2023-08-29T20:51:36.300Z] ================================================================================
[2023-08-29T20:51:36.300Z]                              setup (RelWithDebInfo)
[2023-08-29T20:51:36.300Z] ================================================================================
[2023-08-29T20:51:36.300Z] Installing license file 'melicense.lic'.
[Pipeline] }
[Pipeline] // withEnv
[Pipeline] }
[Pipeline] // timeout
[Pipeline] }
[Pipeline] // stage
[Pipeline] }
[Pipeline] // timestamps
[Pipeline] timestamps
[Pipeline] {
[Pipeline] stage
[Pipeline] { (Clean)
[Pipeline] timeout
[2023-08-29T20:51:36.585Z] Timeout set to expire in 6 hr 0 min
[Pipeline] {
[Pipeline] withEnv
[Pipeline] {
[Pipeline] sh
[2023-08-29T20:51:37.713Z] + python ecg-maya-usd/build.py --stages=clean --workspace-dir=/local/S/jenkins/workspace/ECP/ecg-maya-usd/ecg-mayausd-branch-preflight-python3-osx --artifactory-dir=/local/S/jenkins/workspace/shared/Artifactory --build-dir=/local/S/jenkins/workspace/ECP/ecg-maya-usd/ecg-mayausd-branch-preflight-python3-osx/build --install-dir=/local/S/jenkins/workspace/ECP/ecg-maya-usd/ecg-mayausd-branch-preflight-python3-osx/install --signing-dir=/local/S/jenkins/workspace/ECP/ecg-maya-usd/ecg-mayausd-branch-preflight-python3-osx/signing --package-dir=/local/S/jenkins/workspace/ECP/ecg-maya-usd/ecg-mayausd-branch-preflight-python3-osx/package --output-dir=/local/S/jenkins/workspace/ECP/ecg-maya-usd/ecg-mayausd-branch-preflight-python3-osx/output --stash-dir=/local/S/jenkins/workspace/ECP/ecg-maya-usd/ecg-mayausd-branch-preflight-python3-osx/stash --jenkins-build=1269 --git-commit=60aa172e18bc60262a5aa90a0a558274ee0ea7dc --git-branch=master --variants=Debug --python=3.10 --post-zips=false --osx-binary-architecture-target=ub2 --osx-deployment-target=11.0 --osx-base-sdk=CurrentActiveSDK --maya-cut-config=maya-rundev-master-debug.yaml --maya-package=rundev-master-debug --stage-banner
[2023-08-29T20:51:37.713Z] Using Maya cut from /local/S/jenkins/workspace/shared/Artifactory/OSX/rundev-master-debug/202308271257/runtime/18ae5c8
[2023-08-29T20:51:37.713Z] Using Maya ADSK Signatures from /local/S/jenkins/workspace/shared/Artifactory/OSX/adsk-plugin-signatures-maya/2023/3ae1ae7
[2023-08-29T20:51:37.713Z] Using Maya Security Library from /local/S/jenkins/workspace/shared/Artifactory/OSX/maya-security-library/3.4.0/5e08f3e
[2023-08-29T20:51:37.713Z] 
[2023-08-29T20:51:37.713Z] ================================================================================
[2023-08-29T20:51:37.713Z]                                  clean (Debug)
[2023-08-29T20:51:37.713Z] ================================================================================
[2023-08-29T20:51:37.713Z] Maya Python Debug Info:
[2023-08-29T20:51:37.713Z]   mayapy executable   = /local/S/jenkins/workspace/shared/Artifactory/OSX/rundev-master-debug/202308271257/runtime/18ae5c8/runTime/Maya.app/Contents/bin/mayapy
[2023-08-29T20:51:37.713Z]   Include Folder      = /local/S/jenkins/workspace/shared/Artifactory/OSX/rundev-master-debug/202308271257/runtime/18ae5c8/runTime/Maya.app/Contents/Frameworks/Python.framework/Versions/Current/include/python3.10
[2023-08-29T20:51:37.713Z]   Library             = /local/S/jenkins/workspace/shared/Artifactory/OSX/rundev-master-debug/202308271257/runtime/18ae5c8/runTime/Maya.app/Contents/Frameworks/Python.framework/Versions/Current/lib/libpython3.10.dylib
[2023-08-29T20:51:37.713Z]   site-package Folder = /local/S/jenkins/workspace/shared/Artifactory/OSX/rundev-master-debug/202308271257/runtime/18ae5c8/runTime/Maya.app/Contents/Frameworks/Python.framework/Versions/Current/lib/python3.10/site-packages
[2023-08-29T20:51:38.470Z] In workdir: /Volumes/DATA/local/S/jenkins/workspace/ECP/ecg-maya-usd/ecg-mayausd-branch-preflight-python3-osx/ecg-maya-usd/maya-usd
[2023-08-29T20:51:38.470Z] Executing: arch -arch arm64 /local/S/jenkins/workspace/shared/Artifactory/OSX/rundev-master-debug/202308271257/runtime/18ae5c8/runTime/Maya.app/Contents/bin/mayapy /Volumes/DATA/local/S/jenkins/workspace/ECP/ecg-maya-usd/ecg-mayausd-branch-preflight-python3-osx/ecg-maya-usd/maya-usd/build.py --generator Ninja --build-debug --maya-location /local/S/jenkins/workspace/shared/Artifactory/OSX/rundev-master-debug/202308271257/runtime/18ae5c8/runTime --devkit-location /local/S/jenkins/workspace/shared/Artifactory/OSX/rundev-master-debug/202308271257/runtime/18ae5c8/devkitBase --pxrusd-location /local/S/jenkins/workspace/shared/Artifactory/OSX/USD/a9d0dd1 --qt-location /local/S/jenkins/workspace/shared/Artifactory/OSX/qt/6.5.0/f6ad02b --materialx --build-args=-DCMAKE_MAKE_PROGRAM=/local/S/jenkins/workspace/shared/Artifactory/OSX/ninja/1.10.2/95d0ca5/ninja,-DPYTHON_INCLUDE_DIR=/local/S/jenkins/workspace/shared/Artifactory/OSX/rundev-master-debug/202308271257/runtime/18ae5c8/runTime/Maya.app/Contents/Frameworks/Python.framework/Versions/Current/include/python3.10,-DPython_EXECUTABLE=/local/S/jenkins/workspace/shared/Artifactory/OSX/rundev-master-debug/202308271257/runtime/18ae5c8/runTime/Maya.app/Contents/bin/mayapy,-DPYTHON_LIBRARIES=/local/S/jenkins/workspace/shared/Artifactory/OSX/rundev-master-debug/202308271257/runtime/18ae5c8/runTime/Maya.app/Contents/Frameworks/Python.framework/Versions/Current/lib/libpython3.10.dylib,-DBUILD_WITH_PYTHON_3=ON,-DBUILD_WITH_PYTHON_3_VERSION=3.10,-DBUILD_UB2=ON,-DBUILD_HDMAYA=OFF,-DBUILD_WITH_QT_6=ON '--ctest-args=-E testUsdReferenceAssemblySelection|testUsdMayaAppDir,-LE interactive,--parallel 8' --stages=clean --redirect-outstream-file=False --install-location /local/S/jenkins/workspace/ECP/ecg-maya-usd/ecg-mayausd-branch-preflight-python3-osx/install/Debug/MayaUSD /local/S/jenkins/workspace/ECP/ecg-maya-usd/ecg-mayausd-branch-preflight-python3-osx
[2023-08-29T20:51:38.470Z] Modified environment variables:
[2023-08-29T20:51:38.470Z]     PATH=/local/S/jenkins/workspace/shared/Artifactory/OSX/cmake/3.20.3/2594509/bin:/opt/homebrew/bin:/usr/local/bin:/bin:/usr/sbin:/sbin:/usr/bin:/usr/bin:/bin:/usr/sbin:/sbin
[2023-08-29T20:51:38.691Z]     WARNING: --qt-location flag is deprecated as Qt is found automatically in Maya devkit.
[2023-08-29T20:51:38.691Z]     
[2023-08-29T20:51:38.691Z]         Building with settings:
[2023-08-29T20:51:38.691Z]           Source directory          /Volumes/DATA/local/S/jenkins/workspace/ECP/ecg-maya-usd/ecg-mayausd-branch-preflight-python3-osx/ecg-maya-usd/maya-usd
[2023-08-29T20:51:38.691Z]           Workspace directory       /local/S/jenkins/workspace/ECP/ecg-maya-usd/ecg-mayausd-branch-preflight-python3-osx
[2023-08-29T20:51:38.691Z]           Build directory           /local/S/jenkins/workspace/ECP/ecg-maya-usd/ecg-mayausd-branch-preflight-python3-osx/build/Debug
[2023-08-29T20:51:38.691Z]           Install directory         /local/S/jenkins/workspace/ECP/ecg-maya-usd/ecg-mayausd-branch-preflight-python3-osx/install/Debug/MayaUSD
[2023-08-29T20:51:38.691Z]           Variant                   Debug
[2023-08-29T20:51:38.691Z]           Python Debug              Off
[2023-08-29T20:51:38.691Z]           CMake generator           Ninja
[2023-08-29T20:51:38.691Z]           Build arguments           ['-DCMAKE_MAKE_PROGRAM=/local/S/jenkins/workspace/shared/Artifactory/OSX/ninja/1.10.2/95d0ca5/ninja', '-DPYTHON_INCLUDE_DIR=/local/S/jenkins/workspace/shared/Artifactory/OSX/rundev-master-debug/202308271257/runtime/18ae5c8/runTime/Maya.app/Contents/Frameworks/Python.framework/Versions/Current/include/python3.10', '-DPython_EXECUTABLE=/local/S/jenkins/workspace/shared/Artifactory/OSX/rundev-master-debug/202308271257/runtime/18ae5c8/runTime/Maya.app/Contents/bin/mayapy', '-DPYTHON_LIBRARIES=/local/S/jenkins/workspace/shared/Artifactory/OSX/rundev-master-debug/202308271257/runtime/18ae5c8/runTime/Maya.app/Contents/Frameworks/Python.framework/Versions/Current/lib/libpython3.10.dylib', '-DBUILD_WITH_PYTHON_3=ON', '-DBUILD_WITH_PYTHON_3_VERSION=3.10', '-DBUILD_UB2=ON', '-DBUILD_HDMAYA=OFF', '-DBUILD_WITH_QT_6=ON']
[2023-08-29T20:51:38.691Z]           Stages arguments          ['clean']
[2023-08-29T20:51:38.691Z]           CTest arguments           ['-E testUsdReferenceAssemblySelection|testUsdMayaAppDir', '-LE interactive', '--parallel 8']
[2023-08-29T20:51:38.691Z]     Success MayaUSD build and install !!!!
[2023-08-29T20:51:38.691Z]     Elapsed time: 00:00:00
[Pipeline] sh
[2023-08-29T20:51:39.914Z] + python ecg-maya-usd/build.py --stages=clean --workspace-dir=/local/S/jenkins/workspace/ECP/ecg-maya-usd/ecg-mayausd-branch-preflight-python3-osx --artifactory-dir=/local/S/jenkins/workspace/shared/Artifactory --build-dir=/local/S/jenkins/workspace/ECP/ecg-maya-usd/ecg-mayausd-branch-preflight-python3-osx/build --install-dir=/local/S/jenkins/workspace/ECP/ecg-maya-usd/ecg-mayausd-branch-preflight-python3-osx/install --signing-dir=/local/S/jenkins/workspace/ECP/ecg-maya-usd/ecg-mayausd-branch-preflight-python3-osx/signing --package-dir=/local/S/jenkins/workspace/ECP/ecg-maya-usd/ecg-mayausd-branch-preflight-python3-osx/package --output-dir=/local/S/jenkins/workspace/ECP/ecg-maya-usd/ecg-mayausd-branch-preflight-python3-osx/output --stash-dir=/local/S/jenkins/workspace/ECP/ecg-maya-usd/ecg-mayausd-branch-preflight-python3-osx/stash --jenkins-build=1269 --git-commit=60aa172e18bc60262a5aa90a0a558274ee0ea7dc --git-branch=master --variants=RelWithDebInfo --python=3.10 --post-zips=false --osx-binary-architecture-target=ub2 --osx-deployment-target=11.0 --osx-base-sdk=CurrentActiveSDK --maya-cut-config=maya-rundev-master.yaml --maya-package=rundev-master --stage-banner
[2023-08-29T20:51:39.914Z] Using Maya cut from /local/S/jenkins/workspace/shared/Artifactory/OSX/rundev-master/202308281438/runtime/f953113
[2023-08-29T20:51:39.914Z] Using Maya ADSK Signatures from /local/S/jenkins/workspace/shared/Artifactory/OSX/adsk-plugin-signatures-maya/2023/3ae1ae7
[2023-08-29T20:51:39.914Z] Using Maya Security Library from /local/S/jenkins/workspace/shared/Artifactory/OSX/maya-security-library/3.4.0/5e08f3e
[2023-08-29T20:51:39.914Z] 
[2023-08-29T20:51:39.914Z] ================================================================================
[2023-08-29T20:51:39.914Z]                              clean (RelWithDebInfo)
[2023-08-29T20:51:39.914Z] ================================================================================
[2023-08-29T20:51:39.914Z] Maya Python RelWithDebInfo Info:
[2023-08-29T20:51:39.914Z]   mayapy executable   = /local/S/jenkins/workspace/shared/Artifactory/OSX/rundev-master/202308281438/runtime/f953113/runTime/Maya.app/Contents/bin/mayapy
[2023-08-29T20:51:39.914Z]   Include Folder      = /local/S/jenkins/workspace/shared/Artifactory/OSX/rundev-master/202308281438/runtime/f953113/runTime/Maya.app/Contents/Frameworks/Python.framework/Versions/Current/include/python3.10
[2023-08-29T20:51:39.914Z]   Library             = /local/S/jenkins/workspace/shared/Artifactory/OSX/rundev-master/202308281438/runtime/f953113/runTime/Maya.app/Contents/Frameworks/Python.framework/Versions/Current/lib/libpython3.10.dylib
[2023-08-29T20:51:39.914Z]   site-package Folder = /local/S/jenkins/workspace/shared/Artifactory/OSX/rundev-master/202308281438/runtime/f953113/runTime/Maya.app/Contents/Frameworks/Python.framework/Versions/Current/lib/python3.10/site-packages
[2023-08-29T20:51:54.371Z] Adding Python package requirements: ['/local/S/jenkins/workspace/shared/Artifactory/OSX/rundev-master/202308281438/runtime/f953113/runTime/Maya.app/Contents/bin/mayapy', '-m', 'pip', 'install', '-t', '/local/S/jenkins/workspace/shared/Artifactory/OSX/rundev-master/202308281438/runtime/f953113/runTime/Maya.app/Contents/Frameworks/Python.framework/Versions/Current/lib/python3.10/site-packages', '-r', 'python_requirements.txt']
[2023-08-29T20:51:56.983Z] In workdir: /Volumes/DATA/local/S/jenkins/workspace/ECP/ecg-maya-usd/ecg-mayausd-branch-preflight-python3-osx/ecg-maya-usd/maya-usd
[2023-08-29T20:51:56.984Z] Executing: arch -arch arm64 /local/S/jenkins/workspace/shared/Artifactory/OSX/rundev-master/202308281438/runtime/f953113/runTime/Maya.app/Contents/bin/mayapy /Volumes/DATA/local/S/jenkins/workspace/ECP/ecg-maya-usd/ecg-mayausd-branch-preflight-python3-osx/ecg-maya-usd/maya-usd/build.py --generator Ninja --build-relwithdebug --maya-location /local/S/jenkins/workspace/shared/Artifactory/OSX/rundev-master/202308281438/runtime/f953113/runTime --devkit-location /local/S/jenkins/workspace/shared/Artifactory/OSX/rundev-master/202308281438/runtime/f953113/devkitBase --pxrusd-location /local/S/jenkins/workspace/shared/Artifactory/OSX/USD/b595ab2 --qt-location /local/S/jenkins/workspace/shared/Artifactory/OSX/qt/6.5.0/f6ad02b --materialx --build-args=-DCMAKE_MAKE_PROGRAM=/local/S/jenkins/workspace/shared/Artifactory/OSX/ninja/1.10.2/95d0ca5/ninja,-DPYTHON_INCLUDE_DIR=/local/S/jenkins/workspace/shared/Artifactory/OSX/rundev-master/202308281438/runtime/f953113/runTime/Maya.app/Contents/Frameworks/Python.framework/Versions/Current/include/python3.10,-DPython_EXECUTABLE=/local/S/jenkins/workspace/shared/Artifactory/OSX/rundev-master/202308281438/runtime/f953113/runTime/Maya.app/Contents/bin/mayapy,-DPYTHON_LIBRARIES=/local/S/jenkins/workspace/shared/Artifactory/OSX/rundev-master/202308281438/runtime/f953113/runTime/Maya.app/Contents/Frameworks/Python.framework/Versions/Current/lib/libpython3.10.dylib,-DBUILD_WITH_PYTHON_3=ON,-DBUILD_WITH_PYTHON_3_VERSION=3.10,-DBUILD_UB2=ON,-DBUILD_HDMAYA=OFF,-DBUILD_WITH_QT_6=ON '--ctest-args=-E testUsdReferenceAssemblySelection|testUsdMayaAppDir,-LE interactive,--parallel 8' --stages=clean --redirect-outstream-file=False --install-location /local/S/jenkins/workspace/ECP/ecg-maya-usd/ecg-mayausd-branch-preflight-python3-osx/install/RelWithDebInfo/MayaUSD /local/S/jenkins/workspace/ECP/ecg-maya-usd/ecg-mayausd-branch-preflight-python3-osx
[2023-08-29T20:51:56.984Z] Modified environment variables:
[2023-08-29T20:51:56.984Z]     PATH=/local/S/jenkins/workspace/shared/Artifactory/OSX/cmake/3.20.3/2594509/bin:/opt/homebrew/bin:/usr/local/bin:/bin:/usr/sbin:/sbin:/usr/bin:/usr/bin:/bin:/usr/sbin:/sbin
[2023-08-29T20:51:57.205Z]     WARNING: --qt-location flag is deprecated as Qt is found automatically in Maya devkit.
[2023-08-29T20:51:57.205Z]     
[2023-08-29T20:51:57.205Z]         Building with settings:
[2023-08-29T20:51:57.205Z]           Source directory          /Volumes/DATA/local/S/jenkins/workspace/ECP/ecg-maya-usd/ecg-mayausd-branch-preflight-python3-osx/ecg-maya-usd/maya-usd
[2023-08-29T20:51:57.205Z]           Workspace directory       /local/S/jenkins/workspace/ECP/ecg-maya-usd/ecg-mayausd-branch-preflight-python3-osx
[2023-08-29T20:51:57.205Z]           Build directory           /local/S/jenkins/workspace/ECP/ecg-maya-usd/ecg-mayausd-branch-preflight-python3-osx/build/RelWithDebInfo
[2023-08-29T20:51:57.205Z]           Install directory         /local/S/jenkins/workspace/ECP/ecg-maya-usd/ecg-mayausd-branch-preflight-python3-osx/install/RelWithDebInfo/MayaUSD
[2023-08-29T20:51:57.205Z]           Variant                   RelWithDebInfo
[2023-08-29T20:51:57.205Z]           Python Debug              Off
[2023-08-29T20:51:57.205Z]           CMake generator           Ninja
[2023-08-29T20:51:57.205Z]           Build arguments           ['-DCMAKE_MAKE_PROGRAM=/local/S/jenkins/workspace/shared/Artifactory/OSX/ninja/1.10.2/95d0ca5/ninja', '-DPYTHON_INCLUDE_DIR=/local/S/jenkins/workspace/shared/Artifactory/OSX/rundev-master/202308281438/runtime/f953113/runTime/Maya.app/Contents/Frameworks/Python.framework/Versions/Current/include/python3.10', '-DPython_EXECUTABLE=/local/S/jenkins/workspace/shared/Artifactory/OSX/rundev-master/202308281438/runtime/f953113/runTime/Maya.app/Contents/bin/mayapy', '-DPYTHON_LIBRARIES=/local/S/jenkins/workspace/shared/Artifactory/OSX/rundev-master/202308281438/runtime/f953113/runTime/Maya.app/Contents/Frameworks/Python.framework/Versions/Current/lib/libpython3.10.dylib', '-DBUILD_WITH_PYTHON_3=ON', '-DBUILD_WITH_PYTHON_3_VERSION=3.10', '-DBUILD_UB2=ON', '-DBUILD_HDMAYA=OFF', '-DBUILD_WITH_QT_6=ON']
[2023-08-29T20:51:57.205Z]           Stages arguments          ['clean']
[2023-08-29T20:51:57.205Z]           CTest arguments           ['-E testUsdReferenceAssemblySelection|testUsdMayaAppDir', '-LE interactive', '--parallel 8']
[2023-08-29T20:51:57.205Z]     Success MayaUSD build and install !!!!
[2023-08-29T20:51:57.205Z]     Elapsed time: 00:00:00
[Pipeline] }
[Pipeline] // withEnv
[Pipeline] }
[Pipeline] // timeout
[Pipeline] }
[Pipeline] // stage
[Pipeline] }
[Pipeline] // timestamps
[Pipeline] timestamps
[Pipeline] {
[Pipeline] stage
[Pipeline] { (Configure)
[Pipeline] timeout
[2023-08-29T20:51:57.429Z] Timeout set to expire in 6 hr 0 min
[Pipeline] {
[Pipeline] withEnv
[Pipeline] {
[Pipeline] sh
[2023-08-29T20:51:58.583Z] + python ecg-maya-usd/build.py --stages=configure --workspace-dir=/local/S/jenkins/workspace/ECP/ecg-maya-usd/ecg-mayausd-branch-preflight-python3-osx --artifactory-dir=/local/S/jenkins/workspace/shared/Artifactory --build-dir=/local/S/jenkins/workspace/ECP/ecg-maya-usd/ecg-mayausd-branch-preflight-python3-osx/build --install-dir=/local/S/jenkins/workspace/ECP/ecg-maya-usd/ecg-mayausd-branch-preflight-python3-osx/install --signing-dir=/local/S/jenkins/workspace/ECP/ecg-maya-usd/ecg-mayausd-branch-preflight-python3-osx/signing --package-dir=/local/S/jenkins/workspace/ECP/ecg-maya-usd/ecg-mayausd-branch-preflight-python3-osx/package --output-dir=/local/S/jenkins/workspace/ECP/ecg-maya-usd/ecg-mayausd-branch-preflight-python3-osx/output --stash-dir=/local/S/jenkins/workspace/ECP/ecg-maya-usd/ecg-mayausd-branch-preflight-python3-osx/stash --jenkins-build=1269 --git-commit=60aa172e18bc60262a5aa90a0a558274ee0ea7dc --git-branch=master --variants=Debug --python=3.10 --post-zips=false --osx-binary-architecture-target=ub2 --osx-deployment-target=11.0 --osx-base-sdk=CurrentActiveSDK --maya-cut-config=maya-rundev-master-debug.yaml --maya-package=rundev-master-debug --stage-banner
[2023-08-29T20:51:58.583Z] Using Maya cut from /local/S/jenkins/workspace/shared/Artifactory/OSX/rundev-master-debug/202308271257/runtime/18ae5c8
[2023-08-29T20:51:58.583Z] Using Maya ADSK Signatures from /local/S/jenkins/workspace/shared/Artifactory/OSX/adsk-plugin-signatures-maya/2023/3ae1ae7
[2023-08-29T20:51:58.583Z] Using Maya Security Library from /local/S/jenkins/workspace/shared/Artifactory/OSX/maya-security-library/3.4.0/5e08f3e
[2023-08-29T20:51:58.583Z] 
[2023-08-29T20:51:58.583Z] ================================================================================
[2023-08-29T20:51:58.583Z]                                configure (Debug)
[2023-08-29T20:51:58.583Z] ================================================================================
[2023-08-29T20:51:58.583Z] Maya Python Debug Info:
[2023-08-29T20:51:58.583Z]   mayapy executable   = /local/S/jenkins/workspace/shared/Artifactory/OSX/rundev-master-debug/202308271257/runtime/18ae5c8/runTime/Maya.app/Contents/bin/mayapy
[2023-08-29T20:51:58.583Z]   Include Folder      = /local/S/jenkins/workspace/shared/Artifactory/OSX/rundev-master-debug/202308271257/runtime/18ae5c8/runTime/Maya.app/Contents/Frameworks/Python.framework/Versions/Current/include/python3.10
[2023-08-29T20:51:58.583Z]   Library             = /local/S/jenkins/workspace/shared/Artifactory/OSX/rundev-master-debug/202308271257/runtime/18ae5c8/runTime/Maya.app/Contents/Frameworks/Python.framework/Versions/Current/lib/libpython3.10.dylib
[2023-08-29T20:51:58.583Z]   site-package Folder = /local/S/jenkins/workspace/shared/Artifactory/OSX/rundev-master-debug/202308271257/runtime/18ae5c8/runTime/Maya.app/Contents/Frameworks/Python.framework/Versions/Current/lib/python3.10/site-packages
[2023-08-29T20:51:58.805Z] In workdir: /Volumes/DATA/local/S/jenkins/workspace/ECP/ecg-maya-usd/ecg-mayausd-branch-preflight-python3-osx/ecg-maya-usd/maya-usd
[2023-08-29T20:51:58.805Z] Executing: arch -arch arm64 /local/S/jenkins/workspace/shared/Artifactory/OSX/rundev-master-debug/202308271257/runtime/18ae5c8/runTime/Maya.app/Contents/bin/mayapy /Volumes/DATA/local/S/jenkins/workspace/ECP/ecg-maya-usd/ecg-mayausd-branch-preflight-python3-osx/ecg-maya-usd/maya-usd/build.py --generator Ninja --build-debug --maya-location /local/S/jenkins/workspace/shared/Artifactory/OSX/rundev-master-debug/202308271257/runtime/18ae5c8/runTime --devkit-location /local/S/jenkins/workspace/shared/Artifactory/OSX/rundev-master-debug/202308271257/runtime/18ae5c8/devkitBase --pxrusd-location /local/S/jenkins/workspace/shared/Artifactory/OSX/USD/a9d0dd1 --qt-location /local/S/jenkins/workspace/shared/Artifactory/OSX/qt/6.5.0/f6ad02b --materialx --build-args=-DCMAKE_MAKE_PROGRAM=/local/S/jenkins/workspace/shared/Artifactory/OSX/ninja/1.10.2/95d0ca5/ninja,-DPYTHON_INCLUDE_DIR=/local/S/jenkins/workspace/shared/Artifactory/OSX/rundev-master-debug/202308271257/runtime/18ae5c8/runTime/Maya.app/Contents/Frameworks/Python.framework/Versions/Current/include/python3.10,-DPython_EXECUTABLE=/local/S/jenkins/workspace/shared/Artifactory/OSX/rundev-master-debug/202308271257/runtime/18ae5c8/runTime/Maya.app/Contents/bin/mayapy,-DPYTHON_LIBRARIES=/local/S/jenkins/workspace/shared/Artifactory/OSX/rundev-master-debug/202308271257/runtime/18ae5c8/runTime/Maya.app/Contents/Frameworks/Python.framework/Versions/Current/lib/libpython3.10.dylib,-DBUILD_WITH_PYTHON_3=ON,-DBUILD_WITH_PYTHON_3_VERSION=3.10,-DBUILD_UB2=ON,-DBUILD_HDMAYA=OFF,-DBUILD_WITH_QT_6=ON '--ctest-args=-E testUsdReferenceAssemblySelection|testUsdMayaAppDir,-LE interactive,--parallel 8' --stages=configure --redirect-outstream-file=False --install-location /local/S/jenkins/workspace/ECP/ecg-maya-usd/ecg-mayausd-branch-preflight-python3-osx/install/Debug/MayaUSD /local/S/jenkins/workspace/ECP/ecg-maya-usd/ecg-mayausd-branch-preflight-python3-osx
[2023-08-29T20:51:58.805Z] Modified environment variables:
[2023-08-29T20:51:58.805Z]     PATH=/local/S/jenkins/workspace/shared/Artifactory/OSX/cmake/3.20.3/2594509/bin:/opt/homebrew/bin:/usr/local/bin:/bin:/usr/sbin:/sbin:/usr/bin:/usr/bin:/bin:/usr/sbin:/sbin
[2023-08-29T20:51:59.349Z]     WARNING: --qt-location flag is deprecated as Qt is found automatically in Maya devkit.
[2023-08-29T20:51:59.349Z]     
[2023-08-29T20:51:59.349Z]         Building with settings:
[2023-08-29T20:51:59.349Z]           Source directory          /Volumes/DATA/local/S/jenkins/workspace/ECP/ecg-maya-usd/ecg-mayausd-branch-preflight-python3-osx/ecg-maya-usd/maya-usd
[2023-08-29T20:51:59.349Z]           Workspace directory       /local/S/jenkins/workspace/ECP/ecg-maya-usd/ecg-mayausd-branch-preflight-python3-osx
[2023-08-29T20:51:59.349Z]           Build directory           /local/S/jenkins/workspace/ECP/ecg-maya-usd/ecg-mayausd-branch-preflight-python3-osx/build/Debug
[2023-08-29T20:51:59.349Z]           Install directory         /local/S/jenkins/workspace/ECP/ecg-maya-usd/ecg-mayausd-branch-preflight-python3-osx/install/Debug/MayaUSD
[2023-08-29T20:51:59.349Z]           Variant                   Debug
[2023-08-29T20:51:59.349Z]           Python Debug              Off
[2023-08-29T20:51:59.349Z]           CMake generator           Ninja
[2023-08-29T20:51:59.349Z]           Build arguments           ['-DCMAKE_MAKE_PROGRAM=/local/S/jenkins/workspace/shared/Artifactory/OSX/ninja/1.10.2/95d0ca5/ninja', '-DPYTHON_INCLUDE_DIR=/local/S/jenkins/workspace/shared/Artifactory/OSX/rundev-master-debug/202308271257/runtime/18ae5c8/runTime/Maya.app/Contents/Frameworks/Python.framework/Versions/Current/include/python3.10', '-DPython_EXECUTABLE=/local/S/jenkins/workspace/shared/Artifactory/OSX/rundev-master-debug/202308271257/runtime/18ae5c8/runTime/Maya.app/Contents/bin/mayapy', '-DPYTHON_LIBRARIES=/local/S/jenkins/workspace/shared/Artifactory/OSX/rundev-master-debug/202308271257/runtime/18ae5c8/runTime/Maya.app/Contents/Frameworks/Python.framework/Versions/Current/lib/libpython3.10.dylib', '-DBUILD_WITH_PYTHON_3=ON', '-DBUILD_WITH_PYTHON_3_VERSION=3.10', '-DBUILD_UB2=ON', '-DBUILD_HDMAYA=OFF', '-DBUILD_WITH_QT_6=ON']
[2023-08-29T20:51:59.349Z]           Stages arguments          ['configure']
[2023-08-29T20:51:59.349Z]           CTest arguments           ['-E testUsdReferenceAssemblySelection|testUsdMayaAppDir', '-LE interactive', '--parallel 8']
[2023-08-29T20:51:59.349Z]     STATUS: Could not find Maya Qt6.
[2023-08-29T20:51:59.349Z]     STATUS:   Extracting '/local/S/jenkins/workspace/shared/Artifactory/OSX/rundev-master-debug/202308271257/runtime/18ae5c8/devkitBase/Qt.tar.gz' to '/local/S/jenkins/workspace/shared/Artifactory/OSX/rundev-master-debug/202308271257/runtime/18ae5c8/devkitBase'
[2023-08-29T20:51:59.349Z]     Traceback (most recent call last):
[2023-08-29T20:51:59.349Z]       File "/Volumes/DATA/local/S/jenkins/workspace/ECP/ecg-maya-usd/ecg-mayausd-branch-preflight-python3-osx/ecg-maya-usd/maya-usd/build.py", line 757, in <module>
[2023-08-29T20:51:59.349Z]         SetupMayaQt(context)
[2023-08-29T20:51:59.349Z]       File "/Volumes/DATA/local/S/jenkins/workspace/ECP/ecg-maya-usd/ecg-mayausd-branch-preflight-python3-osx/ecg-maya-usd/maya-usd/build.py", line 480, in SetupMayaQt
[2023-08-29T20:51:59.349Z]         archive.extractall(qtZipDirFolder, members=safeTarfileExtract(archive.getmembers()))
[2023-08-29T20:51:59.349Z]       File "/Volumes/DATA/local/S/jenkins/workspace/ECP/ecg-maya-usd/ecg-mayausd-branch-preflight-python3-osx/ecg-maya-usd/maya-usd/build.py", line 407, in safeTarfileExtract
[2023-08-29T20:51:59.349Z]         elif (finfo.issym() or finfo.islnk()) and isBadLink(finfo, base):
[2023-08-29T20:51:59.349Z]       File "/Volumes/DATA/local/S/jenkins/workspace/ECP/ecg-maya-usd/ecg-mayausd-branch-preflight-python3-osx/ecg-maya-usd/maya-usd/build.py", line 396, in isBadLink
[2023-08-29T20:51:59.349Z]         tip = os.path.realpath(os.path.abspath(os.path.join(base, dirname(info.name))))
[2023-08-29T20:51:59.349Z]     NameError: name 'dirname' is not defined
[2023-08-29T20:51:59.349Z] build.py: error: Command failed with error code: 1
[Pipeline] }
[Pipeline] // withEnv
[Pipeline] }
[Pipeline] // timeout
[Pipeline] }
[Pipeline] // stage
[Pipeline] }
[Pipeline] // timestamps
[Pipeline] emailextrecipients
Not sending mail to unregistered user ecg.jenkins@autodesk.com because your SCM claimed this was associated with a user ID ecg.jenkins' which your security realm does not recognize; you may need changes in your SCM plugin
Not sending mail to unregistered user ecg.jenkins@autodesk.com because your SCM claimed this was associated with a user ID ecg.jenkins' which your security realm does not recognize; you may need changes in your SCM plugin
[Pipeline] echo
No recipients to send notification.
[Pipeline] }
[Pipeline] // node
[Pipeline] End of Pipeline
ERROR: script returned exit code 1
[Checks API] No suitable checks publisher found.
Finished: FAILURE
