[2023-12-08T15:29:36.569Z] ================================================================================
[2023-12-08T15:29:36.569Z]                              setup (RelWithDebInfo)
[2023-12-08T15:29:36.569Z] ================================================================================
[Pipeline] bat
[2023-12-08T15:29:37.180Z] Deleting alias drive W:
[Pipeline] bat
[2023-12-08T15:29:37.888Z] Deleting alias drive P:
[Pipeline] }
[Pipeline] // withEnv
[Pipeline] }
[Pipeline] // timeout
[Pipeline] }
[Pipeline] // stage
[Pipeline] }
[Pipeline] // timestamps
[Pipeline] timestamps
[Pipeline] {
[Pipeline] stage
[Pipeline] { (Clean)
[Pipeline] timeout
[2023-12-08T15:29:38.109Z] Timeout set to expire in 6 hr 0 min
[Pipeline] {
[Pipeline] withEnv
[Pipeline] {
[Pipeline] bat
[2023-12-08T15:29:38.689Z] Creating alias drive P: to S:\jenkins\workspace
[Pipeline] bat
[2023-12-08T15:29:39.323Z] Creating alias drive W: to S:\Jenkins\workspace\ECP\ecg-maya-usd\ecg-mayausd-branch-preflight-2022-python2-pxrusd-min-interactive-windows
[Pipeline] bat
[2023-12-08T15:29:40.126Z] "C:\Program Files (x86)\Microsoft Visual Studio\2017\Professional\VC\Auxiliary\Build\vcvarsall.bat" x64
[2023-12-08T15:29:40.126Z] **********************************************************************
[2023-12-08T15:29:40.126Z] ** Visual Studio 2017 Developer Command Prompt v15.9.15
[2023-12-08T15:29:40.126Z] ** Copyright (c) 2017 Microsoft Corporation
[2023-12-08T15:29:40.126Z] **********************************************************************
[2023-12-08T15:29:42.397Z] [vcvarsall.bat] Environment initialized for: 'x64'
[2023-12-08T15:29:42.397Z] python ecg-maya-usd/build.py --stages=clean --workspace-dir=W:\ --artifactory-dir=P:\shared\Artifactory --build-dir=W:\build --install-dir=W:\install --signing-dir=W:\signing --package-dir=W:\package --output-dir=W:\output --stash-dir=W:\stash --jenkins-build=1484 --git-commit=7c338191c9964a987a5054d1f1e50dd232c2476c --git-branch=master --variants=RelWithDebInfo --python=2.7 --pxrusd-version=min --interactive-tests=true --post-zips=false --maya-cut-config=maya-rundev-2022.yaml --maya-cut-id=202105191053-29bfc1879c --maya-package=rundev-2022 --stage-banner
[2023-12-08T15:29:43.111Z] Finding Artifactory servers response times
[2023-12-08T15:29:45.376Z] [VERBOSE] Start loading URL (CURL): https://art-bobcat.autodesk.com/artifactory/api/system/ping
[2023-12-08T15:29:45.376Z] [DEBUG] Running: C:\WINDOWS\system32\curl.exe -s -X GET --keepalive-time 10 --connect-timeout 60 --speed-limit 10000 --speed-time 120 --max-time 1800 --retry 5 --retry-max-time 2400 -H Connection:close https://art-bobcat.autodesk.com/artifactory/api/system/ping
[2023-12-08T15:29:45.376Z] [DEBUG] Output:
[2023-12-08T15:29:45.376Z] OK
[2023-12-08T15:29:45.376Z] [VERBOSE] End loading URL (CURL): https://art-bobcat.autodesk.com/artifactory/api/system/ping
[2023-12-08T15:29:45.708Z] [VERBOSE] Start loading URL (CURL): https://art-marmotte.autodesk.com/artifactory/api/system/ping
[2023-12-08T15:29:45.708Z] [DEBUG] Running: C:\WINDOWS\system32\curl.exe -s -X GET --keepalive-time 10 --connect-timeout 60 --speed-limit 10000 --speed-time 120 --max-time 1800 --retry 5 --retry-max-time 2400 -H Connection:close https://art-marmotte.autodesk.com/artifactory/api/system/ping
[2023-12-08T15:29:45.708Z] [DEBUG] Output:
[2023-12-08T15:29:45.708Z] OK
[2023-12-08T15:29:45.708Z] [VERBOSE] End loading URL (CURL): https://art-marmotte.autodesk.com/artifactory/api/system/ping
[2023-12-08T15:29:45.708Z] [VERBOSE] Start loading URL (CURL): https://art-bear.autodesk.com/artifactory/api/system/ping
[2023-12-08T15:29:45.708Z] [DEBUG] Running: C:\WINDOWS\system32\curl.exe -s -X GET --keepalive-time 10 --connect-timeout 60 --speed-limit 10000 --speed-time 120 --max-time 1800 --retry 5 --retry-max-time 2400 -H Connection:close https://art-bear.autodesk.com/artifactory/api/system/ping
[2023-12-08T15:29:45.708Z] [DEBUG] Output:
[2023-12-08T15:29:45.708Z] OK
[2023-12-08T15:29:45.708Z] [VERBOSE] End loading URL (CURL): https://art-bear.autodesk.com/artifactory/api/system/ping
[2023-12-08T15:29:45.708Z] Checking server art-bobcat.autodesk.com for artifacts matching properties:
[2023-12-08T15:29:45.708Z] 	cut_id=202105191053-29bfc1879c
[2023-12-08T15:29:45.708Z] 	package=rundev-2022
[2023-12-08T15:29:45.708Z] 	platform=win
[2023-12-08T15:29:46.973Z] [VERBOSE] Start loading URL (CURL): https://art-bobcat.autodesk.com/artifactory/api/search/aql
[2023-12-08T15:29:46.973Z] [DEBUG] Running: C:\WINDOWS\system32\curl.exe -s -X POST --keepalive-time 10 --connect-timeout 60 --speed-limit 10000 --speed-time 120 --max-time 1800 --retry 5 --retry-max-time 2400 -H Connection:close -H Authorization:Basic ZWNnYmlmcm9zdDpvcGUqKjAw -H Content-Type:text/plain --data items.find({"@cut_id": "202105191053-29bfc1879c", "@package": "rundev-2022", "@platform": "win", "$or": [{"repo": "team-maya-generic"}, {"repo": "oss-stg-generic"}, {"repo": "team-mayausd-post-generic"}, {"repo": "autodesk-3p-generic"}, {"repo": "adsk-build-tools-generic"}, {"repo": "team-ecg-generic"}]}) https://art-bobcat.autodesk.com/artifactory/api/search/aql
[2023-12-08T15:29:46.973Z] [DEBUG] Output:
[2023-12-08T15:29:46.973Z] {
[2023-12-08T15:29:46.973Z] "results" : [ {
[2023-12-08T15:29:46.973Z]   "repo" : "oss-stg-generic",
[2023-12-08T15:29:46.973Z]   "path" : "Maya/2022/2021-05-19-10-53.Gold/windows",
[2023-12-08T15:29:46.973Z]   "name" : "202105191053-29bfc1879c-RUNDEV.zip",
[2023-12-08T15:29:46.973Z]   "type" : "file",
[2023-12-08T15:29:46.973Z]   "size" : 1650110847,
[2023-12-08T15:29:46.973Z]   "created" : "2021-05-19T19:02:46.222-07:00",
[2023-12-08T15:29:46.973Z]   "created_by" : "svc_p_mescm",
[2023-12-08T15:29:46.973Z]   "modified" : "2021-05-19T18:34:10.096-07:00",
[2023-12-08T15:29:46.973Z]   "modified_by" : "svc_p_mescm",
[2023-12-08T15:29:46.973Z]   "updated" : "2021-05-19T19:02:46.223-07:00"
[2023-12-08T15:29:46.973Z] } ],
[2023-12-08T15:29:46.973Z] "range" : {
[2023-12-08T15:29:46.973Z]   "start_pos" : 0,
[2023-12-08T15:29:46.973Z]   "end_pos" : 1,
[2023-12-08T15:29:46.973Z]   "total" : 1
[2023-12-08T15:29:46.973Z] }
[2023-12-08T15:29:46.973Z] }
[2023-12-08T15:29:46.973Z] [VERBOSE] End loading URL (CURL): https://art-bobcat.autodesk.com/artifactory/api/search/aql
[2023-12-08T15:29:46.973Z] [VERBOSE] Start loading URL (CURL): https://art-bobcat.autodesk.com/artifactory/api/storage/oss-stg-generic/Maya/2022/2021-05-19-10-53.Gold/windows/202105191053-29bfc1879c-RUNDEV.zip
[2023-12-08T15:29:46.973Z] [DEBUG] Running: C:\WINDOWS\system32\curl.exe -s -X GET --keepalive-time 10 --connect-timeout 60 --speed-limit 10000 --speed-time 120 --max-time 1800 --retry 5 --retry-max-time 2400 -H Connection:close -H Authorization:Basic ZWNnYmlmcm9zdDpvcGUqKjAw https://art-bobcat.autodesk.com/artifactory/api/storage/oss-stg-generic/Maya/2022/2021-05-19-10-53.Gold/windows/202105191053-29bfc1879c-RUNDEV.zip
[2023-12-08T15:29:46.973Z] [DEBUG] Output:
[2023-12-08T15:29:46.973Z] {
[2023-12-08T15:29:46.973Z]   "repo" : "oss-stg-generic",
[2023-12-08T15:29:46.973Z]   "path" : "/Maya/2022/2021-05-19-10-53.Gold/windows/202105191053-29bfc1879c-RUNDEV.zip",
[2023-12-08T15:29:46.973Z]   "created" : "2021-05-19T19:02:46.222-07:00",
[2023-12-08T15:29:46.973Z]   "createdBy" : "svc_p_mescm",
[2023-12-08T15:29:46.974Z]   "lastModified" : "2021-05-19T18:34:10.096-07:00",
[2023-12-08T15:29:46.974Z]   "modifiedBy" : "svc_p_mescm",
[2023-12-08T15:29:46.974Z]   "lastUpdated" : "2021-05-19T19:02:46.223-07:00",
[2023-12-08T15:29:46.974Z]   "downloadUri" : "https://art-bobcat.autodesk.com:443/artifactory/oss-stg-generic/Maya/2022/2021-05-19-10-53.Gold/windows/202105191053-29bfc1879c-RUNDEV.zip",
[2023-12-08T15:29:46.974Z]   "mimeType" : "application/zip",
[2023-12-08T15:29:46.974Z]   "size" : "1650110847",
[2023-12-08T15:29:46.974Z]   "checksums" : {
[2023-12-08T15:29:46.974Z]     "sha1" : "75ce724ec25d6059a1485789ba50f46562c66b00",
[2023-12-08T15:29:46.974Z]     "md5" : "f1ae76e064209fa12f3198469607ef12",
[2023-12-08T15:29:46.974Z]     "sha256" : "d7f808390b03025e6387dda1e7ea7002436e08b56b0dad4067b44a58f37316e0"
[2023-12-08T15:29:46.974Z]   },
[2023-12-08T15:29:46.974Z]   "originalChecksums" : {
[2023-12-08T15:29:46.974Z]     "sha1" : "75ce724ec25d6059a1485789ba50f46562c66b00",
[2023-12-08T15:29:46.974Z]     "md5" : "f1ae76e064209fa12f3198469607ef12",
[2023-12-08T15:29:46.974Z]     "sha256" : "d7f808390b03025e6387dda1e7ea7002436e08b56b0dad4067b44a58f37316e0"
[2023-12-08T15:29:46.974Z]   },
[2023-12-08T15:29:46.974Z]   "uri" : "https://art-bobcat.autodesk.com:443/artifactory/api/storage/oss-stg-generic/Maya/2022/2021-05-19-10-53.Gold/windows/202105191053-29bfc1879c-RUNDEV.zip"
[2023-12-08T15:29:46.974Z] }
[2023-12-08T15:29:46.974Z] [VERBOSE] End loading URL (CURL): https://art-bobcat.autodesk.com/artifactory/api/storage/oss-stg-generic/Maya/2022/2021-05-19-10-53.Gold/windows/202105191053-29bfc1879c-RUNDEV.zip
[2023-12-08T15:29:46.974Z] [VERBOSE] Start loading URL (CURL): https://art-bobcat.autodesk.com:443/artifactory/api/storage/oss-stg-generic/Maya/2022/2021-05-19-10-53.Gold/windows/202105191053-29bfc1879c-RUNDEV.zip
[2023-12-08T15:29:46.974Z] [DEBUG] Running: C:\WINDOWS\system32\curl.exe -s -X GET --keepalive-time 10 --connect-timeout 60 --speed-limit 10000 --speed-time 120 --max-time 1800 --retry 5 --retry-max-time 2400 -H Connection:close -H Authorization:Basic ZWNnYmlmcm9zdDpvcGUqKjAw https://art-bobcat.autodesk.com:443/artifactory/api/storage/oss-stg-generic/Maya/2022/2021-05-19-10-53.Gold/windows/202105191053-29bfc1879c-RUNDEV.zip
[2023-12-08T15:29:46.974Z] [DEBUG] Output:
[2023-12-08T15:29:46.974Z] {
[2023-12-08T15:29:46.974Z]   "repo" : "oss-stg-generic",
[2023-12-08T15:29:46.974Z]   "path" : "/Maya/2022/2021-05-19-10-53.Gold/windows/202105191053-29bfc1879c-RUNDEV.zip",
[2023-12-08T15:29:46.974Z]   "created" : "2021-05-19T19:02:46.222-07:00",
[2023-12-08T15:29:46.974Z]   "createdBy" : "svc_p_mescm",
[2023-12-08T15:29:46.974Z]   "lastModified" : "2021-05-19T18:34:10.096-07:00",
[2023-12-08T15:29:46.974Z]   "modifiedBy" : "svc_p_mescm",
[2023-12-08T15:29:46.974Z]   "lastUpdated" : "2021-05-19T19:02:46.223-07:00",
[2023-12-08T15:29:46.974Z]   "downloadUri" : "https://art-bobcat.autodesk.com:443/artifactory/oss-stg-generic/Maya/2022/2021-05-19-10-53.Gold/windows/202105191053-29bfc1879c-RUNDEV.zip",
[2023-12-08T15:29:46.974Z]   "mimeType" : "application/zip",
[2023-12-08T15:29:46.974Z]   "size" : "1650110847",
[2023-12-08T15:29:46.974Z]   "checksums" : {
[2023-12-08T15:29:46.974Z]     "sha1" : "75ce724ec25d6059a1485789ba50f46562c66b00",
[2023-12-08T15:29:46.974Z]     "md5" : "f1ae76e064209fa12f3198469607ef12",
[2023-12-08T15:29:46.974Z]     "sha256" : "d7f808390b03025e6387dda1e7ea7002436e08b56b0dad4067b44a58f37316e0"
[2023-12-08T15:29:46.974Z]   },
[2023-12-08T15:29:46.974Z]   "originalChecksums" : {
[2023-12-08T15:29:46.974Z]     "sha1" : "75ce724ec25d6059a1485789ba50f46562c66b00",
[2023-12-08T15:29:46.974Z]     "md5" : "f1ae76e064209fa12f3198469607ef12",
[2023-12-08T15:29:46.974Z]     "sha256" : "d7f808390b03025e6387dda1e7ea7002436e08b56b0dad4067b44a58f37316e0"
[2023-12-08T15:29:46.974Z]   },
[2023-12-08T15:29:46.974Z]   "uri" : "https://art-bobcat.autodesk.com:443/artifactory/api/storage/oss-stg-generic/Maya/2022/2021-05-19-10-53.Gold/windows/202105191053-29bfc1879c-RUNDEV.zip"
[2023-12-08T15:29:46.974Z] }
[2023-12-08T15:29:46.974Z] [VERBOSE] End loading URL (CURL): https://art-bobcat.autodesk.com:443/artifactory/api/storage/oss-stg-generic/Maya/2022/2021-05-19-10-53.Gold/windows/202105191053-29bfc1879c-RUNDEV.zip
[2023-12-08T15:29:46.974Z] [VERBOSE] Start loading URL (CURL): https://art-bobcat.autodesk.com:443/artifactory/api/storage/oss-stg-generic/Maya/2022/2021-05-19-10-53.Gold/windows/202105191053-29bfc1879c-RUNDEV.zip?properties
[2023-12-08T15:29:46.974Z] [DEBUG] Running: C:\WINDOWS\system32\curl.exe -s -X GET --keepalive-time 10 --connect-timeout 60 --speed-limit 10000 --speed-time 120 --max-time 1800 --retry 5 --retry-max-time 2400 -H Connection:close -H Authorization:Basic ZWNnYmlmcm9zdDpvcGUqKjAw https://art-bobcat.autodesk.com:443/artifactory/api/storage/oss-stg-generic/Maya/2022/2021-05-19-10-53.Gold/windows/202105191053-29bfc1879c-RUNDEV.zip?properties
[2023-12-08T15:29:46.974Z] [DEBUG] Output:
[2023-12-08T15:29:46.974Z] {
[2023-12-08T15:29:46.974Z]   "properties" : {
[2023-12-08T15:29:46.974Z]     "branch" : [ "2022" ],
[2023-12-08T15:29:46.974Z]     "change_set" : [ "29bfc1879c" ],
[2023-12-08T15:29:46.974Z]     "cut_id" : [ "202105191053-29bfc1879c" ],
[2023-12-08T15:29:46.974Z]     "package" : [ "rundev-2022" ],
[2023-12-08T15:29:46.974Z]     "platform" : [ "win" ]
[2023-12-08T15:29:46.974Z]   },
[2023-12-08T15:29:46.974Z]   "uri" : "https://art-bobcat.autodesk.com:443/artifactory/api/storage/oss-stg-generic/Maya/2022/2021-05-19-10-53.Gold/windows/202105191053-29bfc1879c-RUNDEV.zip"
[2023-12-08T15:29:46.974Z] }
[2023-12-08T15:29:46.974Z] [VERBOSE] End loading URL (CURL): https://art-bobcat.autodesk.com:443/artifactory/api/storage/oss-stg-generic/Maya/2022/2021-05-19-10-53.Gold/windows/202105191053-29bfc1879c-RUNDEV.zip?properties
[2023-12-08T15:29:46.974Z] Using Maya cut from P:\shared\Artifactory\Windows\rundev-2022\202105191053\runtime\75ce724
[2023-12-08T15:29:46.974Z] Using Maya ADSK Signatures from P:\shared\Artifactory\Windows\adsk-plugin-signatures-maya\2022\a9777c7
[2023-12-08T15:29:46.974Z] Using Maya Security Library from P:\shared\Artifactory\Windows\maya-security-library\2.1.5\ffa3adf
[2023-12-08T15:29:46.974Z] 
[2023-12-08T15:29:46.974Z] ================================================================================
[2023-12-08T15:29:46.974Z]                              clean (RelWithDebInfo)
[2023-12-08T15:29:46.974Z] ================================================================================
[2023-12-08T15:29:46.974Z] Maya Python RelWithDebInfo Info:
[2023-12-08T15:29:46.974Z]   mayapy executable   = P:\shared\Artifactory\Windows\rundev-2022\202105191053\runtime\75ce724\runTime\bin\mayapy2.exe
[2023-12-08T15:29:46.974Z]   Include Folder      = P:\shared\Artifactory\Windows\rundev-2022\202105191053\runtime\75ce724\runTime\include\Python27\Python
[2023-12-08T15:29:46.974Z]   Library             = P:\shared\Artifactory\Windows\rundev-2022\202105191053\runtime\75ce724\runTime\lib\python27.lib
[2023-12-08T15:29:46.974Z]   site-package Folder = P:\shared\Artifactory\Windows\rundev-2022\202105191053\runtime\75ce724\runTime\Python27\Lib\site-packages
[2023-12-08T15:29:47.686Z] In workdir: S:\Jenkins\workspace\ECP\ecg-maya-usd\ecg-mayausd-branch-preflight-2022-python2-pxrusd-min-interactive-windows\ecg-maya-usd\maya-usd
[2023-12-08T15:29:47.686Z] Executing: 'P:\\shared\\Artifactory\\Windows\\rundev-2022\\202105191053\\runtime\\75ce724\\runTime\\bin\\mayapy2.exe' 'S:\\Jenkins\\workspace\\ECP\\ecg-maya-usd\\ecg-mayausd-branch-preflight-2022-python2-pxrusd-min-interactive-windows\\ecg-maya-usd\\maya-usd\\build.py' --generator Ninja --build-relwithdebug --maya-location 'P:\\shared\\Artifactory\\Windows\\rundev-2022\\202105191053\\runtime\\75ce724\\runTime' --devkit-location 'P:\\shared\\Artifactory\\Windows\\rundev-2022\\202105191053\\runtime\\75ce724\\devkitBase' --pxrusd-location 'P:\\shared\\Artifactory\\Windows\\USD\\9ab6422' --materialx '--build-args=-DCMAKE_MAKE_PROGRAM=P:/shared/Artifactory/Windows/ninja/1.10.2/ccacdf8/ninja.exe,-DPYTHON_INCLUDE_DIR=P:/shared/Artifactory/Windows/rundev-2022/202105191053/runtime/75ce724/runTime/include/Python27/Python,-DPython_EXECUTABLE=P:/shared/Artifactory/Windows/rundev-2022/202105191053/runtime/75ce724/runTime/bin/mayapy2.exe,-DPYTHON_LIBRARIES=P:/shared/Artifactory/Windows/rundev-2022/202105191053/runtime/75ce724/runTime/lib/python27.lib,-DUSD_LIB_PREFIX=,-DBUILD_HDMAYA=OFF' '--ctest-args=-E testUsdReferenceAssemblySelection|testUsdMayaAppDir|testProxyShapeDrawUsdChangeProcessing,--parallel 16' --stages=clean --redirect-outstream-file=False --install-location 'W:\\install\\RelWithDebInfo\\MayaUSD' 'W:\\'
[2023-12-08T15:29:47.686Z] Modified environment variables:
[2023-12-08T15:29:47.686Z]     PATH=P:\shared\Artifactory\Windows\cmake\3.20.3\afe857a\bin;C:\Python27\lib\site-packages\pywin32_system32;C:\Program Files (x86)\Microsoft Visual Studio\2017\Professional\VC\Tools\MSVC\14.16.27023\bin\HostX64\x64;C:\Program Files (x86)\Microsoft Visual Studio\2017\Professional\Common7\IDE\VC\VCPackages;C:\Program Files (x86)\Microsoft Visual Studio\2017\Professional\Common7\IDE\CommonExtensions\Microsoft\TestWindow;C:\Program Files (x86)\Microsoft Visual Studio\2017\Professional\Common7\IDE\CommonExtensions\Microsoft\TeamFoundation\Team Explorer;C:\Program Files (x86)\Microsoft Visual Studio\2017\Professional\MSBuild\15.0\bin\Roslyn;C:\Program Files (x86)\Microsoft Visual Studio\2017\Professional\Team Tools\Performance Tools\x64;C:\Program Files (x86)\Microsoft Visual Studio\2017\Professional\Team Tools\Performance Tools;C:\Program Files (x86)\Microsoft Visual Studio\Shared\Common\VSPerfCollectionTools\\x64;C:\Program Files (x86)\Microsoft Visual Studio\Shared\Common\VSPerfCollectionTools\;C:\Program Files (x86)\Microsoft SDKs\Windows\v10.0A\bin\NETFX 4.6.1 Tools\x64\;C:\Program Files (x86)\HTML Help Workshop;C:\Program Files (x86)\Windows Kits\10\bin\10.0.19041.0\x64;C:\Program Files (x86)\Windows Kits\10\bin\x64;C:\Program Files (x86)\Microsoft Visual Studio\2017\Professional\\MSBuild\15.0\bin;C:\WINDOWS\Microsoft.NET\Framework64\v4.0.30319;C:\Program Files (x86)\Microsoft Visual Studio\2017\Professional\Common7\IDE\;C:\Program Files (x86)\Microsoft Visual Studio\2017\Professional\Common7\Tools\;C:\Python27\;C:\Python27\Scripts;C:\WINDOWS\system32;C:\WINDOWS;C:\WINDOWS\System32\Wbem;C:\WINDOWS\System32\WindowsPowerShell\v1.0\;C:\WINDOWS\System32\OpenSSH\;C:\ProgramData\chocolatey\bin;C:\Program Files (x86)\WiX Toolset v3.7\bin;C:\Program Files\dotnet\;C:\Program Files\Zulu\zulu-11\bin\;C:\Program Files (x86)\Windows Kits\10\bin\10.0.19041.0\x64;C:\Program Files (x86)\Windows Kits\10\bin\10.0.18362.0\x64;C:\Program Files (x86)\Windows Kits\10\bin\10.0.17763.0\x64;C:\Program Files (x86)\Windows Kits\10\bin\x64;C:\Strawberry\c\bin;C:\Strawberry\perl\site\bin;C:\Strawberry\perl\bin;C:\Program Files\Git\cmd;C:\Program Files\Git\usr\bin;C:\Program Files\Git\mingw64\bin;C:\Program Files\Git\bin;C:\Python38\;C:\Python38\Scripts;C:\StoreBoxClientWindows;C:\Program Files\Electric Cloud\ElectricCommander\bin;C:\Program Files\WinRAR;C:\Program Files\7-Zip;C:\Users\Administrator\AppData\Local\Microsoft\WindowsApps;C:\Users\Administrator\.dotnet\tools;C:\Program Files (x86)\Microsoft Visual Studio\2017\Professional\Common7\IDE\CommonExtensions\Microsoft\CMake\CMake\bin;C:\Program Files (x86)\Microsoft Visual Studio\2017\Professional\Common7\IDE\CommonExtensions\Microsoft\CMake\Ninja
[2023-12-08T15:29:47.686Z]     
[2023-12-08T15:29:47.686Z]         Building with settings:
[2023-12-08T15:29:47.686Z]           Source directory          S:\Jenkins\workspace\ECP\ecg-maya-usd\ecg-mayausd-branch-preflight-2022-python2-pxrusd-min-interactive-windows\ecg-maya-usd\maya-usd
[2023-12-08T15:29:47.686Z]           Workspace directory       W:\
[2023-12-08T15:29:47.686Z]           Build directory           W:\build\RelWithDebInfo
[2023-12-08T15:29:47.686Z]           Install directory         W:\install\RelWithDebInfo\MayaUSD
[2023-12-08T15:29:47.686Z]           Variant                   RelWithDebInfo
[2023-12-08T15:29:47.686Z]           Python Debug              Off
[2023-12-08T15:29:47.686Z]           CMake generator           Ninja
[2023-12-08T15:29:47.686Z]           Build arguments           ['-DCMAKE_MAKE_PROGRAM=P:/shared/Artifactory/Windows/ninja/1.10.2/ccacdf8/ninja.exe', '-DPYTHON_INCLUDE_DIR=P:/shared/Artifactory/Windows/rundev-2022/202105191053/runtime/75ce724/runTime/include/Python27/Python', '-DPython_EXECUTABLE=P:/shared/Artifactory/Windows/rundev-2022/202105191053/runtime/75ce724/runTime/bin/mayapy2.exe', '-DPYTHON_LIBRARIES=P:/shared/Artifactory/Windows/rundev-2022/202105191053/runtime/75ce724/runTime/lib/python27.lib', '-DUSD_LIB_PREFIX=', '-DBUILD_HDMAYA=OFF']
[2023-12-08T15:29:47.686Z]           Stages arguments          ['clean']
[2023-12-08T15:29:47.686Z]           CTest arguments           ['-E testUsdReferenceAssemblySelection|testUsdMayaAppDir|testProxyShapeDrawUsdChangeProcessing', '--parallel 16']
[2023-12-08T15:29:47.686Z]     Success MayaUSD build and install !!!!
[2023-12-08T15:29:47.686Z]     Elapsed time: 00:00:00
[Pipeline] bat
[2023-12-08T15:29:48.272Z] Deleting alias drive W:
[Pipeline] bat
[2023-12-08T15:29:48.864Z] Deleting alias drive P:
[Pipeline] }
[Pipeline] // withEnv
[Pipeline] }
[Pipeline] // timeout
[Pipeline] }
[Pipeline] // stage
[Pipeline] }
[Pipeline] // timestamps
[Pipeline] timestamps
[Pipeline] {
[Pipeline] stage
[Pipeline] { (Configure)
[Pipeline] timeout
[2023-12-08T15:29:49.048Z] Timeout set to expire in 6 hr 0 min
[Pipeline] {
[Pipeline] withEnv
[Pipeline] {
[Pipeline] bat
[2023-12-08T15:29:49.629Z] Creating alias drive P: to S:\jenkins\workspace
[Pipeline] bat
[2023-12-08T15:29:50.224Z] Creating alias drive W: to S:\Jenkins\workspace\ECP\ecg-maya-usd\ecg-mayausd-branch-preflight-2022-python2-pxrusd-min-interactive-windows
[Pipeline] bat
[2023-12-08T15:29:50.965Z] "C:\Program Files (x86)\Microsoft Visual Studio\2017\Professional\VC\Auxiliary\Build\vcvarsall.bat" x64
[2023-12-08T15:29:50.965Z] **********************************************************************
[2023-12-08T15:29:50.965Z] ** Visual Studio 2017 Developer Command Prompt v15.9.15
[2023-12-08T15:29:50.965Z] ** Copyright (c) 2017 Microsoft Corporation
[2023-12-08T15:29:50.965Z] **********************************************************************
[2023-12-08T15:29:53.228Z] [vcvarsall.bat] Environment initialized for: 'x64'
[2023-12-08T15:29:53.228Z] python ecg-maya-usd/build.py --stages=configure --workspace-dir=W:\ --artifactory-dir=P:\shared\Artifactory --build-dir=W:\build --install-dir=W:\install --signing-dir=W:\signing --package-dir=W:\package --output-dir=W:\output --stash-dir=W:\stash --jenkins-build=1484 --git-commit=7c338191c9964a987a5054d1f1e50dd232c2476c --git-branch=master --variants=RelWithDebInfo --python=2.7 --pxrusd-version=min --interactive-tests=true --post-zips=false --maya-cut-config=maya-rundev-2022.yaml --maya-cut-id=202105191053-29bfc1879c --maya-package=rundev-2022 --stage-banner
[2023-12-08T15:29:53.940Z] Finding Artifactory servers response times
[2023-12-08T15:29:56.219Z] [VERBOSE] Start loading URL (CURL): https://art-bobcat.autodesk.com/artifactory/api/system/ping
[2023-12-08T15:29:56.219Z] [DEBUG] Running: C:\WINDOWS\system32\curl.exe -s -X GET --keepalive-time 10 --connect-timeout 60 --speed-limit 10000 --speed-time 120 --max-time 1800 --retry 5 --retry-max-time 2400 -H Connection:close https://art-bobcat.autodesk.com/artifactory/api/system/ping
[2023-12-08T15:29:56.219Z] [DEBUG] Output:
[2023-12-08T15:29:56.219Z] OK
[2023-12-08T15:29:56.219Z] [VERBOSE] End loading URL (CURL): https://art-bobcat.autodesk.com/artifactory/api/system/ping
[2023-12-08T15:29:56.550Z] [VERBOSE] Start loading URL (CURL): https://art-marmotte.autodesk.com/artifactory/api/system/ping
[2023-12-08T15:29:56.550Z] [DEBUG] Running: C:\WINDOWS\system32\curl.exe -s -X GET --keepalive-time 10 --connect-timeout 60 --speed-limit 10000 --speed-time 120 --max-time 1800 --retry 5 --retry-max-time 2400 -H Connection:close https://art-marmotte.autodesk.com/artifactory/api/system/ping
[2023-12-08T15:29:56.550Z] [DEBUG] Output:
[2023-12-08T15:29:56.550Z] OK
[2023-12-08T15:29:56.550Z] [VERBOSE] End loading URL (CURL): https://art-marmotte.autodesk.com/artifactory/api/system/ping
[2023-12-08T15:29:56.550Z] [VERBOSE] Start loading URL (CURL): https://art-bear.autodesk.com/artifactory/api/system/ping
[2023-12-08T15:29:56.550Z] [DEBUG] Running: C:\WINDOWS\system32\curl.exe -s -X GET --keepalive-time 10 --connect-timeout 60 --speed-limit 10000 --speed-time 120 --max-time 1800 --retry 5 --retry-max-time 2400 -H Connection:close https://art-bear.autodesk.com/artifactory/api/system/ping
[2023-12-08T15:29:56.550Z] [DEBUG] Output:
[2023-12-08T15:29:56.550Z] OK
[2023-12-08T15:29:56.551Z] [VERBOSE] End loading URL (CURL): https://art-bear.autodesk.com/artifactory/api/system/ping
[2023-12-08T15:29:56.551Z] Checking server art-bobcat.autodesk.com for artifacts matching properties:
[2023-12-08T15:29:56.551Z] 	cut_id=202105191053-29bfc1879c
[2023-12-08T15:29:56.551Z] 	package=rundev-2022
[2023-12-08T15:29:56.551Z] 	platform=win
[2023-12-08T15:29:57.702Z] [VERBOSE] Start loading URL (CURL): https://art-bobcat.autodesk.com/artifactory/api/search/aql
[2023-12-08T15:29:57.702Z] [DEBUG] Running: C:\WINDOWS\system32\curl.exe -s -X POST --keepalive-time 10 --connect-timeout 60 --speed-limit 10000 --speed-time 120 --max-time 1800 --retry 5 --retry-max-time 2400 -H Connection:close -H Authorization:Basic ZWNnYmlmcm9zdDpvcGUqKjAw -H Content-Type:text/plain --data items.find({"@cut_id": "202105191053-29bfc1879c", "@package": "rundev-2022", "@platform": "win", "$or": [{"repo": "team-maya-generic"}, {"repo": "oss-stg-generic"}, {"repo": "team-mayausd-post-generic"}, {"repo": "autodesk-3p-generic"}, {"repo": "adsk-build-tools-generic"}, {"repo": "team-ecg-generic"}]}) https://art-bobcat.autodesk.com/artifactory/api/search/aql
[2023-12-08T15:29:57.702Z] [DEBUG] Output:
[2023-12-08T15:29:57.702Z] {
[2023-12-08T15:29:57.702Z] "results" : [ {
[2023-12-08T15:29:57.702Z]   "repo" : "oss-stg-generic",
[2023-12-08T15:29:57.702Z]   "path" : "Maya/2022/2021-05-19-10-53.Gold/windows",
[2023-12-08T15:29:57.702Z]   "name" : "202105191053-29bfc1879c-RUNDEV.zip",
[2023-12-08T15:29:57.702Z]   "type" : "file",
[2023-12-08T15:29:57.702Z]   "size" : 1650110847,
[2023-12-08T15:29:57.702Z]   "created" : "2021-05-19T19:02:46.222-07:00",
[2023-12-08T15:29:57.702Z]   "created_by" : "svc_p_mescm",
[2023-12-08T15:29:57.702Z]   "modified" : "2021-05-19T18:34:10.096-07:00",
[2023-12-08T15:29:57.702Z]   "modified_by" : "svc_p_mescm",
[2023-12-08T15:29:57.702Z]   "updated" : "2021-05-19T19:02:46.223-07:00"
[2023-12-08T15:29:57.702Z] } ],
[2023-12-08T15:29:57.702Z] "range" : {
[2023-12-08T15:29:57.702Z]   "start_pos" : 0,
[2023-12-08T15:29:57.702Z]   "end_pos" : 1,
[2023-12-08T15:29:57.702Z]   "total" : 1
[2023-12-08T15:29:57.702Z] }
[2023-12-08T15:29:57.702Z] }
[2023-12-08T15:29:57.702Z] [VERBOSE] End loading URL (CURL): https://art-bobcat.autodesk.com/artifactory/api/search/aql
[2023-12-08T15:29:57.702Z] [VERBOSE] Start loading URL (CURL): https://art-bobcat.autodesk.com/artifactory/api/storage/oss-stg-generic/Maya/2022/2021-05-19-10-53.Gold/windows/202105191053-29bfc1879c-RUNDEV.zip
[2023-12-08T15:29:57.702Z] [DEBUG] Running: C:\WINDOWS\system32\curl.exe -s -X GET --keepalive-time 10 --connect-timeout 60 --speed-limit 10000 --speed-time 120 --max-time 1800 --retry 5 --retry-max-time 2400 -H Connection:close -H Authorization:Basic ZWNnYmlmcm9zdDpvcGUqKjAw https://art-bobcat.autodesk.com/artifactory/api/storage/oss-stg-generic/Maya/2022/2021-05-19-10-53.Gold/windows/202105191053-29bfc1879c-RUNDEV.zip
[2023-12-08T15:29:57.702Z] [DEBUG] Output:
[2023-12-08T15:29:57.702Z] {
[2023-12-08T15:29:57.702Z]   "repo" : "oss-stg-generic",
[2023-12-08T15:29:57.702Z]   "path" : "/Maya/2022/2021-05-19-10-53.Gold/windows/202105191053-29bfc1879c-RUNDEV.zip",
[2023-12-08T15:29:57.702Z]   "created" : "2021-05-19T19:02:46.222-07:00",
[2023-12-08T15:29:57.702Z]   "createdBy" : "svc_p_mescm",
[2023-12-08T15:29:57.702Z]   "lastModified" : "2021-05-19T18:34:10.096-07:00",
[2023-12-08T15:29:57.702Z]   "modifiedBy" : "svc_p_mescm",
[2023-12-08T15:29:57.702Z]   "lastUpdated" : "2021-05-19T19:02:46.223-07:00",
[2023-12-08T15:29:57.702Z]   "downloadUri" : "https://art-bobcat.autodesk.com:443/artifactory/oss-stg-generic/Maya/2022/2021-05-19-10-53.Gold/windows/202105191053-29bfc1879c-RUNDEV.zip",
[2023-12-08T15:29:57.702Z]   "mimeType" : "application/zip",
[2023-12-08T15:29:57.702Z]   "size" : "1650110847",
[2023-12-08T15:29:57.702Z]   "checksums" : {
[2023-12-08T15:29:57.702Z]     "sha1" : "75ce724ec25d6059a1485789ba50f46562c66b00",
[2023-12-08T15:29:57.702Z]     "md5" : "f1ae76e064209fa12f3198469607ef12",
[2023-12-08T15:29:57.702Z]     "sha256" : "d7f808390b03025e6387dda1e7ea7002436e08b56b0dad4067b44a58f37316e0"
[2023-12-08T15:29:57.702Z]   },
[2023-12-08T15:29:57.702Z]   "originalChecksums" : {
[2023-12-08T15:29:57.702Z]     "sha1" : "75ce724ec25d6059a1485789ba50f46562c66b00",
[2023-12-08T15:29:57.702Z]     "md5" : "f1ae76e064209fa12f3198469607ef12",
[2023-12-08T15:29:57.702Z]     "sha256" : "d7f808390b03025e6387dda1e7ea7002436e08b56b0dad4067b44a58f37316e0"
[2023-12-08T15:29:57.702Z]   },
[2023-12-08T15:29:57.702Z]   "uri" : "https://art-bobcat.autodesk.com:443/artifactory/api/storage/oss-stg-generic/Maya/2022/2021-05-19-10-53.Gold/windows/202105191053-29bfc1879c-RUNDEV.zip"
[2023-12-08T15:29:57.702Z] }
[2023-12-08T15:29:57.702Z] [VERBOSE] End loading URL (CURL): https://art-bobcat.autodesk.com/artifactory/api/storage/oss-stg-generic/Maya/2022/2021-05-19-10-53.Gold/windows/202105191053-29bfc1879c-RUNDEV.zip
[2023-12-08T15:29:57.702Z] [VERBOSE] Start loading URL (CURL): https://art-bobcat.autodesk.com:443/artifactory/api/storage/oss-stg-generic/Maya/2022/2021-05-19-10-53.Gold/windows/202105191053-29bfc1879c-RUNDEV.zip
[2023-12-08T15:29:57.702Z] [DEBUG] Running: C:\WINDOWS\system32\curl.exe -s -X GET --keepalive-time 10 --connect-timeout 60 --speed-limit 10000 --speed-time 120 --max-time 1800 --retry 5 --retry-max-time 2400 -H Connection:close -H Authorization:Basic ZWNnYmlmcm9zdDpvcGUqKjAw https://art-bobcat.autodesk.com:443/artifactory/api/storage/oss-stg-generic/Maya/2022/2021-05-19-10-53.Gold/windows/202105191053-29bfc1879c-RUNDEV.zip
[2023-12-08T15:29:57.702Z] [DEBUG] Output:
[2023-12-08T15:29:57.702Z] {
[2023-12-08T15:29:57.702Z]   "repo" : "oss-stg-generic",
[2023-12-08T15:29:57.702Z]   "path" : "/Maya/2022/2021-05-19-10-53.Gold/windows/202105191053-29bfc1879c-RUNDEV.zip",
[2023-12-08T15:29:57.702Z]   "created" : "2021-05-19T19:02:46.222-07:00",
[2023-12-08T15:29:57.702Z]   "createdBy" : "svc_p_mescm",
[2023-12-08T15:29:57.702Z]   "lastModified" : "2021-05-19T18:34:10.096-07:00",
[2023-12-08T15:29:57.702Z]   "modifiedBy" : "svc_p_mescm",
[2023-12-08T15:29:57.702Z]   "lastUpdated" : "2021-05-19T19:02:46.223-07:00",
[2023-12-08T15:29:57.702Z]   "downloadUri" : "https://art-bobcat.autodesk.com:443/artifactory/oss-stg-generic/Maya/2022/2021-05-19-10-53.Gold/windows/202105191053-29bfc1879c-RUNDEV.zip",
[2023-12-08T15:29:57.702Z]   "mimeType" : "application/zip",
[2023-12-08T15:29:57.702Z]   "size" : "1650110847",
[2023-12-08T15:29:57.702Z]   "checksums" : {
[2023-12-08T15:29:57.702Z]     "sha1" : "75ce724ec25d6059a1485789ba50f46562c66b00",
[2023-12-08T15:29:57.702Z]     "md5" : "f1ae76e064209fa12f3198469607ef12",
[2023-12-08T15:29:57.702Z]     "sha256" : "d7f808390b03025e6387dda1e7ea7002436e08b56b0dad4067b44a58f37316e0"
[2023-12-08T15:29:57.702Z]   },
[2023-12-08T15:29:57.702Z]   "originalChecksums" : {
[2023-12-08T15:29:57.702Z]     "sha1" : "75ce724ec25d6059a1485789ba50f46562c66b00",
[2023-12-08T15:29:57.702Z]     "md5" : "f1ae76e064209fa12f3198469607ef12",
[2023-12-08T15:29:57.702Z]     "sha256" : "d7f808390b03025e6387dda1e7ea7002436e08b56b0dad4067b44a58f37316e0"
[2023-12-08T15:29:57.702Z]   },
[2023-12-08T15:29:57.702Z]   "uri" : "https://art-bobcat.autodesk.com:443/artifactory/api/storage/oss-stg-generic/Maya/2022/2021-05-19-10-53.Gold/windows/202105191053-29bfc1879c-RUNDEV.zip"
[2023-12-08T15:29:57.702Z] }
[2023-12-08T15:29:57.702Z] [VERBOSE] End loading URL (CURL): https://art-bobcat.autodesk.com:443/artifactory/api/storage/oss-stg-generic/Maya/2022/2021-05-19-10-53.Gold/windows/202105191053-29bfc1879c-RUNDEV.zip
[2023-12-08T15:29:57.702Z] [VERBOSE] Start loading URL (CURL): https://art-bobcat.autodesk.com:443/artifactory/api/storage/oss-stg-generic/Maya/2022/2021-05-19-10-53.Gold/windows/202105191053-29bfc1879c-RUNDEV.zip?properties
[2023-12-08T15:29:57.703Z] [DEBUG] Running: C:\WINDOWS\system32\curl.exe -s -X GET --keepalive-time 10 --connect-timeout 60 --speed-limit 10000 --speed-time 120 --max-time 1800 --retry 5 --retry-max-time 2400 -H Connection:close -H Authorization:Basic ZWNnYmlmcm9zdDpvcGUqKjAw https://art-bobcat.autodesk.com:443/artifactory/api/storage/oss-stg-generic/Maya/2022/2021-05-19-10-53.Gold/windows/202105191053-29bfc1879c-RUNDEV.zip?properties
[2023-12-08T15:29:57.703Z] [DEBUG] Output:
[2023-12-08T15:29:57.703Z] {
[2023-12-08T15:29:57.703Z]   "properties" : {
[2023-12-08T15:29:57.703Z]     "branch" : [ "2022" ],
[2023-12-08T15:29:57.703Z]     "change_set" : [ "29bfc1879c" ],
[2023-12-08T15:29:57.703Z]     "cut_id" : [ "202105191053-29bfc1879c" ],
[2023-12-08T15:29:57.703Z]     "package" : [ "rundev-2022" ],
[2023-12-08T15:29:57.703Z]     "platform" : [ "win" ]
[2023-12-08T15:29:57.703Z]   },
[2023-12-08T15:29:57.703Z]   "uri" : "https://art-bobcat.autodesk.com:443/artifactory/api/storage/oss-stg-generic/Maya/2022/2021-05-19-10-53.Gold/windows/202105191053-29bfc1879c-RUNDEV.zip"
[2023-12-08T15:29:57.703Z] }
[2023-12-08T15:29:57.703Z] [VERBOSE] End loading URL (CURL): https://art-bobcat.autodesk.com:443/artifactory/api/storage/oss-stg-generic/Maya/2022/2021-05-19-10-53.Gold/windows/202105191053-29bfc1879c-RUNDEV.zip?properties
[2023-12-08T15:29:57.703Z] Using Maya cut from P:\shared\Artifactory\Windows\rundev-2022\202105191053\runtime\75ce724
[2023-12-08T15:29:57.703Z] Using Maya ADSK Signatures from P:\shared\Artifactory\Windows\adsk-plugin-signatures-maya\2022\a9777c7
[2023-12-08T15:29:57.703Z] Using Maya Security Library from P:\shared\Artifactory\Windows\maya-security-library\2.1.5\ffa3adf
[2023-12-08T15:29:57.703Z] 
[2023-12-08T15:29:57.703Z] ================================================================================
[2023-12-08T15:29:57.703Z]                            configure (RelWithDebInfo)
[2023-12-08T15:29:57.703Z] ================================================================================
[2023-12-08T15:29:57.703Z] Maya Python RelWithDebInfo Info:
[2023-12-08T15:29:57.703Z]   mayapy executable   = P:\shared\Artifactory\Windows\rundev-2022\202105191053\runtime\75ce724\runTime\bin\mayapy2.exe
[2023-12-08T15:29:57.703Z]   Include Folder      = P:\shared\Artifactory\Windows\rundev-2022\202105191053\runtime\75ce724\runTime\include\Python27\Python
[2023-12-08T15:29:57.703Z]   Library             = P:\shared\Artifactory\Windows\rundev-2022\202105191053\runtime\75ce724\runTime\lib\python27.lib
[2023-12-08T15:29:57.703Z]   site-package Folder = P:\shared\Artifactory\Windows\rundev-2022\202105191053\runtime\75ce724\runTime\Python27\Lib\site-packages
[2023-12-08T15:29:58.415Z] In workdir: S:\Jenkins\workspace\ECP\ecg-maya-usd\ecg-mayausd-branch-preflight-2022-python2-pxrusd-min-interactive-windows\ecg-maya-usd\maya-usd
[2023-12-08T15:29:58.415Z] Executing: 'P:\\shared\\Artifactory\\Windows\\rundev-2022\\202105191053\\runtime\\75ce724\\runTime\\bin\\mayapy2.exe' 'S:\\Jenkins\\workspace\\ECP\\ecg-maya-usd\\ecg-mayausd-branch-preflight-2022-python2-pxrusd-min-interactive-windows\\ecg-maya-usd\\maya-usd\\build.py' --generator Ninja --build-relwithdebug --maya-location 'P:\\shared\\Artifactory\\Windows\\rundev-2022\\202105191053\\runtime\\75ce724\\runTime' --devkit-location 'P:\\shared\\Artifactory\\Windows\\rundev-2022\\202105191053\\runtime\\75ce724\\devkitBase' --pxrusd-location 'P:\\shared\\Artifactory\\Windows\\USD\\9ab6422' --materialx '--build-args=-DCMAKE_MAKE_PROGRAM=P:/shared/Artifactory/Windows/ninja/1.10.2/ccacdf8/ninja.exe,-DPYTHON_INCLUDE_DIR=P:/shared/Artifactory/Windows/rundev-2022/202105191053/runtime/75ce724/runTime/include/Python27/Python,-DPython_EXECUTABLE=P:/shared/Artifactory/Windows/rundev-2022/202105191053/runtime/75ce724/runTime/bin/mayapy2.exe,-DPYTHON_LIBRARIES=P:/shared/Artifactory/Windows/rundev-2022/202105191053/runtime/75ce724/runTime/lib/python27.lib,-DUSD_LIB_PREFIX=,-DBUILD_HDMAYA=OFF' '--ctest-args=-E testUsdReferenceAssemblySelection|testUsdMayaAppDir|testProxyShapeDrawUsdChangeProcessing,--parallel 16' --stages=configure --redirect-outstream-file=False --install-location 'W:\\install\\RelWithDebInfo\\MayaUSD' 'W:\\'
[2023-12-08T15:29:58.415Z] Modified environment variables:
[2023-12-08T15:29:58.415Z]     PATH=P:\shared\Artifactory\Windows\cmake\3.20.3\afe857a\bin;C:\Python27\lib\site-packages\pywin32_system32;C:\Program Files (x86)\Microsoft Visual Studio\2017\Professional\VC\Tools\MSVC\14.16.27023\bin\HostX64\x64;C:\Program Files (x86)\Microsoft Visual Studio\2017\Professional\Common7\IDE\VC\VCPackages;C:\Program Files (x86)\Microsoft Visual Studio\2017\Professional\Common7\IDE\CommonExtensions\Microsoft\TestWindow;C:\Program Files (x86)\Microsoft Visual Studio\2017\Professional\Common7\IDE\CommonExtensions\Microsoft\TeamFoundation\Team Explorer;C:\Program Files (x86)\Microsoft Visual Studio\2017\Professional\MSBuild\15.0\bin\Roslyn;C:\Program Files (x86)\Microsoft Visual Studio\2017\Professional\Team Tools\Performance Tools\x64;C:\Program Files (x86)\Microsoft Visual Studio\2017\Professional\Team Tools\Performance Tools;C:\Program Files (x86)\Microsoft Visual Studio\Shared\Common\VSPerfCollectionTools\\x64;C:\Program Files (x86)\Microsoft Visual Studio\Shared\Common\VSPerfCollectionTools\;C:\Program Files (x86)\Microsoft SDKs\Windows\v10.0A\bin\NETFX 4.6.1 Tools\x64\;C:\Program Files (x86)\HTML Help Workshop;C:\Program Files (x86)\Windows Kits\10\bin\10.0.19041.0\x64;C:\Program Files (x86)\Windows Kits\10\bin\x64;C:\Program Files (x86)\Microsoft Visual Studio\2017\Professional\\MSBuild\15.0\bin;C:\WINDOWS\Microsoft.NET\Framework64\v4.0.30319;C:\Program Files (x86)\Microsoft Visual Studio\2017\Professional\Common7\IDE\;C:\Program Files (x86)\Microsoft Visual Studio\2017\Professional\Common7\Tools\;C:\Python27\;C:\Python27\Scripts;C:\WINDOWS\system32;C:\WINDOWS;C:\WINDOWS\System32\Wbem;C:\WINDOWS\System32\WindowsPowerShell\v1.0\;C:\WINDOWS\System32\OpenSSH\;C:\ProgramData\chocolatey\bin;C:\Program Files (x86)\WiX Toolset v3.7\bin;C:\Program Files\dotnet\;C:\Program Files\Zulu\zulu-11\bin\;C:\Program Files (x86)\Windows Kits\10\bin\10.0.19041.0\x64;C:\Program Files (x86)\Windows Kits\10\bin\10.0.18362.0\x64;C:\Program Files (x86)\Windows Kits\10\bin\10.0.17763.0\x64;C:\Program Files (x86)\Windows Kits\10\bin\x64;C:\Strawberry\c\bin;C:\Strawberry\perl\site\bin;C:\Strawberry\perl\bin;C:\Program Files\Git\cmd;C:\Program Files\Git\usr\bin;C:\Program Files\Git\mingw64\bin;C:\Program Files\Git\bin;C:\Python38\;C:\Python38\Scripts;C:\StoreBoxClientWindows;C:\Program Files\Electric Cloud\ElectricCommander\bin;C:\Program Files\WinRAR;C:\Program Files\7-Zip;C:\Users\Administrator\AppData\Local\Microsoft\WindowsApps;C:\Users\Administrator\.dotnet\tools;C:\Program Files (x86)\Microsoft Visual Studio\2017\Professional\Common7\IDE\CommonExtensions\Microsoft\CMake\CMake\bin;C:\Program Files (x86)\Microsoft Visual Studio\2017\Professional\Common7\IDE\CommonExtensions\Microsoft\CMake\Ninja
[2023-12-08T15:29:59.567Z]     -- The C compiler identification is MSVC 19.16.27032.1
[2023-12-08T15:29:59.898Z]     -- The CXX compiler identification is MSVC 19.16.27032.1
[2023-12-08T15:29:59.898Z]     -- Detecting C compiler ABI info
[2023-12-08T15:30:01.568Z]     -- Detecting C compiler ABI info - done
[2023-12-08T15:30:01.568Z]     -- Check for working C compiler: C:/Program Files (x86)/Microsoft Visual Studio/2017/Professional/VC/Tools/MSVC/14.16.27023/bin/Hostx64/x64/cl.exe - skipped
[2023-12-08T15:30:01.568Z]     -- Detecting C compile features
[2023-12-08T15:30:01.568Z]     -- Detecting C compile features - done
[2023-12-08T15:30:01.568Z]     -- Detecting CXX compiler ABI info
[2023-12-08T15:30:01.900Z]     -- Detecting CXX compiler ABI info - done
[2023-12-08T15:30:01.900Z]     -- Check for working CXX compiler: C:/Program Files (x86)/Microsoft Visual Studio/2017/Professional/VC/Tools/MSVC/14.16.27023/bin/Hostx64/x64/cl.exe - skipped
[2023-12-08T15:30:01.900Z]     -- Detecting CXX compile features
[2023-12-08T15:30:01.900Z]     -- Detecting CXX compile features - done
[2023-12-08T15:30:03.570Z]     -- Using Maya Light API Version 1
[2023-12-08T15:30:03.570Z]     -- Maya array iterator has difference_type trait
[2023-12-08T15:30:03.570Z]     -- Found Maya: P:/shared/Artifactory/Windows/rundev-2022/202105191053/runtime/75ce724/runTime/bin/maya.exe (found suitable version "2022", minimum required is "2022")
[2023-12-08T15:30:03.570Z]     -- Found Python: P:/shared/Artifactory/Windows/rundev-2022/202105191053/runtime/75ce724/runTime/bin/mayapy2.exe (found suitable exact version "2.7.11") found components: Interpreter
[2023-12-08T15:30:03.570Z]     -- Build MayaUSD with Python3 = OFF
[2023-12-08T15:30:03.570Z]     --    PYTHON_INCLUDE_DIRS = P:/shared/Artifactory/Windows/rundev-2022/202105191053/runtime/75ce724/runTime/include/Python27/Python
[2023-12-08T15:30:03.570Z]     --    PYTHON_LIBRARIES    = P:/shared/Artifactory/Windows/rundev-2022/202105191053/runtime/75ce724/runTime/lib/python27.lib
[2023-12-08T15:30:03.570Z]     --    Python_EXECUTABLE   = P:/shared/Artifactory/Windows/rundev-2022/202105191053/runtime/75ce724/runTime/bin/mayapy2.exe
[2023-12-08T15:30:03.902Z]     -- USD v0.21.11 has security patches.
[2023-12-08T15:30:03.902Z]     -- Found USD: P:/shared/Artifactory/Windows/USD/9ab6422 (found suitable version "0.21.11", minimum required is "0.21.11")
[2023-12-08T15:30:03.902Z]     --    USD include dir: P:/shared/Artifactory/Windows/USD/9ab6422/include
[2023-12-08T15:30:03.902Z]     --    USD library dir: P:/shared/Artifactory/Windows/USD/9ab6422/lib
[2023-12-08T15:30:03.902Z]     --    usdGenSchema: P:/shared/Artifactory/Windows/USD/9ab6422/bin/usdGenSchema
[2023-12-08T15:30:03.902Z]     --    USD version: 0.21.11
[2023-12-08T15:30:03.902Z]     --    Autodesk USD version: 0.21.11-ad1
[2023-12-08T15:30:03.902Z]     --    USD Boost::boost version: 107000
[2023-12-08T15:30:03.902Z]     Updated PYTHONPATH: P:\shared\Artifactory\Windows\USD\9ab6422\lib\python
[2023-12-08T15:30:03.902Z]     Updated PATH: P:\shared\Artifactory\Windows\rundev-2022\202105191053\runtime\75ce724\runTime\bin;P:\shared\Artifactory\Windows\rundev-2022\202105191053\runtime\75ce724\runTime\bin2;P:\shared\Artifactory\Windows\cmake\3.20.3\afe857a\bin;C:\Python27\lib\site-packages\pywin32_system32;C:\Program Files (x86)\Microsoft Visual Studio\2017\Professional\VC\Tools\MSVC\14.16.27023\bin\HostX64\x64;C:\Program Files (x86)\Microsoft Visual Studio\2017\Professional\Common7\IDE\VC\VCPackages;C:\Program Files (x86)\Microsoft Visual Studio\2017\Professional\Common7\IDE\CommonExtensions\Microsoft\TestWindow;C:\Program Files (x86)\Microsoft Visual Studio\2017\Professional\Common7\IDE\CommonExtensions\Microsoft\TeamFoundation\Team Explorer;C:\Program Files (x86)\Microsoft Visual Studio\2017\Professional\MSBuild\15.0\bin\Roslyn;C:\Program Files (x86)\Microsoft Visual Studio\2017\Professional\Team Tools\Performance Tools\x64;C:\Program Files (x86)\Microsoft Visual Studio\2017\Professional\Team Tools\Performance Tools;C:\Program Files (x86)\Microsoft Visual Studio\Shared\Common\VSPerfCollectionTools\\x64;C:\Program Files (x86)\Microsoft Visual Studio\Shared\Common\VSPerfCollectionTools\;C:\Program Files (x86)\Microsoft SDKs\Windows\v10.0A\bin\NETFX 4.6.1 Tools\x64\;C:\Program Files (x86)\HTML Help Workshop;C:\Program Files (x86)\Windows Kits\10\bin\10.0.19041.0\x64;C:\Program Files (x86)\Windows Kits\10\bin\x64;C:\Program Files (x86)\Microsoft Visual Studio\2017\Professional\\MSBuild\15.0\bin;C:\WINDOWS\Microsoft.NET\Framework64\v4.0.30319;C:\Program Files (x86)\Microsoft Visual Studio\2017\Professional\Common7\IDE\;C:\Program Files (x86)\Microsoft Visual Studio\2017\Professional\Common7\Tools\;C:\Python27\;C:\Python27\Scripts;C:\WINDOWS\system32;C:\WINDOWS;C:\WINDOWS\System32\Wbem;C:\WINDOWS\System32\WindowsPowerShell\v1.0\;C:\WINDOWS\System32\OpenSSH\;C:\ProgramData\chocolatey\bin;C:\Program Files (x86)\WiX Toolset v3.7\bin;C:\Program Files\dotnet\;C:\Program Files\Zulu\zulu-11\bin\;C:\Program Files (x86)\Windows Kits\10\bin\10.0.19041.0\x64;C:\Program Files (x86)\Windows Kits\10\bin\10.0.18362.0\x64;C:\Program Files (x86)\Windows Kits\10\bin\10.0.17763.0\x64;C:\Program Files (x86)\Windows Kits\10\bin\x64;C:\Strawberry\c\bin;C:\Strawberry\perl\site\bin;C:\Strawberry\perl\bin;C:\Program Files\Git\cmd;C:\Program Files\Git\usr\bin;C:\Program Files\Git\mingw64\bin;C:\Program Files\Git\bin;C:\Python38\;C:\Python38\Scripts;C:\StoreBoxClientWindows;C:\Program Files\Electric Cloud\ElectricCommander\bin;C:\Program Files\WinRAR;C:\Program Files\7-Zip;C:\Users\Administrator\AppData\Local\Microsoft\WindowsApps;C:\Users\Administrator\.dotnet\tools;C:\Program Files (x86)\Microsoft Visual Studio\2017\Professional\Common7\IDE\CommonExtensions\Microsoft\CMake\CMake\bin;C:\Program Files (x86)\Microsoft Visual Studio\2017\Professional\Common7\IDE\CommonExtensions\Microsoft\CMake\Ninja;P:\shared\Artifactory\Windows\USD\9ab6422\bin;P:\shared\Artifactory\Windows\USD\9ab6422\lib
[2023-12-08T15:30:03.902Z]     -- Found UFE: P:/shared/Artifactory/Windows/rundev-2022/202105191053/runtime/75ce724/devkitBase/devkit/ufe/include (found suitable version "2.0.0", minimum required is "0.2.0")
[2023-12-08T15:30:03.902Z]     -- Build MayaUsd with UFE version 2.0.0
[2023-12-08T15:30:03.902Z]     --    UFE include dir: P:/shared/Artifactory/Windows/rundev-2022/202105191053/runtime/75ce724/devkitBase/devkit/ufe/include
[2023-12-08T15:30:03.902Z]     --    UFE library: P:/shared/Artifactory/Windows/rundev-2022/202105191053/runtime/75ce724/devkitBase/devkit/ufe/lib/ufe_2.lib
[2023-12-08T15:30:03.902Z]     --    UFE preview features: ufe
[2023-12-08T15:30:03.902Z]     CMake Warning at CMakeLists.txt:144 (message):
[2023-12-08T15:30:03.902Z]       Disabling MaterialX VP2 rendering: it is not supported by this version of
[2023-12-08T15:30:03.902Z]       Maya.
[2023-12-08T15:30:03.902Z]     
[2023-12-08T15:30:03.902Z]     
[2023-12-08T15:30:03.902Z]     -- Found MaterialX
[2023-12-08T15:30:04.233Z]     -- Using Maya Qt version 5.15.2
[2023-12-08T15:30:04.233Z]     
[2023-12-08T15:30:04.233Z]     --   Qt include path  : P:/shared/Artifactory/Windows/rundev-2022/202105191053/runtime/75ce724/devkitBase/include/qt_5.15.2_vc14-include
[2023-12-08T15:30:04.233Z]     --   moc executable   : P:/shared/Artifactory/Windows/rundev-2022/202105191053/runtime/75ce724/devkitBase/devkit/bin/moc.exe
[2023-12-08T15:30:04.233Z]     --   uic executable   : P:/shared/Artifactory/Windows/rundev-2022/202105191053/runtime/75ce724/devkitBase/devkit/bin/uic.exe
[2023-12-08T15:30:04.233Z]     --   rcc executable   : P:/shared/Artifactory/Windows/rundev-2022/202105191053/runtime/75ce724/devkitBase/devkit/bin/rcc.exe
[2023-12-08T15:30:04.233Z]     --   Qt Core library: P:/shared/Artifactory/Windows/rundev-2022/202105191053/runtime/75ce724/runTime/lib/Qt5Core.lib
[2023-12-08T15:30:04.233Z]     --   Qt Gui library: P:/shared/Artifactory/Windows/rundev-2022/202105191053/runtime/75ce724/runTime/lib/Qt5Gui.lib
[2023-12-08T15:30:04.233Z]     --   Qt Widgets library: P:/shared/Artifactory/Windows/rundev-2022/202105191053/runtime/75ce724/runTime/lib/Qt5Widgets.lib
[2023-12-08T15:30:04.233Z]     -- Found Qt5 in Maya devkit, building with Qt 5.15.2
[2023-12-08T15:30:04.233Z]      features enabled.
[2023-12-08T15:30:04.233Z]     -- **** Building Gulrak From Github Repository.
[2023-12-08T15:30:04.233Z]     -- Populating gulrak
[2023-12-08T15:30:04.563Z]     -- Configuring done
[2023-12-08T15:30:04.563Z]     -- Generating done
[2023-12-08T15:30:04.894Z]     -- Build files have been written to: W:/build/RelWithDebInfo/_deps/gulrak-subbuild
[2023-12-08T15:30:05.224Z]     [1/9] Creating directories for 'gulrak-populate'
[2023-12-08T15:30:05.224Z]     [1/9] Performing download step (git clone) for 'gulrak-populate'
[2023-12-08T15:30:05.555Z]     Cloning into 'gulrak-src'...
[2023-12-08T15:30:06.945Z]     HEAD is now at 4e21ab3 Version bump and updated readme.
[2023-12-08T15:30:08.095Z]     [2/9] Performing update step for 'gulrak-populate'
[2023-12-08T15:30:08.806Z]     [4/9] No patch step for 'gulrak-populate'
[2023-12-08T15:30:08.806Z]     [5/9] No configure step for 'gulrak-populate'
[2023-12-08T15:30:08.806Z]     [6/9] No build step for 'gulrak-populate'
[2023-12-08T15:30:09.137Z]     [7/9] No install step for 'gulrak-populate'
[2023-12-08T15:30:09.137Z]     [8/9] No test step for 'gulrak-populate'
[2023-12-08T15:30:09.467Z]     [9/9] Completed 'gulrak-populate'
[2023-12-08T15:30:09.797Z]     -- ========== Installing GoogleTest... ==========
[2023-12-08T15:30:10.129Z]     -- Configuring done
[2023-12-08T15:30:10.459Z]     -- Generating done
[2023-12-08T15:30:10.459Z]     -- Build files have been written to: W:/build/RelWithDebInfo/googletest-config
[2023-12-08T15:30:10.790Z]     [1/8] Creating directories for 'googletest'
[2023-12-08T15:30:18.072Z]     [2/8] Performing download step (git clone) for 'googletest'
[2023-12-08T15:30:18.072Z]     Cloning into 'googletest-src'...
[2023-12-08T15:30:18.072Z]     HEAD is now at 703bd9ca Googletest export
[2023-12-08T15:30:18.072Z]     [3/8] Performing update step for 'googletest'
[2023-12-08T15:30:18.072Z]     [4/8] No patch step for 'googletest'
[2023-12-08T15:30:21.859Z]     [5/8] Performing configure step for 'googletest'
[2023-12-08T15:30:21.859Z]     Not searching for unused variables given on the command line.
[2023-12-08T15:30:21.859Z]     CMake Deprecation Warning at CMakeLists.txt:4 (cmake_minimum_required):
[2023-12-08T15:30:21.859Z]       Compatibility with CMake < 2.8.12 will be removed from a future version of
[2023-12-08T15:30:21.859Z]       CMake.
[2023-12-08T15:30:21.859Z]     
[2023-12-08T15:30:21.859Z]       Update the VERSION argument <min> value or use a ...<max> suffix to tell
[2023-12-08T15:30:21.859Z]       CMake that the project does not need compatibility with older versions.
[2023-12-08T15:30:21.859Z]     
[2023-12-08T15:30:21.859Z]     
[2023-12-08T15:30:21.859Z]     -- The C compiler identification is MSVC 19.16.27032.1
[2023-12-08T15:30:21.859Z]     -- The CXX compiler identification is MSVC 19.16.27032.1
[2023-12-08T15:30:21.859Z]     -- Detecting C compiler ABI info
[2023-12-08T15:30:21.859Z]     -- Detecting C compiler ABI info - done
[2023-12-08T15:30:21.859Z]     -- Check for working C compiler: C:/Program Files (x86)/Microsoft Visual Studio/2017/Professional/VC/Tools/MSVC/14.16.27023/bin/Hostx64/x64/cl.exe - skipped
[2023-12-08T15:30:21.859Z]     -- Detecting C compile features
[2023-12-08T15:30:21.859Z]     -- Detecting C compile features - done
[2023-12-08T15:30:21.859Z]     -- Detecting CXX compiler ABI info
[2023-12-08T15:30:21.859Z]     -- Detecting CXX compiler ABI info - done
[2023-12-08T15:30:21.859Z]     -- Check for working CXX compiler: C:/Program Files (x86)/Microsoft Visual Studio/2017/Professional/VC/Tools/MSVC/14.16.27023/bin/Hostx64/x64/cl.exe - skipped
[2023-12-08T15:30:21.859Z]     -- Detecting CXX compile features
[2023-12-08T15:30:21.859Z]     -- Detecting CXX compile features - done
[2023-12-08T15:30:21.859Z]     CMake Deprecation Warning at googletest/CMakeLists.txt:56 (cmake_minimum_required):
[2023-12-08T15:30:21.859Z]       Compatibility with CMake < 2.8.12 will be removed from a future version of
[2023-12-08T15:30:21.859Z]       CMake.
[2023-12-08T15:30:21.859Z]     
[2023-12-08T15:30:21.859Z]       Update the VERSION argument <min> value or use a ...<max> suffix to tell
[2023-12-08T15:30:21.859Z]       CMake that the project does not need compatibility with older versions.
[2023-12-08T15:30:21.859Z]     
[2023-12-08T15:30:21.859Z]     
[2023-12-08T15:30:21.859Z]     -- Found PythonInterp: C:/Python27/python.exe (found version "2.7.18")
[2023-12-08T15:30:21.859Z]     -- Looking for pthread.h
[2023-12-08T15:30:21.859Z]     -- Looking for pthread.h - not found
[2023-12-08T15:30:21.859Z]     -- Found Threads: TRUE
[2023-12-08T15:30:21.859Z]     -- Configuring done
[2023-12-08T15:30:21.859Z]     -- Generating done
[2023-12-08T15:30:21.859Z]     -- Build files have been written to: W:/build/RelWithDebInfo/googletest-build
[2023-12-08T15:30:26.675Z]     [6/8] Performing build step for 'googletest'
[2023-12-08T15:30:26.675Z]     [1/4] Building CXX object googletest\CMakeFiles\gtest_main.dir\src\gtest_main.cc.obj
[2023-12-08T15:30:26.675Z]     [2/4] Building CXX object googletest\CMakeFiles\gtest.dir\src\gtest-all.cc.obj
[2023-12-08T15:30:26.675Z]     [3/4] Linking CXX shared library bin\gtest.dll
[2023-12-08T15:30:26.675Z]     [4/4] Linking CXX shared library bin\gtest_main.dll
[2023-12-08T15:30:27.005Z]     [7/8] Performing install step for 'googletest'
[2023-12-08T15:30:27.005Z]     [0/1] Install the project...
[2023-12-08T15:30:27.005Z]     -- Install configuration: "RelWithDebInfo"
[2023-12-08T15:30:27.005Z]     [8/8] Completed 'googletest'
[2023-12-08T15:30:27.005Z]     -- ========== ...  GoogleTest installed. ==========
[2023-12-08T15:30:28.671Z]     -- USD_HAS_COLOR4_SDR_SUPPORT is FALSE
[2023-12-08T15:30:28.671Z]     -- MAYA_HAS_DISPLAY_LAYER_API is FALSE
[2023-12-08T15:30:28.671Z]     -- promoting: S:/Jenkins/workspace/ECP/ecg-maya-usd/ecg-mayausd-branch-preflight-2022-python2-pxrusd-min-interactive-windows/ecg-maya-usd/maya-usd/lib/usdUfe/base/usdUfe.h.src
[2023-12-08T15:30:28.671Z]     -- promoting: S:/Jenkins/workspace/ECP/ecg-maya-usd/ecg-mayausd-branch-preflight-2022-python2-pxrusd-min-interactive-windows/ecg-maya-usd/maya-usd/lib/usdUfe/base/api.h
[2023-12-08T15:30:28.671Z]     -- promoting: S:/Jenkins/workspace/ECP/ecg-maya-usd/ecg-mayausd-branch-preflight-2022-python2-pxrusd-min-interactive-windows/ecg-maya-usd/maya-usd/lib/usdUfe/base/debugCodes.h
[2023-12-08T15:30:28.671Z]     -- promoting: S:/Jenkins/workspace/ECP/ecg-maya-usd/ecg-mayausd-branch-preflight-2022-python2-pxrusd-min-interactive-windows/ecg-maya-usd/maya-usd/lib/usdUfe/base/tokens.h
[2023-12-08T15:30:28.671Z]     CMake Error at lib/usdUfe/ufe/CMakeLists.txt:48 (if):
[2023-12-08T15:30:28.671Z]       if given arguments:
[2023-12-08T15:30:28.671Z]     
[2023-12-08T15:30:28.671Z]         "GREATER_EQUAL" "5015"
[2023-12-08T15:30:28.671Z]     
[2023-12-08T15:30:28.671Z]       Unknown arguments specified
[2023-12-08T15:30:28.671Z]     
[2023-12-08T15:30:28.671Z]     
[2023-12-08T15:30:28.671Z]     -- Configuring incomplete, errors occurred!
[2023-12-08T15:30:28.671Z]     See also "W:/build/RelWithDebInfo/CMakeFiles/CMakeOutput.log".
[2023-12-08T15:30:28.671Z]     See also "W:/build/RelWithDebInfo/CMakeFiles/CMakeError.log".
[2023-12-08T15:30:28.671Z]     
[2023-12-08T15:30:28.671Z]         Building with settings:
[2023-12-08T15:30:28.671Z]           Source directory          S:\Jenkins\workspace\ECP\ecg-maya-usd\ecg-mayausd-branch-preflight-2022-python2-pxrusd-min-interactive-windows\ecg-maya-usd\maya-usd
[2023-12-08T15:30:28.671Z]           Workspace directory       W:\
[2023-12-08T15:30:28.671Z]           Build directory           W:\build\RelWithDebInfo
[2023-12-08T15:30:28.671Z]           Install directory         W:\install\RelWithDebInfo\MayaUSD
[2023-12-08T15:30:28.671Z]           Variant                   RelWithDebInfo
[2023-12-08T15:30:28.671Z]           Python Debug              Off
[2023-12-08T15:30:28.671Z]           CMake generator           Ninja
[2023-12-08T15:30:28.671Z]           Build arguments           ['-DCMAKE_MAKE_PROGRAM=P:/shared/Artifactory/Windows/ninja/1.10.2/ccacdf8/ninja.exe', '-DPYTHON_INCLUDE_DIR=P:/shared/Artifactory/Windows/rundev-2022/202105191053/runtime/75ce724/runTime/include/Python27/Python', '-DPython_EXECUTABLE=P:/shared/Artifactory/Windows/rundev-2022/202105191053/runtime/75ce724/runTime/bin/mayapy2.exe', '-DPYTHON_LIBRARIES=P:/shared/Artifactory/Windows/rundev-2022/202105191053/runtime/75ce724/runTime/lib/python27.lib', '-DUSD_LIB_PREFIX=', '-DBUILD_HDMAYA=OFF']
[2023-12-08T15:30:28.671Z]           Stages arguments          ['configure']
[2023-12-08T15:30:28.671Z]           CTest arguments           ['-E testUsdReferenceAssemblySelection|testUsdMayaAppDir|testProxyShapeDrawUsdChangeProcessing', '--parallel 16']
[2023-12-08T15:30:28.671Z]     STATUS: Found Maya Qt headers in: P:\shared\Artifactory\Windows\rundev-2022\202105191053\runtime\75ce724\devkitBase
[2023-12-08T15:30:28.671Z]     #####################################################################################
[2023-12-08T15:30:28.671Z]     log date: 2023-12-08 07:29
[2023-12-08T15:30:28.671Z]     commit sha: eb1cc0f1fb2f6323e7be1c11958a638c5d3609ee
[2023-12-08T15:30:28.671Z]     commit date: Fri Dec 8 09:54:36 2023 -0500
[2023-12-08T15:30:28.671Z]     #####################################################################################
[2023-12-08T15:30:28.671Z]     
[2023-12-08T15:30:28.671Z]     cmake -DCMAKE_INSTALL_PREFIX="W:\install\RelWithDebInfo\MayaUSD" -DCMAKE_BUILD_TYPE=RelWithDebInfo -DCMAKE_EXPORT_COMPILE_COMMANDS=ON -G "Ninja" -DMAYA_LOCATION="P:\shared\Artifactory\Windows\rundev-2022\202105191053\runtime\75ce724\runTime" -DPXR_USD_LOCATION="P:\shared\Artifactory\Windows\USD\9ab6422" -DMAYA_DEVKIT_LOCATION="P:\shared\Artifactory\Windows\rundev-2022\202105191053\runtime\75ce724\devkitBase" -DCMAKE_WANT_MATERIALX_BUILD=ON -DCMAKE_PREFIX_PATH="P:\shared\Artifactory\Windows\USD\9ab6422" -DMAYAUSD_DEFINE_BOOST_DEBUG_PYTHON_FLAG=OFF -DCMAKE_MAKE_PROGRAM=P:/shared/Artifactory/Windows/ninja/1.10.2/ccacdf8/ninja.exe -DPYTHON_INCLUDE_DIR=P:/shared/Artifactory/Windows/rundev-2022/202105191053/runtime/75ce724/runTime/include/Python27/Python -DPython_EXECUTABLE=P:/shared/Artifactory/Windows/rundev-2022/202105191053/runtime/75ce724/runTime/bin/mayapy2.exe -DPYTHON_LIBRARIES=P:/shared/Artifactory/Windows/rundev-2022/202105191053/runtime/75ce724/runTime/lib/python27.lib -DUSD_LIB_PREFIX= -DBUILD_HDMAYA=OFF "S:\Jenkins\workspace\ECP\ecg-maya-usd\ecg-mayausd-branch-preflight-2022-python2-pxrusd-min-interactive-windows\ecg-maya-usd\maya-usd"
[2023-12-08T15:30:28.671Z]     
[2023-12-08T15:30:28.671Z]     Traceback (most recent call last):
[2023-12-08T15:30:28.671Z]       File "S:\Jenkins\workspace\ECP\ecg-maya-usd\ecg-mayausd-branch-preflight-2022-python2-pxrusd-min-interactive-windows\ecg-maya-usd\maya-usd\build.py", line 779, in <module>
[2023-12-08T15:30:28.671Z]         BuildAndInstall(context, context.buildArgs, context.stagesArgs)
[2023-12-08T15:30:28.671Z]       File "S:\Jenkins\workspace\ECP\ecg-maya-usd\ecg-mayausd-branch-preflight-2022-python2-pxrusd-min-interactive-windows\ecg-maya-usd\maya-usd\build.py", line 536, in BuildAndInstall
[2023-12-08T15:30:28.671Z]         RunCMake(context, extraArgs, stagesArgs)
[2023-12-08T15:30:28.671Z]       File "S:\Jenkins\workspace\ECP\ecg-maya-usd\ecg-mayausd-branch-preflight-2022-python2-pxrusd-min-interactive-windows\ecg-maya-usd\maya-usd\build.py", line 301, in RunCMake
[2023-12-08T15:30:28.671Z]         extraArgs=(" ".join(extraArgs) if extraArgs else "")))
[2023-12-08T15:30:28.671Z]       File "S:\Jenkins\workspace\ECP\ecg-maya-usd\ecg-mayausd-branch-preflight-2022-python2-pxrusd-min-interactive-windows\ecg-maya-usd\maya-usd\build.py", line 182, in Run
[2023-12-08T15:30:28.671Z]         .format(cmd=cmd, log=os.path.abspath(context.logFileLocation)))
[2023-12-08T15:30:28.671Z]     RuntimeError: Failed to run 'cmake -DCMAKE_INSTALL_PREFIX="W:\install\RelWithDebInfo\MayaUSD" -DCMAKE_BUILD_TYPE=RelWithDebInfo -DCMAKE_EXPORT_COMPILE_COMMANDS=ON -G "Ninja" -DMAYA_LOCATION="P:\shared\Artifactory\Windows\rundev-2022\202105191053\runtime\75ce724\runTime" -DPXR_USD_LOCATION="P:\shared\Artifactory\Windows\USD\9ab6422" -DMAYA_DEVKIT_LOCATION="P:\shared\Artifactory\Windows\rundev-2022\202105191053\runtime\75ce724\devkitBase" -DCMAKE_WANT_MATERIALX_BUILD=ON -DCMAKE_PREFIX_PATH="P:\shared\Artifactory\Windows\USD\9ab6422" -DMAYAUSD_DEFINE_BOOST_DEBUG_PYTHON_FLAG=OFF -DCMAKE_MAKE_PROGRAM=P:/shared/Artifactory/Windows/ninja/1.10.2/ccacdf8/ninja.exe -DPYTHON_INCLUDE_DIR=P:/shared/Artifactory/Windows/rundev-2022/202105191053/runtime/75ce724/runTime/include/Python27/Python -DPython_EXECUTABLE=P:/shared/Artifactory/Windows/rundev-2022/202105191053/runtime/75ce724/runTime/bin/mayapy2.exe -DPYTHON_LIBRARIES=P:/shared/Artifactory/Windows/rundev-2022/202105191053/runtime/75ce724/runTime/lib/python27.lib -DUSD_LIB_PREFIX= -DBUILD_HDMAYA=OFF "S:\Jenkins\workspace\ECP\ecg-maya-usd\ecg-mayausd-branch-preflight-2022-python2-pxrusd-min-interactive-windows\ecg-maya-usd\maya-usd"'
[2023-12-08T15:30:28.671Z]     See W:\build\RelWithDebInfo\build_log.txt for more details.
[2023-12-08T15:30:28.671Z] build.py: error: Command failed with error code: 1
[Pipeline] bat
[2023-12-08T15:30:29.255Z] Deleting alias drive W:
[Pipeline] bat
[2023-12-08T15:30:29.836Z] Deleting alias drive P:
[Pipeline] }
[Pipeline] // withEnv
[Pipeline] }
[Pipeline] // timeout
[Pipeline] }
[Pipeline] // stage
[Pipeline] }
[Pipeline] // timestamps
[Pipeline] emailextrecipients
Not sending mail to user ecg.jenkins@autodesk.com with no permission to view ECP  ecg-maya-usd  MayaUsd - Maya 2022 [USD min, Python 2, Interactive] - Branch Preflight (Windows) #1484Not sending mail to user ecg.jenkins@autodesk.com with no permission to view ECP  ecg-maya-usd  MayaUsd - Maya 2022 [USD min, Python 2, Interactive] - Branch Preflight (Windows) #1484[Pipeline] echo
No recipients to send notification.
[Pipeline] }
[Pipeline] // node
[Pipeline] End of Pipeline
ERROR: script returned exit code 1
[Checks API] No suitable checks publisher found.
Finished: FAILURE
