[2023-12-08T15:29:41.278Z] ================================================================================
[2023-12-08T15:29:41.278Z]                              setup (RelWithDebInfo)
[2023-12-08T15:29:41.278Z] ================================================================================
[Pipeline] bat
[2023-12-08T15:29:41.895Z] Deleting alias drive W:
[Pipeline] bat
[2023-12-08T15:29:42.522Z] Deleting alias drive P:
[Pipeline] }
[Pipeline] // withEnv
[Pipeline] }
[Pipeline] // timeout
[Pipeline] }
[Pipeline] // stage
[Pipeline] }
[Pipeline] // timestamps
[Pipeline] timestamps
[Pipeline] {
[Pipeline] stage
[Pipeline] { (Clean)
[Pipeline] timeout
[2023-12-08T15:29:42.742Z] Timeout set to expire in 6 hr 0 min
[Pipeline] {
[Pipeline] withEnv
[Pipeline] {
[Pipeline] bat
[2023-12-08T15:29:43.449Z] Creating alias drive P: to S:\jenkins\workspace
[Pipeline] bat
[2023-12-08T15:29:44.065Z] Creating alias drive W: to S:\jenkins\workspace\ECP\ecg-maya-usd\ecg-mayausd-branch-preflight-2022-windows
[Pipeline] bat
[2023-12-08T15:29:44.867Z] "C:\Program Files (x86)\Microsoft Visual Studio\2017\Professional\VC\Auxiliary\Build\vcvarsall.bat" x64
[2023-12-08T15:29:44.867Z] **********************************************************************
[2023-12-08T15:29:44.867Z] ** Visual Studio 2017 Developer Command Prompt v15.9.15
[2023-12-08T15:29:44.867Z] ** Copyright (c) 2017 Microsoft Corporation
[2023-12-08T15:29:44.867Z] **********************************************************************
[2023-12-08T15:29:47.171Z] [vcvarsall.bat] Environment initialized for: 'x64'
[2023-12-08T15:29:47.171Z] python ecg-maya-usd/build.py --stages=clean --workspace-dir=W:\ --artifactory-dir=P:\shared\Artifactory --build-dir=W:\build --install-dir=W:\install --signing-dir=W:\signing --package-dir=W:\package --output-dir=W:\output --stash-dir=W:\stash --jenkins-build=1480 --git-commit=7c338191c9964a987a5054d1f1e50dd232c2476c --git-branch=master --variants=RelWithDebInfo --python=2.7 --post-zips=false --maya-cut-config=maya-rundev-2022.yaml --maya-package=rundev-2022 --stage-banner
[2023-12-08T15:29:47.898Z] Using Maya cut from P:\shared\Artifactory\Windows\rundev-2022\202312061106\runtime\d4cc9de
[2023-12-08T15:29:47.898Z] Using Maya ADSK Signatures from P:\shared\Artifactory\Windows\adsk-plugin-signatures-maya\2023\3ae1ae7
[2023-12-08T15:29:47.898Z] Using Maya Security Library from P:\shared\Artifactory\Windows\maya-security-library\3.1.0\084709f
[2023-12-08T15:29:47.898Z] 
[2023-12-08T15:29:47.898Z] ================================================================================
[2023-12-08T15:29:47.898Z]                              clean (RelWithDebInfo)
[2023-12-08T15:29:47.898Z] ================================================================================
[2023-12-08T15:29:47.898Z] Maya Python RelWithDebInfo Info:
[2023-12-08T15:29:47.898Z]   mayapy executable   = P:\shared\Artifactory\Windows\rundev-2022\202312061106\runtime\d4cc9de\runTime\bin\mayapy2.exe
[2023-12-08T15:29:47.898Z]   Include Folder      = P:\shared\Artifactory\Windows\rundev-2022\202312061106\runtime\d4cc9de\runTime\include\Python27\Python
[2023-12-08T15:29:47.898Z]   Library             = P:\shared\Artifactory\Windows\rundev-2022\202312061106\runtime\d4cc9de\runTime\lib\python27.lib
[2023-12-08T15:29:47.898Z]   site-package Folder = P:\shared\Artifactory\Windows\rundev-2022\202312061106\runtime\d4cc9de\runTime\Python27\Lib\site-packages
[2023-12-08T15:29:48.625Z] In workdir: S:\jenkins\workspace\ECP\ecg-maya-usd\ecg-mayausd-branch-preflight-2022-windows\ecg-maya-usd\maya-usd
[2023-12-08T15:29:48.625Z] Executing: 'P:\\shared\\Artifactory\\Windows\\rundev-2022\\202312061106\\runtime\\d4cc9de\\runTime\\bin\\mayapy2.exe' 'S:\\jenkins\\workspace\\ECP\\ecg-maya-usd\\ecg-mayausd-branch-preflight-2022-windows\\ecg-maya-usd\\maya-usd\\build.py' --generator Ninja --build-relwithdebug --maya-location 'P:\\shared\\Artifactory\\Windows\\rundev-2022\\202312061106\\runtime\\d4cc9de\\runTime' --devkit-location 'P:\\shared\\Artifactory\\Windows\\rundev-2022\\202312061106\\runtime\\d4cc9de\\devkitBase' --pxrusd-location 'P:\\shared\\Artifactory\\Windows\\USD\\9ab6422' --materialx '--build-args=-DCMAKE_MAKE_PROGRAM=P:/shared/Artifactory/Windows/ninja/1.10.2/ccacdf8/ninja.exe,-DPYTHON_INCLUDE_DIR=P:/shared/Artifactory/Windows/rundev-2022/202312061106/runtime/d4cc9de/runTime/include/Python27/Python,-DPython_EXECUTABLE=P:/shared/Artifactory/Windows/rundev-2022/202312061106/runtime/d4cc9de/runTime/bin/mayapy2.exe,-DPYTHON_LIBRARIES=P:/shared/Artifactory/Windows/rundev-2022/202312061106/runtime/d4cc9de/runTime/lib/python27.lib,-DUSD_LIB_PREFIX=,-DBUILD_HDMAYA=OFF' '--ctest-args=-E testUsdReferenceAssemblySelection|testUsdMayaAppDir|testProxyShapeDrawUsdChangeProcessing,-LE interactive,--parallel 16' --stages=clean --redirect-outstream-file=False --install-location 'W:\\install\\RelWithDebInfo\\MayaUSD' 'W:\\'
[2023-12-08T15:29:48.625Z] Modified environment variables:
[2023-12-08T15:29:48.625Z]     PATH=P:\shared\Artifactory\Windows\cmake\3.20.3\afe857a\bin;C:\Python27\lib\site-packages\pywin32_system32;C:\Program Files (x86)\Microsoft Visual Studio\2017\Professional\VC\Tools\MSVC\14.16.27023\bin\HostX64\x64;C:\Program Files (x86)\Microsoft Visual Studio\2017\Professional\Common7\IDE\VC\VCPackages;C:\Program Files (x86)\Microsoft Visual Studio\2017\Professional\Common7\IDE\CommonExtensions\Microsoft\TestWindow;C:\Program Files (x86)\Microsoft Visual Studio\2017\Professional\Common7\IDE\CommonExtensions\Microsoft\TeamFoundation\Team Explorer;C:\Program Files (x86)\Microsoft Visual Studio\2017\Professional\MSBuild\15.0\bin\Roslyn;C:\Program Files (x86)\Microsoft Visual Studio\2017\Professional\Team Tools\Performance Tools\x64;C:\Program Files (x86)\Microsoft Visual Studio\2017\Professional\Team Tools\Performance Tools;C:\Program Files (x86)\Microsoft Visual Studio\Shared\Common\VSPerfCollectionTools\\x64;C:\Program Files (x86)\Microsoft Visual Studio\Shared\Common\VSPerfCollectionTools\;C:\Program Files (x86)\Microsoft SDKs\Windows\v10.0A\bin\NETFX 4.6.1 Tools\x64\;C:\Program Files (x86)\HTML Help Workshop;C:\Program Files (x86)\Windows Kits\10\bin\10.0.19041.0\x64;C:\Program Files (x86)\Windows Kits\10\bin\x64;C:\Program Files (x86)\Microsoft Visual Studio\2017\Professional\\MSBuild\15.0\bin;C:\WINDOWS\Microsoft.NET\Framework64\v4.0.30319;C:\Program Files (x86)\Microsoft Visual Studio\2017\Professional\Common7\IDE\;C:\Program Files (x86)\Microsoft Visual Studio\2017\Professional\Common7\Tools\;C:\Python27\;C:\Python27\Scripts;C:\WINDOWS\system32;C:\WINDOWS;C:\WINDOWS\System32\Wbem;C:\WINDOWS\System32\WindowsPowerShell\v1.0\;C:\WINDOWS\System32\OpenSSH\;C:\ProgramData\chocolatey\bin;C:\Program Files (x86)\WiX Toolset v3.7\bin;C:\Program Files\dotnet\;C:\Program Files (x86)\Windows Kits\10\bin\10.0.18362.0\x64;C:\Program Files\Zulu\zulu-11\bin\;C:\Program Files (x86)\Windows Kits\10\bin\10.0.17763.0\x64;C:\Program Files (x86)\Windows Kits\10\bin\x64;C:\Program Files\Git\cmd;C:\Program Files\Git\usr\bin;C:\Program Files\Git\mingw64\bin;C:\Program Files\Git\bin;C:\Python38\;C:\Python38\Scripts;C:\StoreBoxClientWindows;C:\Program Files\Electric Cloud\ElectricCommander\bin;C:\Program Files\WinRAR;C:\Program Files\7-Zip;C:\Program Files (x86)\Windows Kits\10\bin\10.0.19041.0\x64;C:\Users\Administrator\AppData\Local\Microsoft\WindowsApps;C:\Users\Administrator\.dotnet\tools;C:\Program Files (x86)\Microsoft Visual Studio\2017\Professional\Common7\IDE\CommonExtensions\Microsoft\CMake\CMake\bin;C:\Program Files (x86)\Microsoft Visual Studio\2017\Professional\Common7\IDE\CommonExtensions\Microsoft\CMake\Ninja
[2023-12-08T15:29:48.625Z]     
[2023-12-08T15:29:48.625Z]         Building with settings:
[2023-12-08T15:29:48.625Z]           Source directory          S:\jenkins\workspace\ECP\ecg-maya-usd\ecg-mayausd-branch-preflight-2022-windows\ecg-maya-usd\maya-usd
[2023-12-08T15:29:48.625Z]           Workspace directory       W:\
[2023-12-08T15:29:48.625Z]           Build directory           W:\build\RelWithDebInfo
[2023-12-08T15:29:48.625Z]           Install directory         W:\install\RelWithDebInfo\MayaUSD
[2023-12-08T15:29:48.625Z]           Variant                   RelWithDebInfo
[2023-12-08T15:29:48.625Z]           Python Debug              Off
[2023-12-08T15:29:48.625Z]           CMake generator           Ninja
[2023-12-08T15:29:48.625Z]           Build arguments           ['-DCMAKE_MAKE_PROGRAM=P:/shared/Artifactory/Windows/ninja/1.10.2/ccacdf8/ninja.exe', '-DPYTHON_INCLUDE_DIR=P:/shared/Artifactory/Windows/rundev-2022/202312061106/runtime/d4cc9de/runTime/include/Python27/Python', '-DPython_EXECUTABLE=P:/shared/Artifactory/Windows/rundev-2022/202312061106/runtime/d4cc9de/runTime/bin/mayapy2.exe', '-DPYTHON_LIBRARIES=P:/shared/Artifactory/Windows/rundev-2022/202312061106/runtime/d4cc9de/runTime/lib/python27.lib', '-DUSD_LIB_PREFIX=', '-DBUILD_HDMAYA=OFF']
[2023-12-08T15:29:48.625Z]           Stages arguments          ['clean']
[2023-12-08T15:29:48.625Z]           CTest arguments           ['-E testUsdReferenceAssemblySelection|testUsdMayaAppDir|testProxyShapeDrawUsdChangeProcessing', '-LE interactive', '--parallel 16']
[2023-12-08T15:29:48.625Z]     Success MayaUSD build and install !!!!
[2023-12-08T15:29:48.625Z]     Elapsed time: 00:00:00
[Pipeline] bat
[2023-12-08T15:29:49.234Z] Deleting alias drive W:
[Pipeline] bat
[2023-12-08T15:29:49.839Z] Deleting alias drive P:
[Pipeline] }
[Pipeline] // withEnv
[Pipeline] }
[Pipeline] // timeout
[Pipeline] }
[Pipeline] // stage
[Pipeline] }
[Pipeline] // timestamps
[Pipeline] timestamps
[Pipeline] {
[Pipeline] stage
[Pipeline] { (Configure)
[Pipeline] timeout
[2023-12-08T15:29:50.040Z] Timeout set to expire in 6 hr 0 min
[Pipeline] {
[Pipeline] withEnv
[Pipeline] {
[Pipeline] bat
[2023-12-08T15:29:50.635Z] Creating alias drive P: to S:\jenkins\workspace
[Pipeline] bat
[2023-12-08T15:29:51.250Z] Creating alias drive W: to S:\jenkins\workspace\ECP\ecg-maya-usd\ecg-mayausd-branch-preflight-2022-windows
[Pipeline] bat
[2023-12-08T15:29:52.010Z] "C:\Program Files (x86)\Microsoft Visual Studio\2017\Professional\VC\Auxiliary\Build\vcvarsall.bat" x64
[2023-12-08T15:29:52.010Z] **********************************************************************
[2023-12-08T15:29:52.010Z] ** Visual Studio 2017 Developer Command Prompt v15.9.15
[2023-12-08T15:29:52.010Z] ** Copyright (c) 2017 Microsoft Corporation
[2023-12-08T15:29:52.010Z] **********************************************************************
[2023-12-08T15:29:54.311Z] [vcvarsall.bat] Environment initialized for: 'x64'
[2023-12-08T15:29:54.312Z] python ecg-maya-usd/build.py --stages=configure --workspace-dir=W:\ --artifactory-dir=P:\shared\Artifactory --build-dir=W:\build --install-dir=W:\install --signing-dir=W:\signing --package-dir=W:\package --output-dir=W:\output --stash-dir=W:\stash --jenkins-build=1480 --git-commit=7c338191c9964a987a5054d1f1e50dd232c2476c --git-branch=master --variants=RelWithDebInfo --python=2.7 --post-zips=false --maya-cut-config=maya-rundev-2022.yaml --maya-package=rundev-2022 --stage-banner
[2023-12-08T15:29:55.038Z] Using Maya cut from P:\shared\Artifactory\Windows\rundev-2022\202312061106\runtime\d4cc9de
[2023-12-08T15:29:55.038Z] Using Maya ADSK Signatures from P:\shared\Artifactory\Windows\adsk-plugin-signatures-maya\2023\3ae1ae7
[2023-12-08T15:29:55.038Z] Using Maya Security Library from P:\shared\Artifactory\Windows\maya-security-library\3.1.0\084709f
[2023-12-08T15:29:55.038Z] 
[2023-12-08T15:29:55.038Z] ================================================================================
[2023-12-08T15:29:55.038Z]                            configure (RelWithDebInfo)
[2023-12-08T15:29:55.038Z] ================================================================================
[2023-12-08T15:29:55.038Z] Maya Python RelWithDebInfo Info:
[2023-12-08T15:29:55.038Z]   mayapy executable   = P:\shared\Artifactory\Windows\rundev-2022\202312061106\runtime\d4cc9de\runTime\bin\mayapy2.exe
[2023-12-08T15:29:55.038Z]   Include Folder      = P:\shared\Artifactory\Windows\rundev-2022\202312061106\runtime\d4cc9de\runTime\include\Python27\Python
[2023-12-08T15:29:55.038Z]   Library             = P:\shared\Artifactory\Windows\rundev-2022\202312061106\runtime\d4cc9de\runTime\lib\python27.lib
[2023-12-08T15:29:55.038Z]   site-package Folder = P:\shared\Artifactory\Windows\rundev-2022\202312061106\runtime\d4cc9de\runTime\Python27\Lib\site-packages
[2023-12-08T15:29:55.765Z] In workdir: S:\jenkins\workspace\ECP\ecg-maya-usd\ecg-mayausd-branch-preflight-2022-windows\ecg-maya-usd\maya-usd
[2023-12-08T15:29:55.765Z] Executing: 'P:\\shared\\Artifactory\\Windows\\rundev-2022\\202312061106\\runtime\\d4cc9de\\runTime\\bin\\mayapy2.exe' 'S:\\jenkins\\workspace\\ECP\\ecg-maya-usd\\ecg-mayausd-branch-preflight-2022-windows\\ecg-maya-usd\\maya-usd\\build.py' --generator Ninja --build-relwithdebug --maya-location 'P:\\shared\\Artifactory\\Windows\\rundev-2022\\202312061106\\runtime\\d4cc9de\\runTime' --devkit-location 'P:\\shared\\Artifactory\\Windows\\rundev-2022\\202312061106\\runtime\\d4cc9de\\devkitBase' --pxrusd-location 'P:\\shared\\Artifactory\\Windows\\USD\\9ab6422' --materialx '--build-args=-DCMAKE_MAKE_PROGRAM=P:/shared/Artifactory/Windows/ninja/1.10.2/ccacdf8/ninja.exe,-DPYTHON_INCLUDE_DIR=P:/shared/Artifactory/Windows/rundev-2022/202312061106/runtime/d4cc9de/runTime/include/Python27/Python,-DPython_EXECUTABLE=P:/shared/Artifactory/Windows/rundev-2022/202312061106/runtime/d4cc9de/runTime/bin/mayapy2.exe,-DPYTHON_LIBRARIES=P:/shared/Artifactory/Windows/rundev-2022/202312061106/runtime/d4cc9de/runTime/lib/python27.lib,-DUSD_LIB_PREFIX=,-DBUILD_HDMAYA=OFF' '--ctest-args=-E testUsdReferenceAssemblySelection|testUsdMayaAppDir|testProxyShapeDrawUsdChangeProcessing,-LE interactive,--parallel 16' --stages=configure --redirect-outstream-file=False --install-location 'W:\\install\\RelWithDebInfo\\MayaUSD' 'W:\\'
[2023-12-08T15:29:55.765Z] Modified environment variables:
[2023-12-08T15:29:55.765Z]     PATH=P:\shared\Artifactory\Windows\cmake\3.20.3\afe857a\bin;C:\Python27\lib\site-packages\pywin32_system32;C:\Program Files (x86)\Microsoft Visual Studio\2017\Professional\VC\Tools\MSVC\14.16.27023\bin\HostX64\x64;C:\Program Files (x86)\Microsoft Visual Studio\2017\Professional\Common7\IDE\VC\VCPackages;C:\Program Files (x86)\Microsoft Visual Studio\2017\Professional\Common7\IDE\CommonExtensions\Microsoft\TestWindow;C:\Program Files (x86)\Microsoft Visual Studio\2017\Professional\Common7\IDE\CommonExtensions\Microsoft\TeamFoundation\Team Explorer;C:\Program Files (x86)\Microsoft Visual Studio\2017\Professional\MSBuild\15.0\bin\Roslyn;C:\Program Files (x86)\Microsoft Visual Studio\2017\Professional\Team Tools\Performance Tools\x64;C:\Program Files (x86)\Microsoft Visual Studio\2017\Professional\Team Tools\Performance Tools;C:\Program Files (x86)\Microsoft Visual Studio\Shared\Common\VSPerfCollectionTools\\x64;C:\Program Files (x86)\Microsoft Visual Studio\Shared\Common\VSPerfCollectionTools\;C:\Program Files (x86)\Microsoft SDKs\Windows\v10.0A\bin\NETFX 4.6.1 Tools\x64\;C:\Program Files (x86)\HTML Help Workshop;C:\Program Files (x86)\Windows Kits\10\bin\10.0.19041.0\x64;C:\Program Files (x86)\Windows Kits\10\bin\x64;C:\Program Files (x86)\Microsoft Visual Studio\2017\Professional\\MSBuild\15.0\bin;C:\WINDOWS\Microsoft.NET\Framework64\v4.0.30319;C:\Program Files (x86)\Microsoft Visual Studio\2017\Professional\Common7\IDE\;C:\Program Files (x86)\Microsoft Visual Studio\2017\Professional\Common7\Tools\;C:\Python27\;C:\Python27\Scripts;C:\WINDOWS\system32;C:\WINDOWS;C:\WINDOWS\System32\Wbem;C:\WINDOWS\System32\WindowsPowerShell\v1.0\;C:\WINDOWS\System32\OpenSSH\;C:\ProgramData\chocolatey\bin;C:\Program Files (x86)\WiX Toolset v3.7\bin;C:\Program Files\dotnet\;C:\Program Files (x86)\Windows Kits\10\bin\10.0.18362.0\x64;C:\Program Files\Zulu\zulu-11\bin\;C:\Program Files (x86)\Windows Kits\10\bin\10.0.17763.0\x64;C:\Program Files (x86)\Windows Kits\10\bin\x64;C:\Program Files\Git\cmd;C:\Program Files\Git\usr\bin;C:\Program Files\Git\mingw64\bin;C:\Program Files\Git\bin;C:\Python38\;C:\Python38\Scripts;C:\StoreBoxClientWindows;C:\Program Files\Electric Cloud\ElectricCommander\bin;C:\Program Files\WinRAR;C:\Program Files\7-Zip;C:\Program Files (x86)\Windows Kits\10\bin\10.0.19041.0\x64;C:\Users\Administrator\AppData\Local\Microsoft\WindowsApps;C:\Users\Administrator\.dotnet\tools;C:\Program Files (x86)\Microsoft Visual Studio\2017\Professional\Common7\IDE\CommonExtensions\Microsoft\CMake\CMake\bin;C:\Program Files (x86)\Microsoft Visual Studio\2017\Professional\Common7\IDE\CommonExtensions\Microsoft\CMake\Ninja
[2023-12-08T15:29:56.940Z]     -- The C compiler identification is MSVC 19.16.27032.1
[2023-12-08T15:29:57.279Z]     -- The CXX compiler identification is MSVC 19.16.27032.1
[2023-12-08T15:29:57.279Z]     -- Detecting C compiler ABI info
[2023-12-08T15:29:58.454Z]     -- Detecting C compiler ABI info - done
[2023-12-08T15:29:58.454Z]     -- Check for working C compiler: C:/Program Files (x86)/Microsoft Visual Studio/2017/Professional/VC/Tools/MSVC/14.16.27023/bin/Hostx64/x64/cl.exe - skipped
[2023-12-08T15:29:58.454Z]     -- Detecting C compile features
[2023-12-08T15:29:58.454Z]     -- Detecting C compile features - done
[2023-12-08T15:29:58.454Z]     -- Detecting CXX compiler ABI info
[2023-12-08T15:29:59.180Z]     -- Detecting CXX compiler ABI info - done
[2023-12-08T15:29:59.180Z]     -- Check for working CXX compiler: C:/Program Files (x86)/Microsoft Visual Studio/2017/Professional/VC/Tools/MSVC/14.16.27023/bin/Hostx64/x64/cl.exe - skipped
[2023-12-08T15:29:59.180Z]     -- Detecting CXX compile features
[2023-12-08T15:29:59.180Z]     -- Detecting CXX compile features - done
[2023-12-08T15:29:59.907Z]     -- Using Maya Light API Version 2
[2023-12-08T15:29:59.907Z]     -- Maya has setDefaultMaterialHandling API
[2023-12-08T15:29:59.907Z]     -- Maya has new point snapping API
[2023-12-08T15:29:59.907Z]     -- Maya has setUfeIdentifiers API
[2023-12-08T15:29:59.907Z]     -- Maya has updateUfeIdentifiers API
[2023-12-08T15:29:59.907Z]     -- Maya has getDisplayStyleOfAllViewports API
[2023-12-08T15:29:59.907Z]     -- Maya array iterator has difference_type trait
[2023-12-08T15:29:59.907Z]     -- Found Maya: P:/shared/Artifactory/Windows/rundev-2022/202312061106/runtime/d4cc9de/runTime/bin/maya.exe (found suitable version "2022", minimum required is "2022")
[2023-12-08T15:30:00.246Z]     -- Found Python: P:/shared/Artifactory/Windows/rundev-2022/202312061106/runtime/d4cc9de/runTime/bin/mayapy2.exe (found suitable exact version "2.7.11") found components: Interpreter
[2023-12-08T15:30:00.246Z]     -- Build MayaUSD with Python3 = OFF
[2023-12-08T15:30:00.246Z]     --    PYTHON_INCLUDE_DIRS = P:/shared/Artifactory/Windows/rundev-2022/202312061106/runtime/d4cc9de/runTime/include/Python27/Python
[2023-12-08T15:30:00.246Z]     --    PYTHON_LIBRARIES    = P:/shared/Artifactory/Windows/rundev-2022/202312061106/runtime/d4cc9de/runTime/lib/python27.lib
[2023-12-08T15:30:00.246Z]     --    Python_EXECUTABLE   = P:/shared/Artifactory/Windows/rundev-2022/202312061106/runtime/d4cc9de/runTime/bin/mayapy2.exe
[2023-12-08T15:30:00.585Z]     -- USD v0.21.11 has security patches.
[2023-12-08T15:30:00.585Z]     -- Found USD: P:/shared/Artifactory/Windows/USD/9ab6422 (found suitable version "0.21.11", minimum required is "0.21.11")
[2023-12-08T15:30:00.585Z]     --    USD include dir: P:/shared/Artifactory/Windows/USD/9ab6422/include
[2023-12-08T15:30:00.585Z]     --    USD library dir: P:/shared/Artifactory/Windows/USD/9ab6422/lib
[2023-12-08T15:30:00.585Z]     --    usdGenSchema: P:/shared/Artifactory/Windows/USD/9ab6422/bin/usdGenSchema
[2023-12-08T15:30:00.585Z]     --    USD version: 0.21.11
[2023-12-08T15:30:00.585Z]     --    Autodesk USD version: 0.21.11-ad1
[2023-12-08T15:30:00.585Z]     --    USD Boost::boost version: 107000
[2023-12-08T15:30:00.585Z]     Updated PYTHONPATH: P:\shared\Artifactory\Windows\USD\9ab6422\lib\python
[2023-12-08T15:30:00.585Z]     Updated PATH: P:\shared\Artifactory\Windows\rundev-2022\202312061106\runtime\d4cc9de\runTime\bin;P:\shared\Artifactory\Windows\rundev-2022\202312061106\runtime\d4cc9de\runTime\bin2;P:\shared\Artifactory\Windows\cmake\3.20.3\afe857a\bin;C:\Python27\lib\site-packages\pywin32_system32;C:\Program Files (x86)\Microsoft Visual Studio\2017\Professional\VC\Tools\MSVC\14.16.27023\bin\HostX64\x64;C:\Program Files (x86)\Microsoft Visual Studio\2017\Professional\Common7\IDE\VC\VCPackages;C:\Program Files (x86)\Microsoft Visual Studio\2017\Professional\Common7\IDE\CommonExtensions\Microsoft\TestWindow;C:\Program Files (x86)\Microsoft Visual Studio\2017\Professional\Common7\IDE\CommonExtensions\Microsoft\TeamFoundation\Team Explorer;C:\Program Files (x86)\Microsoft Visual Studio\2017\Professional\MSBuild\15.0\bin\Roslyn;C:\Program Files (x86)\Microsoft Visual Studio\2017\Professional\Team Tools\Performance Tools\x64;C:\Program Files (x86)\Microsoft Visual Studio\2017\Professional\Team Tools\Performance Tools;C:\Program Files (x86)\Microsoft Visual Studio\Shared\Common\VSPerfCollectionTools\\x64;C:\Program Files (x86)\Microsoft Visual Studio\Shared\Common\VSPerfCollectionTools\;C:\Program Files (x86)\Microsoft SDKs\Windows\v10.0A\bin\NETFX 4.6.1 Tools\x64\;C:\Program Files (x86)\HTML Help Workshop;C:\Program Files (x86)\Windows Kits\10\bin\10.0.19041.0\x64;C:\Program Files (x86)\Windows Kits\10\bin\x64;C:\Program Files (x86)\Microsoft Visual Studio\2017\Professional\\MSBuild\15.0\bin;C:\WINDOWS\Microsoft.NET\Framework64\v4.0.30319;C:\Program Files (x86)\Microsoft Visual Studio\2017\Professional\Common7\IDE\;C:\Program Files (x86)\Microsoft Visual Studio\2017\Professional\Common7\Tools\;C:\Python27\;C:\Python27\Scripts;C:\WINDOWS\system32;C:\WINDOWS;C:\WINDOWS\System32\Wbem;C:\WINDOWS\System32\WindowsPowerShell\v1.0\;C:\WINDOWS\System32\OpenSSH\;C:\ProgramData\chocolatey\bin;C:\Program Files (x86)\WiX Toolset v3.7\bin;C:\Program Files\dotnet\;C:\Program Files (x86)\Windows Kits\10\bin\10.0.18362.0\x64;C:\Program Files\Zulu\zulu-11\bin\;C:\Program Files (x86)\Windows Kits\10\bin\10.0.17763.0\x64;C:\Program Files (x86)\Windows Kits\10\bin\x64;C:\Program Files\Git\cmd;C:\Program Files\Git\usr\bin;C:\Program Files\Git\mingw64\bin;C:\Program Files\Git\bin;C:\Python38\;C:\Python38\Scripts;C:\StoreBoxClientWindows;C:\Program Files\Electric Cloud\ElectricCommander\bin;C:\Program Files\WinRAR;C:\Program Files\7-Zip;C:\Program Files (x86)\Windows Kits\10\bin\10.0.19041.0\x64;C:\Users\Administrator\AppData\Local\Microsoft\WindowsApps;C:\Users\Administrator\.dotnet\tools;C:\Program Files (x86)\Microsoft Visual Studio\2017\Professional\Common7\IDE\CommonExtensions\Microsoft\CMake\CMake\bin;C:\Program Files (x86)\Microsoft Visual Studio\2017\Professional\Common7\IDE\CommonExtensions\Microsoft\CMake\Ninja;P:\shared\Artifactory\Windows\USD\9ab6422\bin;P:\shared\Artifactory\Windows\USD\9ab6422\lib
[2023-12-08T15:30:00.585Z]     -- Found UFE: P:/shared/Artifactory/Windows/rundev-2022/202312061106/runtime/d4cc9de/devkitBase/devkit/ufe/include (found suitable version "2.1.1", minimum required is "0.2.0")
[2023-12-08T15:30:00.585Z]     -- Build MayaUsd with UFE version 2.1.1
[2023-12-08T15:30:00.585Z]     --    UFE include dir: P:/shared/Artifactory/Windows/rundev-2022/202312061106/runtime/d4cc9de/devkitBase/devkit/ufe/include
[2023-12-08T15:30:00.585Z]     --    UFE library: P:/shared/Artifactory/Windows/rundev-2022/202312061106/runtime/d4cc9de/devkitBase/devkit/ufe/lib/ufe_2.lib
[2023-12-08T15:30:00.585Z]     --    UFE preview features: ufe
[2023-12-08T15:30:00.585Z]     -- Found MaterialX
[2023-12-08T15:30:02.282Z]     -- Using Maya Qt version 5.15.2
[2023-12-08T15:30:02.282Z]     
[2023-12-08T15:30:02.282Z]     --   Qt include path  : P:/shared/Artifactory/Windows/rundev-2022/202312061106/runtime/d4cc9de/devkitBase/include/qt_5.15.2_vc14-include
[2023-12-08T15:30:02.282Z]     --   moc executable   : P:/shared/Artifactory/Windows/rundev-2022/202312061106/runtime/d4cc9de/devkitBase/devkit/bin/moc.exe
[2023-12-08T15:30:02.282Z]     --   uic executable   : P:/shared/Artifactory/Windows/rundev-2022/202312061106/runtime/d4cc9de/devkitBase/devkit/bin/uic.exe
[2023-12-08T15:30:02.282Z]     --   rcc executable   : P:/shared/Artifactory/Windows/rundev-2022/202312061106/runtime/d4cc9de/devkitBase/devkit/bin/rcc.exe
[2023-12-08T15:30:02.282Z]     --   Qt Core library: P:/shared/Artifactory/Windows/rundev-2022/202312061106/runtime/d4cc9de/runTime/lib/Qt5Core.lib
[2023-12-08T15:30:02.282Z]     --   Qt Gui library: P:/shared/Artifactory/Windows/rundev-2022/202312061106/runtime/d4cc9de/runTime/lib/Qt5Gui.lib
[2023-12-08T15:30:02.282Z]     --   Qt Widgets library: P:/shared/Artifactory/Windows/rundev-2022/202312061106/runtime/d4cc9de/runTime/lib/Qt5Widgets.lib
[2023-12-08T15:30:02.282Z]     -- Found Qt5 in Maya devkit, building with Qt 5.15.2
[2023-12-08T15:30:02.282Z]      features enabled.
[2023-12-08T15:30:02.282Z]     -- **** Building Gulrak From Github Repository.
[2023-12-08T15:30:02.282Z]     -- Populating gulrak
[2023-12-08T15:30:02.282Z]     -- Configuring done
[2023-12-08T15:30:02.282Z]     -- Generating done
[2023-12-08T15:30:02.282Z]     -- Build files have been written to: W:/build/RelWithDebInfo/_deps/gulrak-subbuild
[2023-12-08T15:30:03.010Z]     [1/9] Creating directories for 'gulrak-populate'
[2023-12-08T15:30:03.010Z]     [1/9] Performing download step (git clone) for 'gulrak-populate'
[2023-12-08T15:30:03.010Z]     Cloning into 'gulrak-src'...
[2023-12-08T15:30:04.706Z]     HEAD is now at 4e21ab3 Version bump and updated readme.
[2023-12-08T15:30:06.788Z]     [2/9] Performing update step for 'gulrak-populate'
[2023-12-08T15:30:07.159Z]     [4/9] No patch step for 'gulrak-populate'
[2023-12-08T15:30:07.159Z]     [5/9] No configure step for 'gulrak-populate'
[2023-12-08T15:30:07.159Z]     [6/9] No build step for 'gulrak-populate'
[2023-12-08T15:30:07.159Z]     [7/9] No install step for 'gulrak-populate'
[2023-12-08T15:30:07.159Z]     [8/9] No test step for 'gulrak-populate'
[2023-12-08T15:30:07.499Z]     [9/9] Completed 'gulrak-populate'
[2023-12-08T15:30:08.263Z]     -- ========== Installing GoogleTest... ==========
[2023-12-08T15:30:08.601Z]     -- Configuring done
[2023-12-08T15:30:08.601Z]     -- Generating done
[2023-12-08T15:30:08.601Z]     -- Build files have been written to: W:/build/RelWithDebInfo/googletest-config
[2023-12-08T15:30:08.940Z]     [1/8] Creating directories for 'googletest'
[2023-12-08T15:30:14.926Z]     [2/8] Performing download step (git clone) for 'googletest'
[2023-12-08T15:30:14.926Z]     Cloning into 'googletest-src'...
[2023-12-08T15:30:14.926Z]     HEAD is now at 703bd9ca Googletest export
[2023-12-08T15:30:15.265Z]     [3/8] Performing update step for 'googletest'
[2023-12-08T15:30:15.265Z]     [4/8] No patch step for 'googletest'
[2023-12-08T15:30:18.279Z]     [5/8] Performing configure step for 'googletest'
[2023-12-08T15:30:18.279Z]     Not searching for unused variables given on the command line.
[2023-12-08T15:30:18.279Z]     CMake Deprecation Warning at CMakeLists.txt:4 (cmake_minimum_required):
[2023-12-08T15:30:18.279Z]       Compatibility with CMake < 2.8.12 will be removed from a future version of
[2023-12-08T15:30:18.279Z]       CMake.
[2023-12-08T15:30:18.279Z]     
[2023-12-08T15:30:18.279Z]       Update the VERSION argument <min> value or use a ...<max> suffix to tell
[2023-12-08T15:30:18.279Z]       CMake that the project does not need compatibility with older versions.
[2023-12-08T15:30:18.279Z]     
[2023-12-08T15:30:18.279Z]     
[2023-12-08T15:30:18.279Z]     -- The C compiler identification is MSVC 19.16.27032.1
[2023-12-08T15:30:18.279Z]     -- The CXX compiler identification is MSVC 19.16.27032.1
[2023-12-08T15:30:18.279Z]     -- Detecting C compiler ABI info
[2023-12-08T15:30:18.279Z]     -- Detecting C compiler ABI info - done
[2023-12-08T15:30:18.279Z]     -- Check for working C compiler: C:/Program Files (x86)/Microsoft Visual Studio/2017/Professional/VC/Tools/MSVC/14.16.27023/bin/Hostx64/x64/cl.exe - skipped
[2023-12-08T15:30:18.279Z]     -- Detecting C compile features
[2023-12-08T15:30:18.279Z]     -- Detecting C compile features - done
[2023-12-08T15:30:18.279Z]     -- Detecting CXX compiler ABI info
[2023-12-08T15:30:18.279Z]     -- Detecting CXX compiler ABI info - done
[2023-12-08T15:30:18.279Z]     -- Check for working CXX compiler: C:/Program Files (x86)/Microsoft Visual Studio/2017/Professional/VC/Tools/MSVC/14.16.27023/bin/Hostx64/x64/cl.exe - skipped
[2023-12-08T15:30:18.279Z]     -- Detecting CXX compile features
[2023-12-08T15:30:18.279Z]     -- Detecting CXX compile features - done
[2023-12-08T15:30:18.279Z]     CMake Deprecation Warning at googletest/CMakeLists.txt:56 (cmake_minimum_required):
[2023-12-08T15:30:18.279Z]       Compatibility with CMake < 2.8.12 will be removed from a future version of
[2023-12-08T15:30:18.279Z]       CMake.
[2023-12-08T15:30:18.279Z]     
[2023-12-08T15:30:18.279Z]       Update the VERSION argument <min> value or use a ...<max> suffix to tell
[2023-12-08T15:30:18.279Z]       CMake that the project does not need compatibility with older versions.
[2023-12-08T15:30:18.279Z]     
[2023-12-08T15:30:18.279Z]     
[2023-12-08T15:30:18.279Z]     -- Found PythonInterp: C:/Python27/python.exe (found version "2.7.18")
[2023-12-08T15:30:18.279Z]     -- Looking for pthread.h
[2023-12-08T15:30:18.279Z]     -- Looking for pthread.h - not found
[2023-12-08T15:30:18.279Z]     -- Found Threads: TRUE
[2023-12-08T15:30:18.279Z]     -- Configuring done
[2023-12-08T15:30:18.279Z]     -- Generating done
[2023-12-08T15:30:18.279Z]     -- Build files have been written to: W:/build/RelWithDebInfo/googletest-build
[2023-12-08T15:30:23.110Z]     [6/8] Performing build step for 'googletest'
[2023-12-08T15:30:23.110Z]     [1/4] Building CXX object googletest\CMakeFiles\gtest_main.dir\src\gtest_main.cc.obj
[2023-12-08T15:30:23.110Z]     [2/4] Building CXX object googletest\CMakeFiles\gtest.dir\src\gtest-all.cc.obj
[2023-12-08T15:30:23.110Z]     [3/4] Linking CXX shared library bin\gtest.dll
[2023-12-08T15:30:23.110Z]     [4/4] Linking CXX shared library bin\gtest_main.dll
[2023-12-08T15:30:23.837Z]     [7/8] Performing install step for 'googletest'
[2023-12-08T15:30:23.837Z]     [0/1] Install the project...
[2023-12-08T15:30:23.837Z]     -- Install configuration: "RelWithDebInfo"
[2023-12-08T15:30:23.837Z]     [8/8] Completed 'googletest'
[2023-12-08T15:30:23.837Z]     -- ========== ...  GoogleTest installed. ==========
[2023-12-08T15:30:25.534Z]     -- USD_HAS_COLOR4_SDR_SUPPORT is FALSE
[2023-12-08T15:30:25.534Z]     -- MAYA_HAS_DISPLAY_LAYER_API is FALSE
[2023-12-08T15:30:25.534Z]     -- promoting: S:/jenkins/workspace/ECP/ecg-maya-usd/ecg-mayausd-branch-preflight-2022-windows/ecg-maya-usd/maya-usd/lib/usdUfe/base/usdUfe.h.src
[2023-12-08T15:30:25.534Z]     -- promoting: S:/jenkins/workspace/ECP/ecg-maya-usd/ecg-mayausd-branch-preflight-2022-windows/ecg-maya-usd/maya-usd/lib/usdUfe/base/api.h
[2023-12-08T15:30:25.534Z]     -- promoting: S:/jenkins/workspace/ECP/ecg-maya-usd/ecg-mayausd-branch-preflight-2022-windows/ecg-maya-usd/maya-usd/lib/usdUfe/base/debugCodes.h
[2023-12-08T15:30:25.534Z]     -- promoting: S:/jenkins/workspace/ECP/ecg-maya-usd/ecg-mayausd-branch-preflight-2022-windows/ecg-maya-usd/maya-usd/lib/usdUfe/base/tokens.h
[2023-12-08T15:30:25.534Z]     CMake Error at lib/usdUfe/ufe/CMakeLists.txt:48 (if):
[2023-12-08T15:30:25.534Z]       if given arguments:
[2023-12-08T15:30:25.534Z]     
[2023-12-08T15:30:25.534Z]         "GREATER_EQUAL" "5015"
[2023-12-08T15:30:25.534Z]     
[2023-12-08T15:30:25.534Z]       Unknown arguments specified
[2023-12-08T15:30:25.534Z]     
[2023-12-08T15:30:25.534Z]     
[2023-12-08T15:30:25.534Z]     -- Configuring incomplete, errors occurred!
[2023-12-08T15:30:25.534Z]     See also "W:/build/RelWithDebInfo/CMakeFiles/CMakeOutput.log".
[2023-12-08T15:30:25.534Z]     See also "W:/build/RelWithDebInfo/CMakeFiles/CMakeError.log".
[2023-12-08T15:30:25.534Z]     
[2023-12-08T15:30:25.534Z]         Building with settings:
[2023-12-08T15:30:25.534Z]           Source directory          S:\jenkins\workspace\ECP\ecg-maya-usd\ecg-mayausd-branch-preflight-2022-windows\ecg-maya-usd\maya-usd
[2023-12-08T15:30:25.534Z]           Workspace directory       W:\
[2023-12-08T15:30:25.534Z]           Build directory           W:\build\RelWithDebInfo
[2023-12-08T15:30:25.534Z]           Install directory         W:\install\RelWithDebInfo\MayaUSD
[2023-12-08T15:30:25.534Z]           Variant                   RelWithDebInfo
[2023-12-08T15:30:25.534Z]           Python Debug              Off
[2023-12-08T15:30:25.534Z]           CMake generator           Ninja
[2023-12-08T15:30:25.534Z]           Build arguments           ['-DCMAKE_MAKE_PROGRAM=P:/shared/Artifactory/Windows/ninja/1.10.2/ccacdf8/ninja.exe', '-DPYTHON_INCLUDE_DIR=P:/shared/Artifactory/Windows/rundev-2022/202312061106/runtime/d4cc9de/runTime/include/Python27/Python', '-DPython_EXECUTABLE=P:/shared/Artifactory/Windows/rundev-2022/202312061106/runtime/d4cc9de/runTime/bin/mayapy2.exe', '-DPYTHON_LIBRARIES=P:/shared/Artifactory/Windows/rundev-2022/202312061106/runtime/d4cc9de/runTime/lib/python27.lib', '-DUSD_LIB_PREFIX=', '-DBUILD_HDMAYA=OFF']
[2023-12-08T15:30:25.534Z]           Stages arguments          ['configure']
[2023-12-08T15:30:25.534Z]           CTest arguments           ['-E testUsdReferenceAssemblySelection|testUsdMayaAppDir|testProxyShapeDrawUsdChangeProcessing', '-LE interactive', '--parallel 16']
[2023-12-08T15:30:25.534Z]     STATUS: Found Maya Qt headers in: P:\shared\Artifactory\Windows\rundev-2022\202312061106\runtime\d4cc9de\devkitBase
[2023-12-08T15:30:25.534Z]     #####################################################################################
[2023-12-08T15:30:25.534Z]     log date: 2023-12-08 07:29
[2023-12-08T15:30:25.534Z]     commit sha: eb1cc0f1fb2f6323e7be1c11958a638c5d3609ee
[2023-12-08T15:30:25.534Z]     commit date: Fri Dec 8 09:54:36 2023 -0500
[2023-12-08T15:30:25.534Z]     #####################################################################################
[2023-12-08T15:30:25.534Z]     
[2023-12-08T15:30:25.534Z]     cmake -DCMAKE_INSTALL_PREFIX="W:\install\RelWithDebInfo\MayaUSD" -DCMAKE_BUILD_TYPE=RelWithDebInfo -DCMAKE_EXPORT_COMPILE_COMMANDS=ON -G "Ninja" -DMAYA_LOCATION="P:\shared\Artifactory\Windows\rundev-2022\202312061106\runtime\d4cc9de\runTime" -DPXR_USD_LOCATION="P:\shared\Artifactory\Windows\USD\9ab6422" -DMAYA_DEVKIT_LOCATION="P:\shared\Artifactory\Windows\rundev-2022\202312061106\runtime\d4cc9de\devkitBase" -DCMAKE_WANT_MATERIALX_BUILD=ON -DCMAKE_PREFIX_PATH="P:\shared\Artifactory\Windows\USD\9ab6422" -DMAYAUSD_DEFINE_BOOST_DEBUG_PYTHON_FLAG=OFF -DCMAKE_MAKE_PROGRAM=P:/shared/Artifactory/Windows/ninja/1.10.2/ccacdf8/ninja.exe -DPYTHON_INCLUDE_DIR=P:/shared/Artifactory/Windows/rundev-2022/202312061106/runtime/d4cc9de/runTime/include/Python27/Python -DPython_EXECUTABLE=P:/shared/Artifactory/Windows/rundev-2022/202312061106/runtime/d4cc9de/runTime/bin/mayapy2.exe -DPYTHON_LIBRARIES=P:/shared/Artifactory/Windows/rundev-2022/202312061106/runtime/d4cc9de/runTime/lib/python27.lib -DUSD_LIB_PREFIX= -DBUILD_HDMAYA=OFF "S:\jenkins\workspace\ECP\ecg-maya-usd\ecg-mayausd-branch-preflight-2022-windows\ecg-maya-usd\maya-usd"
[2023-12-08T15:30:25.534Z]     
[2023-12-08T15:30:25.534Z]     Traceback (most recent call last):
[2023-12-08T15:30:25.534Z]       File "S:\jenkins\workspace\ECP\ecg-maya-usd\ecg-mayausd-branch-preflight-2022-windows\ecg-maya-usd\maya-usd\build.py", line 779, in <module>
[2023-12-08T15:30:25.534Z]         BuildAndInstall(context, context.buildArgs, context.stagesArgs)
[2023-12-08T15:30:25.534Z]       File "S:\jenkins\workspace\ECP\ecg-maya-usd\ecg-mayausd-branch-preflight-2022-windows\ecg-maya-usd\maya-usd\build.py", line 536, in BuildAndInstall
[2023-12-08T15:30:25.534Z]         RunCMake(context, extraArgs, stagesArgs)
[2023-12-08T15:30:25.534Z]       File "S:\jenkins\workspace\ECP\ecg-maya-usd\ecg-mayausd-branch-preflight-2022-windows\ecg-maya-usd\maya-usd\build.py", line 301, in RunCMake
[2023-12-08T15:30:25.534Z]         extraArgs=(" ".join(extraArgs) if extraArgs else "")))
[2023-12-08T15:30:25.534Z]       File "S:\jenkins\workspace\ECP\ecg-maya-usd\ecg-mayausd-branch-preflight-2022-windows\ecg-maya-usd\maya-usd\build.py", line 182, in Run
[2023-12-08T15:30:25.534Z]         .format(cmd=cmd, log=os.path.abspath(context.logFileLocation)))
[2023-12-08T15:30:25.534Z]     RuntimeError: Failed to run 'cmake -DCMAKE_INSTALL_PREFIX="W:\install\RelWithDebInfo\MayaUSD" -DCMAKE_BUILD_TYPE=RelWithDebInfo -DCMAKE_EXPORT_COMPILE_COMMANDS=ON -G "Ninja" -DMAYA_LOCATION="P:\shared\Artifactory\Windows\rundev-2022\202312061106\runtime\d4cc9de\runTime" -DPXR_USD_LOCATION="P:\shared\Artifactory\Windows\USD\9ab6422" -DMAYA_DEVKIT_LOCATION="P:\shared\Artifactory\Windows\rundev-2022\202312061106\runtime\d4cc9de\devkitBase" -DCMAKE_WANT_MATERIALX_BUILD=ON -DCMAKE_PREFIX_PATH="P:\shared\Artifactory\Windows\USD\9ab6422" -DMAYAUSD_DEFINE_BOOST_DEBUG_PYTHON_FLAG=OFF -DCMAKE_MAKE_PROGRAM=P:/shared/Artifactory/Windows/ninja/1.10.2/ccacdf8/ninja.exe -DPYTHON_INCLUDE_DIR=P:/shared/Artifactory/Windows/rundev-2022/202312061106/runtime/d4cc9de/runTime/include/Python27/Python -DPython_EXECUTABLE=P:/shared/Artifactory/Windows/rundev-2022/202312061106/runtime/d4cc9de/runTime/bin/mayapy2.exe -DPYTHON_LIBRARIES=P:/shared/Artifactory/Windows/rundev-2022/202312061106/runtime/d4cc9de/runTime/lib/python27.lib -DUSD_LIB_PREFIX= -DBUILD_HDMAYA=OFF "S:\jenkins\workspace\ECP\ecg-maya-usd\ecg-mayausd-branch-preflight-2022-windows\ecg-maya-usd\maya-usd"'
[2023-12-08T15:30:25.534Z]     See W:\build\RelWithDebInfo\build_log.txt for more details.
[2023-12-08T15:30:25.534Z] build.py: error: Command failed with error code: 1
[Pipeline] bat
[2023-12-08T15:30:26.227Z] Deleting alias drive W:
[Pipeline] bat
[2023-12-08T15:30:26.829Z] Deleting alias drive P:
[Pipeline] }
[Pipeline] // withEnv
[Pipeline] }
[Pipeline] // timeout
[Pipeline] }
[Pipeline] // stage
[Pipeline] }
[Pipeline] // timestamps
[Pipeline] emailextrecipients
Not sending mail to user ecg.jenkins@autodesk.com with no permission to view ECP » ecg-maya-usd » MayaUsd [Python 2] - Branch - Maya 2022 - Preflight (Windows) #1480Not sending mail to user ecg.jenkins@autodesk.com with no permission to view ECP » ecg-maya-usd » MayaUsd [Python 2] - Branch - Maya 2022 - Preflight (Windows) #1480[Pipeline] echo
No recipients to send notification.
[Pipeline] }
[Pipeline] // node
[Pipeline] End of Pipeline
ERROR: script returned exit code 1
[Checks API] No suitable checks publisher found.
Finished: FAILURE
