[2023-12-08T15:29:39.261Z] ================================================================================
[2023-12-08T15:29:39.261Z]                              setup (RelWithDebInfo)
[2023-12-08T15:29:39.261Z] ================================================================================
[Pipeline] }
[Pipeline] // withEnv
[Pipeline] }
[Pipeline] // timeout
[Pipeline] }
[Pipeline] // stage
[Pipeline] }
[Pipeline] // timestamps
[Pipeline] timestamps
[Pipeline] {
[Pipeline] stage
[Pipeline] { (Clean)
[Pipeline] timeout
[2023-12-08T15:29:39.667Z] Timeout set to expire in 6 hr 0 min
[Pipeline] {
[Pipeline] withEnv
[Pipeline] {
[Pipeline] sh
[2023-12-08T15:29:40.874Z] + python ecg-maya-usd/build.py --stages=clean --workspace-dir=/local/S/jenkins/workspace/ECP/ecg-maya-usd/ecg-mayausd-branch-preflight-2022-python3-osx --artifactory-dir=/local/S/jenkins/workspace/shared/Artifactory --build-dir=/local/S/jenkins/workspace/ECP/ecg-maya-usd/ecg-mayausd-branch-preflight-2022-python3-osx/build --install-dir=/local/S/jenkins/workspace/ECP/ecg-maya-usd/ecg-mayausd-branch-preflight-2022-python3-osx/install --signing-dir=/local/S/jenkins/workspace/ECP/ecg-maya-usd/ecg-mayausd-branch-preflight-2022-python3-osx/signing --package-dir=/local/S/jenkins/workspace/ECP/ecg-maya-usd/ecg-mayausd-branch-preflight-2022-python3-osx/package --output-dir=/local/S/jenkins/workspace/ECP/ecg-maya-usd/ecg-mayausd-branch-preflight-2022-python3-osx/output --stash-dir=/local/S/jenkins/workspace/ECP/ecg-maya-usd/ecg-mayausd-branch-preflight-2022-python3-osx/stash --jenkins-build=1479 --git-commit=7c338191c9964a987a5054d1f1e50dd232c2476c --git-branch=master --variants=RelWithDebInfo --python=3.7 --post-zips=false --maya-cut-config=maya-rundev-2022.yaml --maya-package=rundev-2022 --stage-banner
[2023-12-08T15:29:41.424Z] Using Maya cut from /local/S/jenkins/workspace/shared/Artifactory/OSX/rundev-2022/202312061106/runtime/b30644a
[2023-12-08T15:29:41.424Z] Using Maya ADSK Signatures from /local/S/jenkins/workspace/shared/Artifactory/OSX/adsk-plugin-signatures-maya/2023/3ae1ae7
[2023-12-08T15:29:41.424Z] Using Maya Security Library from /local/S/jenkins/workspace/shared/Artifactory/OSX/maya-security-library/3.1.0/5f2130f
[2023-12-08T15:29:41.424Z] 
[2023-12-08T15:29:41.424Z] ================================================================================
[2023-12-08T15:29:41.424Z]                              clean (RelWithDebInfo)
[2023-12-08T15:29:41.424Z] ================================================================================
[2023-12-08T15:29:41.424Z] Maya Python RelWithDebInfo Info:
[2023-12-08T15:29:41.424Z]   mayapy executable   = /local/S/jenkins/workspace/shared/Artifactory/OSX/rundev-2022/202312061106/runtime/b30644a/runTime/Maya.app/Contents/bin/mayapy
[2023-12-08T15:29:41.424Z]   Include Folder      = /local/S/jenkins/workspace/shared/Artifactory/OSX/rundev-2022/202312061106/runtime/b30644a/runTime/Maya.app/Contents/Frameworks/Python.framework/Versions/Current/include/python3.7m
[2023-12-08T15:29:41.424Z]   Library             = /local/S/jenkins/workspace/shared/Artifactory/OSX/rundev-2022/202312061106/runtime/b30644a/runTime/Maya.app/Contents/Frameworks/Python.framework/Versions/Current/lib/libpython3.7m.dylib
[2023-12-08T15:29:41.424Z]   site-package Folder = /local/S/jenkins/workspace/shared/Artifactory/OSX/rundev-2022/202312061106/runtime/b30644a/runTime/Maya.app/Contents/Frameworks/Python.framework/Versions/Current/lib/python3.7/site-packages
[2023-12-08T15:29:41.975Z] In workdir: /local/S/jenkins/workspace/ECP/ecg-maya-usd/ecg-mayausd-branch-preflight-2022-python3-osx/ecg-maya-usd/maya-usd
[2023-12-08T15:29:41.975Z] Executing: /local/S/jenkins/workspace/shared/Artifactory/OSX/rundev-2022/202312061106/runtime/b30644a/runTime/Maya.app/Contents/bin/mayapy /local/S/jenkins/workspace/ECP/ecg-maya-usd/ecg-mayausd-branch-preflight-2022-python3-osx/ecg-maya-usd/maya-usd/build.py --generator Ninja --build-relwithdebug --maya-location /local/S/jenkins/workspace/shared/Artifactory/OSX/rundev-2022/202312061106/runtime/b30644a/runTime --devkit-location /local/S/jenkins/workspace/shared/Artifactory/OSX/rundev-2022/202312061106/runtime/b30644a/devkitBase --pxrusd-location /local/S/jenkins/workspace/shared/Artifactory/OSX/USD/c188d08 --materialx --build-args=-DCMAKE_MAKE_PROGRAM=/local/S/jenkins/workspace/shared/Artifactory/OSX/ninja/1.10.2/95d0ca5/ninja,-DPYTHON_INCLUDE_DIR=/local/S/jenkins/workspace/shared/Artifactory/OSX/rundev-2022/202312061106/runtime/b30644a/runTime/Maya.app/Contents/Frameworks/Python.framework/Versions/Current/include/python3.7m,-DPython_EXECUTABLE=/local/S/jenkins/workspace/shared/Artifactory/OSX/rundev-2022/202312061106/runtime/b30644a/runTime/Maya.app/Contents/bin/mayapy,-DPYTHON_LIBRARIES=/local/S/jenkins/workspace/shared/Artifactory/OSX/rundev-2022/202312061106/runtime/b30644a/runTime/Maya.app/Contents/Frameworks/Python.framework/Versions/Current/lib/libpython3.7m.dylib,-DBUILD_WITH_PYTHON_3=ON,-DUSD_LIB_PREFIX=lib,-DBUILD_HDMAYA=OFF '--ctest-args=-E testUsdReferenceAssemblySelection|testUsdMayaAppDir,-LE interactive,--parallel 4' --stages=clean --redirect-outstream-file=False --install-location /local/S/jenkins/workspace/ECP/ecg-maya-usd/ecg-mayausd-branch-preflight-2022-python3-osx/install/RelWithDebInfo/MayaUSD /local/S/jenkins/workspace/ECP/ecg-maya-usd/ecg-mayausd-branch-preflight-2022-python3-osx
[2023-12-08T15:29:41.975Z] Modified environment variables:
[2023-12-08T15:29:41.975Z]     PATH=/local/S/jenkins/workspace/shared/Artifactory/OSX/cmake/3.20.3/2594509/bin:/usr/local/bin:/bin:/usr/sbin:/sbin:/usr/bin
[2023-12-08T15:29:41.975Z]     
[2023-12-08T15:29:41.975Z]         Building with settings:
[2023-12-08T15:29:41.975Z]           Source directory          /local/S/jenkins/workspace/ECP/ecg-maya-usd/ecg-mayausd-branch-preflight-2022-python3-osx/ecg-maya-usd/maya-usd
[2023-12-08T15:29:41.975Z]           Workspace directory       /local/S/jenkins/workspace/ECP/ecg-maya-usd/ecg-mayausd-branch-preflight-2022-python3-osx
[2023-12-08T15:29:41.975Z]           Build directory           /local/S/jenkins/workspace/ECP/ecg-maya-usd/ecg-mayausd-branch-preflight-2022-python3-osx/build/RelWithDebInfo
[2023-12-08T15:29:41.975Z]           Install directory         /local/S/jenkins/workspace/ECP/ecg-maya-usd/ecg-mayausd-branch-preflight-2022-python3-osx/install/RelWithDebInfo/MayaUSD
[2023-12-08T15:29:41.975Z]           Variant                   RelWithDebInfo
[2023-12-08T15:29:41.975Z]           Python Debug              Off
[2023-12-08T15:29:41.975Z]           CMake generator           Ninja
[2023-12-08T15:29:41.975Z]           Build arguments           ['-DCMAKE_MAKE_PROGRAM=/local/S/jenkins/workspace/shared/Artifactory/OSX/ninja/1.10.2/95d0ca5/ninja', '-DPYTHON_INCLUDE_DIR=/local/S/jenkins/workspace/shared/Artifactory/OSX/rundev-2022/202312061106/runtime/b30644a/runTime/Maya.app/Contents/Frameworks/Python.framework/Versions/Current/include/python3.7m', '-DPython_EXECUTABLE=/local/S/jenkins/workspace/shared/Artifactory/OSX/rundev-2022/202312061106/runtime/b30644a/runTime/Maya.app/Contents/bin/mayapy', '-DPYTHON_LIBRARIES=/local/S/jenkins/workspace/shared/Artifactory/OSX/rundev-2022/202312061106/runtime/b30644a/runTime/Maya.app/Contents/Frameworks/Python.framework/Versions/Current/lib/libpython3.7m.dylib', '-DBUILD_WITH_PYTHON_3=ON', '-DUSD_LIB_PREFIX=lib', '-DBUILD_HDMAYA=OFF']
[2023-12-08T15:29:41.975Z]           Stages arguments          ['clean']
[2023-12-08T15:29:41.975Z]           CTest arguments           ['-E testUsdReferenceAssemblySelection|testUsdMayaAppDir', '-LE interactive', '--parallel 4']
[2023-12-08T15:29:41.975Z]     Success MayaUSD build and install !!!!
[2023-12-08T15:29:41.975Z]     Elapsed time: 00:00:00
[Pipeline] }
[Pipeline] // withEnv
[Pipeline] }
[Pipeline] // timeout
[Pipeline] }
[Pipeline] // stage
[Pipeline] }
[Pipeline] // timestamps
[Pipeline] timestamps
[Pipeline] {
[Pipeline] stage
[Pipeline] { (Configure)
[Pipeline] timeout
[2023-12-08T15:29:42.335Z] Timeout set to expire in 6 hr 0 min
[Pipeline] {
[Pipeline] withEnv
[Pipeline] {
[Pipeline] sh
[2023-12-08T15:29:43.586Z] + python ecg-maya-usd/build.py --stages=configure --workspace-dir=/local/S/jenkins/workspace/ECP/ecg-maya-usd/ecg-mayausd-branch-preflight-2022-python3-osx --artifactory-dir=/local/S/jenkins/workspace/shared/Artifactory --build-dir=/local/S/jenkins/workspace/ECP/ecg-maya-usd/ecg-mayausd-branch-preflight-2022-python3-osx/build --install-dir=/local/S/jenkins/workspace/ECP/ecg-maya-usd/ecg-mayausd-branch-preflight-2022-python3-osx/install --signing-dir=/local/S/jenkins/workspace/ECP/ecg-maya-usd/ecg-mayausd-branch-preflight-2022-python3-osx/signing --package-dir=/local/S/jenkins/workspace/ECP/ecg-maya-usd/ecg-mayausd-branch-preflight-2022-python3-osx/package --output-dir=/local/S/jenkins/workspace/ECP/ecg-maya-usd/ecg-mayausd-branch-preflight-2022-python3-osx/output --stash-dir=/local/S/jenkins/workspace/ECP/ecg-maya-usd/ecg-mayausd-branch-preflight-2022-python3-osx/stash --jenkins-build=1479 --git-commit=7c338191c9964a987a5054d1f1e50dd232c2476c --git-branch=master --variants=RelWithDebInfo --python=3.7 --post-zips=false --maya-cut-config=maya-rundev-2022.yaml --maya-package=rundev-2022 --stage-banner
[2023-12-08T15:29:44.134Z] Using Maya cut from /local/S/jenkins/workspace/shared/Artifactory/OSX/rundev-2022/202312061106/runtime/b30644a
[2023-12-08T15:29:44.134Z] Using Maya ADSK Signatures from /local/S/jenkins/workspace/shared/Artifactory/OSX/adsk-plugin-signatures-maya/2023/3ae1ae7
[2023-12-08T15:29:44.134Z] Using Maya Security Library from /local/S/jenkins/workspace/shared/Artifactory/OSX/maya-security-library/3.1.0/5f2130f
[2023-12-08T15:29:44.134Z] 
[2023-12-08T15:29:44.134Z] ================================================================================
[2023-12-08T15:29:44.134Z]                            configure (RelWithDebInfo)
[2023-12-08T15:29:44.134Z] ================================================================================
[2023-12-08T15:29:44.134Z] Maya Python RelWithDebInfo Info:
[2023-12-08T15:29:44.134Z]   mayapy executable   = /local/S/jenkins/workspace/shared/Artifactory/OSX/rundev-2022/202312061106/runtime/b30644a/runTime/Maya.app/Contents/bin/mayapy
[2023-12-08T15:29:44.134Z]   Include Folder      = /local/S/jenkins/workspace/shared/Artifactory/OSX/rundev-2022/202312061106/runtime/b30644a/runTime/Maya.app/Contents/Frameworks/Python.framework/Versions/Current/include/python3.7m
[2023-12-08T15:29:44.134Z]   Library             = /local/S/jenkins/workspace/shared/Artifactory/OSX/rundev-2022/202312061106/runtime/b30644a/runTime/Maya.app/Contents/Frameworks/Python.framework/Versions/Current/lib/libpython3.7m.dylib
[2023-12-08T15:29:44.134Z]   site-package Folder = /local/S/jenkins/workspace/shared/Artifactory/OSX/rundev-2022/202312061106/runtime/b30644a/runTime/Maya.app/Contents/Frameworks/Python.framework/Versions/Current/lib/python3.7/site-packages
[2023-12-08T15:29:44.683Z] In workdir: /local/S/jenkins/workspace/ECP/ecg-maya-usd/ecg-mayausd-branch-preflight-2022-python3-osx/ecg-maya-usd/maya-usd
[2023-12-08T15:29:44.684Z] Executing: /local/S/jenkins/workspace/shared/Artifactory/OSX/rundev-2022/202312061106/runtime/b30644a/runTime/Maya.app/Contents/bin/mayapy /local/S/jenkins/workspace/ECP/ecg-maya-usd/ecg-mayausd-branch-preflight-2022-python3-osx/ecg-maya-usd/maya-usd/build.py --generator Ninja --build-relwithdebug --maya-location /local/S/jenkins/workspace/shared/Artifactory/OSX/rundev-2022/202312061106/runtime/b30644a/runTime --devkit-location /local/S/jenkins/workspace/shared/Artifactory/OSX/rundev-2022/202312061106/runtime/b30644a/devkitBase --pxrusd-location /local/S/jenkins/workspace/shared/Artifactory/OSX/USD/c188d08 --materialx --build-args=-DCMAKE_MAKE_PROGRAM=/local/S/jenkins/workspace/shared/Artifactory/OSX/ninja/1.10.2/95d0ca5/ninja,-DPYTHON_INCLUDE_DIR=/local/S/jenkins/workspace/shared/Artifactory/OSX/rundev-2022/202312061106/runtime/b30644a/runTime/Maya.app/Contents/Frameworks/Python.framework/Versions/Current/include/python3.7m,-DPython_EXECUTABLE=/local/S/jenkins/workspace/shared/Artifactory/OSX/rundev-2022/202312061106/runtime/b30644a/runTime/Maya.app/Contents/bin/mayapy,-DPYTHON_LIBRARIES=/local/S/jenkins/workspace/shared/Artifactory/OSX/rundev-2022/202312061106/runtime/b30644a/runTime/Maya.app/Contents/Frameworks/Python.framework/Versions/Current/lib/libpython3.7m.dylib,-DBUILD_WITH_PYTHON_3=ON,-DUSD_LIB_PREFIX=lib,-DBUILD_HDMAYA=OFF '--ctest-args=-E testUsdReferenceAssemblySelection|testUsdMayaAppDir,-LE interactive,--parallel 4' --stages=configure --redirect-outstream-file=False --install-location /local/S/jenkins/workspace/ECP/ecg-maya-usd/ecg-mayausd-branch-preflight-2022-python3-osx/install/RelWithDebInfo/MayaUSD /local/S/jenkins/workspace/ECP/ecg-maya-usd/ecg-mayausd-branch-preflight-2022-python3-osx
[2023-12-08T15:29:44.684Z] Modified environment variables:
[2023-12-08T15:29:44.684Z]     PATH=/local/S/jenkins/workspace/shared/Artifactory/OSX/cmake/3.20.3/2594509/bin:/usr/local/bin:/bin:/usr/sbin:/sbin:/usr/bin
[2023-12-08T15:29:44.684Z]     -- The C compiler identification is AppleClang 10.0.1.10010046
[2023-12-08T15:29:44.684Z]     -- The CXX compiler identification is AppleClang 10.0.1.10010046
[2023-12-08T15:29:44.684Z]     -- Detecting C compiler ABI info
[2023-12-08T15:29:45.232Z]     -- Detecting C compiler ABI info - done
[2023-12-08T15:29:45.232Z]     -- Check for working C compiler: /Applications/Xcode.app/Contents/Developer/Toolchains/XcodeDefault.xctoolchain/usr/bin/cc - skipped
[2023-12-08T15:29:45.232Z]     -- Detecting C compile features
[2023-12-08T15:29:45.232Z]     -- Detecting C compile features - done
[2023-12-08T15:29:45.232Z]     -- Detecting CXX compiler ABI info
[2023-12-08T15:29:45.232Z]     -- Detecting CXX compiler ABI info - done
[2023-12-08T15:29:45.232Z]     -- Check for working CXX compiler: /Applications/Xcode.app/Contents/Developer/Toolchains/XcodeDefault.xctoolchain/usr/bin/c++ - skipped
[2023-12-08T15:29:45.232Z]     -- Detecting CXX compile features
[2023-12-08T15:29:45.232Z]     -- Detecting CXX compile features - done
[2023-12-08T15:29:46.491Z]     -- Using Maya Light API Version 2
[2023-12-08T15:29:46.491Z]     -- Maya has setDefaultMaterialHandling API
[2023-12-08T15:29:46.491Z]     -- Maya has new point snapping API
[2023-12-08T15:29:46.491Z]     -- Maya has setUfeIdentifiers API
[2023-12-08T15:29:46.491Z]     -- Maya has updateUfeIdentifiers API
[2023-12-08T15:29:46.491Z]     -- Maya has getDisplayStyleOfAllViewports API
[2023-12-08T15:29:46.491Z]     -- Maya array iterator has difference_type trait
[2023-12-08T15:29:46.491Z]     -- Found Maya: /local/S/jenkins/workspace/shared/Artifactory/OSX/rundev-2022/202312061106/runtime/b30644a/runTime/maya.app/Contents/MacOS/Maya (found suitable version "2022", minimum required is "2022")
[2023-12-08T15:29:47.038Z]     -- Found Python: /local/S/jenkins/workspace/shared/Artifactory/OSX/rundev-2022/202312061106/runtime/b30644a/runTime/Maya.app/Contents/bin/mayapy (found suitable exact version "3.7.7") found components: Interpreter
[2023-12-08T15:29:47.038Z]     -- Build MayaUSD with Python3 = ON
[2023-12-08T15:29:47.038Z]     --    PYTHON_INCLUDE_DIRS = /local/S/jenkins/workspace/shared/Artifactory/OSX/rundev-2022/202312061106/runtime/b30644a/runTime/Maya.app/Contents/Frameworks/Python.framework/Versions/Current/include/python3.7m
[2023-12-08T15:29:47.038Z]     --    PYTHON_LIBRARIES    = /local/S/jenkins/workspace/shared/Artifactory/OSX/rundev-2022/202312061106/runtime/b30644a/runTime/Maya.app/Contents/Frameworks/Python.framework/Versions/Current/lib/libpython3.7m.dylib
[2023-12-08T15:29:47.038Z]     --    Python_EXECUTABLE   = /local/S/jenkins/workspace/shared/Artifactory/OSX/rundev-2022/202312061106/runtime/b30644a/runTime/Maya.app/Contents/bin/mayapy
[2023-12-08T15:29:47.038Z]     -- USD v0.21.11 has security patches.
[2023-12-08T15:29:47.038Z]     -- Found USD: /local/S/jenkins/workspace/shared/Artifactory/OSX/USD/c188d08 (found suitable version "0.21.11", minimum required is "0.21.11")
[2023-12-08T15:29:47.038Z]     --    USD include dir: /local/S/jenkins/workspace/shared/Artifactory/OSX/USD/c188d08/include
[2023-12-08T15:29:47.038Z]     --    USD library dir: /local/S/jenkins/workspace/shared/Artifactory/OSX/USD/c188d08/lib
[2023-12-08T15:29:47.038Z]     --    usdGenSchema: /local/S/jenkins/workspace/shared/Artifactory/OSX/USD/c188d08/bin/usdGenSchema
[2023-12-08T15:29:47.038Z]     --    USD version: 0.21.11
[2023-12-08T15:29:47.038Z]     --    Autodesk USD version: 0.21.11-ad1
[2023-12-08T15:29:47.038Z]     Updated PYTHONPATH: /local/S/jenkins/workspace/shared/Artifactory/OSX/USD/c188d08/lib/python
[2023-12-08T15:29:47.038Z]     -- Found UFE: /local/S/jenkins/workspace/shared/Artifactory/OSX/rundev-2022/202312061106/runtime/b30644a/devkitBase/devkit/ufe/include (found suitable version "2.1.1", minimum required is "0.2.0")
[2023-12-08T15:29:47.038Z]     -- Build MayaUsd with UFE version 2.1.1
[2023-12-08T15:29:47.038Z]     --    UFE include dir: /local/S/jenkins/workspace/shared/Artifactory/OSX/rundev-2022/202312061106/runtime/b30644a/devkitBase/devkit/ufe/include
[2023-12-08T15:29:47.038Z]     --    UFE library: /local/S/jenkins/workspace/shared/Artifactory/OSX/rundev-2022/202312061106/runtime/b30644a/devkitBase/devkit/ufe/lib/libufe_2.dylib
[2023-12-08T15:29:47.038Z]     --    UFE preview features: ufe
[2023-12-08T15:29:47.038Z]     -- Found MaterialX
[2023-12-08T15:29:47.038Z]     -- Using Maya Qt version 5.15.2
[2023-12-08T15:29:47.038Z]     
[2023-12-08T15:29:47.038Z]     --   Qt include path  : /local/S/jenkins/workspace/shared/Artifactory/OSX/rundev-2022/202312061106/runtime/b30644a/devkitBase/include/qt_5.15.2-include
[2023-12-08T15:29:47.038Z]     --   moc executable   : /local/S/jenkins/workspace/shared/Artifactory/OSX/rundev-2022/202312061106/runtime/b30644a/devkitBase/devkit/bin/moc
[2023-12-08T15:29:47.038Z]     --   uic executable   : /local/S/jenkins/workspace/shared/Artifactory/OSX/rundev-2022/202312061106/runtime/b30644a/devkitBase/devkit/bin/uic
[2023-12-08T15:29:47.038Z]     --   rcc executable   : /local/S/jenkins/workspace/shared/Artifactory/OSX/rundev-2022/202312061106/runtime/b30644a/devkitBase/devkit/bin/rcc
[2023-12-08T15:29:47.038Z]     --   Qt Core library: /local/S/jenkins/workspace/shared/Artifactory/OSX/rundev-2022/202312061106/runtime/b30644a/runTime/Maya.app/Contents/MacOS/libQt5Core.dylib
[2023-12-08T15:29:47.038Z]     --   Qt Gui library: /local/S/jenkins/workspace/shared/Artifactory/OSX/rundev-2022/202312061106/runtime/b30644a/runTime/Maya.app/Contents/MacOS/libQt5Gui.dylib
[2023-12-08T15:29:47.038Z]     --   Qt Widgets library: /local/S/jenkins/workspace/shared/Artifactory/OSX/rundev-2022/202312061106/runtime/b30644a/runTime/Maya.app/Contents/MacOS/libQt5Widgets.dylib
[2023-12-08T15:29:47.038Z]     -- Found Qt5 in Maya devkit, building with Qt 5.15.2
[2023-12-08T15:29:47.038Z]      features enabled.
[2023-12-08T15:29:47.038Z]     -- **** Building Gulrak From Github Repository.
[2023-12-08T15:29:47.038Z]     -- Populating gulrak
[2023-12-08T15:29:47.585Z]     -- Configuring done
[2023-12-08T15:29:47.585Z]     -- Generating done
[2023-12-08T15:29:47.585Z]     -- Build files have been written to: /local/S/jenkins/workspace/ECP/ecg-maya-usd/ecg-mayausd-branch-preflight-2022-python3-osx/build/RelWithDebInfo/_deps/gulrak-subbuild
[2023-12-08T15:29:47.585Z]     [1/9] Creating directories for 'gulrak-populate'
[2023-12-08T15:29:47.585Z]     [1/9] Performing download step (git clone) for 'gulrak-populate'
[2023-12-08T15:29:47.585Z]     Cloning into 'gulrak-src'...
[2023-12-08T15:29:48.133Z]     HEAD is now at 4e21ab3 Version bump and updated readme.
[2023-12-08T15:29:48.133Z]     [2/9] Performing update step for 'gulrak-populate'
[2023-12-08T15:29:48.133Z]     [4/9] No patch step for 'gulrak-populate'
[2023-12-08T15:29:48.133Z]     [5/9] No configure step for 'gulrak-populate'
[2023-12-08T15:29:48.133Z]     [6/9] No build step for 'gulrak-populate'
[2023-12-08T15:29:48.133Z]     [7/9] No install step for 'gulrak-populate'
[2023-12-08T15:29:48.133Z]     [8/9] No test step for 'gulrak-populate'
[2023-12-08T15:29:48.133Z]     [9/9] Completed 'gulrak-populate'
[2023-12-08T15:29:48.680Z]     -- ========== Installing GoogleTest... ==========
[2023-12-08T15:29:48.680Z]     -- Configuring done
[2023-12-08T15:29:48.680Z]     -- Generating done
[2023-12-08T15:29:48.680Z]     -- Build files have been written to: /local/S/jenkins/workspace/ECP/ecg-maya-usd/ecg-mayausd-branch-preflight-2022-python3-osx/build/RelWithDebInfo/googletest-config
[2023-12-08T15:29:48.680Z]     [1/8] Creating directories for 'googletest'
[2023-12-08T15:29:49.827Z]     [2/8] Performing download step (git clone) for 'googletest'
[2023-12-08T15:29:49.827Z]     Cloning into 'googletest-src'...
[2023-12-08T15:29:49.827Z]     HEAD is now at 703bd9ca Googletest export
[2023-12-08T15:29:49.827Z]     [3/8] Performing update step for 'googletest'
[2023-12-08T15:29:50.384Z]     [4/8] No patch step for 'googletest'
[2023-12-08T15:29:50.933Z]     [5/8] Performing configure step for 'googletest'
[2023-12-08T15:29:50.933Z]     Not searching for unused variables given on the command line.
[2023-12-08T15:29:50.933Z]     CMake Deprecation Warning at CMakeLists.txt:4 (cmake_minimum_required):
[2023-12-08T15:29:50.933Z]       Compatibility with CMake < 2.8.12 will be removed from a future version of
[2023-12-08T15:29:50.933Z]       CMake.
[2023-12-08T15:29:50.933Z]     
[2023-12-08T15:29:50.933Z]       Update the VERSION argument <min> value or use a ...<max> suffix to tell
[2023-12-08T15:29:50.933Z]       CMake that the project does not need compatibility with older versions.
[2023-12-08T15:29:50.933Z]     
[2023-12-08T15:29:50.933Z]     
[2023-12-08T15:29:50.933Z]     -- The C compiler identification is AppleClang 10.0.1.10010046
[2023-12-08T15:29:50.933Z]     -- The CXX compiler identification is AppleClang 10.0.1.10010046
[2023-12-08T15:29:50.933Z]     -- Detecting C compiler ABI info
[2023-12-08T15:29:50.933Z]     -- Detecting C compiler ABI info - done
[2023-12-08T15:29:50.933Z]     -- Check for working C compiler: /Applications/Xcode.app/Contents/Developer/Toolchains/XcodeDefault.xctoolchain/usr/bin/cc - skipped
[2023-12-08T15:29:50.933Z]     -- Detecting C compile features
[2023-12-08T15:29:50.933Z]     -- Detecting C compile features - done
[2023-12-08T15:29:50.933Z]     -- Detecting CXX compiler ABI info
[2023-12-08T15:29:50.933Z]     -- Detecting CXX compiler ABI info - done
[2023-12-08T15:29:50.933Z]     -- Check for working CXX compiler: /Applications/Xcode.app/Contents/Developer/Toolchains/XcodeDefault.xctoolchain/usr/bin/c++ - skipped
[2023-12-08T15:29:50.933Z]     -- Detecting CXX compile features
[2023-12-08T15:29:50.933Z]     -- Detecting CXX compile features - done
[2023-12-08T15:29:50.933Z]     CMake Deprecation Warning at googletest/CMakeLists.txt:56 (cmake_minimum_required):
[2023-12-08T15:29:50.933Z]       Compatibility with CMake < 2.8.12 will be removed from a future version of
[2023-12-08T15:29:50.933Z]       CMake.
[2023-12-08T15:29:50.933Z]     
[2023-12-08T15:29:50.933Z]       Update the VERSION argument <min> value or use a ...<max> suffix to tell
[2023-12-08T15:29:50.933Z]       CMake that the project does not need compatibility with older versions.
[2023-12-08T15:29:50.933Z]     
[2023-12-08T15:29:50.933Z]     
[2023-12-08T15:29:50.933Z]     -- Found PythonInterp: /usr/local/bin/python
[2023-12-08T15:29:50.933Z]     -- Looking for pthread.h
[2023-12-08T15:29:50.933Z]     -- Looking for pthread.h - found
[2023-12-08T15:29:50.933Z]     -- Performing Test CMAKE_HAVE_LIBC_PTHREAD
[2023-12-08T15:29:50.933Z]     -- Performing Test CMAKE_HAVE_LIBC_PTHREAD - Success
[2023-12-08T15:29:50.933Z]     -- Found Threads: TRUE
[2023-12-08T15:29:50.933Z]     -- Configuring done
[2023-12-08T15:29:50.933Z]     -- Generating done
[2023-12-08T15:29:50.933Z]     -- Build files have been written to: /local/S/jenkins/workspace/ECP/ecg-maya-usd/ecg-mayausd-branch-preflight-2022-python3-osx/build/RelWithDebInfo/googletest-build
[2023-12-08T15:29:57.449Z]     [6/8] Performing build step for 'googletest'
[2023-12-08T15:29:57.449Z]     [1/4] Building CXX object googletest/CMakeFiles/gtest_main.dir/src/gtest_main.cc.o
[2023-12-08T15:29:57.449Z]     [2/4] Building CXX object googletest/CMakeFiles/gtest.dir/src/gtest-all.cc.o
[2023-12-08T15:29:57.449Z]     [3/4] Linking CXX shared library lib/libgtest.dylib
[2023-12-08T15:29:57.449Z]     [4/4] Linking CXX shared library lib/libgtest_main.dylib
[2023-12-08T15:29:57.449Z]     [7/8] Performing install step for 'googletest'
[2023-12-08T15:29:57.449Z]     [0/1] Install the project...
[2023-12-08T15:29:57.449Z]     -- Install configuration: "RelWithDebInfo"
[2023-12-08T15:29:57.449Z]     [8/8] Completed 'googletest'
[2023-12-08T15:29:57.449Z]     -- ========== ...  GoogleTest installed. ==========
[2023-12-08T15:29:57.998Z]     -- USD_HAS_COLOR4_SDR_SUPPORT is FALSE
[2023-12-08T15:29:57.998Z]     -- MAYA_HAS_DISPLAY_LAYER_API is FALSE
[2023-12-08T15:29:57.998Z]     -- promoting: /local/S/jenkins/workspace/ECP/ecg-maya-usd/ecg-mayausd-branch-preflight-2022-python3-osx/ecg-maya-usd/maya-usd/lib/usdUfe/base/usdUfe.h.src
[2023-12-08T15:29:57.998Z]     -- promoting: /local/S/jenkins/workspace/ECP/ecg-maya-usd/ecg-mayausd-branch-preflight-2022-python3-osx/ecg-maya-usd/maya-usd/lib/usdUfe/base/api.h
[2023-12-08T15:29:57.998Z]     -- promoting: /local/S/jenkins/workspace/ECP/ecg-maya-usd/ecg-mayausd-branch-preflight-2022-python3-osx/ecg-maya-usd/maya-usd/lib/usdUfe/base/debugCodes.h
[2023-12-08T15:29:57.998Z]     -- promoting: /local/S/jenkins/workspace/ECP/ecg-maya-usd/ecg-mayausd-branch-preflight-2022-python3-osx/ecg-maya-usd/maya-usd/lib/usdUfe/base/tokens.h
[2023-12-08T15:29:57.998Z]     CMake Error at lib/usdUfe/ufe/CMakeLists.txt:48 (if):
[2023-12-08T15:29:57.998Z]       if given arguments:
[2023-12-08T15:29:57.998Z]     
[2023-12-08T15:29:57.998Z]         "GREATER_EQUAL" "5015"
[2023-12-08T15:29:57.998Z]     
[2023-12-08T15:29:57.998Z]       Unknown arguments specified
[2023-12-08T15:29:57.998Z]     
[2023-12-08T15:29:57.998Z]     
[2023-12-08T15:29:57.998Z]     -- Configuring incomplete, errors occurred!
[2023-12-08T15:29:57.998Z]     See also "/local/S/jenkins/workspace/ECP/ecg-maya-usd/ecg-mayausd-branch-preflight-2022-python3-osx/build/RelWithDebInfo/CMakeFiles/CMakeOutput.log".
[2023-12-08T15:29:57.998Z]     
[2023-12-08T15:29:57.998Z]         Building with settings:
[2023-12-08T15:29:57.998Z]           Source directory          /local/S/jenkins/workspace/ECP/ecg-maya-usd/ecg-mayausd-branch-preflight-2022-python3-osx/ecg-maya-usd/maya-usd
[2023-12-08T15:29:57.998Z]           Workspace directory       /local/S/jenkins/workspace/ECP/ecg-maya-usd/ecg-mayausd-branch-preflight-2022-python3-osx
[2023-12-08T15:29:57.998Z]           Build directory           /local/S/jenkins/workspace/ECP/ecg-maya-usd/ecg-mayausd-branch-preflight-2022-python3-osx/build/RelWithDebInfo
[2023-12-08T15:29:57.998Z]           Install directory         /local/S/jenkins/workspace/ECP/ecg-maya-usd/ecg-mayausd-branch-preflight-2022-python3-osx/install/RelWithDebInfo/MayaUSD
[2023-12-08T15:29:57.998Z]           Variant                   RelWithDebInfo
[2023-12-08T15:29:57.998Z]           Python Debug              Off
[2023-12-08T15:29:57.998Z]           CMake generator           Ninja
[2023-12-08T15:29:57.998Z]           Build arguments           ['-DCMAKE_MAKE_PROGRAM=/local/S/jenkins/workspace/shared/Artifactory/OSX/ninja/1.10.2/95d0ca5/ninja', '-DPYTHON_INCLUDE_DIR=/local/S/jenkins/workspace/shared/Artifactory/OSX/rundev-2022/202312061106/runtime/b30644a/runTime/Maya.app/Contents/Frameworks/Python.framework/Versions/Current/include/python3.7m', '-DPython_EXECUTABLE=/local/S/jenkins/workspace/shared/Artifactory/OSX/rundev-2022/202312061106/runtime/b30644a/runTime/Maya.app/Contents/bin/mayapy', '-DPYTHON_LIBRARIES=/local/S/jenkins/workspace/shared/Artifactory/OSX/rundev-2022/202312061106/runtime/b30644a/runTime/Maya.app/Contents/Frameworks/Python.framework/Versions/Current/lib/libpython3.7m.dylib', '-DBUILD_WITH_PYTHON_3=ON', '-DUSD_LIB_PREFIX=lib', '-DBUILD_HDMAYA=OFF']
[2023-12-08T15:29:57.998Z]           Stages arguments          ['configure']
[2023-12-08T15:29:57.998Z]           CTest arguments           ['-E testUsdReferenceAssemblySelection|testUsdMayaAppDir', '-LE interactive', '--parallel 4']
[2023-12-08T15:29:57.998Z]     STATUS: Found Maya Qt headers in: /local/S/jenkins/workspace/shared/Artifactory/OSX/rundev-2022/202312061106/runtime/b30644a/devkitBase
[2023-12-08T15:29:57.998Z]     #####################################################################################
[2023-12-08T15:29:57.998Z]     log date: 2023-12-08 07:29
[2023-12-08T15:29:57.998Z]     commit sha: eb1cc0f1fb2f6323e7be1c11958a638c5d3609ee
[2023-12-08T15:29:57.998Z]     commit date: Fri Dec 8 09:54:36 2023 -0500
[2023-12-08T15:29:57.998Z]     #####################################################################################
[2023-12-08T15:29:57.998Z]     
[2023-12-08T15:29:57.998Z]     cmake -DCMAKE_INSTALL_PREFIX="/local/S/jenkins/workspace/ECP/ecg-maya-usd/ecg-mayausd-branch-preflight-2022-python3-osx/install/RelWithDebInfo/MayaUSD" -DCMAKE_BUILD_TYPE=RelWithDebInfo -DCMAKE_EXPORT_COMPILE_COMMANDS=ON -G "Ninja" -DMAYA_LOCATION="/local/S/jenkins/workspace/shared/Artifactory/OSX/rundev-2022/202312061106/runtime/b30644a/runTime" -DPXR_USD_LOCATION="/local/S/jenkins/workspace/shared/Artifactory/OSX/USD/c188d08" -DMAYA_DEVKIT_LOCATION="/local/S/jenkins/workspace/shared/Artifactory/OSX/rundev-2022/202312061106/runtime/b30644a/devkitBase" -DCMAKE_WANT_MATERIALX_BUILD=ON -DCMAKE_PREFIX_PATH="/local/S/jenkins/workspace/shared/Artifactory/OSX/USD/c188d08" -DMAYAUSD_DEFINE_BOOST_DEBUG_PYTHON_FLAG=OFF -DCMAKE_MAKE_PROGRAM=/local/S/jenkins/workspace/shared/Artifactory/OSX/ninja/1.10.2/95d0ca5/ninja -DPYTHON_INCLUDE_DIR=/local/S/jenkins/workspace/shared/Artifactory/OSX/rundev-2022/202312061106/runtime/b30644a/runTime/Maya.app/Contents/Frameworks/Python.framework/Versions/Current/include/python3.7m -DPython_EXECUTABLE=/local/S/jenkins/workspace/shared/Artifactory/OSX/rundev-2022/202312061106/runtime/b30644a/runTime/Maya.app/Contents/bin/mayapy -DPYTHON_LIBRARIES=/local/S/jenkins/workspace/shared/Artifactory/OSX/rundev-2022/202312061106/runtime/b30644a/runTime/Maya.app/Contents/Frameworks/Python.framework/Versions/Current/lib/libpython3.7m.dylib -DBUILD_WITH_PYTHON_3=ON -DUSD_LIB_PREFIX=lib -DBUILD_HDMAYA=OFF "/local/S/jenkins/workspace/ECP/ecg-maya-usd/ecg-mayausd-branch-preflight-2022-python3-osx/ecg-maya-usd/maya-usd"
[2023-12-08T15:29:57.998Z]     
[2023-12-08T15:29:57.998Z]     Traceback (most recent call last):
[2023-12-08T15:29:57.998Z]       File "/local/S/jenkins/workspace/ECP/ecg-maya-usd/ecg-mayausd-branch-preflight-2022-python3-osx/ecg-maya-usd/maya-usd/build.py", line 779, in <module>
[2023-12-08T15:29:57.998Z]         BuildAndInstall(context, context.buildArgs, context.stagesArgs)
[2023-12-08T15:29:57.998Z]       File "/local/S/jenkins/workspace/ECP/ecg-maya-usd/ecg-mayausd-branch-preflight-2022-python3-osx/ecg-maya-usd/maya-usd/build.py", line 536, in BuildAndInstall
[2023-12-08T15:29:57.998Z]         RunCMake(context, extraArgs, stagesArgs)
[2023-12-08T15:29:57.998Z]       File "/local/S/jenkins/workspace/ECP/ecg-maya-usd/ecg-mayausd-branch-preflight-2022-python3-osx/ecg-maya-usd/maya-usd/build.py", line 301, in RunCMake
[2023-12-08T15:29:57.998Z]         extraArgs=(" ".join(extraArgs) if extraArgs else "")))
[2023-12-08T15:29:57.998Z]       File "/local/S/jenkins/workspace/ECP/ecg-maya-usd/ecg-mayausd-branch-preflight-2022-python3-osx/ecg-maya-usd/maya-usd/build.py", line 182, in Run
[2023-12-08T15:29:57.998Z]         .format(cmd=cmd, log=os.path.abspath(context.logFileLocation)))
[2023-12-08T15:29:57.998Z]     RuntimeError: Failed to run 'cmake -DCMAKE_INSTALL_PREFIX="/local/S/jenkins/workspace/ECP/ecg-maya-usd/ecg-mayausd-branch-preflight-2022-python3-osx/install/RelWithDebInfo/MayaUSD" -DCMAKE_BUILD_TYPE=RelWithDebInfo -DCMAKE_EXPORT_COMPILE_COMMANDS=ON -G "Ninja" -DMAYA_LOCATION="/local/S/jenkins/workspace/shared/Artifactory/OSX/rundev-2022/202312061106/runtime/b30644a/runTime" -DPXR_USD_LOCATION="/local/S/jenkins/workspace/shared/Artifactory/OSX/USD/c188d08" -DMAYA_DEVKIT_LOCATION="/local/S/jenkins/workspace/shared/Artifactory/OSX/rundev-2022/202312061106/runtime/b30644a/devkitBase" -DCMAKE_WANT_MATERIALX_BUILD=ON -DCMAKE_PREFIX_PATH="/local/S/jenkins/workspace/shared/Artifactory/OSX/USD/c188d08" -DMAYAUSD_DEFINE_BOOST_DEBUG_PYTHON_FLAG=OFF -DCMAKE_MAKE_PROGRAM=/local/S/jenkins/workspace/shared/Artifactory/OSX/ninja/1.10.2/95d0ca5/ninja -DPYTHON_INCLUDE_DIR=/local/S/jenkins/workspace/shared/Artifactory/OSX/rundev-2022/202312061106/runtime/b30644a/runTime/Maya.app/Contents/Frameworks/Python.framework/Versions/Current/include/python3.7m -DPython_EXECUTABLE=/local/S/jenkins/workspace/shared/Artifactory/OSX/rundev-2022/202312061106/runtime/b30644a/runTime/Maya.app/Contents/bin/mayapy -DPYTHON_LIBRARIES=/local/S/jenkins/workspace/shared/Artifactory/OSX/rundev-2022/202312061106/runtime/b30644a/runTime/Maya.app/Contents/Frameworks/Python.framework/Versions/Current/lib/libpython3.7m.dylib -DBUILD_WITH_PYTHON_3=ON -DUSD_LIB_PREFIX=lib -DBUILD_HDMAYA=OFF "/local/S/jenkins/workspace/ECP/ecg-maya-usd/ecg-mayausd-branch-preflight-2022-python3-osx/ecg-maya-usd/maya-usd"'
[2023-12-08T15:29:57.999Z]     See /local/S/jenkins/workspace/ECP/ecg-maya-usd/ecg-mayausd-branch-preflight-2022-python3-osx/build/RelWithDebInfo/build_log.txt for more details.
[2023-12-08T15:29:57.999Z] build.py: error: Command failed with error code: 1
[Pipeline] }
[Pipeline] // withEnv
[Pipeline] }
[Pipeline] // timeout
[Pipeline] }
[Pipeline] // stage
[Pipeline] }
[Pipeline] // timestamps
[Pipeline] emailextrecipients
Not sending mail to user ecg.jenkins@autodesk.com with no permission to view ECP » ecg-maya-usd » MayaUsd [Python 3] - Branch - Maya 2022 - Preflight (OSX) #1479Not sending mail to user ecg.jenkins@autodesk.com with no permission to view ECP » ecg-maya-usd » MayaUsd [Python 3] - Branch - Maya 2022 - Preflight (OSX) #1479[Pipeline] echo
No recipients to send notification.
[Pipeline] }
[Pipeline] // node
[Pipeline] End of Pipeline
ERROR: script returned exit code 1
[Checks API] No suitable checks publisher found.
Finished: FAILURE
