[2024-01-12T15:41:05.452Z] ================================================================================
[2024-01-12T15:41:05.452Z]                                  setup (Debug)
[2024-01-12T15:41:05.452Z] ================================================================================
[2024-01-12T15:41:05.452Z] Installing license file 'melicense.lic'.
[Pipeline] sh
[2024-01-12T15:41:06.788Z] + scl enable gcc-toolset-11 -
[2024-01-12T15:41:06.788Z] + '[' enable = load -o enable = unload ']'
[2024-01-12T15:41:06.788Z] + /usr/bin/scl enable gcc-toolset-11 -
[2024-01-12T15:41:06.788Z] python ecg-maya-hydra/build.py --stages=setup --workspace-dir=/local/S/jenkins/workspace/ECP/ecg-maya-hydra/ecg-maya-hydra-branch-preflight-python3-linux --artifactory-dir=/local/S/jenkins/workspace/shared/Artifactory --build-dir=/local/S/jenkins/workspace/ECP/ecg-maya-hydra/ecg-maya-hydra-branch-preflight-python3-linux/build --install-dir=/local/S/jenkins/workspace/ECP/ecg-maya-hydra/ecg-maya-hydra-branch-preflight-python3-linux/install --signing-dir=/local/S/jenkins/workspace/ECP/ecg-maya-hydra/ecg-maya-hydra-branch-preflight-python3-linux/signing --package-dir=/local/S/jenkins/workspace/ECP/ecg-maya-hydra/ecg-maya-hydra-branch-preflight-python3-linux/package --output-dir=/local/S/jenkins/workspace/ECP/ecg-maya-hydra/ecg-maya-hydra-branch-preflight-python3-linux/output --stash-dir=/local/S/jenkins/workspace/ECP/ecg-maya-hydra/ecg-maya-hydra-branch-preflight-python3-linux/stash --jenkins-build=453 --git-commit=1189bf7b31d629ca841cb0cba68a0d9b96b5607e --git-branch=master --variants=RelWithDebInfo --interactive-tests=true --post-zips=false --osx-binary-architecture-target=ub2 --osx-deployment-target=11.0 --osx-base-sdk=CurrentActiveSDK --extra-license-file=ecg-maya-hydra/jenkins-o03-cot/melicense.lic --prune-versions=3 --prune-revisions=3 --maya-cut-config=maya-rundev-master.yaml --maya-package=rundev-master --stage-banner --prune-artifacts --force-pruning
[2024-01-12T15:41:06.788Z] Getting rundev-master download URL from Maya SHA-1 hash
[2024-01-12T15:41:06.788Z] Finding Artifactory servers response times
[2024-01-12T15:41:09.263Z] [VERBOSE] Start loading URL (CURL): https://art-bear.autodesk.com/artifactory/api/system/ping
[2024-01-12T15:41:09.263Z] [DEBUG] Running: /usr/bin/curl -s -X GET --keepalive-time 10 --connect-timeout 60 --speed-limit 10000 --speed-time 120 --max-time 3600 --retry 5 --retry-max-time 2400 -H Connection:close https://art-bear.autodesk.com/artifactory/api/system/ping
[2024-01-12T15:41:09.263Z] [DEBUG] Output:
[2024-01-12T15:41:09.263Z] OK
[2024-01-12T15:41:09.263Z] [VERBOSE] End loading URL (CURL): https://art-bear.autodesk.com/artifactory/api/system/ping
[2024-01-12T15:41:09.263Z] [VERBOSE] Start loading URL (CURL): https://art-marmotte.autodesk.com/artifactory/api/system/ping
[2024-01-12T15:41:09.263Z] [DEBUG] Running: /usr/bin/curl -s -X GET --keepalive-time 10 --connect-timeout 60 --speed-limit 10000 --speed-time 120 --max-time 3600 --retry 5 --retry-max-time 2400 -H Connection:close https://art-marmotte.autodesk.com/artifactory/api/system/ping
[2024-01-12T15:41:09.263Z] [DEBUG] Output:
[2024-01-12T15:41:09.263Z] OK
[2024-01-12T15:41:09.263Z] [VERBOSE] End loading URL (CURL): https://art-marmotte.autodesk.com/artifactory/api/system/ping
[2024-01-12T15:41:09.263Z] [VERBOSE] Start loading URL (CURL): https://art-bobcat.autodesk.com/artifactory/api/system/ping
[2024-01-12T15:41:09.263Z] [DEBUG] Running: /usr/bin/curl -s -X GET --keepalive-time 10 --connect-timeout 60 --speed-limit 10000 --speed-time 120 --max-time 3600 --retry 5 --retry-max-time 2400 -H Connection:close https://art-bobcat.autodesk.com/artifactory/api/system/ping
[2024-01-12T15:41:09.263Z] [DEBUG] Output:
[2024-01-12T15:41:09.263Z] OK
[2024-01-12T15:41:09.263Z] [VERBOSE] End loading URL (CURL): https://art-bobcat.autodesk.com/artifactory/api/system/ping
[2024-01-12T15:41:09.263Z] [VERBOSE] Start loading URL (CURL): https://art-bear.autodesk.com/artifactory/api/search/checksum?repos=autodesk-3p-generic,adsk-build-tools-generic,team-ecg-generic,team-maya-generic,oss-stg-generic,team-mayausd-post-generic&sha1=0bebfcf4d2cf9780a82aaf90fa8cd2a12467c6ab
[2024-01-12T15:41:09.263Z] [DEBUG] Running: /usr/bin/curl -s -X GET --keepalive-time 10 --connect-timeout 60 --speed-limit 10000 --speed-time 120 --max-time 3600 --retry 5 --retry-max-time 2400 -H Connection:close -H Authorization:Basic ZWNnYmlmcm9zdDpvcGUqKjAw https://art-bear.autodesk.com/artifactory/api/search/checksum?repos=autodesk-3p-generic,adsk-build-tools-generic,team-ecg-generic,team-maya-generic,oss-stg-generic,team-mayausd-post-generic&sha1=0bebfcf4d2cf9780a82aaf90fa8cd2a12467c6ab
[2024-01-12T15:41:09.263Z] [DEBUG] Output:
[2024-01-12T15:41:09.263Z] {
[2024-01-12T15:41:09.263Z]   "results" : [ {
[2024-01-12T15:41:09.263Z]     "uri" : "https://art-bear.autodesk.com:443/artifactory/api/storage/team-maya-generic/Maya/master/plnx/2024-01-09-10-36_300902d361/202401091036-300902d361-RUNDEV.tgz"
[2024-01-12T15:41:09.263Z]   } ]
[2024-01-12T15:41:09.263Z] }
[2024-01-12T15:41:09.263Z] [VERBOSE] End loading URL (CURL): https://art-bear.autodesk.com/artifactory/api/search/checksum?repos=autodesk-3p-generic,adsk-build-tools-generic,team-ecg-generic,team-maya-generic,oss-stg-generic,team-mayausd-post-generic&sha1=0bebfcf4d2cf9780a82aaf90fa8cd2a12467c6ab
[2024-01-12T15:41:09.263Z] [VERBOSE] Start loading URL (CURL): https://art-bear.autodesk.com:443/artifactory/api/storage/team-maya-generic/Maya/master/plnx/2024-01-09-10-36_300902d361/202401091036-300902d361-RUNDEV.tgz
[2024-01-12T15:41:09.263Z] [DEBUG] Running: /usr/bin/curl -s -X GET --keepalive-time 10 --connect-timeout 60 --speed-limit 10000 --speed-time 120 --max-time 3600 --retry 5 --retry-max-time 2400 -H Connection:close -H Authorization:Basic ZWNnYmlmcm9zdDpvcGUqKjAw https://art-bear.autodesk.com:443/artifactory/api/storage/team-maya-generic/Maya/master/plnx/2024-01-09-10-36_300902d361/202401091036-300902d361-RUNDEV.tgz
[2024-01-12T15:41:09.263Z] [DEBUG] Output:
[2024-01-12T15:41:09.263Z] {
[2024-01-12T15:41:09.263Z]   "repo" : "team-maya-generic",
[2024-01-12T15:41:09.263Z]   "path" : "/Maya/master/plnx/2024-01-09-10-36_300902d361/202401091036-300902d361-RUNDEV.tgz",
[2024-01-12T15:41:09.263Z]   "created" : "2024-01-09T15:38:31.760-05:00",
[2024-01-12T15:41:09.263Z]   "createdBy" : "token:art-bear.autodesk.com",
[2024-01-12T15:41:09.263Z]   "lastModified" : "2024-01-09T15:38:31.612-05:00",
[2024-01-12T15:41:09.263Z]   "modifiedBy" : "token:art-bear.autodesk.com",
[2024-01-12T15:41:09.263Z]   "lastUpdated" : "2024-01-09T15:38:31.761-05:00",
[2024-01-12T15:41:09.263Z]   "downloadUri" : "https://art-bear.autodesk.com:443/artifactory/team-maya-generic/Maya/master/plnx/2024-01-09-10-36_300902d361/202401091036-300902d361-RUNDEV.tgz",
[2024-01-12T15:41:09.263Z]   "mimeType" : "application/x-gzip",
[2024-01-12T15:41:09.263Z]   "size" : "3085510863",
[2024-01-12T15:41:09.263Z]   "checksums" : {
[2024-01-12T15:41:09.263Z]     "sha1" : "0bebfcf4d2cf9780a82aaf90fa8cd2a12467c6ab",
[2024-01-12T15:41:09.263Z]     "md5" : "c004118e35fbf2efbfb96c9918634250",
[2024-01-12T15:41:09.263Z]     "sha256" : "04f4043aac58ae0f5c120df70843dbbc26b2ce263222d95645366bfcf953296c"
[2024-01-12T15:41:09.263Z]   },
[2024-01-12T15:41:09.263Z]   "originalChecksums" : {
[2024-01-12T15:41:09.263Z]     "sha1" : "0bebfcf4d2cf9780a82aaf90fa8cd2a12467c6ab",
[2024-01-12T15:41:09.263Z]     "md5" : "c004118e35fbf2efbfb96c9918634250",
[2024-01-12T15:41:09.263Z]     "sha256" : "04f4043aac58ae0f5c120df70843dbbc26b2ce263222d95645366bfcf953296c"
[2024-01-12T15:41:09.263Z]   },
[2024-01-12T15:41:09.263Z]   "uri" : "https://art-bear.autodesk.com:443/artifactory/api/storage/team-maya-generic/Maya/master/plnx/2024-01-09-10-36_300902d361/202401091036-300902d361-RUNDEV.tgz"
[2024-01-12T15:41:09.263Z] }
[2024-01-12T15:41:09.263Z] [VERBOSE] End loading URL (CURL): https://art-bear.autodesk.com:443/artifactory/api/storage/team-maya-generic/Maya/master/plnx/2024-01-09-10-36_300902d361/202401091036-300902d361-RUNDEV.tgz
[2024-01-12T15:41:09.263Z] Using Maya cut from /local/S/jenkins/workspace/shared/Artifactory/Linux/rundev-master/202401091036/runtime/0bebfcf/runTime
[2024-01-12T15:41:09.263Z] Pruning artifacts in /local/S/jenkins/workspace/shared/Artifactory/Linux
[2024-01-12T15:41:09.263Z] The following artifact versions will be pruned:
[2024-01-12T15:41:09.263Z] 	rundev-master-debug/202401090634
[2024-01-12T15:41:09.263Z] 	rundev-master-debug/202401090634
[2024-01-12T15:41:09.263Z] Removing directory: /local/S/jenkins/workspace/shared/Artifactory/Linux/rundev-master-debug/202401090634
[2024-01-12T15:41:10.666Z] [VERBOSE] Start loading URL (CURL): https://art-bear.autodesk.com:443/artifactory/api/storage/team-maya-generic/Maya/master/plnx/2024-01-09-10-36_300902d361/202401091036-300902d361-RUNDEV.tgz.multipart
[2024-01-12T15:41:10.666Z] [DEBUG] Running: /usr/bin/curl -s -X GET --keepalive-time 10 --connect-timeout 60 --speed-limit 10000 --speed-time 120 --max-time 3600 --retry 5 --retry-max-time 2400 -H Connection:close -H Authorization:Basic ZWNnYmlmcm9zdDpvcGUqKjAw https://art-bear.autodesk.com:443/artifactory/api/storage/team-maya-generic/Maya/master/plnx/2024-01-09-10-36_300902d361/202401091036-300902d361-RUNDEV.tgz.multipart
[2024-01-12T15:41:10.666Z] [DEBUG] Output:
[2024-01-12T15:41:10.666Z] {
[2024-01-12T15:41:10.666Z]   "errors" : [ {
[2024-01-12T15:41:10.666Z]     "status" : 404,
[2024-01-12T15:41:10.666Z]     "message" : "Unable to find item"
[2024-01-12T15:41:10.666Z]   } ]
[2024-01-12T15:41:10.666Z] }
[2024-01-12T15:41:10.666Z] [VERBOSE] End loading URL (CURL): https://art-bear.autodesk.com:443/artifactory/api/storage/team-maya-generic/Maya/master/plnx/2024-01-09-10-36_300902d361/202401091036-300902d361-RUNDEV.tgz.multipart
[2024-01-12T15:41:10.666Z] Downloading https://art-bear.autodesk.com:443/artifactory/team-maya-generic/Maya/master/plnx/2024-01-09-10-36_300902d361/202401091036-300902d361-RUNDEV.tgz to /local/S/jenkins/workspace/shared/Artifactory/Linux/tmp/tmp73gnvjlo
[2024-01-12T15:41:11.200Z] [VERBOSE] Start downloading file (CURL): https://art-bear.autodesk.com:443/artifactory/team-maya-generic/Maya/master/plnx/2024-01-09-10-36_300902d361/202401091036-300902d361-RUNDEV.tgz
[2024-01-12T15:41:11.200Z] [DEBUG] Running: /usr/bin/curl -sI -X GET --keepalive-time 10 --connect-timeout 60 --speed-limit 10000 --speed-time 120 --max-time 3600 --retry 5 --retry-max-time 2400 -H Connection:close -H Authorization:Basic ZWNnYmlmcm9zdDpvcGUqKjAw https://art-bear.autodesk.com:443/artifactory/team-maya-generic/Maya/master/plnx/2024-01-09-10-36_300902d361/202401091036-300902d361-RUNDEV.tgz
[2024-01-12T15:41:11.200Z] [DEBUG] Header:
[2024-01-12T15:41:11.200Z] HTTP/1.1 200 
[2024-01-12T15:41:11.200Z] Date: Fri, 12 Jan 2024 15:41:10 GMT
[2024-01-12T15:41:11.200Z] Content-Type: application/x-gzip
[2024-01-12T15:41:11.200Z] Content-Length: 3085510863
[2024-01-12T15:41:11.200Z] Connection: close
[2024-01-12T15:41:11.200Z] X-JFrog-Version: Artifactory/7.55.9 75509900
[2024-01-12T15:41:11.200Z] X-Artifactory-Id: 4b5c2cfa9bf2f461:-5b53be7b:18c71189944:-8000
[2024-01-12T15:41:11.200Z] X-Artifactory-Node-Id: uscrlpdrsync006.autodesk.com
[2024-01-12T15:41:11.200Z] Last-Modified: Tue, 09 Jan 2024 20:38:31 GMT
[2024-01-12T15:41:11.200Z] ETag: 0bebfcf4d2cf9780a82aaf90fa8cd2a12467c6ab
[2024-01-12T15:41:11.200Z] X-Checksum-Sha1: 0bebfcf4d2cf9780a82aaf90fa8cd2a12467c6ab
[2024-01-12T15:41:11.201Z] X-Checksum-Sha256: 04f4043aac58ae0f5c120df70843dbbc26b2ce263222d95645366bfcf953296c
[2024-01-12T15:41:11.201Z] X-Checksum-Md5: c004118e35fbf2efbfb96c9918634250
[2024-01-12T15:41:11.201Z] Accept-Ranges: bytes
[2024-01-12T15:41:11.201Z] X-Artifactory-Filename: 202401091036-300902d361-RUNDEV.tgz
[2024-01-12T15:41:11.201Z] Content-Disposition: attachment; filename="202401091036-300902d361-RUNDEV.tgz"; filename*=UTF-8''"202401091036-300902d361-RUNDEV.tgz"
[2024-01-12T15:41:11.201Z] [DEBUG] Running: /usr/bin/curl --progress-bar -X GET --keepalive-time 10 --connect-timeout 60 --speed-limit 10000 --speed-time 120 --max-time 3600 --retry 5 --retry-max-time 2400 -H Connection:close -H Authorization:Basic ZWNnYmlmcm9zdDpvcGUqKjAw https://art-bear.autodesk.com:443/artifactory/team-maya-generic/Maya/master/plnx/2024-01-09-10-36_300902d361/202401091036-300902d361-RUNDEV.tgz -o /local/S/jenkins/workspace/shared/Artifactory/Linux/tmp/tmp73gnvjlo/202401091036-300902d361-RUNDEV.tgz
[2024-01-12T15:41:11.201Z]       0% complete.
[2024-01-12T15:41:11.201Z]       2% complete.
[2024-01-12T15:41:11.201Z]       3% complete.
[2024-01-12T15:41:11.201Z]       4% complete.
[2024-01-12T15:41:11.201Z]       6% complete.
[2024-01-12T15:41:11.734Z]       7% complete.
[2024-01-12T15:41:11.734Z]       8% complete.
[2024-01-12T15:41:11.734Z]       9% complete.
[2024-01-12T15:41:11.734Z]      11% complete.
[2024-01-12T15:41:12.268Z]      13% complete.
[2024-01-12T15:41:12.268Z]      14% complete.
[2024-01-12T15:41:12.268Z]      15% complete.
[2024-01-12T15:41:12.268Z]      17% complete.
[2024-01-12T15:41:12.801Z]      19% complete.
[2024-01-12T15:41:12.801Z]      20% complete.
[2024-01-12T15:41:12.801Z]      21% complete.
[2024-01-12T15:41:12.801Z]      22% complete.
[2024-01-12T15:41:12.801Z]      23% complete.
[2024-01-12T15:41:12.801Z]      25% complete.
[2024-01-12T15:41:13.334Z]      26% complete.
[2024-01-12T15:41:13.334Z]      27% complete.
[2024-01-12T15:41:13.334Z]      28% complete.
[2024-01-12T15:41:13.334Z]      29% complete.
[2024-01-12T15:41:13.334Z]      30% complete.
[2024-01-12T15:41:13.867Z]      32% complete.
[2024-01-12T15:41:13.867Z]      33% complete.
[2024-01-12T15:41:13.867Z]      34% complete.
[2024-01-12T15:41:13.867Z]      35% complete.
[2024-01-12T15:41:13.867Z]      37% complete.
[2024-01-12T15:41:14.401Z]      38% complete.
[2024-01-12T15:41:14.401Z]      39% complete.
[2024-01-12T15:41:14.401Z]      40% complete.
[2024-01-12T15:41:14.401Z]      42% complete.
[2024-01-12T15:41:14.401Z]      43% complete.
[2024-01-12T15:41:14.401Z]      44% complete.
[2024-01-12T15:41:15.018Z]      45% complete.
[2024-01-12T15:41:15.018Z]      47% complete.
[2024-01-12T15:41:15.018Z]      49% complete.
[2024-01-12T15:41:15.018Z]      50% complete.
[2024-01-12T15:41:15.559Z]      51% complete.
[2024-01-12T15:41:15.559Z]      52% complete.
[2024-01-12T15:41:15.559Z]      54% complete.
[2024-01-12T15:41:15.559Z]      55% complete.
[2024-01-12T15:41:15.559Z]      56% complete.
[2024-01-12T15:41:15.559Z]      57% complete.
[2024-01-12T15:41:16.094Z]      58% complete.
[2024-01-12T15:41:16.094Z]      60% complete.
[2024-01-12T15:41:16.094Z]      61% complete.
[2024-01-12T15:41:16.094Z]      62% complete.
[2024-01-12T15:41:16.094Z]      64% complete.
[2024-01-12T15:41:16.094Z]      65% complete.
[2024-01-12T15:41:16.629Z]      66% complete.
[2024-01-12T15:41:16.629Z]      68% complete.
[2024-01-12T15:41:16.629Z]      69% complete.
[2024-01-12T15:41:16.629Z]      70% complete.
[2024-01-12T15:41:16.629Z]      72% complete.
[2024-01-12T15:41:17.166Z]      73% complete.
[2024-01-12T15:41:17.166Z]      74% complete.
[2024-01-12T15:41:17.166Z]      76% complete.
[2024-01-12T15:41:17.701Z]      77% complete.
[2024-01-12T15:41:17.701Z]      78% complete.
[2024-01-12T15:41:17.701Z]      79% complete.
[2024-01-12T15:41:17.701Z]      80% complete.
[2024-01-12T15:41:17.701Z]      81% complete.
[2024-01-12T15:41:18.235Z]      83% complete.
[2024-01-12T15:41:18.235Z]      84% complete.
[2024-01-12T15:41:18.235Z]      85% complete.
[2024-01-12T15:41:18.235Z]      86% complete.
[2024-01-12T15:41:18.235Z]      87% complete.
[2024-01-12T15:41:18.770Z]      88% complete.
[2024-01-12T15:41:18.770Z]      89% complete.
[2024-01-12T15:41:18.770Z]      90% complete.
[2024-01-12T15:41:18.770Z]      91% complete.
[2024-01-12T15:41:18.770Z]      92% complete.
[2024-01-12T15:41:18.770Z]      94% complete.
[2024-01-12T15:41:19.304Z]      95% complete.
[2024-01-12T15:41:19.304Z]      96% complete.
[2024-01-12T15:41:19.304Z]      97% complete.
[2024-01-12T15:41:19.304Z]      98% complete.
[2024-01-12T15:41:19.304Z]      99% complete.
[2024-01-12T15:41:19.304Z]     100% complete.
[2024-01-12T15:41:19.304Z] [VERBOSE] End downloading file (CURL): https://art-bear.autodesk.com:443/artifactory/team-maya-generic/Maya/master/plnx/2024-01-09-10-36_300902d361/202401091036-300902d361-RUNDEV.tgz
[2024-01-12T15:41:19.304Z] Extracting 202401091036-300902d361-RUNDEV.tgz to /local/S/jenkins/workspace/shared/Artifactory/Linux/tmp/tmpqe5r1uz3
[2024-01-12T15:42:11.974Z] Installing on /local/S/jenkins/workspace/shared/Artifactory/Linux/rundev-master/202401091036/runtime/0bebfcf
[2024-01-12T15:42:11.974Z] Dynamic package URL is unavailable.
[2024-01-12T15:42:11.974Z] 
[2024-01-12T15:42:11.974Z] ================================================================================
[2024-01-12T15:42:11.974Z]                              setup (RelWithDebInfo)
[2024-01-12T15:42:11.974Z] ================================================================================
[2024-01-12T15:42:11.974Z] Installing license file 'melicense.lic'.
[Pipeline] }
[Pipeline] // withEnv
[Pipeline] }
[Pipeline] // timeout
[Pipeline] }
[Pipeline] // stage
[Pipeline] }
[Pipeline] // timestamps
[Pipeline] timestamps
[Pipeline] {
[Pipeline] stage
[Pipeline] { (Clean)
[Pipeline] timeout
[2024-01-12T15:42:12.385Z] Timeout set to expire in 6 hr 0 min
[Pipeline] {
[Pipeline] withEnv
[Pipeline] {
[Pipeline] sh
[2024-01-12T15:42:13.517Z] + scl enable gcc-toolset-11 -
[2024-01-12T15:42:13.517Z] + '[' enable = load -o enable = unload ']'
[2024-01-12T15:42:13.517Z] + /usr/bin/scl enable gcc-toolset-11 -
[2024-01-12T15:42:13.517Z] python ecg-maya-hydra/build.py --stages=clean --workspace-dir=/local/S/jenkins/workspace/ECP/ecg-maya-hydra/ecg-maya-hydra-branch-preflight-python3-linux --artifactory-dir=/local/S/jenkins/workspace/shared/Artifactory --build-dir=/local/S/jenkins/workspace/ECP/ecg-maya-hydra/ecg-maya-hydra-branch-preflight-python3-linux/build --install-dir=/local/S/jenkins/workspace/ECP/ecg-maya-hydra/ecg-maya-hydra-branch-preflight-python3-linux/install --signing-dir=/local/S/jenkins/workspace/ECP/ecg-maya-hydra/ecg-maya-hydra-branch-preflight-python3-linux/signing --package-dir=/local/S/jenkins/workspace/ECP/ecg-maya-hydra/ecg-maya-hydra-branch-preflight-python3-linux/package --output-dir=/local/S/jenkins/workspace/ECP/ecg-maya-hydra/ecg-maya-hydra-branch-preflight-python3-linux/output --stash-dir=/local/S/jenkins/workspace/ECP/ecg-maya-hydra/ecg-maya-hydra-branch-preflight-python3-linux/stash --jenkins-build=453 --git-commit=1189bf7b31d629ca841cb0cba68a0d9b96b5607e --git-branch=master --variants=Debug --interactive-tests=true --post-zips=false --osx-binary-architecture-target=ub2 --osx-deployment-target=11.0 --osx-base-sdk=CurrentActiveSDK --maya-cut-config=maya-rundev-master-debug.yaml --maya-package=rundev-master-debug --stage-banner
[2024-01-12T15:42:13.517Z] Getting rundev-master-debug download URL from Maya SHA-1 hash
[2024-01-12T15:42:13.517Z] Finding Artifactory servers response times
[2024-01-12T15:42:15.993Z] [VERBOSE] Start loading URL (CURL): https://art-bear.autodesk.com/artifactory/api/system/ping
[2024-01-12T15:42:15.993Z] [DEBUG] Running: /usr/bin/curl -s -X GET --keepalive-time 10 --connect-timeout 60 --speed-limit 10000 --speed-time 120 --max-time 3600 --retry 5 --retry-max-time 2400 -H Connection:close https://art-bear.autodesk.com/artifactory/api/system/ping
[2024-01-12T15:42:15.993Z] [DEBUG] Output:
[2024-01-12T15:42:15.993Z] OK
[2024-01-12T15:42:15.993Z] [VERBOSE] End loading URL (CURL): https://art-bear.autodesk.com/artifactory/api/system/ping
[2024-01-12T15:42:15.993Z] [VERBOSE] Start loading URL (CURL): https://art-marmotte.autodesk.com/artifactory/api/system/ping
[2024-01-12T15:42:15.993Z] [DEBUG] Running: /usr/bin/curl -s -X GET --keepalive-time 10 --connect-timeout 60 --speed-limit 10000 --speed-time 120 --max-time 3600 --retry 5 --retry-max-time 2400 -H Connection:close https://art-marmotte.autodesk.com/artifactory/api/system/ping
[2024-01-12T15:42:15.993Z] [DEBUG] Output:
[2024-01-12T15:42:15.993Z] OK
[2024-01-12T15:42:15.993Z] [VERBOSE] End loading URL (CURL): https://art-marmotte.autodesk.com/artifactory/api/system/ping
[2024-01-12T15:42:15.993Z] [VERBOSE] Start loading URL (CURL): https://art-bobcat.autodesk.com/artifactory/api/system/ping
[2024-01-12T15:42:15.993Z] [DEBUG] Running: /usr/bin/curl -s -X GET --keepalive-time 10 --connect-timeout 60 --speed-limit 10000 --speed-time 120 --max-time 3600 --retry 5 --retry-max-time 2400 -H Connection:close https://art-bobcat.autodesk.com/artifactory/api/system/ping
[2024-01-12T15:42:15.993Z] [DEBUG] Output:
[2024-01-12T15:42:15.993Z] OK
[2024-01-12T15:42:15.993Z] [VERBOSE] End loading URL (CURL): https://art-bobcat.autodesk.com/artifactory/api/system/ping
[2024-01-12T15:42:15.993Z] [VERBOSE] Start loading URL (CURL): https://art-bear.autodesk.com/artifactory/api/search/checksum?repos=autodesk-3p-generic,adsk-build-tools-generic,team-ecg-generic,team-maya-generic,oss-stg-generic,team-mayausd-post-generic&sha1=a0627fd76c38ed69c53f7de3bc021b4d7c08083c
[2024-01-12T15:42:15.993Z] [DEBUG] Running: /usr/bin/curl -s -X GET --keepalive-time 10 --connect-timeout 60 --speed-limit 10000 --speed-time 120 --max-time 3600 --retry 5 --retry-max-time 2400 -H Connection:close -H Authorization:Basic ZWNnYmlmcm9zdDpvcGUqKjAw https://art-bear.autodesk.com/artifactory/api/search/checksum?repos=autodesk-3p-generic,adsk-build-tools-generic,team-ecg-generic,team-maya-generic,oss-stg-generic,team-mayausd-post-generic&sha1=a0627fd76c38ed69c53f7de3bc021b4d7c08083c
[2024-01-12T15:42:15.993Z] [DEBUG] Output:
[2024-01-12T15:42:15.993Z] {
[2024-01-12T15:42:15.993Z]   "results" : [ {
[2024-01-12T15:42:15.993Z]     "uri" : "https://art-bear.autodesk.com:443/artifactory/api/storage/team-maya-generic/Maya/master-debug/plnx/2024-01-09-06-34_5981ad98c7/202401090634-5981ad98c7-RUNDEV.tgz"
[2024-01-12T15:42:15.993Z]   } ]
[2024-01-12T15:42:15.993Z] }
[2024-01-12T15:42:15.993Z] [VERBOSE] End loading URL (CURL): https://art-bear.autodesk.com/artifactory/api/search/checksum?repos=autodesk-3p-generic,adsk-build-tools-generic,team-ecg-generic,team-maya-generic,oss-stg-generic,team-mayausd-post-generic&sha1=a0627fd76c38ed69c53f7de3bc021b4d7c08083c
[2024-01-12T15:42:15.993Z] [VERBOSE] Start loading URL (CURL): https://art-bear.autodesk.com:443/artifactory/api/storage/team-maya-generic/Maya/master-debug/plnx/2024-01-09-06-34_5981ad98c7/202401090634-5981ad98c7-RUNDEV.tgz
[2024-01-12T15:42:15.993Z] [DEBUG] Running: /usr/bin/curl -s -X GET --keepalive-time 10 --connect-timeout 60 --speed-limit 10000 --speed-time 120 --max-time 3600 --retry 5 --retry-max-time 2400 -H Connection:close -H Authorization:Basic ZWNnYmlmcm9zdDpvcGUqKjAw https://art-bear.autodesk.com:443/artifactory/api/storage/team-maya-generic/Maya/master-debug/plnx/2024-01-09-06-34_5981ad98c7/202401090634-5981ad98c7-RUNDEV.tgz
[2024-01-12T15:42:15.993Z] [DEBUG] Output:
[2024-01-12T15:42:15.993Z] {
[2024-01-12T15:42:15.993Z]   "repo" : "team-maya-generic",
[2024-01-12T15:42:15.993Z]   "path" : "/Maya/master-debug/plnx/2024-01-09-06-34_5981ad98c7/202401090634-5981ad98c7-RUNDEV.tgz",
[2024-01-12T15:42:15.993Z]   "created" : "2024-01-09T13:58:19.848-05:00",
[2024-01-12T15:42:15.993Z]   "createdBy" : "token:art-bear.autodesk.com",
[2024-01-12T15:42:15.993Z]   "lastModified" : "2024-01-09T13:58:19.839-05:00",
[2024-01-12T15:42:15.993Z]   "modifiedBy" : "token:art-bear.autodesk.com",
[2024-01-12T15:42:15.993Z]   "lastUpdated" : "2024-01-09T13:58:19.849-05:00",
[2024-01-12T15:42:15.993Z]   "downloadUri" : "https://art-bear.autodesk.com:443/artifactory/team-maya-generic/Maya/master-debug/plnx/2024-01-09-06-34_5981ad98c7/202401090634-5981ad98c7-RUNDEV.tgz",
[2024-01-12T15:42:15.993Z]   "mimeType" : "application/x-gzip",
[2024-01-12T15:42:15.993Z]   "size" : "3207316579",
[2024-01-12T15:42:15.993Z]   "checksums" : {
[2024-01-12T15:42:15.993Z]     "sha1" : "a0627fd76c38ed69c53f7de3bc021b4d7c08083c",
[2024-01-12T15:42:15.993Z]     "md5" : "06ef3ab1cfc6493d228e590f68560fd4",
[2024-01-12T15:42:15.994Z]     "sha256" : "c371a38390c3e1a821d6ab6edaacd808f47122ef0fbd5b8f85c5dc463dfb85e7"
[2024-01-12T15:42:15.994Z]   },
[2024-01-12T15:42:15.994Z]   "originalChecksums" : {
[2024-01-12T15:42:15.994Z]     "sha1" : "a0627fd76c38ed69c53f7de3bc021b4d7c08083c",
[2024-01-12T15:42:15.994Z]     "md5" : "06ef3ab1cfc6493d228e590f68560fd4",
[2024-01-12T15:42:15.994Z]     "sha256" : "c371a38390c3e1a821d6ab6edaacd808f47122ef0fbd5b8f85c5dc463dfb85e7"
[2024-01-12T15:42:15.994Z]   },
[2024-01-12T15:42:15.994Z]   "uri" : "https://art-bear.autodesk.com:443/artifactory/api/storage/team-maya-generic/Maya/master-debug/plnx/2024-01-09-06-34_5981ad98c7/202401090634-5981ad98c7-RUNDEV.tgz"
[2024-01-12T15:42:15.994Z] }
[2024-01-12T15:42:15.994Z] [VERBOSE] End loading URL (CURL): https://art-bear.autodesk.com:443/artifactory/api/storage/team-maya-generic/Maya/master-debug/plnx/2024-01-09-06-34_5981ad98c7/202401090634-5981ad98c7-RUNDEV.tgz
[2024-01-12T15:42:15.994Z] Using Maya cut from /local/S/jenkins/workspace/shared/Artifactory/Linux/rundev-master-debug/202401090634/runtime/a0627fd/runTime
[2024-01-12T15:42:15.994Z] [VERBOSE] Start loading URL (CURL): https://art-bear.autodesk.com:443/artifactory/api/storage/team-maya-generic/Maya/master-debug/plnx/2024-01-09-06-34_5981ad98c7/202401090634-5981ad98c7-RUNDEV.tgz.multipart
[2024-01-12T15:42:15.994Z] [DEBUG] Running: /usr/bin/curl -s -X GET --keepalive-time 10 --connect-timeout 60 --speed-limit 10000 --speed-time 120 --max-time 3600 --retry 5 --retry-max-time 2400 -H Connection:close -H Authorization:Basic ZWNnYmlmcm9zdDpvcGUqKjAw https://art-bear.autodesk.com:443/artifactory/api/storage/team-maya-generic/Maya/master-debug/plnx/2024-01-09-06-34_5981ad98c7/202401090634-5981ad98c7-RUNDEV.tgz.multipart
[2024-01-12T15:42:15.994Z] [DEBUG] Output:
[2024-01-12T15:42:15.994Z] {
[2024-01-12T15:42:15.994Z]   "errors" : [ {
[2024-01-12T15:42:15.994Z]     "status" : 404,
[2024-01-12T15:42:15.994Z]     "message" : "Unable to find item"
[2024-01-12T15:42:15.994Z]   } ]
[2024-01-12T15:42:15.994Z] }
[2024-01-12T15:42:15.994Z] [VERBOSE] End loading URL (CURL): https://art-bear.autodesk.com:443/artifactory/api/storage/team-maya-generic/Maya/master-debug/plnx/2024-01-09-06-34_5981ad98c7/202401090634-5981ad98c7-RUNDEV.tgz.multipart
[2024-01-12T15:42:15.994Z] Downloading https://art-bear.autodesk.com:443/artifactory/team-maya-generic/Maya/master-debug/plnx/2024-01-09-06-34_5981ad98c7/202401090634-5981ad98c7-RUNDEV.tgz to /local/S/jenkins/workspace/shared/Artifactory/Linux/tmp/tmptj0pr6b_
[2024-01-12T15:42:15.994Z] [VERBOSE] Start downloading file (CURL): https://art-bear.autodesk.com:443/artifactory/team-maya-generic/Maya/master-debug/plnx/2024-01-09-06-34_5981ad98c7/202401090634-5981ad98c7-RUNDEV.tgz
[2024-01-12T15:42:15.994Z] [DEBUG] Running: /usr/bin/curl -sI -X GET --keepalive-time 10 --connect-timeout 60 --speed-limit 10000 --speed-time 120 --max-time 3600 --retry 5 --retry-max-time 2400 -H Connection:close -H Authorization:Basic ZWNnYmlmcm9zdDpvcGUqKjAw https://art-bear.autodesk.com:443/artifactory/team-maya-generic/Maya/master-debug/plnx/2024-01-09-06-34_5981ad98c7/202401090634-5981ad98c7-RUNDEV.tgz
[2024-01-12T15:42:15.994Z] [DEBUG] Header:
[2024-01-12T15:42:15.994Z] HTTP/1.1 200 
[2024-01-12T15:42:15.994Z] Date: Fri, 12 Jan 2024 15:42:15 GMT
[2024-01-12T15:42:15.994Z] Content-Type: application/x-gzip
[2024-01-12T15:42:15.994Z] Content-Length: 3207316579
[2024-01-12T15:42:15.994Z] Connection: close
[2024-01-12T15:42:15.994Z] X-JFrog-Version: Artifactory/7.55.9 75509900
[2024-01-12T15:42:15.994Z] X-Artifactory-Id: 4b5c2cfa9bf2f461:-5b53be7b:18c71189944:-8000
[2024-01-12T15:42:15.994Z] X-Artifactory-Node-Id: uscrlpdrsync006.autodesk.com
[2024-01-12T15:42:15.994Z] Last-Modified: Tue, 09 Jan 2024 18:58:19 GMT
[2024-01-12T15:42:15.994Z] ETag: a0627fd76c38ed69c53f7de3bc021b4d7c08083c
[2024-01-12T15:42:15.994Z] X-Checksum-Sha1: a0627fd76c38ed69c53f7de3bc021b4d7c08083c
[2024-01-12T15:42:15.994Z] X-Checksum-Sha256: c371a38390c3e1a821d6ab6edaacd808f47122ef0fbd5b8f85c5dc463dfb85e7
[2024-01-12T15:42:15.994Z] X-Checksum-Md5: 06ef3ab1cfc6493d228e590f68560fd4
[2024-01-12T15:42:15.994Z] Accept-Ranges: bytes
[2024-01-12T15:42:15.994Z] X-Artifactory-Filename: 202401090634-5981ad98c7-RUNDEV.tgz
[2024-01-12T15:42:15.994Z] Content-Disposition: attachment; filename="202401090634-5981ad98c7-RUNDEV.tgz"; filename*=UTF-8''"202401090634-5981ad98c7-RUNDEV.tgz"
[2024-01-12T15:42:15.994Z] [DEBUG] Running: /usr/bin/curl --progress-bar -X GET --keepalive-time 10 --connect-timeout 60 --speed-limit 10000 --speed-time 120 --max-time 3600 --retry 5 --retry-max-time 2400 -H Connection:close -H Authorization:Basic ZWNnYmlmcm9zdDpvcGUqKjAw https://art-bear.autodesk.com:443/artifactory/team-maya-generic/Maya/master-debug/plnx/2024-01-09-06-34_5981ad98c7/202401090634-5981ad98c7-RUNDEV.tgz -o /local/S/jenkins/workspace/shared/Artifactory/Linux/tmp/tmptj0pr6b_/202401090634-5981ad98c7-RUNDEV.tgz
[2024-01-12T15:42:15.994Z]       0% complete.
[2024-01-12T15:42:16.527Z]       1% complete.
[2024-01-12T15:42:16.527Z]       3% complete.
[2024-01-12T15:42:16.527Z]       4% complete.
[2024-01-12T15:42:16.527Z]       5% complete.
[2024-01-12T15:42:17.062Z]       6% complete.
[2024-01-12T15:42:17.062Z]       8% complete.
[2024-01-12T15:42:17.062Z]       9% complete.
[2024-01-12T15:42:17.062Z]      10% complete.
[2024-01-12T15:42:17.062Z]      11% complete.
[2024-01-12T15:42:17.062Z]      13% complete.
[2024-01-12T15:42:17.595Z]      14% complete.
[2024-01-12T15:42:17.595Z]      16% complete.
[2024-01-12T15:42:17.595Z]      17% complete.
[2024-01-12T15:42:17.595Z]      19% complete.
[2024-01-12T15:42:17.595Z]      20% complete.
[2024-01-12T15:42:18.129Z]      21% complete.
[2024-01-12T15:42:18.129Z]      23% complete.
[2024-01-12T15:42:18.129Z]      24% complete.
[2024-01-12T15:42:18.129Z]      25% complete.
[2024-01-12T15:42:18.129Z]      26% complete.
[2024-01-12T15:42:18.129Z]      27% complete.
[2024-01-12T15:42:18.662Z]      28% complete.
[2024-01-12T15:42:18.662Z]      30% complete.
[2024-01-12T15:42:18.662Z]      31% complete.
[2024-01-12T15:42:18.662Z]      32% complete.
[2024-01-12T15:42:18.662Z]      34% complete.
[2024-01-12T15:42:18.662Z]      35% complete.
[2024-01-12T15:42:19.197Z]      37% complete.
[2024-01-12T15:42:19.197Z]      38% complete.
[2024-01-12T15:42:19.197Z]      39% complete.
[2024-01-12T15:42:19.197Z]      41% complete.
[2024-01-12T15:42:19.197Z]      42% complete.
[2024-01-12T15:42:19.730Z]      44% complete.
[2024-01-12T15:42:19.730Z]      45% complete.
[2024-01-12T15:42:19.730Z]      47% complete.
[2024-01-12T15:42:19.730Z]      48% complete.
[2024-01-12T15:42:19.730Z]      50% complete.
[2024-01-12T15:42:20.264Z]      51% complete.
[2024-01-12T15:42:20.264Z]      53% complete.
[2024-01-12T15:42:20.264Z]      54% complete.
[2024-01-12T15:42:20.264Z]      56% complete.
[2024-01-12T15:42:20.264Z]      57% complete.
[2024-01-12T15:42:20.264Z]      59% complete.
[2024-01-12T15:42:20.797Z]      60% complete.
[2024-01-12T15:42:20.797Z]      61% complete.
[2024-01-12T15:42:20.797Z]      63% complete.
[2024-01-12T15:42:20.797Z]      64% complete.
[2024-01-12T15:42:20.797Z]      66% complete.
[2024-01-12T15:42:21.331Z]      67% complete.
[2024-01-12T15:42:21.331Z]      69% complete.
[2024-01-12T15:42:21.331Z]      70% complete.
[2024-01-12T15:42:21.331Z]      71% complete.
[2024-01-12T15:42:21.331Z]      73% complete.
[2024-01-12T15:42:21.865Z]      74% complete.
[2024-01-12T15:42:21.865Z]      75% complete.
[2024-01-12T15:42:21.865Z]      76% complete.
[2024-01-12T15:42:21.865Z]      77% complete.
[2024-01-12T15:42:21.865Z]      79% complete.
[2024-01-12T15:42:21.865Z]      80% complete.
[2024-01-12T15:42:22.399Z]      81% complete.
[2024-01-12T15:42:22.399Z]      83% complete.
[2024-01-12T15:42:22.399Z]      84% complete.
[2024-01-12T15:42:22.399Z]      86% complete.
[2024-01-12T15:42:22.399Z]      87% complete.
[2024-01-12T15:42:22.933Z]      89% complete.
[2024-01-12T15:42:22.933Z]      90% complete.
[2024-01-12T15:42:22.933Z]      92% complete.
[2024-01-12T15:42:22.933Z]      93% complete.
[2024-01-12T15:42:22.933Z]      95% complete.
[2024-01-12T15:42:23.467Z]      96% complete.
[2024-01-12T15:42:23.467Z]      97% complete.
[2024-01-12T15:42:23.467Z]      98% complete.
[2024-01-12T15:42:23.467Z]      99% complete.
[2024-01-12T15:42:23.467Z]     100% complete.
[2024-01-12T15:42:23.467Z] [VERBOSE] End downloading file (CURL): https://art-bear.autodesk.com:443/artifactory/team-maya-generic/Maya/master-debug/plnx/2024-01-09-06-34_5981ad98c7/202401090634-5981ad98c7-RUNDEV.tgz
[2024-01-12T15:42:23.467Z] Extracting 202401090634-5981ad98c7-RUNDEV.tgz to /local/S/jenkins/workspace/shared/Artifactory/Linux/tmp/tmpjfb86oz2
[2024-01-12T15:43:16.034Z] Installing on /local/S/jenkins/workspace/shared/Artifactory/Linux/rundev-master-debug/202401090634/runtime/a0627fd
[2024-01-12T15:43:16.034Z] Dynamic package URL is unavailable.
[2024-01-12T15:43:16.034Z] 
[2024-01-12T15:43:16.034Z] ================================================================================
[2024-01-12T15:43:16.034Z]                                  clean (Debug)
[2024-01-12T15:43:16.034Z] ================================================================================
[2024-01-12T15:43:16.034Z] Maya Python Debug Info:
[2024-01-12T15:43:16.034Z]   mayapy executable   = /local/S/jenkins/workspace/shared/Artifactory/Linux/rundev-master-debug/202401090634/runtime/a0627fd/runTime/bin/mayapy
[2024-01-12T15:43:16.034Z]   Include Folder      = /local/S/jenkins/workspace/shared/Artifactory/Linux/rundev-master-debug/202401090634/runtime/a0627fd/runTime/include/Python311/Python
[2024-01-12T15:43:16.034Z]   Library             = /local/S/jenkins/workspace/shared/Artifactory/Linux/rundev-master-debug/202401090634/runtime/a0627fd/runTime/lib/libpython3.11d.so.1.0
[2024-01-12T15:43:16.034Z]   site-package Folder = /local/S/jenkins/workspace/shared/Artifactory/Linux/rundev-master-debug/202401090634/runtime/a0627fd/runTime/lib/python3.11/site-packages
[2024-01-12T15:43:17.152Z] Adding Python package requirements: ['/local/S/jenkins/workspace/shared/Artifactory/Linux/rundev-master-debug/202401090634/runtime/a0627fd/runTime/bin/mayapy', '-m', 'pip', 'install', '-t', '/local/S/jenkins/workspace/shared/Artifactory/Linux/rundev-master-debug/202401090634/runtime/a0627fd/runTime/lib/python3.11/site-packages', '-r', 'python_requirements.txt']
[2024-01-12T15:43:20.435Z] In workdir: /home/S/jenkins/workspace/ECP/ecg-maya-hydra/ecg-maya-hydra-branch-preflight-python3-linux/ecg-maya-hydra/maya-hydra
[2024-01-12T15:43:20.436Z] Executing: /local/S/jenkins/workspace/shared/Artifactory/Linux/rundev-master-debug/202401090634/runtime/a0627fd/runTime/bin/mayapy /home/S/jenkins/workspace/ECP/ecg-maya-hydra/ecg-maya-hydra-branch-preflight-python3-linux/ecg-maya-hydra/maya-hydra/build.py --generator Ninja --build-debug --maya-location /local/S/jenkins/workspace/shared/Artifactory/Linux/rundev-master-debug/202401090634/runtime/a0627fd/runTime --devkit-location /local/S/jenkins/workspace/shared/Artifactory/Linux/rundev-master-debug/202401090634/runtime/a0627fd/devkitBase --pxrusd-location /local/S/jenkins/workspace/shared/Artifactory/Linux/USD/d4ae0c1 --build-args=-DCMAKE_MAKE_PROGRAM=/local/S/jenkins/workspace/shared/Artifactory/Linux/ninja/1.10.2/9ab399b/ninja,-DPYTHON_INCLUDE_DIR=/local/S/jenkins/workspace/shared/Artifactory/Linux/rundev-master-debug/202401090634/runtime/a0627fd/runTime/include/Python311/Python,-DPython_EXECUTABLE=/local/S/jenkins/workspace/shared/Artifactory/Linux/rundev-master-debug/202401090634/runtime/a0627fd/runTime/bin/mayapy,-DPYTHON_LIBRARIES=/local/S/jenkins/workspace/shared/Artifactory/Linux/rundev-master-debug/202401090634/runtime/a0627fd/runTime/lib/libpython3.11d.so.1.0,-DBUILD_WITH_PYTHON_3_VERSION=3.11,-DCMAKE_WANT_MATERIALX_BUILD=ON,-DCMAKE_PREFIX_PATH=/local/S/jenkins/workspace/shared/Artifactory/Linux/USD/d4ae0c1,-DMAYAHYDRA_BUILD_NUMBER=453,-DMAYAHYDRA_GIT_COMMIT=1189bf7b31d629ca841cb0cba68a0d9b96b5607e,-DMAYAHYDRA_GIT_BRANCH=master,-DMAYAUSD_LOCATION=/local/S/jenkins/workspace/shared/Artifactory/Linux/mayausd-cotd-debug/202401092322/runtime/e1ef759/mayausd --debug-python '--ctest-args=--parallel 16' --stages=clean --redirect-outstream-file=False --install-location /local/S/jenkins/workspace/ECP/ecg-maya-hydra/ecg-maya-hydra-branch-preflight-python3-linux/install/Debug/MayaHydra /local/S/jenkins/workspace/ECP/ecg-maya-hydra/ecg-maya-hydra-branch-preflight-python3-linux
[2024-01-12T15:43:20.436Z] Modified environment variables:
[2024-01-12T15:43:20.436Z]     LD_LIBRARY_PATH=/opt/rh/gcc-toolset-11/root/usr/lib64:/opt/rh/gcc-toolset-11/root/usr/lib64:/opt/rh/gcc-toolset-11/root/usr/lib:/opt/rh/gcc-toolset-11/root/usr/lib64/dyninst:/opt/rh/gcc-toolset-11/root/usr/lib/dyninst
[2024-01-12T15:43:20.436Z]     PATH=/local/S/jenkins/workspace/shared/Artifactory/Linux/cmake/3.20.3/ab685d7/bin:/opt/rh/gcc-toolset-11/root/usr/bin:/home/administrator/.local/bin:/home/administrator/bin:/usr/share/Modules/bin:/usr/local/bin:/usr/local/sbin:/usr/bin:/usr/sbin
[2024-01-12T15:43:20.969Z]     
[2024-01-12T15:43:20.969Z]         Building with settings:
[2024-01-12T15:43:20.969Z]           Source directory          /home/S/jenkins/workspace/ECP/ecg-maya-hydra/ecg-maya-hydra-branch-preflight-python3-linux/ecg-maya-hydra/maya-hydra
[2024-01-12T15:43:20.969Z]           Workspace directory       /local/S/jenkins/workspace/ECP/ecg-maya-hydra/ecg-maya-hydra-branch-preflight-python3-linux
[2024-01-12T15:43:20.969Z]           Build directory           /local/S/jenkins/workspace/ECP/ecg-maya-hydra/ecg-maya-hydra-branch-preflight-python3-linux/build/Debug
[2024-01-12T15:43:20.969Z]           Install directory         /local/S/jenkins/workspace/ECP/ecg-maya-hydra/ecg-maya-hydra-branch-preflight-python3-linux/install/Debug/MayaHydra
[2024-01-12T15:43:20.969Z]           Variant                   Debug
[2024-01-12T15:43:20.969Z]           Python Debug              On
[2024-01-12T15:43:20.969Z]           CMake generator           Ninja
[2024-01-12T15:43:20.969Z]           Build arguments           ['-DCMAKE_MAKE_PROGRAM=/local/S/jenkins/workspace/shared/Artifactory/Linux/ninja/1.10.2/9ab399b/ninja', '-DPYTHON_INCLUDE_DIR=/local/S/jenkins/workspace/shared/Artifactory/Linux/rundev-master-debug/202401090634/runtime/a0627fd/runTime/include/Python311/Python', '-DPython_EXECUTABLE=/local/S/jenkins/workspace/shared/Artifactory/Linux/rundev-master-debug/202401090634/runtime/a0627fd/runTime/bin/mayapy', '-DPYTHON_LIBRARIES=/local/S/jenkins/workspace/shared/Artifactory/Linux/rundev-master-debug/202401090634/runtime/a0627fd/runTime/lib/libpython3.11d.so.1.0', '-DBUILD_WITH_PYTHON_3_VERSION=3.11', '-DCMAKE_WANT_MATERIALX_BUILD=ON', '-DCMAKE_PREFIX_PATH=/local/S/jenkins/workspace/shared/Artifactory/Linux/USD/d4ae0c1', '-DMAYAHYDRA_BUILD_NUMBER=453', '-DMAYAHYDRA_GIT_COMMIT=1189bf7b31d629ca841cb0cba68a0d9b96b5607e', '-DMAYAHYDRA_GIT_BRANCH=master', '-DMAYAUSD_LOCATION=/local/S/jenkins/workspace/shared/Artifactory/Linux/mayausd-cotd-debug/202401092322/runtime/e1ef759/mayausd']
[2024-01-12T15:43:20.969Z]           Stages arguments          ['clean']
[2024-01-12T15:43:20.969Z]           CTest arguments           ['--parallel 16']
[2024-01-12T15:43:20.969Z]     Success MayaHydra build and install !!!!
[2024-01-12T15:43:20.969Z]     Elapsed time: 00:00:00
[Pipeline] sh
[2024-01-12T15:43:22.547Z] + scl enable gcc-toolset-11 -
[2024-01-12T15:43:22.547Z] + '[' enable = load -o enable = unload ']'
[2024-01-12T15:43:22.547Z] + /usr/bin/scl enable gcc-toolset-11 -
[2024-01-12T15:43:22.547Z] python ecg-maya-hydra/build.py --stages=clean --workspace-dir=/local/S/jenkins/workspace/ECP/ecg-maya-hydra/ecg-maya-hydra-branch-preflight-python3-linux --artifactory-dir=/local/S/jenkins/workspace/shared/Artifactory --build-dir=/local/S/jenkins/workspace/ECP/ecg-maya-hydra/ecg-maya-hydra-branch-preflight-python3-linux/build --install-dir=/local/S/jenkins/workspace/ECP/ecg-maya-hydra/ecg-maya-hydra-branch-preflight-python3-linux/install --signing-dir=/local/S/jenkins/workspace/ECP/ecg-maya-hydra/ecg-maya-hydra-branch-preflight-python3-linux/signing --package-dir=/local/S/jenkins/workspace/ECP/ecg-maya-hydra/ecg-maya-hydra-branch-preflight-python3-linux/package --output-dir=/local/S/jenkins/workspace/ECP/ecg-maya-hydra/ecg-maya-hydra-branch-preflight-python3-linux/output --stash-dir=/local/S/jenkins/workspace/ECP/ecg-maya-hydra/ecg-maya-hydra-branch-preflight-python3-linux/stash --jenkins-build=453 --git-commit=1189bf7b31d629ca841cb0cba68a0d9b96b5607e --git-branch=master --variants=RelWithDebInfo --interactive-tests=true --post-zips=false --osx-binary-architecture-target=ub2 --osx-deployment-target=11.0 --osx-base-sdk=CurrentActiveSDK --maya-cut-config=maya-rundev-master.yaml --maya-package=rundev-master --stage-banner
[2024-01-12T15:43:22.547Z] Using Maya cut from /local/S/jenkins/workspace/shared/Artifactory/Linux/rundev-master/202401091036/runtime/0bebfcf/runTime
[2024-01-12T15:43:22.547Z] Dynamic package URL is unavailable.
[2024-01-12T15:43:22.547Z] 
[2024-01-12T15:43:22.547Z] ================================================================================
[2024-01-12T15:43:22.547Z]                              clean (RelWithDebInfo)
[2024-01-12T15:43:22.547Z] ================================================================================
[2024-01-12T15:43:22.547Z] Maya Python RelWithDebInfo Info:
[2024-01-12T15:43:22.547Z]   mayapy executable   = /local/S/jenkins/workspace/shared/Artifactory/Linux/rundev-master/202401091036/runtime/0bebfcf/runTime/bin/mayapy
[2024-01-12T15:43:22.547Z]   Include Folder      = /local/S/jenkins/workspace/shared/Artifactory/Linux/rundev-master/202401091036/runtime/0bebfcf/runTime/include/Python311/Python
[2024-01-12T15:43:22.547Z]   Library             = /local/S/jenkins/workspace/shared/Artifactory/Linux/rundev-master/202401091036/runtime/0bebfcf/runTime/lib/libpython3.11.so.1.0
[2024-01-12T15:43:22.547Z]   site-package Folder = /local/S/jenkins/workspace/shared/Artifactory/Linux/rundev-master/202401091036/runtime/0bebfcf/runTime/lib/python3.11/site-packages
[2024-01-12T15:43:24.308Z] Adding Python package requirements: ['/local/S/jenkins/workspace/shared/Artifactory/Linux/rundev-master/202401091036/runtime/0bebfcf/runTime/bin/mayapy', '-m', 'pip', 'install', '-t', '/local/S/jenkins/workspace/shared/Artifactory/Linux/rundev-master/202401091036/runtime/0bebfcf/runTime/lib/python3.11/site-packages', '-r', 'python_requirements.txt']
[2024-01-12T15:43:25.424Z] In workdir: /home/S/jenkins/workspace/ECP/ecg-maya-hydra/ecg-maya-hydra-branch-preflight-python3-linux/ecg-maya-hydra/maya-hydra
[2024-01-12T15:43:25.424Z] Executing: /local/S/jenkins/workspace/shared/Artifactory/Linux/rundev-master/202401091036/runtime/0bebfcf/runTime/bin/mayapy /home/S/jenkins/workspace/ECP/ecg-maya-hydra/ecg-maya-hydra-branch-preflight-python3-linux/ecg-maya-hydra/maya-hydra/build.py --generator Ninja --build-relwithdebug --maya-location /local/S/jenkins/workspace/shared/Artifactory/Linux/rundev-master/202401091036/runtime/0bebfcf/runTime --devkit-location /local/S/jenkins/workspace/shared/Artifactory/Linux/rundev-master/202401091036/runtime/0bebfcf/devkitBase --pxrusd-location /local/S/jenkins/workspace/shared/Artifactory/Linux/USD/a772bd8 --build-args=-DCMAKE_MAKE_PROGRAM=/local/S/jenkins/workspace/shared/Artifactory/Linux/ninja/1.10.2/9ab399b/ninja,-DPYTHON_INCLUDE_DIR=/local/S/jenkins/workspace/shared/Artifactory/Linux/rundev-master/202401091036/runtime/0bebfcf/runTime/include/Python311/Python,-DPython_EXECUTABLE=/local/S/jenkins/workspace/shared/Artifactory/Linux/rundev-master/202401091036/runtime/0bebfcf/runTime/bin/mayapy,-DPYTHON_LIBRARIES=/local/S/jenkins/workspace/shared/Artifactory/Linux/rundev-master/202401091036/runtime/0bebfcf/runTime/lib/libpython3.11.so.1.0,-DBUILD_WITH_PYTHON_3_VERSION=3.11,-DCMAKE_WANT_MATERIALX_BUILD=ON,-DCMAKE_PREFIX_PATH=/local/S/jenkins/workspace/shared/Artifactory/Linux/USD/a772bd8,-DMAYAHYDRA_BUILD_NUMBER=453,-DMAYAHYDRA_GIT_COMMIT=1189bf7b31d629ca841cb0cba68a0d9b96b5607e,-DMAYAHYDRA_GIT_BRANCH=master,-DMAYAUSD_LOCATION=/local/S/jenkins/workspace/shared/Artifactory/Linux/mayausd-cotd/202401092322/runtime/a9192e0/mayausd '--ctest-args=--parallel 16' --stages=clean --redirect-outstream-file=False --install-location /local/S/jenkins/workspace/ECP/ecg-maya-hydra/ecg-maya-hydra-branch-preflight-python3-linux/install/RelWithDebInfo/MayaHydra /local/S/jenkins/workspace/ECP/ecg-maya-hydra/ecg-maya-hydra-branch-preflight-python3-linux
[2024-01-12T15:43:25.424Z] Modified environment variables:
[2024-01-12T15:43:25.424Z]     LD_LIBRARY_PATH=/opt/rh/gcc-toolset-11/root/usr/lib64:/opt/rh/gcc-toolset-11/root/usr/lib64:/opt/rh/gcc-toolset-11/root/usr/lib:/opt/rh/gcc-toolset-11/root/usr/lib64/dyninst:/opt/rh/gcc-toolset-11/root/usr/lib/dyninst
[2024-01-12T15:43:25.424Z]     PATH=/local/S/jenkins/workspace/shared/Artifactory/Linux/cmake/3.20.3/ab685d7/bin:/opt/rh/gcc-toolset-11/root/usr/bin:/home/administrator/.local/bin:/home/administrator/bin:/usr/share/Modules/bin:/usr/local/bin:/usr/local/sbin:/usr/bin:/usr/sbin
[2024-01-12T15:43:25.958Z]     
[2024-01-12T15:43:25.958Z]         Building with settings:
[2024-01-12T15:43:25.958Z]           Source directory          /home/S/jenkins/workspace/ECP/ecg-maya-hydra/ecg-maya-hydra-branch-preflight-python3-linux/ecg-maya-hydra/maya-hydra
[2024-01-12T15:43:25.958Z]           Workspace directory       /local/S/jenkins/workspace/ECP/ecg-maya-hydra/ecg-maya-hydra-branch-preflight-python3-linux
[2024-01-12T15:43:25.958Z]           Build directory           /local/S/jenkins/workspace/ECP/ecg-maya-hydra/ecg-maya-hydra-branch-preflight-python3-linux/build/RelWithDebInfo
[2024-01-12T15:43:25.958Z]           Install directory         /local/S/jenkins/workspace/ECP/ecg-maya-hydra/ecg-maya-hydra-branch-preflight-python3-linux/install/RelWithDebInfo/MayaHydra
[2024-01-12T15:43:25.958Z]           Variant                   RelWithDebInfo
[2024-01-12T15:43:25.958Z]           Python Debug              Off
[2024-01-12T15:43:25.958Z]           CMake generator           Ninja
[2024-01-12T15:43:25.958Z]           Build arguments           ['-DCMAKE_MAKE_PROGRAM=/local/S/jenkins/workspace/shared/Artifactory/Linux/ninja/1.10.2/9ab399b/ninja', '-DPYTHON_INCLUDE_DIR=/local/S/jenkins/workspace/shared/Artifactory/Linux/rundev-master/202401091036/runtime/0bebfcf/runTime/include/Python311/Python', '-DPython_EXECUTABLE=/local/S/jenkins/workspace/shared/Artifactory/Linux/rundev-master/202401091036/runtime/0bebfcf/runTime/bin/mayapy', '-DPYTHON_LIBRARIES=/local/S/jenkins/workspace/shared/Artifactory/Linux/rundev-master/202401091036/runtime/0bebfcf/runTime/lib/libpython3.11.so.1.0', '-DBUILD_WITH_PYTHON_3_VERSION=3.11', '-DCMAKE_WANT_MATERIALX_BUILD=ON', '-DCMAKE_PREFIX_PATH=/local/S/jenkins/workspace/shared/Artifactory/Linux/USD/a772bd8', '-DMAYAHYDRA_BUILD_NUMBER=453', '-DMAYAHYDRA_GIT_COMMIT=1189bf7b31d629ca841cb0cba68a0d9b96b5607e', '-DMAYAHYDRA_GIT_BRANCH=master', '-DMAYAUSD_LOCATION=/local/S/jenkins/workspace/shared/Artifactory/Linux/mayausd-cotd/202401092322/runtime/a9192e0/mayausd']
[2024-01-12T15:43:25.958Z]           Stages arguments          ['clean']
[2024-01-12T15:43:25.958Z]           CTest arguments           ['--parallel 16']
[2024-01-12T15:43:25.958Z]     Success MayaHydra build and install !!!!
[2024-01-12T15:43:25.958Z]     Elapsed time: 00:00:00
[Pipeline] }
[Pipeline] // withEnv
[Pipeline] }
[Pipeline] // timeout
[Pipeline] }
[Pipeline] // stage
[Pipeline] }
[Pipeline] // timestamps
[Pipeline] timestamps
[Pipeline] {
[Pipeline] stage
[Pipeline] { (Configure)
[Pipeline] timeout
[2024-01-12T15:43:26.364Z] Timeout set to expire in 6 hr 0 min
[Pipeline] {
[Pipeline] withEnv
[Pipeline] {
[Pipeline] sh
[2024-01-12T15:43:27.498Z] + scl enable gcc-toolset-11 -
[2024-01-12T15:43:27.498Z] + '[' enable = load -o enable = unload ']'
[2024-01-12T15:43:27.498Z] + /usr/bin/scl enable gcc-toolset-11 -
[2024-01-12T15:43:27.498Z] python ecg-maya-hydra/build.py --stages=configure --workspace-dir=/local/S/jenkins/workspace/ECP/ecg-maya-hydra/ecg-maya-hydra-branch-preflight-python3-linux --artifactory-dir=/local/S/jenkins/workspace/shared/Artifactory --build-dir=/local/S/jenkins/workspace/ECP/ecg-maya-hydra/ecg-maya-hydra-branch-preflight-python3-linux/build --install-dir=/local/S/jenkins/workspace/ECP/ecg-maya-hydra/ecg-maya-hydra-branch-preflight-python3-linux/install --signing-dir=/local/S/jenkins/workspace/ECP/ecg-maya-hydra/ecg-maya-hydra-branch-preflight-python3-linux/signing --package-dir=/local/S/jenkins/workspace/ECP/ecg-maya-hydra/ecg-maya-hydra-branch-preflight-python3-linux/package --output-dir=/local/S/jenkins/workspace/ECP/ecg-maya-hydra/ecg-maya-hydra-branch-preflight-python3-linux/output --stash-dir=/local/S/jenkins/workspace/ECP/ecg-maya-hydra/ecg-maya-hydra-branch-preflight-python3-linux/stash --jenkins-build=453 --git-commit=1189bf7b31d629ca841cb0cba68a0d9b96b5607e --git-branch=master --variants=Debug --interactive-tests=true --post-zips=false --osx-binary-architecture-target=ub2 --osx-deployment-target=11.0 --osx-base-sdk=CurrentActiveSDK --maya-cut-config=maya-rundev-master-debug.yaml --maya-package=rundev-master-debug --stage-banner
[2024-01-12T15:43:27.498Z] Using Maya cut from /local/S/jenkins/workspace/shared/Artifactory/Linux/rundev-master-debug/202401090634/runtime/a0627fd/runTime
[2024-01-12T15:43:27.498Z] Dynamic package URL is unavailable.
[2024-01-12T15:43:27.498Z] 
[2024-01-12T15:43:27.498Z] ================================================================================
[2024-01-12T15:43:27.498Z]                                configure (Debug)
[2024-01-12T15:43:27.498Z] ================================================================================
[2024-01-12T15:43:27.498Z] Maya Python Debug Info:
[2024-01-12T15:43:27.498Z]   mayapy executable   = /local/S/jenkins/workspace/shared/Artifactory/Linux/rundev-master-debug/202401090634/runtime/a0627fd/runTime/bin/mayapy
[2024-01-12T15:43:27.498Z]   Include Folder      = /local/S/jenkins/workspace/shared/Artifactory/Linux/rundev-master-debug/202401090634/runtime/a0627fd/runTime/include/Python311/Python
[2024-01-12T15:43:27.498Z]   Library             = /local/S/jenkins/workspace/shared/Artifactory/Linux/rundev-master-debug/202401090634/runtime/a0627fd/runTime/lib/libpython3.11d.so.1.0
[2024-01-12T15:43:27.498Z]   site-package Folder = /local/S/jenkins/workspace/shared/Artifactory/Linux/rundev-master-debug/202401090634/runtime/a0627fd/runTime/lib/python3.11/site-packages
[2024-01-12T15:43:28.616Z] In workdir: /home/S/jenkins/workspace/ECP/ecg-maya-hydra/ecg-maya-hydra-branch-preflight-python3-linux/ecg-maya-hydra/maya-hydra
[2024-01-12T15:43:28.616Z] Executing: /local/S/jenkins/workspace/shared/Artifactory/Linux/rundev-master-debug/202401090634/runtime/a0627fd/runTime/bin/mayapy /home/S/jenkins/workspace/ECP/ecg-maya-hydra/ecg-maya-hydra-branch-preflight-python3-linux/ecg-maya-hydra/maya-hydra/build.py --generator Ninja --build-debug --maya-location /local/S/jenkins/workspace/shared/Artifactory/Linux/rundev-master-debug/202401090634/runtime/a0627fd/runTime --devkit-location /local/S/jenkins/workspace/shared/Artifactory/Linux/rundev-master-debug/202401090634/runtime/a0627fd/devkitBase --pxrusd-location /local/S/jenkins/workspace/shared/Artifactory/Linux/USD/d4ae0c1 --build-args=-DCMAKE_MAKE_PROGRAM=/local/S/jenkins/workspace/shared/Artifactory/Linux/ninja/1.10.2/9ab399b/ninja,-DPYTHON_INCLUDE_DIR=/local/S/jenkins/workspace/shared/Artifactory/Linux/rundev-master-debug/202401090634/runtime/a0627fd/runTime/include/Python311/Python,-DPython_EXECUTABLE=/local/S/jenkins/workspace/shared/Artifactory/Linux/rundev-master-debug/202401090634/runtime/a0627fd/runTime/bin/mayapy,-DPYTHON_LIBRARIES=/local/S/jenkins/workspace/shared/Artifactory/Linux/rundev-master-debug/202401090634/runtime/a0627fd/runTime/lib/libpython3.11d.so.1.0,-DBUILD_WITH_PYTHON_3_VERSION=3.11,-DCMAKE_WANT_MATERIALX_BUILD=ON,-DCMAKE_PREFIX_PATH=/local/S/jenkins/workspace/shared/Artifactory/Linux/USD/d4ae0c1,-DMAYAHYDRA_BUILD_NUMBER=453,-DMAYAHYDRA_GIT_COMMIT=1189bf7b31d629ca841cb0cba68a0d9b96b5607e,-DMAYAHYDRA_GIT_BRANCH=master,-DMAYAUSD_LOCATION=/local/S/jenkins/workspace/shared/Artifactory/Linux/mayausd-cotd-debug/202401092322/runtime/e1ef759/mayausd --debug-python '--ctest-args=--parallel 16' --stages=configure --redirect-outstream-file=False --install-location /local/S/jenkins/workspace/ECP/ecg-maya-hydra/ecg-maya-hydra-branch-preflight-python3-linux/install/Debug/MayaHydra /local/S/jenkins/workspace/ECP/ecg-maya-hydra/ecg-maya-hydra-branch-preflight-python3-linux
[2024-01-12T15:43:28.616Z] Modified environment variables:
[2024-01-12T15:43:28.616Z]     LD_LIBRARY_PATH=/opt/rh/gcc-toolset-11/root/usr/lib64:/opt/rh/gcc-toolset-11/root/usr/lib64:/opt/rh/gcc-toolset-11/root/usr/lib:/opt/rh/gcc-toolset-11/root/usr/lib64/dyninst:/opt/rh/gcc-toolset-11/root/usr/lib/dyninst
[2024-01-12T15:43:28.616Z]     PATH=/local/S/jenkins/workspace/shared/Artifactory/Linux/cmake/3.20.3/ab685d7/bin:/opt/rh/gcc-toolset-11/root/usr/bin:/home/administrator/.local/bin:/home/administrator/bin:/usr/share/Modules/bin:/usr/local/bin:/usr/local/sbin:/usr/bin:/usr/sbin
[2024-01-12T15:43:47.346Z]     -- The C compiler identification is GNU 11.2.1
[2024-01-12T15:43:47.346Z]     -- The CXX compiler identification is GNU 11.2.1
[2024-01-12T15:43:47.346Z]     -- Detecting C compiler ABI info
[2024-01-12T15:43:47.346Z]     -- Detecting C compiler ABI info - done
[2024-01-12T15:43:47.346Z]     -- Check for working C compiler: /opt/rh/gcc-toolset-11/root/usr/bin/cc - skipped
[2024-01-12T15:43:47.346Z]     -- Detecting C compile features
[2024-01-12T15:43:47.346Z]     -- Detecting C compile features - done
[2024-01-12T15:43:47.346Z]     -- Detecting CXX compiler ABI info
[2024-01-12T15:43:47.346Z]     -- Detecting CXX compiler ABI info - done
[2024-01-12T15:43:47.346Z]     -- Check for working CXX compiler: /opt/rh/gcc-toolset-11/root/usr/bin/c++ - skipped
[2024-01-12T15:43:47.346Z]     -- Detecting CXX compile features
[2024-01-12T15:43:47.346Z]     -- Detecting CXX compile features - done
[2024-01-12T15:43:47.346Z]     -- Using Maya Light API Version 3
[2024-01-12T15:43:47.346Z]     -- Maya has setDefaultMaterialHandling API
[2024-01-12T15:43:47.346Z]     -- Maya has new point snapping API
[2024-01-12T15:43:47.346Z]     -- Maya has isInCrashHandler API
[2024-01-12T15:43:47.346Z]     -- Maya has getDisplayStyleOfAllViewports API
[2024-01-12T15:43:47.346Z]     -- Maya array iterator has difference_type trait
[2024-01-12T15:43:47.346Z]     -- MFnSet has getMemberPaths function
[2024-01-12T15:43:47.346Z]     -- MFnDisplayLayer exists
[2024-01-12T15:43:47.346Z]     -- MDisplayLayerMessage has MDisplayLayerMemberChangedFunction
[2024-01-12T15:43:47.346Z]     -- MRenderItem has HideOnPlayback API
[2024-01-12T15:43:47.880Z]     -- Linux: Maya was built with new cxx11 ABI
[2024-01-12T15:43:47.880Z]     -- Found Maya: /local/S/jenkins/workspace/shared/Artifactory/Linux/rundev-master-debug/202401090634/runtime/a0627fd/runTime/bin/maya (found suitable version "2025", minimum required is "2024")
[2024-01-12T15:43:48.996Z]     -- Found Python: /local/S/jenkins/workspace/shared/Artifactory/Linux/rundev-master-debug/202401090634/runtime/a0627fd/runTime/bin/mayapy (found suitable exact version "3.11.4") found components: Interpreter
[2024-01-12T15:43:48.996Z]     -- Build mayaHydra with Python3 = 3.11
[2024-01-12T15:43:48.996Z]     --    PYTHON_INCLUDE_DIRS = /local/S/jenkins/workspace/shared/Artifactory/Linux/rundev-master-debug/202401090634/runtime/a0627fd/runTime/include/Python311/Python
[2024-01-12T15:43:48.996Z]     --    PYTHON_LIBRARIES    = /local/S/jenkins/workspace/shared/Artifactory/Linux/rundev-master-debug/202401090634/runtime/a0627fd/runTime/lib/libpython3.11d.so.1.0
[2024-01-12T15:43:48.996Z]     --    Python_EXECUTABLE   = /local/S/jenkins/workspace/shared/Artifactory/Linux/rundev-master-debug/202401090634/runtime/a0627fd/runTime/bin/mayapy
[2024-01-12T15:43:48.996Z]     -- Found Python3: /local/S/jenkins/workspace/shared/Artifactory/Linux/rundev-master-debug/202401090634/runtime/a0627fd/runTime/include/Python311/Python (found suitable exact version "3.11.4") found components: Development Development.Module Development.Embed
[2024-01-12T15:43:48.996Z]     -- USD has new Sdr.PropertyTypes.Color4
[2024-01-12T15:43:49.530Z]     -- USD has MaterialX metadata support
[2024-01-12T15:43:49.530Z]     -- USD include dir: /local/S/jenkins/workspace/shared/Artifactory/Linux/USD/d4ae0c1/include
[2024-01-12T15:43:49.530Z]     -- USD library dir: /local/S/jenkins/workspace/shared/Artifactory/Linux/USD/d4ae0c1/lib
[2024-01-12T15:43:49.530Z]     -- USD version: 0.23.11
[2024-01-12T15:43:49.530Z]     -- Found USD: /local/S/jenkins/workspace/shared/Artifactory/Linux/USD/d4ae0c1 (found suitable version "0.23.11", minimum required is "0.22.11")
[2024-01-12T15:43:49.530Z]     Updated PYTHONPATH: /local/S/jenkins/workspace/shared/Artifactory/Linux/USD/d4ae0c1/lib/python
[2024-01-12T15:43:49.530Z]     -- Found UFE: /local/S/jenkins/workspace/shared/Artifactory/Linux/rundev-master-debug/202401090634/runtime/a0627fd/devkitBase/devkit/ufe/include (found version "5.0.0")
[2024-01-12T15:43:49.530Z]     -- UFE include dir: /local/S/jenkins/workspace/shared/Artifactory/Linux/rundev-master-debug/202401090634/runtime/a0627fd/devkitBase/devkit/ufe/include
[2024-01-12T15:43:49.530Z]     -- UFE library: /local/S/jenkins/workspace/shared/Artifactory/Linux/rundev-master-debug/202401090634/runtime/a0627fd/devkitBase/devkit/ufe/lib/libufe_5.so
[2024-01-12T15:43:49.530Z]     -- UFE version: 5.0.0
[2024-01-12T15:43:49.530Z]     -- Maya has UFE lights API
[2024-01-12T15:43:49.530Z]     -- Maya has UFE scene segment API
[2024-01-12T15:43:49.530Z]     -- Maya has UFE TrieNode childrenComponents accessor
[2024-01-12T15:43:49.530Z]     -- Building with UFE 5.0.0.
[2024-01-12T15:43:49.530Z]     -- Found MaterialX
[2024-01-12T15:43:49.530Z]     -- Check if compiler accepts -pthread
[2024-01-12T15:43:49.530Z]     -- Check if compiler accepts -pthread - yes
[2024-01-12T15:43:49.530Z]     -- Performing Test HAVE_STDATOMIC
[2024-01-12T15:43:49.530Z]     -- Performing Test HAVE_STDATOMIC - Success
[2024-01-12T15:43:49.530Z]     -- Found OpenGL: /usr/lib64/libOpenGL.so
[2024-01-12T15:43:50.068Z]     -- Check if linker can resolve circular dependencies - FALSE
[2024-01-12T15:43:50.068Z]     -- Found Qt 6.5.3 in Maya devkit. Hydra Scene Browser will be built.
[2024-01-12T15:43:50.068Z]     -- **** Building Gulrak From Github Repository.
[2024-01-12T15:43:50.068Z]     -- Populating gulrak
[2024-01-12T15:43:50.068Z]     -- Configuring done
[2024-01-12T15:43:50.068Z]     -- Generating done
[2024-01-12T15:43:50.068Z]     -- Build files have been written to: /home/S/jenkins/workspace/ECP/ecg-maya-hydra/ecg-maya-hydra-branch-preflight-python3-linux/build/Debug/_deps/gulrak-subbuild
[2024-01-12T15:43:50.068Z]     [1/9] Creating directories for 'gulrak-populate'
[2024-01-12T15:43:50.068Z]     [1/9] Performing download step (git clone) for 'gulrak-populate'
[2024-01-12T15:43:50.068Z]     Cloning into 'gulrak-src'...
[2024-01-12T15:43:50.601Z]     HEAD is now at 4e21ab3 Version bump and updated readme.
[2024-01-12T15:43:50.601Z]     [2/9] Performing update step for 'gulrak-populate'
[2024-01-12T15:43:50.601Z]     [4/9] No patch step for 'gulrak-populate'
[2024-01-12T15:43:50.601Z]     [5/9] No configure step for 'gulrak-populate'
[2024-01-12T15:43:50.601Z]     [6/9] No build step for 'gulrak-populate'
[2024-01-12T15:43:50.601Z]     [7/9] No install step for 'gulrak-populate'
[2024-01-12T15:43:50.601Z]     [8/9] No test step for 'gulrak-populate'
[2024-01-12T15:43:50.601Z]     [9/9] Completed 'gulrak-populate'
[2024-01-12T15:43:50.602Z]     -- ========== Installing GoogleTest... ==========
[2024-01-12T15:43:50.602Z]     -- Configuring done
[2024-01-12T15:43:50.602Z]     -- Generating done
[2024-01-12T15:43:50.602Z]     -- Build files have been written to: /home/S/jenkins/workspace/ECP/ecg-maya-hydra/ecg-maya-hydra-branch-preflight-python3-linux/build/Debug/googletest-config
[2024-01-12T15:43:50.602Z]     [1/8] Creating directories for 'googletest'
[2024-01-12T15:43:51.719Z]     [2/8] Performing download step (git clone) for 'googletest'
[2024-01-12T15:43:51.719Z]     Cloning into 'googletest-src'...
[2024-01-12T15:43:51.719Z]     HEAD is now at 703bd9ca Googletest export
[2024-01-12T15:43:51.719Z]     [3/8] Performing update step for 'googletest'
[2024-01-12T15:43:51.719Z]     [4/8] No patch step for 'googletest'
[2024-01-12T15:43:52.253Z]     [5/8] Performing configure step for 'googletest'
[2024-01-12T15:43:52.253Z]     Not searching for unused variables given on the command line.
[2024-01-12T15:43:52.253Z]     CMake Deprecation Warning at CMakeLists.txt:4 (cmake_minimum_required):
[2024-01-12T15:43:52.253Z]       Compatibility with CMake < 2.8.12 will be removed from a future version of
[2024-01-12T15:43:52.253Z]       CMake.
[2024-01-12T15:43:52.253Z]     
[2024-01-12T15:43:52.253Z]       Update the VERSION argument <min> value or use a ...<max> suffix to tell
[2024-01-12T15:43:52.253Z]       CMake that the project does not need compatibility with older versions.
[2024-01-12T15:43:52.253Z]     
[2024-01-12T15:43:52.253Z]     
[2024-01-12T15:43:52.253Z]     -- The C compiler identification is GNU 11.2.1
[2024-01-12T15:43:52.253Z]     -- The CXX compiler identification is GNU 11.2.1
[2024-01-12T15:43:52.253Z]     -- Detecting C compiler ABI info
[2024-01-12T15:43:52.253Z]     -- Detecting C compiler ABI info - done
[2024-01-12T15:43:52.253Z]     -- Check for working C compiler: /opt/rh/gcc-toolset-11/root/usr/bin/cc - skipped
[2024-01-12T15:43:52.253Z]     -- Detecting C compile features
[2024-01-12T15:43:52.253Z]     -- Detecting C compile features - done
[2024-01-12T15:43:52.253Z]     -- Detecting CXX compiler ABI info
[2024-01-12T15:43:52.253Z]     -- Detecting CXX compiler ABI info - done
[2024-01-12T15:43:52.253Z]     -- Check for working CXX compiler: /opt/rh/gcc-toolset-11/root/usr/bin/c++ - skipped
[2024-01-12T15:43:52.253Z]     -- Detecting CXX compile features
[2024-01-12T15:43:52.253Z]     -- Detecting CXX compile features - done
[2024-01-12T15:43:52.253Z]     CMake Deprecation Warning at googletest/CMakeLists.txt:56 (cmake_minimum_required):
[2024-01-12T15:43:52.253Z]       Compatibility with CMake < 2.8.12 will be removed from a future version of
[2024-01-12T15:43:52.253Z]       CMake.
[2024-01-12T15:43:52.253Z]     
[2024-01-12T15:43:52.253Z]       Update the VERSION argument <min> value or use a ...<max> suffix to tell
[2024-01-12T15:43:52.253Z]       CMake that the project does not need compatibility with older versions.
[2024-01-12T15:43:52.253Z]     
[2024-01-12T15:43:52.253Z]     
[2024-01-12T15:43:52.253Z]     -- Found PythonInterp: /usr/local/bin/python (found version "3.9.7")
[2024-01-12T15:43:52.253Z]     -- Looking for pthread.h
[2024-01-12T15:43:52.253Z]     -- Looking for pthread.h - found
[2024-01-12T15:43:52.253Z]     -- Performing Test CMAKE_HAVE_LIBC_PTHREAD
[2024-01-12T15:43:52.253Z]     -- Performing Test CMAKE_HAVE_LIBC_PTHREAD - Failed
[2024-01-12T15:43:52.253Z]     -- Looking for pthread_create in pthreads
[2024-01-12T15:43:52.253Z]     -- Looking for pthread_create in pthreads - not found
[2024-01-12T15:43:52.253Z]     -- Looking for pthread_create in pthread
[2024-01-12T15:43:52.253Z]     -- Looking for pthread_create in pthread - found
[2024-01-12T15:43:52.253Z]     -- Found Threads: TRUE
[2024-01-12T15:43:52.253Z]     -- Configuring done
[2024-01-12T15:43:52.253Z]     -- Generating done
[2024-01-12T15:43:52.253Z]     -- Build files have been written to: /home/S/jenkins/workspace/ECP/ecg-maya-hydra/ecg-maya-hydra-branch-preflight-python3-linux/build/Debug/googletest-build
[2024-01-12T15:43:55.610Z]     [6/8] Performing build step for 'googletest'
[2024-01-12T15:43:55.610Z]     [1/4] Building CXX object googletest/CMakeFiles/gtest_main.dir/src/gtest_main.cc.o
[2024-01-12T15:43:55.610Z]     [2/4] Building CXX object googletest/CMakeFiles/gtest.dir/src/gtest-all.cc.o
[2024-01-12T15:43:55.610Z]     [3/4] Linking CXX shared library lib/libgtestd.so
[2024-01-12T15:43:55.610Z]     [4/4] Linking CXX shared library lib/libgtest_maind.so
[2024-01-12T15:43:55.610Z]     [7/8] Performing install step for 'googletest'
[2024-01-12T15:43:55.610Z]     [0/1] Install the project...
[2024-01-12T15:43:55.610Z]     -- Install configuration: "Debug"
[2024-01-12T15:43:55.610Z]     -- Set runtime path of "/home/S/jenkins/workspace/ECP/ecg-maya-hydra/ecg-maya-hydra-branch-preflight-python3-linux/build/Debug/googletest-install/lib64/libgtest_maind.so" to ""
[2024-01-12T15:43:55.610Z]     [8/8] Completed 'googletest'
[2024-01-12T15:43:55.610Z]     -- ========== ...  GoogleTest installed. ==========
[2024-01-12T15:43:55.610Z]     -- Found GTest: /home/S/jenkins/workspace/ECP/ecg-maya-hydra/ecg-maya-hydra-branch-preflight-python3-linux/build/Debug/googletest-install/lib64/libgtestd.so
[2024-01-12T15:43:55.610Z]     -- promoting: /home/S/jenkins/workspace/ECP/ecg-maya-hydra/ecg-maya-hydra-branch-preflight-python3-linux/ecg-maya-hydra/maya-hydra/lib/mayaHydra/mayaPlugin/pluginUtils.h
[2024-01-12T15:43:55.610Z]     CMake Warning at lib/mayaHydra/hydraExtensions/CMakeLists.txt:122 (message):
[2024-01-12T15:43:55.610Z]       Could not find mayaUsdAPI library.
[2024-01-12T15:43:55.610Z]     
[2024-01-12T15:43:55.610Z]     
[2024-01-12T15:43:55.610Z]     -- promoting: /home/S/jenkins/workspace/ECP/ecg-maya-hydra/ecg-maya-hydra-branch-preflight-python3-linux/ecg-maya-hydra/maya-hydra/lib/mayaHydra/hydraExtensions/api.h
[2024-01-12T15:43:55.610Z]     -- promoting: /home/S/jenkins/workspace/ECP/ecg-maya-hydra/ecg-maya-hydra-branch-preflight-python3-linux/ecg-maya-hydra/maya-hydra/lib/mayaHydra/hydraExtensions/debugCodes.h
[2024-01-12T15:43:55.610Z]     -- promoting: /home/S/jenkins/workspace/ECP/ecg-maya-hydra/ecg-maya-hydra-branch-preflight-python3-linux/ecg-maya-hydra/maya-hydra/lib/mayaHydra/hydraExtensions/hydraUtils.h
[2024-01-12T15:43:55.610Z]     -- promoting: /home/S/jenkins/workspace/ECP/ecg-maya-hydra/ecg-maya-hydra-branch-preflight-python3-linux/ecg-maya-hydra/maya-hydra/lib/mayaHydra/hydraExtensions/mayaHydraLibInterface.h
[2024-01-12T15:43:55.610Z]     -- promoting: /home/S/jenkins/workspace/ECP/ecg-maya-hydra/ecg-maya-hydra-branch-preflight-python3-linux/ecg-maya-hydra/maya-hydra/lib/mayaHydra/hydraExtensions/mayaHydraLibInterfaceImp.h
[2024-01-12T15:43:55.610Z]     -- promoting: /home/S/jenkins/workspace/ECP/ecg-maya-hydra/ecg-maya-hydra-branch-preflight-python3-linux/ecg-maya-hydra/maya-hydra/lib/mayaHydra/hydraExtensions/mayaUtils.h
[2024-01-12T15:43:55.610Z]     -- promoting: /home/S/jenkins/workspace/ECP/ecg-maya-hydra/ecg-maya-hydra-branch-preflight-python3-linux/ecg-maya-hydra/maya-hydra/lib/mayaHydra/hydraExtensions/mixedUtils.h
[2024-01-12T15:43:55.610Z]     -- promoting: /home/S/jenkins/workspace/ECP/ecg-maya-hydra/ecg-maya-hydra-branch-preflight-python3-linux/ecg-maya-hydra/maya-hydra/lib/mayaHydra/hydraExtensions/mayaHydraSceneProducer.h
[2024-01-12T15:43:55.610Z]     -- promoting: /home/S/jenkins/workspace/ECP/ecg-maya-hydra/ecg-maya-hydra-branch-preflight-python3-linux/ecg-maya-hydra/maya-hydra/lib/mayaHydra/hydraExtensions/adapters/adapter.h
[2024-01-12T15:43:55.610Z]     -- promoting: /home/S/jenkins/workspace/ECP/ecg-maya-hydra/ecg-maya-hydra-branch-preflight-python3-linux/ecg-maya-hydra/maya-hydra/lib/mayaHydra/hydraExtensions/adapters/adapterDebugCodes.h
[2024-01-12T15:43:55.610Z]     -- promoting: /home/S/jenkins/workspace/ECP/ecg-maya-hydra/ecg-maya-hydra-branch-preflight-python3-linux/ecg-maya-hydra/maya-hydra/lib/mayaHydra/hydraExtensions/adapters/adapterRegistry.h
[2024-01-12T15:43:55.610Z]     -- promoting: /home/S/jenkins/workspace/ECP/ecg-maya-hydra/ecg-maya-hydra-branch-preflight-python3-linux/ecg-maya-hydra/maya-hydra/lib/mayaHydra/hydraExtensions/adapters/cameraAdapter.h
[2024-01-12T15:43:55.610Z]     -- promoting: /home/S/jenkins/workspace/ECP/ecg-maya-hydra/ecg-maya-hydra-branch-preflight-python3-linux/ecg-maya-hydra/maya-hydra/lib/mayaHydra/hydraExtensions/adapters/constantShadowMatrix.h
[2024-01-12T15:43:55.610Z]     -- promoting: /home/S/jenkins/workspace/ECP/ecg-maya-hydra/ecg-maya-hydra-branch-preflight-python3-linux/ecg-maya-hydra/maya-hydra/lib/mayaHydra/hydraExtensions/adapters/dagAdapter.h
[2024-01-12T15:43:55.610Z]     -- promoting: /home/S/jenkins/workspace/ECP/ecg-maya-hydra/ecg-maya-hydra-branch-preflight-python3-linux/ecg-maya-hydra/maya-hydra/lib/mayaHydra/hydraExtensions/adapters/renderItemAdapter.h
[2024-01-12T15:43:55.610Z]     -- promoting: /home/S/jenkins/workspace/ECP/ecg-maya-hydra/ecg-maya-hydra-branch-preflight-python3-linux/ecg-maya-hydra/maya-hydra/lib/mayaHydra/hydraExtensions/adapters/lightAdapter.h
[2024-01-12T15:43:55.610Z]     -- promoting: /home/S/jenkins/workspace/ECP/ecg-maya-hydra/ecg-maya-hydra-branch-preflight-python3-linux/ecg-maya-hydra/maya-hydra/lib/mayaHydra/hydraExtensions/adapters/materialAdapter.h
[2024-01-12T15:43:55.610Z]     -- promoting: /home/S/jenkins/workspace/ECP/ecg-maya-hydra/ecg-maya-hydra-branch-preflight-python3-linux/ecg-maya-hydra/maya-hydra/lib/mayaHydra/hydraExtensions/adapters/materialNetworkConverter.h
[2024-01-12T15:43:55.610Z]     -- promoting: /home/S/jenkins/workspace/ECP/ecg-maya-hydra/ecg-maya-hydra-branch-preflight-python3-linux/ecg-maya-hydra/maya-hydra/lib/mayaHydra/hydraExtensions/adapters/mayaAttrs.h
[2024-01-12T15:43:55.610Z]     -- promoting: /home/S/jenkins/workspace/ECP/ecg-maya-hydra/ecg-maya-hydra-branch-preflight-python3-linux/ecg-maya-hydra/maya-hydra/lib/mayaHydra/hydraExtensions/adapters/shapeAdapter.h
[2024-01-12T15:43:55.610Z]     -- promoting: /home/S/jenkins/workspace/ECP/ecg-maya-hydra/ecg-maya-hydra-branch-preflight-python3-linux/ecg-maya-hydra/maya-hydra/lib/mayaHydra/hydraExtensions/adapters/tokens.h
[2024-01-12T15:43:55.610Z]     -- promoting: /home/S/jenkins/workspace/ECP/ecg-maya-hydra/ecg-maya-hydra-branch-preflight-python3-linux/ecg-maya-hydra/maya-hydra/lib/mayaHydra/hydraExtensions/delegates/delegate.h
[2024-01-12T15:43:55.610Z]     -- promoting: /home/S/jenkins/workspace/ECP/ecg-maya-hydra/ecg-maya-hydra-branch-preflight-python3-linux/ecg-maya-hydra/maya-hydra/lib/mayaHydra/hydraExtensions/delegates/delegateCtx.h
[2024-01-12T15:43:55.610Z]     -- promoting: /home/S/jenkins/workspace/ECP/ecg-maya-hydra/ecg-maya-hydra-branch-preflight-python3-linux/ecg-maya-hydra/maya-hydra/lib/mayaHydra/hydraExtensions/delegates/delegateDebugCodes.h
[2024-01-12T15:43:55.610Z]     -- promoting: /home/S/jenkins/workspace/ECP/ecg-maya-hydra/ecg-maya-hydra-branch-preflight-python3-linux/ecg-maya-hydra/maya-hydra/lib/mayaHydra/hydraExtensions/delegates/delegateRegistry.h
[2024-01-12T15:43:55.610Z]     -- promoting: /home/S/jenkins/workspace/ECP/ecg-maya-hydra/ecg-maya-hydra-branch-preflight-python3-linux/ecg-maya-hydra/maya-hydra/lib/mayaHydra/hydraExtensions/delegates/params.h
[2024-01-12T15:43:55.610Z]     -- promoting: /home/S/jenkins/workspace/ECP/ecg-maya-hydra/ecg-maya-hydra-branch-preflight-python3-linux/ecg-maya-hydra/maya-hydra/lib/mayaHydra/hydraExtensions/delegates/sceneDelegate.h
[2024-01-12T15:43:55.610Z]     -- promoting: /home/S/jenkins/workspace/ECP/ecg-maya-hydra/ecg-maya-hydra-branch-preflight-python3-linux/ecg-maya-hydra/maya-hydra/lib/mayaHydra/hydraExtensions/delegates/defaultLightDelegate.h
[2024-01-12T15:43:55.610Z]     -- promoting: /home/S/jenkins/workspace/ECP/ecg-maya-hydra/ecg-maya-hydra-branch-preflight-python3-linux/ecg-maya-hydra/maya-hydra/lib/mayaHydra/hydraExtensions/delegates/testDelegate.h
[2024-01-12T15:43:55.610Z]     -- promoting: /home/S/jenkins/workspace/ECP/ecg-maya-hydra/ecg-maya-hydra-branch-preflight-python3-linux/ecg-maya-hydra/maya-hydra/lib/mayaHydra/hydraExtensions/sceneIndex/registration.h
[2024-01-12T15:43:55.610Z]     -- promoting: /home/S/jenkins/workspace/ECP/ecg-maya-hydra/ecg-maya-hydra-branch-preflight-python3-linux/ecg-maya-hydra/maya-hydra/lib/mayaHydra/hydraExtensions/sceneIndex/mayaHydraSceneIndex.h
[2024-01-12T15:43:55.610Z]     -- promoting: /home/S/jenkins/workspace/ECP/ecg-maya-hydra/ecg-maya-hydra-branch-preflight-python3-linux/ecg-maya-hydra/maya-hydra/lib/mayaHydra/hydraExtensions/sceneIndex/mayaHydraDataSource.h
[2024-01-12T15:43:55.610Z]     -- promoting: /home/S/jenkins/workspace/ECP/ecg-maya-hydra/ecg-maya-hydra-branch-preflight-python3-linux/ecg-maya-hydra/maya-hydra/lib/mayaHydra/hydraExtensions/sceneIndex/mayaHydraPrimvarDataSource.h
[2024-01-12T15:43:55.610Z]     -- promoting: /home/S/jenkins/workspace/ECP/ecg-maya-hydra/ecg-maya-hydra-branch-preflight-python3-linux/ecg-maya-hydra/maya-hydra/lib/mayaHydra/hydraExtensions/sceneIndex/mayaHydraDisplayStyleDataSource.h
[2024-01-12T15:43:55.610Z]     -- promoting: /home/S/jenkins/workspace/ECP/ecg-maya-hydra/ecg-maya-hydra-branch-preflight-python3-linux/ecg-maya-hydra/maya-hydra/lib/mayaHydra/hydraExtensions/sceneIndex/mayaHydraCameraDataSource.h
[2024-01-12T15:43:55.610Z]     -- promoting: /home/S/jenkins/workspace/ECP/ecg-maya-hydra/ecg-maya-hydra-branch-preflight-python3-linux/ecg-maya-hydra/maya-hydra/lib/mayaHydra/hydraExtensions/sceneIndex/mayaHydraLightDataSource.h
[2024-01-12T15:43:55.610Z]     -- promoting: /home/S/jenkins/workspace/ECP/ecg-maya-hydra/ecg-maya-hydra-branch-preflight-python3-linux/ecg-maya-hydra/maya-hydra/lib/mayaHydra/hydraExtensions/sceneIndex/mayaHydraDefaultLightDataSource.h
[2024-01-12T15:43:55.610Z]     -- promoting: /home/S/jenkins/workspace/ECP/ecg-maya-hydra/ecg-maya-hydra-branch-preflight-python3-linux/ecg-maya-hydra/maya-hydra/lib/mayaHydra/hydraExtensions/sceneIndex/mayaHydraMayaDataProducerSceneIndexData.h
[2024-01-12T15:43:55.610Z]     -- promoting: /home/S/jenkins/workspace/ECP/ecg-maya-hydra/ecg-maya-hydra-branch-preflight-python3-linux/ecg-maya-hydra/maya-hydra/lib/mayaHydra/hydraExtensions/sceneIndex/mayaHydraMayaDataProducerSceneIndexDataConcreteFactory.h
[2024-01-12T15:43:55.610Z]     -- promoting: /home/S/jenkins/workspace/ECP/ecg-maya-hydra/ecg-maya-hydra-branch-preflight-python3-linux/ecg-maya-hydra/maya-hydra/lib/mayaHydra/hydraExtensions/sceneIndex/mayaHydraSceneIndexDataFactoriesSetup.h
[2024-01-12T15:43:55.610Z]     -- promoting: /home/S/jenkins/workspace/ECP/ecg-maya-hydra/ecg-maya-hydra-branch-preflight-python3-linux/ecg-maya-hydra/maya-hydra/lib/mayaHydra/hydraExtensions/sceneIndex/mayaHydraMayaFilteringSceneIndexData.h
[2024-01-12T15:43:55.610Z]     -- promoting: /home/S/jenkins/workspace/ECP/ecg-maya-hydra/ecg-maya-hydra-branch-preflight-python3-linux/ecg-maya-hydra/maya-hydra/lib/mayaHydra/hydraExtensions/sceneIndex/mayaHydraMayaFilteringSceneIndexDataConcreteFactory.h
[2024-01-12T15:43:55.610Z]     -- promoting: /home/S/jenkins/workspace/ECP/ecg-maya-hydra/ecg-maya-hydra-branch-preflight-python3-linux/ecg-maya-hydra/maya-hydra/lib/mayaHydra/hydraExtensions/sceneIndex/mayaHydraMayaUsdProxyShapeSceneIndex.h
[2024-01-12T15:43:55.610Z]     -- promoting: /home/S/jenkins/workspace/ECP/ecg-maya-hydra/ecg-maya-hydra-branch-preflight-python3-linux/ecg-maya-hydra/maya-hydra/lib/mayaHydra/ufeExtensions/api.h
[2024-01-12T15:43:55.610Z]     -- promoting: /home/S/jenkins/workspace/ECP/ecg-maya-hydra/ecg-maya-hydra-branch-preflight-python3-linux/ecg-maya-hydra/maya-hydra/lib/mayaHydra/ufeExtensions/Global.h
[2024-01-12T15:43:55.610Z]     -- promoting: /home/S/jenkins/workspace/ECP/ecg-maya-hydra/ecg-maya-hydra-branch-preflight-python3-linux/ecg-maya-hydra/maya-hydra/lib/flowViewport/api.h
[2024-01-12T15:43:55.610Z]     -- promoting: /home/S/jenkins/workspace/ECP/ecg-maya-hydra/ecg-maya-hydra-branch-preflight-python3-linux/ecg-maya-hydra/maya-hydra/lib/flowViewport/debugCodes.h
[2024-01-12T15:43:55.610Z]     -- promoting: /home/S/jenkins/workspace/ECP/ecg-maya-hydra/ecg-maya-hydra-branch-preflight-python3-linux/ecg-maya-hydra/maya-hydra/lib/flowViewport/global.h
[2024-01-12T15:43:55.610Z]     -- promoting: /home/S/jenkins/workspace/ECP/ecg-maya-hydra/ecg-maya-hydra-branch-preflight-python3-linux/ecg-maya-hydra/maya-hydra/lib/flowViewport/tokens.h
[2024-01-12T15:43:55.610Z]     -- promoting: /home/S/jenkins/workspace/ECP/ecg-maya-hydra/ecg-maya-hydra-branch-preflight-python3-linux/ecg-maya-hydra/maya-hydra/lib/flowViewport/colorPreferences/fvpColorChanged.h
[2024-01-12T15:43:55.610Z]     -- promoting: /home/S/jenkins/workspace/ECP/ecg-maya-hydra/ecg-maya-hydra-branch-preflight-python3-linux/ecg-maya-hydra/maya-hydra/lib/flowViewport/colorPreferences/fvpColorPreferences.h
[2024-01-12T15:43:55.610Z]     -- promoting: /home/S/jenkins/workspace/ECP/ecg-maya-hydra/ecg-maya-hydra-branch-preflight-python3-linux/ecg-maya-hydra/maya-hydra/lib/flowViewport/colorPreferences/fvpColorPreferencesTokens.h
[2024-01-12T15:43:55.610Z]     -- promoting: /home/S/jenkins/workspace/ECP/ecg-maya-hydra/ecg-maya-hydra-branch-preflight-python3-linux/ecg-maya-hydra/maya-hydra/lib/flowViewport/colorPreferences/fvpColorPreferencesTranslator.h
[2024-01-12T15:43:55.610Z]     -- promoting: /home/S/jenkins/workspace/ECP/ecg-maya-hydra/ecg-maya-hydra-branch-preflight-python3-linux/ecg-maya-hydra/maya-hydra/lib/flowViewport/sceneIndex/fvpMergingSceneIndex.h
[2024-01-12T15:43:55.610Z]     -- promoting: /home/S/jenkins/workspace/ECP/ecg-maya-hydra/ecg-maya-hydra-branch-preflight-python3-linux/ecg-maya-hydra/maya-hydra/lib/flowViewport/sceneIndex/fvpPathInterface.h
[2024-01-12T15:43:55.610Z]     -- promoting: /home/S/jenkins/workspace/ECP/ecg-maya-hydra/ecg-maya-hydra-branch-preflight-python3-linux/ecg-maya-hydra/maya-hydra/lib/flowViewport/sceneIndex/fvpPathInterfaceSceneIndex.h
[2024-01-12T15:43:55.610Z]     -- promoting: /home/S/jenkins/workspace/ECP/ecg-maya-hydra/ecg-maya-hydra-branch-preflight-python3-linux/ecg-maya-hydra/maya-hydra/lib/flowViewport/sceneIndex/fvpRenderIndexProxy.h
[2024-01-12T15:43:55.610Z]     -- promoting: /home/S/jenkins/workspace/ECP/ecg-maya-hydra/ecg-maya-hydra-branch-preflight-python3-linux/ecg-maya-hydra/maya-hydra/lib/flowViewport/sceneIndex/fvpRenderIndexProxyFwd.h
[2024-01-12T15:43:55.610Z]     -- promoting: /home/S/jenkins/workspace/ECP/ecg-maya-hydra/ecg-maya-hydra-branch-preflight-python3-linux/ecg-maya-hydra/maya-hydra/lib/flowViewport/sceneIndex/fvpSelectionSceneIndex.h
[2024-01-12T15:43:55.610Z]     -- promoting: /home/S/jenkins/workspace/ECP/ecg-maya-hydra/ecg-maya-hydra-branch-preflight-python3-linux/ecg-maya-hydra/maya-hydra/lib/flowViewport/sceneIndex/fvpWireframeSelectionHighlightSceneIndex.h
[2024-01-12T15:43:55.610Z]     -- promoting: /home/S/jenkins/workspace/ECP/ecg-maya-hydra/ecg-maya-hydra-branch-preflight-python3-linux/ecg-maya-hydra/maya-hydra/lib/flowViewport/sceneIndex/fvpParentDataModifierSceneIndex.h
[2024-01-12T15:43:55.610Z]     -- promoting: /home/S/jenkins/workspace/ECP/ecg-maya-hydra/ecg-maya-hydra-branch-preflight-python3-linux/ecg-maya-hydra/maya-hydra/lib/flowViewport/API/fvpSelectionClient.h
[2024-01-12T15:43:55.610Z]     -- promoting: /home/S/jenkins/workspace/ECP/ecg-maya-hydra/ecg-maya-hydra-branch-preflight-python3-linux/ecg-maya-hydra/maya-hydra/lib/flowViewport/API/fvpSelectionInterface.h
[2024-01-12T15:43:55.610Z]     -- promoting: /home/S/jenkins/workspace/ECP/ecg-maya-hydra/ecg-maya-hydra-branch-preflight-python3-linux/ecg-maya-hydra/maya-hydra/lib/flowViewport/API/fvpVersionInterface.h
[2024-01-12T15:43:55.610Z]     -- promoting: /home/S/jenkins/workspace/ECP/ecg-maya-hydra/ecg-maya-hydra-branch-preflight-python3-linux/ecg-maya-hydra/maya-hydra/lib/flowViewport/API/fvpInformationInterface.h
[2024-01-12T15:43:55.610Z]     -- promoting: /home/S/jenkins/workspace/ECP/ecg-maya-hydra/ecg-maya-hydra-branch-preflight-python3-linux/ecg-maya-hydra/maya-hydra/lib/flowViewport/API/fvpInformationClient.h
[2024-01-12T15:43:55.610Z]     -- promoting: /home/S/jenkins/workspace/ECP/ecg-maya-hydra/ecg-maya-hydra-branch-preflight-python3-linux/ecg-maya-hydra/maya-hydra/lib/flowViewport/API/fvpDataProducerSceneIndexInterface.h
[2024-01-12T15:43:55.610Z]     -- promoting: /home/S/jenkins/workspace/ECP/ecg-maya-hydra/ecg-maya-hydra-branch-preflight-python3-linux/ecg-maya-hydra/maya-hydra/lib/flowViewport/API/fvpFilteringSceneIndexClient.h
[2024-01-12T15:43:55.610Z]     -- promoting: /home/S/jenkins/workspace/ECP/ecg-maya-hydra/ecg-maya-hydra-branch-preflight-python3-linux/ecg-maya-hydra/maya-hydra/lib/flowViewport/API/fvpFilteringSceneIndexClientFwd.h
[2024-01-12T15:43:55.610Z]     -- promoting: /home/S/jenkins/workspace/ECP/ecg-maya-hydra/ecg-maya-hydra-branch-preflight-python3-linux/ecg-maya-hydra/maya-hydra/lib/flowViewport/API/fvpFilteringSceneIndexInterface.h
[2024-01-12T15:43:55.611Z]     -- promoting: /home/S/jenkins/workspace/ECP/ecg-maya-hydra/ecg-maya-hydra-branch-preflight-python3-linux/ecg-maya-hydra/maya-hydra/lib/flowViewport/API/fvpViewportAPITokens.h
[2024-01-12T15:43:55.611Z]     -- promoting: /home/S/jenkins/workspace/ECP/ecg-maya-hydra/ecg-maya-hydra-branch-preflight-python3-linux/ecg-maya-hydra/maya-hydra/lib/flowViewport/API/interfacesImp/fvpSelectionInterfaceImp.h
[2024-01-12T15:43:55.611Z]     -- promoting: /home/S/jenkins/workspace/ECP/ecg-maya-hydra/ecg-maya-hydra-branch-preflight-python3-linux/ecg-maya-hydra/maya-hydra/lib/flowViewport/API/interfacesImp/fvpVersionInterfaceImp.h
[2024-01-12T15:43:55.611Z]     -- promoting: /home/S/jenkins/workspace/ECP/ecg-maya-hydra/ecg-maya-hydra-branch-preflight-python3-linux/ecg-maya-hydra/maya-hydra/lib/flowViewport/API/interfacesImp/fvpInformationInterfaceImp.h
[2024-01-12T15:43:55.611Z]     -- promoting: /home/S/jenkins/workspace/ECP/ecg-maya-hydra/ecg-maya-hydra-branch-preflight-python3-linux/ecg-maya-hydra/maya-hydra/lib/flowViewport/API/interfacesImp/fvpDataProducerSceneIndexInterfaceImp.h
[2024-01-12T15:43:55.611Z]     -- promoting: /home/S/jenkins/workspace/ECP/ecg-maya-hydra/ecg-maya-hydra-branch-preflight-python3-linux/ecg-maya-hydra/maya-hydra/lib/flowViewport/API/interfacesImp/fvpFilteringSceneIndexInterfaceImp.h
[2024-01-12T15:43:55.611Z]     -- promoting: /home/S/jenkins/workspace/ECP/ecg-maya-hydra/ecg-maya-hydra-branch-preflight-python3-linux/ecg-maya-hydra/maya-hydra/lib/flowViewport/API/samples/fvpSelectionClientExample.h
[2024-01-12T15:43:55.611Z]     -- promoting: /home/S/jenkins/workspace/ECP/ecg-maya-hydra/ecg-maya-hydra-branch-preflight-python3-linux/ecg-maya-hydra/maya-hydra/lib/flowViewport/API/samples/fvpInformationClientExample.h
[2024-01-12T15:43:55.611Z]     -- promoting: /home/S/jenkins/workspace/ECP/ecg-maya-hydra/ecg-maya-hydra-branch-preflight-python3-linux/ecg-maya-hydra/maya-hydra/lib/flowViewport/API/samples/fvpDataProducerSceneIndexExample.h
[2024-01-12T15:43:55.611Z]     -- promoting: /home/S/jenkins/workspace/ECP/ecg-maya-hydra/ecg-maya-hydra-branch-preflight-python3-linux/ecg-maya-hydra/maya-hydra/lib/flowViewport/API/samples/fvpFilteringSceneIndexExample.h
[2024-01-12T15:43:55.611Z]     -- promoting: /home/S/jenkins/workspace/ECP/ecg-maya-hydra/ecg-maya-hydra-branch-preflight-python3-linux/ecg-maya-hydra/maya-hydra/lib/flowViewport/API/samples/fvpFilteringSceneIndexClientExample.h
[2024-01-12T15:43:55.611Z]     -- promoting: /home/S/jenkins/workspace/ECP/ecg-maya-hydra/ecg-maya-hydra-branch-preflight-python3-linux/ecg-maya-hydra/maya-hydra/lib/flowViewport/API/perViewportSceneIndicesData/fvpViewportInformationAndSceneIndicesPerViewportData.h
[2024-01-12T15:43:55.611Z]     -- promoting: /home/S/jenkins/workspace/ECP/ecg-maya-hydra/ecg-maya-hydra-branch-preflight-python3-linux/ecg-maya-hydra/maya-hydra/lib/flowViewport/API/perViewportSceneIndicesData/fvpViewportInformationAndSceneIndicesPerViewportDataManager.h
[2024-01-12T15:43:55.611Z]     -- promoting: /home/S/jenkins/workspace/ECP/ecg-maya-hydra/ecg-maya-hydra-branch-preflight-python3-linux/ecg-maya-hydra/maya-hydra/lib/flowViewport/API/perViewportSceneIndicesData/fvpDataProducerSceneIndexDataAbstractFactory.h
[2024-01-12T15:43:55.611Z]     -- promoting: /home/S/jenkins/workspace/ECP/ecg-maya-hydra/ecg-maya-hydra-branch-preflight-python3-linux/ecg-maya-hydra/maya-hydra/lib/flowViewport/API/perViewportSceneIndicesData/fvpDataProducerSceneIndexDataBase.h
[2024-01-12T15:43:55.611Z]     -- promoting: /home/S/jenkins/workspace/ECP/ecg-maya-hydra/ecg-maya-hydra-branch-preflight-python3-linux/ecg-maya-hydra/maya-hydra/lib/flowViewport/API/perViewportSceneIndicesData/fvpFilteringSceneIndexDataAbstractFactory.h
[2024-01-12T15:43:55.611Z]     -- promoting: /home/S/jenkins/workspace/ECP/ecg-maya-hydra/ecg-maya-hydra-branch-preflight-python3-linux/ecg-maya-hydra/maya-hydra/lib/flowViewport/API/perViewportSceneIndicesData/fvpFilteringSceneIndexDataBase.h
[2024-01-12T15:43:55.611Z]     -- promoting: /home/S/jenkins/workspace/ECP/ecg-maya-hydra/ecg-maya-hydra-branch-preflight-python3-linux/ecg-maya-hydra/maya-hydra/lib/flowViewport/API/perViewportSceneIndicesData/fvpFilteringSceneIndicesChainManager.h
[2024-01-12T15:43:55.611Z]     -- promoting: /home/S/jenkins/workspace/ECP/ecg-maya-hydra/ecg-maya-hydra-branch-preflight-python3-linux/ecg-maya-hydra/maya-hydra/lib/flowViewport/selection/fvpSelection.h
[2024-01-12T15:43:55.611Z]     -- promoting: /home/S/jenkins/workspace/ECP/ecg-maya-hydra/ecg-maya-hydra-branch-preflight-python3-linux/ecg-maya-hydra/maya-hydra/lib/flowViewport/selection/fvpSelectionFwd.h
[2024-01-12T15:43:55.611Z]     -- promoting: /home/S/jenkins/workspace/ECP/ecg-maya-hydra/ecg-maya-hydra-branch-preflight-python3-linux/ecg-maya-hydra/maya-hydra/lib/flowViewport/selection/fvpSelectionTask.h
[2024-01-12T15:43:55.611Z]     -- promoting: /home/S/jenkins/workspace/ECP/ecg-maya-hydra/ecg-maya-hydra-branch-preflight-python3-linux/ecg-maya-hydra/maya-hydra/lib/flowViewport/selection/fvpSelectionTracker.h
[2024-01-12T15:43:56.423Z]     -- Configuring done
[2024-01-12T15:43:56.423Z]     CMake Error: The following variables are used in this project, but they are set to NOTFOUND.
[2024-01-12T15:43:56.423Z]     Please set them or make sure they are set and tested correctly in the CMake files:
[2024-01-12T15:43:56.423Z]     MAYAUSD_API_LIBRARY
[2024-01-12T15:43:56.423Z]         linked by target "mayaHydraLib" in directory /home/S/jenkins/workspace/ECP/ecg-maya-hydra/ecg-maya-hydra-branch-preflight-python3-linux/ecg-maya-hydra/maya-hydra/lib/mayaHydra/hydraExtensions
[2024-01-12T15:43:56.423Z]     
[2024-01-12T15:43:56.423Z]     -- Generating done
[2024-01-12T15:43:56.423Z]     CMake Generate step failed.  Build files cannot be regenerated correctly.
[2024-01-12T15:43:56.423Z]     
[2024-01-12T15:43:56.423Z]         Building with settings:
[2024-01-12T15:43:56.423Z]           Source directory          /home/S/jenkins/workspace/ECP/ecg-maya-hydra/ecg-maya-hydra-branch-preflight-python3-linux/ecg-maya-hydra/maya-hydra
[2024-01-12T15:43:56.423Z]           Workspace directory       /local/S/jenkins/workspace/ECP/ecg-maya-hydra/ecg-maya-hydra-branch-preflight-python3-linux
[2024-01-12T15:43:56.423Z]           Build directory           /local/S/jenkins/workspace/ECP/ecg-maya-hydra/ecg-maya-hydra-branch-preflight-python3-linux/build/Debug
[2024-01-12T15:43:56.423Z]           Install directory         /local/S/jenkins/workspace/ECP/ecg-maya-hydra/ecg-maya-hydra-branch-preflight-python3-linux/install/Debug/MayaHydra
[2024-01-12T15:43:56.423Z]           Variant                   Debug
[2024-01-12T15:43:56.423Z]           Python Debug              On
[2024-01-12T15:43:56.423Z]           CMake generator           Ninja
[2024-01-12T15:43:56.423Z]           Build arguments           ['-DCMAKE_MAKE_PROGRAM=/local/S/jenkins/workspace/shared/Artifactory/Linux/ninja/1.10.2/9ab399b/ninja', '-DPYTHON_INCLUDE_DIR=/local/S/jenkins/workspace/shared/Artifactory/Linux/rundev-master-debug/202401090634/runtime/a0627fd/runTime/include/Python311/Python', '-DPython_EXECUTABLE=/local/S/jenkins/workspace/shared/Artifactory/Linux/rundev-master-debug/202401090634/runtime/a0627fd/runTime/bin/mayapy', '-DPYTHON_LIBRARIES=/local/S/jenkins/workspace/shared/Artifactory/Linux/rundev-master-debug/202401090634/runtime/a0627fd/runTime/lib/libpython3.11d.so.1.0', '-DBUILD_WITH_PYTHON_3_VERSION=3.11', '-DCMAKE_WANT_MATERIALX_BUILD=ON', '-DCMAKE_PREFIX_PATH=/local/S/jenkins/workspace/shared/Artifactory/Linux/USD/d4ae0c1', '-DMAYAHYDRA_BUILD_NUMBER=453', '-DMAYAHYDRA_GIT_COMMIT=1189bf7b31d629ca841cb0cba68a0d9b96b5607e', '-DMAYAHYDRA_GIT_BRANCH=master', '-DMAYAUSD_LOCATION=/local/S/jenkins/workspace/shared/Artifactory/Linux/mayausd-cotd-debug/202401092322/runtime/e1ef759/mayausd']
[2024-01-12T15:43:56.423Z]           Stages arguments          ['configure']
[2024-01-12T15:43:56.423Z]           CTest arguments           ['--parallel 16']
[2024-01-12T15:43:56.423Z]     STATUS: Could not find Maya Qt6.
[2024-01-12T15:43:56.423Z]     STATUS:   Extracting '/local/S/jenkins/workspace/shared/Artifactory/Linux/rundev-master-debug/202401090634/runtime/a0627fd/devkitBase/Qt.tgz' to '/local/S/jenkins/workspace/shared/Artifactory/Linux/rundev-master-debug/202401090634/runtime/a0627fd/devkitBase'
[2024-01-12T15:43:56.423Z]     #####################################################################################
[2024-01-12T15:43:56.423Z]     log date: 2024-01-12 07:43
[2024-01-12T15:43:56.423Z]     commit sha: ab5fa061f9bbffe21573581c799c77b09211c816
[2024-01-12T15:43:56.423Z]     commit date: Fri Jan 12 16:29:55 2024 +0100
[2024-01-12T15:43:56.423Z]     #####################################################################################
[2024-01-12T15:43:56.423Z]     
[2024-01-12T15:43:56.423Z]     cmake -DCMAKE_INSTALL_PREFIX="/local/S/jenkins/workspace/ECP/ecg-maya-hydra/ecg-maya-hydra-branch-preflight-python3-linux/install/Debug/MayaHydra" -DCMAKE_BUILD_TYPE=Debug -DCMAKE_EXPORT_COMPILE_COMMANDS=ON -G "Ninja" -DMAYA_LOCATION="/local/S/jenkins/workspace/shared/Artifactory/Linux/rundev-master-debug/202401090634/runtime/a0627fd/runTime" -DPXR_USD_LOCATION="/local/S/jenkins/workspace/shared/Artifactory/Linux/USD/d4ae0c1" -DMAYA_DEVKIT_LOCATION="/local/S/jenkins/workspace/shared/Artifactory/Linux/rundev-master-debug/202401090634/runtime/a0627fd/devkitBase" -DCMAKE_MAKE_PROGRAM=/local/S/jenkins/workspace/shared/Artifactory/Linux/ninja/1.10.2/9ab399b/ninja -DPYTHON_INCLUDE_DIR=/local/S/jenkins/workspace/shared/Artifactory/Linux/rundev-master-debug/202401090634/runtime/a0627fd/runTime/include/Python311/Python -DPython_EXECUTABLE=/local/S/jenkins/workspace/shared/Artifactory/Linux/rundev-master-debug/202401090634/runtime/a0627fd/runTime/bin/mayapy -DPYTHON_LIBRARIES=/local/S/jenkins/workspace/shared/Artifactory/Linux/rundev-master-debug/202401090634/runtime/a0627fd/runTime/lib/libpython3.11d.so.1.0 -DBUILD_WITH_PYTHON_3_VERSION=3.11 -DCMAKE_WANT_MATERIALX_BUILD=ON -DCMAKE_PREFIX_PATH=/local/S/jenkins/workspace/shared/Artifactory/Linux/USD/d4ae0c1 -DMAYAHYDRA_BUILD_NUMBER=453 -DMAYAHYDRA_GIT_COMMIT=1189bf7b31d629ca841cb0cba68a0d9b96b5607e -DMAYAHYDRA_GIT_BRANCH=master -DMAYAUSD_LOCATION=/local/S/jenkins/workspace/shared/Artifactory/Linux/mayausd-cotd-debug/202401092322/runtime/e1ef759/mayausd "/home/S/jenkins/workspace/ECP/ecg-maya-hydra/ecg-maya-hydra-branch-preflight-python3-linux/ecg-maya-hydra/maya-hydra"
[2024-01-12T15:43:56.423Z]     
[2024-01-12T15:43:56.423Z]     Traceback (most recent call last):
[2024-01-12T15:43:56.423Z]       File "/home/S/jenkins/workspace/ECP/ecg-maya-hydra/ecg-maya-hydra-branch-preflight-python3-linux/ecg-maya-hydra/maya-hydra/build.py", line 745, in <module>
[2024-01-12T15:43:56.423Z]         BuildAndInstall(context, context.buildArgs, context.stagesArgs)
[2024-01-12T15:43:56.423Z]       File "/home/S/jenkins/workspace/ECP/ecg-maya-hydra/ecg-maya-hydra-branch-preflight-python3-linux/ecg-maya-hydra/maya-hydra/build.py", line 502, in BuildAndInstall
[2024-01-12T15:43:56.423Z]         RunCMake(context, extraArgs, stagesArgs)
[2024-01-12T15:43:56.423Z]       File "/home/S/jenkins/workspace/ECP/ecg-maya-hydra/ecg-maya-hydra-branch-preflight-python3-linux/ecg-maya-hydra/maya-hydra/build.py", line 305, in RunCMake
[2024-01-12T15:43:56.423Z]         Run(context,
[2024-01-12T15:43:56.423Z]       File "/home/S/jenkins/workspace/ECP/ecg-maya-hydra/ecg-maya-hydra-branch-preflight-python3-linux/ecg-maya-hydra/maya-hydra/build.py", line 197, in Run
[2024-01-12T15:43:56.423Z]         raise RuntimeError("Failed to run '{cmd}'\nSee {log} for more details."
[2024-01-12T15:43:56.423Z]     RuntimeError: Failed to run 'cmake -DCMAKE_INSTALL_PREFIX="/local/S/jenkins/workspace/ECP/ecg-maya-hydra/ecg-maya-hydra-branch-preflight-python3-linux/install/Debug/MayaHydra" -DCMAKE_BUILD_TYPE=Debug -DCMAKE_EXPORT_COMPILE_COMMANDS=ON -G "Ninja" -DMAYA_LOCATION="/local/S/jenkins/workspace/shared/Artifactory/Linux/rundev-master-debug/202401090634/runtime/a0627fd/runTime" -DPXR_USD_LOCATION="/local/S/jenkins/workspace/shared/Artifactory/Linux/USD/d4ae0c1" -DMAYA_DEVKIT_LOCATION="/local/S/jenkins/workspace/shared/Artifactory/Linux/rundev-master-debug/202401090634/runtime/a0627fd/devkitBase" -DCMAKE_MAKE_PROGRAM=/local/S/jenkins/workspace/shared/Artifactory/Linux/ninja/1.10.2/9ab399b/ninja -DPYTHON_INCLUDE_DIR=/local/S/jenkins/workspace/shared/Artifactory/Linux/rundev-master-debug/202401090634/runtime/a0627fd/runTime/include/Python311/Python -DPython_EXECUTABLE=/local/S/jenkins/workspace/shared/Artifactory/Linux/rundev-master-debug/202401090634/runtime/a0627fd/runTime/bin/mayapy -DPYTHON_LIBRARIES=/local/S/jenkins/workspace/shared/Artifactory/Linux/rundev-master-debug/202401090634/runtime/a0627fd/runTime/lib/libpython3.11d.so.1.0 -DBUILD_WITH_PYTHON_3_VERSION=3.11 -DCMAKE_WANT_MATERIALX_BUILD=ON -DCMAKE_PREFIX_PATH=/local/S/jenkins/workspace/shared/Artifactory/Linux/USD/d4ae0c1 -DMAYAHYDRA_BUILD_NUMBER=453 -DMAYAHYDRA_GIT_COMMIT=1189bf7b31d629ca841cb0cba68a0d9b96b5607e -DMAYAHYDRA_GIT_BRANCH=master -DMAYAUSD_LOCATION=/local/S/jenkins/workspace/shared/Artifactory/Linux/mayausd-cotd-debug/202401092322/runtime/e1ef759/mayausd "/home/S/jenkins/workspace/ECP/ecg-maya-hydra/ecg-maya-hydra-branch-preflight-python3-linux/ecg-maya-hydra/maya-hydra"'
[2024-01-12T15:43:56.423Z]     See /local/S/jenkins/workspace/ECP/ecg-maya-hydra/ecg-maya-hydra-branch-preflight-python3-linux/build/Debug/build_log.txt for more details.
[2024-01-12T15:43:56.423Z] build.py: error: Command failed with error code: 1
[Pipeline] }
[Pipeline] // withEnv
[Pipeline] }
[Pipeline] // timeout
[Pipeline] }
[Pipeline] // stage
[Pipeline] }
[Pipeline] // timestamps
[Pipeline] emailextrecipients
Not sending mail to user ecg.jenkins@autodesk.com with no permission to view ECP  ecg-maya-hydra  Maya Hydra [Python 3, Interactive] - Branch - Preflight (Linux) [RHEL8] #453Not sending mail to user ecg.jenkins@autodesk.com with no permission to view ECP  ecg-maya-hydra  Maya Hydra [Python 3, Interactive] - Branch - Preflight (Linux) [RHEL8] #453[Pipeline] echo
No recipients to send notification.
[Pipeline] }
[Pipeline] // node
[Pipeline] End of Pipeline
ERROR: script returned exit code 1
[Checks API] No suitable checks publisher found.
Finished: FAILURE
