[2024-01-12T15:39:55.986Z] ================================================================================
[2024-01-12T15:39:55.986Z]                                  setup (Debug)
[2024-01-12T15:39:55.986Z] ================================================================================
[Pipeline] sh
[2024-01-12T15:39:57.469Z] + python ecg-maya-hydra/build.py --stages=setup --workspace-dir=/local/S/jenkins/workspace/ECP/ecg-maya-hydra/ecg-maya-hydra-branch-preflight-python3-osx --artifactory-dir=/local/S/jenkins/workspace/shared/Artifactory --build-dir=/local/S/jenkins/workspace/ECP/ecg-maya-hydra/ecg-maya-hydra-branch-preflight-python3-osx/build --install-dir=/local/S/jenkins/workspace/ECP/ecg-maya-hydra/ecg-maya-hydra-branch-preflight-python3-osx/install --signing-dir=/local/S/jenkins/workspace/ECP/ecg-maya-hydra/ecg-maya-hydra-branch-preflight-python3-osx/signing --package-dir=/local/S/jenkins/workspace/ECP/ecg-maya-hydra/ecg-maya-hydra-branch-preflight-python3-osx/package --output-dir=/local/S/jenkins/workspace/ECP/ecg-maya-hydra/ecg-maya-hydra-branch-preflight-python3-osx/output --stash-dir=/local/S/jenkins/workspace/ECP/ecg-maya-hydra/ecg-maya-hydra-branch-preflight-python3-osx/stash --jenkins-build=455 --git-commit=1189bf7b31d629ca841cb0cba68a0d9b96b5607e --git-branch=master --variants=RelWithDebInfo --interactive-tests=false --post-zips=false --osx-binary-architecture-target=ub2 --osx-deployment-target=11.0 --osx-base-sdk=CurrentActiveSDK --extra-license-file=ecg-maya-hydra/jenkins-o03-cot/melicense.lic --prune-versions=3 --prune-revisions=3 --maya-cut-config=maya-rundev-master.yaml --maya-package=rundev-master --stage-banner --prune-artifacts --force-pruning
[2024-01-12T15:39:57.469Z] Getting rundev-master download URL from Maya SHA-1 hash
[2024-01-12T15:39:57.469Z] Finding Artifactory servers response times
[2024-01-12T15:40:00.867Z] [VERBOSE] Start loading URL (CURL): https://art-bobcat.autodesk.com/artifactory/api/search/checksum?repos=autodesk-3p-generic,adsk-build-tools-generic,team-ecg-generic,team-maya-generic,oss-stg-generic,team-mayausd-post-generic&sha1=7c97a8d4cacc614644f3aef926b13bda815eb1b0
[2024-01-12T15:40:00.867Z] [DEBUG] Running: /usr/bin/curl -s -X GET --keepalive-time 10 --connect-timeout 60 --speed-limit 10000 --speed-time 120 --max-time 3600 --retry 5 --retry-max-time 2400 -H Connection:close -H Authorization:Basic ZWNnYmlmcm9zdDpvcGUqKjAw https://art-bobcat.autodesk.com/artifactory/api/search/checksum?repos=autodesk-3p-generic,adsk-build-tools-generic,team-ecg-generic,team-maya-generic,oss-stg-generic,team-mayausd-post-generic&sha1=7c97a8d4cacc614644f3aef926b13bda815eb1b0
[2024-01-12T15:40:00.867Z] [DEBUG] Output:
[2024-01-12T15:40:00.867Z] {
[2024-01-12T15:40:00.867Z]   "results" : [ {
[2024-01-12T15:40:00.867Z]     "uri" : "https://art-bobcat.autodesk.com:443/artifactory/api/storage/team-maya-generic/Maya/master/pmac/2024-01-09-10-36_300902d361/202401091036-300902d361-RUNDEV.dmg"
[2024-01-12T15:40:00.867Z]   } ]
[2024-01-12T15:40:00.867Z] }
[2024-01-12T15:40:00.867Z] [VERBOSE] End loading URL (CURL): https://art-bobcat.autodesk.com/artifactory/api/search/checksum?repos=autodesk-3p-generic,adsk-build-tools-generic,team-ecg-generic,team-maya-generic,oss-stg-generic,team-mayausd-post-generic&sha1=7c97a8d4cacc614644f3aef926b13bda815eb1b0
[2024-01-12T15:40:00.867Z] [VERBOSE] Start loading URL (CURL): https://art-bobcat.autodesk.com:443/artifactory/api/storage/team-maya-generic/Maya/master/pmac/2024-01-09-10-36_300902d361/202401091036-300902d361-RUNDEV.dmg
[2024-01-12T15:40:00.867Z] [DEBUG] Running: /usr/bin/curl -s -X GET --keepalive-time 10 --connect-timeout 60 --speed-limit 10000 --speed-time 120 --max-time 3600 --retry 5 --retry-max-time 2400 -H Connection:close -H Authorization:Basic ZWNnYmlmcm9zdDpvcGUqKjAw https://art-bobcat.autodesk.com:443/artifactory/api/storage/team-maya-generic/Maya/master/pmac/2024-01-09-10-36_300902d361/202401091036-300902d361-RUNDEV.dmg
[2024-01-12T15:40:00.867Z] [DEBUG] Output:
[2024-01-12T15:40:00.867Z] {
[2024-01-12T15:40:00.867Z]   "repo" : "team-maya-generic",
[2024-01-12T15:40:00.867Z]   "path" : "/Maya/master/pmac/2024-01-09-10-36_300902d361/202401091036-300902d361-RUNDEV.dmg",
[2024-01-12T15:40:00.867Z]   "created" : "2024-01-09T12:14:51.681-08:00",
[2024-01-12T15:40:00.867Z]   "createdBy" : "svc_aad_p_mescm",
[2024-01-12T15:40:00.867Z]   "lastModified" : "2024-01-09T12:04:20.728-08:00",
[2024-01-12T15:40:00.868Z]   "modifiedBy" : "svc_aad_p_mescm",
[2024-01-12T15:40:00.868Z]   "lastUpdated" : "2024-01-09T12:14:51.682-08:00",
[2024-01-12T15:40:00.868Z]   "downloadUri" : "https://art-bobcat.autodesk.com:443/artifactory/team-maya-generic/Maya/master/pmac/2024-01-09-10-36_300902d361/202401091036-300902d361-RUNDEV.dmg",
[2024-01-12T15:40:00.868Z]   "mimeType" : "application/octet-stream",
[2024-01-12T15:40:00.868Z]   "size" : "2884459799",
[2024-01-12T15:40:00.868Z]   "checksums" : {
[2024-01-12T15:40:00.868Z]     "sha1" : "7c97a8d4cacc614644f3aef926b13bda815eb1b0",
[2024-01-12T15:40:00.868Z]     "md5" : "77f406304a1d9cd2d693240f45651279",
[2024-01-12T15:40:00.868Z]     "sha256" : "7bb38ddc9b473937a549875ea793e83ba0385e8f16159e5335d9e93a67bdd43c"
[2024-01-12T15:40:00.868Z]   },
[2024-01-12T15:40:00.868Z]   "originalChecksums" : {
[2024-01-12T15:40:00.868Z]     "sha1" : "7c97a8d4cacc614644f3aef926b13bda815eb1b0",
[2024-01-12T15:40:00.868Z]     "md5" : "77f406304a1d9cd2d693240f45651279",
[2024-01-12T15:40:00.868Z]     "sha256" : "7bb38ddc9b473937a549875ea793e83ba0385e8f16159e5335d9e93a67bdd43c"
[2024-01-12T15:40:00.868Z]   },
[2024-01-12T15:40:00.868Z]   "uri" : "https://art-bobcat.autodesk.com:443/artifactory/api/storage/team-maya-generic/Maya/master/pmac/2024-01-09-10-36_300902d361/202401091036-300902d361-RUNDEV.dmg"
[2024-01-12T15:40:00.868Z] }
[2024-01-12T15:40:00.868Z] [VERBOSE] End loading URL (CURL): https://art-bobcat.autodesk.com:443/artifactory/api/storage/team-maya-generic/Maya/master/pmac/2024-01-09-10-36_300902d361/202401091036-300902d361-RUNDEV.dmg
[2024-01-12T15:40:00.868Z] Using Maya cut from /local/S/jenkins/workspace/shared/Artifactory/OSX/rundev-master/202401091036/runtime/7c97a8d/runTime
[2024-01-12T15:40:00.868Z] Using Maya ADSK Signatures from /local/S/jenkins/workspace/shared/Artifactory/OSX/adsk-plugin-signatures-maya/2023/3ae1ae7
[2024-01-12T15:40:00.868Z] Using Maya Security Library from /local/S/jenkins/workspace/shared/Artifactory/OSX/maya-security-library/3.4.0/5e08f3e
[2024-01-12T15:40:00.868Z] 
[2024-01-12T15:40:00.868Z] ================================================================================
[2024-01-12T15:40:00.868Z]                              setup (RelWithDebInfo)
[2024-01-12T15:40:00.868Z] ================================================================================
[Pipeline] }
[Pipeline] // withEnv
[Pipeline] }
[Pipeline] // timeout
[Pipeline] }
[Pipeline] // stage
[Pipeline] }
[Pipeline] // timestamps
[Pipeline] timestamps
[Pipeline] {
[Pipeline] stage
[Pipeline] { (Clean)
[Pipeline] timeout
[2024-01-12T15:40:01.296Z] Timeout set to expire in 6 hr 0 min
[Pipeline] {
[Pipeline] withEnv
[Pipeline] {
[Pipeline] sh
[2024-01-12T15:40:02.721Z] + python ecg-maya-hydra/build.py --stages=clean --workspace-dir=/local/S/jenkins/workspace/ECP/ecg-maya-hydra/ecg-maya-hydra-branch-preflight-python3-osx --artifactory-dir=/local/S/jenkins/workspace/shared/Artifactory --build-dir=/local/S/jenkins/workspace/ECP/ecg-maya-hydra/ecg-maya-hydra-branch-preflight-python3-osx/build --install-dir=/local/S/jenkins/workspace/ECP/ecg-maya-hydra/ecg-maya-hydra-branch-preflight-python3-osx/install --signing-dir=/local/S/jenkins/workspace/ECP/ecg-maya-hydra/ecg-maya-hydra-branch-preflight-python3-osx/signing --package-dir=/local/S/jenkins/workspace/ECP/ecg-maya-hydra/ecg-maya-hydra-branch-preflight-python3-osx/package --output-dir=/local/S/jenkins/workspace/ECP/ecg-maya-hydra/ecg-maya-hydra-branch-preflight-python3-osx/output --stash-dir=/local/S/jenkins/workspace/ECP/ecg-maya-hydra/ecg-maya-hydra-branch-preflight-python3-osx/stash --jenkins-build=455 --git-commit=1189bf7b31d629ca841cb0cba68a0d9b96b5607e --git-branch=master --variants=Debug --interactive-tests=false --post-zips=false --osx-binary-architecture-target=ub2 --osx-deployment-target=11.0 --osx-base-sdk=CurrentActiveSDK --maya-cut-config=maya-rundev-master-debug.yaml --maya-package=rundev-master-debug --stage-banner
[2024-01-12T15:40:02.721Z] Using Maya cut from /local/S/jenkins/workspace/shared/Artifactory/OSX/rundev-master-debug/202401090634/runtime/751320c/runTime
[2024-01-12T15:40:02.721Z] Using Maya ADSK Signatures from /local/S/jenkins/workspace/shared/Artifactory/OSX/adsk-plugin-signatures-maya/2023/3ae1ae7
[2024-01-12T15:40:02.721Z] Using Maya Security Library from /local/S/jenkins/workspace/shared/Artifactory/OSX/maya-security-library/3.4.0/5e08f3e
[2024-01-12T15:40:02.721Z] 
[2024-01-12T15:40:02.721Z] ================================================================================
[2024-01-12T15:40:02.721Z]                                  clean (Debug)
[2024-01-12T15:40:02.721Z] ================================================================================
[2024-01-12T15:40:02.721Z] Maya Python Debug Info:
[2024-01-12T15:40:02.721Z]   mayapy executable   = /local/S/jenkins/workspace/shared/Artifactory/OSX/rundev-master-debug/202401090634/runtime/751320c/runTime/Maya.app/Contents/bin/mayapy
[2024-01-12T15:40:02.721Z]   Include Folder      = /local/S/jenkins/workspace/shared/Artifactory/OSX/rundev-master-debug/202401090634/runtime/751320c/runTime/Maya.app/Contents/Frameworks/Python.framework/Versions/Current/include/python3.11
[2024-01-12T15:40:02.721Z]   Library             = /local/S/jenkins/workspace/shared/Artifactory/OSX/rundev-master-debug/202401090634/runtime/751320c/runTime/Maya.app/Contents/Frameworks/Python.framework/Versions/Current/lib/libpython3.11.dylib
[2024-01-12T15:40:02.721Z]   site-package Folder = /local/S/jenkins/workspace/shared/Artifactory/OSX/rundev-master-debug/202401090634/runtime/751320c/runTime/Maya.app/Contents/Frameworks/Python.framework/Versions/Current/lib/python3.11/site-packages
[2024-01-12T15:40:03.271Z] In workdir: /Volumes/DATA/local/S/jenkins/workspace/ECP/ecg-maya-hydra/ecg-maya-hydra-branch-preflight-python3-osx/ecg-maya-hydra/maya-hydra
[2024-01-12T15:40:03.271Z] Executing: arch -arch arm64 /local/S/jenkins/workspace/shared/Artifactory/OSX/rundev-master-debug/202401090634/runtime/751320c/runTime/Maya.app/Contents/bin/mayapy /Volumes/DATA/local/S/jenkins/workspace/ECP/ecg-maya-hydra/ecg-maya-hydra-branch-preflight-python3-osx/ecg-maya-hydra/maya-hydra/build.py --generator Ninja --build-debug --maya-location /local/S/jenkins/workspace/shared/Artifactory/OSX/rundev-master-debug/202401090634/runtime/751320c/runTime --devkit-location /local/S/jenkins/workspace/shared/Artifactory/OSX/rundev-master-debug/202401090634/runtime/751320c/devkitBase --pxrusd-location /local/S/jenkins/workspace/shared/Artifactory/OSX/USD/ca7f6ed --build-args=-DCMAKE_MAKE_PROGRAM=/local/S/jenkins/workspace/shared/Artifactory/OSX/ninja/1.10.2/95d0ca5/ninja,-DPYTHON_INCLUDE_DIR=/local/S/jenkins/workspace/shared/Artifactory/OSX/rundev-master-debug/202401090634/runtime/751320c/runTime/Maya.app/Contents/Frameworks/Python.framework/Versions/Current/include/python3.11,-DPython_EXECUTABLE=/local/S/jenkins/workspace/shared/Artifactory/OSX/rundev-master-debug/202401090634/runtime/751320c/runTime/Maya.app/Contents/bin/mayapy,-DPYTHON_LIBRARIES=/local/S/jenkins/workspace/shared/Artifactory/OSX/rundev-master-debug/202401090634/runtime/751320c/runTime/Maya.app/Contents/Frameworks/Python.framework/Versions/Current/lib/libpython3.11.dylib,-DBUILD_WITH_PYTHON_3_VERSION=3.11,-DBUILD_UB2=ON,-DCMAKE_WANT_MATERIALX_BUILD=ON,-DCMAKE_PREFIX_PATH=/local/S/jenkins/workspace/shared/Artifactory/OSX/USD/ca7f6ed,-DMAYAHYDRA_BUILD_NUMBER=455,-DMAYAHYDRA_GIT_COMMIT=1189bf7b31d629ca841cb0cba68a0d9b96b5607e,-DMAYAHYDRA_GIT_BRANCH=master,-DMAYAUSD_LOCATION=/local/S/jenkins/workspace/shared/Artifactory/OSX/mayausd-cotd-debug/202401092322/runtime/683f157/mayausd '--ctest-args=-LE interactive,--parallel 8' --stages=clean --redirect-outstream-file=False --install-location /local/S/jenkins/workspace/ECP/ecg-maya-hydra/ecg-maya-hydra-branch-preflight-python3-osx/install/Debug/MayaHydra /local/S/jenkins/workspace/ECP/ecg-maya-hydra/ecg-maya-hydra-branch-preflight-python3-osx
[2024-01-12T15:40:03.271Z] Modified environment variables:
[2024-01-12T15:40:03.271Z]     PATH=/local/S/jenkins/workspace/shared/Artifactory/OSX/cmake/3.20.3/2594509/bin:/opt/homebrew/bin:/usr/local/bin:/bin:/usr/sbin:/sbin:/usr/bin:/usr/bin:/bin:/usr/sbin:/sbin
[2024-01-12T15:40:03.271Z]     
[2024-01-12T15:40:03.271Z]         Building with settings:
[2024-01-12T15:40:03.271Z]           Source directory          /Volumes/DATA/local/S/jenkins/workspace/ECP/ecg-maya-hydra/ecg-maya-hydra-branch-preflight-python3-osx/ecg-maya-hydra/maya-hydra
[2024-01-12T15:40:03.271Z]           Workspace directory       /local/S/jenkins/workspace/ECP/ecg-maya-hydra/ecg-maya-hydra-branch-preflight-python3-osx
[2024-01-12T15:40:03.271Z]           Build directory           /local/S/jenkins/workspace/ECP/ecg-maya-hydra/ecg-maya-hydra-branch-preflight-python3-osx/build/Debug
[2024-01-12T15:40:03.271Z]           Install directory         /local/S/jenkins/workspace/ECP/ecg-maya-hydra/ecg-maya-hydra-branch-preflight-python3-osx/install/Debug/MayaHydra
[2024-01-12T15:40:03.271Z]           Variant                   Debug
[2024-01-12T15:40:03.271Z]           Python Debug              Off
[2024-01-12T15:40:03.271Z]           CMake generator           Ninja
[2024-01-12T15:40:03.271Z]           Build arguments           ['-DCMAKE_MAKE_PROGRAM=/local/S/jenkins/workspace/shared/Artifactory/OSX/ninja/1.10.2/95d0ca5/ninja', '-DPYTHON_INCLUDE_DIR=/local/S/jenkins/workspace/shared/Artifactory/OSX/rundev-master-debug/202401090634/runtime/751320c/runTime/Maya.app/Contents/Frameworks/Python.framework/Versions/Current/include/python3.11', '-DPython_EXECUTABLE=/local/S/jenkins/workspace/shared/Artifactory/OSX/rundev-master-debug/202401090634/runtime/751320c/runTime/Maya.app/Contents/bin/mayapy', '-DPYTHON_LIBRARIES=/local/S/jenkins/workspace/shared/Artifactory/OSX/rundev-master-debug/202401090634/runtime/751320c/runTime/Maya.app/Contents/Frameworks/Python.framework/Versions/Current/lib/libpython3.11.dylib', '-DBUILD_WITH_PYTHON_3_VERSION=3.11', '-DBUILD_UB2=ON', '-DCMAKE_WANT_MATERIALX_BUILD=ON', '-DCMAKE_PREFIX_PATH=/local/S/jenkins/workspace/shared/Artifactory/OSX/USD/ca7f6ed', '-DMAYAHYDRA_BUILD_NUMBER=455', '-DMAYAHYDRA_GIT_COMMIT=1189bf7b31d629ca841cb0cba68a0d9b96b5607e', '-DMAYAHYDRA_GIT_BRANCH=master', '-DMAYAUSD_LOCATION=/local/S/jenkins/workspace/shared/Artifactory/OSX/mayausd-cotd-debug/202401092322/runtime/683f157/mayausd']
[2024-01-12T15:40:03.271Z]           Stages arguments          ['clean']
[2024-01-12T15:40:03.271Z]           CTest arguments           ['-LE interactive', '--parallel 8']
[2024-01-12T15:40:03.271Z]     Success MayaHydra build and install !!!!
[2024-01-12T15:40:03.271Z]     Elapsed time: 00:00:00
[Pipeline] sh
[2024-01-12T15:40:04.677Z] + python ecg-maya-hydra/build.py --stages=clean --workspace-dir=/local/S/jenkins/workspace/ECP/ecg-maya-hydra/ecg-maya-hydra-branch-preflight-python3-osx --artifactory-dir=/local/S/jenkins/workspace/shared/Artifactory --build-dir=/local/S/jenkins/workspace/ECP/ecg-maya-hydra/ecg-maya-hydra-branch-preflight-python3-osx/build --install-dir=/local/S/jenkins/workspace/ECP/ecg-maya-hydra/ecg-maya-hydra-branch-preflight-python3-osx/install --signing-dir=/local/S/jenkins/workspace/ECP/ecg-maya-hydra/ecg-maya-hydra-branch-preflight-python3-osx/signing --package-dir=/local/S/jenkins/workspace/ECP/ecg-maya-hydra/ecg-maya-hydra-branch-preflight-python3-osx/package --output-dir=/local/S/jenkins/workspace/ECP/ecg-maya-hydra/ecg-maya-hydra-branch-preflight-python3-osx/output --stash-dir=/local/S/jenkins/workspace/ECP/ecg-maya-hydra/ecg-maya-hydra-branch-preflight-python3-osx/stash --jenkins-build=455 --git-commit=1189bf7b31d629ca841cb0cba68a0d9b96b5607e --git-branch=master --variants=RelWithDebInfo --interactive-tests=false --post-zips=false --osx-binary-architecture-target=ub2 --osx-deployment-target=11.0 --osx-base-sdk=CurrentActiveSDK --maya-cut-config=maya-rundev-master.yaml --maya-package=rundev-master --stage-banner
[2024-01-12T15:40:04.677Z] Using Maya cut from /local/S/jenkins/workspace/shared/Artifactory/OSX/rundev-master/202401091036/runtime/7c97a8d/runTime
[2024-01-12T15:40:04.677Z] Using Maya ADSK Signatures from /local/S/jenkins/workspace/shared/Artifactory/OSX/adsk-plugin-signatures-maya/2023/3ae1ae7
[2024-01-12T15:40:04.677Z] Using Maya Security Library from /local/S/jenkins/workspace/shared/Artifactory/OSX/maya-security-library/3.4.0/5e08f3e
[2024-01-12T15:40:04.677Z] 
[2024-01-12T15:40:04.677Z] ================================================================================
[2024-01-12T15:40:04.677Z]                              clean (RelWithDebInfo)
[2024-01-12T15:40:04.677Z] ================================================================================
[2024-01-12T15:40:04.677Z] Maya Python RelWithDebInfo Info:
[2024-01-12T15:40:04.677Z]   mayapy executable   = /local/S/jenkins/workspace/shared/Artifactory/OSX/rundev-master/202401091036/runtime/7c97a8d/runTime/Maya.app/Contents/bin/mayapy
[2024-01-12T15:40:04.677Z]   Include Folder      = /local/S/jenkins/workspace/shared/Artifactory/OSX/rundev-master/202401091036/runtime/7c97a8d/runTime/Maya.app/Contents/Frameworks/Python.framework/Versions/Current/include/python3.11
[2024-01-12T15:40:04.677Z]   Library             = /local/S/jenkins/workspace/shared/Artifactory/OSX/rundev-master/202401091036/runtime/7c97a8d/runTime/Maya.app/Contents/Frameworks/Python.framework/Versions/Current/lib/libpython3.11.dylib
[2024-01-12T15:40:04.677Z]   site-package Folder = /local/S/jenkins/workspace/shared/Artifactory/OSX/rundev-master/202401091036/runtime/7c97a8d/runTime/Maya.app/Contents/Frameworks/Python.framework/Versions/Current/lib/python3.11/site-packages
[2024-01-12T15:40:05.228Z] In workdir: /Volumes/DATA/local/S/jenkins/workspace/ECP/ecg-maya-hydra/ecg-maya-hydra-branch-preflight-python3-osx/ecg-maya-hydra/maya-hydra
[2024-01-12T15:40:05.228Z] Executing: arch -arch arm64 /local/S/jenkins/workspace/shared/Artifactory/OSX/rundev-master/202401091036/runtime/7c97a8d/runTime/Maya.app/Contents/bin/mayapy /Volumes/DATA/local/S/jenkins/workspace/ECP/ecg-maya-hydra/ecg-maya-hydra-branch-preflight-python3-osx/ecg-maya-hydra/maya-hydra/build.py --generator Ninja --build-relwithdebug --maya-location /local/S/jenkins/workspace/shared/Artifactory/OSX/rundev-master/202401091036/runtime/7c97a8d/runTime --devkit-location /local/S/jenkins/workspace/shared/Artifactory/OSX/rundev-master/202401091036/runtime/7c97a8d/devkitBase --pxrusd-location /local/S/jenkins/workspace/shared/Artifactory/OSX/USD/8270819 --build-args=-DCMAKE_MAKE_PROGRAM=/local/S/jenkins/workspace/shared/Artifactory/OSX/ninja/1.10.2/95d0ca5/ninja,-DPYTHON_INCLUDE_DIR=/local/S/jenkins/workspace/shared/Artifactory/OSX/rundev-master/202401091036/runtime/7c97a8d/runTime/Maya.app/Contents/Frameworks/Python.framework/Versions/Current/include/python3.11,-DPython_EXECUTABLE=/local/S/jenkins/workspace/shared/Artifactory/OSX/rundev-master/202401091036/runtime/7c97a8d/runTime/Maya.app/Contents/bin/mayapy,-DPYTHON_LIBRARIES=/local/S/jenkins/workspace/shared/Artifactory/OSX/rundev-master/202401091036/runtime/7c97a8d/runTime/Maya.app/Contents/Frameworks/Python.framework/Versions/Current/lib/libpython3.11.dylib,-DBUILD_WITH_PYTHON_3_VERSION=3.11,-DBUILD_UB2=ON,-DCMAKE_WANT_MATERIALX_BUILD=ON,-DCMAKE_PREFIX_PATH=/local/S/jenkins/workspace/shared/Artifactory/OSX/USD/8270819,-DMAYAHYDRA_BUILD_NUMBER=455,-DMAYAHYDRA_GIT_COMMIT=1189bf7b31d629ca841cb0cba68a0d9b96b5607e,-DMAYAHYDRA_GIT_BRANCH=master,-DMAYAUSD_LOCATION=/local/S/jenkins/workspace/shared/Artifactory/OSX/mayausd-cotd/202401092322/runtime/9e6d412/mayausd '--ctest-args=-LE interactive,--parallel 8' --stages=clean --redirect-outstream-file=False --install-location /local/S/jenkins/workspace/ECP/ecg-maya-hydra/ecg-maya-hydra-branch-preflight-python3-osx/install/RelWithDebInfo/MayaHydra /local/S/jenkins/workspace/ECP/ecg-maya-hydra/ecg-maya-hydra-branch-preflight-python3-osx
[2024-01-12T15:40:05.228Z] Modified environment variables:
[2024-01-12T15:40:05.228Z]     PATH=/local/S/jenkins/workspace/shared/Artifactory/OSX/cmake/3.20.3/2594509/bin:/opt/homebrew/bin:/usr/local/bin:/bin:/usr/sbin:/sbin:/usr/bin:/usr/bin:/bin:/usr/sbin:/sbin
[2024-01-12T15:40:05.228Z]     
[2024-01-12T15:40:05.228Z]         Building with settings:
[2024-01-12T15:40:05.228Z]           Source directory          /Volumes/DATA/local/S/jenkins/workspace/ECP/ecg-maya-hydra/ecg-maya-hydra-branch-preflight-python3-osx/ecg-maya-hydra/maya-hydra
[2024-01-12T15:40:05.228Z]           Workspace directory       /local/S/jenkins/workspace/ECP/ecg-maya-hydra/ecg-maya-hydra-branch-preflight-python3-osx
[2024-01-12T15:40:05.228Z]           Build directory           /local/S/jenkins/workspace/ECP/ecg-maya-hydra/ecg-maya-hydra-branch-preflight-python3-osx/build/RelWithDebInfo
[2024-01-12T15:40:05.228Z]           Install directory         /local/S/jenkins/workspace/ECP/ecg-maya-hydra/ecg-maya-hydra-branch-preflight-python3-osx/install/RelWithDebInfo/MayaHydra
[2024-01-12T15:40:05.228Z]           Variant                   RelWithDebInfo
[2024-01-12T15:40:05.228Z]           Python Debug              Off
[2024-01-12T15:40:05.228Z]           CMake generator           Ninja
[2024-01-12T15:40:05.228Z]           Build arguments           ['-DCMAKE_MAKE_PROGRAM=/local/S/jenkins/workspace/shared/Artifactory/OSX/ninja/1.10.2/95d0ca5/ninja', '-DPYTHON_INCLUDE_DIR=/local/S/jenkins/workspace/shared/Artifactory/OSX/rundev-master/202401091036/runtime/7c97a8d/runTime/Maya.app/Contents/Frameworks/Python.framework/Versions/Current/include/python3.11', '-DPython_EXECUTABLE=/local/S/jenkins/workspace/shared/Artifactory/OSX/rundev-master/202401091036/runtime/7c97a8d/runTime/Maya.app/Contents/bin/mayapy', '-DPYTHON_LIBRARIES=/local/S/jenkins/workspace/shared/Artifactory/OSX/rundev-master/202401091036/runtime/7c97a8d/runTime/Maya.app/Contents/Frameworks/Python.framework/Versions/Current/lib/libpython3.11.dylib', '-DBUILD_WITH_PYTHON_3_VERSION=3.11', '-DBUILD_UB2=ON', '-DCMAKE_WANT_MATERIALX_BUILD=ON', '-DCMAKE_PREFIX_PATH=/local/S/jenkins/workspace/shared/Artifactory/OSX/USD/8270819', '-DMAYAHYDRA_BUILD_NUMBER=455', '-DMAYAHYDRA_GIT_COMMIT=1189bf7b31d629ca841cb0cba68a0d9b96b5607e', '-DMAYAHYDRA_GIT_BRANCH=master', '-DMAYAUSD_LOCATION=/local/S/jenkins/workspace/shared/Artifactory/OSX/mayausd-cotd/202401092322/runtime/9e6d412/mayausd']
[2024-01-12T15:40:05.228Z]           Stages arguments          ['clean']
[2024-01-12T15:40:05.228Z]           CTest arguments           ['-LE interactive', '--parallel 8']
[2024-01-12T15:40:05.228Z]     Success MayaHydra build and install !!!!
[2024-01-12T15:40:05.228Z]     Elapsed time: 00:00:00
[Pipeline] }
[Pipeline] // withEnv
[Pipeline] }
[Pipeline] // timeout
[Pipeline] }
[Pipeline] // stage
[Pipeline] }
[Pipeline] // timestamps
[Pipeline] timestamps
[Pipeline] {
[Pipeline] stage
[Pipeline] { (Configure)
[Pipeline] timeout
[2024-01-12T15:40:05.720Z] Timeout set to expire in 6 hr 0 min
[Pipeline] {
[Pipeline] withEnv
[Pipeline] {
[Pipeline] sh
[2024-01-12T15:40:07.053Z] + python ecg-maya-hydra/build.py --stages=configure --workspace-dir=/local/S/jenkins/workspace/ECP/ecg-maya-hydra/ecg-maya-hydra-branch-preflight-python3-osx --artifactory-dir=/local/S/jenkins/workspace/shared/Artifactory --build-dir=/local/S/jenkins/workspace/ECP/ecg-maya-hydra/ecg-maya-hydra-branch-preflight-python3-osx/build --install-dir=/local/S/jenkins/workspace/ECP/ecg-maya-hydra/ecg-maya-hydra-branch-preflight-python3-osx/install --signing-dir=/local/S/jenkins/workspace/ECP/ecg-maya-hydra/ecg-maya-hydra-branch-preflight-python3-osx/signing --package-dir=/local/S/jenkins/workspace/ECP/ecg-maya-hydra/ecg-maya-hydra-branch-preflight-python3-osx/package --output-dir=/local/S/jenkins/workspace/ECP/ecg-maya-hydra/ecg-maya-hydra-branch-preflight-python3-osx/output --stash-dir=/local/S/jenkins/workspace/ECP/ecg-maya-hydra/ecg-maya-hydra-branch-preflight-python3-osx/stash --jenkins-build=455 --git-commit=1189bf7b31d629ca841cb0cba68a0d9b96b5607e --git-branch=master --variants=Debug --interactive-tests=false --post-zips=false --osx-binary-architecture-target=ub2 --osx-deployment-target=11.0 --osx-base-sdk=CurrentActiveSDK --maya-cut-config=maya-rundev-master-debug.yaml --maya-package=rundev-master-debug --stage-banner
[2024-01-12T15:40:07.053Z] Using Maya cut from /local/S/jenkins/workspace/shared/Artifactory/OSX/rundev-master-debug/202401090634/runtime/751320c/runTime
[2024-01-12T15:40:07.053Z] Using Maya ADSK Signatures from /local/S/jenkins/workspace/shared/Artifactory/OSX/adsk-plugin-signatures-maya/2023/3ae1ae7
[2024-01-12T15:40:07.053Z] Using Maya Security Library from /local/S/jenkins/workspace/shared/Artifactory/OSX/maya-security-library/3.4.0/5e08f3e
[2024-01-12T15:40:07.053Z] 
[2024-01-12T15:40:07.053Z] ================================================================================
[2024-01-12T15:40:07.053Z]                                configure (Debug)
[2024-01-12T15:40:07.053Z] ================================================================================
[2024-01-12T15:40:07.053Z] Maya Python Debug Info:
[2024-01-12T15:40:07.053Z]   mayapy executable   = /local/S/jenkins/workspace/shared/Artifactory/OSX/rundev-master-debug/202401090634/runtime/751320c/runTime/Maya.app/Contents/bin/mayapy
[2024-01-12T15:40:07.053Z]   Include Folder      = /local/S/jenkins/workspace/shared/Artifactory/OSX/rundev-master-debug/202401090634/runtime/751320c/runTime/Maya.app/Contents/Frameworks/Python.framework/Versions/Current/include/python3.11
[2024-01-12T15:40:07.053Z]   Library             = /local/S/jenkins/workspace/shared/Artifactory/OSX/rundev-master-debug/202401090634/runtime/751320c/runTime/Maya.app/Contents/Frameworks/Python.framework/Versions/Current/lib/libpython3.11.dylib
[2024-01-12T15:40:07.053Z]   site-package Folder = /local/S/jenkins/workspace/shared/Artifactory/OSX/rundev-master-debug/202401090634/runtime/751320c/runTime/Maya.app/Contents/Frameworks/Python.framework/Versions/Current/lib/python3.11/site-packages
[2024-01-12T15:40:07.603Z] In workdir: /Volumes/DATA/local/S/jenkins/workspace/ECP/ecg-maya-hydra/ecg-maya-hydra-branch-preflight-python3-osx/ecg-maya-hydra/maya-hydra
[2024-01-12T15:40:07.603Z] Executing: arch -arch arm64 /local/S/jenkins/workspace/shared/Artifactory/OSX/rundev-master-debug/202401090634/runtime/751320c/runTime/Maya.app/Contents/bin/mayapy /Volumes/DATA/local/S/jenkins/workspace/ECP/ecg-maya-hydra/ecg-maya-hydra-branch-preflight-python3-osx/ecg-maya-hydra/maya-hydra/build.py --generator Ninja --build-debug --maya-location /local/S/jenkins/workspace/shared/Artifactory/OSX/rundev-master-debug/202401090634/runtime/751320c/runTime --devkit-location /local/S/jenkins/workspace/shared/Artifactory/OSX/rundev-master-debug/202401090634/runtime/751320c/devkitBase --pxrusd-location /local/S/jenkins/workspace/shared/Artifactory/OSX/USD/ca7f6ed --build-args=-DCMAKE_MAKE_PROGRAM=/local/S/jenkins/workspace/shared/Artifactory/OSX/ninja/1.10.2/95d0ca5/ninja,-DPYTHON_INCLUDE_DIR=/local/S/jenkins/workspace/shared/Artifactory/OSX/rundev-master-debug/202401090634/runtime/751320c/runTime/Maya.app/Contents/Frameworks/Python.framework/Versions/Current/include/python3.11,-DPython_EXECUTABLE=/local/S/jenkins/workspace/shared/Artifactory/OSX/rundev-master-debug/202401090634/runtime/751320c/runTime/Maya.app/Contents/bin/mayapy,-DPYTHON_LIBRARIES=/local/S/jenkins/workspace/shared/Artifactory/OSX/rundev-master-debug/202401090634/runtime/751320c/runTime/Maya.app/Contents/Frameworks/Python.framework/Versions/Current/lib/libpython3.11.dylib,-DBUILD_WITH_PYTHON_3_VERSION=3.11,-DBUILD_UB2=ON,-DCMAKE_WANT_MATERIALX_BUILD=ON,-DCMAKE_PREFIX_PATH=/local/S/jenkins/workspace/shared/Artifactory/OSX/USD/ca7f6ed,-DMAYAHYDRA_BUILD_NUMBER=455,-DMAYAHYDRA_GIT_COMMIT=1189bf7b31d629ca841cb0cba68a0d9b96b5607e,-DMAYAHYDRA_GIT_BRANCH=master,-DMAYAUSD_LOCATION=/local/S/jenkins/workspace/shared/Artifactory/OSX/mayausd-cotd-debug/202401092322/runtime/683f157/mayausd '--ctest-args=-LE interactive,--parallel 8' --stages=configure --redirect-outstream-file=False --install-location /local/S/jenkins/workspace/ECP/ecg-maya-hydra/ecg-maya-hydra-branch-preflight-python3-osx/install/Debug/MayaHydra /local/S/jenkins/workspace/ECP/ecg-maya-hydra/ecg-maya-hydra-branch-preflight-python3-osx
[2024-01-12T15:40:07.603Z] Modified environment variables:
[2024-01-12T15:40:07.603Z]     PATH=/local/S/jenkins/workspace/shared/Artifactory/OSX/cmake/3.20.3/2594509/bin:/opt/homebrew/bin:/usr/local/bin:/bin:/usr/sbin:/sbin:/usr/bin:/usr/bin:/bin:/usr/sbin:/sbin
[2024-01-12T15:40:18.923Z]     -- The C compiler identification is AppleClang 13.1.6.13160021
[2024-01-12T15:40:18.923Z]     -- The CXX compiler identification is AppleClang 13.1.6.13160021
[2024-01-12T15:40:18.923Z]     -- Detecting C compiler ABI info
[2024-01-12T15:40:18.923Z]     -- Detecting C compiler ABI info - done
[2024-01-12T15:40:18.923Z]     -- Check for working C compiler: /Applications/Xcode.app/Contents/Developer/Toolchains/XcodeDefault.xctoolchain/usr/bin/cc - skipped
[2024-01-12T15:40:18.923Z]     -- Detecting C compile features
[2024-01-12T15:40:18.923Z]     -- Detecting C compile features - done
[2024-01-12T15:40:18.923Z]     -- Detecting CXX compiler ABI info
[2024-01-12T15:40:18.923Z]     -- Detecting CXX compiler ABI info - done
[2024-01-12T15:40:18.923Z]     -- Check for working CXX compiler: /Applications/Xcode.app/Contents/Developer/Toolchains/XcodeDefault.xctoolchain/usr/bin/c++ - skipped
[2024-01-12T15:40:18.923Z]     -- Detecting CXX compile features
[2024-01-12T15:40:18.923Z]     -- Detecting CXX compile features - done
[2024-01-12T15:40:18.923Z]     -- Building with Universal Binary 2
[2024-01-12T15:40:20.072Z]     -- Using Maya Light API Version 3
[2024-01-12T15:40:20.072Z]     -- Maya has setDefaultMaterialHandling API
[2024-01-12T15:40:20.072Z]     -- Maya has new point snapping API
[2024-01-12T15:40:20.072Z]     -- Maya has isInCrashHandler API
[2024-01-12T15:40:20.072Z]     -- Maya has getDisplayStyleOfAllViewports API
[2024-01-12T15:40:20.072Z]     -- Maya array iterator has difference_type trait
[2024-01-12T15:40:20.072Z]     -- MFnSet has getMemberPaths function
[2024-01-12T15:40:20.072Z]     -- MFnDisplayLayer exists
[2024-01-12T15:40:20.072Z]     -- MDisplayLayerMessage has MDisplayLayerMemberChangedFunction
[2024-01-12T15:40:20.072Z]     -- MRenderItem has HideOnPlayback API
[2024-01-12T15:40:20.072Z]     -- MacOSX: Maya was built with Universal Binary 2 (x86_64/arm64)
[2024-01-12T15:40:20.072Z]     -- Found Maya: /local/S/jenkins/workspace/shared/Artifactory/OSX/rundev-master-debug/202401090634/runtime/751320c/runTime/maya.app/Contents/MacOS/Maya (found suitable version "2025", minimum required is "2024")
[2024-01-12T15:40:20.072Z]     -- Found Python: /local/S/jenkins/workspace/shared/Artifactory/OSX/rundev-master-debug/202401090634/runtime/751320c/runTime/Maya.app/Contents/bin/mayapy (found suitable exact version "3.11.4") found components: Interpreter
[2024-01-12T15:40:20.072Z]     -- Build mayaHydra with Python3 = 3.11
[2024-01-12T15:40:20.072Z]     --    PYTHON_INCLUDE_DIRS = /local/S/jenkins/workspace/shared/Artifactory/OSX/rundev-master-debug/202401090634/runtime/751320c/runTime/Maya.app/Contents/Frameworks/Python.framework/Versions/Current/include/python3.11
[2024-01-12T15:40:20.072Z]     --    PYTHON_LIBRARIES    = /local/S/jenkins/workspace/shared/Artifactory/OSX/rundev-master-debug/202401090634/runtime/751320c/runTime/Maya.app/Contents/Frameworks/Python.framework/Versions/Current/lib/libpython3.11.dylib
[2024-01-12T15:40:20.072Z]     --    Python_EXECUTABLE   = /local/S/jenkins/workspace/shared/Artifactory/OSX/rundev-master-debug/202401090634/runtime/751320c/runTime/Maya.app/Contents/bin/mayapy
[2024-01-12T15:40:20.072Z]     -- Found Python3: /local/S/jenkins/workspace/shared/Artifactory/OSX/rundev-master-debug/202401090634/runtime/751320c/runTime/Maya.app/Contents/Frameworks/Python.framework/Versions/Current/include/python3.11 (found suitable exact version "3.11.4") found components: Development Development.Module Development.Embed
[2024-01-12T15:40:20.072Z]     -- USD has new Sdr.PropertyTypes.Color4
[2024-01-12T15:40:20.623Z]     -- USD has MaterialX metadata support
[2024-01-12T15:40:20.623Z]     -- USD include dir: /local/S/jenkins/workspace/shared/Artifactory/OSX/USD/ca7f6ed/include
[2024-01-12T15:40:20.623Z]     -- USD library dir: /local/S/jenkins/workspace/shared/Artifactory/OSX/USD/ca7f6ed/lib
[2024-01-12T15:40:20.623Z]     -- USD version: 0.23.11
[2024-01-12T15:40:20.623Z]     -- Found USD: /local/S/jenkins/workspace/shared/Artifactory/OSX/USD/ca7f6ed (found suitable version "0.23.11", minimum required is "0.22.11")
[2024-01-12T15:40:20.623Z]     Updated PYTHONPATH: /local/S/jenkins/workspace/shared/Artifactory/OSX/USD/ca7f6ed/lib/python
[2024-01-12T15:40:20.623Z]     -- Found UFE: /local/S/jenkins/workspace/shared/Artifactory/OSX/rundev-master-debug/202401090634/runtime/751320c/devkitBase/devkit/ufe/include (found version "5.0.0")
[2024-01-12T15:40:20.623Z]     -- UFE include dir: /local/S/jenkins/workspace/shared/Artifactory/OSX/rundev-master-debug/202401090634/runtime/751320c/devkitBase/devkit/ufe/include
[2024-01-12T15:40:20.623Z]     -- UFE library: /local/S/jenkins/workspace/shared/Artifactory/OSX/rundev-master-debug/202401090634/runtime/751320c/devkitBase/devkit/ufe/lib/libufe_5.dylib
[2024-01-12T15:40:20.623Z]     -- UFE version: 5.0.0
[2024-01-12T15:40:20.623Z]     -- Maya has UFE lights API
[2024-01-12T15:40:20.623Z]     -- Maya has UFE scene segment API
[2024-01-12T15:40:20.623Z]     -- Maya has UFE TrieNode childrenComponents accessor
[2024-01-12T15:40:20.623Z]     -- Building with UFE 5.0.0.
[2024-01-12T15:40:20.623Z]     -- Found MaterialX
[2024-01-12T15:40:20.623Z]     -- Performing Test HAVE_STDATOMIC
[2024-01-12T15:40:21.174Z]     -- Performing Test HAVE_STDATOMIC - Success
[2024-01-12T15:40:21.174Z]     -- Found OpenGL: /Applications/Xcode.app/Contents/Developer/Platforms/MacOSX.platform/Developer/SDKs/MacOSX12.3.sdk/System/Library/Frameworks/OpenGL.framework
[2024-01-12T15:40:21.174Z]     -- Check if linker can resolve circular dependencies - TRUE
[2024-01-12T15:40:21.174Z]     -- Found Qt 6.5.3 in Maya devkit. Hydra Scene Browser will be built.
[2024-01-12T15:40:21.174Z]     -- **** Building Gulrak From Github Repository.
[2024-01-12T15:40:21.174Z]     -- Populating gulrak
[2024-01-12T15:40:21.174Z]     -- Configuring done
[2024-01-12T15:40:21.174Z]     -- Generating done
[2024-01-12T15:40:21.174Z]     -- Build files have been written to: /Volumes/DATA/local/S/jenkins/workspace/ECP/ecg-maya-hydra/ecg-maya-hydra-branch-preflight-python3-osx/build/Debug/_deps/gulrak-subbuild
[2024-01-12T15:40:21.174Z]     [1/9] Creating directories for 'gulrak-populate'
[2024-01-12T15:40:21.174Z]     [1/9] Performing download step (git clone) for 'gulrak-populate'
[2024-01-12T15:40:21.174Z]     Cloning into 'gulrak-src'...
[2024-01-12T15:40:21.723Z]     HEAD is now at 4e21ab3 Version bump and updated readme.
[2024-01-12T15:40:21.723Z]     [2/9] Performing update step for 'gulrak-populate'
[2024-01-12T15:40:21.723Z]     [4/9] No patch step for 'gulrak-populate'
[2024-01-12T15:40:21.723Z]     [5/9] No configure step for 'gulrak-populate'
[2024-01-12T15:40:21.723Z]     [6/9] No build step for 'gulrak-populate'
[2024-01-12T15:40:21.723Z]     [7/9] No install step for 'gulrak-populate'
[2024-01-12T15:40:21.723Z]     [8/9] No test step for 'gulrak-populate'
[2024-01-12T15:40:21.723Z]     [9/9] Completed 'gulrak-populate'
[2024-01-12T15:40:21.723Z]     -- ========== Installing GoogleTest... ==========
[2024-01-12T15:40:21.723Z]     -- Configuring done
[2024-01-12T15:40:21.723Z]     -- Generating done
[2024-01-12T15:40:21.723Z]     -- Build files have been written to: /Volumes/DATA/local/S/jenkins/workspace/ECP/ecg-maya-hydra/ecg-maya-hydra-branch-preflight-python3-osx/build/Debug/googletest-config
[2024-01-12T15:40:21.723Z]     [1/8] Creating directories for 'googletest'
[2024-01-12T15:40:25.097Z]     [2/8] Performing download step (git clone) for 'googletest'
[2024-01-12T15:40:25.097Z]     Cloning into 'googletest-src'...
[2024-01-12T15:40:25.097Z]     HEAD is now at 703bd9ca Googletest export
[2024-01-12T15:40:25.097Z]     [3/8] Performing update step for 'googletest'
[2024-01-12T15:40:25.097Z]     [4/8] No patch step for 'googletest'
[2024-01-12T15:40:25.647Z]     [5/8] Performing configure step for 'googletest'
[2024-01-12T15:40:25.647Z]     Not searching for unused variables given on the command line.
[2024-01-12T15:40:25.647Z]     CMake Deprecation Warning at CMakeLists.txt:4 (cmake_minimum_required):
[2024-01-12T15:40:25.647Z]       Compatibility with CMake < 2.8.12 will be removed from a future version of
[2024-01-12T15:40:25.647Z]       CMake.
[2024-01-12T15:40:25.647Z]     
[2024-01-12T15:40:25.647Z]       Update the VERSION argument <min> value or use a ...<max> suffix to tell
[2024-01-12T15:40:25.647Z]       CMake that the project does not need compatibility with older versions.
[2024-01-12T15:40:25.647Z]     
[2024-01-12T15:40:25.647Z]     
[2024-01-12T15:40:25.647Z]     -- The C compiler identification is AppleClang 13.1.6.13160021
[2024-01-12T15:40:25.647Z]     -- The CXX compiler identification is AppleClang 13.1.6.13160021
[2024-01-12T15:40:25.647Z]     -- Detecting C compiler ABI info
[2024-01-12T15:40:25.647Z]     -- Detecting C compiler ABI info - done
[2024-01-12T15:40:25.647Z]     -- Check for working C compiler: /Applications/Xcode.app/Contents/Developer/Toolchains/XcodeDefault.xctoolchain/usr/bin/cc - skipped
[2024-01-12T15:40:25.647Z]     -- Detecting C compile features
[2024-01-12T15:40:25.647Z]     -- Detecting C compile features - done
[2024-01-12T15:40:25.647Z]     -- Detecting CXX compiler ABI info
[2024-01-12T15:40:25.647Z]     -- Detecting CXX compiler ABI info - done
[2024-01-12T15:40:25.647Z]     -- Check for working CXX compiler: /Applications/Xcode.app/Contents/Developer/Toolchains/XcodeDefault.xctoolchain/usr/bin/c++ - skipped
[2024-01-12T15:40:25.647Z]     -- Detecting CXX compile features
[2024-01-12T15:40:25.647Z]     -- Detecting CXX compile features - done
[2024-01-12T15:40:25.647Z]     CMake Deprecation Warning at googletest/CMakeLists.txt:56 (cmake_minimum_required):
[2024-01-12T15:40:25.647Z]       Compatibility with CMake < 2.8.12 will be removed from a future version of
[2024-01-12T15:40:25.647Z]       CMake.
[2024-01-12T15:40:25.647Z]     
[2024-01-12T15:40:25.647Z]       Update the VERSION argument <min> value or use a ...<max> suffix to tell
[2024-01-12T15:40:25.647Z]       CMake that the project does not need compatibility with older versions.
[2024-01-12T15:40:25.647Z]     
[2024-01-12T15:40:25.647Z]     
[2024-01-12T15:40:25.647Z]     -- Found PythonInterp: /usr/local/bin/python (found version "3.10.6")
[2024-01-12T15:40:25.647Z]     -- Looking for pthread.h
[2024-01-12T15:40:25.647Z]     -- Looking for pthread.h - found
[2024-01-12T15:40:25.647Z]     -- Performing Test CMAKE_HAVE_LIBC_PTHREAD
[2024-01-12T15:40:25.647Z]     -- Performing Test CMAKE_HAVE_LIBC_PTHREAD - Success
[2024-01-12T15:40:25.647Z]     -- Found Threads: TRUE
[2024-01-12T15:40:25.648Z]     -- Configuring done
[2024-01-12T15:40:25.648Z]     -- Generating done
[2024-01-12T15:40:25.648Z]     -- Build files have been written to: /Volumes/DATA/local/S/jenkins/workspace/ECP/ecg-maya-hydra/ecg-maya-hydra-branch-preflight-python3-osx/build/Debug/googletest-build
[2024-01-12T15:40:28.190Z]     [6/8] Performing build step for 'googletest'
[2024-01-12T15:40:28.190Z]     [1/4] Building CXX object googletest/CMakeFiles/gtest_main.dir/src/gtest_main.cc.o
[2024-01-12T15:40:28.190Z]     [2/4] Building CXX object googletest/CMakeFiles/gtest.dir/src/gtest-all.cc.o
[2024-01-12T15:40:28.190Z]     [3/4] Linking CXX shared library lib/libgtestd.dylib
[2024-01-12T15:40:28.190Z]     [4/4] Linking CXX shared library lib/libgtest_maind.dylib
[2024-01-12T15:40:28.190Z]     [7/8] Performing install step for 'googletest'
[2024-01-12T15:40:28.190Z]     [0/1] Install the project...
[2024-01-12T15:40:28.190Z]     -- Install configuration: "Debug"
[2024-01-12T15:40:28.190Z]     [8/8] Completed 'googletest'
[2024-01-12T15:40:28.190Z]     -- ========== ...  GoogleTest installed. ==========
[2024-01-12T15:40:28.190Z]     -- Found GTest: /Volumes/DATA/local/S/jenkins/workspace/ECP/ecg-maya-hydra/ecg-maya-hydra-branch-preflight-python3-osx/build/Debug/googletest-install/lib/libgtestd.dylib
[2024-01-12T15:40:28.191Z]     -- promoting: /Volumes/DATA/local/S/jenkins/workspace/ECP/ecg-maya-hydra/ecg-maya-hydra-branch-preflight-python3-osx/ecg-maya-hydra/maya-hydra/lib/mayaHydra/mayaPlugin/pluginUtils.h
[2024-01-12T15:40:28.191Z]     CMake Warning at lib/mayaHydra/hydraExtensions/CMakeLists.txt:122 (message):
[2024-01-12T15:40:28.191Z]       Could not find mayaUsdAPI library.
[2024-01-12T15:40:28.191Z]     
[2024-01-12T15:40:28.191Z]     
[2024-01-12T15:40:28.191Z]     -- promoting: /Volumes/DATA/local/S/jenkins/workspace/ECP/ecg-maya-hydra/ecg-maya-hydra-branch-preflight-python3-osx/ecg-maya-hydra/maya-hydra/lib/mayaHydra/hydraExtensions/api.h
[2024-01-12T15:40:28.191Z]     -- promoting: /Volumes/DATA/local/S/jenkins/workspace/ECP/ecg-maya-hydra/ecg-maya-hydra-branch-preflight-python3-osx/ecg-maya-hydra/maya-hydra/lib/mayaHydra/hydraExtensions/debugCodes.h
[2024-01-12T15:40:28.191Z]     -- promoting: /Volumes/DATA/local/S/jenkins/workspace/ECP/ecg-maya-hydra/ecg-maya-hydra-branch-preflight-python3-osx/ecg-maya-hydra/maya-hydra/lib/mayaHydra/hydraExtensions/hydraUtils.h
[2024-01-12T15:40:28.191Z]     -- promoting: /Volumes/DATA/local/S/jenkins/workspace/ECP/ecg-maya-hydra/ecg-maya-hydra-branch-preflight-python3-osx/ecg-maya-hydra/maya-hydra/lib/mayaHydra/hydraExtensions/mayaHydraLibInterface.h
[2024-01-12T15:40:28.191Z]     -- promoting: /Volumes/DATA/local/S/jenkins/workspace/ECP/ecg-maya-hydra/ecg-maya-hydra-branch-preflight-python3-osx/ecg-maya-hydra/maya-hydra/lib/mayaHydra/hydraExtensions/mayaHydraLibInterfaceImp.h
[2024-01-12T15:40:28.191Z]     -- promoting: /Volumes/DATA/local/S/jenkins/workspace/ECP/ecg-maya-hydra/ecg-maya-hydra-branch-preflight-python3-osx/ecg-maya-hydra/maya-hydra/lib/mayaHydra/hydraExtensions/mayaUtils.h
[2024-01-12T15:40:28.191Z]     -- promoting: /Volumes/DATA/local/S/jenkins/workspace/ECP/ecg-maya-hydra/ecg-maya-hydra-branch-preflight-python3-osx/ecg-maya-hydra/maya-hydra/lib/mayaHydra/hydraExtensions/mixedUtils.h
[2024-01-12T15:40:28.191Z]     -- promoting: /Volumes/DATA/local/S/jenkins/workspace/ECP/ecg-maya-hydra/ecg-maya-hydra-branch-preflight-python3-osx/ecg-maya-hydra/maya-hydra/lib/mayaHydra/hydraExtensions/mayaHydraSceneProducer.h
[2024-01-12T15:40:28.191Z]     -- promoting: /Volumes/DATA/local/S/jenkins/workspace/ECP/ecg-maya-hydra/ecg-maya-hydra-branch-preflight-python3-osx/ecg-maya-hydra/maya-hydra/lib/mayaHydra/hydraExtensions/adapters/adapter.h
[2024-01-12T15:40:28.191Z]     -- promoting: /Volumes/DATA/local/S/jenkins/workspace/ECP/ecg-maya-hydra/ecg-maya-hydra-branch-preflight-python3-osx/ecg-maya-hydra/maya-hydra/lib/mayaHydra/hydraExtensions/adapters/adapterDebugCodes.h
[2024-01-12T15:40:28.191Z]     -- promoting: /Volumes/DATA/local/S/jenkins/workspace/ECP/ecg-maya-hydra/ecg-maya-hydra-branch-preflight-python3-osx/ecg-maya-hydra/maya-hydra/lib/mayaHydra/hydraExtensions/adapters/adapterRegistry.h
[2024-01-12T15:40:28.191Z]     -- promoting: /Volumes/DATA/local/S/jenkins/workspace/ECP/ecg-maya-hydra/ecg-maya-hydra-branch-preflight-python3-osx/ecg-maya-hydra/maya-hydra/lib/mayaHydra/hydraExtensions/adapters/cameraAdapter.h
[2024-01-12T15:40:28.191Z]     -- promoting: /Volumes/DATA/local/S/jenkins/workspace/ECP/ecg-maya-hydra/ecg-maya-hydra-branch-preflight-python3-osx/ecg-maya-hydra/maya-hydra/lib/mayaHydra/hydraExtensions/adapters/constantShadowMatrix.h
[2024-01-12T15:40:28.191Z]     -- promoting: /Volumes/DATA/local/S/jenkins/workspace/ECP/ecg-maya-hydra/ecg-maya-hydra-branch-preflight-python3-osx/ecg-maya-hydra/maya-hydra/lib/mayaHydra/hydraExtensions/adapters/dagAdapter.h
[2024-01-12T15:40:28.191Z]     -- promoting: /Volumes/DATA/local/S/jenkins/workspace/ECP/ecg-maya-hydra/ecg-maya-hydra-branch-preflight-python3-osx/ecg-maya-hydra/maya-hydra/lib/mayaHydra/hydraExtensions/adapters/renderItemAdapter.h
[2024-01-12T15:40:28.191Z]     -- promoting: /Volumes/DATA/local/S/jenkins/workspace/ECP/ecg-maya-hydra/ecg-maya-hydra-branch-preflight-python3-osx/ecg-maya-hydra/maya-hydra/lib/mayaHydra/hydraExtensions/adapters/lightAdapter.h
[2024-01-12T15:40:28.191Z]     -- promoting: /Volumes/DATA/local/S/jenkins/workspace/ECP/ecg-maya-hydra/ecg-maya-hydra-branch-preflight-python3-osx/ecg-maya-hydra/maya-hydra/lib/mayaHydra/hydraExtensions/adapters/materialAdapter.h
[2024-01-12T15:40:28.191Z]     -- promoting: /Volumes/DATA/local/S/jenkins/workspace/ECP/ecg-maya-hydra/ecg-maya-hydra-branch-preflight-python3-osx/ecg-maya-hydra/maya-hydra/lib/mayaHydra/hydraExtensions/adapters/materialNetworkConverter.h
[2024-01-12T15:40:28.191Z]     -- promoting: /Volumes/DATA/local/S/jenkins/workspace/ECP/ecg-maya-hydra/ecg-maya-hydra-branch-preflight-python3-osx/ecg-maya-hydra/maya-hydra/lib/mayaHydra/hydraExtensions/adapters/mayaAttrs.h
[2024-01-12T15:40:28.191Z]     -- promoting: /Volumes/DATA/local/S/jenkins/workspace/ECP/ecg-maya-hydra/ecg-maya-hydra-branch-preflight-python3-osx/ecg-maya-hydra/maya-hydra/lib/mayaHydra/hydraExtensions/adapters/shapeAdapter.h
[2024-01-12T15:40:28.191Z]     -- promoting: /Volumes/DATA/local/S/jenkins/workspace/ECP/ecg-maya-hydra/ecg-maya-hydra-branch-preflight-python3-osx/ecg-maya-hydra/maya-hydra/lib/mayaHydra/hydraExtensions/adapters/tokens.h
[2024-01-12T15:40:28.191Z]     -- promoting: /Volumes/DATA/local/S/jenkins/workspace/ECP/ecg-maya-hydra/ecg-maya-hydra-branch-preflight-python3-osx/ecg-maya-hydra/maya-hydra/lib/mayaHydra/hydraExtensions/delegates/delegate.h
[2024-01-12T15:40:28.191Z]     -- promoting: /Volumes/DATA/local/S/jenkins/workspace/ECP/ecg-maya-hydra/ecg-maya-hydra-branch-preflight-python3-osx/ecg-maya-hydra/maya-hydra/lib/mayaHydra/hydraExtensions/delegates/delegateCtx.h
[2024-01-12T15:40:28.191Z]     -- promoting: /Volumes/DATA/local/S/jenkins/workspace/ECP/ecg-maya-hydra/ecg-maya-hydra-branch-preflight-python3-osx/ecg-maya-hydra/maya-hydra/lib/mayaHydra/hydraExtensions/delegates/delegateDebugCodes.h
[2024-01-12T15:40:28.191Z]     -- promoting: /Volumes/DATA/local/S/jenkins/workspace/ECP/ecg-maya-hydra/ecg-maya-hydra-branch-preflight-python3-osx/ecg-maya-hydra/maya-hydra/lib/mayaHydra/hydraExtensions/delegates/delegateRegistry.h
[2024-01-12T15:40:28.191Z]     -- promoting: /Volumes/DATA/local/S/jenkins/workspace/ECP/ecg-maya-hydra/ecg-maya-hydra-branch-preflight-python3-osx/ecg-maya-hydra/maya-hydra/lib/mayaHydra/hydraExtensions/delegates/params.h
[2024-01-12T15:40:28.191Z]     -- promoting: /Volumes/DATA/local/S/jenkins/workspace/ECP/ecg-maya-hydra/ecg-maya-hydra-branch-preflight-python3-osx/ecg-maya-hydra/maya-hydra/lib/mayaHydra/hydraExtensions/delegates/sceneDelegate.h
[2024-01-12T15:40:28.191Z]     -- promoting: /Volumes/DATA/local/S/jenkins/workspace/ECP/ecg-maya-hydra/ecg-maya-hydra-branch-preflight-python3-osx/ecg-maya-hydra/maya-hydra/lib/mayaHydra/hydraExtensions/delegates/defaultLightDelegate.h
[2024-01-12T15:40:28.191Z]     -- promoting: /Volumes/DATA/local/S/jenkins/workspace/ECP/ecg-maya-hydra/ecg-maya-hydra-branch-preflight-python3-osx/ecg-maya-hydra/maya-hydra/lib/mayaHydra/hydraExtensions/delegates/testDelegate.h
[2024-01-12T15:40:28.191Z]     -- promoting: /Volumes/DATA/local/S/jenkins/workspace/ECP/ecg-maya-hydra/ecg-maya-hydra-branch-preflight-python3-osx/ecg-maya-hydra/maya-hydra/lib/mayaHydra/hydraExtensions/sceneIndex/registration.h
[2024-01-12T15:40:28.191Z]     -- promoting: /Volumes/DATA/local/S/jenkins/workspace/ECP/ecg-maya-hydra/ecg-maya-hydra-branch-preflight-python3-osx/ecg-maya-hydra/maya-hydra/lib/mayaHydra/hydraExtensions/sceneIndex/mayaHydraSceneIndex.h
[2024-01-12T15:40:28.191Z]     -- promoting: /Volumes/DATA/local/S/jenkins/workspace/ECP/ecg-maya-hydra/ecg-maya-hydra-branch-preflight-python3-osx/ecg-maya-hydra/maya-hydra/lib/mayaHydra/hydraExtensions/sceneIndex/mayaHydraDataSource.h
[2024-01-12T15:40:28.191Z]     -- promoting: /Volumes/DATA/local/S/jenkins/workspace/ECP/ecg-maya-hydra/ecg-maya-hydra-branch-preflight-python3-osx/ecg-maya-hydra/maya-hydra/lib/mayaHydra/hydraExtensions/sceneIndex/mayaHydraPrimvarDataSource.h
[2024-01-12T15:40:28.191Z]     -- promoting: /Volumes/DATA/local/S/jenkins/workspace/ECP/ecg-maya-hydra/ecg-maya-hydra-branch-preflight-python3-osx/ecg-maya-hydra/maya-hydra/lib/mayaHydra/hydraExtensions/sceneIndex/mayaHydraDisplayStyleDataSource.h
[2024-01-12T15:40:28.191Z]     -- promoting: /Volumes/DATA/local/S/jenkins/workspace/ECP/ecg-maya-hydra/ecg-maya-hydra-branch-preflight-python3-osx/ecg-maya-hydra/maya-hydra/lib/mayaHydra/hydraExtensions/sceneIndex/mayaHydraCameraDataSource.h
[2024-01-12T15:40:28.191Z]     -- promoting: /Volumes/DATA/local/S/jenkins/workspace/ECP/ecg-maya-hydra/ecg-maya-hydra-branch-preflight-python3-osx/ecg-maya-hydra/maya-hydra/lib/mayaHydra/hydraExtensions/sceneIndex/mayaHydraLightDataSource.h
[2024-01-12T15:40:28.191Z]     -- promoting: /Volumes/DATA/local/S/jenkins/workspace/ECP/ecg-maya-hydra/ecg-maya-hydra-branch-preflight-python3-osx/ecg-maya-hydra/maya-hydra/lib/mayaHydra/hydraExtensions/sceneIndex/mayaHydraDefaultLightDataSource.h
[2024-01-12T15:40:28.191Z]     -- promoting: /Volumes/DATA/local/S/jenkins/workspace/ECP/ecg-maya-hydra/ecg-maya-hydra-branch-preflight-python3-osx/ecg-maya-hydra/maya-hydra/lib/mayaHydra/hydraExtensions/sceneIndex/mayaHydraMayaDataProducerSceneIndexData.h
[2024-01-12T15:40:28.191Z]     -- promoting: /Volumes/DATA/local/S/jenkins/workspace/ECP/ecg-maya-hydra/ecg-maya-hydra-branch-preflight-python3-osx/ecg-maya-hydra/maya-hydra/lib/mayaHydra/hydraExtensions/sceneIndex/mayaHydraMayaDataProducerSceneIndexDataConcreteFactory.h
[2024-01-12T15:40:28.191Z]     -- promoting: /Volumes/DATA/local/S/jenkins/workspace/ECP/ecg-maya-hydra/ecg-maya-hydra-branch-preflight-python3-osx/ecg-maya-hydra/maya-hydra/lib/mayaHydra/hydraExtensions/sceneIndex/mayaHydraSceneIndexDataFactoriesSetup.h
[2024-01-12T15:40:28.191Z]     -- promoting: /Volumes/DATA/local/S/jenkins/workspace/ECP/ecg-maya-hydra/ecg-maya-hydra-branch-preflight-python3-osx/ecg-maya-hydra/maya-hydra/lib/mayaHydra/hydraExtensions/sceneIndex/mayaHydraMayaFilteringSceneIndexData.h
[2024-01-12T15:40:28.191Z]     -- promoting: /Volumes/DATA/local/S/jenkins/workspace/ECP/ecg-maya-hydra/ecg-maya-hydra-branch-preflight-python3-osx/ecg-maya-hydra/maya-hydra/lib/mayaHydra/hydraExtensions/sceneIndex/mayaHydraMayaFilteringSceneIndexDataConcreteFactory.h
[2024-01-12T15:40:28.191Z]     -- promoting: /Volumes/DATA/local/S/jenkins/workspace/ECP/ecg-maya-hydra/ecg-maya-hydra-branch-preflight-python3-osx/ecg-maya-hydra/maya-hydra/lib/mayaHydra/hydraExtensions/sceneIndex/mayaHydraMayaUsdProxyShapeSceneIndex.h
[2024-01-12T15:40:28.191Z]     -- promoting: /Volumes/DATA/local/S/jenkins/workspace/ECP/ecg-maya-hydra/ecg-maya-hydra-branch-preflight-python3-osx/ecg-maya-hydra/maya-hydra/lib/mayaHydra/ufeExtensions/api.h
[2024-01-12T15:40:28.191Z]     -- promoting: /Volumes/DATA/local/S/jenkins/workspace/ECP/ecg-maya-hydra/ecg-maya-hydra-branch-preflight-python3-osx/ecg-maya-hydra/maya-hydra/lib/mayaHydra/ufeExtensions/Global.h
[2024-01-12T15:40:28.191Z]     -- promoting: /Volumes/DATA/local/S/jenkins/workspace/ECP/ecg-maya-hydra/ecg-maya-hydra-branch-preflight-python3-osx/ecg-maya-hydra/maya-hydra/lib/flowViewport/api.h
[2024-01-12T15:40:28.191Z]     -- promoting: /Volumes/DATA/local/S/jenkins/workspace/ECP/ecg-maya-hydra/ecg-maya-hydra-branch-preflight-python3-osx/ecg-maya-hydra/maya-hydra/lib/flowViewport/debugCodes.h
[2024-01-12T15:40:28.191Z]     -- promoting: /Volumes/DATA/local/S/jenkins/workspace/ECP/ecg-maya-hydra/ecg-maya-hydra-branch-preflight-python3-osx/ecg-maya-hydra/maya-hydra/lib/flowViewport/global.h
[2024-01-12T15:40:28.191Z]     -- promoting: /Volumes/DATA/local/S/jenkins/workspace/ECP/ecg-maya-hydra/ecg-maya-hydra-branch-preflight-python3-osx/ecg-maya-hydra/maya-hydra/lib/flowViewport/tokens.h
[2024-01-12T15:40:28.191Z]     -- promoting: /Volumes/DATA/local/S/jenkins/workspace/ECP/ecg-maya-hydra/ecg-maya-hydra-branch-preflight-python3-osx/ecg-maya-hydra/maya-hydra/lib/flowViewport/colorPreferences/fvpColorChanged.h
[2024-01-12T15:40:28.191Z]     -- promoting: /Volumes/DATA/local/S/jenkins/workspace/ECP/ecg-maya-hydra/ecg-maya-hydra-branch-preflight-python3-osx/ecg-maya-hydra/maya-hydra/lib/flowViewport/colorPreferences/fvpColorPreferences.h
[2024-01-12T15:40:28.191Z]     -- promoting: /Volumes/DATA/local/S/jenkins/workspace/ECP/ecg-maya-hydra/ecg-maya-hydra-branch-preflight-python3-osx/ecg-maya-hydra/maya-hydra/lib/flowViewport/colorPreferences/fvpColorPreferencesTokens.h
[2024-01-12T15:40:28.191Z]     -- promoting: /Volumes/DATA/local/S/jenkins/workspace/ECP/ecg-maya-hydra/ecg-maya-hydra-branch-preflight-python3-osx/ecg-maya-hydra/maya-hydra/lib/flowViewport/colorPreferences/fvpColorPreferencesTranslator.h
[2024-01-12T15:40:28.191Z]     -- promoting: /Volumes/DATA/local/S/jenkins/workspace/ECP/ecg-maya-hydra/ecg-maya-hydra-branch-preflight-python3-osx/ecg-maya-hydra/maya-hydra/lib/flowViewport/sceneIndex/fvpMergingSceneIndex.h
[2024-01-12T15:40:28.191Z]     -- promoting: /Volumes/DATA/local/S/jenkins/workspace/ECP/ecg-maya-hydra/ecg-maya-hydra-branch-preflight-python3-osx/ecg-maya-hydra/maya-hydra/lib/flowViewport/sceneIndex/fvpPathInterface.h
[2024-01-12T15:40:28.191Z]     -- promoting: /Volumes/DATA/local/S/jenkins/workspace/ECP/ecg-maya-hydra/ecg-maya-hydra-branch-preflight-python3-osx/ecg-maya-hydra/maya-hydra/lib/flowViewport/sceneIndex/fvpPathInterfaceSceneIndex.h
[2024-01-12T15:40:28.191Z]     -- promoting: /Volumes/DATA/local/S/jenkins/workspace/ECP/ecg-maya-hydra/ecg-maya-hydra-branch-preflight-python3-osx/ecg-maya-hydra/maya-hydra/lib/flowViewport/sceneIndex/fvpRenderIndexProxy.h
[2024-01-12T15:40:28.191Z]     -- promoting: /Volumes/DATA/local/S/jenkins/workspace/ECP/ecg-maya-hydra/ecg-maya-hydra-branch-preflight-python3-osx/ecg-maya-hydra/maya-hydra/lib/flowViewport/sceneIndex/fvpRenderIndexProxyFwd.h
[2024-01-12T15:40:28.191Z]     -- promoting: /Volumes/DATA/local/S/jenkins/workspace/ECP/ecg-maya-hydra/ecg-maya-hydra-branch-preflight-python3-osx/ecg-maya-hydra/maya-hydra/lib/flowViewport/sceneIndex/fvpSelectionSceneIndex.h
[2024-01-12T15:40:28.191Z]     -- promoting: /Volumes/DATA/local/S/jenkins/workspace/ECP/ecg-maya-hydra/ecg-maya-hydra-branch-preflight-python3-osx/ecg-maya-hydra/maya-hydra/lib/flowViewport/sceneIndex/fvpWireframeSelectionHighlightSceneIndex.h
[2024-01-12T15:40:28.191Z]     -- promoting: /Volumes/DATA/local/S/jenkins/workspace/ECP/ecg-maya-hydra/ecg-maya-hydra-branch-preflight-python3-osx/ecg-maya-hydra/maya-hydra/lib/flowViewport/sceneIndex/fvpParentDataModifierSceneIndex.h
[2024-01-12T15:40:28.191Z]     -- promoting: /Volumes/DATA/local/S/jenkins/workspace/ECP/ecg-maya-hydra/ecg-maya-hydra-branch-preflight-python3-osx/ecg-maya-hydra/maya-hydra/lib/flowViewport/API/fvpSelectionClient.h
[2024-01-12T15:40:28.191Z]     -- promoting: /Volumes/DATA/local/S/jenkins/workspace/ECP/ecg-maya-hydra/ecg-maya-hydra-branch-preflight-python3-osx/ecg-maya-hydra/maya-hydra/lib/flowViewport/API/fvpSelectionInterface.h
[2024-01-12T15:40:28.191Z]     -- promoting: /Volumes/DATA/local/S/jenkins/workspace/ECP/ecg-maya-hydra/ecg-maya-hydra-branch-preflight-python3-osx/ecg-maya-hydra/maya-hydra/lib/flowViewport/API/fvpVersionInterface.h
[2024-01-12T15:40:28.191Z]     -- promoting: /Volumes/DATA/local/S/jenkins/workspace/ECP/ecg-maya-hydra/ecg-maya-hydra-branch-preflight-python3-osx/ecg-maya-hydra/maya-hydra/lib/flowViewport/API/fvpInformationInterface.h
[2024-01-12T15:40:28.191Z]     -- promoting: /Volumes/DATA/local/S/jenkins/workspace/ECP/ecg-maya-hydra/ecg-maya-hydra-branch-preflight-python3-osx/ecg-maya-hydra/maya-hydra/lib/flowViewport/API/fvpInformationClient.h
[2024-01-12T15:40:28.191Z]     -- promoting: /Volumes/DATA/local/S/jenkins/workspace/ECP/ecg-maya-hydra/ecg-maya-hydra-branch-preflight-python3-osx/ecg-maya-hydra/maya-hydra/lib/flowViewport/API/fvpDataProducerSceneIndexInterface.h
[2024-01-12T15:40:28.191Z]     -- promoting: /Volumes/DATA/local/S/jenkins/workspace/ECP/ecg-maya-hydra/ecg-maya-hydra-branch-preflight-python3-osx/ecg-maya-hydra/maya-hydra/lib/flowViewport/API/fvpFilteringSceneIndexClient.h
[2024-01-12T15:40:28.191Z]     -- promoting: /Volumes/DATA/local/S/jenkins/workspace/ECP/ecg-maya-hydra/ecg-maya-hydra-branch-preflight-python3-osx/ecg-maya-hydra/maya-hydra/lib/flowViewport/API/fvpFilteringSceneIndexClientFwd.h
[2024-01-12T15:40:28.191Z]     -- promoting: /Volumes/DATA/local/S/jenkins/workspace/ECP/ecg-maya-hydra/ecg-maya-hydra-branch-preflight-python3-osx/ecg-maya-hydra/maya-hydra/lib/flowViewport/API/fvpFilteringSceneIndexInterface.h
[2024-01-12T15:40:28.191Z]     -- promoting: /Volumes/DATA/local/S/jenkins/workspace/ECP/ecg-maya-hydra/ecg-maya-hydra-branch-preflight-python3-osx/ecg-maya-hydra/maya-hydra/lib/flowViewport/API/fvpViewportAPITokens.h
[2024-01-12T15:40:28.191Z]     -- promoting: /Volumes/DATA/local/S/jenkins/workspace/ECP/ecg-maya-hydra/ecg-maya-hydra-branch-preflight-python3-osx/ecg-maya-hydra/maya-hydra/lib/flowViewport/API/interfacesImp/fvpSelectionInterfaceImp.h
[2024-01-12T15:40:28.191Z]     -- promoting: /Volumes/DATA/local/S/jenkins/workspace/ECP/ecg-maya-hydra/ecg-maya-hydra-branch-preflight-python3-osx/ecg-maya-hydra/maya-hydra/lib/flowViewport/API/interfacesImp/fvpVersionInterfaceImp.h
[2024-01-12T15:40:28.191Z]     -- promoting: /Volumes/DATA/local/S/jenkins/workspace/ECP/ecg-maya-hydra/ecg-maya-hydra-branch-preflight-python3-osx/ecg-maya-hydra/maya-hydra/lib/flowViewport/API/interfacesImp/fvpInformationInterfaceImp.h
[2024-01-12T15:40:28.191Z]     -- promoting: /Volumes/DATA/local/S/jenkins/workspace/ECP/ecg-maya-hydra/ecg-maya-hydra-branch-preflight-python3-osx/ecg-maya-hydra/maya-hydra/lib/flowViewport/API/interfacesImp/fvpDataProducerSceneIndexInterfaceImp.h
[2024-01-12T15:40:28.191Z]     -- promoting: /Volumes/DATA/local/S/jenkins/workspace/ECP/ecg-maya-hydra/ecg-maya-hydra-branch-preflight-python3-osx/ecg-maya-hydra/maya-hydra/lib/flowViewport/API/interfacesImp/fvpFilteringSceneIndexInterfaceImp.h
[2024-01-12T15:40:28.191Z]     -- promoting: /Volumes/DATA/local/S/jenkins/workspace/ECP/ecg-maya-hydra/ecg-maya-hydra-branch-preflight-python3-osx/ecg-maya-hydra/maya-hydra/lib/flowViewport/API/samples/fvpSelectionClientExample.h
[2024-01-12T15:40:28.191Z]     -- promoting: /Volumes/DATA/local/S/jenkins/workspace/ECP/ecg-maya-hydra/ecg-maya-hydra-branch-preflight-python3-osx/ecg-maya-hydra/maya-hydra/lib/flowViewport/API/samples/fvpInformationClientExample.h
[2024-01-12T15:40:28.191Z]     -- promoting: /Volumes/DATA/local/S/jenkins/workspace/ECP/ecg-maya-hydra/ecg-maya-hydra-branch-preflight-python3-osx/ecg-maya-hydra/maya-hydra/lib/flowViewport/API/samples/fvpDataProducerSceneIndexExample.h
[2024-01-12T15:40:28.191Z]     -- promoting: /Volumes/DATA/local/S/jenkins/workspace/ECP/ecg-maya-hydra/ecg-maya-hydra-branch-preflight-python3-osx/ecg-maya-hydra/maya-hydra/lib/flowViewport/API/samples/fvpFilteringSceneIndexExample.h
[2024-01-12T15:40:28.191Z]     -- promoting: /Volumes/DATA/local/S/jenkins/workspace/ECP/ecg-maya-hydra/ecg-maya-hydra-branch-preflight-python3-osx/ecg-maya-hydra/maya-hydra/lib/flowViewport/API/samples/fvpFilteringSceneIndexClientExample.h
[2024-01-12T15:40:28.191Z]     -- promoting: /Volumes/DATA/local/S/jenkins/workspace/ECP/ecg-maya-hydra/ecg-maya-hydra-branch-preflight-python3-osx/ecg-maya-hydra/maya-hydra/lib/flowViewport/API/perViewportSceneIndicesData/fvpViewportInformationAndSceneIndicesPerViewportData.h
[2024-01-12T15:40:28.191Z]     -- promoting: /Volumes/DATA/local/S/jenkins/workspace/ECP/ecg-maya-hydra/ecg-maya-hydra-branch-preflight-python3-osx/ecg-maya-hydra/maya-hydra/lib/flowViewport/API/perViewportSceneIndicesData/fvpViewportInformationAndSceneIndicesPerViewportDataManager.h
[2024-01-12T15:40:28.191Z]     -- promoting: /Volumes/DATA/local/S/jenkins/workspace/ECP/ecg-maya-hydra/ecg-maya-hydra-branch-preflight-python3-osx/ecg-maya-hydra/maya-hydra/lib/flowViewport/API/perViewportSceneIndicesData/fvpDataProducerSceneIndexDataAbstractFactory.h
[2024-01-12T15:40:28.191Z]     -- promoting: /Volumes/DATA/local/S/jenkins/workspace/ECP/ecg-maya-hydra/ecg-maya-hydra-branch-preflight-python3-osx/ecg-maya-hydra/maya-hydra/lib/flowViewport/API/perViewportSceneIndicesData/fvpDataProducerSceneIndexDataBase.h
[2024-01-12T15:40:28.191Z]     -- promoting: /Volumes/DATA/local/S/jenkins/workspace/ECP/ecg-maya-hydra/ecg-maya-hydra-branch-preflight-python3-osx/ecg-maya-hydra/maya-hydra/lib/flowViewport/API/perViewportSceneIndicesData/fvpFilteringSceneIndexDataAbstractFactory.h
[2024-01-12T15:40:28.191Z]     -- promoting: /Volumes/DATA/local/S/jenkins/workspace/ECP/ecg-maya-hydra/ecg-maya-hydra-branch-preflight-python3-osx/ecg-maya-hydra/maya-hydra/lib/flowViewport/API/perViewportSceneIndicesData/fvpFilteringSceneIndexDataBase.h
[2024-01-12T15:40:28.191Z]     -- promoting: /Volumes/DATA/local/S/jenkins/workspace/ECP/ecg-maya-hydra/ecg-maya-hydra-branch-preflight-python3-osx/ecg-maya-hydra/maya-hydra/lib/flowViewport/API/perViewportSceneIndicesData/fvpFilteringSceneIndicesChainManager.h
[2024-01-12T15:40:28.191Z]     -- promoting: /Volumes/DATA/local/S/jenkins/workspace/ECP/ecg-maya-hydra/ecg-maya-hydra-branch-preflight-python3-osx/ecg-maya-hydra/maya-hydra/lib/flowViewport/selection/fvpSelection.h
[2024-01-12T15:40:28.192Z]     -- promoting: /Volumes/DATA/local/S/jenkins/workspace/ECP/ecg-maya-hydra/ecg-maya-hydra-branch-preflight-python3-osx/ecg-maya-hydra/maya-hydra/lib/flowViewport/selection/fvpSelectionFwd.h
[2024-01-12T15:40:28.192Z]     -- promoting: /Volumes/DATA/local/S/jenkins/workspace/ECP/ecg-maya-hydra/ecg-maya-hydra-branch-preflight-python3-osx/ecg-maya-hydra/maya-hydra/lib/flowViewport/selection/fvpSelectionTask.h
[2024-01-12T15:40:28.192Z]     -- promoting: /Volumes/DATA/local/S/jenkins/workspace/ECP/ecg-maya-hydra/ecg-maya-hydra-branch-preflight-python3-osx/ecg-maya-hydra/maya-hydra/lib/flowViewport/selection/fvpSelectionTracker.h
[2024-01-12T15:40:30.009Z]     -- Configuring done
[2024-01-12T15:40:30.009Z]     CMake Error: The following variables are used in this project, but they are set to NOTFOUND.
[2024-01-12T15:40:30.009Z]     Please set them or make sure they are set and tested correctly in the CMake files:
[2024-01-12T15:40:30.009Z]     MAYAUSD_API_LIBRARY
[2024-01-12T15:40:30.009Z]         linked by target "mayaHydraLib" in directory /Volumes/DATA/local/S/jenkins/workspace/ECP/ecg-maya-hydra/ecg-maya-hydra-branch-preflight-python3-osx/ecg-maya-hydra/maya-hydra/lib/mayaHydra/hydraExtensions
[2024-01-12T15:40:30.009Z]     
[2024-01-12T15:40:30.009Z]     -- Generating done
[2024-01-12T15:40:30.009Z]     CMake Generate step failed.  Build files cannot be regenerated correctly.
[2024-01-12T15:40:30.009Z]     
[2024-01-12T15:40:30.009Z]         Building with settings:
[2024-01-12T15:40:30.009Z]           Source directory          /Volumes/DATA/local/S/jenkins/workspace/ECP/ecg-maya-hydra/ecg-maya-hydra-branch-preflight-python3-osx/ecg-maya-hydra/maya-hydra
[2024-01-12T15:40:30.009Z]           Workspace directory       /local/S/jenkins/workspace/ECP/ecg-maya-hydra/ecg-maya-hydra-branch-preflight-python3-osx
[2024-01-12T15:40:30.009Z]           Build directory           /local/S/jenkins/workspace/ECP/ecg-maya-hydra/ecg-maya-hydra-branch-preflight-python3-osx/build/Debug
[2024-01-12T15:40:30.009Z]           Install directory         /local/S/jenkins/workspace/ECP/ecg-maya-hydra/ecg-maya-hydra-branch-preflight-python3-osx/install/Debug/MayaHydra
[2024-01-12T15:40:30.009Z]           Variant                   Debug
[2024-01-12T15:40:30.009Z]           Python Debug              Off
[2024-01-12T15:40:30.009Z]           CMake generator           Ninja
[2024-01-12T15:40:30.009Z]           Build arguments           ['-DCMAKE_MAKE_PROGRAM=/local/S/jenkins/workspace/shared/Artifactory/OSX/ninja/1.10.2/95d0ca5/ninja', '-DPYTHON_INCLUDE_DIR=/local/S/jenkins/workspace/shared/Artifactory/OSX/rundev-master-debug/202401090634/runtime/751320c/runTime/Maya.app/Contents/Frameworks/Python.framework/Versions/Current/include/python3.11', '-DPython_EXECUTABLE=/local/S/jenkins/workspace/shared/Artifactory/OSX/rundev-master-debug/202401090634/runtime/751320c/runTime/Maya.app/Contents/bin/mayapy', '-DPYTHON_LIBRARIES=/local/S/jenkins/workspace/shared/Artifactory/OSX/rundev-master-debug/202401090634/runtime/751320c/runTime/Maya.app/Contents/Frameworks/Python.framework/Versions/Current/lib/libpython3.11.dylib', '-DBUILD_WITH_PYTHON_3_VERSION=3.11', '-DBUILD_UB2=ON', '-DCMAKE_WANT_MATERIALX_BUILD=ON', '-DCMAKE_PREFIX_PATH=/local/S/jenkins/workspace/shared/Artifactory/OSX/USD/ca7f6ed', '-DMAYAHYDRA_BUILD_NUMBER=455', '-DMAYAHYDRA_GIT_COMMIT=1189bf7b31d629ca841cb0cba68a0d9b96b5607e', '-DMAYAHYDRA_GIT_BRANCH=master', '-DMAYAUSD_LOCATION=/local/S/jenkins/workspace/shared/Artifactory/OSX/mayausd-cotd-debug/202401092322/runtime/683f157/mayausd']
[2024-01-12T15:40:30.009Z]           Stages arguments          ['configure']
[2024-01-12T15:40:30.009Z]           CTest arguments           ['-LE interactive', '--parallel 8']
[2024-01-12T15:40:30.009Z]     STATUS: Could not find Maya Qt6.
[2024-01-12T15:40:30.009Z]     STATUS:   Extracting '/local/S/jenkins/workspace/shared/Artifactory/OSX/rundev-master-debug/202401090634/runtime/751320c/devkitBase/Qt.tgz' to '/local/S/jenkins/workspace/shared/Artifactory/OSX/rundev-master-debug/202401090634/runtime/751320c/devkitBase'
[2024-01-12T15:40:30.009Z]     #####################################################################################
[2024-01-12T15:40:30.009Z]     log date: 2024-01-12 07:40
[2024-01-12T15:40:30.009Z]     commit sha: ab5fa061f9bbffe21573581c799c77b09211c816
[2024-01-12T15:40:30.009Z]     commit date: Fri Jan 12 16:29:55 2024 +0100
[2024-01-12T15:40:30.009Z]     #####################################################################################
[2024-01-12T15:40:30.009Z]     
[2024-01-12T15:40:30.010Z]     cmake -DCMAKE_INSTALL_PREFIX="/local/S/jenkins/workspace/ECP/ecg-maya-hydra/ecg-maya-hydra-branch-preflight-python3-osx/install/Debug/MayaHydra" -DCMAKE_BUILD_TYPE=Debug -DCMAKE_EXPORT_COMPILE_COMMANDS=ON -G "Ninja" -DMAYA_LOCATION="/local/S/jenkins/workspace/shared/Artifactory/OSX/rundev-master-debug/202401090634/runtime/751320c/runTime" -DPXR_USD_LOCATION="/local/S/jenkins/workspace/shared/Artifactory/OSX/USD/ca7f6ed" -DMAYA_DEVKIT_LOCATION="/local/S/jenkins/workspace/shared/Artifactory/OSX/rundev-master-debug/202401090634/runtime/751320c/devkitBase" -DCMAKE_MAKE_PROGRAM=/local/S/jenkins/workspace/shared/Artifactory/OSX/ninja/1.10.2/95d0ca5/ninja -DPYTHON_INCLUDE_DIR=/local/S/jenkins/workspace/shared/Artifactory/OSX/rundev-master-debug/202401090634/runtime/751320c/runTime/Maya.app/Contents/Frameworks/Python.framework/Versions/Current/include/python3.11 -DPython_EXECUTABLE=/local/S/jenkins/workspace/shared/Artifactory/OSX/rundev-master-debug/202401090634/runtime/751320c/runTime/Maya.app/Contents/bin/mayapy -DPYTHON_LIBRARIES=/local/S/jenkins/workspace/shared/Artifactory/OSX/rundev-master-debug/202401090634/runtime/751320c/runTime/Maya.app/Contents/Frameworks/Python.framework/Versions/Current/lib/libpython3.11.dylib -DBUILD_WITH_PYTHON_3_VERSION=3.11 -DBUILD_UB2=ON -DCMAKE_WANT_MATERIALX_BUILD=ON -DCMAKE_PREFIX_PATH=/local/S/jenkins/workspace/shared/Artifactory/OSX/USD/ca7f6ed -DMAYAHYDRA_BUILD_NUMBER=455 -DMAYAHYDRA_GIT_COMMIT=1189bf7b31d629ca841cb0cba68a0d9b96b5607e -DMAYAHYDRA_GIT_BRANCH=master -DMAYAUSD_LOCATION=/local/S/jenkins/workspace/shared/Artifactory/OSX/mayausd-cotd-debug/202401092322/runtime/683f157/mayausd "/Volumes/DATA/local/S/jenkins/workspace/ECP/ecg-maya-hydra/ecg-maya-hydra-branch-preflight-python3-osx/ecg-maya-hydra/maya-hydra"
[2024-01-12T15:40:30.010Z]     
[2024-01-12T15:40:30.010Z]     Traceback (most recent call last):
[2024-01-12T15:40:30.010Z]       File "/Volumes/DATA/local/S/jenkins/workspace/ECP/ecg-maya-hydra/ecg-maya-hydra-branch-preflight-python3-osx/ecg-maya-hydra/maya-hydra/build.py", line 745, in <module>
[2024-01-12T15:40:30.010Z]         BuildAndInstall(context, context.buildArgs, context.stagesArgs)
[2024-01-12T15:40:30.010Z]       File "/Volumes/DATA/local/S/jenkins/workspace/ECP/ecg-maya-hydra/ecg-maya-hydra-branch-preflight-python3-osx/ecg-maya-hydra/maya-hydra/build.py", line 502, in BuildAndInstall
[2024-01-12T15:40:30.010Z]         RunCMake(context, extraArgs, stagesArgs)
[2024-01-12T15:40:30.010Z]       File "/Volumes/DATA/local/S/jenkins/workspace/ECP/ecg-maya-hydra/ecg-maya-hydra-branch-preflight-python3-osx/ecg-maya-hydra/maya-hydra/build.py", line 305, in RunCMake
[2024-01-12T15:40:30.010Z]         Run(context,
[2024-01-12T15:40:30.010Z]       File "/Volumes/DATA/local/S/jenkins/workspace/ECP/ecg-maya-hydra/ecg-maya-hydra-branch-preflight-python3-osx/ecg-maya-hydra/maya-hydra/build.py", line 197, in Run
[2024-01-12T15:40:30.010Z]         raise RuntimeError("Failed to run '{cmd}'\nSee {log} for more details."
[2024-01-12T15:40:30.010Z]     RuntimeError: Failed to run 'cmake -DCMAKE_INSTALL_PREFIX="/local/S/jenkins/workspace/ECP/ecg-maya-hydra/ecg-maya-hydra-branch-preflight-python3-osx/install/Debug/MayaHydra" -DCMAKE_BUILD_TYPE=Debug -DCMAKE_EXPORT_COMPILE_COMMANDS=ON -G "Ninja" -DMAYA_LOCATION="/local/S/jenkins/workspace/shared/Artifactory/OSX/rundev-master-debug/202401090634/runtime/751320c/runTime" -DPXR_USD_LOCATION="/local/S/jenkins/workspace/shared/Artifactory/OSX/USD/ca7f6ed" -DMAYA_DEVKIT_LOCATION="/local/S/jenkins/workspace/shared/Artifactory/OSX/rundev-master-debug/202401090634/runtime/751320c/devkitBase" -DCMAKE_MAKE_PROGRAM=/local/S/jenkins/workspace/shared/Artifactory/OSX/ninja/1.10.2/95d0ca5/ninja -DPYTHON_INCLUDE_DIR=/local/S/jenkins/workspace/shared/Artifactory/OSX/rundev-master-debug/202401090634/runtime/751320c/runTime/Maya.app/Contents/Frameworks/Python.framework/Versions/Current/include/python3.11 -DPython_EXECUTABLE=/local/S/jenkins/workspace/shared/Artifactory/OSX/rundev-master-debug/202401090634/runtime/751320c/runTime/Maya.app/Contents/bin/mayapy -DPYTHON_LIBRARIES=/local/S/jenkins/workspace/shared/Artifactory/OSX/rundev-master-debug/202401090634/runtime/751320c/runTime/Maya.app/Contents/Frameworks/Python.framework/Versions/Current/lib/libpython3.11.dylib -DBUILD_WITH_PYTHON_3_VERSION=3.11 -DBUILD_UB2=ON -DCMAKE_WANT_MATERIALX_BUILD=ON -DCMAKE_PREFIX_PATH=/local/S/jenkins/workspace/shared/Artifactory/OSX/USD/ca7f6ed -DMAYAHYDRA_BUILD_NUMBER=455 -DMAYAHYDRA_GIT_COMMIT=1189bf7b31d629ca841cb0cba68a0d9b96b5607e -DMAYAHYDRA_GIT_BRANCH=master -DMAYAUSD_LOCATION=/local/S/jenkins/workspace/shared/Artifactory/OSX/mayausd-cotd-debug/202401092322/runtime/683f157/mayausd "/Volumes/DATA/local/S/jenkins/workspace/ECP/ecg-maya-hydra/ecg-maya-hydra-branch-preflight-python3-osx/ecg-maya-hydra/maya-hydra"'
[2024-01-12T15:40:30.010Z]     See /local/S/jenkins/workspace/ECP/ecg-maya-hydra/ecg-maya-hydra-branch-preflight-python3-osx/build/Debug/build_log.txt for more details.
[2024-01-12T15:40:30.010Z] build.py: error: Command failed with error code: 1
[Pipeline] }
[Pipeline] // withEnv
[Pipeline] }
[Pipeline] // timeout
[Pipeline] }
[Pipeline] // stage
[Pipeline] }
[Pipeline] // timestamps
[Pipeline] emailextrecipients
Not sending mail to user ecg.jenkins@autodesk.com with no permission to view ECP  ecg-maya-hydra  Maya Hydra [Python 3, Interactive] - Branch - Preflight (OSX) [M1/UB2] #455Not sending mail to user ecg.jenkins@autodesk.com with no permission to view ECP  ecg-maya-hydra  Maya Hydra [Python 3, Interactive] - Branch - Preflight (OSX) [M1/UB2] #455[Pipeline] echo
No recipients to send notification.
[Pipeline] }
[Pipeline] // node
[Pipeline] End of Pipeline
ERROR: script returned exit code 1
[Checks API] No suitable checks publisher found.
Finished: FAILURE
