[2024-01-15T15:00:53.662Z] ================================================================================
[2024-01-15T15:00:53.662Z]                                  setup (Debug)
[2024-01-15T15:00:53.662Z] ================================================================================
[Pipeline] sh
[2024-01-15T15:00:54.992Z] + scl enable gcc-toolset-11 -
[2024-01-15T15:00:54.992Z] + '[' enable = load -o enable = unload ']'
[2024-01-15T15:00:54.992Z] + /usr/bin/scl enable gcc-toolset-11 -
[2024-01-15T15:00:54.992Z] python ecg-maya-hydra/build.py --stages=setup --workspace-dir=/local/S/jenkins/workspace/ECP/ecg-maya-hydra/ecg-maya-hydra-branch-preflight-python3-linux --artifactory-dir=/local/S/jenkins/workspace/shared/Artifactory --build-dir=/local/S/jenkins/workspace/ECP/ecg-maya-hydra/ecg-maya-hydra-branch-preflight-python3-linux/build --install-dir=/local/S/jenkins/workspace/ECP/ecg-maya-hydra/ecg-maya-hydra-branch-preflight-python3-linux/install --signing-dir=/local/S/jenkins/workspace/ECP/ecg-maya-hydra/ecg-maya-hydra-branch-preflight-python3-linux/signing --package-dir=/local/S/jenkins/workspace/ECP/ecg-maya-hydra/ecg-maya-hydra-branch-preflight-python3-linux/package --output-dir=/local/S/jenkins/workspace/ECP/ecg-maya-hydra/ecg-maya-hydra-branch-preflight-python3-linux/output --stash-dir=/local/S/jenkins/workspace/ECP/ecg-maya-hydra/ecg-maya-hydra-branch-preflight-python3-linux/stash --jenkins-build=457 --git-commit=5743b1c8314719947fca21bae81a636572852a7d --git-branch=master --variants=RelWithDebInfo --interactive-tests=true --post-zips=false --extra-license-file=ecg-maya-hydra/jenkins-o03-cot/melicense.lic --prune-versions=3 --prune-revisions=3 --maya-cut-config=maya-rundev-master.yaml --maya-package=rundev-master --stage-banner --prune-artifacts --force-pruning
[2024-01-15T15:00:54.992Z] config_file /home/S/jenkins/workspace/ECP/ecg-maya-hydra/ecg-maya-hydra-branch-preflight-python3-linux/ecg-maya-hydra/maya-rundev-master.yaml
[2024-01-15T15:00:54.992Z] Getting rundev-master download URL from Maya SHA-1 hash
[2024-01-15T15:00:54.992Z] Finding Artifactory servers response times
[2024-01-15T15:00:57.560Z] [VERBOSE] Start loading URL (CURL): https://art-bear.autodesk.com/artifactory/api/system/ping
[2024-01-15T15:00:57.561Z] [DEBUG] Running: /usr/bin/curl -s -X GET --keepalive-time 10 --connect-timeout 60 --speed-limit 10000 --speed-time 120 --max-time 3600 --retry 5 --retry-max-time 2400 -H Connection:close https://art-bear.autodesk.com/artifactory/api/system/ping
[2024-01-15T15:00:57.561Z] [DEBUG] Output:
[2024-01-15T15:00:57.561Z] OK
[2024-01-15T15:00:57.561Z] [VERBOSE] End loading URL (CURL): https://art-bear.autodesk.com/artifactory/api/system/ping
[2024-01-15T15:00:57.561Z] [VERBOSE] Start loading URL (CURL): https://art-marmotte.autodesk.com/artifactory/api/system/ping
[2024-01-15T15:00:57.561Z] [DEBUG] Running: /usr/bin/curl -s -X GET --keepalive-time 10 --connect-timeout 60 --speed-limit 10000 --speed-time 120 --max-time 3600 --retry 5 --retry-max-time 2400 -H Connection:close https://art-marmotte.autodesk.com/artifactory/api/system/ping
[2024-01-15T15:00:57.561Z] [DEBUG] Output:
[2024-01-15T15:00:57.561Z] OK
[2024-01-15T15:00:57.561Z] [VERBOSE] End loading URL (CURL): https://art-marmotte.autodesk.com/artifactory/api/system/ping
[2024-01-15T15:00:57.561Z] [VERBOSE] Start loading URL (CURL): https://art-bobcat.autodesk.com/artifactory/api/system/ping
[2024-01-15T15:00:57.561Z] [DEBUG] Running: /usr/bin/curl -s -X GET --keepalive-time 10 --connect-timeout 60 --speed-limit 10000 --speed-time 120 --max-time 3600 --retry 5 --retry-max-time 2400 -H Connection:close https://art-bobcat.autodesk.com/artifactory/api/system/ping
[2024-01-15T15:00:57.561Z] [DEBUG] Output:
[2024-01-15T15:00:57.561Z] OK
[2024-01-15T15:00:57.561Z] [VERBOSE] End loading URL (CURL): https://art-bobcat.autodesk.com/artifactory/api/system/ping
[2024-01-15T15:00:57.561Z] [VERBOSE] Start loading URL (CURL): https://art-bear.autodesk.com/artifactory/api/search/checksum?repos=autodesk-3p-generic,adsk-build-tools-generic,team-ecg-generic,team-maya-generic,oss-stg-generic,team-mayausd-post-generic&sha1=bf775ec91efc62e41af71f55bf1cdb2f80925d49
[2024-01-15T15:00:57.561Z] [DEBUG] Running: /usr/bin/curl -s -X GET --keepalive-time 10 --connect-timeout 60 --speed-limit 10000 --speed-time 120 --max-time 3600 --retry 5 --retry-max-time 2400 -H Connection:close -H Authorization:Basic ZWNnYmlmcm9zdDpvcGUqKjAw https://art-bear.autodesk.com/artifactory/api/search/checksum?repos=autodesk-3p-generic,adsk-build-tools-generic,team-ecg-generic,team-maya-generic,oss-stg-generic,team-mayausd-post-generic&sha1=bf775ec91efc62e41af71f55bf1cdb2f80925d49
[2024-01-15T15:00:57.561Z] [DEBUG] Output:
[2024-01-15T15:00:57.561Z] {
[2024-01-15T15:00:57.561Z]   "results" : [ {
[2024-01-15T15:00:57.561Z]     "uri" : "https://art-bear.autodesk.com:443/artifactory/api/storage/team-maya-generic/Maya/master/plnx/2024-01-13-15-44_e92e97514b/202401131544-e92e97514b-RUNDEV.tgz"
[2024-01-15T15:00:57.561Z]   } ]
[2024-01-15T15:00:57.561Z] }
[2024-01-15T15:00:57.561Z] [VERBOSE] End loading URL (CURL): https://art-bear.autodesk.com/artifactory/api/search/checksum?repos=autodesk-3p-generic,adsk-build-tools-generic,team-ecg-generic,team-maya-generic,oss-stg-generic,team-mayausd-post-generic&sha1=bf775ec91efc62e41af71f55bf1cdb2f80925d49
[2024-01-15T15:00:57.561Z] [VERBOSE] Start loading URL (CURL): https://art-bear.autodesk.com:443/artifactory/api/storage/team-maya-generic/Maya/master/plnx/2024-01-13-15-44_e92e97514b/202401131544-e92e97514b-RUNDEV.tgz
[2024-01-15T15:00:57.561Z] [DEBUG] Running: /usr/bin/curl -s -X GET --keepalive-time 10 --connect-timeout 60 --speed-limit 10000 --speed-time 120 --max-time 3600 --retry 5 --retry-max-time 2400 -H Connection:close -H Authorization:Basic ZWNnYmlmcm9zdDpvcGUqKjAw https://art-bear.autodesk.com:443/artifactory/api/storage/team-maya-generic/Maya/master/plnx/2024-01-13-15-44_e92e97514b/202401131544-e92e97514b-RUNDEV.tgz
[2024-01-15T15:00:57.561Z] [DEBUG] Output:
[2024-01-15T15:00:57.561Z] {
[2024-01-15T15:00:57.561Z]   "repo" : "team-maya-generic",
[2024-01-15T15:00:57.561Z]   "path" : "/Maya/master/plnx/2024-01-13-15-44_e92e97514b/202401131544-e92e97514b-RUNDEV.tgz",
[2024-01-15T15:00:57.561Z]   "created" : "2024-01-13T20:40:14.665-05:00",
[2024-01-15T15:00:57.561Z]   "createdBy" : "token:art-bear.autodesk.com",
[2024-01-15T15:00:57.561Z]   "lastModified" : "2024-01-13T20:40:14.526-05:00",
[2024-01-15T15:00:57.561Z]   "modifiedBy" : "token:art-bear.autodesk.com",
[2024-01-15T15:00:57.561Z]   "lastUpdated" : "2024-01-13T20:40:14.666-05:00",
[2024-01-15T15:00:57.561Z]   "downloadUri" : "https://art-bear.autodesk.com:443/artifactory/team-maya-generic/Maya/master/plnx/2024-01-13-15-44_e92e97514b/202401131544-e92e97514b-RUNDEV.tgz",
[2024-01-15T15:00:57.561Z]   "mimeType" : "application/x-gzip",
[2024-01-15T15:00:57.561Z]   "size" : "3085552022",
[2024-01-15T15:00:57.561Z]   "checksums" : {
[2024-01-15T15:00:57.561Z]     "sha1" : "bf775ec91efc62e41af71f55bf1cdb2f80925d49",
[2024-01-15T15:00:57.561Z]     "md5" : "a10f71f21cda01ecc2f7c07d61388808",
[2024-01-15T15:00:57.561Z]     "sha256" : "229185dd39a7c567fb6f6ad0010555cab436697b24f68b71ae9de827d4cf7b5b"
[2024-01-15T15:00:57.561Z]   },
[2024-01-15T15:00:57.561Z]   "originalChecksums" : {
[2024-01-15T15:00:57.561Z]     "sha1" : "bf775ec91efc62e41af71f55bf1cdb2f80925d49",
[2024-01-15T15:00:57.561Z]     "md5" : "a10f71f21cda01ecc2f7c07d61388808",
[2024-01-15T15:00:57.561Z]     "sha256" : "229185dd39a7c567fb6f6ad0010555cab436697b24f68b71ae9de827d4cf7b5b"
[2024-01-15T15:00:57.561Z]   },
[2024-01-15T15:00:57.561Z]   "uri" : "https://art-bear.autodesk.com:443/artifactory/api/storage/team-maya-generic/Maya/master/plnx/2024-01-13-15-44_e92e97514b/202401131544-e92e97514b-RUNDEV.tgz"
[2024-01-15T15:00:57.561Z] }
[2024-01-15T15:00:57.561Z] [VERBOSE] End loading URL (CURL): https://art-bear.autodesk.com:443/artifactory/api/storage/team-maya-generic/Maya/master/plnx/2024-01-13-15-44_e92e97514b/202401131544-e92e97514b-RUNDEV.tgz
[2024-01-15T15:00:57.561Z] Using Maya cut from /local/S/jenkins/workspace/shared/Artifactory/Linux/rundev-master/202401131544/runtime/bf775ec/runTime
[2024-01-15T15:00:57.561Z] Getting mayausd-cotd download URL from Maya SHA-1 hash
[2024-01-15T15:00:57.561Z] [VERBOSE] Start loading URL (CURL): https://art-bear.autodesk.com/artifactory/api/search/checksum?repos=autodesk-3p-generic,adsk-build-tools-generic,team-ecg-generic,team-maya-generic,oss-stg-generic,team-mayausd-post-generic&sha1=a9192e06206739a5f8f5c22810c6009f4ba4b163
[2024-01-15T15:00:57.561Z] [DEBUG] Running: /usr/bin/curl -s -X GET --keepalive-time 10 --connect-timeout 60 --speed-limit 10000 --speed-time 120 --max-time 3600 --retry 5 --retry-max-time 2400 -H Connection:close -H Authorization:Basic ZWNnYmlmcm9zdDpvcGUqKjAw https://art-bear.autodesk.com/artifactory/api/search/checksum?repos=autodesk-3p-generic,adsk-build-tools-generic,team-ecg-generic,team-maya-generic,oss-stg-generic,team-mayausd-post-generic&sha1=a9192e06206739a5f8f5c22810c6009f4ba4b163
[2024-01-15T15:00:57.561Z] [DEBUG] Output:
[2024-01-15T15:00:57.561Z] {
[2024-01-15T15:00:57.561Z]   "results" : [ {
[2024-01-15T15:00:57.561Z]     "uri" : "https://art-bear.autodesk.com:443/artifactory/api/storage/team-mayausd-post-generic/post/MayaUSD/cuts/COTD/linux/2024-01-09-23-22/MayaUSD_0.27.0_Maya2025_Linux_RelWithDebInfo_202401092322_c3d4ccb_cut.zip"
[2024-01-15T15:00:57.561Z]   } ]
[2024-01-15T15:00:57.561Z] }
[2024-01-15T15:00:57.561Z] [VERBOSE] End loading URL (CURL): https://art-bear.autodesk.com/artifactory/api/search/checksum?repos=autodesk-3p-generic,adsk-build-tools-generic,team-ecg-generic,team-maya-generic,oss-stg-generic,team-mayausd-post-generic&sha1=a9192e06206739a5f8f5c22810c6009f4ba4b163
[2024-01-15T15:00:57.561Z] [VERBOSE] Start loading URL (CURL): https://art-bear.autodesk.com:443/artifactory/api/storage/team-mayausd-post-generic/post/MayaUSD/cuts/COTD/linux/2024-01-09-23-22/MayaUSD_0.27.0_Maya2025_Linux_RelWithDebInfo_202401092322_c3d4ccb_cut.zip
[2024-01-15T15:00:57.561Z] [DEBUG] Running: /usr/bin/curl -s -X GET --keepalive-time 10 --connect-timeout 60 --speed-limit 10000 --speed-time 120 --max-time 3600 --retry 5 --retry-max-time 2400 -H Connection:close -H Authorization:Basic ZWNnYmlmcm9zdDpvcGUqKjAw https://art-bear.autodesk.com:443/artifactory/api/storage/team-mayausd-post-generic/post/MayaUSD/cuts/COTD/linux/2024-01-09-23-22/MayaUSD_0.27.0_Maya2025_Linux_RelWithDebInfo_202401092322_c3d4ccb_cut.zip
[2024-01-15T15:00:57.561Z] [DEBUG] Output:
[2024-01-15T15:00:57.561Z] {
[2024-01-15T15:00:57.561Z]   "repo" : "team-mayausd-post-generic",
[2024-01-15T15:00:57.561Z]   "path" : "/post/MayaUSD/cuts/COTD/linux/2024-01-09-23-22/MayaUSD_0.27.0_Maya2025_Linux_RelWithDebInfo_202401092322_c3d4ccb_cut.zip",
[2024-01-15T15:00:57.561Z]   "created" : "2024-01-10T05:32:05.966-05:00",
[2024-01-15T15:00:57.561Z]   "createdBy" : "token:art-bear.autodesk.com",
[2024-01-15T15:00:57.561Z]   "lastModified" : "2024-01-10T05:32:05.961-05:00",
[2024-01-15T15:00:57.561Z]   "modifiedBy" : "token:art-bear.autodesk.com",
[2024-01-15T15:00:57.561Z]   "lastUpdated" : "2024-01-10T05:32:05.967-05:00",
[2024-01-15T15:00:57.561Z]   "downloadUri" : "https://art-bear.autodesk.com:443/artifactory/team-mayausd-post-generic/post/MayaUSD/cuts/COTD/linux/2024-01-09-23-22/MayaUSD_0.27.0_Maya2025_Linux_RelWithDebInfo_202401092322_c3d4ccb_cut.zip",
[2024-01-15T15:00:57.561Z]   "mimeType" : "application/zip",
[2024-01-15T15:00:57.561Z]   "size" : "245756313",
[2024-01-15T15:00:57.561Z]   "checksums" : {
[2024-01-15T15:00:57.561Z]     "sha1" : "a9192e06206739a5f8f5c22810c6009f4ba4b163",
[2024-01-15T15:00:57.561Z]     "md5" : "3e7aa6fcf7cf6e44e95233008e012dbf",
[2024-01-15T15:00:57.561Z]     "sha256" : "df22c64e1e3e68133c36d30823737543ec0a2c762da3509251a7148ee19ef65f"
[2024-01-15T15:00:57.561Z]   },
[2024-01-15T15:00:57.561Z]   "originalChecksums" : {
[2024-01-15T15:00:57.561Z]     "sha1" : "a9192e06206739a5f8f5c22810c6009f4ba4b163",
[2024-01-15T15:00:57.561Z]     "md5" : "3e7aa6fcf7cf6e44e95233008e012dbf",
[2024-01-15T15:00:57.561Z]     "sha256" : "df22c64e1e3e68133c36d30823737543ec0a2c762da3509251a7148ee19ef65f"
[2024-01-15T15:00:57.561Z]   },
[2024-01-15T15:00:57.561Z]   "uri" : "https://art-bear.autodesk.com:443/artifactory/api/storage/team-mayausd-post-generic/post/MayaUSD/cuts/COTD/linux/2024-01-09-23-22/MayaUSD_0.27.0_Maya2025_Linux_RelWithDebInfo_202401092322_c3d4ccb_cut.zip"
[2024-01-15T15:00:57.561Z] }
[2024-01-15T15:00:57.561Z] [VERBOSE] End loading URL (CURL): https://art-bear.autodesk.com:443/artifactory/api/storage/team-mayausd-post-generic/post/MayaUSD/cuts/COTD/linux/2024-01-09-23-22/MayaUSD_0.27.0_Maya2025_Linux_RelWithDebInfo_202401092322_c3d4ccb_cut.zip
[2024-01-15T15:00:57.561Z] 
[2024-01-15T15:00:57.561Z] ================================================================================
[2024-01-15T15:00:57.561Z]                              setup (RelWithDebInfo)
[2024-01-15T15:00:57.561Z] ================================================================================
[Pipeline] }
[Pipeline] // withEnv
[Pipeline] }
[Pipeline] // timeout
[Pipeline] }
[Pipeline] // stage
[Pipeline] }
[Pipeline] // timestamps
[Pipeline] timestamps
[Pipeline] {
[Pipeline] stage
[Pipeline] { (Clean)
[Pipeline] timeout
[2024-01-15T15:00:57.977Z] Timeout set to expire in 6 hr 0 min
[Pipeline] {
[Pipeline] withEnv
[Pipeline] {
[Pipeline] sh
[2024-01-15T15:00:59.144Z] + scl enable gcc-toolset-11 -
[2024-01-15T15:00:59.144Z] + '[' enable = load -o enable = unload ']'
[2024-01-15T15:00:59.144Z] + /usr/bin/scl enable gcc-toolset-11 -
[2024-01-15T15:00:59.144Z] python ecg-maya-hydra/build.py --stages=clean --workspace-dir=/local/S/jenkins/workspace/ECP/ecg-maya-hydra/ecg-maya-hydra-branch-preflight-python3-linux --artifactory-dir=/local/S/jenkins/workspace/shared/Artifactory --build-dir=/local/S/jenkins/workspace/ECP/ecg-maya-hydra/ecg-maya-hydra-branch-preflight-python3-linux/build --install-dir=/local/S/jenkins/workspace/ECP/ecg-maya-hydra/ecg-maya-hydra-branch-preflight-python3-linux/install --signing-dir=/local/S/jenkins/workspace/ECP/ecg-maya-hydra/ecg-maya-hydra-branch-preflight-python3-linux/signing --package-dir=/local/S/jenkins/workspace/ECP/ecg-maya-hydra/ecg-maya-hydra-branch-preflight-python3-linux/package --output-dir=/local/S/jenkins/workspace/ECP/ecg-maya-hydra/ecg-maya-hydra-branch-preflight-python3-linux/output --stash-dir=/local/S/jenkins/workspace/ECP/ecg-maya-hydra/ecg-maya-hydra-branch-preflight-python3-linux/stash --jenkins-build=457 --git-commit=5743b1c8314719947fca21bae81a636572852a7d --git-branch=master --variants=Debug --interactive-tests=true --post-zips=false --maya-cut-config=maya-rundev-master-debug.yaml --maya-package=rundev-master-debug --stage-banner
[2024-01-15T15:00:59.144Z] config_file /home/S/jenkins/workspace/ECP/ecg-maya-hydra/ecg-maya-hydra-branch-preflight-python3-linux/ecg-maya-hydra/maya-rundev-master-debug.yaml
[2024-01-15T15:00:59.144Z] Using Maya cut from /local/S/jenkins/workspace/shared/Artifactory/Linux/rundev-master-debug/202401131544/runtime/dc0fba1/runTime
[2024-01-15T15:00:59.144Z] Getting mayausd-cotd-debug download URL from Maya SHA-1 hash
[2024-01-15T15:00:59.144Z] Finding Artifactory servers response times
[2024-01-15T15:01:01.607Z] [VERBOSE] Start loading URL (CURL): https://art-bear.autodesk.com/artifactory/api/system/ping
[2024-01-15T15:01:01.607Z] [DEBUG] Running: /usr/bin/curl -s -X GET --keepalive-time 10 --connect-timeout 60 --speed-limit 10000 --speed-time 120 --max-time 3600 --retry 5 --retry-max-time 2400 -H Connection:close https://art-bear.autodesk.com/artifactory/api/system/ping
[2024-01-15T15:01:01.607Z] [DEBUG] Output:
[2024-01-15T15:01:01.607Z] OK
[2024-01-15T15:01:01.607Z] [VERBOSE] End loading URL (CURL): https://art-bear.autodesk.com/artifactory/api/system/ping
[2024-01-15T15:01:01.607Z] [VERBOSE] Start loading URL (CURL): https://art-marmotte.autodesk.com/artifactory/api/system/ping
[2024-01-15T15:01:01.607Z] [DEBUG] Running: /usr/bin/curl -s -X GET --keepalive-time 10 --connect-timeout 60 --speed-limit 10000 --speed-time 120 --max-time 3600 --retry 5 --retry-max-time 2400 -H Connection:close https://art-marmotte.autodesk.com/artifactory/api/system/ping
[2024-01-15T15:01:01.607Z] [DEBUG] Output:
[2024-01-15T15:01:01.607Z] OK
[2024-01-15T15:01:01.607Z] [VERBOSE] End loading URL (CURL): https://art-marmotte.autodesk.com/artifactory/api/system/ping
[2024-01-15T15:01:02.133Z] [VERBOSE] Start loading URL (CURL): https://art-bobcat.autodesk.com/artifactory/api/system/ping
[2024-01-15T15:01:02.133Z] [DEBUG] Running: /usr/bin/curl -s -X GET --keepalive-time 10 --connect-timeout 60 --speed-limit 10000 --speed-time 120 --max-time 3600 --retry 5 --retry-max-time 2400 -H Connection:close https://art-bobcat.autodesk.com/artifactory/api/system/ping
[2024-01-15T15:01:02.133Z] [DEBUG] Output:
[2024-01-15T15:01:02.133Z] OK
[2024-01-15T15:01:02.133Z] [VERBOSE] End loading URL (CURL): https://art-bobcat.autodesk.com/artifactory/api/system/ping
[2024-01-15T15:01:02.133Z] [VERBOSE] Start loading URL (CURL): https://art-bear.autodesk.com/artifactory/api/search/checksum?repos=autodesk-3p-generic,adsk-build-tools-generic,team-ecg-generic,team-maya-generic,oss-stg-generic,team-mayausd-post-generic&sha1=e1ef7598a769b278ce4bc8b853a82f2ed00c0796
[2024-01-15T15:01:02.134Z] [DEBUG] Running: /usr/bin/curl -s -X GET --keepalive-time 10 --connect-timeout 60 --speed-limit 10000 --speed-time 120 --max-time 3600 --retry 5 --retry-max-time 2400 -H Connection:close -H Authorization:Basic ZWNnYmlmcm9zdDpvcGUqKjAw https://art-bear.autodesk.com/artifactory/api/search/checksum?repos=autodesk-3p-generic,adsk-build-tools-generic,team-ecg-generic,team-maya-generic,oss-stg-generic,team-mayausd-post-generic&sha1=e1ef7598a769b278ce4bc8b853a82f2ed00c0796
[2024-01-15T15:01:02.134Z] [DEBUG] Output:
[2024-01-15T15:01:02.134Z] {
[2024-01-15T15:01:02.134Z]   "results" : [ {
[2024-01-15T15:01:02.134Z]     "uri" : "https://art-bear.autodesk.com:443/artifactory/api/storage/team-mayausd-post-generic/post/MayaUSD/cuts/COTD/linux/2024-01-09-23-22/MayaUSD_0.27.0_Maya2025_Linux_Debug_202401092322_c3d4ccb_cut.zip"
[2024-01-15T15:01:02.134Z]   } ]
[2024-01-15T15:01:02.134Z] }
[2024-01-15T15:01:02.134Z] [VERBOSE] End loading URL (CURL): https://art-bear.autodesk.com/artifactory/api/search/checksum?repos=autodesk-3p-generic,adsk-build-tools-generic,team-ecg-generic,team-maya-generic,oss-stg-generic,team-mayausd-post-generic&sha1=e1ef7598a769b278ce4bc8b853a82f2ed00c0796
[2024-01-15T15:01:02.134Z] [VERBOSE] Start loading URL (CURL): https://art-bear.autodesk.com:443/artifactory/api/storage/team-mayausd-post-generic/post/MayaUSD/cuts/COTD/linux/2024-01-09-23-22/MayaUSD_0.27.0_Maya2025_Linux_Debug_202401092322_c3d4ccb_cut.zip
[2024-01-15T15:01:02.134Z] [DEBUG] Running: /usr/bin/curl -s -X GET --keepalive-time 10 --connect-timeout 60 --speed-limit 10000 --speed-time 120 --max-time 3600 --retry 5 --retry-max-time 2400 -H Connection:close -H Authorization:Basic ZWNnYmlmcm9zdDpvcGUqKjAw https://art-bear.autodesk.com:443/artifactory/api/storage/team-mayausd-post-generic/post/MayaUSD/cuts/COTD/linux/2024-01-09-23-22/MayaUSD_0.27.0_Maya2025_Linux_Debug_202401092322_c3d4ccb_cut.zip
[2024-01-15T15:01:02.134Z] [DEBUG] Output:
[2024-01-15T15:01:02.134Z] {
[2024-01-15T15:01:02.134Z]   "repo" : "team-mayausd-post-generic",
[2024-01-15T15:01:02.134Z]   "path" : "/post/MayaUSD/cuts/COTD/linux/2024-01-09-23-22/MayaUSD_0.27.0_Maya2025_Linux_Debug_202401092322_c3d4ccb_cut.zip",
[2024-01-15T15:01:02.134Z]   "created" : "2024-01-10T05:31:21.163-05:00",
[2024-01-15T15:01:02.134Z]   "createdBy" : "token:art-bear.autodesk.com",
[2024-01-15T15:01:02.134Z]   "lastModified" : "2024-01-10T05:31:21.156-05:00",
[2024-01-15T15:01:02.134Z]   "modifiedBy" : "token:art-bear.autodesk.com",
[2024-01-15T15:01:02.134Z]   "lastUpdated" : "2024-01-10T05:31:21.163-05:00",
[2024-01-15T15:01:02.134Z]   "downloadUri" : "https://art-bear.autodesk.com:443/artifactory/team-mayausd-post-generic/post/MayaUSD/cuts/COTD/linux/2024-01-09-23-22/MayaUSD_0.27.0_Maya2025_Linux_Debug_202401092322_c3d4ccb_cut.zip",
[2024-01-15T15:01:02.134Z]   "mimeType" : "application/zip",
[2024-01-15T15:01:02.134Z]   "size" : "910582704",
[2024-01-15T15:01:02.134Z]   "checksums" : {
[2024-01-15T15:01:02.134Z]     "sha1" : "e1ef7598a769b278ce4bc8b853a82f2ed00c0796",
[2024-01-15T15:01:02.134Z]     "md5" : "7d094c6f36d54830135cd5765457f6ff",
[2024-01-15T15:01:02.134Z]     "sha256" : "89eb3f05bdeaa0871db9fd2fedd57fcff76af4a9c9f923faa2cd0fe1ab0ae9e9"
[2024-01-15T15:01:02.134Z]   },
[2024-01-15T15:01:02.134Z]   "originalChecksums" : {
[2024-01-15T15:01:02.134Z]     "sha1" : "e1ef7598a769b278ce4bc8b853a82f2ed00c0796",
[2024-01-15T15:01:02.134Z]     "md5" : "7d094c6f36d54830135cd5765457f6ff",
[2024-01-15T15:01:02.134Z]     "sha256" : "89eb3f05bdeaa0871db9fd2fedd57fcff76af4a9c9f923faa2cd0fe1ab0ae9e9"
[2024-01-15T15:01:02.134Z]   },
[2024-01-15T15:01:02.134Z]   "uri" : "https://art-bear.autodesk.com:443/artifactory/api/storage/team-mayausd-post-generic/post/MayaUSD/cuts/COTD/linux/2024-01-09-23-22/MayaUSD_0.27.0_Maya2025_Linux_Debug_202401092322_c3d4ccb_cut.zip"
[2024-01-15T15:01:02.134Z] }
[2024-01-15T15:01:02.134Z] [VERBOSE] End loading URL (CURL): https://art-bear.autodesk.com:443/artifactory/api/storage/team-mayausd-post-generic/post/MayaUSD/cuts/COTD/linux/2024-01-09-23-22/MayaUSD_0.27.0_Maya2025_Linux_Debug_202401092322_c3d4ccb_cut.zip
[2024-01-15T15:01:02.134Z] 
[2024-01-15T15:01:02.134Z] ================================================================================
[2024-01-15T15:01:02.134Z]                                  clean (Debug)
[2024-01-15T15:01:02.134Z] ================================================================================
[2024-01-15T15:01:02.134Z] Maya Python Debug Info:
[2024-01-15T15:01:02.134Z]   mayapy executable   = /local/S/jenkins/workspace/shared/Artifactory/Linux/rundev-master-debug/202401131544/runtime/dc0fba1/runTime/bin/mayapy
[2024-01-15T15:01:02.134Z]   Include Folder      = /local/S/jenkins/workspace/shared/Artifactory/Linux/rundev-master-debug/202401131544/runtime/dc0fba1/runTime/include/Python311/Python
[2024-01-15T15:01:02.134Z]   Library             = /local/S/jenkins/workspace/shared/Artifactory/Linux/rundev-master-debug/202401131544/runtime/dc0fba1/runTime/lib/libpython3.11d.so.1.0
[2024-01-15T15:01:02.134Z]   site-package Folder = /local/S/jenkins/workspace/shared/Artifactory/Linux/rundev-master-debug/202401131544/runtime/dc0fba1/runTime/lib/python3.11/site-packages
[2024-01-15T15:01:02.770Z] In workdir: /home/S/jenkins/workspace/ECP/ecg-maya-hydra/ecg-maya-hydra-branch-preflight-python3-linux/ecg-maya-hydra/maya-hydra
[2024-01-15T15:01:02.771Z] Executing: /local/S/jenkins/workspace/shared/Artifactory/Linux/rundev-master-debug/202401131544/runtime/dc0fba1/runTime/bin/mayapy /home/S/jenkins/workspace/ECP/ecg-maya-hydra/ecg-maya-hydra-branch-preflight-python3-linux/ecg-maya-hydra/maya-hydra/build.py --generator Ninja --build-debug --maya-location /local/S/jenkins/workspace/shared/Artifactory/Linux/rundev-master-debug/202401131544/runtime/dc0fba1/runTime --devkit-location /local/S/jenkins/workspace/shared/Artifactory/Linux/rundev-master-debug/202401131544/runtime/dc0fba1/devkitBase --pxrusd-location /local/S/jenkins/workspace/shared/Artifactory/Linux/USD/d4ae0c1 --build-args=-DCMAKE_MAKE_PROGRAM=/local/S/jenkins/workspace/shared/Artifactory/Linux/ninja/1.10.2/9ab399b/ninja,-DPYTHON_INCLUDE_DIR=/local/S/jenkins/workspace/shared/Artifactory/Linux/rundev-master-debug/202401131544/runtime/dc0fba1/runTime/include/Python311/Python,-DPython_EXECUTABLE=/local/S/jenkins/workspace/shared/Artifactory/Linux/rundev-master-debug/202401131544/runtime/dc0fba1/runTime/bin/mayapy,-DPYTHON_LIBRARIES=/local/S/jenkins/workspace/shared/Artifactory/Linux/rundev-master-debug/202401131544/runtime/dc0fba1/runTime/lib/libpython3.11d.so.1.0,-DBUILD_WITH_PYTHON_3_VERSION=3.11,-DCMAKE_WANT_MATERIALX_BUILD=ON,-DCMAKE_PREFIX_PATH=/local/S/jenkins/workspace/shared/Artifactory/Linux/USD/d4ae0c1,-DMAYAHYDRA_BUILD_NUMBER=457,-DMAYAHYDRA_GIT_COMMIT=5743b1c8314719947fca21bae81a636572852a7d,-DMAYAHYDRA_GIT_BRANCH=master,-DMAYAUSD_LOCATION=/local/S/jenkins/workspace/shared/Artifactory/Linux/mayausd-cotd-debug/202401092322/runtime/e1ef759/mayausd --debug-python '--ctest-args=--parallel 16' --stages=clean --redirect-outstream-file=False --install-location /local/S/jenkins/workspace/ECP/ecg-maya-hydra/ecg-maya-hydra-branch-preflight-python3-linux/install/Debug/MayaHydra /local/S/jenkins/workspace/ECP/ecg-maya-hydra/ecg-maya-hydra-branch-preflight-python3-linux
[2024-01-15T15:01:02.771Z] Modified environment variables:
[2024-01-15T15:01:02.771Z]     LD_LIBRARY_PATH=/opt/rh/gcc-toolset-11/root/usr/lib64:/opt/rh/gcc-toolset-11/root/usr/lib64:/opt/rh/gcc-toolset-11/root/usr/lib:/opt/rh/gcc-toolset-11/root/usr/lib64/dyninst:/opt/rh/gcc-toolset-11/root/usr/lib/dyninst
[2024-01-15T15:01:02.771Z]     PATH=/local/S/jenkins/workspace/shared/Artifactory/Linux/cmake/3.20.3/ab685d7/bin:/opt/rh/gcc-toolset-11/root/usr/bin:/home/administrator/.local/bin:/home/administrator/bin:/usr/share/Modules/bin:/usr/local/bin:/usr/local/sbin:/usr/bin:/usr/sbin
[2024-01-15T15:01:03.298Z]     
[2024-01-15T15:01:03.298Z]         Building with settings:
[2024-01-15T15:01:03.298Z]           Source directory          /home/S/jenkins/workspace/ECP/ecg-maya-hydra/ecg-maya-hydra-branch-preflight-python3-linux/ecg-maya-hydra/maya-hydra
[2024-01-15T15:01:03.298Z]           Workspace directory       /local/S/jenkins/workspace/ECP/ecg-maya-hydra/ecg-maya-hydra-branch-preflight-python3-linux
[2024-01-15T15:01:03.298Z]           Build directory           /local/S/jenkins/workspace/ECP/ecg-maya-hydra/ecg-maya-hydra-branch-preflight-python3-linux/build/Debug
[2024-01-15T15:01:03.298Z]           Install directory         /local/S/jenkins/workspace/ECP/ecg-maya-hydra/ecg-maya-hydra-branch-preflight-python3-linux/install/Debug/MayaHydra
[2024-01-15T15:01:03.298Z]           Variant                   Debug
[2024-01-15T15:01:03.298Z]           Python Debug              On
[2024-01-15T15:01:03.298Z]           CMake generator           Ninja
[2024-01-15T15:01:03.298Z]           Build arguments           ['-DCMAKE_MAKE_PROGRAM=/local/S/jenkins/workspace/shared/Artifactory/Linux/ninja/1.10.2/9ab399b/ninja', '-DPYTHON_INCLUDE_DIR=/local/S/jenkins/workspace/shared/Artifactory/Linux/rundev-master-debug/202401131544/runtime/dc0fba1/runTime/include/Python311/Python', '-DPython_EXECUTABLE=/local/S/jenkins/workspace/shared/Artifactory/Linux/rundev-master-debug/202401131544/runtime/dc0fba1/runTime/bin/mayapy', '-DPYTHON_LIBRARIES=/local/S/jenkins/workspace/shared/Artifactory/Linux/rundev-master-debug/202401131544/runtime/dc0fba1/runTime/lib/libpython3.11d.so.1.0', '-DBUILD_WITH_PYTHON_3_VERSION=3.11', '-DCMAKE_WANT_MATERIALX_BUILD=ON', '-DCMAKE_PREFIX_PATH=/local/S/jenkins/workspace/shared/Artifactory/Linux/USD/d4ae0c1', '-DMAYAHYDRA_BUILD_NUMBER=457', '-DMAYAHYDRA_GIT_COMMIT=5743b1c8314719947fca21bae81a636572852a7d', '-DMAYAHYDRA_GIT_BRANCH=master', '-DMAYAUSD_LOCATION=/local/S/jenkins/workspace/shared/Artifactory/Linux/mayausd-cotd-debug/202401092322/runtime/e1ef759/mayausd']
[2024-01-15T15:01:03.298Z]           Stages arguments          ['clean']
[2024-01-15T15:01:03.298Z]           CTest arguments           ['--parallel 16']
[2024-01-15T15:01:03.298Z]     Success MayaHydra build and install !!!!
[2024-01-15T15:01:03.298Z]     Elapsed time: 00:00:00
[Pipeline] sh
[2024-01-15T15:01:04.637Z] + scl enable gcc-toolset-11 -
[2024-01-15T15:01:04.637Z] + '[' enable = load -o enable = unload ']'
[2024-01-15T15:01:04.637Z] + /usr/bin/scl enable gcc-toolset-11 -
[2024-01-15T15:01:04.637Z] python ecg-maya-hydra/build.py --stages=clean --workspace-dir=/local/S/jenkins/workspace/ECP/ecg-maya-hydra/ecg-maya-hydra-branch-preflight-python3-linux --artifactory-dir=/local/S/jenkins/workspace/shared/Artifactory --build-dir=/local/S/jenkins/workspace/ECP/ecg-maya-hydra/ecg-maya-hydra-branch-preflight-python3-linux/build --install-dir=/local/S/jenkins/workspace/ECP/ecg-maya-hydra/ecg-maya-hydra-branch-preflight-python3-linux/install --signing-dir=/local/S/jenkins/workspace/ECP/ecg-maya-hydra/ecg-maya-hydra-branch-preflight-python3-linux/signing --package-dir=/local/S/jenkins/workspace/ECP/ecg-maya-hydra/ecg-maya-hydra-branch-preflight-python3-linux/package --output-dir=/local/S/jenkins/workspace/ECP/ecg-maya-hydra/ecg-maya-hydra-branch-preflight-python3-linux/output --stash-dir=/local/S/jenkins/workspace/ECP/ecg-maya-hydra/ecg-maya-hydra-branch-preflight-python3-linux/stash --jenkins-build=457 --git-commit=5743b1c8314719947fca21bae81a636572852a7d --git-branch=master --variants=RelWithDebInfo --interactive-tests=true --post-zips=false --maya-cut-config=maya-rundev-master.yaml --maya-package=rundev-master --stage-banner
[2024-01-15T15:01:04.637Z] config_file /home/S/jenkins/workspace/ECP/ecg-maya-hydra/ecg-maya-hydra-branch-preflight-python3-linux/ecg-maya-hydra/maya-rundev-master.yaml
[2024-01-15T15:01:04.637Z] Using Maya cut from /local/S/jenkins/workspace/shared/Artifactory/Linux/rundev-master/202401131544/runtime/bf775ec/runTime
[2024-01-15T15:01:04.637Z] Getting mayausd-cotd download URL from Maya SHA-1 hash
[2024-01-15T15:01:04.637Z] Finding Artifactory servers response times
[2024-01-15T15:01:07.131Z] [VERBOSE] Start loading URL (CURL): https://art-bear.autodesk.com/artifactory/api/system/ping
[2024-01-15T15:01:07.131Z] [DEBUG] Running: /usr/bin/curl -s -X GET --keepalive-time 10 --connect-timeout 60 --speed-limit 10000 --speed-time 120 --max-time 3600 --retry 5 --retry-max-time 2400 -H Connection:close https://art-bear.autodesk.com/artifactory/api/system/ping
[2024-01-15T15:01:07.131Z] [DEBUG] Output:
[2024-01-15T15:01:07.131Z] OK
[2024-01-15T15:01:07.131Z] [VERBOSE] End loading URL (CURL): https://art-bear.autodesk.com/artifactory/api/system/ping
[2024-01-15T15:01:07.131Z] [VERBOSE] Start loading URL (CURL): https://art-marmotte.autodesk.com/artifactory/api/system/ping
[2024-01-15T15:01:07.131Z] [DEBUG] Running: /usr/bin/curl -s -X GET --keepalive-time 10 --connect-timeout 60 --speed-limit 10000 --speed-time 120 --max-time 3600 --retry 5 --retry-max-time 2400 -H Connection:close https://art-marmotte.autodesk.com/artifactory/api/system/ping
[2024-01-15T15:01:07.131Z] [DEBUG] Output:
[2024-01-15T15:01:07.131Z] OK
[2024-01-15T15:01:07.131Z] [VERBOSE] End loading URL (CURL): https://art-marmotte.autodesk.com/artifactory/api/system/ping
[2024-01-15T15:01:07.131Z] [VERBOSE] Start loading URL (CURL): https://art-bobcat.autodesk.com/artifactory/api/system/ping
[2024-01-15T15:01:07.131Z] [DEBUG] Running: /usr/bin/curl -s -X GET --keepalive-time 10 --connect-timeout 60 --speed-limit 10000 --speed-time 120 --max-time 3600 --retry 5 --retry-max-time 2400 -H Connection:close https://art-bobcat.autodesk.com/artifactory/api/system/ping
[2024-01-15T15:01:07.131Z] [DEBUG] Output:
[2024-01-15T15:01:07.131Z] OK
[2024-01-15T15:01:07.131Z] [VERBOSE] End loading URL (CURL): https://art-bobcat.autodesk.com/artifactory/api/system/ping
[2024-01-15T15:01:07.131Z] [VERBOSE] Start loading URL (CURL): https://art-bear.autodesk.com/artifactory/api/search/checksum?repos=autodesk-3p-generic,adsk-build-tools-generic,team-ecg-generic,team-maya-generic,oss-stg-generic,team-mayausd-post-generic&sha1=a9192e06206739a5f8f5c22810c6009f4ba4b163
[2024-01-15T15:01:07.131Z] [DEBUG] Running: /usr/bin/curl -s -X GET --keepalive-time 10 --connect-timeout 60 --speed-limit 10000 --speed-time 120 --max-time 3600 --retry 5 --retry-max-time 2400 -H Connection:close -H Authorization:Basic ZWNnYmlmcm9zdDpvcGUqKjAw https://art-bear.autodesk.com/artifactory/api/search/checksum?repos=autodesk-3p-generic,adsk-build-tools-generic,team-ecg-generic,team-maya-generic,oss-stg-generic,team-mayausd-post-generic&sha1=a9192e06206739a5f8f5c22810c6009f4ba4b163
[2024-01-15T15:01:07.131Z] [DEBUG] Output:
[2024-01-15T15:01:07.131Z] {
[2024-01-15T15:01:07.131Z]   "results" : [ {
[2024-01-15T15:01:07.131Z]     "uri" : "https://art-bear.autodesk.com:443/artifactory/api/storage/team-mayausd-post-generic/post/MayaUSD/cuts/COTD/linux/2024-01-09-23-22/MayaUSD_0.27.0_Maya2025_Linux_RelWithDebInfo_202401092322_c3d4ccb_cut.zip"
[2024-01-15T15:01:07.131Z]   } ]
[2024-01-15T15:01:07.131Z] }
[2024-01-15T15:01:07.131Z] [VERBOSE] End loading URL (CURL): https://art-bear.autodesk.com/artifactory/api/search/checksum?repos=autodesk-3p-generic,adsk-build-tools-generic,team-ecg-generic,team-maya-generic,oss-stg-generic,team-mayausd-post-generic&sha1=a9192e06206739a5f8f5c22810c6009f4ba4b163
[2024-01-15T15:01:07.131Z] [VERBOSE] Start loading URL (CURL): https://art-bear.autodesk.com:443/artifactory/api/storage/team-mayausd-post-generic/post/MayaUSD/cuts/COTD/linux/2024-01-09-23-22/MayaUSD_0.27.0_Maya2025_Linux_RelWithDebInfo_202401092322_c3d4ccb_cut.zip
[2024-01-15T15:01:07.131Z] [DEBUG] Running: /usr/bin/curl -s -X GET --keepalive-time 10 --connect-timeout 60 --speed-limit 10000 --speed-time 120 --max-time 3600 --retry 5 --retry-max-time 2400 -H Connection:close -H Authorization:Basic ZWNnYmlmcm9zdDpvcGUqKjAw https://art-bear.autodesk.com:443/artifactory/api/storage/team-mayausd-post-generic/post/MayaUSD/cuts/COTD/linux/2024-01-09-23-22/MayaUSD_0.27.0_Maya2025_Linux_RelWithDebInfo_202401092322_c3d4ccb_cut.zip
[2024-01-15T15:01:07.131Z] [DEBUG] Output:
[2024-01-15T15:01:07.131Z] {
[2024-01-15T15:01:07.131Z]   "repo" : "team-mayausd-post-generic",
[2024-01-15T15:01:07.131Z]   "path" : "/post/MayaUSD/cuts/COTD/linux/2024-01-09-23-22/MayaUSD_0.27.0_Maya2025_Linux_RelWithDebInfo_202401092322_c3d4ccb_cut.zip",
[2024-01-15T15:01:07.131Z]   "created" : "2024-01-10T05:32:05.966-05:00",
[2024-01-15T15:01:07.131Z]   "createdBy" : "token:art-bear.autodesk.com",
[2024-01-15T15:01:07.131Z]   "lastModified" : "2024-01-10T05:32:05.961-05:00",
[2024-01-15T15:01:07.131Z]   "modifiedBy" : "token:art-bear.autodesk.com",
[2024-01-15T15:01:07.131Z]   "lastUpdated" : "2024-01-10T05:32:05.967-05:00",
[2024-01-15T15:01:07.131Z]   "downloadUri" : "https://art-bear.autodesk.com:443/artifactory/team-mayausd-post-generic/post/MayaUSD/cuts/COTD/linux/2024-01-09-23-22/MayaUSD_0.27.0_Maya2025_Linux_RelWithDebInfo_202401092322_c3d4ccb_cut.zip",
[2024-01-15T15:01:07.131Z]   "mimeType" : "application/zip",
[2024-01-15T15:01:07.131Z]   "size" : "245756313",
[2024-01-15T15:01:07.131Z]   "checksums" : {
[2024-01-15T15:01:07.131Z]     "sha1" : "a9192e06206739a5f8f5c22810c6009f4ba4b163",
[2024-01-15T15:01:07.131Z]     "md5" : "3e7aa6fcf7cf6e44e95233008e012dbf",
[2024-01-15T15:01:07.131Z]     "sha256" : "df22c64e1e3e68133c36d30823737543ec0a2c762da3509251a7148ee19ef65f"
[2024-01-15T15:01:07.131Z]   },
[2024-01-15T15:01:07.131Z]   "originalChecksums" : {
[2024-01-15T15:01:07.131Z]     "sha1" : "a9192e06206739a5f8f5c22810c6009f4ba4b163",
[2024-01-15T15:01:07.131Z]     "md5" : "3e7aa6fcf7cf6e44e95233008e012dbf",
[2024-01-15T15:01:07.132Z]     "sha256" : "df22c64e1e3e68133c36d30823737543ec0a2c762da3509251a7148ee19ef65f"
[2024-01-15T15:01:07.132Z]   },
[2024-01-15T15:01:07.132Z]   "uri" : "https://art-bear.autodesk.com:443/artifactory/api/storage/team-mayausd-post-generic/post/MayaUSD/cuts/COTD/linux/2024-01-09-23-22/MayaUSD_0.27.0_Maya2025_Linux_RelWithDebInfo_202401092322_c3d4ccb_cut.zip"
[2024-01-15T15:01:07.132Z] }
[2024-01-15T15:01:07.132Z] [VERBOSE] End loading URL (CURL): https://art-bear.autodesk.com:443/artifactory/api/storage/team-mayausd-post-generic/post/MayaUSD/cuts/COTD/linux/2024-01-09-23-22/MayaUSD_0.27.0_Maya2025_Linux_RelWithDebInfo_202401092322_c3d4ccb_cut.zip
[2024-01-15T15:01:07.132Z] 
[2024-01-15T15:01:07.132Z] ================================================================================
[2024-01-15T15:01:07.132Z]                              clean (RelWithDebInfo)
[2024-01-15T15:01:07.132Z] ================================================================================
[2024-01-15T15:01:07.132Z] Maya Python RelWithDebInfo Info:
[2024-01-15T15:01:07.132Z]   mayapy executable   = /local/S/jenkins/workspace/shared/Artifactory/Linux/rundev-master/202401131544/runtime/bf775ec/runTime/bin/mayapy
[2024-01-15T15:01:07.132Z]   Include Folder      = /local/S/jenkins/workspace/shared/Artifactory/Linux/rundev-master/202401131544/runtime/bf775ec/runTime/include/Python311/Python
[2024-01-15T15:01:07.132Z]   Library             = /local/S/jenkins/workspace/shared/Artifactory/Linux/rundev-master/202401131544/runtime/bf775ec/runTime/lib/libpython3.11.so.1.0
[2024-01-15T15:01:07.132Z]   site-package Folder = /local/S/jenkins/workspace/shared/Artifactory/Linux/rundev-master/202401131544/runtime/bf775ec/runTime/lib/python3.11/site-packages
[2024-01-15T15:01:08.451Z] In workdir: /home/S/jenkins/workspace/ECP/ecg-maya-hydra/ecg-maya-hydra-branch-preflight-python3-linux/ecg-maya-hydra/maya-hydra
[2024-01-15T15:01:08.451Z] Executing: /local/S/jenkins/workspace/shared/Artifactory/Linux/rundev-master/202401131544/runtime/bf775ec/runTime/bin/mayapy /home/S/jenkins/workspace/ECP/ecg-maya-hydra/ecg-maya-hydra-branch-preflight-python3-linux/ecg-maya-hydra/maya-hydra/build.py --generator Ninja --build-relwithdebug --maya-location /local/S/jenkins/workspace/shared/Artifactory/Linux/rundev-master/202401131544/runtime/bf775ec/runTime --devkit-location /local/S/jenkins/workspace/shared/Artifactory/Linux/rundev-master/202401131544/runtime/bf775ec/devkitBase --pxrusd-location /local/S/jenkins/workspace/shared/Artifactory/Linux/USD/a772bd8 --build-args=-DCMAKE_MAKE_PROGRAM=/local/S/jenkins/workspace/shared/Artifactory/Linux/ninja/1.10.2/9ab399b/ninja,-DPYTHON_INCLUDE_DIR=/local/S/jenkins/workspace/shared/Artifactory/Linux/rundev-master/202401131544/runtime/bf775ec/runTime/include/Python311/Python,-DPython_EXECUTABLE=/local/S/jenkins/workspace/shared/Artifactory/Linux/rundev-master/202401131544/runtime/bf775ec/runTime/bin/mayapy,-DPYTHON_LIBRARIES=/local/S/jenkins/workspace/shared/Artifactory/Linux/rundev-master/202401131544/runtime/bf775ec/runTime/lib/libpython3.11.so.1.0,-DBUILD_WITH_PYTHON_3_VERSION=3.11,-DCMAKE_WANT_MATERIALX_BUILD=ON,-DCMAKE_PREFIX_PATH=/local/S/jenkins/workspace/shared/Artifactory/Linux/USD/a772bd8,-DMAYAHYDRA_BUILD_NUMBER=457,-DMAYAHYDRA_GIT_COMMIT=5743b1c8314719947fca21bae81a636572852a7d,-DMAYAHYDRA_GIT_BRANCH=master,-DMAYAUSD_LOCATION=/local/S/jenkins/workspace/shared/Artifactory/Linux/mayausd-cotd/202401092322/runtime/a9192e0/mayausd '--ctest-args=--parallel 16' --stages=clean --redirect-outstream-file=False --install-location /local/S/jenkins/workspace/ECP/ecg-maya-hydra/ecg-maya-hydra-branch-preflight-python3-linux/install/RelWithDebInfo/MayaHydra /local/S/jenkins/workspace/ECP/ecg-maya-hydra/ecg-maya-hydra-branch-preflight-python3-linux
[2024-01-15T15:01:08.451Z] Modified environment variables:
[2024-01-15T15:01:08.451Z]     LD_LIBRARY_PATH=/opt/rh/gcc-toolset-11/root/usr/lib64:/opt/rh/gcc-toolset-11/root/usr/lib64:/opt/rh/gcc-toolset-11/root/usr/lib:/opt/rh/gcc-toolset-11/root/usr/lib64/dyninst:/opt/rh/gcc-toolset-11/root/usr/lib/dyninst
[2024-01-15T15:01:08.451Z]     PATH=/local/S/jenkins/workspace/shared/Artifactory/Linux/cmake/3.20.3/ab685d7/bin:/opt/rh/gcc-toolset-11/root/usr/bin:/home/administrator/.local/bin:/home/administrator/bin:/usr/share/Modules/bin:/usr/local/bin:/usr/local/sbin:/usr/bin:/usr/sbin
[2024-01-15T15:01:08.451Z]     
[2024-01-15T15:01:08.451Z]         Building with settings:
[2024-01-15T15:01:08.451Z]           Source directory          /home/S/jenkins/workspace/ECP/ecg-maya-hydra/ecg-maya-hydra-branch-preflight-python3-linux/ecg-maya-hydra/maya-hydra
[2024-01-15T15:01:08.451Z]           Workspace directory       /local/S/jenkins/workspace/ECP/ecg-maya-hydra/ecg-maya-hydra-branch-preflight-python3-linux
[2024-01-15T15:01:08.451Z]           Build directory           /local/S/jenkins/workspace/ECP/ecg-maya-hydra/ecg-maya-hydra-branch-preflight-python3-linux/build/RelWithDebInfo
[2024-01-15T15:01:08.451Z]           Install directory         /local/S/jenkins/workspace/ECP/ecg-maya-hydra/ecg-maya-hydra-branch-preflight-python3-linux/install/RelWithDebInfo/MayaHydra
[2024-01-15T15:01:08.451Z]           Variant                   RelWithDebInfo
[2024-01-15T15:01:08.451Z]           Python Debug              Off
[2024-01-15T15:01:08.451Z]           CMake generator           Ninja
[2024-01-15T15:01:08.451Z]           Build arguments           ['-DCMAKE_MAKE_PROGRAM=/local/S/jenkins/workspace/shared/Artifactory/Linux/ninja/1.10.2/9ab399b/ninja', '-DPYTHON_INCLUDE_DIR=/local/S/jenkins/workspace/shared/Artifactory/Linux/rundev-master/202401131544/runtime/bf775ec/runTime/include/Python311/Python', '-DPython_EXECUTABLE=/local/S/jenkins/workspace/shared/Artifactory/Linux/rundev-master/202401131544/runtime/bf775ec/runTime/bin/mayapy', '-DPYTHON_LIBRARIES=/local/S/jenkins/workspace/shared/Artifactory/Linux/rundev-master/202401131544/runtime/bf775ec/runTime/lib/libpython3.11.so.1.0', '-DBUILD_WITH_PYTHON_3_VERSION=3.11', '-DCMAKE_WANT_MATERIALX_BUILD=ON', '-DCMAKE_PREFIX_PATH=/local/S/jenkins/workspace/shared/Artifactory/Linux/USD/a772bd8', '-DMAYAHYDRA_BUILD_NUMBER=457', '-DMAYAHYDRA_GIT_COMMIT=5743b1c8314719947fca21bae81a636572852a7d', '-DMAYAHYDRA_GIT_BRANCH=master', '-DMAYAUSD_LOCATION=/local/S/jenkins/workspace/shared/Artifactory/Linux/mayausd-cotd/202401092322/runtime/a9192e0/mayausd']
[2024-01-15T15:01:08.451Z]           Stages arguments          ['clean']
[2024-01-15T15:01:08.451Z]           CTest arguments           ['--parallel 16']
[2024-01-15T15:01:08.451Z]     Success MayaHydra build and install !!!!
[2024-01-15T15:01:08.451Z]     Elapsed time: 00:00:00
[Pipeline] }
[Pipeline] // withEnv
[Pipeline] }
[Pipeline] // timeout
[Pipeline] }
[Pipeline] // stage
[Pipeline] }
[Pipeline] // timestamps
[Pipeline] timestamps
[Pipeline] {
[Pipeline] stage
[Pipeline] { (Configure)
[Pipeline] timeout
[2024-01-15T15:01:08.876Z] Timeout set to expire in 6 hr 0 min
[Pipeline] {
[Pipeline] withEnv
[Pipeline] {
[Pipeline] sh
[2024-01-15T15:01:10.022Z] + scl enable gcc-toolset-11 -
[2024-01-15T15:01:10.022Z] + '[' enable = load -o enable = unload ']'
[2024-01-15T15:01:10.022Z] + /usr/bin/scl enable gcc-toolset-11 -
[2024-01-15T15:01:10.022Z] python ecg-maya-hydra/build.py --stages=configure --workspace-dir=/local/S/jenkins/workspace/ECP/ecg-maya-hydra/ecg-maya-hydra-branch-preflight-python3-linux --artifactory-dir=/local/S/jenkins/workspace/shared/Artifactory --build-dir=/local/S/jenkins/workspace/ECP/ecg-maya-hydra/ecg-maya-hydra-branch-preflight-python3-linux/build --install-dir=/local/S/jenkins/workspace/ECP/ecg-maya-hydra/ecg-maya-hydra-branch-preflight-python3-linux/install --signing-dir=/local/S/jenkins/workspace/ECP/ecg-maya-hydra/ecg-maya-hydra-branch-preflight-python3-linux/signing --package-dir=/local/S/jenkins/workspace/ECP/ecg-maya-hydra/ecg-maya-hydra-branch-preflight-python3-linux/package --output-dir=/local/S/jenkins/workspace/ECP/ecg-maya-hydra/ecg-maya-hydra-branch-preflight-python3-linux/output --stash-dir=/local/S/jenkins/workspace/ECP/ecg-maya-hydra/ecg-maya-hydra-branch-preflight-python3-linux/stash --jenkins-build=457 --git-commit=5743b1c8314719947fca21bae81a636572852a7d --git-branch=master --variants=Debug --interactive-tests=true --post-zips=false --maya-cut-config=maya-rundev-master-debug.yaml --maya-package=rundev-master-debug --stage-banner
[2024-01-15T15:01:10.022Z] config_file /home/S/jenkins/workspace/ECP/ecg-maya-hydra/ecg-maya-hydra-branch-preflight-python3-linux/ecg-maya-hydra/maya-rundev-master-debug.yaml
[2024-01-15T15:01:10.022Z] Using Maya cut from /local/S/jenkins/workspace/shared/Artifactory/Linux/rundev-master-debug/202401131544/runtime/dc0fba1/runTime
[2024-01-15T15:01:10.022Z] Getting mayausd-cotd-debug download URL from Maya SHA-1 hash
[2024-01-15T15:01:10.022Z] Finding Artifactory servers response times
[2024-01-15T15:01:12.483Z] [VERBOSE] Start loading URL (CURL): https://art-bear.autodesk.com/artifactory/api/system/ping
[2024-01-15T15:01:12.484Z] [DEBUG] Running: /usr/bin/curl -s -X GET --keepalive-time 10 --connect-timeout 60 --speed-limit 10000 --speed-time 120 --max-time 3600 --retry 5 --retry-max-time 2400 -H Connection:close https://art-bear.autodesk.com/artifactory/api/system/ping
[2024-01-15T15:01:12.484Z] [DEBUG] Output:
[2024-01-15T15:01:12.484Z] OK
[2024-01-15T15:01:12.484Z] [VERBOSE] End loading URL (CURL): https://art-bear.autodesk.com/artifactory/api/system/ping
[2024-01-15T15:01:12.484Z] [VERBOSE] Start loading URL (CURL): https://art-marmotte.autodesk.com/artifactory/api/system/ping
[2024-01-15T15:01:12.484Z] [DEBUG] Running: /usr/bin/curl -s -X GET --keepalive-time 10 --connect-timeout 60 --speed-limit 10000 --speed-time 120 --max-time 3600 --retry 5 --retry-max-time 2400 -H Connection:close https://art-marmotte.autodesk.com/artifactory/api/system/ping
[2024-01-15T15:01:12.484Z] [DEBUG] Output:
[2024-01-15T15:01:12.484Z] OK
[2024-01-15T15:01:12.484Z] [VERBOSE] End loading URL (CURL): https://art-marmotte.autodesk.com/artifactory/api/system/ping
[2024-01-15T15:01:12.484Z] [VERBOSE] Start loading URL (CURL): https://art-bobcat.autodesk.com/artifactory/api/system/ping
[2024-01-15T15:01:12.484Z] [DEBUG] Running: /usr/bin/curl -s -X GET --keepalive-time 10 --connect-timeout 60 --speed-limit 10000 --speed-time 120 --max-time 3600 --retry 5 --retry-max-time 2400 -H Connection:close https://art-bobcat.autodesk.com/artifactory/api/system/ping
[2024-01-15T15:01:12.484Z] [DEBUG] Output:
[2024-01-15T15:01:12.484Z] OK
[2024-01-15T15:01:12.484Z] [VERBOSE] End loading URL (CURL): https://art-bobcat.autodesk.com/artifactory/api/system/ping
[2024-01-15T15:01:12.484Z] [VERBOSE] Start loading URL (CURL): https://art-bear.autodesk.com/artifactory/api/search/checksum?repos=autodesk-3p-generic,adsk-build-tools-generic,team-ecg-generic,team-maya-generic,oss-stg-generic,team-mayausd-post-generic&sha1=e1ef7598a769b278ce4bc8b853a82f2ed00c0796
[2024-01-15T15:01:12.484Z] [DEBUG] Running: /usr/bin/curl -s -X GET --keepalive-time 10 --connect-timeout 60 --speed-limit 10000 --speed-time 120 --max-time 3600 --retry 5 --retry-max-time 2400 -H Connection:close -H Authorization:Basic ZWNnYmlmcm9zdDpvcGUqKjAw https://art-bear.autodesk.com/artifactory/api/search/checksum?repos=autodesk-3p-generic,adsk-build-tools-generic,team-ecg-generic,team-maya-generic,oss-stg-generic,team-mayausd-post-generic&sha1=e1ef7598a769b278ce4bc8b853a82f2ed00c0796
[2024-01-15T15:01:12.484Z] [DEBUG] Output:
[2024-01-15T15:01:12.484Z] {
[2024-01-15T15:01:12.484Z]   "results" : [ {
[2024-01-15T15:01:12.484Z]     "uri" : "https://art-bear.autodesk.com:443/artifactory/api/storage/team-mayausd-post-generic/post/MayaUSD/cuts/COTD/linux/2024-01-09-23-22/MayaUSD_0.27.0_Maya2025_Linux_Debug_202401092322_c3d4ccb_cut.zip"
[2024-01-15T15:01:12.484Z]   } ]
[2024-01-15T15:01:12.484Z] }
[2024-01-15T15:01:12.484Z] [VERBOSE] End loading URL (CURL): https://art-bear.autodesk.com/artifactory/api/search/checksum?repos=autodesk-3p-generic,adsk-build-tools-generic,team-ecg-generic,team-maya-generic,oss-stg-generic,team-mayausd-post-generic&sha1=e1ef7598a769b278ce4bc8b853a82f2ed00c0796
[2024-01-15T15:01:12.484Z] [VERBOSE] Start loading URL (CURL): https://art-bear.autodesk.com:443/artifactory/api/storage/team-mayausd-post-generic/post/MayaUSD/cuts/COTD/linux/2024-01-09-23-22/MayaUSD_0.27.0_Maya2025_Linux_Debug_202401092322_c3d4ccb_cut.zip
[2024-01-15T15:01:12.484Z] [DEBUG] Running: /usr/bin/curl -s -X GET --keepalive-time 10 --connect-timeout 60 --speed-limit 10000 --speed-time 120 --max-time 3600 --retry 5 --retry-max-time 2400 -H Connection:close -H Authorization:Basic ZWNnYmlmcm9zdDpvcGUqKjAw https://art-bear.autodesk.com:443/artifactory/api/storage/team-mayausd-post-generic/post/MayaUSD/cuts/COTD/linux/2024-01-09-23-22/MayaUSD_0.27.0_Maya2025_Linux_Debug_202401092322_c3d4ccb_cut.zip
[2024-01-15T15:01:12.484Z] [DEBUG] Output:
[2024-01-15T15:01:12.484Z] {
[2024-01-15T15:01:12.484Z]   "repo" : "team-mayausd-post-generic",
[2024-01-15T15:01:12.484Z]   "path" : "/post/MayaUSD/cuts/COTD/linux/2024-01-09-23-22/MayaUSD_0.27.0_Maya2025_Linux_Debug_202401092322_c3d4ccb_cut.zip",
[2024-01-15T15:01:12.484Z]   "created" : "2024-01-10T05:31:21.163-05:00",
[2024-01-15T15:01:12.484Z]   "createdBy" : "token:art-bear.autodesk.com",
[2024-01-15T15:01:12.484Z]   "lastModified" : "2024-01-10T05:31:21.156-05:00",
[2024-01-15T15:01:12.484Z]   "modifiedBy" : "token:art-bear.autodesk.com",
[2024-01-15T15:01:12.484Z]   "lastUpdated" : "2024-01-10T05:31:21.163-05:00",
[2024-01-15T15:01:12.484Z]   "downloadUri" : "https://art-bear.autodesk.com:443/artifactory/team-mayausd-post-generic/post/MayaUSD/cuts/COTD/linux/2024-01-09-23-22/MayaUSD_0.27.0_Maya2025_Linux_Debug_202401092322_c3d4ccb_cut.zip",
[2024-01-15T15:01:12.484Z]   "mimeType" : "application/zip",
[2024-01-15T15:01:12.484Z]   "size" : "910582704",
[2024-01-15T15:01:12.484Z]   "checksums" : {
[2024-01-15T15:01:12.484Z]     "sha1" : "e1ef7598a769b278ce4bc8b853a82f2ed00c0796",
[2024-01-15T15:01:12.484Z]     "md5" : "7d094c6f36d54830135cd5765457f6ff",
[2024-01-15T15:01:12.484Z]     "sha256" : "89eb3f05bdeaa0871db9fd2fedd57fcff76af4a9c9f923faa2cd0fe1ab0ae9e9"
[2024-01-15T15:01:12.484Z]   },
[2024-01-15T15:01:12.484Z]   "originalChecksums" : {
[2024-01-15T15:01:12.484Z]     "sha1" : "e1ef7598a769b278ce4bc8b853a82f2ed00c0796",
[2024-01-15T15:01:12.484Z]     "md5" : "7d094c6f36d54830135cd5765457f6ff",
[2024-01-15T15:01:12.484Z]     "sha256" : "89eb3f05bdeaa0871db9fd2fedd57fcff76af4a9c9f923faa2cd0fe1ab0ae9e9"
[2024-01-15T15:01:12.484Z]   },
[2024-01-15T15:01:12.484Z]   "uri" : "https://art-bear.autodesk.com:443/artifactory/api/storage/team-mayausd-post-generic/post/MayaUSD/cuts/COTD/linux/2024-01-09-23-22/MayaUSD_0.27.0_Maya2025_Linux_Debug_202401092322_c3d4ccb_cut.zip"
[2024-01-15T15:01:12.484Z] }
[2024-01-15T15:01:12.484Z] [VERBOSE] End loading URL (CURL): https://art-bear.autodesk.com:443/artifactory/api/storage/team-mayausd-post-generic/post/MayaUSD/cuts/COTD/linux/2024-01-09-23-22/MayaUSD_0.27.0_Maya2025_Linux_Debug_202401092322_c3d4ccb_cut.zip
[2024-01-15T15:01:12.484Z] 
[2024-01-15T15:01:12.484Z] ================================================================================
[2024-01-15T15:01:12.484Z]                                configure (Debug)
[2024-01-15T15:01:12.484Z] ================================================================================
[2024-01-15T15:01:12.484Z] Maya Python Debug Info:
[2024-01-15T15:01:12.484Z]   mayapy executable   = /local/S/jenkins/workspace/shared/Artifactory/Linux/rundev-master-debug/202401131544/runtime/dc0fba1/runTime/bin/mayapy
[2024-01-15T15:01:12.484Z]   Include Folder      = /local/S/jenkins/workspace/shared/Artifactory/Linux/rundev-master-debug/202401131544/runtime/dc0fba1/runTime/include/Python311/Python
[2024-01-15T15:01:12.484Z]   Library             = /local/S/jenkins/workspace/shared/Artifactory/Linux/rundev-master-debug/202401131544/runtime/dc0fba1/runTime/lib/libpython3.11d.so.1.0
[2024-01-15T15:01:12.484Z]   site-package Folder = /local/S/jenkins/workspace/shared/Artifactory/Linux/rundev-master-debug/202401131544/runtime/dc0fba1/runTime/lib/python3.11/site-packages
[2024-01-15T15:01:13.586Z] In workdir: /home/S/jenkins/workspace/ECP/ecg-maya-hydra/ecg-maya-hydra-branch-preflight-python3-linux/ecg-maya-hydra/maya-hydra
[2024-01-15T15:01:13.586Z] Executing: /local/S/jenkins/workspace/shared/Artifactory/Linux/rundev-master-debug/202401131544/runtime/dc0fba1/runTime/bin/mayapy /home/S/jenkins/workspace/ECP/ecg-maya-hydra/ecg-maya-hydra-branch-preflight-python3-linux/ecg-maya-hydra/maya-hydra/build.py --generator Ninja --build-debug --maya-location /local/S/jenkins/workspace/shared/Artifactory/Linux/rundev-master-debug/202401131544/runtime/dc0fba1/runTime --devkit-location /local/S/jenkins/workspace/shared/Artifactory/Linux/rundev-master-debug/202401131544/runtime/dc0fba1/devkitBase --pxrusd-location /local/S/jenkins/workspace/shared/Artifactory/Linux/USD/d4ae0c1 --build-args=-DCMAKE_MAKE_PROGRAM=/local/S/jenkins/workspace/shared/Artifactory/Linux/ninja/1.10.2/9ab399b/ninja,-DPYTHON_INCLUDE_DIR=/local/S/jenkins/workspace/shared/Artifactory/Linux/rundev-master-debug/202401131544/runtime/dc0fba1/runTime/include/Python311/Python,-DPython_EXECUTABLE=/local/S/jenkins/workspace/shared/Artifactory/Linux/rundev-master-debug/202401131544/runtime/dc0fba1/runTime/bin/mayapy,-DPYTHON_LIBRARIES=/local/S/jenkins/workspace/shared/Artifactory/Linux/rundev-master-debug/202401131544/runtime/dc0fba1/runTime/lib/libpython3.11d.so.1.0,-DBUILD_WITH_PYTHON_3_VERSION=3.11,-DCMAKE_WANT_MATERIALX_BUILD=ON,-DCMAKE_PREFIX_PATH=/local/S/jenkins/workspace/shared/Artifactory/Linux/USD/d4ae0c1,-DMAYAHYDRA_BUILD_NUMBER=457,-DMAYAHYDRA_GIT_COMMIT=5743b1c8314719947fca21bae81a636572852a7d,-DMAYAHYDRA_GIT_BRANCH=master,-DMAYAUSD_LOCATION=/local/S/jenkins/workspace/shared/Artifactory/Linux/mayausd-cotd-debug/202401092322/runtime/e1ef759/mayausd --debug-python '--ctest-args=--parallel 16' --stages=configure --redirect-outstream-file=False --install-location /local/S/jenkins/workspace/ECP/ecg-maya-hydra/ecg-maya-hydra-branch-preflight-python3-linux/install/Debug/MayaHydra /local/S/jenkins/workspace/ECP/ecg-maya-hydra/ecg-maya-hydra-branch-preflight-python3-linux
[2024-01-15T15:01:13.586Z] Modified environment variables:
[2024-01-15T15:01:13.586Z]     LD_LIBRARY_PATH=/opt/rh/gcc-toolset-11/root/usr/lib64:/opt/rh/gcc-toolset-11/root/usr/lib64:/opt/rh/gcc-toolset-11/root/usr/lib:/opt/rh/gcc-toolset-11/root/usr/lib64/dyninst:/opt/rh/gcc-toolset-11/root/usr/lib/dyninst
[2024-01-15T15:01:13.586Z]     PATH=/local/S/jenkins/workspace/shared/Artifactory/Linux/cmake/3.20.3/ab685d7/bin:/opt/rh/gcc-toolset-11/root/usr/bin:/home/administrator/.local/bin:/home/administrator/bin:/usr/share/Modules/bin:/usr/local/bin:/usr/local/sbin:/usr/bin:/usr/sbin
[2024-01-15T15:01:14.136Z]     -- The C compiler identification is GNU 11.2.1
[2024-01-15T15:01:14.136Z]     -- The CXX compiler identification is GNU 11.2.1
[2024-01-15T15:01:14.136Z]     -- Detecting C compiler ABI info
[2024-01-15T15:01:14.136Z]     -- Detecting C compiler ABI info - done
[2024-01-15T15:01:14.136Z]     -- Check for working C compiler: /opt/rh/gcc-toolset-11/root/usr/bin/cc - skipped
[2024-01-15T15:01:14.136Z]     -- Detecting C compile features
[2024-01-15T15:01:14.136Z]     -- Detecting C compile features - done
[2024-01-15T15:01:14.136Z]     -- Detecting CXX compiler ABI info
[2024-01-15T15:01:14.136Z]     -- Detecting CXX compiler ABI info - done
[2024-01-15T15:01:14.136Z]     -- Check for working CXX compiler: /opt/rh/gcc-toolset-11/root/usr/bin/c++ - skipped
[2024-01-15T15:01:14.136Z]     -- Detecting CXX compile features
[2024-01-15T15:01:14.136Z]     -- Detecting CXX compile features - done
[2024-01-15T15:01:14.684Z]     -- Using Maya Light API Version 3
[2024-01-15T15:01:14.684Z]     -- Maya has setDefaultMaterialHandling API
[2024-01-15T15:01:14.684Z]     -- Maya has new point snapping API
[2024-01-15T15:01:14.684Z]     -- Maya has isInCrashHandler API
[2024-01-15T15:01:14.684Z]     -- Maya has getDisplayStyleOfAllViewports API
[2024-01-15T15:01:14.684Z]     -- Maya array iterator has difference_type trait
[2024-01-15T15:01:14.684Z]     -- MFnSet has getMemberPaths function
[2024-01-15T15:01:14.684Z]     -- MFnDisplayLayer exists
[2024-01-15T15:01:14.684Z]     -- MDisplayLayerMessage has MDisplayLayerMemberChangedFunction
[2024-01-15T15:01:14.684Z]     -- MRenderItem has HideOnPlayback API
[2024-01-15T15:01:15.214Z]     -- Linux: Maya was built with new cxx11 ABI
[2024-01-15T15:01:15.214Z]     -- Found Maya: /local/S/jenkins/workspace/shared/Artifactory/Linux/rundev-master-debug/202401131544/runtime/dc0fba1/runTime/bin/maya (found suitable version "2025", minimum required is "2024")
[2024-01-15T15:01:16.631Z]     -- Found Python: /local/S/jenkins/workspace/shared/Artifactory/Linux/rundev-master-debug/202401131544/runtime/dc0fba1/runTime/bin/mayapy (found suitable exact version "3.11.4") found components: Interpreter
[2024-01-15T15:01:16.631Z]     -- Build mayaHydra with Python3 = 3.11
[2024-01-15T15:01:16.631Z]     --    PYTHON_INCLUDE_DIRS = /local/S/jenkins/workspace/shared/Artifactory/Linux/rundev-master-debug/202401131544/runtime/dc0fba1/runTime/include/Python311/Python
[2024-01-15T15:01:16.631Z]     --    PYTHON_LIBRARIES    = /local/S/jenkins/workspace/shared/Artifactory/Linux/rundev-master-debug/202401131544/runtime/dc0fba1/runTime/lib/libpython3.11d.so.1.0
[2024-01-15T15:01:16.631Z]     --    Python_EXECUTABLE   = /local/S/jenkins/workspace/shared/Artifactory/Linux/rundev-master-debug/202401131544/runtime/dc0fba1/runTime/bin/mayapy
[2024-01-15T15:01:16.631Z]     -- Found Python3: /local/S/jenkins/workspace/shared/Artifactory/Linux/rundev-master-debug/202401131544/runtime/dc0fba1/runTime/include/Python311/Python (found suitable exact version "3.11.4") found components: Development Development.Module Development.Embed
[2024-01-15T15:01:16.631Z]     -- USD has new Sdr.PropertyTypes.Color4
[2024-01-15T15:01:16.631Z]     -- USD has MaterialX metadata support
[2024-01-15T15:01:16.631Z]     -- USD include dir: /local/S/jenkins/workspace/shared/Artifactory/Linux/USD/d4ae0c1/include
[2024-01-15T15:01:16.631Z]     -- USD library dir: /local/S/jenkins/workspace/shared/Artifactory/Linux/USD/d4ae0c1/lib
[2024-01-15T15:01:16.631Z]     -- USD version: 0.23.11
[2024-01-15T15:01:16.631Z]     -- Found USD: /local/S/jenkins/workspace/shared/Artifactory/Linux/USD/d4ae0c1 (found suitable version "0.23.11", minimum required is "0.22.11")
[2024-01-15T15:01:16.631Z]     Updated PYTHONPATH: /local/S/jenkins/workspace/shared/Artifactory/Linux/USD/d4ae0c1/lib/python
[2024-01-15T15:01:16.631Z]     -- Found UFE: /local/S/jenkins/workspace/shared/Artifactory/Linux/rundev-master-debug/202401131544/runtime/dc0fba1/devkitBase/devkit/ufe/include (found version "5.0.0")
[2024-01-15T15:01:16.631Z]     -- UFE include dir: /local/S/jenkins/workspace/shared/Artifactory/Linux/rundev-master-debug/202401131544/runtime/dc0fba1/devkitBase/devkit/ufe/include
[2024-01-15T15:01:16.631Z]     -- UFE library: /local/S/jenkins/workspace/shared/Artifactory/Linux/rundev-master-debug/202401131544/runtime/dc0fba1/devkitBase/devkit/ufe/lib/libufe_5.so
[2024-01-15T15:01:16.631Z]     -- UFE version: 5.0.0
[2024-01-15T15:01:16.631Z]     -- Maya has UFE lights API
[2024-01-15T15:01:16.631Z]     -- Maya has UFE scene segment API
[2024-01-15T15:01:16.631Z]     -- Maya has UFE TrieNode childrenComponents accessor
[2024-01-15T15:01:16.631Z]     -- Building with UFE 5.0.0.
[2024-01-15T15:01:16.631Z]     -- Found MaterialX
[2024-01-15T15:01:16.631Z]     -- Check if compiler accepts -pthread
[2024-01-15T15:01:16.631Z]     -- Check if compiler accepts -pthread - yes
[2024-01-15T15:01:16.631Z]     -- Performing Test HAVE_STDATOMIC
[2024-01-15T15:01:17.179Z]     -- Performing Test HAVE_STDATOMIC - Success
[2024-01-15T15:01:17.179Z]     -- Found OpenGL: /usr/lib64/libOpenGL.so
[2024-01-15T15:01:17.179Z]     -- Check if linker can resolve circular dependencies - FALSE
[2024-01-15T15:01:17.179Z]     -- Found Qt 6.5.3 in Maya devkit. Hydra Scene Browser will be built.
[2024-01-15T15:01:17.179Z]     -- **** Building Gulrak From Github Repository.
[2024-01-15T15:01:17.179Z]     -- Populating gulrak
[2024-01-15T15:01:17.179Z]     -- Configuring done
[2024-01-15T15:01:17.179Z]     -- Generating done
[2024-01-15T15:01:17.179Z]     -- Build files have been written to: /home/S/jenkins/workspace/ECP/ecg-maya-hydra/ecg-maya-hydra-branch-preflight-python3-linux/build/Debug/_deps/gulrak-subbuild
[2024-01-15T15:01:17.179Z]     [1/9] Creating directories for 'gulrak-populate'
[2024-01-15T15:01:17.179Z]     [1/9] Performing download step (git clone) for 'gulrak-populate'
[2024-01-15T15:01:17.179Z]     Cloning into 'gulrak-src'...
[2024-01-15T15:01:17.731Z]     HEAD is now at 4e21ab3 Version bump and updated readme.
[2024-01-15T15:01:17.731Z]     [2/9] Performing update step for 'gulrak-populate'
[2024-01-15T15:01:17.731Z]     [4/9] No patch step for 'gulrak-populate'
[2024-01-15T15:01:17.731Z]     [5/9] No configure step for 'gulrak-populate'
[2024-01-15T15:01:17.731Z]     [6/9] No build step for 'gulrak-populate'
[2024-01-15T15:01:17.731Z]     [7/9] No install step for 'gulrak-populate'
[2024-01-15T15:01:17.731Z]     [8/9] No test step for 'gulrak-populate'
[2024-01-15T15:01:17.731Z]     [9/9] Completed 'gulrak-populate'
[2024-01-15T15:01:17.731Z]     -- ========== Installing GoogleTest... ==========
[2024-01-15T15:01:17.731Z]     -- Configuring done
[2024-01-15T15:01:17.731Z]     -- Generating done
[2024-01-15T15:01:17.731Z]     -- Build files have been written to: /home/S/jenkins/workspace/ECP/ecg-maya-hydra/ecg-maya-hydra-branch-preflight-python3-linux/build/Debug/googletest-config
[2024-01-15T15:01:17.731Z]     [1/8] Creating directories for 'googletest'
[2024-01-15T15:01:18.844Z]     [2/8] Performing download step (git clone) for 'googletest'
[2024-01-15T15:01:18.844Z]     Cloning into 'googletest-src'...
[2024-01-15T15:01:18.844Z]     HEAD is now at 703bd9ca Googletest export
[2024-01-15T15:01:18.844Z]     [3/8] Performing update step for 'googletest'
[2024-01-15T15:01:18.844Z]     [4/8] No patch step for 'googletest'
[2024-01-15T15:01:19.371Z]     [5/8] Performing configure step for 'googletest'
[2024-01-15T15:01:19.371Z]     Not searching for unused variables given on the command line.
[2024-01-15T15:01:19.371Z]     CMake Deprecation Warning at CMakeLists.txt:4 (cmake_minimum_required):
[2024-01-15T15:01:19.371Z]       Compatibility with CMake < 2.8.12 will be removed from a future version of
[2024-01-15T15:01:19.371Z]       CMake.
[2024-01-15T15:01:19.371Z]     
[2024-01-15T15:01:19.371Z]       Update the VERSION argument <min> value or use a ...<max> suffix to tell
[2024-01-15T15:01:19.371Z]       CMake that the project does not need compatibility with older versions.
[2024-01-15T15:01:19.371Z]     
[2024-01-15T15:01:19.371Z]     
[2024-01-15T15:01:19.371Z]     -- The C compiler identification is GNU 11.2.1
[2024-01-15T15:01:19.371Z]     -- The CXX compiler identification is GNU 11.2.1
[2024-01-15T15:01:19.371Z]     -- Detecting C compiler ABI info
[2024-01-15T15:01:19.371Z]     -- Detecting C compiler ABI info - done
[2024-01-15T15:01:19.371Z]     -- Check for working C compiler: /opt/rh/gcc-toolset-11/root/usr/bin/cc - skipped
[2024-01-15T15:01:19.371Z]     -- Detecting C compile features
[2024-01-15T15:01:19.371Z]     -- Detecting C compile features - done
[2024-01-15T15:01:19.371Z]     -- Detecting CXX compiler ABI info
[2024-01-15T15:01:19.371Z]     -- Detecting CXX compiler ABI info - done
[2024-01-15T15:01:19.371Z]     -- Check for working CXX compiler: /opt/rh/gcc-toolset-11/root/usr/bin/c++ - skipped
[2024-01-15T15:01:19.371Z]     -- Detecting CXX compile features
[2024-01-15T15:01:19.371Z]     -- Detecting CXX compile features - done
[2024-01-15T15:01:19.371Z]     CMake Deprecation Warning at googletest/CMakeLists.txt:56 (cmake_minimum_required):
[2024-01-15T15:01:19.371Z]       Compatibility with CMake < 2.8.12 will be removed from a future version of
[2024-01-15T15:01:19.371Z]       CMake.
[2024-01-15T15:01:19.371Z]     
[2024-01-15T15:01:19.371Z]       Update the VERSION argument <min> value or use a ...<max> suffix to tell
[2024-01-15T15:01:19.371Z]       CMake that the project does not need compatibility with older versions.
[2024-01-15T15:01:19.371Z]     
[2024-01-15T15:01:19.371Z]     
[2024-01-15T15:01:19.372Z]     -- Found PythonInterp: /usr/local/bin/python (found version "3.9.7")
[2024-01-15T15:01:19.372Z]     -- Looking for pthread.h
[2024-01-15T15:01:19.372Z]     -- Looking for pthread.h - found
[2024-01-15T15:01:19.372Z]     -- Performing Test CMAKE_HAVE_LIBC_PTHREAD
[2024-01-15T15:01:19.372Z]     -- Performing Test CMAKE_HAVE_LIBC_PTHREAD - Failed
[2024-01-15T15:01:19.372Z]     -- Looking for pthread_create in pthreads
[2024-01-15T15:01:19.372Z]     -- Looking for pthread_create in pthreads - not found
[2024-01-15T15:01:19.372Z]     -- Looking for pthread_create in pthread
[2024-01-15T15:01:19.372Z]     -- Looking for pthread_create in pthread - found
[2024-01-15T15:01:19.372Z]     -- Found Threads: TRUE
[2024-01-15T15:01:19.372Z]     -- Configuring done
[2024-01-15T15:01:19.372Z]     -- Generating done
[2024-01-15T15:01:19.372Z]     -- Build files have been written to: /home/S/jenkins/workspace/ECP/ecg-maya-hydra/ecg-maya-hydra-branch-preflight-python3-linux/build/Debug/googletest-build
[2024-01-15T15:01:22.749Z]     [6/8] Performing build step for 'googletest'
[2024-01-15T15:01:22.749Z]     [1/4] Building CXX object googletest/CMakeFiles/gtest_main.dir/src/gtest_main.cc.o
[2024-01-15T15:01:22.749Z]     [2/4] Building CXX object googletest/CMakeFiles/gtest.dir/src/gtest-all.cc.o
[2024-01-15T15:01:22.749Z]     [3/4] Linking CXX shared library lib/libgtestd.so
[2024-01-15T15:01:22.749Z]     [4/4] Linking CXX shared library lib/libgtest_maind.so
[2024-01-15T15:01:22.749Z]     [7/8] Performing install step for 'googletest'
[2024-01-15T15:01:22.749Z]     [0/1] Install the project...
[2024-01-15T15:01:22.749Z]     -- Install configuration: "Debug"
[2024-01-15T15:01:22.749Z]     -- Set runtime path of "/home/S/jenkins/workspace/ECP/ecg-maya-hydra/ecg-maya-hydra-branch-preflight-python3-linux/build/Debug/googletest-install/lib64/libgtest_maind.so" to ""
[2024-01-15T15:01:22.749Z]     [8/8] Completed 'googletest'
[2024-01-15T15:01:22.749Z]     -- ========== ...  GoogleTest installed. ==========
[2024-01-15T15:01:22.749Z]     -- Found GTest: /home/S/jenkins/workspace/ECP/ecg-maya-hydra/ecg-maya-hydra-branch-preflight-python3-linux/build/Debug/googletest-install/lib64/libgtestd.so
[2024-01-15T15:01:22.749Z]     -- promoting: /home/S/jenkins/workspace/ECP/ecg-maya-hydra/ecg-maya-hydra-branch-preflight-python3-linux/ecg-maya-hydra/maya-hydra/lib/mayaHydra/mayaPlugin/pluginUtils.h
[2024-01-15T15:01:22.749Z]     CMake Warning at lib/mayaHydra/hydraExtensions/CMakeLists.txt:122 (message):
[2024-01-15T15:01:22.749Z]       Could not find mayaUsdAPI library.
[2024-01-15T15:01:22.749Z]     
[2024-01-15T15:01:22.749Z]     
[2024-01-15T15:01:22.749Z]     -- promoting: /home/S/jenkins/workspace/ECP/ecg-maya-hydra/ecg-maya-hydra-branch-preflight-python3-linux/ecg-maya-hydra/maya-hydra/lib/mayaHydra/hydraExtensions/api.h
[2024-01-15T15:01:22.749Z]     -- promoting: /home/S/jenkins/workspace/ECP/ecg-maya-hydra/ecg-maya-hydra-branch-preflight-python3-linux/ecg-maya-hydra/maya-hydra/lib/mayaHydra/hydraExtensions/debugCodes.h
[2024-01-15T15:01:22.749Z]     -- promoting: /home/S/jenkins/workspace/ECP/ecg-maya-hydra/ecg-maya-hydra-branch-preflight-python3-linux/ecg-maya-hydra/maya-hydra/lib/mayaHydra/hydraExtensions/hydraUtils.h
[2024-01-15T15:01:22.749Z]     -- promoting: /home/S/jenkins/workspace/ECP/ecg-maya-hydra/ecg-maya-hydra-branch-preflight-python3-linux/ecg-maya-hydra/maya-hydra/lib/mayaHydra/hydraExtensions/mayaHydraLibInterface.h
[2024-01-15T15:01:22.749Z]     -- promoting: /home/S/jenkins/workspace/ECP/ecg-maya-hydra/ecg-maya-hydra-branch-preflight-python3-linux/ecg-maya-hydra/maya-hydra/lib/mayaHydra/hydraExtensions/mayaHydraLibInterfaceImp.h
[2024-01-15T15:01:22.749Z]     -- promoting: /home/S/jenkins/workspace/ECP/ecg-maya-hydra/ecg-maya-hydra-branch-preflight-python3-linux/ecg-maya-hydra/maya-hydra/lib/mayaHydra/hydraExtensions/mayaUtils.h
[2024-01-15T15:01:22.749Z]     -- promoting: /home/S/jenkins/workspace/ECP/ecg-maya-hydra/ecg-maya-hydra-branch-preflight-python3-linux/ecg-maya-hydra/maya-hydra/lib/mayaHydra/hydraExtensions/mixedUtils.h
[2024-01-15T15:01:22.749Z]     -- promoting: /home/S/jenkins/workspace/ECP/ecg-maya-hydra/ecg-maya-hydra-branch-preflight-python3-linux/ecg-maya-hydra/maya-hydra/lib/mayaHydra/hydraExtensions/mayaHydraSceneProducer.h
[2024-01-15T15:01:22.749Z]     -- promoting: /home/S/jenkins/workspace/ECP/ecg-maya-hydra/ecg-maya-hydra-branch-preflight-python3-linux/ecg-maya-hydra/maya-hydra/lib/mayaHydra/hydraExtensions/adapters/adapter.h
[2024-01-15T15:01:22.749Z]     -- promoting: /home/S/jenkins/workspace/ECP/ecg-maya-hydra/ecg-maya-hydra-branch-preflight-python3-linux/ecg-maya-hydra/maya-hydra/lib/mayaHydra/hydraExtensions/adapters/adapterDebugCodes.h
[2024-01-15T15:01:22.749Z]     -- promoting: /home/S/jenkins/workspace/ECP/ecg-maya-hydra/ecg-maya-hydra-branch-preflight-python3-linux/ecg-maya-hydra/maya-hydra/lib/mayaHydra/hydraExtensions/adapters/adapterRegistry.h
[2024-01-15T15:01:22.749Z]     -- promoting: /home/S/jenkins/workspace/ECP/ecg-maya-hydra/ecg-maya-hydra-branch-preflight-python3-linux/ecg-maya-hydra/maya-hydra/lib/mayaHydra/hydraExtensions/adapters/cameraAdapter.h
[2024-01-15T15:01:22.749Z]     -- promoting: /home/S/jenkins/workspace/ECP/ecg-maya-hydra/ecg-maya-hydra-branch-preflight-python3-linux/ecg-maya-hydra/maya-hydra/lib/mayaHydra/hydraExtensions/adapters/constantShadowMatrix.h
[2024-01-15T15:01:22.749Z]     -- promoting: /home/S/jenkins/workspace/ECP/ecg-maya-hydra/ecg-maya-hydra-branch-preflight-python3-linux/ecg-maya-hydra/maya-hydra/lib/mayaHydra/hydraExtensions/adapters/dagAdapter.h
[2024-01-15T15:01:22.749Z]     -- promoting: /home/S/jenkins/workspace/ECP/ecg-maya-hydra/ecg-maya-hydra-branch-preflight-python3-linux/ecg-maya-hydra/maya-hydra/lib/mayaHydra/hydraExtensions/adapters/renderItemAdapter.h
[2024-01-15T15:01:22.749Z]     -- promoting: /home/S/jenkins/workspace/ECP/ecg-maya-hydra/ecg-maya-hydra-branch-preflight-python3-linux/ecg-maya-hydra/maya-hydra/lib/mayaHydra/hydraExtensions/adapters/lightAdapter.h
[2024-01-15T15:01:22.749Z]     -- promoting: /home/S/jenkins/workspace/ECP/ecg-maya-hydra/ecg-maya-hydra-branch-preflight-python3-linux/ecg-maya-hydra/maya-hydra/lib/mayaHydra/hydraExtensions/adapters/materialAdapter.h
[2024-01-15T15:01:22.749Z]     -- promoting: /home/S/jenkins/workspace/ECP/ecg-maya-hydra/ecg-maya-hydra-branch-preflight-python3-linux/ecg-maya-hydra/maya-hydra/lib/mayaHydra/hydraExtensions/adapters/materialNetworkConverter.h
[2024-01-15T15:01:22.750Z]     -- promoting: /home/S/jenkins/workspace/ECP/ecg-maya-hydra/ecg-maya-hydra-branch-preflight-python3-linux/ecg-maya-hydra/maya-hydra/lib/mayaHydra/hydraExtensions/adapters/mayaAttrs.h
[2024-01-15T15:01:22.750Z]     -- promoting: /home/S/jenkins/workspace/ECP/ecg-maya-hydra/ecg-maya-hydra-branch-preflight-python3-linux/ecg-maya-hydra/maya-hydra/lib/mayaHydra/hydraExtensions/adapters/shapeAdapter.h
[2024-01-15T15:01:22.750Z]     -- promoting: /home/S/jenkins/workspace/ECP/ecg-maya-hydra/ecg-maya-hydra-branch-preflight-python3-linux/ecg-maya-hydra/maya-hydra/lib/mayaHydra/hydraExtensions/adapters/tokens.h
[2024-01-15T15:01:22.750Z]     -- promoting: /home/S/jenkins/workspace/ECP/ecg-maya-hydra/ecg-maya-hydra-branch-preflight-python3-linux/ecg-maya-hydra/maya-hydra/lib/mayaHydra/hydraExtensions/delegates/delegate.h
[2024-01-15T15:01:22.750Z]     -- promoting: /home/S/jenkins/workspace/ECP/ecg-maya-hydra/ecg-maya-hydra-branch-preflight-python3-linux/ecg-maya-hydra/maya-hydra/lib/mayaHydra/hydraExtensions/delegates/delegateCtx.h
[2024-01-15T15:01:22.750Z]     -- promoting: /home/S/jenkins/workspace/ECP/ecg-maya-hydra/ecg-maya-hydra-branch-preflight-python3-linux/ecg-maya-hydra/maya-hydra/lib/mayaHydra/hydraExtensions/delegates/delegateDebugCodes.h
[2024-01-15T15:01:22.750Z]     -- promoting: /home/S/jenkins/workspace/ECP/ecg-maya-hydra/ecg-maya-hydra-branch-preflight-python3-linux/ecg-maya-hydra/maya-hydra/lib/mayaHydra/hydraExtensions/delegates/delegateRegistry.h
[2024-01-15T15:01:22.750Z]     -- promoting: /home/S/jenkins/workspace/ECP/ecg-maya-hydra/ecg-maya-hydra-branch-preflight-python3-linux/ecg-maya-hydra/maya-hydra/lib/mayaHydra/hydraExtensions/delegates/params.h
[2024-01-15T15:01:22.750Z]     -- promoting: /home/S/jenkins/workspace/ECP/ecg-maya-hydra/ecg-maya-hydra-branch-preflight-python3-linux/ecg-maya-hydra/maya-hydra/lib/mayaHydra/hydraExtensions/delegates/sceneDelegate.h
[2024-01-15T15:01:22.750Z]     -- promoting: /home/S/jenkins/workspace/ECP/ecg-maya-hydra/ecg-maya-hydra-branch-preflight-python3-linux/ecg-maya-hydra/maya-hydra/lib/mayaHydra/hydraExtensions/delegates/defaultLightDelegate.h
[2024-01-15T15:01:22.750Z]     -- promoting: /home/S/jenkins/workspace/ECP/ecg-maya-hydra/ecg-maya-hydra-branch-preflight-python3-linux/ecg-maya-hydra/maya-hydra/lib/mayaHydra/hydraExtensions/delegates/testDelegate.h
[2024-01-15T15:01:22.750Z]     -- promoting: /home/S/jenkins/workspace/ECP/ecg-maya-hydra/ecg-maya-hydra-branch-preflight-python3-linux/ecg-maya-hydra/maya-hydra/lib/mayaHydra/hydraExtensions/sceneIndex/registration.h
[2024-01-15T15:01:22.750Z]     -- promoting: /home/S/jenkins/workspace/ECP/ecg-maya-hydra/ecg-maya-hydra-branch-preflight-python3-linux/ecg-maya-hydra/maya-hydra/lib/mayaHydra/hydraExtensions/sceneIndex/mayaHydraSceneIndex.h
[2024-01-15T15:01:22.750Z]     -- promoting: /home/S/jenkins/workspace/ECP/ecg-maya-hydra/ecg-maya-hydra-branch-preflight-python3-linux/ecg-maya-hydra/maya-hydra/lib/mayaHydra/hydraExtensions/sceneIndex/mayaHydraDataSource.h
[2024-01-15T15:01:22.750Z]     -- promoting: /home/S/jenkins/workspace/ECP/ecg-maya-hydra/ecg-maya-hydra-branch-preflight-python3-linux/ecg-maya-hydra/maya-hydra/lib/mayaHydra/hydraExtensions/sceneIndex/mayaHydraPrimvarDataSource.h
[2024-01-15T15:01:22.750Z]     -- promoting: /home/S/jenkins/workspace/ECP/ecg-maya-hydra/ecg-maya-hydra-branch-preflight-python3-linux/ecg-maya-hydra/maya-hydra/lib/mayaHydra/hydraExtensions/sceneIndex/mayaHydraDisplayStyleDataSource.h
[2024-01-15T15:01:22.750Z]     -- promoting: /home/S/jenkins/workspace/ECP/ecg-maya-hydra/ecg-maya-hydra-branch-preflight-python3-linux/ecg-maya-hydra/maya-hydra/lib/mayaHydra/hydraExtensions/sceneIndex/mayaHydraCameraDataSource.h
[2024-01-15T15:01:22.750Z]     -- promoting: /home/S/jenkins/workspace/ECP/ecg-maya-hydra/ecg-maya-hydra-branch-preflight-python3-linux/ecg-maya-hydra/maya-hydra/lib/mayaHydra/hydraExtensions/sceneIndex/mayaHydraLightDataSource.h
[2024-01-15T15:01:22.750Z]     -- promoting: /home/S/jenkins/workspace/ECP/ecg-maya-hydra/ecg-maya-hydra-branch-preflight-python3-linux/ecg-maya-hydra/maya-hydra/lib/mayaHydra/hydraExtensions/sceneIndex/mayaHydraDefaultLightDataSource.h
[2024-01-15T15:01:22.750Z]     -- promoting: /home/S/jenkins/workspace/ECP/ecg-maya-hydra/ecg-maya-hydra-branch-preflight-python3-linux/ecg-maya-hydra/maya-hydra/lib/mayaHydra/hydraExtensions/sceneIndex/mayaHydraMayaDataProducerSceneIndexData.h
[2024-01-15T15:01:22.750Z]     -- promoting: /home/S/jenkins/workspace/ECP/ecg-maya-hydra/ecg-maya-hydra-branch-preflight-python3-linux/ecg-maya-hydra/maya-hydra/lib/mayaHydra/hydraExtensions/sceneIndex/mayaHydraMayaDataProducerSceneIndexDataConcreteFactory.h
[2024-01-15T15:01:22.750Z]     -- promoting: /home/S/jenkins/workspace/ECP/ecg-maya-hydra/ecg-maya-hydra-branch-preflight-python3-linux/ecg-maya-hydra/maya-hydra/lib/mayaHydra/hydraExtensions/sceneIndex/mayaHydraSceneIndexDataFactoriesSetup.h
[2024-01-15T15:01:22.750Z]     -- promoting: /home/S/jenkins/workspace/ECP/ecg-maya-hydra/ecg-maya-hydra-branch-preflight-python3-linux/ecg-maya-hydra/maya-hydra/lib/mayaHydra/hydraExtensions/sceneIndex/mayaHydraMayaFilteringSceneIndexData.h
[2024-01-15T15:01:22.750Z]     -- promoting: /home/S/jenkins/workspace/ECP/ecg-maya-hydra/ecg-maya-hydra-branch-preflight-python3-linux/ecg-maya-hydra/maya-hydra/lib/mayaHydra/hydraExtensions/sceneIndex/mayaHydraMayaFilteringSceneIndexDataConcreteFactory.h
[2024-01-15T15:01:22.750Z]     -- promoting: /home/S/jenkins/workspace/ECP/ecg-maya-hydra/ecg-maya-hydra-branch-preflight-python3-linux/ecg-maya-hydra/maya-hydra/lib/mayaHydra/hydraExtensions/sceneIndex/mayaHydraMayaUsdProxyShapeSceneIndex.h
[2024-01-15T15:01:22.750Z]     -- promoting: /home/S/jenkins/workspace/ECP/ecg-maya-hydra/ecg-maya-hydra-branch-preflight-python3-linux/ecg-maya-hydra/maya-hydra/lib/mayaHydra/ufeExtensions/api.h
[2024-01-15T15:01:22.750Z]     -- promoting: /home/S/jenkins/workspace/ECP/ecg-maya-hydra/ecg-maya-hydra-branch-preflight-python3-linux/ecg-maya-hydra/maya-hydra/lib/mayaHydra/ufeExtensions/Global.h
[2024-01-15T15:01:22.750Z]     -- promoting: /home/S/jenkins/workspace/ECP/ecg-maya-hydra/ecg-maya-hydra-branch-preflight-python3-linux/ecg-maya-hydra/maya-hydra/lib/flowViewport/api.h
[2024-01-15T15:01:22.750Z]     -- promoting: /home/S/jenkins/workspace/ECP/ecg-maya-hydra/ecg-maya-hydra-branch-preflight-python3-linux/ecg-maya-hydra/maya-hydra/lib/flowViewport/debugCodes.h
[2024-01-15T15:01:22.750Z]     -- promoting: /home/S/jenkins/workspace/ECP/ecg-maya-hydra/ecg-maya-hydra-branch-preflight-python3-linux/ecg-maya-hydra/maya-hydra/lib/flowViewport/global.h
[2024-01-15T15:01:22.750Z]     -- promoting: /home/S/jenkins/workspace/ECP/ecg-maya-hydra/ecg-maya-hydra-branch-preflight-python3-linux/ecg-maya-hydra/maya-hydra/lib/flowViewport/tokens.h
[2024-01-15T15:01:22.750Z]     -- promoting: /home/S/jenkins/workspace/ECP/ecg-maya-hydra/ecg-maya-hydra-branch-preflight-python3-linux/ecg-maya-hydra/maya-hydra/lib/flowViewport/colorPreferences/fvpColorChanged.h
[2024-01-15T15:01:22.750Z]     -- promoting: /home/S/jenkins/workspace/ECP/ecg-maya-hydra/ecg-maya-hydra-branch-preflight-python3-linux/ecg-maya-hydra/maya-hydra/lib/flowViewport/colorPreferences/fvpColorPreferences.h
[2024-01-15T15:01:22.750Z]     -- promoting: /home/S/jenkins/workspace/ECP/ecg-maya-hydra/ecg-maya-hydra-branch-preflight-python3-linux/ecg-maya-hydra/maya-hydra/lib/flowViewport/colorPreferences/fvpColorPreferencesTokens.h
[2024-01-15T15:01:22.750Z]     -- promoting: /home/S/jenkins/workspace/ECP/ecg-maya-hydra/ecg-maya-hydra-branch-preflight-python3-linux/ecg-maya-hydra/maya-hydra/lib/flowViewport/colorPreferences/fvpColorPreferencesTranslator.h
[2024-01-15T15:01:22.750Z]     -- promoting: /home/S/jenkins/workspace/ECP/ecg-maya-hydra/ecg-maya-hydra-branch-preflight-python3-linux/ecg-maya-hydra/maya-hydra/lib/flowViewport/sceneIndex/fvpMergingSceneIndex.h
[2024-01-15T15:01:22.750Z]     -- promoting: /home/S/jenkins/workspace/ECP/ecg-maya-hydra/ecg-maya-hydra-branch-preflight-python3-linux/ecg-maya-hydra/maya-hydra/lib/flowViewport/sceneIndex/fvpPathInterface.h
[2024-01-15T15:01:22.750Z]     -- promoting: /home/S/jenkins/workspace/ECP/ecg-maya-hydra/ecg-maya-hydra-branch-preflight-python3-linux/ecg-maya-hydra/maya-hydra/lib/flowViewport/sceneIndex/fvpPathInterfaceSceneIndex.h
[2024-01-15T15:01:22.750Z]     -- promoting: /home/S/jenkins/workspace/ECP/ecg-maya-hydra/ecg-maya-hydra-branch-preflight-python3-linux/ecg-maya-hydra/maya-hydra/lib/flowViewport/sceneIndex/fvpRenderIndexProxy.h
[2024-01-15T15:01:22.750Z]     -- promoting: /home/S/jenkins/workspace/ECP/ecg-maya-hydra/ecg-maya-hydra-branch-preflight-python3-linux/ecg-maya-hydra/maya-hydra/lib/flowViewport/sceneIndex/fvpRenderIndexProxyFwd.h
[2024-01-15T15:01:22.750Z]     -- promoting: /home/S/jenkins/workspace/ECP/ecg-maya-hydra/ecg-maya-hydra-branch-preflight-python3-linux/ecg-maya-hydra/maya-hydra/lib/flowViewport/sceneIndex/fvpSelectionSceneIndex.h
[2024-01-15T15:01:22.750Z]     -- promoting: /home/S/jenkins/workspace/ECP/ecg-maya-hydra/ecg-maya-hydra-branch-preflight-python3-linux/ecg-maya-hydra/maya-hydra/lib/flowViewport/sceneIndex/fvpWireframeSelectionHighlightSceneIndex.h
[2024-01-15T15:01:22.750Z]     -- promoting: /home/S/jenkins/workspace/ECP/ecg-maya-hydra/ecg-maya-hydra-branch-preflight-python3-linux/ecg-maya-hydra/maya-hydra/lib/flowViewport/sceneIndex/fvpParentDataModifierSceneIndex.h
[2024-01-15T15:01:22.750Z]     -- promoting: /home/S/jenkins/workspace/ECP/ecg-maya-hydra/ecg-maya-hydra-branch-preflight-python3-linux/ecg-maya-hydra/maya-hydra/lib/flowViewport/API/fvpSelectionClient.h
[2024-01-15T15:01:22.750Z]     -- promoting: /home/S/jenkins/workspace/ECP/ecg-maya-hydra/ecg-maya-hydra-branch-preflight-python3-linux/ecg-maya-hydra/maya-hydra/lib/flowViewport/API/fvpSelectionInterface.h
[2024-01-15T15:01:22.750Z]     -- promoting: /home/S/jenkins/workspace/ECP/ecg-maya-hydra/ecg-maya-hydra-branch-preflight-python3-linux/ecg-maya-hydra/maya-hydra/lib/flowViewport/API/fvpVersionInterface.h
[2024-01-15T15:01:22.750Z]     -- promoting: /home/S/jenkins/workspace/ECP/ecg-maya-hydra/ecg-maya-hydra-branch-preflight-python3-linux/ecg-maya-hydra/maya-hydra/lib/flowViewport/API/fvpInformationInterface.h
[2024-01-15T15:01:22.750Z]     -- promoting: /home/S/jenkins/workspace/ECP/ecg-maya-hydra/ecg-maya-hydra-branch-preflight-python3-linux/ecg-maya-hydra/maya-hydra/lib/flowViewport/API/fvpInformationClient.h
[2024-01-15T15:01:22.750Z]     -- promoting: /home/S/jenkins/workspace/ECP/ecg-maya-hydra/ecg-maya-hydra-branch-preflight-python3-linux/ecg-maya-hydra/maya-hydra/lib/flowViewport/API/fvpDataProducerSceneIndexInterface.h
[2024-01-15T15:01:22.750Z]     -- promoting: /home/S/jenkins/workspace/ECP/ecg-maya-hydra/ecg-maya-hydra-branch-preflight-python3-linux/ecg-maya-hydra/maya-hydra/lib/flowViewport/API/fvpFilteringSceneIndexClient.h
[2024-01-15T15:01:22.750Z]     -- promoting: /home/S/jenkins/workspace/ECP/ecg-maya-hydra/ecg-maya-hydra-branch-preflight-python3-linux/ecg-maya-hydra/maya-hydra/lib/flowViewport/API/fvpFilteringSceneIndexClientFwd.h
[2024-01-15T15:01:22.750Z]     -- promoting: /home/S/jenkins/workspace/ECP/ecg-maya-hydra/ecg-maya-hydra-branch-preflight-python3-linux/ecg-maya-hydra/maya-hydra/lib/flowViewport/API/fvpFilteringSceneIndexInterface.h
[2024-01-15T15:01:22.750Z]     -- promoting: /home/S/jenkins/workspace/ECP/ecg-maya-hydra/ecg-maya-hydra-branch-preflight-python3-linux/ecg-maya-hydra/maya-hydra/lib/flowViewport/API/fvpViewportAPITokens.h
[2024-01-15T15:01:22.750Z]     -- promoting: /home/S/jenkins/workspace/ECP/ecg-maya-hydra/ecg-maya-hydra-branch-preflight-python3-linux/ecg-maya-hydra/maya-hydra/lib/flowViewport/API/interfacesImp/fvpSelectionInterfaceImp.h
[2024-01-15T15:01:22.750Z]     -- promoting: /home/S/jenkins/workspace/ECP/ecg-maya-hydra/ecg-maya-hydra-branch-preflight-python3-linux/ecg-maya-hydra/maya-hydra/lib/flowViewport/API/interfacesImp/fvpVersionInterfaceImp.h
[2024-01-15T15:01:22.750Z]     -- promoting: /home/S/jenkins/workspace/ECP/ecg-maya-hydra/ecg-maya-hydra-branch-preflight-python3-linux/ecg-maya-hydra/maya-hydra/lib/flowViewport/API/interfacesImp/fvpInformationInterfaceImp.h
[2024-01-15T15:01:22.750Z]     -- promoting: /home/S/jenkins/workspace/ECP/ecg-maya-hydra/ecg-maya-hydra-branch-preflight-python3-linux/ecg-maya-hydra/maya-hydra/lib/flowViewport/API/interfacesImp/fvpDataProducerSceneIndexInterfaceImp.h
[2024-01-15T15:01:22.750Z]     -- promoting: /home/S/jenkins/workspace/ECP/ecg-maya-hydra/ecg-maya-hydra-branch-preflight-python3-linux/ecg-maya-hydra/maya-hydra/lib/flowViewport/API/interfacesImp/fvpFilteringSceneIndexInterfaceImp.h
[2024-01-15T15:01:22.750Z]     -- promoting: /home/S/jenkins/workspace/ECP/ecg-maya-hydra/ecg-maya-hydra-branch-preflight-python3-linux/ecg-maya-hydra/maya-hydra/lib/flowViewport/API/samples/fvpSelectionClientExample.h
[2024-01-15T15:01:22.750Z]     -- promoting: /home/S/jenkins/workspace/ECP/ecg-maya-hydra/ecg-maya-hydra-branch-preflight-python3-linux/ecg-maya-hydra/maya-hydra/lib/flowViewport/API/samples/fvpInformationClientExample.h
[2024-01-15T15:01:22.750Z]     -- promoting: /home/S/jenkins/workspace/ECP/ecg-maya-hydra/ecg-maya-hydra-branch-preflight-python3-linux/ecg-maya-hydra/maya-hydra/lib/flowViewport/API/samples/fvpDataProducerSceneIndexExample.h
[2024-01-15T15:01:22.750Z]     -- promoting: /home/S/jenkins/workspace/ECP/ecg-maya-hydra/ecg-maya-hydra-branch-preflight-python3-linux/ecg-maya-hydra/maya-hydra/lib/flowViewport/API/samples/fvpFilteringSceneIndexExample.h
[2024-01-15T15:01:22.750Z]     -- promoting: /home/S/jenkins/workspace/ECP/ecg-maya-hydra/ecg-maya-hydra-branch-preflight-python3-linux/ecg-maya-hydra/maya-hydra/lib/flowViewport/API/samples/fvpFilteringSceneIndexClientExample.h
[2024-01-15T15:01:22.750Z]     -- promoting: /home/S/jenkins/workspace/ECP/ecg-maya-hydra/ecg-maya-hydra-branch-preflight-python3-linux/ecg-maya-hydra/maya-hydra/lib/flowViewport/API/perViewportSceneIndicesData/fvpViewportInformationAndSceneIndicesPerViewportData.h
[2024-01-15T15:01:22.750Z]     -- promoting: /home/S/jenkins/workspace/ECP/ecg-maya-hydra/ecg-maya-hydra-branch-preflight-python3-linux/ecg-maya-hydra/maya-hydra/lib/flowViewport/API/perViewportSceneIndicesData/fvpViewportInformationAndSceneIndicesPerViewportDataManager.h
[2024-01-15T15:01:22.750Z]     -- promoting: /home/S/jenkins/workspace/ECP/ecg-maya-hydra/ecg-maya-hydra-branch-preflight-python3-linux/ecg-maya-hydra/maya-hydra/lib/flowViewport/API/perViewportSceneIndicesData/fvpDataProducerSceneIndexDataAbstractFactory.h
[2024-01-15T15:01:22.750Z]     -- promoting: /home/S/jenkins/workspace/ECP/ecg-maya-hydra/ecg-maya-hydra-branch-preflight-python3-linux/ecg-maya-hydra/maya-hydra/lib/flowViewport/API/perViewportSceneIndicesData/fvpDataProducerSceneIndexDataBase.h
[2024-01-15T15:01:22.750Z]     -- promoting: /home/S/jenkins/workspace/ECP/ecg-maya-hydra/ecg-maya-hydra-branch-preflight-python3-linux/ecg-maya-hydra/maya-hydra/lib/flowViewport/API/perViewportSceneIndicesData/fvpFilteringSceneIndexDataAbstractFactory.h
[2024-01-15T15:01:22.750Z]     -- promoting: /home/S/jenkins/workspace/ECP/ecg-maya-hydra/ecg-maya-hydra-branch-preflight-python3-linux/ecg-maya-hydra/maya-hydra/lib/flowViewport/API/perViewportSceneIndicesData/fvpFilteringSceneIndexDataBase.h
[2024-01-15T15:01:22.750Z]     -- promoting: /home/S/jenkins/workspace/ECP/ecg-maya-hydra/ecg-maya-hydra-branch-preflight-python3-linux/ecg-maya-hydra/maya-hydra/lib/flowViewport/API/perViewportSceneIndicesData/fvpFilteringSceneIndicesChainManager.h
[2024-01-15T15:01:22.750Z]     -- promoting: /home/S/jenkins/workspace/ECP/ecg-maya-hydra/ecg-maya-hydra-branch-preflight-python3-linux/ecg-maya-hydra/maya-hydra/lib/flowViewport/selection/fvpSelection.h
[2024-01-15T15:01:22.750Z]     -- promoting: /home/S/jenkins/workspace/ECP/ecg-maya-hydra/ecg-maya-hydra-branch-preflight-python3-linux/ecg-maya-hydra/maya-hydra/lib/flowViewport/selection/fvpSelectionFwd.h
[2024-01-15T15:01:22.751Z]     -- promoting: /home/S/jenkins/workspace/ECP/ecg-maya-hydra/ecg-maya-hydra-branch-preflight-python3-linux/ecg-maya-hydra/maya-hydra/lib/flowViewport/selection/fvpSelectionTask.h
[2024-01-15T15:01:22.751Z]     -- promoting: /home/S/jenkins/workspace/ECP/ecg-maya-hydra/ecg-maya-hydra-branch-preflight-python3-linux/ecg-maya-hydra/maya-hydra/lib/flowViewport/selection/fvpSelectionTracker.h
[2024-01-15T15:01:23.911Z]     -- Configuring done
[2024-01-15T15:01:23.911Z]     CMake Error: The following variables are used in this project, but they are set to NOTFOUND.
[2024-01-15T15:01:23.911Z]     Please set them or make sure they are set and tested correctly in the CMake files:
[2024-01-15T15:01:23.911Z]     MAYAUSD_API_LIBRARY
[2024-01-15T15:01:23.911Z]         linked by target "mayaHydraLib" in directory /home/S/jenkins/workspace/ECP/ecg-maya-hydra/ecg-maya-hydra-branch-preflight-python3-linux/ecg-maya-hydra/maya-hydra/lib/mayaHydra/hydraExtensions
[2024-01-15T15:01:23.911Z]     
[2024-01-15T15:01:23.911Z]     -- Generating done
[2024-01-15T15:01:23.911Z]     CMake Generate step failed.  Build files cannot be regenerated correctly.
[2024-01-15T15:01:23.911Z]     
[2024-01-15T15:01:23.911Z]         Building with settings:
[2024-01-15T15:01:23.911Z]           Source directory          /home/S/jenkins/workspace/ECP/ecg-maya-hydra/ecg-maya-hydra-branch-preflight-python3-linux/ecg-maya-hydra/maya-hydra
[2024-01-15T15:01:23.911Z]           Workspace directory       /local/S/jenkins/workspace/ECP/ecg-maya-hydra/ecg-maya-hydra-branch-preflight-python3-linux
[2024-01-15T15:01:23.911Z]           Build directory           /local/S/jenkins/workspace/ECP/ecg-maya-hydra/ecg-maya-hydra-branch-preflight-python3-linux/build/Debug
[2024-01-15T15:01:23.911Z]           Install directory         /local/S/jenkins/workspace/ECP/ecg-maya-hydra/ecg-maya-hydra-branch-preflight-python3-linux/install/Debug/MayaHydra
[2024-01-15T15:01:23.911Z]           Variant                   Debug
[2024-01-15T15:01:23.911Z]           Python Debug              On
[2024-01-15T15:01:23.911Z]           CMake generator           Ninja
[2024-01-15T15:01:23.911Z]           Build arguments           ['-DCMAKE_MAKE_PROGRAM=/local/S/jenkins/workspace/shared/Artifactory/Linux/ninja/1.10.2/9ab399b/ninja', '-DPYTHON_INCLUDE_DIR=/local/S/jenkins/workspace/shared/Artifactory/Linux/rundev-master-debug/202401131544/runtime/dc0fba1/runTime/include/Python311/Python', '-DPython_EXECUTABLE=/local/S/jenkins/workspace/shared/Artifactory/Linux/rundev-master-debug/202401131544/runtime/dc0fba1/runTime/bin/mayapy', '-DPYTHON_LIBRARIES=/local/S/jenkins/workspace/shared/Artifactory/Linux/rundev-master-debug/202401131544/runtime/dc0fba1/runTime/lib/libpython3.11d.so.1.0', '-DBUILD_WITH_PYTHON_3_VERSION=3.11', '-DCMAKE_WANT_MATERIALX_BUILD=ON', '-DCMAKE_PREFIX_PATH=/local/S/jenkins/workspace/shared/Artifactory/Linux/USD/d4ae0c1', '-DMAYAHYDRA_BUILD_NUMBER=457', '-DMAYAHYDRA_GIT_COMMIT=5743b1c8314719947fca21bae81a636572852a7d', '-DMAYAHYDRA_GIT_BRANCH=master', '-DMAYAUSD_LOCATION=/local/S/jenkins/workspace/shared/Artifactory/Linux/mayausd-cotd-debug/202401092322/runtime/e1ef759/mayausd']
[2024-01-15T15:01:23.911Z]           Stages arguments          ['configure']
[2024-01-15T15:01:23.911Z]           CTest arguments           ['--parallel 16']
[2024-01-15T15:01:23.911Z]     STATUS: Found Maya Qt headers in: /local/S/jenkins/workspace/shared/Artifactory/Linux/rundev-master-debug/202401131544/runtime/dc0fba1/devkitBase
[2024-01-15T15:01:23.911Z]     #####################################################################################
[2024-01-15T15:01:23.911Z]     log date: 2024-01-15 07:01
[2024-01-15T15:01:23.911Z]     commit sha: ab5fa061f9bbffe21573581c799c77b09211c816
[2024-01-15T15:01:23.911Z]     commit date: Fri Jan 12 16:29:55 2024 +0100
[2024-01-15T15:01:23.911Z]     #####################################################################################
[2024-01-15T15:01:23.911Z]     
[2024-01-15T15:01:23.911Z]     cmake -DCMAKE_INSTALL_PREFIX="/local/S/jenkins/workspace/ECP/ecg-maya-hydra/ecg-maya-hydra-branch-preflight-python3-linux/install/Debug/MayaHydra" -DCMAKE_BUILD_TYPE=Debug -DCMAKE_EXPORT_COMPILE_COMMANDS=ON -G "Ninja" -DMAYA_LOCATION="/local/S/jenkins/workspace/shared/Artifactory/Linux/rundev-master-debug/202401131544/runtime/dc0fba1/runTime" -DPXR_USD_LOCATION="/local/S/jenkins/workspace/shared/Artifactory/Linux/USD/d4ae0c1" -DMAYA_DEVKIT_LOCATION="/local/S/jenkins/workspace/shared/Artifactory/Linux/rundev-master-debug/202401131544/runtime/dc0fba1/devkitBase" -DCMAKE_MAKE_PROGRAM=/local/S/jenkins/workspace/shared/Artifactory/Linux/ninja/1.10.2/9ab399b/ninja -DPYTHON_INCLUDE_DIR=/local/S/jenkins/workspace/shared/Artifactory/Linux/rundev-master-debug/202401131544/runtime/dc0fba1/runTime/include/Python311/Python -DPython_EXECUTABLE=/local/S/jenkins/workspace/shared/Artifactory/Linux/rundev-master-debug/202401131544/runtime/dc0fba1/runTime/bin/mayapy -DPYTHON_LIBRARIES=/local/S/jenkins/workspace/shared/Artifactory/Linux/rundev-master-debug/202401131544/runtime/dc0fba1/runTime/lib/libpython3.11d.so.1.0 -DBUILD_WITH_PYTHON_3_VERSION=3.11 -DCMAKE_WANT_MATERIALX_BUILD=ON -DCMAKE_PREFIX_PATH=/local/S/jenkins/workspace/shared/Artifactory/Linux/USD/d4ae0c1 -DMAYAHYDRA_BUILD_NUMBER=457 -DMAYAHYDRA_GIT_COMMIT=5743b1c8314719947fca21bae81a636572852a7d -DMAYAHYDRA_GIT_BRANCH=master -DMAYAUSD_LOCATION=/local/S/jenkins/workspace/shared/Artifactory/Linux/mayausd-cotd-debug/202401092322/runtime/e1ef759/mayausd "/home/S/jenkins/workspace/ECP/ecg-maya-hydra/ecg-maya-hydra-branch-preflight-python3-linux/ecg-maya-hydra/maya-hydra"
[2024-01-15T15:01:23.911Z]     
[2024-01-15T15:01:23.911Z]     Traceback (most recent call last):
[2024-01-15T15:01:23.911Z]       File "/home/S/jenkins/workspace/ECP/ecg-maya-hydra/ecg-maya-hydra-branch-preflight-python3-linux/ecg-maya-hydra/maya-hydra/build.py", line 745, in <module>
[2024-01-15T15:01:23.911Z]         BuildAndInstall(context, context.buildArgs, context.stagesArgs)
[2024-01-15T15:01:23.911Z]       File "/home/S/jenkins/workspace/ECP/ecg-maya-hydra/ecg-maya-hydra-branch-preflight-python3-linux/ecg-maya-hydra/maya-hydra/build.py", line 502, in BuildAndInstall
[2024-01-15T15:01:23.911Z]         RunCMake(context, extraArgs, stagesArgs)
[2024-01-15T15:01:23.911Z]       File "/home/S/jenkins/workspace/ECP/ecg-maya-hydra/ecg-maya-hydra-branch-preflight-python3-linux/ecg-maya-hydra/maya-hydra/build.py", line 305, in RunCMake
[2024-01-15T15:01:23.911Z]         Run(context,
[2024-01-15T15:01:23.911Z]       File "/home/S/jenkins/workspace/ECP/ecg-maya-hydra/ecg-maya-hydra-branch-preflight-python3-linux/ecg-maya-hydra/maya-hydra/build.py", line 197, in Run
[2024-01-15T15:01:23.911Z]         raise RuntimeError("Failed to run '{cmd}'\nSee {log} for more details."
[2024-01-15T15:01:23.911Z]     RuntimeError: Failed to run 'cmake -DCMAKE_INSTALL_PREFIX="/local/S/jenkins/workspace/ECP/ecg-maya-hydra/ecg-maya-hydra-branch-preflight-python3-linux/install/Debug/MayaHydra" -DCMAKE_BUILD_TYPE=Debug -DCMAKE_EXPORT_COMPILE_COMMANDS=ON -G "Ninja" -DMAYA_LOCATION="/local/S/jenkins/workspace/shared/Artifactory/Linux/rundev-master-debug/202401131544/runtime/dc0fba1/runTime" -DPXR_USD_LOCATION="/local/S/jenkins/workspace/shared/Artifactory/Linux/USD/d4ae0c1" -DMAYA_DEVKIT_LOCATION="/local/S/jenkins/workspace/shared/Artifactory/Linux/rundev-master-debug/202401131544/runtime/dc0fba1/devkitBase" -DCMAKE_MAKE_PROGRAM=/local/S/jenkins/workspace/shared/Artifactory/Linux/ninja/1.10.2/9ab399b/ninja -DPYTHON_INCLUDE_DIR=/local/S/jenkins/workspace/shared/Artifactory/Linux/rundev-master-debug/202401131544/runtime/dc0fba1/runTime/include/Python311/Python -DPython_EXECUTABLE=/local/S/jenkins/workspace/shared/Artifactory/Linux/rundev-master-debug/202401131544/runtime/dc0fba1/runTime/bin/mayapy -DPYTHON_LIBRARIES=/local/S/jenkins/workspace/shared/Artifactory/Linux/rundev-master-debug/202401131544/runtime/dc0fba1/runTime/lib/libpython3.11d.so.1.0 -DBUILD_WITH_PYTHON_3_VERSION=3.11 -DCMAKE_WANT_MATERIALX_BUILD=ON -DCMAKE_PREFIX_PATH=/local/S/jenkins/workspace/shared/Artifactory/Linux/USD/d4ae0c1 -DMAYAHYDRA_BUILD_NUMBER=457 -DMAYAHYDRA_GIT_COMMIT=5743b1c8314719947fca21bae81a636572852a7d -DMAYAHYDRA_GIT_BRANCH=master -DMAYAUSD_LOCATION=/local/S/jenkins/workspace/shared/Artifactory/Linux/mayausd-cotd-debug/202401092322/runtime/e1ef759/mayausd "/home/S/jenkins/workspace/ECP/ecg-maya-hydra/ecg-maya-hydra-branch-preflight-python3-linux/ecg-maya-hydra/maya-hydra"'
[2024-01-15T15:01:23.911Z]     See /local/S/jenkins/workspace/ECP/ecg-maya-hydra/ecg-maya-hydra-branch-preflight-python3-linux/build/Debug/build_log.txt for more details.
[2024-01-15T15:01:23.911Z] build.py: error: Command failed with error code: 1
[Pipeline] }
[Pipeline] // withEnv
[Pipeline] }
[Pipeline] // timeout
[Pipeline] }
[Pipeline] // stage
[Pipeline] }
[Pipeline] // timestamps
[Pipeline] emailextrecipients
Not sending mail to user ecg.jenkins@autodesk.com with no permission to view ECP  ecg-maya-hydra  Maya Hydra [Python 3, Interactive] - Branch - Preflight (Linux) [RHEL8] #457Not sending mail to user ecg.jenkins@autodesk.com with no permission to view ECP  ecg-maya-hydra  Maya Hydra [Python 3, Interactive] - Branch - Preflight (Linux) [RHEL8] #457[Pipeline] echo
No recipients to send notification.
[Pipeline] }
[Pipeline] // node
[Pipeline] End of Pipeline
ERROR: script returned exit code 1
[Checks API] No suitable checks publisher found.
Finished: FAILURE
