[2024-01-15T16:00:19.929Z] ================================================================================
[2024-01-15T16:00:19.929Z]                                  setup (Debug)
[2024-01-15T16:00:19.929Z] ================================================================================
[Pipeline] sh
[2024-01-15T16:00:21.277Z] + python ecg-maya-hydra/build.py --stages=setup --workspace-dir=/local/S/jenkins/workspace/ECP/ecg-maya-hydra/ecg-maya-hydra-branch-preflight-python3-osx --artifactory-dir=/local/S/jenkins/workspace/shared/Artifactory --build-dir=/local/S/jenkins/workspace/ECP/ecg-maya-hydra/ecg-maya-hydra-branch-preflight-python3-osx/build --install-dir=/local/S/jenkins/workspace/ECP/ecg-maya-hydra/ecg-maya-hydra-branch-preflight-python3-osx/install --signing-dir=/local/S/jenkins/workspace/ECP/ecg-maya-hydra/ecg-maya-hydra-branch-preflight-python3-osx/signing --package-dir=/local/S/jenkins/workspace/ECP/ecg-maya-hydra/ecg-maya-hydra-branch-preflight-python3-osx/package --output-dir=/local/S/jenkins/workspace/ECP/ecg-maya-hydra/ecg-maya-hydra-branch-preflight-python3-osx/output --stash-dir=/local/S/jenkins/workspace/ECP/ecg-maya-hydra/ecg-maya-hydra-branch-preflight-python3-osx/stash --jenkins-build=459 --git-commit=5743b1c8314719947fca21bae81a636572852a7d --git-branch=master --variants=RelWithDebInfo --interactive-tests=false --post-zips=false --osx-binary-architecture-target=ub2 --osx-deployment-target=11.0 --osx-base-sdk=CurrentActiveSDK --extra-license-file=ecg-maya-hydra/jenkins-o03-cot/melicense.lic --prune-versions=3 --prune-revisions=3 --maya-cut-config=maya-rundev-master.yaml --maya-package=rundev-master --stage-banner --prune-artifacts --force-pruning
[2024-01-15T16:00:21.277Z] config_file /Volumes/DATA/local/S/jenkins/workspace/ECP/ecg-maya-hydra/ecg-maya-hydra-branch-preflight-python3-osx/ecg-maya-hydra/maya-rundev-master.yaml
[2024-01-15T16:00:21.277Z] Getting rundev-master download URL from Maya SHA-1 hash
[2024-01-15T16:00:21.277Z] Finding Artifactory servers response times
[2024-01-15T16:00:24.535Z] [VERBOSE] Start loading URL (CURL): https://art-bobcat.autodesk.com/artifactory/api/search/checksum?repos=autodesk-3p-generic,adsk-build-tools-generic,team-ecg-generic,team-maya-generic,oss-stg-generic,team-mayausd-post-generic&sha1=c18480dae559af27d68288fe468f5ee189f5ab3a
[2024-01-15T16:00:24.535Z] [DEBUG] Running: /usr/bin/curl -s -X GET --keepalive-time 10 --connect-timeout 60 --speed-limit 10000 --speed-time 120 --max-time 3600 --retry 5 --retry-max-time 2400 -H Connection:close -H Authorization:Basic ZWNnYmlmcm9zdDpvcGUqKjAw https://art-bobcat.autodesk.com/artifactory/api/search/checksum?repos=autodesk-3p-generic,adsk-build-tools-generic,team-ecg-generic,team-maya-generic,oss-stg-generic,team-mayausd-post-generic&sha1=c18480dae559af27d68288fe468f5ee189f5ab3a
[2024-01-15T16:00:24.535Z] [DEBUG] Output:
[2024-01-15T16:00:24.535Z] {
[2024-01-15T16:00:24.535Z]   "results" : [ {
[2024-01-15T16:00:24.535Z]     "uri" : "https://art-bobcat.autodesk.com:443/artifactory/api/storage/team-maya-generic/Maya/master/pmac/2024-01-13-15-44_e92e97514b/202401131544-e92e97514b-RUNDEV.dmg"
[2024-01-15T16:00:24.535Z]   } ]
[2024-01-15T16:00:24.535Z] }
[2024-01-15T16:00:24.535Z] [VERBOSE] End loading URL (CURL): https://art-bobcat.autodesk.com/artifactory/api/search/checksum?repos=autodesk-3p-generic,adsk-build-tools-generic,team-ecg-generic,team-maya-generic,oss-stg-generic,team-mayausd-post-generic&sha1=c18480dae559af27d68288fe468f5ee189f5ab3a
[2024-01-15T16:00:24.535Z] [VERBOSE] Start loading URL (CURL): https://art-bobcat.autodesk.com:443/artifactory/api/storage/team-maya-generic/Maya/master/pmac/2024-01-13-15-44_e92e97514b/202401131544-e92e97514b-RUNDEV.dmg
[2024-01-15T16:00:24.535Z] [DEBUG] Running: /usr/bin/curl -s -X GET --keepalive-time 10 --connect-timeout 60 --speed-limit 10000 --speed-time 120 --max-time 3600 --retry 5 --retry-max-time 2400 -H Connection:close -H Authorization:Basic ZWNnYmlmcm9zdDpvcGUqKjAw https://art-bobcat.autodesk.com:443/artifactory/api/storage/team-maya-generic/Maya/master/pmac/2024-01-13-15-44_e92e97514b/202401131544-e92e97514b-RUNDEV.dmg
[2024-01-15T16:00:24.535Z] [DEBUG] Output:
[2024-01-15T16:00:24.535Z] {
[2024-01-15T16:00:24.535Z]   "repo" : "team-maya-generic",
[2024-01-15T16:00:24.535Z]   "path" : "/Maya/master/pmac/2024-01-13-15-44_e92e97514b/202401131544-e92e97514b-RUNDEV.dmg",
[2024-01-15T16:00:24.535Z]   "created" : "2024-01-13T17:04:13.306-08:00",
[2024-01-15T16:00:24.535Z]   "createdBy" : "svc_aad_p_mescm",
[2024-01-15T16:00:24.535Z]   "lastModified" : "2024-01-13T16:57:53.161-08:00",
[2024-01-15T16:00:24.535Z]   "modifiedBy" : "svc_aad_p_mescm",
[2024-01-15T16:00:24.535Z]   "lastUpdated" : "2024-01-13T17:04:13.307-08:00",
[2024-01-15T16:00:24.535Z]   "downloadUri" : "https://art-bobcat.autodesk.com:443/artifactory/team-maya-generic/Maya/master/pmac/2024-01-13-15-44_e92e97514b/202401131544-e92e97514b-RUNDEV.dmg",
[2024-01-15T16:00:24.535Z]   "mimeType" : "application/octet-stream",
[2024-01-15T16:00:24.535Z]   "size" : "2883900641",
[2024-01-15T16:00:24.535Z]   "checksums" : {
[2024-01-15T16:00:24.535Z]     "sha1" : "c18480dae559af27d68288fe468f5ee189f5ab3a",
[2024-01-15T16:00:24.535Z]     "md5" : "7284cbcf8615e460c7cd675d2e08ceb9",
[2024-01-15T16:00:24.535Z]     "sha256" : "7da0b5754fd200ef2902b4fa1116d27d38bbacbd8a3e5220a0790caf333b0692"
[2024-01-15T16:00:24.535Z]   },
[2024-01-15T16:00:24.535Z]   "originalChecksums" : {
[2024-01-15T16:00:24.535Z]     "sha1" : "c18480dae559af27d68288fe468f5ee189f5ab3a",
[2024-01-15T16:00:24.535Z]     "md5" : "7284cbcf8615e460c7cd675d2e08ceb9",
[2024-01-15T16:00:24.535Z]     "sha256" : "7da0b5754fd200ef2902b4fa1116d27d38bbacbd8a3e5220a0790caf333b0692"
[2024-01-15T16:00:24.535Z]   },
[2024-01-15T16:00:24.535Z]   "uri" : "https://art-bobcat.autodesk.com:443/artifactory/api/storage/team-maya-generic/Maya/master/pmac/2024-01-13-15-44_e92e97514b/202401131544-e92e97514b-RUNDEV.dmg"
[2024-01-15T16:00:24.535Z] }
[2024-01-15T16:00:24.535Z] [VERBOSE] End loading URL (CURL): https://art-bobcat.autodesk.com:443/artifactory/api/storage/team-maya-generic/Maya/master/pmac/2024-01-13-15-44_e92e97514b/202401131544-e92e97514b-RUNDEV.dmg
[2024-01-15T16:00:24.535Z] Using Maya cut from /local/S/jenkins/workspace/shared/Artifactory/OSX/rundev-master/202401131544/runtime/c18480d/runTime
[2024-01-15T16:00:24.535Z] Using Maya ADSK Signatures from /local/S/jenkins/workspace/shared/Artifactory/OSX/adsk-plugin-signatures-maya/2023/3ae1ae7
[2024-01-15T16:00:24.535Z] Using Maya Security Library from /local/S/jenkins/workspace/shared/Artifactory/OSX/maya-security-library/3.4.0/5e08f3e
[2024-01-15T16:00:24.535Z] Getting mayausd-cotd download URL from Maya SHA-1 hash
[2024-01-15T16:00:25.272Z] [VERBOSE] Start loading URL (CURL): https://art-bobcat.autodesk.com/artifactory/api/search/checksum?repos=autodesk-3p-generic,adsk-build-tools-generic,team-ecg-generic,team-maya-generic,oss-stg-generic,team-mayausd-post-generic&sha1=9e6d412923d10c2bae902ca46174b36efb0f9bc3
[2024-01-15T16:00:25.272Z] [DEBUG] Running: /usr/bin/curl -s -X GET --keepalive-time 10 --connect-timeout 60 --speed-limit 10000 --speed-time 120 --max-time 3600 --retry 5 --retry-max-time 2400 -H Connection:close -H Authorization:Basic ZWNnYmlmcm9zdDpvcGUqKjAw https://art-bobcat.autodesk.com/artifactory/api/search/checksum?repos=autodesk-3p-generic,adsk-build-tools-generic,team-ecg-generic,team-maya-generic,oss-stg-generic,team-mayausd-post-generic&sha1=9e6d412923d10c2bae902ca46174b36efb0f9bc3
[2024-01-15T16:00:25.272Z] [DEBUG] Output:
[2024-01-15T16:00:25.272Z] {
[2024-01-15T16:00:25.272Z]   "results" : [ {
[2024-01-15T16:00:25.272Z]     "uri" : "https://art-bobcat.autodesk.com:443/artifactory/api/storage/team-mayausd-post-generic/post/MayaUSD/cuts/COTD/osx/2024-01-09-23-22/MayaUSD_0.27.0_Maya2025_OSX_RelWithDebInfo_202401092322_c3d4ccb_cut.zip"
[2024-01-15T16:00:25.272Z]   } ]
[2024-01-15T16:00:25.272Z] }
[2024-01-15T16:00:25.272Z] [VERBOSE] End loading URL (CURL): https://art-bobcat.autodesk.com/artifactory/api/search/checksum?repos=autodesk-3p-generic,adsk-build-tools-generic,team-ecg-generic,team-maya-generic,oss-stg-generic,team-mayausd-post-generic&sha1=9e6d412923d10c2bae902ca46174b36efb0f9bc3
[2024-01-15T16:00:25.272Z] [VERBOSE] Start loading URL (CURL): https://art-bobcat.autodesk.com:443/artifactory/api/storage/team-mayausd-post-generic/post/MayaUSD/cuts/COTD/osx/2024-01-09-23-22/MayaUSD_0.27.0_Maya2025_OSX_RelWithDebInfo_202401092322_c3d4ccb_cut.zip
[2024-01-15T16:00:25.272Z] [DEBUG] Running: /usr/bin/curl -s -X GET --keepalive-time 10 --connect-timeout 60 --speed-limit 10000 --speed-time 120 --max-time 3600 --retry 5 --retry-max-time 2400 -H Connection:close -H Authorization:Basic ZWNnYmlmcm9zdDpvcGUqKjAw https://art-bobcat.autodesk.com:443/artifactory/api/storage/team-mayausd-post-generic/post/MayaUSD/cuts/COTD/osx/2024-01-09-23-22/MayaUSD_0.27.0_Maya2025_OSX_RelWithDebInfo_202401092322_c3d4ccb_cut.zip
[2024-01-15T16:00:25.272Z] [DEBUG] Output:
[2024-01-15T16:00:25.272Z] {
[2024-01-15T16:00:25.272Z]   "repo" : "team-mayausd-post-generic",
[2024-01-15T16:00:25.272Z]   "path" : "/post/MayaUSD/cuts/COTD/osx/2024-01-09-23-22/MayaUSD_0.27.0_Maya2025_OSX_RelWithDebInfo_202401092322_c3d4ccb_cut.zip",
[2024-01-15T16:00:25.272Z]   "created" : "2024-01-10T02:33:45.191-08:00",
[2024-01-15T16:00:25.272Z]   "createdBy" : "svc_d_ecg",
[2024-01-15T16:00:25.272Z]   "lastModified" : "2024-01-10T02:33:40.479-08:00",
[2024-01-15T16:00:25.272Z]   "modifiedBy" : "svc_d_ecg",
[2024-01-15T16:00:25.272Z]   "lastUpdated" : "2024-01-10T02:33:45.192-08:00",
[2024-01-15T16:00:25.272Z]   "downloadUri" : "https://art-bobcat.autodesk.com:443/artifactory/team-mayausd-post-generic/post/MayaUSD/cuts/COTD/osx/2024-01-09-23-22/MayaUSD_0.27.0_Maya2025_OSX_RelWithDebInfo_202401092322_c3d4ccb_cut.zip",
[2024-01-15T16:00:25.272Z]   "mimeType" : "application/zip",
[2024-01-15T16:00:25.272Z]   "size" : "299917558",
[2024-01-15T16:00:25.272Z]   "checksums" : {
[2024-01-15T16:00:25.272Z]     "sha1" : "9e6d412923d10c2bae902ca46174b36efb0f9bc3",
[2024-01-15T16:00:25.272Z]     "md5" : "5f14245ad5360ee3a3934fd162fa3711",
[2024-01-15T16:00:25.272Z]     "sha256" : "6532a14df9c5d1fac75175a42f2329e9e0b87775ba155de35923d010bc60e13a"
[2024-01-15T16:00:25.272Z]   },
[2024-01-15T16:00:25.272Z]   "originalChecksums" : {
[2024-01-15T16:00:25.272Z]     "sha1" : "9e6d412923d10c2bae902ca46174b36efb0f9bc3",
[2024-01-15T16:00:25.272Z]     "md5" : "5f14245ad5360ee3a3934fd162fa3711",
[2024-01-15T16:00:25.272Z]     "sha256" : "6532a14df9c5d1fac75175a42f2329e9e0b87775ba155de35923d010bc60e13a"
[2024-01-15T16:00:25.272Z]   },
[2024-01-15T16:00:25.272Z]   "uri" : "https://art-bobcat.autodesk.com:443/artifactory/api/storage/team-mayausd-post-generic/post/MayaUSD/cuts/COTD/osx/2024-01-09-23-22/MayaUSD_0.27.0_Maya2025_OSX_RelWithDebInfo_202401092322_c3d4ccb_cut.zip"
[2024-01-15T16:00:25.272Z] }
[2024-01-15T16:00:25.272Z] [VERBOSE] End loading URL (CURL): https://art-bobcat.autodesk.com:443/artifactory/api/storage/team-mayausd-post-generic/post/MayaUSD/cuts/COTD/osx/2024-01-09-23-22/MayaUSD_0.27.0_Maya2025_OSX_RelWithDebInfo_202401092322_c3d4ccb_cut.zip
[2024-01-15T16:00:25.272Z] 
[2024-01-15T16:00:25.272Z] ================================================================================
[2024-01-15T16:00:25.272Z]                              setup (RelWithDebInfo)
[2024-01-15T16:00:25.272Z] ================================================================================
[Pipeline] }
[Pipeline] // withEnv
[Pipeline] }
[Pipeline] // timeout
[Pipeline] }
[Pipeline] // stage
[Pipeline] }
[Pipeline] // timestamps
[Pipeline] timestamps
[Pipeline] {
[Pipeline] stage
[Pipeline] { (Clean)
[Pipeline] timeout
[2024-01-15T16:00:25.490Z] Timeout set to expire in 6 hr 0 min
[Pipeline] {
[Pipeline] withEnv
[Pipeline] {
[Pipeline] sh
[2024-01-15T16:00:26.633Z] + python ecg-maya-hydra/build.py --stages=clean --workspace-dir=/local/S/jenkins/workspace/ECP/ecg-maya-hydra/ecg-maya-hydra-branch-preflight-python3-osx --artifactory-dir=/local/S/jenkins/workspace/shared/Artifactory --build-dir=/local/S/jenkins/workspace/ECP/ecg-maya-hydra/ecg-maya-hydra-branch-preflight-python3-osx/build --install-dir=/local/S/jenkins/workspace/ECP/ecg-maya-hydra/ecg-maya-hydra-branch-preflight-python3-osx/install --signing-dir=/local/S/jenkins/workspace/ECP/ecg-maya-hydra/ecg-maya-hydra-branch-preflight-python3-osx/signing --package-dir=/local/S/jenkins/workspace/ECP/ecg-maya-hydra/ecg-maya-hydra-branch-preflight-python3-osx/package --output-dir=/local/S/jenkins/workspace/ECP/ecg-maya-hydra/ecg-maya-hydra-branch-preflight-python3-osx/output --stash-dir=/local/S/jenkins/workspace/ECP/ecg-maya-hydra/ecg-maya-hydra-branch-preflight-python3-osx/stash --jenkins-build=459 --git-commit=5743b1c8314719947fca21bae81a636572852a7d --git-branch=master --variants=Debug --interactive-tests=false --post-zips=false --osx-binary-architecture-target=ub2 --osx-deployment-target=11.0 --osx-base-sdk=CurrentActiveSDK --maya-cut-config=maya-rundev-master-debug.yaml --maya-package=rundev-master-debug --stage-banner
[2024-01-15T16:00:26.633Z] config_file /Volumes/DATA/local/S/jenkins/workspace/ECP/ecg-maya-hydra/ecg-maya-hydra-branch-preflight-python3-osx/ecg-maya-hydra/maya-rundev-master-debug.yaml
[2024-01-15T16:00:26.633Z] Using Maya cut from /local/S/jenkins/workspace/shared/Artifactory/OSX/rundev-master-debug/202401131544/runtime/ce3bf99/runTime
[2024-01-15T16:00:26.633Z] Using Maya ADSK Signatures from /local/S/jenkins/workspace/shared/Artifactory/OSX/adsk-plugin-signatures-maya/2023/3ae1ae7
[2024-01-15T16:00:26.633Z] Using Maya Security Library from /local/S/jenkins/workspace/shared/Artifactory/OSX/maya-security-library/3.4.0/5e08f3e
[2024-01-15T16:00:26.633Z] Getting mayausd-cotd-debug download URL from Maya SHA-1 hash
[2024-01-15T16:00:26.633Z] Finding Artifactory servers response times
[2024-01-15T16:00:29.980Z] [VERBOSE] Start loading URL (CURL): https://art-bobcat.autodesk.com/artifactory/api/search/checksum?repos=autodesk-3p-generic,adsk-build-tools-generic,team-ecg-generic,team-maya-generic,oss-stg-generic,team-mayausd-post-generic&sha1=683f157ced37dd972040a05639ad8547110a98d9
[2024-01-15T16:00:29.980Z] [DEBUG] Running: /usr/bin/curl -s -X GET --keepalive-time 10 --connect-timeout 60 --speed-limit 10000 --speed-time 120 --max-time 3600 --retry 5 --retry-max-time 2400 -H Connection:close -H Authorization:Basic ZWNnYmlmcm9zdDpvcGUqKjAw https://art-bobcat.autodesk.com/artifactory/api/search/checksum?repos=autodesk-3p-generic,adsk-build-tools-generic,team-ecg-generic,team-maya-generic,oss-stg-generic,team-mayausd-post-generic&sha1=683f157ced37dd972040a05639ad8547110a98d9
[2024-01-15T16:00:29.980Z] [DEBUG] Output:
[2024-01-15T16:00:29.980Z] {
[2024-01-15T16:00:29.980Z]   "results" : [ {
[2024-01-15T16:00:29.980Z]     "uri" : "https://art-bobcat.autodesk.com:443/artifactory/api/storage/team-mayausd-post-generic/post/MayaUSD/cuts/COTD/osx/2024-01-09-23-22/MayaUSD_0.27.0_Maya2025_OSX_Debug_202401092322_c3d4ccb_cut.zip"
[2024-01-15T16:00:29.980Z]   } ]
[2024-01-15T16:00:29.980Z] }
[2024-01-15T16:00:29.980Z] [VERBOSE] End loading URL (CURL): https://art-bobcat.autodesk.com/artifactory/api/search/checksum?repos=autodesk-3p-generic,adsk-build-tools-generic,team-ecg-generic,team-maya-generic,oss-stg-generic,team-mayausd-post-generic&sha1=683f157ced37dd972040a05639ad8547110a98d9
[2024-01-15T16:00:29.980Z] [VERBOSE] Start loading URL (CURL): https://art-bobcat.autodesk.com:443/artifactory/api/storage/team-mayausd-post-generic/post/MayaUSD/cuts/COTD/osx/2024-01-09-23-22/MayaUSD_0.27.0_Maya2025_OSX_Debug_202401092322_c3d4ccb_cut.zip
[2024-01-15T16:00:29.980Z] [DEBUG] Running: /usr/bin/curl -s -X GET --keepalive-time 10 --connect-timeout 60 --speed-limit 10000 --speed-time 120 --max-time 3600 --retry 5 --retry-max-time 2400 -H Connection:close -H Authorization:Basic ZWNnYmlmcm9zdDpvcGUqKjAw https://art-bobcat.autodesk.com:443/artifactory/api/storage/team-mayausd-post-generic/post/MayaUSD/cuts/COTD/osx/2024-01-09-23-22/MayaUSD_0.27.0_Maya2025_OSX_Debug_202401092322_c3d4ccb_cut.zip
[2024-01-15T16:00:29.980Z] [DEBUG] Output:
[2024-01-15T16:00:29.980Z] {
[2024-01-15T16:00:29.980Z]   "repo" : "team-mayausd-post-generic",
[2024-01-15T16:00:29.980Z]   "path" : "/post/MayaUSD/cuts/COTD/osx/2024-01-09-23-22/MayaUSD_0.27.0_Maya2025_OSX_Debug_202401092322_c3d4ccb_cut.zip",
[2024-01-15T16:00:29.980Z]   "created" : "2024-01-10T02:33:22.666-08:00",
[2024-01-15T16:00:29.980Z]   "createdBy" : "svc_d_ecg",
[2024-01-15T16:00:29.980Z]   "lastModified" : "2024-01-10T02:33:09.550-08:00",
[2024-01-15T16:00:29.980Z]   "modifiedBy" : "svc_d_ecg",
[2024-01-15T16:00:29.980Z]   "lastUpdated" : "2024-01-10T02:33:22.667-08:00",
[2024-01-15T16:00:29.980Z]   "downloadUri" : "https://art-bobcat.autodesk.com:443/artifactory/team-mayausd-post-generic/post/MayaUSD/cuts/COTD/osx/2024-01-09-23-22/MayaUSD_0.27.0_Maya2025_OSX_Debug_202401092322_c3d4ccb_cut.zip",
[2024-01-15T16:00:29.980Z]   "mimeType" : "application/zip",
[2024-01-15T16:00:29.980Z]   "size" : "902521563",
[2024-01-15T16:00:29.980Z]   "checksums" : {
[2024-01-15T16:00:29.980Z]     "sha1" : "683f157ced37dd972040a05639ad8547110a98d9",
[2024-01-15T16:00:29.980Z]     "md5" : "a63c28f310dbb562af1003fa08c20605",
[2024-01-15T16:00:29.980Z]     "sha256" : "bb353b24c9699373a0a746707cc490d7bead13872dda10b1ff0321ec32705995"
[2024-01-15T16:00:29.980Z]   },
[2024-01-15T16:00:29.980Z]   "originalChecksums" : {
[2024-01-15T16:00:29.980Z]     "sha1" : "683f157ced37dd972040a05639ad8547110a98d9",
[2024-01-15T16:00:29.980Z]     "md5" : "a63c28f310dbb562af1003fa08c20605",
[2024-01-15T16:00:29.980Z]     "sha256" : "bb353b24c9699373a0a746707cc490d7bead13872dda10b1ff0321ec32705995"
[2024-01-15T16:00:29.980Z]   },
[2024-01-15T16:00:29.980Z]   "uri" : "https://art-bobcat.autodesk.com:443/artifactory/api/storage/team-mayausd-post-generic/post/MayaUSD/cuts/COTD/osx/2024-01-09-23-22/MayaUSD_0.27.0_Maya2025_OSX_Debug_202401092322_c3d4ccb_cut.zip"
[2024-01-15T16:00:29.980Z] }
[2024-01-15T16:00:29.980Z] [VERBOSE] End loading URL (CURL): https://art-bobcat.autodesk.com:443/artifactory/api/storage/team-mayausd-post-generic/post/MayaUSD/cuts/COTD/osx/2024-01-09-23-22/MayaUSD_0.27.0_Maya2025_OSX_Debug_202401092322_c3d4ccb_cut.zip
[2024-01-15T16:00:29.980Z] 
[2024-01-15T16:00:29.981Z] ================================================================================
[2024-01-15T16:00:29.981Z]                                  clean (Debug)
[2024-01-15T16:00:29.981Z] ================================================================================
[2024-01-15T16:00:29.981Z] Maya Python Debug Info:
[2024-01-15T16:00:29.981Z]   mayapy executable   = /local/S/jenkins/workspace/shared/Artifactory/OSX/rundev-master-debug/202401131544/runtime/ce3bf99/runTime/Maya.app/Contents/bin/mayapy
[2024-01-15T16:00:29.981Z]   Include Folder      = /local/S/jenkins/workspace/shared/Artifactory/OSX/rundev-master-debug/202401131544/runtime/ce3bf99/runTime/Maya.app/Contents/Frameworks/Python.framework/Versions/Current/include/python3.11
[2024-01-15T16:00:29.981Z]   Library             = /local/S/jenkins/workspace/shared/Artifactory/OSX/rundev-master-debug/202401131544/runtime/ce3bf99/runTime/Maya.app/Contents/Frameworks/Python.framework/Versions/Current/lib/libpython3.11.dylib
[2024-01-15T16:00:29.981Z]   site-package Folder = /local/S/jenkins/workspace/shared/Artifactory/OSX/rundev-master-debug/202401131544/runtime/ce3bf99/runTime/Maya.app/Contents/Frameworks/Python.framework/Versions/Current/lib/python3.11/site-packages
[2024-01-15T16:00:30.509Z] In workdir: /Volumes/DATA/local/S/jenkins/workspace/ECP/ecg-maya-hydra/ecg-maya-hydra-branch-preflight-python3-osx/ecg-maya-hydra/maya-hydra
[2024-01-15T16:00:30.509Z] Executing: arch -arch arm64 /local/S/jenkins/workspace/shared/Artifactory/OSX/rundev-master-debug/202401131544/runtime/ce3bf99/runTime/Maya.app/Contents/bin/mayapy /Volumes/DATA/local/S/jenkins/workspace/ECP/ecg-maya-hydra/ecg-maya-hydra-branch-preflight-python3-osx/ecg-maya-hydra/maya-hydra/build.py --generator Ninja --build-debug --maya-location /local/S/jenkins/workspace/shared/Artifactory/OSX/rundev-master-debug/202401131544/runtime/ce3bf99/runTime --devkit-location /local/S/jenkins/workspace/shared/Artifactory/OSX/rundev-master-debug/202401131544/runtime/ce3bf99/devkitBase --pxrusd-location /local/S/jenkins/workspace/shared/Artifactory/OSX/USD/ca7f6ed --build-args=-DCMAKE_MAKE_PROGRAM=/local/S/jenkins/workspace/shared/Artifactory/OSX/ninja/1.10.2/95d0ca5/ninja,-DPYTHON_INCLUDE_DIR=/local/S/jenkins/workspace/shared/Artifactory/OSX/rundev-master-debug/202401131544/runtime/ce3bf99/runTime/Maya.app/Contents/Frameworks/Python.framework/Versions/Current/include/python3.11,-DPython_EXECUTABLE=/local/S/jenkins/workspace/shared/Artifactory/OSX/rundev-master-debug/202401131544/runtime/ce3bf99/runTime/Maya.app/Contents/bin/mayapy,-DPYTHON_LIBRARIES=/local/S/jenkins/workspace/shared/Artifactory/OSX/rundev-master-debug/202401131544/runtime/ce3bf99/runTime/Maya.app/Contents/Frameworks/Python.framework/Versions/Current/lib/libpython3.11.dylib,-DBUILD_WITH_PYTHON_3_VERSION=3.11,-DBUILD_UB2=ON,-DCMAKE_WANT_MATERIALX_BUILD=ON,-DCMAKE_PREFIX_PATH=/local/S/jenkins/workspace/shared/Artifactory/OSX/USD/ca7f6ed,-DMAYAHYDRA_BUILD_NUMBER=459,-DMAYAHYDRA_GIT_COMMIT=5743b1c8314719947fca21bae81a636572852a7d,-DMAYAHYDRA_GIT_BRANCH=master,-DMAYAUSD_LOCATION=/local/S/jenkins/workspace/shared/Artifactory/OSX/mayausd-cotd-debug/202401092322/runtime/683f157/mayausd '--ctest-args=-LE interactive,--parallel 8' --stages=clean --redirect-outstream-file=False --install-location /local/S/jenkins/workspace/ECP/ecg-maya-hydra/ecg-maya-hydra-branch-preflight-python3-osx/install/Debug/MayaHydra /local/S/jenkins/workspace/ECP/ecg-maya-hydra/ecg-maya-hydra-branch-preflight-python3-osx
[2024-01-15T16:00:30.509Z] Modified environment variables:
[2024-01-15T16:00:30.509Z]     PATH=/local/S/jenkins/workspace/shared/Artifactory/OSX/cmake/3.20.3/2594509/bin:/opt/homebrew/bin:/usr/local/bin:/bin:/usr/sbin:/sbin:/usr/bin:/usr/bin:/bin:/usr/sbin:/sbin
[2024-01-15T16:00:30.509Z]     
[2024-01-15T16:00:30.509Z]         Building with settings:
[2024-01-15T16:00:30.509Z]           Source directory          /Volumes/DATA/local/S/jenkins/workspace/ECP/ecg-maya-hydra/ecg-maya-hydra-branch-preflight-python3-osx/ecg-maya-hydra/maya-hydra
[2024-01-15T16:00:30.509Z]           Workspace directory       /local/S/jenkins/workspace/ECP/ecg-maya-hydra/ecg-maya-hydra-branch-preflight-python3-osx
[2024-01-15T16:00:30.509Z]           Build directory           /local/S/jenkins/workspace/ECP/ecg-maya-hydra/ecg-maya-hydra-branch-preflight-python3-osx/build/Debug
[2024-01-15T16:00:30.509Z]           Install directory         /local/S/jenkins/workspace/ECP/ecg-maya-hydra/ecg-maya-hydra-branch-preflight-python3-osx/install/Debug/MayaHydra
[2024-01-15T16:00:30.509Z]           Variant                   Debug
[2024-01-15T16:00:30.509Z]           Python Debug              Off
[2024-01-15T16:00:30.509Z]           CMake generator           Ninja
[2024-01-15T16:00:30.509Z]           Build arguments           ['-DCMAKE_MAKE_PROGRAM=/local/S/jenkins/workspace/shared/Artifactory/OSX/ninja/1.10.2/95d0ca5/ninja', '-DPYTHON_INCLUDE_DIR=/local/S/jenkins/workspace/shared/Artifactory/OSX/rundev-master-debug/202401131544/runtime/ce3bf99/runTime/Maya.app/Contents/Frameworks/Python.framework/Versions/Current/include/python3.11', '-DPython_EXECUTABLE=/local/S/jenkins/workspace/shared/Artifactory/OSX/rundev-master-debug/202401131544/runtime/ce3bf99/runTime/Maya.app/Contents/bin/mayapy', '-DPYTHON_LIBRARIES=/local/S/jenkins/workspace/shared/Artifactory/OSX/rundev-master-debug/202401131544/runtime/ce3bf99/runTime/Maya.app/Contents/Frameworks/Python.framework/Versions/Current/lib/libpython3.11.dylib', '-DBUILD_WITH_PYTHON_3_VERSION=3.11', '-DBUILD_UB2=ON', '-DCMAKE_WANT_MATERIALX_BUILD=ON', '-DCMAKE_PREFIX_PATH=/local/S/jenkins/workspace/shared/Artifactory/OSX/USD/ca7f6ed', '-DMAYAHYDRA_BUILD_NUMBER=459', '-DMAYAHYDRA_GIT_COMMIT=5743b1c8314719947fca21bae81a636572852a7d', '-DMAYAHYDRA_GIT_BRANCH=master', '-DMAYAUSD_LOCATION=/local/S/jenkins/workspace/shared/Artifactory/OSX/mayausd-cotd-debug/202401092322/runtime/683f157/mayausd']
[2024-01-15T16:00:30.509Z]           Stages arguments          ['clean']
[2024-01-15T16:00:30.509Z]           CTest arguments           ['-LE interactive', '--parallel 8']
[2024-01-15T16:00:30.509Z]     Success MayaHydra build and install !!!!
[2024-01-15T16:00:30.509Z]     Elapsed time: 00:00:00
[Pipeline] sh
[2024-01-15T16:00:31.890Z] + python ecg-maya-hydra/build.py --stages=clean --workspace-dir=/local/S/jenkins/workspace/ECP/ecg-maya-hydra/ecg-maya-hydra-branch-preflight-python3-osx --artifactory-dir=/local/S/jenkins/workspace/shared/Artifactory --build-dir=/local/S/jenkins/workspace/ECP/ecg-maya-hydra/ecg-maya-hydra-branch-preflight-python3-osx/build --install-dir=/local/S/jenkins/workspace/ECP/ecg-maya-hydra/ecg-maya-hydra-branch-preflight-python3-osx/install --signing-dir=/local/S/jenkins/workspace/ECP/ecg-maya-hydra/ecg-maya-hydra-branch-preflight-python3-osx/signing --package-dir=/local/S/jenkins/workspace/ECP/ecg-maya-hydra/ecg-maya-hydra-branch-preflight-python3-osx/package --output-dir=/local/S/jenkins/workspace/ECP/ecg-maya-hydra/ecg-maya-hydra-branch-preflight-python3-osx/output --stash-dir=/local/S/jenkins/workspace/ECP/ecg-maya-hydra/ecg-maya-hydra-branch-preflight-python3-osx/stash --jenkins-build=459 --git-commit=5743b1c8314719947fca21bae81a636572852a7d --git-branch=master --variants=RelWithDebInfo --interactive-tests=false --post-zips=false --osx-binary-architecture-target=ub2 --osx-deployment-target=11.0 --osx-base-sdk=CurrentActiveSDK --maya-cut-config=maya-rundev-master.yaml --maya-package=rundev-master --stage-banner
[2024-01-15T16:00:31.890Z] config_file /Volumes/DATA/local/S/jenkins/workspace/ECP/ecg-maya-hydra/ecg-maya-hydra-branch-preflight-python3-osx/ecg-maya-hydra/maya-rundev-master.yaml
[2024-01-15T16:00:31.890Z] Using Maya cut from /local/S/jenkins/workspace/shared/Artifactory/OSX/rundev-master/202401131544/runtime/c18480d/runTime
[2024-01-15T16:00:31.890Z] Using Maya ADSK Signatures from /local/S/jenkins/workspace/shared/Artifactory/OSX/adsk-plugin-signatures-maya/2023/3ae1ae7
[2024-01-15T16:00:31.890Z] Using Maya Security Library from /local/S/jenkins/workspace/shared/Artifactory/OSX/maya-security-library/3.4.0/5e08f3e
[2024-01-15T16:00:31.890Z] Getting mayausd-cotd download URL from Maya SHA-1 hash
[2024-01-15T16:00:31.890Z] Finding Artifactory servers response times
[2024-01-15T16:00:35.161Z] [VERBOSE] Start loading URL (CURL): https://art-bobcat.autodesk.com/artifactory/api/search/checksum?repos=autodesk-3p-generic,adsk-build-tools-generic,team-ecg-generic,team-maya-generic,oss-stg-generic,team-mayausd-post-generic&sha1=9e6d412923d10c2bae902ca46174b36efb0f9bc3
[2024-01-15T16:00:35.161Z] [DEBUG] Running: /usr/bin/curl -s -X GET --keepalive-time 10 --connect-timeout 60 --speed-limit 10000 --speed-time 120 --max-time 3600 --retry 5 --retry-max-time 2400 -H Connection:close -H Authorization:Basic ZWNnYmlmcm9zdDpvcGUqKjAw https://art-bobcat.autodesk.com/artifactory/api/search/checksum?repos=autodesk-3p-generic,adsk-build-tools-generic,team-ecg-generic,team-maya-generic,oss-stg-generic,team-mayausd-post-generic&sha1=9e6d412923d10c2bae902ca46174b36efb0f9bc3
[2024-01-15T16:00:35.161Z] [DEBUG] Output:
[2024-01-15T16:00:35.161Z] {
[2024-01-15T16:00:35.161Z]   "results" : [ {
[2024-01-15T16:00:35.161Z]     "uri" : "https://art-bobcat.autodesk.com:443/artifactory/api/storage/team-mayausd-post-generic/post/MayaUSD/cuts/COTD/osx/2024-01-09-23-22/MayaUSD_0.27.0_Maya2025_OSX_RelWithDebInfo_202401092322_c3d4ccb_cut.zip"
[2024-01-15T16:00:35.161Z]   } ]
[2024-01-15T16:00:35.161Z] }
[2024-01-15T16:00:35.161Z] [VERBOSE] End loading URL (CURL): https://art-bobcat.autodesk.com/artifactory/api/search/checksum?repos=autodesk-3p-generic,adsk-build-tools-generic,team-ecg-generic,team-maya-generic,oss-stg-generic,team-mayausd-post-generic&sha1=9e6d412923d10c2bae902ca46174b36efb0f9bc3
[2024-01-15T16:00:35.161Z] [VERBOSE] Start loading URL (CURL): https://art-bobcat.autodesk.com:443/artifactory/api/storage/team-mayausd-post-generic/post/MayaUSD/cuts/COTD/osx/2024-01-09-23-22/MayaUSD_0.27.0_Maya2025_OSX_RelWithDebInfo_202401092322_c3d4ccb_cut.zip
[2024-01-15T16:00:35.161Z] [DEBUG] Running: /usr/bin/curl -s -X GET --keepalive-time 10 --connect-timeout 60 --speed-limit 10000 --speed-time 120 --max-time 3600 --retry 5 --retry-max-time 2400 -H Connection:close -H Authorization:Basic ZWNnYmlmcm9zdDpvcGUqKjAw https://art-bobcat.autodesk.com:443/artifactory/api/storage/team-mayausd-post-generic/post/MayaUSD/cuts/COTD/osx/2024-01-09-23-22/MayaUSD_0.27.0_Maya2025_OSX_RelWithDebInfo_202401092322_c3d4ccb_cut.zip
[2024-01-15T16:00:35.161Z] [DEBUG] Output:
[2024-01-15T16:00:35.161Z] {
[2024-01-15T16:00:35.161Z]   "repo" : "team-mayausd-post-generic",
[2024-01-15T16:00:35.161Z]   "path" : "/post/MayaUSD/cuts/COTD/osx/2024-01-09-23-22/MayaUSD_0.27.0_Maya2025_OSX_RelWithDebInfo_202401092322_c3d4ccb_cut.zip",
[2024-01-15T16:00:35.161Z]   "created" : "2024-01-10T02:33:45.191-08:00",
[2024-01-15T16:00:35.161Z]   "createdBy" : "svc_d_ecg",
[2024-01-15T16:00:35.161Z]   "lastModified" : "2024-01-10T02:33:40.479-08:00",
[2024-01-15T16:00:35.161Z]   "modifiedBy" : "svc_d_ecg",
[2024-01-15T16:00:35.161Z]   "lastUpdated" : "2024-01-10T02:33:45.192-08:00",
[2024-01-15T16:00:35.161Z]   "downloadUri" : "https://art-bobcat.autodesk.com:443/artifactory/team-mayausd-post-generic/post/MayaUSD/cuts/COTD/osx/2024-01-09-23-22/MayaUSD_0.27.0_Maya2025_OSX_RelWithDebInfo_202401092322_c3d4ccb_cut.zip",
[2024-01-15T16:00:35.161Z]   "mimeType" : "application/zip",
[2024-01-15T16:00:35.161Z]   "size" : "299917558",
[2024-01-15T16:00:35.161Z]   "checksums" : {
[2024-01-15T16:00:35.161Z]     "sha1" : "9e6d412923d10c2bae902ca46174b36efb0f9bc3",
[2024-01-15T16:00:35.161Z]     "md5" : "5f14245ad5360ee3a3934fd162fa3711",
[2024-01-15T16:00:35.161Z]     "sha256" : "6532a14df9c5d1fac75175a42f2329e9e0b87775ba155de35923d010bc60e13a"
[2024-01-15T16:00:35.161Z]   },
[2024-01-15T16:00:35.161Z]   "originalChecksums" : {
[2024-01-15T16:00:35.161Z]     "sha1" : "9e6d412923d10c2bae902ca46174b36efb0f9bc3",
[2024-01-15T16:00:35.161Z]     "md5" : "5f14245ad5360ee3a3934fd162fa3711",
[2024-01-15T16:00:35.161Z]     "sha256" : "6532a14df9c5d1fac75175a42f2329e9e0b87775ba155de35923d010bc60e13a"
[2024-01-15T16:00:35.161Z]   },
[2024-01-15T16:00:35.161Z]   "uri" : "https://art-bobcat.autodesk.com:443/artifactory/api/storage/team-mayausd-post-generic/post/MayaUSD/cuts/COTD/osx/2024-01-09-23-22/MayaUSD_0.27.0_Maya2025_OSX_RelWithDebInfo_202401092322_c3d4ccb_cut.zip"
[2024-01-15T16:00:35.161Z] }
[2024-01-15T16:00:35.161Z] [VERBOSE] End loading URL (CURL): https://art-bobcat.autodesk.com:443/artifactory/api/storage/team-mayausd-post-generic/post/MayaUSD/cuts/COTD/osx/2024-01-09-23-22/MayaUSD_0.27.0_Maya2025_OSX_RelWithDebInfo_202401092322_c3d4ccb_cut.zip
[2024-01-15T16:00:35.161Z] 
[2024-01-15T16:00:35.161Z] ================================================================================
[2024-01-15T16:00:35.161Z]                              clean (RelWithDebInfo)
[2024-01-15T16:00:35.161Z] ================================================================================
[2024-01-15T16:00:35.161Z] Maya Python RelWithDebInfo Info:
[2024-01-15T16:00:35.161Z]   mayapy executable   = /local/S/jenkins/workspace/shared/Artifactory/OSX/rundev-master/202401131544/runtime/c18480d/runTime/Maya.app/Contents/bin/mayapy
[2024-01-15T16:00:35.161Z]   Include Folder      = /local/S/jenkins/workspace/shared/Artifactory/OSX/rundev-master/202401131544/runtime/c18480d/runTime/Maya.app/Contents/Frameworks/Python.framework/Versions/Current/include/python3.11
[2024-01-15T16:00:35.161Z]   Library             = /local/S/jenkins/workspace/shared/Artifactory/OSX/rundev-master/202401131544/runtime/c18480d/runTime/Maya.app/Contents/Frameworks/Python.framework/Versions/Current/lib/libpython3.11.dylib
[2024-01-15T16:00:35.161Z]   site-package Folder = /local/S/jenkins/workspace/shared/Artifactory/OSX/rundev-master/202401131544/runtime/c18480d/runTime/Maya.app/Contents/Frameworks/Python.framework/Versions/Current/lib/python3.11/site-packages
[2024-01-15T16:00:35.688Z] In workdir: /Volumes/DATA/local/S/jenkins/workspace/ECP/ecg-maya-hydra/ecg-maya-hydra-branch-preflight-python3-osx/ecg-maya-hydra/maya-hydra
[2024-01-15T16:00:35.688Z] Executing: arch -arch arm64 /local/S/jenkins/workspace/shared/Artifactory/OSX/rundev-master/202401131544/runtime/c18480d/runTime/Maya.app/Contents/bin/mayapy /Volumes/DATA/local/S/jenkins/workspace/ECP/ecg-maya-hydra/ecg-maya-hydra-branch-preflight-python3-osx/ecg-maya-hydra/maya-hydra/build.py --generator Ninja --build-relwithdebug --maya-location /local/S/jenkins/workspace/shared/Artifactory/OSX/rundev-master/202401131544/runtime/c18480d/runTime --devkit-location /local/S/jenkins/workspace/shared/Artifactory/OSX/rundev-master/202401131544/runtime/c18480d/devkitBase --pxrusd-location /local/S/jenkins/workspace/shared/Artifactory/OSX/USD/8270819 --build-args=-DCMAKE_MAKE_PROGRAM=/local/S/jenkins/workspace/shared/Artifactory/OSX/ninja/1.10.2/95d0ca5/ninja,-DPYTHON_INCLUDE_DIR=/local/S/jenkins/workspace/shared/Artifactory/OSX/rundev-master/202401131544/runtime/c18480d/runTime/Maya.app/Contents/Frameworks/Python.framework/Versions/Current/include/python3.11,-DPython_EXECUTABLE=/local/S/jenkins/workspace/shared/Artifactory/OSX/rundev-master/202401131544/runtime/c18480d/runTime/Maya.app/Contents/bin/mayapy,-DPYTHON_LIBRARIES=/local/S/jenkins/workspace/shared/Artifactory/OSX/rundev-master/202401131544/runtime/c18480d/runTime/Maya.app/Contents/Frameworks/Python.framework/Versions/Current/lib/libpython3.11.dylib,-DBUILD_WITH_PYTHON_3_VERSION=3.11,-DBUILD_UB2=ON,-DCMAKE_WANT_MATERIALX_BUILD=ON,-DCMAKE_PREFIX_PATH=/local/S/jenkins/workspace/shared/Artifactory/OSX/USD/8270819,-DMAYAHYDRA_BUILD_NUMBER=459,-DMAYAHYDRA_GIT_COMMIT=5743b1c8314719947fca21bae81a636572852a7d,-DMAYAHYDRA_GIT_BRANCH=master,-DMAYAUSD_LOCATION=/local/S/jenkins/workspace/shared/Artifactory/OSX/mayausd-cotd/202401092322/runtime/9e6d412/mayausd '--ctest-args=-LE interactive,--parallel 8' --stages=clean --redirect-outstream-file=False --install-location /local/S/jenkins/workspace/ECP/ecg-maya-hydra/ecg-maya-hydra-branch-preflight-python3-osx/install/RelWithDebInfo/MayaHydra /local/S/jenkins/workspace/ECP/ecg-maya-hydra/ecg-maya-hydra-branch-preflight-python3-osx
[2024-01-15T16:00:35.688Z] Modified environment variables:
[2024-01-15T16:00:35.688Z]     PATH=/local/S/jenkins/workspace/shared/Artifactory/OSX/cmake/3.20.3/2594509/bin:/opt/homebrew/bin:/usr/local/bin:/bin:/usr/sbin:/sbin:/usr/bin:/usr/bin:/bin:/usr/sbin:/sbin
[2024-01-15T16:00:35.688Z]     
[2024-01-15T16:00:35.688Z]         Building with settings:
[2024-01-15T16:00:35.688Z]           Source directory          /Volumes/DATA/local/S/jenkins/workspace/ECP/ecg-maya-hydra/ecg-maya-hydra-branch-preflight-python3-osx/ecg-maya-hydra/maya-hydra
[2024-01-15T16:00:35.688Z]           Workspace directory       /local/S/jenkins/workspace/ECP/ecg-maya-hydra/ecg-maya-hydra-branch-preflight-python3-osx
[2024-01-15T16:00:35.688Z]           Build directory           /local/S/jenkins/workspace/ECP/ecg-maya-hydra/ecg-maya-hydra-branch-preflight-python3-osx/build/RelWithDebInfo
[2024-01-15T16:00:35.688Z]           Install directory         /local/S/jenkins/workspace/ECP/ecg-maya-hydra/ecg-maya-hydra-branch-preflight-python3-osx/install/RelWithDebInfo/MayaHydra
[2024-01-15T16:00:35.688Z]           Variant                   RelWithDebInfo
[2024-01-15T16:00:35.688Z]           Python Debug              Off
[2024-01-15T16:00:35.688Z]           CMake generator           Ninja
[2024-01-15T16:00:35.688Z]           Build arguments           ['-DCMAKE_MAKE_PROGRAM=/local/S/jenkins/workspace/shared/Artifactory/OSX/ninja/1.10.2/95d0ca5/ninja', '-DPYTHON_INCLUDE_DIR=/local/S/jenkins/workspace/shared/Artifactory/OSX/rundev-master/202401131544/runtime/c18480d/runTime/Maya.app/Contents/Frameworks/Python.framework/Versions/Current/include/python3.11', '-DPython_EXECUTABLE=/local/S/jenkins/workspace/shared/Artifactory/OSX/rundev-master/202401131544/runtime/c18480d/runTime/Maya.app/Contents/bin/mayapy', '-DPYTHON_LIBRARIES=/local/S/jenkins/workspace/shared/Artifactory/OSX/rundev-master/202401131544/runtime/c18480d/runTime/Maya.app/Contents/Frameworks/Python.framework/Versions/Current/lib/libpython3.11.dylib', '-DBUILD_WITH_PYTHON_3_VERSION=3.11', '-DBUILD_UB2=ON', '-DCMAKE_WANT_MATERIALX_BUILD=ON', '-DCMAKE_PREFIX_PATH=/local/S/jenkins/workspace/shared/Artifactory/OSX/USD/8270819', '-DMAYAHYDRA_BUILD_NUMBER=459', '-DMAYAHYDRA_GIT_COMMIT=5743b1c8314719947fca21bae81a636572852a7d', '-DMAYAHYDRA_GIT_BRANCH=master', '-DMAYAUSD_LOCATION=/local/S/jenkins/workspace/shared/Artifactory/OSX/mayausd-cotd/202401092322/runtime/9e6d412/mayausd']
[2024-01-15T16:00:35.688Z]           Stages arguments          ['clean']
[2024-01-15T16:00:35.688Z]           CTest arguments           ['-LE interactive', '--parallel 8']
[2024-01-15T16:00:35.688Z]     Success MayaHydra build and install !!!!
[2024-01-15T16:00:35.688Z]     Elapsed time: 00:00:00
[Pipeline] }
[Pipeline] // withEnv
[Pipeline] }
[Pipeline] // timeout
[Pipeline] }
[Pipeline] // stage
[Pipeline] }
[Pipeline] // timestamps
[Pipeline] timestamps
[Pipeline] {
[Pipeline] stage
[Pipeline] { (Configure)
[Pipeline] timeout
[2024-01-15T16:00:36.121Z] Timeout set to expire in 6 hr 0 min
[Pipeline] {
[Pipeline] withEnv
[Pipeline] {
[Pipeline] sh
[2024-01-15T16:00:37.354Z] + python ecg-maya-hydra/build.py --stages=configure --workspace-dir=/local/S/jenkins/workspace/ECP/ecg-maya-hydra/ecg-maya-hydra-branch-preflight-python3-osx --artifactory-dir=/local/S/jenkins/workspace/shared/Artifactory --build-dir=/local/S/jenkins/workspace/ECP/ecg-maya-hydra/ecg-maya-hydra-branch-preflight-python3-osx/build --install-dir=/local/S/jenkins/workspace/ECP/ecg-maya-hydra/ecg-maya-hydra-branch-preflight-python3-osx/install --signing-dir=/local/S/jenkins/workspace/ECP/ecg-maya-hydra/ecg-maya-hydra-branch-preflight-python3-osx/signing --package-dir=/local/S/jenkins/workspace/ECP/ecg-maya-hydra/ecg-maya-hydra-branch-preflight-python3-osx/package --output-dir=/local/S/jenkins/workspace/ECP/ecg-maya-hydra/ecg-maya-hydra-branch-preflight-python3-osx/output --stash-dir=/local/S/jenkins/workspace/ECP/ecg-maya-hydra/ecg-maya-hydra-branch-preflight-python3-osx/stash --jenkins-build=459 --git-commit=5743b1c8314719947fca21bae81a636572852a7d --git-branch=master --variants=Debug --interactive-tests=false --post-zips=false --osx-binary-architecture-target=ub2 --osx-deployment-target=11.0 --osx-base-sdk=CurrentActiveSDK --maya-cut-config=maya-rundev-master-debug.yaml --maya-package=rundev-master-debug --stage-banner
[2024-01-15T16:00:37.354Z] config_file /Volumes/DATA/local/S/jenkins/workspace/ECP/ecg-maya-hydra/ecg-maya-hydra-branch-preflight-python3-osx/ecg-maya-hydra/maya-rundev-master-debug.yaml
[2024-01-15T16:00:37.354Z] Using Maya cut from /local/S/jenkins/workspace/shared/Artifactory/OSX/rundev-master-debug/202401131544/runtime/ce3bf99/runTime
[2024-01-15T16:00:37.354Z] Using Maya ADSK Signatures from /local/S/jenkins/workspace/shared/Artifactory/OSX/adsk-plugin-signatures-maya/2023/3ae1ae7
[2024-01-15T16:00:37.354Z] Using Maya Security Library from /local/S/jenkins/workspace/shared/Artifactory/OSX/maya-security-library/3.4.0/5e08f3e
[2024-01-15T16:00:37.354Z] Getting mayausd-cotd-debug download URL from Maya SHA-1 hash
[2024-01-15T16:00:37.354Z] Finding Artifactory servers response times
[2024-01-15T16:00:40.636Z] [VERBOSE] Start loading URL (CURL): https://art-bobcat.autodesk.com/artifactory/api/search/checksum?repos=autodesk-3p-generic,adsk-build-tools-generic,team-ecg-generic,team-maya-generic,oss-stg-generic,team-mayausd-post-generic&sha1=683f157ced37dd972040a05639ad8547110a98d9
[2024-01-15T16:00:40.636Z] [DEBUG] Running: /usr/bin/curl -s -X GET --keepalive-time 10 --connect-timeout 60 --speed-limit 10000 --speed-time 120 --max-time 3600 --retry 5 --retry-max-time 2400 -H Connection:close -H Authorization:Basic ZWNnYmlmcm9zdDpvcGUqKjAw https://art-bobcat.autodesk.com/artifactory/api/search/checksum?repos=autodesk-3p-generic,adsk-build-tools-generic,team-ecg-generic,team-maya-generic,oss-stg-generic,team-mayausd-post-generic&sha1=683f157ced37dd972040a05639ad8547110a98d9
[2024-01-15T16:00:40.636Z] [DEBUG] Output:
[2024-01-15T16:00:40.636Z] {
[2024-01-15T16:00:40.636Z]   "results" : [ {
[2024-01-15T16:00:40.636Z]     "uri" : "https://art-bobcat.autodesk.com:443/artifactory/api/storage/team-mayausd-post-generic/post/MayaUSD/cuts/COTD/osx/2024-01-09-23-22/MayaUSD_0.27.0_Maya2025_OSX_Debug_202401092322_c3d4ccb_cut.zip"
[2024-01-15T16:00:40.636Z]   } ]
[2024-01-15T16:00:40.636Z] }
[2024-01-15T16:00:40.636Z] [VERBOSE] End loading URL (CURL): https://art-bobcat.autodesk.com/artifactory/api/search/checksum?repos=autodesk-3p-generic,adsk-build-tools-generic,team-ecg-generic,team-maya-generic,oss-stg-generic,team-mayausd-post-generic&sha1=683f157ced37dd972040a05639ad8547110a98d9
[2024-01-15T16:00:40.636Z] [VERBOSE] Start loading URL (CURL): https://art-bobcat.autodesk.com:443/artifactory/api/storage/team-mayausd-post-generic/post/MayaUSD/cuts/COTD/osx/2024-01-09-23-22/MayaUSD_0.27.0_Maya2025_OSX_Debug_202401092322_c3d4ccb_cut.zip
[2024-01-15T16:00:40.636Z] [DEBUG] Running: /usr/bin/curl -s -X GET --keepalive-time 10 --connect-timeout 60 --speed-limit 10000 --speed-time 120 --max-time 3600 --retry 5 --retry-max-time 2400 -H Connection:close -H Authorization:Basic ZWNnYmlmcm9zdDpvcGUqKjAw https://art-bobcat.autodesk.com:443/artifactory/api/storage/team-mayausd-post-generic/post/MayaUSD/cuts/COTD/osx/2024-01-09-23-22/MayaUSD_0.27.0_Maya2025_OSX_Debug_202401092322_c3d4ccb_cut.zip
[2024-01-15T16:00:40.636Z] [DEBUG] Output:
[2024-01-15T16:00:40.636Z] {
[2024-01-15T16:00:40.636Z]   "repo" : "team-mayausd-post-generic",
[2024-01-15T16:00:40.636Z]   "path" : "/post/MayaUSD/cuts/COTD/osx/2024-01-09-23-22/MayaUSD_0.27.0_Maya2025_OSX_Debug_202401092322_c3d4ccb_cut.zip",
[2024-01-15T16:00:40.636Z]   "created" : "2024-01-10T02:33:22.666-08:00",
[2024-01-15T16:00:40.636Z]   "createdBy" : "svc_d_ecg",
[2024-01-15T16:00:40.636Z]   "lastModified" : "2024-01-10T02:33:09.550-08:00",
[2024-01-15T16:00:40.636Z]   "modifiedBy" : "svc_d_ecg",
[2024-01-15T16:00:40.636Z]   "lastUpdated" : "2024-01-10T02:33:22.667-08:00",
[2024-01-15T16:00:40.636Z]   "downloadUri" : "https://art-bobcat.autodesk.com:443/artifactory/team-mayausd-post-generic/post/MayaUSD/cuts/COTD/osx/2024-01-09-23-22/MayaUSD_0.27.0_Maya2025_OSX_Debug_202401092322_c3d4ccb_cut.zip",
[2024-01-15T16:00:40.636Z]   "mimeType" : "application/zip",
[2024-01-15T16:00:40.636Z]   "size" : "902521563",
[2024-01-15T16:00:40.636Z]   "checksums" : {
[2024-01-15T16:00:40.636Z]     "sha1" : "683f157ced37dd972040a05639ad8547110a98d9",
[2024-01-15T16:00:40.636Z]     "md5" : "a63c28f310dbb562af1003fa08c20605",
[2024-01-15T16:00:40.636Z]     "sha256" : "bb353b24c9699373a0a746707cc490d7bead13872dda10b1ff0321ec32705995"
[2024-01-15T16:00:40.636Z]   },
[2024-01-15T16:00:40.636Z]   "originalChecksums" : {
[2024-01-15T16:00:40.636Z]     "sha1" : "683f157ced37dd972040a05639ad8547110a98d9",
[2024-01-15T16:00:40.636Z]     "md5" : "a63c28f310dbb562af1003fa08c20605",
[2024-01-15T16:00:40.636Z]     "sha256" : "bb353b24c9699373a0a746707cc490d7bead13872dda10b1ff0321ec32705995"
[2024-01-15T16:00:40.636Z]   },
[2024-01-15T16:00:40.636Z]   "uri" : "https://art-bobcat.autodesk.com:443/artifactory/api/storage/team-mayausd-post-generic/post/MayaUSD/cuts/COTD/osx/2024-01-09-23-22/MayaUSD_0.27.0_Maya2025_OSX_Debug_202401092322_c3d4ccb_cut.zip"
[2024-01-15T16:00:40.636Z] }
[2024-01-15T16:00:40.636Z] [VERBOSE] End loading URL (CURL): https://art-bobcat.autodesk.com:443/artifactory/api/storage/team-mayausd-post-generic/post/MayaUSD/cuts/COTD/osx/2024-01-09-23-22/MayaUSD_0.27.0_Maya2025_OSX_Debug_202401092322_c3d4ccb_cut.zip
[2024-01-15T16:00:40.636Z] 
[2024-01-15T16:00:40.636Z] ================================================================================
[2024-01-15T16:00:40.636Z]                                configure (Debug)
[2024-01-15T16:00:40.636Z] ================================================================================
[2024-01-15T16:00:40.636Z] Maya Python Debug Info:
[2024-01-15T16:00:40.636Z]   mayapy executable   = /local/S/jenkins/workspace/shared/Artifactory/OSX/rundev-master-debug/202401131544/runtime/ce3bf99/runTime/Maya.app/Contents/bin/mayapy
[2024-01-15T16:00:40.636Z]   Include Folder      = /local/S/jenkins/workspace/shared/Artifactory/OSX/rundev-master-debug/202401131544/runtime/ce3bf99/runTime/Maya.app/Contents/Frameworks/Python.framework/Versions/Current/include/python3.11
[2024-01-15T16:00:40.636Z]   Library             = /local/S/jenkins/workspace/shared/Artifactory/OSX/rundev-master-debug/202401131544/runtime/ce3bf99/runTime/Maya.app/Contents/Frameworks/Python.framework/Versions/Current/lib/libpython3.11.dylib
[2024-01-15T16:00:40.636Z]   site-package Folder = /local/S/jenkins/workspace/shared/Artifactory/OSX/rundev-master-debug/202401131544/runtime/ce3bf99/runTime/Maya.app/Contents/Frameworks/Python.framework/Versions/Current/lib/python3.11/site-packages
[2024-01-15T16:00:40.636Z] In workdir: /Volumes/DATA/local/S/jenkins/workspace/ECP/ecg-maya-hydra/ecg-maya-hydra-branch-preflight-python3-osx/ecg-maya-hydra/maya-hydra
[2024-01-15T16:00:40.636Z] Executing: arch -arch arm64 /local/S/jenkins/workspace/shared/Artifactory/OSX/rundev-master-debug/202401131544/runtime/ce3bf99/runTime/Maya.app/Contents/bin/mayapy /Volumes/DATA/local/S/jenkins/workspace/ECP/ecg-maya-hydra/ecg-maya-hydra-branch-preflight-python3-osx/ecg-maya-hydra/maya-hydra/build.py --generator Ninja --build-debug --maya-location /local/S/jenkins/workspace/shared/Artifactory/OSX/rundev-master-debug/202401131544/runtime/ce3bf99/runTime --devkit-location /local/S/jenkins/workspace/shared/Artifactory/OSX/rundev-master-debug/202401131544/runtime/ce3bf99/devkitBase --pxrusd-location /local/S/jenkins/workspace/shared/Artifactory/OSX/USD/ca7f6ed --build-args=-DCMAKE_MAKE_PROGRAM=/local/S/jenkins/workspace/shared/Artifactory/OSX/ninja/1.10.2/95d0ca5/ninja,-DPYTHON_INCLUDE_DIR=/local/S/jenkins/workspace/shared/Artifactory/OSX/rundev-master-debug/202401131544/runtime/ce3bf99/runTime/Maya.app/Contents/Frameworks/Python.framework/Versions/Current/include/python3.11,-DPython_EXECUTABLE=/local/S/jenkins/workspace/shared/Artifactory/OSX/rundev-master-debug/202401131544/runtime/ce3bf99/runTime/Maya.app/Contents/bin/mayapy,-DPYTHON_LIBRARIES=/local/S/jenkins/workspace/shared/Artifactory/OSX/rundev-master-debug/202401131544/runtime/ce3bf99/runTime/Maya.app/Contents/Frameworks/Python.framework/Versions/Current/lib/libpython3.11.dylib,-DBUILD_WITH_PYTHON_3_VERSION=3.11,-DBUILD_UB2=ON,-DCMAKE_WANT_MATERIALX_BUILD=ON,-DCMAKE_PREFIX_PATH=/local/S/jenkins/workspace/shared/Artifactory/OSX/USD/ca7f6ed,-DMAYAHYDRA_BUILD_NUMBER=459,-DMAYAHYDRA_GIT_COMMIT=5743b1c8314719947fca21bae81a636572852a7d,-DMAYAHYDRA_GIT_BRANCH=master,-DMAYAUSD_LOCATION=/local/S/jenkins/workspace/shared/Artifactory/OSX/mayausd-cotd-debug/202401092322/runtime/683f157/mayausd '--ctest-args=-LE interactive,--parallel 8' --stages=configure --redirect-outstream-file=False --install-location /local/S/jenkins/workspace/ECP/ecg-maya-hydra/ecg-maya-hydra-branch-preflight-python3-osx/install/Debug/MayaHydra /local/S/jenkins/workspace/ECP/ecg-maya-hydra/ecg-maya-hydra-branch-preflight-python3-osx
[2024-01-15T16:00:40.636Z] Modified environment variables:
[2024-01-15T16:00:40.636Z]     PATH=/local/S/jenkins/workspace/shared/Artifactory/OSX/cmake/3.20.3/2594509/bin:/opt/homebrew/bin:/usr/local/bin:/bin:/usr/sbin:/sbin:/usr/bin:/usr/bin:/bin:/usr/sbin:/sbin
[2024-01-15T16:00:51.675Z]     -- The C compiler identification is AppleClang 13.1.6.13160021
[2024-01-15T16:00:51.675Z]     -- The CXX compiler identification is AppleClang 13.1.6.13160021
[2024-01-15T16:00:51.675Z]     -- Detecting C compiler ABI info
[2024-01-15T16:00:51.675Z]     -- Detecting C compiler ABI info - done
[2024-01-15T16:00:51.675Z]     -- Check for working C compiler: /Applications/Xcode.app/Contents/Developer/Toolchains/XcodeDefault.xctoolchain/usr/bin/cc - skipped
[2024-01-15T16:00:51.675Z]     -- Detecting C compile features
[2024-01-15T16:00:51.675Z]     -- Detecting C compile features - done
[2024-01-15T16:00:51.675Z]     -- Detecting CXX compiler ABI info
[2024-01-15T16:00:52.199Z]     -- Detecting CXX compiler ABI info - done
[2024-01-15T16:00:52.199Z]     -- Check for working CXX compiler: /Applications/Xcode.app/Contents/Developer/Toolchains/XcodeDefault.xctoolchain/usr/bin/c++ - skipped
[2024-01-15T16:00:52.199Z]     -- Detecting CXX compile features
[2024-01-15T16:00:52.199Z]     -- Detecting CXX compile features - done
[2024-01-15T16:00:52.199Z]     -- Building with Universal Binary 2
[2024-01-15T16:00:53.466Z]     -- Using Maya Light API Version 3
[2024-01-15T16:00:53.466Z]     -- Maya has setDefaultMaterialHandling API
[2024-01-15T16:00:53.466Z]     -- Maya has new point snapping API
[2024-01-15T16:00:53.466Z]     -- Maya has isInCrashHandler API
[2024-01-15T16:00:53.466Z]     -- Maya has getDisplayStyleOfAllViewports API
[2024-01-15T16:00:53.466Z]     -- Maya array iterator has difference_type trait
[2024-01-15T16:00:53.466Z]     -- MFnSet has getMemberPaths function
[2024-01-15T16:00:53.466Z]     -- MFnDisplayLayer exists
[2024-01-15T16:00:53.466Z]     -- MDisplayLayerMessage has MDisplayLayerMemberChangedFunction
[2024-01-15T16:00:53.466Z]     -- MRenderItem has HideOnPlayback API
[2024-01-15T16:00:53.466Z]     -- MacOSX: Maya was built with Universal Binary 2 (x86_64/arm64)
[2024-01-15T16:00:53.466Z]     -- Found Maya: /local/S/jenkins/workspace/shared/Artifactory/OSX/rundev-master-debug/202401131544/runtime/ce3bf99/runTime/maya.app/Contents/MacOS/Maya (found suitable version "2025", minimum required is "2024")
[2024-01-15T16:00:53.466Z]     -- Found Python: /local/S/jenkins/workspace/shared/Artifactory/OSX/rundev-master-debug/202401131544/runtime/ce3bf99/runTime/Maya.app/Contents/bin/mayapy (found suitable exact version "3.11.4") found components: Interpreter
[2024-01-15T16:00:53.466Z]     -- Build mayaHydra with Python3 = 3.11
[2024-01-15T16:00:53.466Z]     --    PYTHON_INCLUDE_DIRS = /local/S/jenkins/workspace/shared/Artifactory/OSX/rundev-master-debug/202401131544/runtime/ce3bf99/runTime/Maya.app/Contents/Frameworks/Python.framework/Versions/Current/include/python3.11
[2024-01-15T16:00:53.466Z]     --    PYTHON_LIBRARIES    = /local/S/jenkins/workspace/shared/Artifactory/OSX/rundev-master-debug/202401131544/runtime/ce3bf99/runTime/Maya.app/Contents/Frameworks/Python.framework/Versions/Current/lib/libpython3.11.dylib
[2024-01-15T16:00:53.466Z]     --    Python_EXECUTABLE   = /local/S/jenkins/workspace/shared/Artifactory/OSX/rundev-master-debug/202401131544/runtime/ce3bf99/runTime/Maya.app/Contents/bin/mayapy
[2024-01-15T16:00:53.466Z]     -- Found Python3: /local/S/jenkins/workspace/shared/Artifactory/OSX/rundev-master-debug/202401131544/runtime/ce3bf99/runTime/Maya.app/Contents/Frameworks/Python.framework/Versions/Current/include/python3.11 (found suitable exact version "3.11.4") found components: Development Development.Module Development.Embed
[2024-01-15T16:00:53.466Z]     -- USD has new Sdr.PropertyTypes.Color4
[2024-01-15T16:00:53.466Z]     -- USD has MaterialX metadata support
[2024-01-15T16:00:53.466Z]     -- USD include dir: /local/S/jenkins/workspace/shared/Artifactory/OSX/USD/ca7f6ed/include
[2024-01-15T16:00:53.466Z]     -- USD library dir: /local/S/jenkins/workspace/shared/Artifactory/OSX/USD/ca7f6ed/lib
[2024-01-15T16:00:53.466Z]     -- USD version: 0.23.11
[2024-01-15T16:00:53.466Z]     -- Found USD: /local/S/jenkins/workspace/shared/Artifactory/OSX/USD/ca7f6ed (found suitable version "0.23.11", minimum required is "0.22.11")
[2024-01-15T16:00:53.466Z]     Updated PYTHONPATH: /local/S/jenkins/workspace/shared/Artifactory/OSX/USD/ca7f6ed/lib/python
[2024-01-15T16:00:53.466Z]     -- Found UFE: /local/S/jenkins/workspace/shared/Artifactory/OSX/rundev-master-debug/202401131544/runtime/ce3bf99/devkitBase/devkit/ufe/include (found version "5.0.0")
[2024-01-15T16:00:53.466Z]     -- UFE include dir: /local/S/jenkins/workspace/shared/Artifactory/OSX/rundev-master-debug/202401131544/runtime/ce3bf99/devkitBase/devkit/ufe/include
[2024-01-15T16:00:53.466Z]     -- UFE library: /local/S/jenkins/workspace/shared/Artifactory/OSX/rundev-master-debug/202401131544/runtime/ce3bf99/devkitBase/devkit/ufe/lib/libufe_5.dylib
[2024-01-15T16:00:53.466Z]     -- UFE version: 5.0.0
[2024-01-15T16:00:53.466Z]     -- Maya has UFE lights API
[2024-01-15T16:00:53.466Z]     -- Maya has UFE scene segment API
[2024-01-15T16:00:53.466Z]     -- Maya has UFE TrieNode childrenComponents accessor
[2024-01-15T16:00:53.466Z]     -- Building with UFE 5.0.0.
[2024-01-15T16:00:53.466Z]     -- Found MaterialX
[2024-01-15T16:00:53.990Z]     -- Performing Test HAVE_STDATOMIC
[2024-01-15T16:00:53.990Z]     -- Performing Test HAVE_STDATOMIC - Success
[2024-01-15T16:00:53.990Z]     -- Found OpenGL: /Applications/Xcode.app/Contents/Developer/Platforms/MacOSX.platform/Developer/SDKs/MacOSX12.3.sdk/System/Library/Frameworks/OpenGL.framework
[2024-01-15T16:00:54.516Z]     -- Check if linker can resolve circular dependencies - TRUE
[2024-01-15T16:00:54.516Z]     -- Found Qt 6.5.3 in Maya devkit. Hydra Scene Browser will be built.
[2024-01-15T16:00:54.516Z]     -- **** Building Gulrak From Github Repository.
[2024-01-15T16:00:54.516Z]     -- Populating gulrak
[2024-01-15T16:00:54.516Z]     -- Configuring done
[2024-01-15T16:00:54.516Z]     -- Generating done
[2024-01-15T16:00:54.516Z]     -- Build files have been written to: /Volumes/DATA/local/S/jenkins/workspace/ECP/ecg-maya-hydra/ecg-maya-hydra-branch-preflight-python3-osx/build/Debug/_deps/gulrak-subbuild
[2024-01-15T16:00:54.516Z]     [1/9] Creating directories for 'gulrak-populate'
[2024-01-15T16:00:54.516Z]     [1/9] Performing download step (git clone) for 'gulrak-populate'
[2024-01-15T16:00:54.516Z]     Cloning into 'gulrak-src'...
[2024-01-15T16:00:55.041Z]     HEAD is now at 4e21ab3 Version bump and updated readme.
[2024-01-15T16:00:55.041Z]     [2/9] Performing update step for 'gulrak-populate'
[2024-01-15T16:00:55.041Z]     [4/9] No patch step for 'gulrak-populate'
[2024-01-15T16:00:55.041Z]     [5/9] No configure step for 'gulrak-populate'
[2024-01-15T16:00:55.041Z]     [6/9] No build step for 'gulrak-populate'
[2024-01-15T16:00:55.041Z]     [7/9] No install step for 'gulrak-populate'
[2024-01-15T16:00:55.041Z]     [8/9] No test step for 'gulrak-populate'
[2024-01-15T16:00:55.041Z]     [9/9] Completed 'gulrak-populate'
[2024-01-15T16:00:55.041Z]     -- ========== Installing GoogleTest... ==========
[2024-01-15T16:00:55.041Z]     -- Configuring done
[2024-01-15T16:00:55.041Z]     -- Generating done
[2024-01-15T16:00:55.041Z]     -- Build files have been written to: /Volumes/DATA/local/S/jenkins/workspace/ECP/ecg-maya-hydra/ecg-maya-hydra-branch-preflight-python3-osx/build/Debug/googletest-config
[2024-01-15T16:00:55.041Z]     [1/8] Creating directories for 'googletest'
[2024-01-15T16:00:56.139Z]     [2/8] Performing download step (git clone) for 'googletest'
[2024-01-15T16:00:56.139Z]     Cloning into 'googletest-src'...
[2024-01-15T16:00:56.139Z]     HEAD is now at 703bd9ca Googletest export
[2024-01-15T16:00:56.139Z]     [3/8] Performing update step for 'googletest'
[2024-01-15T16:00:56.139Z]     [4/8] No patch step for 'googletest'
[2024-01-15T16:00:56.667Z]     [5/8] Performing configure step for 'googletest'
[2024-01-15T16:00:56.667Z]     Not searching for unused variables given on the command line.
[2024-01-15T16:00:56.667Z]     CMake Deprecation Warning at CMakeLists.txt:4 (cmake_minimum_required):
[2024-01-15T16:00:56.667Z]       Compatibility with CMake < 2.8.12 will be removed from a future version of
[2024-01-15T16:00:56.667Z]       CMake.
[2024-01-15T16:00:56.667Z]     
[2024-01-15T16:00:56.667Z]       Update the VERSION argument <min> value or use a ...<max> suffix to tell
[2024-01-15T16:00:56.667Z]       CMake that the project does not need compatibility with older versions.
[2024-01-15T16:00:56.667Z]     
[2024-01-15T16:00:56.667Z]     
[2024-01-15T16:00:56.667Z]     -- The C compiler identification is AppleClang 13.1.6.13160021
[2024-01-15T16:00:56.667Z]     -- The CXX compiler identification is AppleClang 13.1.6.13160021
[2024-01-15T16:00:56.667Z]     -- Detecting C compiler ABI info
[2024-01-15T16:00:56.667Z]     -- Detecting C compiler ABI info - done
[2024-01-15T16:00:56.667Z]     -- Check for working C compiler: /Applications/Xcode.app/Contents/Developer/Toolchains/XcodeDefault.xctoolchain/usr/bin/cc - skipped
[2024-01-15T16:00:56.667Z]     -- Detecting C compile features
[2024-01-15T16:00:56.667Z]     -- Detecting C compile features - done
[2024-01-15T16:00:56.667Z]     -- Detecting CXX compiler ABI info
[2024-01-15T16:00:56.667Z]     -- Detecting CXX compiler ABI info - done
[2024-01-15T16:00:56.667Z]     -- Check for working CXX compiler: /Applications/Xcode.app/Contents/Developer/Toolchains/XcodeDefault.xctoolchain/usr/bin/c++ - skipped
[2024-01-15T16:00:56.667Z]     -- Detecting CXX compile features
[2024-01-15T16:00:56.667Z]     -- Detecting CXX compile features - done
[2024-01-15T16:00:56.667Z]     CMake Deprecation Warning at googletest/CMakeLists.txt:56 (cmake_minimum_required):
[2024-01-15T16:00:56.667Z]       Compatibility with CMake < 2.8.12 will be removed from a future version of
[2024-01-15T16:00:56.667Z]       CMake.
[2024-01-15T16:00:56.667Z]     
[2024-01-15T16:00:56.667Z]       Update the VERSION argument <min> value or use a ...<max> suffix to tell
[2024-01-15T16:00:56.667Z]       CMake that the project does not need compatibility with older versions.
[2024-01-15T16:00:56.667Z]     
[2024-01-15T16:00:56.667Z]     
[2024-01-15T16:00:56.667Z]     -- Found PythonInterp: /usr/local/bin/python (found version "3.10.8")
[2024-01-15T16:00:56.667Z]     -- Looking for pthread.h
[2024-01-15T16:00:56.667Z]     -- Looking for pthread.h - found
[2024-01-15T16:00:56.667Z]     -- Performing Test CMAKE_HAVE_LIBC_PTHREAD
[2024-01-15T16:00:56.667Z]     -- Performing Test CMAKE_HAVE_LIBC_PTHREAD - Success
[2024-01-15T16:00:56.667Z]     -- Found Threads: TRUE
[2024-01-15T16:00:56.667Z]     -- Configuring done
[2024-01-15T16:00:56.667Z]     -- Generating done
[2024-01-15T16:00:56.667Z]     -- Build files have been written to: /Volumes/DATA/local/S/jenkins/workspace/ECP/ecg-maya-hydra/ecg-maya-hydra-branch-preflight-python3-osx/build/Debug/googletest-build
[2024-01-15T16:00:59.116Z]     [6/8] Performing build step for 'googletest'
[2024-01-15T16:00:59.116Z]     [1/4] Building CXX object googletest/CMakeFiles/gtest_main.dir/src/gtest_main.cc.o
[2024-01-15T16:00:59.116Z]     [2/4] Building CXX object googletest/CMakeFiles/gtest.dir/src/gtest-all.cc.o
[2024-01-15T16:00:59.116Z]     [3/4] Linking CXX shared library lib/libgtestd.dylib
[2024-01-15T16:00:59.116Z]     [4/4] Linking CXX shared library lib/libgtest_maind.dylib
[2024-01-15T16:00:59.116Z]     [7/8] Performing install step for 'googletest'
[2024-01-15T16:00:59.116Z]     [0/1] Install the project...
[2024-01-15T16:00:59.116Z]     -- Install configuration: "Debug"
[2024-01-15T16:00:59.116Z]     [8/8] Completed 'googletest'
[2024-01-15T16:00:59.116Z]     -- ========== ...  GoogleTest installed. ==========
[2024-01-15T16:00:59.116Z]     -- Found GTest: /Volumes/DATA/local/S/jenkins/workspace/ECP/ecg-maya-hydra/ecg-maya-hydra-branch-preflight-python3-osx/build/Debug/googletest-install/lib/libgtestd.dylib
[2024-01-15T16:00:59.116Z]     -- promoting: /Volumes/DATA/local/S/jenkins/workspace/ECP/ecg-maya-hydra/ecg-maya-hydra-branch-preflight-python3-osx/ecg-maya-hydra/maya-hydra/lib/mayaHydra/mayaPlugin/pluginUtils.h
[2024-01-15T16:00:59.116Z]     CMake Warning at lib/mayaHydra/hydraExtensions/CMakeLists.txt:122 (message):
[2024-01-15T16:00:59.117Z]       Could not find mayaUsdAPI library.
[2024-01-15T16:00:59.117Z]     
[2024-01-15T16:00:59.117Z]     
[2024-01-15T16:00:59.117Z]     -- promoting: /Volumes/DATA/local/S/jenkins/workspace/ECP/ecg-maya-hydra/ecg-maya-hydra-branch-preflight-python3-osx/ecg-maya-hydra/maya-hydra/lib/mayaHydra/hydraExtensions/api.h
[2024-01-15T16:00:59.117Z]     -- promoting: /Volumes/DATA/local/S/jenkins/workspace/ECP/ecg-maya-hydra/ecg-maya-hydra-branch-preflight-python3-osx/ecg-maya-hydra/maya-hydra/lib/mayaHydra/hydraExtensions/debugCodes.h
[2024-01-15T16:00:59.117Z]     -- promoting: /Volumes/DATA/local/S/jenkins/workspace/ECP/ecg-maya-hydra/ecg-maya-hydra-branch-preflight-python3-osx/ecg-maya-hydra/maya-hydra/lib/mayaHydra/hydraExtensions/hydraUtils.h
[2024-01-15T16:00:59.117Z]     -- promoting: /Volumes/DATA/local/S/jenkins/workspace/ECP/ecg-maya-hydra/ecg-maya-hydra-branch-preflight-python3-osx/ecg-maya-hydra/maya-hydra/lib/mayaHydra/hydraExtensions/mayaHydraLibInterface.h
[2024-01-15T16:00:59.117Z]     -- promoting: /Volumes/DATA/local/S/jenkins/workspace/ECP/ecg-maya-hydra/ecg-maya-hydra-branch-preflight-python3-osx/ecg-maya-hydra/maya-hydra/lib/mayaHydra/hydraExtensions/mayaHydraLibInterfaceImp.h
[2024-01-15T16:00:59.117Z]     -- promoting: /Volumes/DATA/local/S/jenkins/workspace/ECP/ecg-maya-hydra/ecg-maya-hydra-branch-preflight-python3-osx/ecg-maya-hydra/maya-hydra/lib/mayaHydra/hydraExtensions/mayaUtils.h
[2024-01-15T16:00:59.117Z]     -- promoting: /Volumes/DATA/local/S/jenkins/workspace/ECP/ecg-maya-hydra/ecg-maya-hydra-branch-preflight-python3-osx/ecg-maya-hydra/maya-hydra/lib/mayaHydra/hydraExtensions/mixedUtils.h
[2024-01-15T16:00:59.117Z]     -- promoting: /Volumes/DATA/local/S/jenkins/workspace/ECP/ecg-maya-hydra/ecg-maya-hydra-branch-preflight-python3-osx/ecg-maya-hydra/maya-hydra/lib/mayaHydra/hydraExtensions/mayaHydraSceneProducer.h
[2024-01-15T16:00:59.117Z]     -- promoting: /Volumes/DATA/local/S/jenkins/workspace/ECP/ecg-maya-hydra/ecg-maya-hydra-branch-preflight-python3-osx/ecg-maya-hydra/maya-hydra/lib/mayaHydra/hydraExtensions/adapters/adapter.h
[2024-01-15T16:00:59.117Z]     -- promoting: /Volumes/DATA/local/S/jenkins/workspace/ECP/ecg-maya-hydra/ecg-maya-hydra-branch-preflight-python3-osx/ecg-maya-hydra/maya-hydra/lib/mayaHydra/hydraExtensions/adapters/adapterDebugCodes.h
[2024-01-15T16:00:59.117Z]     -- promoting: /Volumes/DATA/local/S/jenkins/workspace/ECP/ecg-maya-hydra/ecg-maya-hydra-branch-preflight-python3-osx/ecg-maya-hydra/maya-hydra/lib/mayaHydra/hydraExtensions/adapters/adapterRegistry.h
[2024-01-15T16:00:59.117Z]     -- promoting: /Volumes/DATA/local/S/jenkins/workspace/ECP/ecg-maya-hydra/ecg-maya-hydra-branch-preflight-python3-osx/ecg-maya-hydra/maya-hydra/lib/mayaHydra/hydraExtensions/adapters/cameraAdapter.h
[2024-01-15T16:00:59.117Z]     -- promoting: /Volumes/DATA/local/S/jenkins/workspace/ECP/ecg-maya-hydra/ecg-maya-hydra-branch-preflight-python3-osx/ecg-maya-hydra/maya-hydra/lib/mayaHydra/hydraExtensions/adapters/constantShadowMatrix.h
[2024-01-15T16:00:59.117Z]     -- promoting: /Volumes/DATA/local/S/jenkins/workspace/ECP/ecg-maya-hydra/ecg-maya-hydra-branch-preflight-python3-osx/ecg-maya-hydra/maya-hydra/lib/mayaHydra/hydraExtensions/adapters/dagAdapter.h
[2024-01-15T16:00:59.117Z]     -- promoting: /Volumes/DATA/local/S/jenkins/workspace/ECP/ecg-maya-hydra/ecg-maya-hydra-branch-preflight-python3-osx/ecg-maya-hydra/maya-hydra/lib/mayaHydra/hydraExtensions/adapters/renderItemAdapter.h
[2024-01-15T16:00:59.117Z]     -- promoting: /Volumes/DATA/local/S/jenkins/workspace/ECP/ecg-maya-hydra/ecg-maya-hydra-branch-preflight-python3-osx/ecg-maya-hydra/maya-hydra/lib/mayaHydra/hydraExtensions/adapters/lightAdapter.h
[2024-01-15T16:00:59.117Z]     -- promoting: /Volumes/DATA/local/S/jenkins/workspace/ECP/ecg-maya-hydra/ecg-maya-hydra-branch-preflight-python3-osx/ecg-maya-hydra/maya-hydra/lib/mayaHydra/hydraExtensions/adapters/materialAdapter.h
[2024-01-15T16:00:59.117Z]     -- promoting: /Volumes/DATA/local/S/jenkins/workspace/ECP/ecg-maya-hydra/ecg-maya-hydra-branch-preflight-python3-osx/ecg-maya-hydra/maya-hydra/lib/mayaHydra/hydraExtensions/adapters/materialNetworkConverter.h
[2024-01-15T16:00:59.117Z]     -- promoting: /Volumes/DATA/local/S/jenkins/workspace/ECP/ecg-maya-hydra/ecg-maya-hydra-branch-preflight-python3-osx/ecg-maya-hydra/maya-hydra/lib/mayaHydra/hydraExtensions/adapters/mayaAttrs.h
[2024-01-15T16:00:59.117Z]     -- promoting: /Volumes/DATA/local/S/jenkins/workspace/ECP/ecg-maya-hydra/ecg-maya-hydra-branch-preflight-python3-osx/ecg-maya-hydra/maya-hydra/lib/mayaHydra/hydraExtensions/adapters/shapeAdapter.h
[2024-01-15T16:00:59.117Z]     -- promoting: /Volumes/DATA/local/S/jenkins/workspace/ECP/ecg-maya-hydra/ecg-maya-hydra-branch-preflight-python3-osx/ecg-maya-hydra/maya-hydra/lib/mayaHydra/hydraExtensions/adapters/tokens.h
[2024-01-15T16:00:59.117Z]     -- promoting: /Volumes/DATA/local/S/jenkins/workspace/ECP/ecg-maya-hydra/ecg-maya-hydra-branch-preflight-python3-osx/ecg-maya-hydra/maya-hydra/lib/mayaHydra/hydraExtensions/delegates/delegate.h
[2024-01-15T16:00:59.117Z]     -- promoting: /Volumes/DATA/local/S/jenkins/workspace/ECP/ecg-maya-hydra/ecg-maya-hydra-branch-preflight-python3-osx/ecg-maya-hydra/maya-hydra/lib/mayaHydra/hydraExtensions/delegates/delegateCtx.h
[2024-01-15T16:00:59.117Z]     -- promoting: /Volumes/DATA/local/S/jenkins/workspace/ECP/ecg-maya-hydra/ecg-maya-hydra-branch-preflight-python3-osx/ecg-maya-hydra/maya-hydra/lib/mayaHydra/hydraExtensions/delegates/delegateDebugCodes.h
[2024-01-15T16:00:59.117Z]     -- promoting: /Volumes/DATA/local/S/jenkins/workspace/ECP/ecg-maya-hydra/ecg-maya-hydra-branch-preflight-python3-osx/ecg-maya-hydra/maya-hydra/lib/mayaHydra/hydraExtensions/delegates/delegateRegistry.h
[2024-01-15T16:00:59.117Z]     -- promoting: /Volumes/DATA/local/S/jenkins/workspace/ECP/ecg-maya-hydra/ecg-maya-hydra-branch-preflight-python3-osx/ecg-maya-hydra/maya-hydra/lib/mayaHydra/hydraExtensions/delegates/params.h
[2024-01-15T16:00:59.117Z]     -- promoting: /Volumes/DATA/local/S/jenkins/workspace/ECP/ecg-maya-hydra/ecg-maya-hydra-branch-preflight-python3-osx/ecg-maya-hydra/maya-hydra/lib/mayaHydra/hydraExtensions/delegates/sceneDelegate.h
[2024-01-15T16:00:59.117Z]     -- promoting: /Volumes/DATA/local/S/jenkins/workspace/ECP/ecg-maya-hydra/ecg-maya-hydra-branch-preflight-python3-osx/ecg-maya-hydra/maya-hydra/lib/mayaHydra/hydraExtensions/delegates/defaultLightDelegate.h
[2024-01-15T16:00:59.117Z]     -- promoting: /Volumes/DATA/local/S/jenkins/workspace/ECP/ecg-maya-hydra/ecg-maya-hydra-branch-preflight-python3-osx/ecg-maya-hydra/maya-hydra/lib/mayaHydra/hydraExtensions/delegates/testDelegate.h
[2024-01-15T16:00:59.117Z]     -- promoting: /Volumes/DATA/local/S/jenkins/workspace/ECP/ecg-maya-hydra/ecg-maya-hydra-branch-preflight-python3-osx/ecg-maya-hydra/maya-hydra/lib/mayaHydra/hydraExtensions/sceneIndex/registration.h
[2024-01-15T16:00:59.117Z]     -- promoting: /Volumes/DATA/local/S/jenkins/workspace/ECP/ecg-maya-hydra/ecg-maya-hydra-branch-preflight-python3-osx/ecg-maya-hydra/maya-hydra/lib/mayaHydra/hydraExtensions/sceneIndex/mayaHydraSceneIndex.h
[2024-01-15T16:00:59.117Z]     -- promoting: /Volumes/DATA/local/S/jenkins/workspace/ECP/ecg-maya-hydra/ecg-maya-hydra-branch-preflight-python3-osx/ecg-maya-hydra/maya-hydra/lib/mayaHydra/hydraExtensions/sceneIndex/mayaHydraDataSource.h
[2024-01-15T16:00:59.117Z]     -- promoting: /Volumes/DATA/local/S/jenkins/workspace/ECP/ecg-maya-hydra/ecg-maya-hydra-branch-preflight-python3-osx/ecg-maya-hydra/maya-hydra/lib/mayaHydra/hydraExtensions/sceneIndex/mayaHydraPrimvarDataSource.h
[2024-01-15T16:00:59.117Z]     -- promoting: /Volumes/DATA/local/S/jenkins/workspace/ECP/ecg-maya-hydra/ecg-maya-hydra-branch-preflight-python3-osx/ecg-maya-hydra/maya-hydra/lib/mayaHydra/hydraExtensions/sceneIndex/mayaHydraDisplayStyleDataSource.h
[2024-01-15T16:00:59.117Z]     -- promoting: /Volumes/DATA/local/S/jenkins/workspace/ECP/ecg-maya-hydra/ecg-maya-hydra-branch-preflight-python3-osx/ecg-maya-hydra/maya-hydra/lib/mayaHydra/hydraExtensions/sceneIndex/mayaHydraCameraDataSource.h
[2024-01-15T16:00:59.117Z]     -- promoting: /Volumes/DATA/local/S/jenkins/workspace/ECP/ecg-maya-hydra/ecg-maya-hydra-branch-preflight-python3-osx/ecg-maya-hydra/maya-hydra/lib/mayaHydra/hydraExtensions/sceneIndex/mayaHydraLightDataSource.h
[2024-01-15T16:00:59.117Z]     -- promoting: /Volumes/DATA/local/S/jenkins/workspace/ECP/ecg-maya-hydra/ecg-maya-hydra-branch-preflight-python3-osx/ecg-maya-hydra/maya-hydra/lib/mayaHydra/hydraExtensions/sceneIndex/mayaHydraDefaultLightDataSource.h
[2024-01-15T16:00:59.117Z]     -- promoting: /Volumes/DATA/local/S/jenkins/workspace/ECP/ecg-maya-hydra/ecg-maya-hydra-branch-preflight-python3-osx/ecg-maya-hydra/maya-hydra/lib/mayaHydra/hydraExtensions/sceneIndex/mayaHydraMayaDataProducerSceneIndexData.h
[2024-01-15T16:00:59.117Z]     -- promoting: /Volumes/DATA/local/S/jenkins/workspace/ECP/ecg-maya-hydra/ecg-maya-hydra-branch-preflight-python3-osx/ecg-maya-hydra/maya-hydra/lib/mayaHydra/hydraExtensions/sceneIndex/mayaHydraMayaDataProducerSceneIndexDataConcreteFactory.h
[2024-01-15T16:00:59.117Z]     -- promoting: /Volumes/DATA/local/S/jenkins/workspace/ECP/ecg-maya-hydra/ecg-maya-hydra-branch-preflight-python3-osx/ecg-maya-hydra/maya-hydra/lib/mayaHydra/hydraExtensions/sceneIndex/mayaHydraSceneIndexDataFactoriesSetup.h
[2024-01-15T16:00:59.117Z]     -- promoting: /Volumes/DATA/local/S/jenkins/workspace/ECP/ecg-maya-hydra/ecg-maya-hydra-branch-preflight-python3-osx/ecg-maya-hydra/maya-hydra/lib/mayaHydra/hydraExtensions/sceneIndex/mayaHydraMayaFilteringSceneIndexData.h
[2024-01-15T16:00:59.117Z]     -- promoting: /Volumes/DATA/local/S/jenkins/workspace/ECP/ecg-maya-hydra/ecg-maya-hydra-branch-preflight-python3-osx/ecg-maya-hydra/maya-hydra/lib/mayaHydra/hydraExtensions/sceneIndex/mayaHydraMayaFilteringSceneIndexDataConcreteFactory.h
[2024-01-15T16:00:59.117Z]     -- promoting: /Volumes/DATA/local/S/jenkins/workspace/ECP/ecg-maya-hydra/ecg-maya-hydra-branch-preflight-python3-osx/ecg-maya-hydra/maya-hydra/lib/mayaHydra/hydraExtensions/sceneIndex/mayaHydraMayaUsdProxyShapeSceneIndex.h
[2024-01-15T16:00:59.117Z]     -- promoting: /Volumes/DATA/local/S/jenkins/workspace/ECP/ecg-maya-hydra/ecg-maya-hydra-branch-preflight-python3-osx/ecg-maya-hydra/maya-hydra/lib/mayaHydra/ufeExtensions/api.h
[2024-01-15T16:00:59.117Z]     -- promoting: /Volumes/DATA/local/S/jenkins/workspace/ECP/ecg-maya-hydra/ecg-maya-hydra-branch-preflight-python3-osx/ecg-maya-hydra/maya-hydra/lib/mayaHydra/ufeExtensions/Global.h
[2024-01-15T16:00:59.117Z]     -- promoting: /Volumes/DATA/local/S/jenkins/workspace/ECP/ecg-maya-hydra/ecg-maya-hydra-branch-preflight-python3-osx/ecg-maya-hydra/maya-hydra/lib/flowViewport/api.h
[2024-01-15T16:00:59.117Z]     -- promoting: /Volumes/DATA/local/S/jenkins/workspace/ECP/ecg-maya-hydra/ecg-maya-hydra-branch-preflight-python3-osx/ecg-maya-hydra/maya-hydra/lib/flowViewport/debugCodes.h
[2024-01-15T16:00:59.117Z]     -- promoting: /Volumes/DATA/local/S/jenkins/workspace/ECP/ecg-maya-hydra/ecg-maya-hydra-branch-preflight-python3-osx/ecg-maya-hydra/maya-hydra/lib/flowViewport/global.h
[2024-01-15T16:00:59.117Z]     -- promoting: /Volumes/DATA/local/S/jenkins/workspace/ECP/ecg-maya-hydra/ecg-maya-hydra-branch-preflight-python3-osx/ecg-maya-hydra/maya-hydra/lib/flowViewport/tokens.h
[2024-01-15T16:00:59.117Z]     -- promoting: /Volumes/DATA/local/S/jenkins/workspace/ECP/ecg-maya-hydra/ecg-maya-hydra-branch-preflight-python3-osx/ecg-maya-hydra/maya-hydra/lib/flowViewport/colorPreferences/fvpColorChanged.h
[2024-01-15T16:00:59.117Z]     -- promoting: /Volumes/DATA/local/S/jenkins/workspace/ECP/ecg-maya-hydra/ecg-maya-hydra-branch-preflight-python3-osx/ecg-maya-hydra/maya-hydra/lib/flowViewport/colorPreferences/fvpColorPreferences.h
[2024-01-15T16:00:59.117Z]     -- promoting: /Volumes/DATA/local/S/jenkins/workspace/ECP/ecg-maya-hydra/ecg-maya-hydra-branch-preflight-python3-osx/ecg-maya-hydra/maya-hydra/lib/flowViewport/colorPreferences/fvpColorPreferencesTokens.h
[2024-01-15T16:00:59.117Z]     -- promoting: /Volumes/DATA/local/S/jenkins/workspace/ECP/ecg-maya-hydra/ecg-maya-hydra-branch-preflight-python3-osx/ecg-maya-hydra/maya-hydra/lib/flowViewport/colorPreferences/fvpColorPreferencesTranslator.h
[2024-01-15T16:00:59.117Z]     -- promoting: /Volumes/DATA/local/S/jenkins/workspace/ECP/ecg-maya-hydra/ecg-maya-hydra-branch-preflight-python3-osx/ecg-maya-hydra/maya-hydra/lib/flowViewport/sceneIndex/fvpMergingSceneIndex.h
[2024-01-15T16:00:59.117Z]     -- promoting: /Volumes/DATA/local/S/jenkins/workspace/ECP/ecg-maya-hydra/ecg-maya-hydra-branch-preflight-python3-osx/ecg-maya-hydra/maya-hydra/lib/flowViewport/sceneIndex/fvpPathInterface.h
[2024-01-15T16:00:59.117Z]     -- promoting: /Volumes/DATA/local/S/jenkins/workspace/ECP/ecg-maya-hydra/ecg-maya-hydra-branch-preflight-python3-osx/ecg-maya-hydra/maya-hydra/lib/flowViewport/sceneIndex/fvpPathInterfaceSceneIndex.h
[2024-01-15T16:00:59.117Z]     -- promoting: /Volumes/DATA/local/S/jenkins/workspace/ECP/ecg-maya-hydra/ecg-maya-hydra-branch-preflight-python3-osx/ecg-maya-hydra/maya-hydra/lib/flowViewport/sceneIndex/fvpRenderIndexProxy.h
[2024-01-15T16:00:59.117Z]     -- promoting: /Volumes/DATA/local/S/jenkins/workspace/ECP/ecg-maya-hydra/ecg-maya-hydra-branch-preflight-python3-osx/ecg-maya-hydra/maya-hydra/lib/flowViewport/sceneIndex/fvpRenderIndexProxyFwd.h
[2024-01-15T16:00:59.117Z]     -- promoting: /Volumes/DATA/local/S/jenkins/workspace/ECP/ecg-maya-hydra/ecg-maya-hydra-branch-preflight-python3-osx/ecg-maya-hydra/maya-hydra/lib/flowViewport/sceneIndex/fvpSelectionSceneIndex.h
[2024-01-15T16:00:59.117Z]     -- promoting: /Volumes/DATA/local/S/jenkins/workspace/ECP/ecg-maya-hydra/ecg-maya-hydra-branch-preflight-python3-osx/ecg-maya-hydra/maya-hydra/lib/flowViewport/sceneIndex/fvpWireframeSelectionHighlightSceneIndex.h
[2024-01-15T16:00:59.117Z]     -- promoting: /Volumes/DATA/local/S/jenkins/workspace/ECP/ecg-maya-hydra/ecg-maya-hydra-branch-preflight-python3-osx/ecg-maya-hydra/maya-hydra/lib/flowViewport/sceneIndex/fvpParentDataModifierSceneIndex.h
[2024-01-15T16:00:59.117Z]     -- promoting: /Volumes/DATA/local/S/jenkins/workspace/ECP/ecg-maya-hydra/ecg-maya-hydra-branch-preflight-python3-osx/ecg-maya-hydra/maya-hydra/lib/flowViewport/API/fvpSelectionClient.h
[2024-01-15T16:00:59.117Z]     -- promoting: /Volumes/DATA/local/S/jenkins/workspace/ECP/ecg-maya-hydra/ecg-maya-hydra-branch-preflight-python3-osx/ecg-maya-hydra/maya-hydra/lib/flowViewport/API/fvpSelectionInterface.h
[2024-01-15T16:00:59.117Z]     -- promoting: /Volumes/DATA/local/S/jenkins/workspace/ECP/ecg-maya-hydra/ecg-maya-hydra-branch-preflight-python3-osx/ecg-maya-hydra/maya-hydra/lib/flowViewport/API/fvpVersionInterface.h
[2024-01-15T16:00:59.117Z]     -- promoting: /Volumes/DATA/local/S/jenkins/workspace/ECP/ecg-maya-hydra/ecg-maya-hydra-branch-preflight-python3-osx/ecg-maya-hydra/maya-hydra/lib/flowViewport/API/fvpInformationInterface.h
[2024-01-15T16:00:59.117Z]     -- promoting: /Volumes/DATA/local/S/jenkins/workspace/ECP/ecg-maya-hydra/ecg-maya-hydra-branch-preflight-python3-osx/ecg-maya-hydra/maya-hydra/lib/flowViewport/API/fvpInformationClient.h
[2024-01-15T16:00:59.117Z]     -- promoting: /Volumes/DATA/local/S/jenkins/workspace/ECP/ecg-maya-hydra/ecg-maya-hydra-branch-preflight-python3-osx/ecg-maya-hydra/maya-hydra/lib/flowViewport/API/fvpDataProducerSceneIndexInterface.h
[2024-01-15T16:00:59.117Z]     -- promoting: /Volumes/DATA/local/S/jenkins/workspace/ECP/ecg-maya-hydra/ecg-maya-hydra-branch-preflight-python3-osx/ecg-maya-hydra/maya-hydra/lib/flowViewport/API/fvpFilteringSceneIndexClient.h
[2024-01-15T16:00:59.117Z]     -- promoting: /Volumes/DATA/local/S/jenkins/workspace/ECP/ecg-maya-hydra/ecg-maya-hydra-branch-preflight-python3-osx/ecg-maya-hydra/maya-hydra/lib/flowViewport/API/fvpFilteringSceneIndexClientFwd.h
[2024-01-15T16:00:59.117Z]     -- promoting: /Volumes/DATA/local/S/jenkins/workspace/ECP/ecg-maya-hydra/ecg-maya-hydra-branch-preflight-python3-osx/ecg-maya-hydra/maya-hydra/lib/flowViewport/API/fvpFilteringSceneIndexInterface.h
[2024-01-15T16:00:59.117Z]     -- promoting: /Volumes/DATA/local/S/jenkins/workspace/ECP/ecg-maya-hydra/ecg-maya-hydra-branch-preflight-python3-osx/ecg-maya-hydra/maya-hydra/lib/flowViewport/API/fvpViewportAPITokens.h
[2024-01-15T16:00:59.117Z]     -- promoting: /Volumes/DATA/local/S/jenkins/workspace/ECP/ecg-maya-hydra/ecg-maya-hydra-branch-preflight-python3-osx/ecg-maya-hydra/maya-hydra/lib/flowViewport/API/interfacesImp/fvpSelectionInterfaceImp.h
[2024-01-15T16:00:59.117Z]     -- promoting: /Volumes/DATA/local/S/jenkins/workspace/ECP/ecg-maya-hydra/ecg-maya-hydra-branch-preflight-python3-osx/ecg-maya-hydra/maya-hydra/lib/flowViewport/API/interfacesImp/fvpVersionInterfaceImp.h
[2024-01-15T16:00:59.117Z]     -- promoting: /Volumes/DATA/local/S/jenkins/workspace/ECP/ecg-maya-hydra/ecg-maya-hydra-branch-preflight-python3-osx/ecg-maya-hydra/maya-hydra/lib/flowViewport/API/interfacesImp/fvpInformationInterfaceImp.h
[2024-01-15T16:00:59.117Z]     -- promoting: /Volumes/DATA/local/S/jenkins/workspace/ECP/ecg-maya-hydra/ecg-maya-hydra-branch-preflight-python3-osx/ecg-maya-hydra/maya-hydra/lib/flowViewport/API/interfacesImp/fvpDataProducerSceneIndexInterfaceImp.h
[2024-01-15T16:00:59.117Z]     -- promoting: /Volumes/DATA/local/S/jenkins/workspace/ECP/ecg-maya-hydra/ecg-maya-hydra-branch-preflight-python3-osx/ecg-maya-hydra/maya-hydra/lib/flowViewport/API/interfacesImp/fvpFilteringSceneIndexInterfaceImp.h
[2024-01-15T16:00:59.117Z]     -- promoting: /Volumes/DATA/local/S/jenkins/workspace/ECP/ecg-maya-hydra/ecg-maya-hydra-branch-preflight-python3-osx/ecg-maya-hydra/maya-hydra/lib/flowViewport/API/samples/fvpSelectionClientExample.h
[2024-01-15T16:00:59.117Z]     -- promoting: /Volumes/DATA/local/S/jenkins/workspace/ECP/ecg-maya-hydra/ecg-maya-hydra-branch-preflight-python3-osx/ecg-maya-hydra/maya-hydra/lib/flowViewport/API/samples/fvpInformationClientExample.h
[2024-01-15T16:00:59.117Z]     -- promoting: /Volumes/DATA/local/S/jenkins/workspace/ECP/ecg-maya-hydra/ecg-maya-hydra-branch-preflight-python3-osx/ecg-maya-hydra/maya-hydra/lib/flowViewport/API/samples/fvpDataProducerSceneIndexExample.h
[2024-01-15T16:00:59.117Z]     -- promoting: /Volumes/DATA/local/S/jenkins/workspace/ECP/ecg-maya-hydra/ecg-maya-hydra-branch-preflight-python3-osx/ecg-maya-hydra/maya-hydra/lib/flowViewport/API/samples/fvpFilteringSceneIndexExample.h
[2024-01-15T16:00:59.117Z]     -- promoting: /Volumes/DATA/local/S/jenkins/workspace/ECP/ecg-maya-hydra/ecg-maya-hydra-branch-preflight-python3-osx/ecg-maya-hydra/maya-hydra/lib/flowViewport/API/samples/fvpFilteringSceneIndexClientExample.h
[2024-01-15T16:00:59.117Z]     -- promoting: /Volumes/DATA/local/S/jenkins/workspace/ECP/ecg-maya-hydra/ecg-maya-hydra-branch-preflight-python3-osx/ecg-maya-hydra/maya-hydra/lib/flowViewport/API/perViewportSceneIndicesData/fvpViewportInformationAndSceneIndicesPerViewportData.h
[2024-01-15T16:00:59.117Z]     -- promoting: /Volumes/DATA/local/S/jenkins/workspace/ECP/ecg-maya-hydra/ecg-maya-hydra-branch-preflight-python3-osx/ecg-maya-hydra/maya-hydra/lib/flowViewport/API/perViewportSceneIndicesData/fvpViewportInformationAndSceneIndicesPerViewportDataManager.h
[2024-01-15T16:00:59.117Z]     -- promoting: /Volumes/DATA/local/S/jenkins/workspace/ECP/ecg-maya-hydra/ecg-maya-hydra-branch-preflight-python3-osx/ecg-maya-hydra/maya-hydra/lib/flowViewport/API/perViewportSceneIndicesData/fvpDataProducerSceneIndexDataAbstractFactory.h
[2024-01-15T16:00:59.117Z]     -- promoting: /Volumes/DATA/local/S/jenkins/workspace/ECP/ecg-maya-hydra/ecg-maya-hydra-branch-preflight-python3-osx/ecg-maya-hydra/maya-hydra/lib/flowViewport/API/perViewportSceneIndicesData/fvpDataProducerSceneIndexDataBase.h
[2024-01-15T16:00:59.117Z]     -- promoting: /Volumes/DATA/local/S/jenkins/workspace/ECP/ecg-maya-hydra/ecg-maya-hydra-branch-preflight-python3-osx/ecg-maya-hydra/maya-hydra/lib/flowViewport/API/perViewportSceneIndicesData/fvpFilteringSceneIndexDataAbstractFactory.h
[2024-01-15T16:00:59.117Z]     -- promoting: /Volumes/DATA/local/S/jenkins/workspace/ECP/ecg-maya-hydra/ecg-maya-hydra-branch-preflight-python3-osx/ecg-maya-hydra/maya-hydra/lib/flowViewport/API/perViewportSceneIndicesData/fvpFilteringSceneIndexDataBase.h
[2024-01-15T16:00:59.117Z]     -- promoting: /Volumes/DATA/local/S/jenkins/workspace/ECP/ecg-maya-hydra/ecg-maya-hydra-branch-preflight-python3-osx/ecg-maya-hydra/maya-hydra/lib/flowViewport/API/perViewportSceneIndicesData/fvpFilteringSceneIndicesChainManager.h
[2024-01-15T16:00:59.117Z]     -- promoting: /Volumes/DATA/local/S/jenkins/workspace/ECP/ecg-maya-hydra/ecg-maya-hydra-branch-preflight-python3-osx/ecg-maya-hydra/maya-hydra/lib/flowViewport/selection/fvpSelection.h
[2024-01-15T16:00:59.117Z]     -- promoting: /Volumes/DATA/local/S/jenkins/workspace/ECP/ecg-maya-hydra/ecg-maya-hydra-branch-preflight-python3-osx/ecg-maya-hydra/maya-hydra/lib/flowViewport/selection/fvpSelectionFwd.h
[2024-01-15T16:00:59.117Z]     -- promoting: /Volumes/DATA/local/S/jenkins/workspace/ECP/ecg-maya-hydra/ecg-maya-hydra-branch-preflight-python3-osx/ecg-maya-hydra/maya-hydra/lib/flowViewport/selection/fvpSelectionTask.h
[2024-01-15T16:00:59.117Z]     -- promoting: /Volumes/DATA/local/S/jenkins/workspace/ECP/ecg-maya-hydra/ecg-maya-hydra-branch-preflight-python3-osx/ecg-maya-hydra/maya-hydra/lib/flowViewport/selection/fvpSelectionTracker.h
[2024-01-15T16:01:00.222Z]     -- Configuring done
[2024-01-15T16:01:00.222Z]     CMake Error: The following variables are used in this project, but they are set to NOTFOUND.
[2024-01-15T16:01:00.222Z]     Please set them or make sure they are set and tested correctly in the CMake files:
[2024-01-15T16:01:00.222Z]     MAYAUSD_API_LIBRARY
[2024-01-15T16:01:00.222Z]         linked by target "mayaHydraLib" in directory /Volumes/DATA/local/S/jenkins/workspace/ECP/ecg-maya-hydra/ecg-maya-hydra-branch-preflight-python3-osx/ecg-maya-hydra/maya-hydra/lib/mayaHydra/hydraExtensions
[2024-01-15T16:01:00.222Z]     
[2024-01-15T16:01:00.749Z]     -- Generating done
[2024-01-15T16:01:00.749Z]     CMake Generate step failed.  Build files cannot be regenerated correctly.
[2024-01-15T16:01:00.749Z]     
[2024-01-15T16:01:00.749Z]         Building with settings:
[2024-01-15T16:01:00.749Z]           Source directory          /Volumes/DATA/local/S/jenkins/workspace/ECP/ecg-maya-hydra/ecg-maya-hydra-branch-preflight-python3-osx/ecg-maya-hydra/maya-hydra
[2024-01-15T16:01:00.749Z]           Workspace directory       /local/S/jenkins/workspace/ECP/ecg-maya-hydra/ecg-maya-hydra-branch-preflight-python3-osx
[2024-01-15T16:01:00.749Z]           Build directory           /local/S/jenkins/workspace/ECP/ecg-maya-hydra/ecg-maya-hydra-branch-preflight-python3-osx/build/Debug
[2024-01-15T16:01:00.749Z]           Install directory         /local/S/jenkins/workspace/ECP/ecg-maya-hydra/ecg-maya-hydra-branch-preflight-python3-osx/install/Debug/MayaHydra
[2024-01-15T16:01:00.749Z]           Variant                   Debug
[2024-01-15T16:01:00.749Z]           Python Debug              Off
[2024-01-15T16:01:00.749Z]           CMake generator           Ninja
[2024-01-15T16:01:00.749Z]           Build arguments           ['-DCMAKE_MAKE_PROGRAM=/local/S/jenkins/workspace/shared/Artifactory/OSX/ninja/1.10.2/95d0ca5/ninja', '-DPYTHON_INCLUDE_DIR=/local/S/jenkins/workspace/shared/Artifactory/OSX/rundev-master-debug/202401131544/runtime/ce3bf99/runTime/Maya.app/Contents/Frameworks/Python.framework/Versions/Current/include/python3.11', '-DPython_EXECUTABLE=/local/S/jenkins/workspace/shared/Artifactory/OSX/rundev-master-debug/202401131544/runtime/ce3bf99/runTime/Maya.app/Contents/bin/mayapy', '-DPYTHON_LIBRARIES=/local/S/jenkins/workspace/shared/Artifactory/OSX/rundev-master-debug/202401131544/runtime/ce3bf99/runTime/Maya.app/Contents/Frameworks/Python.framework/Versions/Current/lib/libpython3.11.dylib', '-DBUILD_WITH_PYTHON_3_VERSION=3.11', '-DBUILD_UB2=ON', '-DCMAKE_WANT_MATERIALX_BUILD=ON', '-DCMAKE_PREFIX_PATH=/local/S/jenkins/workspace/shared/Artifactory/OSX/USD/ca7f6ed', '-DMAYAHYDRA_BUILD_NUMBER=459', '-DMAYAHYDRA_GIT_COMMIT=5743b1c8314719947fca21bae81a636572852a7d', '-DMAYAHYDRA_GIT_BRANCH=master', '-DMAYAUSD_LOCATION=/local/S/jenkins/workspace/shared/Artifactory/OSX/mayausd-cotd-debug/202401092322/runtime/683f157/mayausd']
[2024-01-15T16:01:00.749Z]           Stages arguments          ['configure']
[2024-01-15T16:01:00.749Z]           CTest arguments           ['-LE interactive', '--parallel 8']
[2024-01-15T16:01:00.749Z]     STATUS: Could not find Maya Qt6.
[2024-01-15T16:01:00.749Z]     STATUS:   Extracting '/local/S/jenkins/workspace/shared/Artifactory/OSX/rundev-master-debug/202401131544/runtime/ce3bf99/devkitBase/Qt.tgz' to '/local/S/jenkins/workspace/shared/Artifactory/OSX/rundev-master-debug/202401131544/runtime/ce3bf99/devkitBase'
[2024-01-15T16:01:00.749Z]     #####################################################################################
[2024-01-15T16:01:00.749Z]     log date: 2024-01-15 08:00
[2024-01-15T16:01:00.749Z]     commit sha: ab5fa061f9bbffe21573581c799c77b09211c816
[2024-01-15T16:01:00.749Z]     commit date: Fri Jan 12 16:29:55 2024 +0100
[2024-01-15T16:01:00.749Z]     #####################################################################################
[2024-01-15T16:01:00.749Z]     
[2024-01-15T16:01:00.749Z]     cmake -DCMAKE_INSTALL_PREFIX="/local/S/jenkins/workspace/ECP/ecg-maya-hydra/ecg-maya-hydra-branch-preflight-python3-osx/install/Debug/MayaHydra" -DCMAKE_BUILD_TYPE=Debug -DCMAKE_EXPORT_COMPILE_COMMANDS=ON -G "Ninja" -DMAYA_LOCATION="/local/S/jenkins/workspace/shared/Artifactory/OSX/rundev-master-debug/202401131544/runtime/ce3bf99/runTime" -DPXR_USD_LOCATION="/local/S/jenkins/workspace/shared/Artifactory/OSX/USD/ca7f6ed" -DMAYA_DEVKIT_LOCATION="/local/S/jenkins/workspace/shared/Artifactory/OSX/rundev-master-debug/202401131544/runtime/ce3bf99/devkitBase" -DCMAKE_MAKE_PROGRAM=/local/S/jenkins/workspace/shared/Artifactory/OSX/ninja/1.10.2/95d0ca5/ninja -DPYTHON_INCLUDE_DIR=/local/S/jenkins/workspace/shared/Artifactory/OSX/rundev-master-debug/202401131544/runtime/ce3bf99/runTime/Maya.app/Contents/Frameworks/Python.framework/Versions/Current/include/python3.11 -DPython_EXECUTABLE=/local/S/jenkins/workspace/shared/Artifactory/OSX/rundev-master-debug/202401131544/runtime/ce3bf99/runTime/Maya.app/Contents/bin/mayapy -DPYTHON_LIBRARIES=/local/S/jenkins/workspace/shared/Artifactory/OSX/rundev-master-debug/202401131544/runtime/ce3bf99/runTime/Maya.app/Contents/Frameworks/Python.framework/Versions/Current/lib/libpython3.11.dylib -DBUILD_WITH_PYTHON_3_VERSION=3.11 -DBUILD_UB2=ON -DCMAKE_WANT_MATERIALX_BUILD=ON -DCMAKE_PREFIX_PATH=/local/S/jenkins/workspace/shared/Artifactory/OSX/USD/ca7f6ed -DMAYAHYDRA_BUILD_NUMBER=459 -DMAYAHYDRA_GIT_COMMIT=5743b1c8314719947fca21bae81a636572852a7d -DMAYAHYDRA_GIT_BRANCH=master -DMAYAUSD_LOCATION=/local/S/jenkins/workspace/shared/Artifactory/OSX/mayausd-cotd-debug/202401092322/runtime/683f157/mayausd "/Volumes/DATA/local/S/jenkins/workspace/ECP/ecg-maya-hydra/ecg-maya-hydra-branch-preflight-python3-osx/ecg-maya-hydra/maya-hydra"
[2024-01-15T16:01:00.749Z]     
[2024-01-15T16:01:00.749Z]     Traceback (most recent call last):
[2024-01-15T16:01:00.749Z]       File "/Volumes/DATA/local/S/jenkins/workspace/ECP/ecg-maya-hydra/ecg-maya-hydra-branch-preflight-python3-osx/ecg-maya-hydra/maya-hydra/build.py", line 745, in <module>
[2024-01-15T16:01:00.749Z]         BuildAndInstall(context, context.buildArgs, context.stagesArgs)
[2024-01-15T16:01:00.749Z]       File "/Volumes/DATA/local/S/jenkins/workspace/ECP/ecg-maya-hydra/ecg-maya-hydra-branch-preflight-python3-osx/ecg-maya-hydra/maya-hydra/build.py", line 502, in BuildAndInstall
[2024-01-15T16:01:00.749Z]         RunCMake(context, extraArgs, stagesArgs)
[2024-01-15T16:01:00.750Z]       File "/Volumes/DATA/local/S/jenkins/workspace/ECP/ecg-maya-hydra/ecg-maya-hydra-branch-preflight-python3-osx/ecg-maya-hydra/maya-hydra/build.py", line 305, in RunCMake
[2024-01-15T16:01:00.750Z]         Run(context,
[2024-01-15T16:01:00.750Z]       File "/Volumes/DATA/local/S/jenkins/workspace/ECP/ecg-maya-hydra/ecg-maya-hydra-branch-preflight-python3-osx/ecg-maya-hydra/maya-hydra/build.py", line 197, in Run
[2024-01-15T16:01:00.750Z]         raise RuntimeError("Failed to run '{cmd}'\nSee {log} for more details."
[2024-01-15T16:01:00.750Z]     RuntimeError: Failed to run 'cmake -DCMAKE_INSTALL_PREFIX="/local/S/jenkins/workspace/ECP/ecg-maya-hydra/ecg-maya-hydra-branch-preflight-python3-osx/install/Debug/MayaHydra" -DCMAKE_BUILD_TYPE=Debug -DCMAKE_EXPORT_COMPILE_COMMANDS=ON -G "Ninja" -DMAYA_LOCATION="/local/S/jenkins/workspace/shared/Artifactory/OSX/rundev-master-debug/202401131544/runtime/ce3bf99/runTime" -DPXR_USD_LOCATION="/local/S/jenkins/workspace/shared/Artifactory/OSX/USD/ca7f6ed" -DMAYA_DEVKIT_LOCATION="/local/S/jenkins/workspace/shared/Artifactory/OSX/rundev-master-debug/202401131544/runtime/ce3bf99/devkitBase" -DCMAKE_MAKE_PROGRAM=/local/S/jenkins/workspace/shared/Artifactory/OSX/ninja/1.10.2/95d0ca5/ninja -DPYTHON_INCLUDE_DIR=/local/S/jenkins/workspace/shared/Artifactory/OSX/rundev-master-debug/202401131544/runtime/ce3bf99/runTime/Maya.app/Contents/Frameworks/Python.framework/Versions/Current/include/python3.11 -DPython_EXECUTABLE=/local/S/jenkins/workspace/shared/Artifactory/OSX/rundev-master-debug/202401131544/runtime/ce3bf99/runTime/Maya.app/Contents/bin/mayapy -DPYTHON_LIBRARIES=/local/S/jenkins/workspace/shared/Artifactory/OSX/rundev-master-debug/202401131544/runtime/ce3bf99/runTime/Maya.app/Contents/Frameworks/Python.framework/Versions/Current/lib/libpython3.11.dylib -DBUILD_WITH_PYTHON_3_VERSION=3.11 -DBUILD_UB2=ON -DCMAKE_WANT_MATERIALX_BUILD=ON -DCMAKE_PREFIX_PATH=/local/S/jenkins/workspace/shared/Artifactory/OSX/USD/ca7f6ed -DMAYAHYDRA_BUILD_NUMBER=459 -DMAYAHYDRA_GIT_COMMIT=5743b1c8314719947fca21bae81a636572852a7d -DMAYAHYDRA_GIT_BRANCH=master -DMAYAUSD_LOCATION=/local/S/jenkins/workspace/shared/Artifactory/OSX/mayausd-cotd-debug/202401092322/runtime/683f157/mayausd "/Volumes/DATA/local/S/jenkins/workspace/ECP/ecg-maya-hydra/ecg-maya-hydra-branch-preflight-python3-osx/ecg-maya-hydra/maya-hydra"'
[2024-01-15T16:01:00.750Z]     See /local/S/jenkins/workspace/ECP/ecg-maya-hydra/ecg-maya-hydra-branch-preflight-python3-osx/build/Debug/build_log.txt for more details.
[2024-01-15T16:01:00.750Z] build.py: error: Command failed with error code: 1
[Pipeline] }
[Pipeline] // withEnv
[Pipeline] }
[Pipeline] // timeout
[Pipeline] }
[Pipeline] // stage
[Pipeline] }
[Pipeline] // timestamps
[Pipeline] emailextrecipients
Not sending mail to user ecg.jenkins@autodesk.com with no permission to view ECP  ecg-maya-hydra  Maya Hydra [Python 3, Interactive] - Branch - Preflight (OSX) [M1/UB2] #459Not sending mail to user ecg.jenkins@autodesk.com with no permission to view ECP  ecg-maya-hydra  Maya Hydra [Python 3, Interactive] - Branch - Preflight (OSX) [M1/UB2] #459[Pipeline] echo
No recipients to send notification.
[Pipeline] }
[Pipeline] // node
[Pipeline] End of Pipeline
ERROR: script returned exit code 1
[Checks API] No suitable checks publisher found.
Finished: FAILURE
