[2024-01-19T10:34:33.324Z] ================================================================================
[2024-01-19T10:34:33.324Z]                                  setup (Debug)
[2024-01-19T10:34:33.324Z] ================================================================================
[2024-01-19T10:34:33.324Z] Installing license file 'melicense.lic'.
[Pipeline] sh
[2024-01-19T10:34:34.841Z] + python ecg-maya-hydra/build.py --stages=setup --workspace-dir=/local/S/jenkins/workspace/ECP/ecg-maya-hydra/ecg-maya-hydra-branch-preflight-python3-osx --artifactory-dir=/local/S/jenkins/workspace/shared/Artifactory --build-dir=/local/S/jenkins/workspace/ECP/ecg-maya-hydra/ecg-maya-hydra-branch-preflight-python3-osx/build --install-dir=/local/S/jenkins/workspace/ECP/ecg-maya-hydra/ecg-maya-hydra-branch-preflight-python3-osx/install --signing-dir=/local/S/jenkins/workspace/ECP/ecg-maya-hydra/ecg-maya-hydra-branch-preflight-python3-osx/signing --package-dir=/local/S/jenkins/workspace/ECP/ecg-maya-hydra/ecg-maya-hydra-branch-preflight-python3-osx/package --output-dir=/local/S/jenkins/workspace/ECP/ecg-maya-hydra/ecg-maya-hydra-branch-preflight-python3-osx/output --stash-dir=/local/S/jenkins/workspace/ECP/ecg-maya-hydra/ecg-maya-hydra-branch-preflight-python3-osx/stash --jenkins-build=468 --git-commit=de03c1bade291bc4d76c6948df17a321b23e5f00 --git-branch=master --variants=RelWithDebInfo --interactive-tests=false --post-zips=false --osx-binary-architecture-target=ub2 --osx-deployment-target=11.0 --osx-base-sdk=CurrentActiveSDK --extra-license-file=ecg-maya-hydra/jenkins-o03-cot/melicense.lic --prune-versions=3 --prune-revisions=3 --maya-cut-config=maya-rundev-master.yaml --maya-package=rundev-master --stage-banner --prune-artifacts --force-pruning
[2024-01-19T10:34:34.841Z] config_file /Volumes/DATA/local/S/jenkins/workspace/ECP/ecg-maya-hydra/ecg-maya-hydra-branch-preflight-python3-osx/ecg-maya-hydra/maya-rundev-master.yaml
[2024-01-19T10:34:34.841Z] Getting rundev-master download URL from Maya SHA-1 hash
[2024-01-19T10:34:34.841Z] Finding Artifactory servers response times
[2024-01-19T10:34:38.225Z] [VERBOSE] Start loading URL (CURL): https://art-bobcat.autodesk.com/artifactory/api/search/checksum?repos=team-maya-generic,oss-stg-generic,team-mayausd-post-generic,autodesk-3p-generic,adsk-build-tools-generic,team-ecg-generic&sha1=a25a8b63a9089f68a8d3c2b3cb7e77b853809b15
[2024-01-19T10:34:38.225Z] [DEBUG] Running: /usr/bin/curl -s -X GET --keepalive-time 10 --connect-timeout 60 --speed-limit 10000 --speed-time 120 --max-time 3600 --retry 5 --retry-max-time 2400 -H Connection:close -H Authorization:Basic ZWNnYmlmcm9zdDpvcGUqKjAw https://art-bobcat.autodesk.com/artifactory/api/search/checksum?repos=team-maya-generic,oss-stg-generic,team-mayausd-post-generic,autodesk-3p-generic,adsk-build-tools-generic,team-ecg-generic&sha1=a25a8b63a9089f68a8d3c2b3cb7e77b853809b15
[2024-01-19T10:34:38.225Z] [DEBUG] Output:
[2024-01-19T10:34:38.225Z] {
[2024-01-19T10:34:38.225Z]   "results" : [ {
[2024-01-19T10:34:38.225Z]     "uri" : "https://art-bobcat.autodesk.com:443/artifactory/api/storage/team-maya-generic/Maya/master/pmac/2024-01-18-15-44_7da398cf77/202401181544-7da398cf77-RUNDEV.dmg"
[2024-01-19T10:34:38.225Z]   } ]
[2024-01-19T10:34:38.225Z] }
[2024-01-19T10:34:38.225Z] [VERBOSE] End loading URL (CURL): https://art-bobcat.autodesk.com/artifactory/api/search/checksum?repos=team-maya-generic,oss-stg-generic,team-mayausd-post-generic,autodesk-3p-generic,adsk-build-tools-generic,team-ecg-generic&sha1=a25a8b63a9089f68a8d3c2b3cb7e77b853809b15
[2024-01-19T10:34:38.226Z] [VERBOSE] Start loading URL (CURL): https://art-bobcat.autodesk.com:443/artifactory/api/storage/team-maya-generic/Maya/master/pmac/2024-01-18-15-44_7da398cf77/202401181544-7da398cf77-RUNDEV.dmg
[2024-01-19T10:34:38.226Z] [DEBUG] Running: /usr/bin/curl -s -X GET --keepalive-time 10 --connect-timeout 60 --speed-limit 10000 --speed-time 120 --max-time 3600 --retry 5 --retry-max-time 2400 -H Connection:close -H Authorization:Basic ZWNnYmlmcm9zdDpvcGUqKjAw https://art-bobcat.autodesk.com:443/artifactory/api/storage/team-maya-generic/Maya/master/pmac/2024-01-18-15-44_7da398cf77/202401181544-7da398cf77-RUNDEV.dmg
[2024-01-19T10:34:38.226Z] [DEBUG] Output:
[2024-01-19T10:34:38.226Z] {
[2024-01-19T10:34:38.226Z]   "repo" : "team-maya-generic",
[2024-01-19T10:34:38.226Z]   "path" : "/Maya/master/pmac/2024-01-18-15-44_7da398cf77/202401181544-7da398cf77-RUNDEV.dmg",
[2024-01-19T10:34:38.226Z]   "created" : "2024-01-18T17:00:27.557-08:00",
[2024-01-19T10:34:38.226Z]   "createdBy" : "svc_aad_p_mescm",
[2024-01-19T10:34:38.226Z]   "lastModified" : "2024-01-18T16:54:37.800-08:00",
[2024-01-19T10:34:38.226Z]   "modifiedBy" : "svc_aad_p_mescm",
[2024-01-19T10:34:38.226Z]   "lastUpdated" : "2024-01-18T17:00:27.557-08:00",
[2024-01-19T10:34:38.226Z]   "downloadUri" : "https://art-bobcat.autodesk.com:443/artifactory/team-maya-generic/Maya/master/pmac/2024-01-18-15-44_7da398cf77/202401181544-7da398cf77-RUNDEV.dmg",
[2024-01-19T10:34:38.226Z]   "mimeType" : "application/octet-stream",
[2024-01-19T10:34:38.226Z]   "size" : "2884108667",
[2024-01-19T10:34:38.226Z]   "checksums" : {
[2024-01-19T10:34:38.226Z]     "sha1" : "a25a8b63a9089f68a8d3c2b3cb7e77b853809b15",
[2024-01-19T10:34:38.226Z]     "md5" : "e6fb46295cb16957cbd36fdc095ce04b",
[2024-01-19T10:34:38.226Z]     "sha256" : "88cbe092b27daa7e0d307efbe90bdb7017cb07a6b383f2697887d97d9727cf47"
[2024-01-19T10:34:38.226Z]   },
[2024-01-19T10:34:38.226Z]   "originalChecksums" : {
[2024-01-19T10:34:38.226Z]     "sha1" : "a25a8b63a9089f68a8d3c2b3cb7e77b853809b15",
[2024-01-19T10:34:38.226Z]     "md5" : "e6fb46295cb16957cbd36fdc095ce04b",
[2024-01-19T10:34:38.226Z]     "sha256" : "88cbe092b27daa7e0d307efbe90bdb7017cb07a6b383f2697887d97d9727cf47"
[2024-01-19T10:34:38.226Z]   },
[2024-01-19T10:34:38.226Z]   "uri" : "https://art-bobcat.autodesk.com:443/artifactory/api/storage/team-maya-generic/Maya/master/pmac/2024-01-18-15-44_7da398cf77/202401181544-7da398cf77-RUNDEV.dmg"
[2024-01-19T10:34:38.226Z] }
[2024-01-19T10:34:38.226Z] [VERBOSE] End loading URL (CURL): https://art-bobcat.autodesk.com:443/artifactory/api/storage/team-maya-generic/Maya/master/pmac/2024-01-18-15-44_7da398cf77/202401181544-7da398cf77-RUNDEV.dmg
[2024-01-19T10:34:38.226Z] Using Maya cut from /local/S/jenkins/workspace/shared/Artifactory/OSX/rundev-master/202401181544/runtime/a25a8b6/runTime
[2024-01-19T10:34:38.226Z] Using Maya ADSK Signatures from /local/S/jenkins/workspace/shared/Artifactory/OSX/adsk-plugin-signatures-maya/2023/3ae1ae7
[2024-01-19T10:34:38.226Z] Using Maya Security Library from /local/S/jenkins/workspace/shared/Artifactory/OSX/maya-security-library/3.4.0/5e08f3e
[2024-01-19T10:34:38.226Z] Getting mayausd-cotd download URL from Maya SHA-1 hash
[2024-01-19T10:34:39.376Z] [VERBOSE] Start loading URL (CURL): https://art-bobcat.autodesk.com/artifactory/api/search/checksum?repos=team-maya-generic,oss-stg-generic,team-mayausd-post-generic,autodesk-3p-generic,adsk-build-tools-generic,team-ecg-generic&sha1=5c19b814d3b74aa601eb532501b0dca11e7f8fe8
[2024-01-19T10:34:39.376Z] [DEBUG] Running: /usr/bin/curl -s -X GET --keepalive-time 10 --connect-timeout 60 --speed-limit 10000 --speed-time 120 --max-time 3600 --retry 5 --retry-max-time 2400 -H Connection:close -H Authorization:Basic ZWNnYmlmcm9zdDpvcGUqKjAw https://art-bobcat.autodesk.com/artifactory/api/search/checksum?repos=team-maya-generic,oss-stg-generic,team-mayausd-post-generic,autodesk-3p-generic,adsk-build-tools-generic,team-ecg-generic&sha1=5c19b814d3b74aa601eb532501b0dca11e7f8fe8
[2024-01-19T10:34:39.376Z] [DEBUG] Output:
[2024-01-19T10:34:39.376Z] {
[2024-01-19T10:34:39.376Z]   "results" : [ {
[2024-01-19T10:34:39.376Z]     "uri" : "https://art-bobcat.autodesk.com:443/artifactory/api/storage/team-mayausd-post-generic/post/MayaUSD/cuts/COTD/osx/2024-01-17-09-03/MayaUSD_0.27.0_Maya2025_OSX_RelWithDebInfo_202401170904_0df9fb5_cut.zip"
[2024-01-19T10:34:39.376Z]   } ]
[2024-01-19T10:34:39.376Z] }
[2024-01-19T10:34:39.376Z] [VERBOSE] End loading URL (CURL): https://art-bobcat.autodesk.com/artifactory/api/search/checksum?repos=team-maya-generic,oss-stg-generic,team-mayausd-post-generic,autodesk-3p-generic,adsk-build-tools-generic,team-ecg-generic&sha1=5c19b814d3b74aa601eb532501b0dca11e7f8fe8
[2024-01-19T10:34:39.376Z] [VERBOSE] Start loading URL (CURL): https://art-bobcat.autodesk.com:443/artifactory/api/storage/team-mayausd-post-generic/post/MayaUSD/cuts/COTD/osx/2024-01-17-09-03/MayaUSD_0.27.0_Maya2025_OSX_RelWithDebInfo_202401170904_0df9fb5_cut.zip
[2024-01-19T10:34:39.376Z] [DEBUG] Running: /usr/bin/curl -s -X GET --keepalive-time 10 --connect-timeout 60 --speed-limit 10000 --speed-time 120 --max-time 3600 --retry 5 --retry-max-time 2400 -H Connection:close -H Authorization:Basic ZWNnYmlmcm9zdDpvcGUqKjAw https://art-bobcat.autodesk.com:443/artifactory/api/storage/team-mayausd-post-generic/post/MayaUSD/cuts/COTD/osx/2024-01-17-09-03/MayaUSD_0.27.0_Maya2025_OSX_RelWithDebInfo_202401170904_0df9fb5_cut.zip
[2024-01-19T10:34:39.376Z] [DEBUG] Output:
[2024-01-19T10:34:39.376Z] {
[2024-01-19T10:34:39.376Z]   "repo" : "team-mayausd-post-generic",
[2024-01-19T10:34:39.376Z]   "path" : "/post/MayaUSD/cuts/COTD/osx/2024-01-17-09-03/MayaUSD_0.27.0_Maya2025_OSX_RelWithDebInfo_202401170904_0df9fb5_cut.zip",
[2024-01-19T10:34:39.376Z]   "created" : "2024-01-17T10:41:16.664-08:00",
[2024-01-19T10:34:39.376Z]   "createdBy" : "svc_d_ecg",
[2024-01-19T10:34:39.376Z]   "lastModified" : "2024-01-17T10:41:11.837-08:00",
[2024-01-19T10:34:39.376Z]   "modifiedBy" : "svc_d_ecg",
[2024-01-19T10:34:39.376Z]   "lastUpdated" : "2024-01-17T10:41:16.665-08:00",
[2024-01-19T10:34:39.376Z]   "downloadUri" : "https://art-bobcat.autodesk.com:443/artifactory/team-mayausd-post-generic/post/MayaUSD/cuts/COTD/osx/2024-01-17-09-03/MayaUSD_0.27.0_Maya2025_OSX_RelWithDebInfo_202401170904_0df9fb5_cut.zip",
[2024-01-19T10:34:39.376Z]   "mimeType" : "application/zip",
[2024-01-19T10:34:39.376Z]   "size" : "298014101",
[2024-01-19T10:34:39.376Z]   "checksums" : {
[2024-01-19T10:34:39.376Z]     "sha1" : "5c19b814d3b74aa601eb532501b0dca11e7f8fe8",
[2024-01-19T10:34:39.376Z]     "md5" : "343a4263704f7a3c1c82275d67cec478",
[2024-01-19T10:34:39.376Z]     "sha256" : "fc41eb3f7d7177524fd87624462e434807dbf5913d5b8c6ce4d51663e9f85d20"
[2024-01-19T10:34:39.376Z]   },
[2024-01-19T10:34:39.376Z]   "originalChecksums" : {
[2024-01-19T10:34:39.376Z]     "sha1" : "5c19b814d3b74aa601eb532501b0dca11e7f8fe8",
[2024-01-19T10:34:39.376Z]     "md5" : "343a4263704f7a3c1c82275d67cec478",
[2024-01-19T10:34:39.376Z]     "sha256" : "fc41eb3f7d7177524fd87624462e434807dbf5913d5b8c6ce4d51663e9f85d20"
[2024-01-19T10:34:39.376Z]   },
[2024-01-19T10:34:39.376Z]   "uri" : "https://art-bobcat.autodesk.com:443/artifactory/api/storage/team-mayausd-post-generic/post/MayaUSD/cuts/COTD/osx/2024-01-17-09-03/MayaUSD_0.27.0_Maya2025_OSX_RelWithDebInfo_202401170904_0df9fb5_cut.zip"
[2024-01-19T10:34:39.376Z] }
[2024-01-19T10:34:39.376Z] [VERBOSE] End loading URL (CURL): https://art-bobcat.autodesk.com:443/artifactory/api/storage/team-mayausd-post-generic/post/MayaUSD/cuts/COTD/osx/2024-01-17-09-03/MayaUSD_0.27.0_Maya2025_OSX_RelWithDebInfo_202401170904_0df9fb5_cut.zip
[2024-01-19T10:34:39.376Z] [VERBOSE] Start loading URL (CURL): https://art-bobcat.autodesk.com:443/artifactory/api/storage/team-maya-generic/Maya/master/pmac/2024-01-18-15-44_7da398cf77/202401181544-7da398cf77-RUNDEV.dmg.multipart
[2024-01-19T10:34:39.376Z] [DEBUG] Running: /usr/bin/curl -s -X GET --keepalive-time 10 --connect-timeout 60 --speed-limit 10000 --speed-time 120 --max-time 3600 --retry 5 --retry-max-time 2400 -H Connection:close -H Authorization:Basic ZWNnYmlmcm9zdDpvcGUqKjAw https://art-bobcat.autodesk.com:443/artifactory/api/storage/team-maya-generic/Maya/master/pmac/2024-01-18-15-44_7da398cf77/202401181544-7da398cf77-RUNDEV.dmg.multipart
[2024-01-19T10:34:39.376Z] [DEBUG] Output:
[2024-01-19T10:34:39.376Z] {
[2024-01-19T10:34:39.376Z]   "errors" : [ {
[2024-01-19T10:34:39.376Z]     "status" : 404,
[2024-01-19T10:34:39.376Z]     "message" : "Unable to find item"
[2024-01-19T10:34:39.376Z]   } ]
[2024-01-19T10:34:39.376Z] }
[2024-01-19T10:34:39.376Z] [VERBOSE] End loading URL (CURL): https://art-bobcat.autodesk.com:443/artifactory/api/storage/team-maya-generic/Maya/master/pmac/2024-01-18-15-44_7da398cf77/202401181544-7da398cf77-RUNDEV.dmg.multipart
[2024-01-19T10:34:39.376Z] Downloading https://art-bobcat.autodesk.com:443/artifactory/team-maya-generic/Maya/master/pmac/2024-01-18-15-44_7da398cf77/202401181544-7da398cf77-RUNDEV.dmg to /local/S/jenkins/workspace/shared/Artifactory/OSX/tmp/tmp9tendn92
[2024-01-19T10:34:39.929Z] [VERBOSE] Start downloading file (CURL): https://art-bobcat.autodesk.com:443/artifactory/team-maya-generic/Maya/master/pmac/2024-01-18-15-44_7da398cf77/202401181544-7da398cf77-RUNDEV.dmg
[2024-01-19T10:34:39.929Z] [DEBUG] Running: /usr/bin/curl -sI -X GET --keepalive-time 10 --connect-timeout 60 --speed-limit 10000 --speed-time 120 --max-time 3600 --retry 5 --retry-max-time 2400 -H Connection:close -H Authorization:Basic ZWNnYmlmcm9zdDpvcGUqKjAw https://art-bobcat.autodesk.com:443/artifactory/team-maya-generic/Maya/master/pmac/2024-01-18-15-44_7da398cf77/202401181544-7da398cf77-RUNDEV.dmg
[2024-01-19T10:34:39.929Z] [DEBUG] Header:
[2024-01-19T10:34:39.929Z] HTTP/1.1 200 
[2024-01-19T10:34:39.929Z] Date: Fri, 19 Jan 2024 10:34:39 GMT
[2024-01-19T10:34:39.929Z] Content-Type: application/octet-stream
[2024-01-19T10:34:39.929Z] Content-Length: 2884108667
[2024-01-19T10:34:39.929Z] Connection: close
[2024-01-19T10:34:39.929Z] X-JFrog-Version: Artifactory/7.55.9 75509900
[2024-01-19T10:34:39.929Z] X-Artifactory-Id: 3ae3a5ee55e349ae80f0a4421f74725717e50dd3
[2024-01-19T10:34:39.929Z] X-Artifactory-Node-Id: ussclpdrsync010
[2024-01-19T10:34:39.929Z] Last-Modified: Fri, 19 Jan 2024 00:54:37 GMT
[2024-01-19T10:34:39.929Z] ETag: a25a8b63a9089f68a8d3c2b3cb7e77b853809b15
[2024-01-19T10:34:39.929Z] X-Checksum-Sha1: a25a8b63a9089f68a8d3c2b3cb7e77b853809b15
[2024-01-19T10:34:39.929Z] X-Checksum-Sha256: 88cbe092b27daa7e0d307efbe90bdb7017cb07a6b383f2697887d97d9727cf47
[2024-01-19T10:34:39.929Z] X-Checksum-Md5: e6fb46295cb16957cbd36fdc095ce04b
[2024-01-19T10:34:39.929Z] Accept-Ranges: bytes
[2024-01-19T10:34:39.929Z] X-Artifactory-Filename: 202401181544-7da398cf77-RUNDEV.dmg
[2024-01-19T10:34:39.929Z] Content-Disposition: attachment; filename="202401181544-7da398cf77-RUNDEV.dmg"; filename*=UTF-8''"202401181544-7da398cf77-RUNDEV.dmg"
[2024-01-19T10:34:39.929Z] Access-Control-Allow-Methods: GET, PUT, POST, OPTIONS, HEAD
[2024-01-19T10:34:39.929Z] Access-Control-Allow-Headers: Authorization, Origin, X-Requested-With, Content-Type, Accept
[2024-01-19T10:34:39.929Z] Access-Control-Allow-Credentials: true
[2024-01-19T10:34:39.929Z] Set-Cookie: AlteonSC=1465459466.47873.0000; path=/; Httponly; Secure
[2024-01-19T10:34:39.929Z] [DEBUG] Running: /usr/bin/curl --progress-bar -X GET --keepalive-time 10 --connect-timeout 60 --speed-limit 10000 --speed-time 120 --max-time 3600 --retry 5 --retry-max-time 2400 -H Connection:close -H Authorization:Basic ZWNnYmlmcm9zdDpvcGUqKjAw https://art-bobcat.autodesk.com:443/artifactory/team-maya-generic/Maya/master/pmac/2024-01-18-15-44_7da398cf77/202401181544-7da398cf77-RUNDEV.dmg -o /local/S/jenkins/workspace/shared/Artifactory/OSX/tmp/tmp9tendn92/202401181544-7da398cf77-RUNDEV.dmg
[2024-01-19T10:34:39.929Z]       0% complete.
[2024-01-19T10:34:42.494Z]       1% complete.
[2024-01-19T10:34:44.311Z]       2% complete.
[2024-01-19T10:34:46.133Z]       3% complete.
[2024-01-19T10:34:47.957Z]       4% complete.
[2024-01-19T10:34:49.110Z]       5% complete.
[2024-01-19T10:34:50.267Z]       6% complete.
[2024-01-19T10:34:52.090Z]       7% complete.
[2024-01-19T10:34:52.649Z]       8% complete.
[2024-01-19T10:34:53.806Z]       9% complete.
[2024-01-19T10:34:54.963Z]      10% complete.
[2024-01-19T10:34:56.120Z]      11% complete.
[2024-01-19T10:34:57.277Z]      12% complete.
[2024-01-19T10:34:58.452Z]      13% complete.
[2024-01-19T10:34:59.644Z]      14% complete.
[2024-01-19T10:35:00.805Z]      15% complete.
[2024-01-19T10:35:01.364Z]      16% complete.
[2024-01-19T10:35:01.913Z]      17% complete.
[2024-01-19T10:35:02.470Z]      18% complete.
[2024-01-19T10:35:03.632Z]      19% complete.
[2024-01-19T10:35:04.187Z]      20% complete.
[2024-01-19T10:35:04.735Z]      21% complete.
[2024-01-19T10:35:05.898Z]      22% complete.
[2024-01-19T10:35:06.456Z]      23% complete.
[2024-01-19T10:35:08.278Z]      24% complete.
[2024-01-19T10:35:08.828Z]      25% complete.
[2024-01-19T10:35:09.986Z]      26% complete.
[2024-01-19T10:35:11.816Z]      27% complete.
[2024-01-19T10:35:14.379Z]      28% complete.
[2024-01-19T10:35:14.928Z]      29% complete.
[2024-01-19T10:35:15.487Z]      30% complete.
[2024-01-19T10:35:16.037Z]      31% complete.
[2024-01-19T10:35:17.199Z]      32% complete.
[2024-01-19T10:35:17.769Z]      33% complete.
[2024-01-19T10:35:18.322Z]      34% complete.
[2024-01-19T10:35:18.880Z]      35% complete.
[2024-01-19T10:35:20.037Z]      36% complete.
[2024-01-19T10:35:20.586Z]      37% complete.
[2024-01-19T10:35:21.738Z]      38% complete.
[2024-01-19T10:35:22.294Z]      39% complete.
[2024-01-19T10:35:22.849Z]      40% complete.
[2024-01-19T10:35:23.399Z]      41% complete.
[2024-01-19T10:35:24.552Z]      42% complete.
[2024-01-19T10:35:25.106Z]      43% complete.
[2024-01-19T10:35:25.656Z]      44% complete.
[2024-01-19T10:35:26.818Z]      45% complete.
[2024-01-19T10:35:27.372Z]      46% complete.
[2024-01-19T10:35:27.930Z]      47% complete.
[2024-01-19T10:35:28.481Z]      48% complete.
[2024-01-19T10:35:29.031Z]      49% complete.
[2024-01-19T10:35:29.580Z]      50% complete.
[2024-01-19T10:35:30.739Z]      51% complete.
[2024-01-19T10:35:31.294Z]      52% complete.
[2024-01-19T10:35:31.842Z]      53% complete.
[2024-01-19T10:35:32.394Z]      54% complete.
[2024-01-19T10:35:32.953Z]      55% complete.
[2024-01-19T10:35:34.110Z]      56% complete.
[2024-01-19T10:35:34.659Z]      57% complete.
[2024-01-19T10:35:35.212Z]      58% complete.
[2024-01-19T10:35:36.364Z]      59% complete.
[2024-01-19T10:35:36.913Z]      60% complete.
[2024-01-19T10:35:37.472Z]      61% complete.
[2024-01-19T10:35:38.028Z]      62% complete.
[2024-01-19T10:35:39.183Z]      63% complete.
[2024-01-19T10:35:40.342Z]      64% complete.
[2024-01-19T10:35:41.496Z]      65% complete.
[2024-01-19T10:35:42.653Z]      66% complete.
[2024-01-19T10:35:43.801Z]      67% complete.
[2024-01-19T10:35:45.621Z]      68% complete.
[2024-01-19T10:35:46.791Z]      69% complete.
[2024-01-19T10:35:47.972Z]      70% complete.
[2024-01-19T10:35:48.527Z]      71% complete.
[2024-01-19T10:35:49.681Z]      72% complete.
[2024-01-19T10:35:50.231Z]      73% complete.
[2024-01-19T10:35:51.393Z]      74% complete.
[2024-01-19T10:35:51.943Z]      75% complete.
[2024-01-19T10:35:52.502Z]      76% complete.
[2024-01-19T10:35:53.051Z]      77% complete.
[2024-01-19T10:35:54.210Z]      78% complete.
[2024-01-19T10:35:54.767Z]      79% complete.
[2024-01-19T10:35:55.324Z]      80% complete.
[2024-01-19T10:35:55.873Z]      81% complete.
[2024-01-19T10:35:57.022Z]      82% complete.
[2024-01-19T10:35:57.580Z]      83% complete.
[2024-01-19T10:35:58.129Z]      84% complete.
[2024-01-19T10:35:59.286Z]      85% complete.
[2024-01-19T10:35:59.843Z]      86% complete.
[2024-01-19T10:36:01.000Z]      87% complete.
[2024-01-19T10:36:01.555Z]      88% complete.
[2024-01-19T10:36:02.708Z]      89% complete.
[2024-01-19T10:36:03.257Z]      90% complete.
[2024-01-19T10:36:03.817Z]      91% complete.
[2024-01-19T10:36:04.973Z]      92% complete.
[2024-01-19T10:36:06.127Z]      93% complete.
[2024-01-19T10:36:06.686Z]      94% complete.
[2024-01-19T10:36:07.235Z]      95% complete.
[2024-01-19T10:36:08.388Z]      96% complete.
[2024-01-19T10:36:08.948Z]      97% complete.
[2024-01-19T10:36:09.504Z]      98% complete.
[2024-01-19T10:36:10.662Z]      99% complete.
[2024-01-19T10:36:11.210Z]     100% complete.
[2024-01-19T10:36:11.210Z] [VERBOSE] End downloading file (CURL): https://art-bobcat.autodesk.com:443/artifactory/team-maya-generic/Maya/master/pmac/2024-01-18-15-44_7da398cf77/202401181544-7da398cf77-RUNDEV.dmg
[2024-01-19T10:36:11.210Z] Extracting 202401181544-7da398cf77-RUNDEV.dmg to /local/S/jenkins/workspace/shared/Artifactory/OSX/tmp/tmpe56_optc
[2024-01-19T10:36:27.311Z] <?xml version="1.0" encoding="UTF-8"?>
[2024-01-19T10:36:27.311Z] <!DOCTYPE plist PUBLIC "-//Apple//DTD PLIST 1.0//EN" "http://www.apple.com/DTDs/PropertyList-1.0.dtd">
[2024-01-19T10:36:27.311Z] <plist version="1.0">
[2024-01-19T10:36:27.311Z] <dict>
[2024-01-19T10:36:27.311Z] 	<key>system-entities</key>
[2024-01-19T10:36:27.311Z] 	<array>
[2024-01-19T10:36:27.311Z] 		<dict>
[2024-01-19T10:36:27.311Z] 			<key>content-hint</key>
[2024-01-19T10:36:27.311Z] 			<string>GUID_partition_scheme</string>
[2024-01-19T10:36:27.311Z] 			<key>dev-entry</key>
[2024-01-19T10:36:27.311Z] 			<string>/dev/disk4</string>
[2024-01-19T10:36:27.311Z] 			<key>potentially-mountable</key>
[2024-01-19T10:36:27.311Z] 			<false/>
[2024-01-19T10:36:27.311Z] 			<key>unmapped-content-hint</key>
[2024-01-19T10:36:27.311Z] 			<string>GUID_partition_scheme</string>
[2024-01-19T10:36:27.311Z] 		</dict>
[2024-01-19T10:36:27.311Z] 		<dict>
[2024-01-19T10:36:27.311Z] 			<key>content-hint</key>
[2024-01-19T10:36:27.311Z] 			<string>Apple_HFS</string>
[2024-01-19T10:36:27.311Z] 			<key>dev-entry</key>
[2024-01-19T10:36:27.311Z] 			<string>/dev/disk4s2</string>
[2024-01-19T10:36:27.311Z] 			<key>mount-point</key>
[2024-01-19T10:36:27.311Z] 			<string>/Volumes/zip</string>
[2024-01-19T10:36:27.311Z] 			<key>potentially-mountable</key>
[2024-01-19T10:36:27.311Z] 			<true/>
[2024-01-19T10:36:27.311Z] 			<key>unmapped-content-hint</key>
[2024-01-19T10:36:27.311Z] 			<string>48465300-0000-11AA-AA11-00306543ECAC</string>
[2024-01-19T10:36:27.311Z] 			<key>volume-kind</key>
[2024-01-19T10:36:27.311Z] 			<string>hfs</string>
[2024-01-19T10:36:27.311Z] 		</dict>
[2024-01-19T10:36:27.311Z] 		<dict>
[2024-01-19T10:36:27.311Z] 			<key>content-hint</key>
[2024-01-19T10:36:27.311Z] 			<string>EFI</string>
[2024-01-19T10:36:27.311Z] 			<key>dev-entry</key>
[2024-01-19T10:36:27.311Z] 			<string>/dev/disk4s1</string>
[2024-01-19T10:36:27.311Z] 			<key>potentially-mountable</key>
[2024-01-19T10:36:27.311Z] 			<true/>
[2024-01-19T10:36:27.311Z] 			<key>unmapped-content-hint</key>
[2024-01-19T10:36:27.311Z] 			<string>C12A7328-F81F-11D2-BA4B-00A0C93EC93B</string>
[2024-01-19T10:36:27.311Z] 			<key>volume-kind</key>
[2024-01-19T10:36:27.311Z] 			<string>msdos</string>
[2024-01-19T10:36:27.311Z] 		</dict>
[2024-01-19T10:36:27.311Z] 	</array>
[2024-01-19T10:36:27.311Z] </dict>
[2024-01-19T10:36:27.311Z] </plist>
[2024-01-19T10:37:04.572Z] "disk4" ejected.
[2024-01-19T10:37:04.572Z] Installing on /local/S/jenkins/workspace/shared/Artifactory/OSX/rundev-master/202401181544/runtime/a25a8b6
[2024-01-19T10:37:05.119Z] [VERBOSE] Start loading URL (CURL): https://art-bobcat.autodesk.com:443/artifactory/api/storage/team-mayausd-post-generic/post/MayaUSD/cuts/COTD/osx/2024-01-17-09-03/MayaUSD_0.27.0_Maya2025_OSX_RelWithDebInfo_202401170904_0df9fb5_cut.zip.multipart
[2024-01-19T10:37:05.119Z] [DEBUG] Running: /usr/bin/curl -s -X GET --keepalive-time 10 --connect-timeout 60 --speed-limit 10000 --speed-time 120 --max-time 3600 --retry 5 --retry-max-time 2400 -H Connection:close -H Authorization:Basic ZWNnYmlmcm9zdDpvcGUqKjAw https://art-bobcat.autodesk.com:443/artifactory/api/storage/team-mayausd-post-generic/post/MayaUSD/cuts/COTD/osx/2024-01-17-09-03/MayaUSD_0.27.0_Maya2025_OSX_RelWithDebInfo_202401170904_0df9fb5_cut.zip.multipart
[2024-01-19T10:37:05.119Z] [DEBUG] Output:
[2024-01-19T10:37:05.119Z] {
[2024-01-19T10:37:05.119Z]   "errors" : [ {
[2024-01-19T10:37:05.119Z]     "status" : 404,
[2024-01-19T10:37:05.119Z]     "message" : "Unable to find item"
[2024-01-19T10:37:05.119Z]   } ]
[2024-01-19T10:37:05.119Z] }
[2024-01-19T10:37:05.119Z] [VERBOSE] End loading URL (CURL): https://art-bobcat.autodesk.com:443/artifactory/api/storage/team-mayausd-post-generic/post/MayaUSD/cuts/COTD/osx/2024-01-17-09-03/MayaUSD_0.27.0_Maya2025_OSX_RelWithDebInfo_202401170904_0df9fb5_cut.zip.multipart
[2024-01-19T10:37:05.119Z] Downloading https://art-bobcat.autodesk.com:443/artifactory/team-mayausd-post-generic/post/MayaUSD/cuts/COTD/osx/2024-01-17-09-03/MayaUSD_0.27.0_Maya2025_OSX_RelWithDebInfo_202401170904_0df9fb5_cut.zip to /local/S/jenkins/workspace/shared/Artifactory/OSX/tmp/tmpr_en8g9v
[2024-01-19T10:37:05.119Z] [VERBOSE] Start downloading file (CURL): https://art-bobcat.autodesk.com:443/artifactory/team-mayausd-post-generic/post/MayaUSD/cuts/COTD/osx/2024-01-17-09-03/MayaUSD_0.27.0_Maya2025_OSX_RelWithDebInfo_202401170904_0df9fb5_cut.zip
[2024-01-19T10:37:05.119Z] [DEBUG] Running: /usr/bin/curl -sI -X GET --keepalive-time 10 --connect-timeout 60 --speed-limit 10000 --speed-time 120 --max-time 3600 --retry 5 --retry-max-time 2400 -H Connection:close -H Authorization:Basic ZWNnYmlmcm9zdDpvcGUqKjAw https://art-bobcat.autodesk.com:443/artifactory/team-mayausd-post-generic/post/MayaUSD/cuts/COTD/osx/2024-01-17-09-03/MayaUSD_0.27.0_Maya2025_OSX_RelWithDebInfo_202401170904_0df9fb5_cut.zip
[2024-01-19T10:37:05.119Z] [DEBUG] Header:
[2024-01-19T10:37:05.119Z] HTTP/1.1 200 
[2024-01-19T10:37:05.119Z] Date: Fri, 19 Jan 2024 10:37:04 GMT
[2024-01-19T10:37:05.119Z] Content-Type: application/zip
[2024-01-19T10:37:05.119Z] Content-Length: 298014101
[2024-01-19T10:37:05.119Z] Connection: close
[2024-01-19T10:37:05.119Z] X-JFrog-Version: Artifactory/7.55.9 75509900
[2024-01-19T10:37:05.119Z] X-Artifactory-Id: 712c76b93a9b964034cd158e2d0e018eaba6baeb
[2024-01-19T10:37:05.119Z] X-Artifactory-Node-Id: ussclpdrsync008.ads.autodesk.com
[2024-01-19T10:37:05.119Z] Last-Modified: Wed, 17 Jan 2024 18:41:11 GMT
[2024-01-19T10:37:05.119Z] ETag: 5c19b814d3b74aa601eb532501b0dca11e7f8fe8
[2024-01-19T10:37:05.119Z] X-Checksum-Sha1: 5c19b814d3b74aa601eb532501b0dca11e7f8fe8
[2024-01-19T10:37:05.119Z] X-Checksum-Sha256: fc41eb3f7d7177524fd87624462e434807dbf5913d5b8c6ce4d51663e9f85d20
[2024-01-19T10:37:05.119Z] X-Checksum-Md5: 343a4263704f7a3c1c82275d67cec478
[2024-01-19T10:37:05.119Z] Accept-Ranges: bytes
[2024-01-19T10:37:05.119Z] X-Artifactory-Filename: MayaUSD_0.27.0_Maya2025_OSX_RelWithDebInfo_202401170904_0df9fb5_cut.zip
[2024-01-19T10:37:05.119Z] Content-Disposition: attachment; filename="MayaUSD_0.27.0_Maya2025_OSX_RelWithDebInfo_202401170904_0df9fb5_cut.zip"; filename*=UTF-8''"MayaUSD_0.27.0_Maya2025_OSX_RelWithDebInfo_202401170904_0df9fb5_cut.zip"
[2024-01-19T10:37:05.119Z] Access-Control-Allow-Methods: GET, PUT, POST, OPTIONS, HEAD
[2024-01-19T10:37:05.119Z] Access-Control-Allow-Headers: Authorization, Origin, X-Requested-With, Content-Type, Accept
[2024-01-19T10:37:05.119Z] Access-Control-Allow-Credentials: true
[2024-01-19T10:37:05.119Z] Set-Cookie: AlteonSC=1448682250.47873.0000; path=/; Httponly; Secure
[2024-01-19T10:37:05.119Z] [DEBUG] Running: /usr/bin/curl --progress-bar -X GET --keepalive-time 10 --connect-timeout 60 --speed-limit 10000 --speed-time 120 --max-time 3600 --retry 5 --retry-max-time 2400 -H Connection:close -H Authorization:Basic ZWNnYmlmcm9zdDpvcGUqKjAw https://art-bobcat.autodesk.com:443/artifactory/team-mayausd-post-generic/post/MayaUSD/cuts/COTD/osx/2024-01-17-09-03/MayaUSD_0.27.0_Maya2025_OSX_RelWithDebInfo_202401170904_0df9fb5_cut.zip -o /local/S/jenkins/workspace/shared/Artifactory/OSX/tmp/tmpr_en8g9v/MayaUSD_0.27.0_Maya2025_OSX_RelWithDebInfo_202401170904_0df9fb5_cut.zip
[2024-01-19T10:37:05.119Z]       0% complete.
[2024-01-19T10:37:06.275Z]       1% complete.
[2024-01-19T10:37:06.832Z]       2% complete.
[2024-01-19T10:37:07.392Z]       3% complete.
[2024-01-19T10:37:07.392Z]       4% complete.
[2024-01-19T10:37:07.392Z]       5% complete.
[2024-01-19T10:37:07.392Z]       6% complete.
[2024-01-19T10:37:07.940Z]       7% complete.
[2024-01-19T10:37:07.940Z]       8% complete.
[2024-01-19T10:37:08.499Z]       9% complete.
[2024-01-19T10:37:08.499Z]      10% complete.
[2024-01-19T10:37:08.499Z]      11% complete.
[2024-01-19T10:37:09.048Z]      12% complete.
[2024-01-19T10:37:09.048Z]      13% complete.
[2024-01-19T10:37:09.048Z]      14% complete.
[2024-01-19T10:37:09.048Z]      15% complete.
[2024-01-19T10:37:09.606Z]      16% complete.
[2024-01-19T10:37:09.606Z]      17% complete.
[2024-01-19T10:37:09.606Z]      18% complete.
[2024-01-19T10:37:10.184Z]      19% complete.
[2024-01-19T10:37:10.184Z]      20% complete.
[2024-01-19T10:37:10.184Z]      21% complete.
[2024-01-19T10:37:10.769Z]      22% complete.
[2024-01-19T10:37:10.769Z]      23% complete.
[2024-01-19T10:37:10.769Z]      24% complete.
[2024-01-19T10:37:10.769Z]      25% complete.
[2024-01-19T10:37:10.769Z]      26% complete.
[2024-01-19T10:37:10.769Z]      28% complete.
[2024-01-19T10:37:11.327Z]      29% complete.
[2024-01-19T10:37:11.327Z]      30% complete.
[2024-01-19T10:37:11.327Z]      31% complete.
[2024-01-19T10:37:11.327Z]      32% complete.
[2024-01-19T10:37:11.876Z]      34% complete.
[2024-01-19T10:37:11.876Z]      35% complete.
[2024-01-19T10:37:11.876Z]      36% complete.
[2024-01-19T10:37:11.876Z]      37% complete.
[2024-01-19T10:37:11.876Z]      38% complete.
[2024-01-19T10:37:12.434Z]      39% complete.
[2024-01-19T10:37:12.434Z]      41% complete.
[2024-01-19T10:37:12.434Z]      43% complete.
[2024-01-19T10:37:12.434Z]      44% complete.
[2024-01-19T10:37:12.983Z]      45% complete.
[2024-01-19T10:37:12.983Z]      46% complete.
[2024-01-19T10:37:12.983Z]      47% complete.
[2024-01-19T10:37:12.983Z]      48% complete.
[2024-01-19T10:37:12.983Z]      49% complete.
[2024-01-19T10:37:12.983Z]      51% complete.
[2024-01-19T10:37:13.541Z]      52% complete.
[2024-01-19T10:37:13.541Z]      53% complete.
[2024-01-19T10:37:13.541Z]      54% complete.
[2024-01-19T10:37:13.541Z]      56% complete.
[2024-01-19T10:37:13.541Z]      57% complete.
[2024-01-19T10:37:14.091Z]      58% complete.
[2024-01-19T10:37:14.091Z]      60% complete.
[2024-01-19T10:37:14.091Z]      61% complete.
[2024-01-19T10:37:14.091Z]      62% complete.
[2024-01-19T10:37:14.647Z]      64% complete.
[2024-01-19T10:37:14.647Z]      66% complete.
[2024-01-19T10:37:14.647Z]      67% complete.
[2024-01-19T10:37:14.647Z]      69% complete.
[2024-01-19T10:37:15.197Z]      70% complete.
[2024-01-19T10:37:15.197Z]      72% complete.
[2024-01-19T10:37:15.197Z]      73% complete.
[2024-01-19T10:37:15.197Z]      75% complete.
[2024-01-19T10:37:15.755Z]      77% complete.
[2024-01-19T10:37:15.755Z]      78% complete.
[2024-01-19T10:37:15.755Z]      80% complete.
[2024-01-19T10:37:15.755Z]      81% complete.
[2024-01-19T10:37:16.308Z]      82% complete.
[2024-01-19T10:37:16.308Z]      83% complete.
[2024-01-19T10:37:16.308Z]      86% complete.
[2024-01-19T10:37:16.308Z]      87% complete.
[2024-01-19T10:37:16.308Z]      89% complete.
[2024-01-19T10:37:16.855Z]      90% complete.
[2024-01-19T10:37:16.855Z]      91% complete.
[2024-01-19T10:37:16.855Z]      92% complete.
[2024-01-19T10:37:16.855Z]      93% complete.
[2024-01-19T10:37:16.855Z]      94% complete.
[2024-01-19T10:37:17.415Z]      96% complete.
[2024-01-19T10:37:17.415Z]      97% complete.
[2024-01-19T10:37:17.415Z]      98% complete.
[2024-01-19T10:37:17.415Z]      99% complete.
[2024-01-19T10:37:17.961Z]     100% complete.
[2024-01-19T10:37:17.961Z] [VERBOSE] End downloading file (CURL): https://art-bobcat.autodesk.com:443/artifactory/team-mayausd-post-generic/post/MayaUSD/cuts/COTD/osx/2024-01-17-09-03/MayaUSD_0.27.0_Maya2025_OSX_RelWithDebInfo_202401170904_0df9fb5_cut.zip
[2024-01-19T10:37:17.961Z] Extracting MayaUSD_0.27.0_Maya2025_OSX_RelWithDebInfo_202401170904_0df9fb5_cut.zip to /local/S/jenkins/workspace/shared/Artifactory/OSX/tmp/tmp5t6r1_ry
[2024-01-19T10:37:19.761Z] Installing on /local/S/jenkins/workspace/shared/Artifactory/OSX/mayausd-cotd/202401170904/runtime/5c19b81
[2024-01-19T10:37:19.761Z] 
[2024-01-19T10:37:19.761Z] ================================================================================
[2024-01-19T10:37:19.761Z]                              setup (RelWithDebInfo)
[2024-01-19T10:37:19.761Z] ================================================================================
[2024-01-19T10:37:19.761Z] Installing license file 'melicense.lic'.
[Pipeline] }
[Pipeline] // withEnv
[Pipeline] }
[Pipeline] // timeout
[Pipeline] }
[Pipeline] // stage
[Pipeline] }
[Pipeline] // timestamps
[Pipeline] timestamps
[Pipeline] {
[Pipeline] stage
[Pipeline] { (Clean)
[Pipeline] timeout
[2024-01-19T10:37:20.135Z] Timeout set to expire in 6 hr 0 min
[Pipeline] {
[Pipeline] withEnv
[Pipeline] {
[Pipeline] sh
[2024-01-19T10:37:21.454Z] + python ecg-maya-hydra/build.py --stages=clean --workspace-dir=/local/S/jenkins/workspace/ECP/ecg-maya-hydra/ecg-maya-hydra-branch-preflight-python3-osx --artifactory-dir=/local/S/jenkins/workspace/shared/Artifactory --build-dir=/local/S/jenkins/workspace/ECP/ecg-maya-hydra/ecg-maya-hydra-branch-preflight-python3-osx/build --install-dir=/local/S/jenkins/workspace/ECP/ecg-maya-hydra/ecg-maya-hydra-branch-preflight-python3-osx/install --signing-dir=/local/S/jenkins/workspace/ECP/ecg-maya-hydra/ecg-maya-hydra-branch-preflight-python3-osx/signing --package-dir=/local/S/jenkins/workspace/ECP/ecg-maya-hydra/ecg-maya-hydra-branch-preflight-python3-osx/package --output-dir=/local/S/jenkins/workspace/ECP/ecg-maya-hydra/ecg-maya-hydra-branch-preflight-python3-osx/output --stash-dir=/local/S/jenkins/workspace/ECP/ecg-maya-hydra/ecg-maya-hydra-branch-preflight-python3-osx/stash --jenkins-build=468 --git-commit=de03c1bade291bc4d76c6948df17a321b23e5f00 --git-branch=master --variants=Debug --interactive-tests=false --post-zips=false --osx-binary-architecture-target=ub2 --osx-deployment-target=11.0 --osx-base-sdk=CurrentActiveSDK --maya-cut-config=maya-rundev-master-debug.yaml --maya-package=rundev-master-debug --stage-banner
[2024-01-19T10:37:21.454Z] config_file /Volumes/DATA/local/S/jenkins/workspace/ECP/ecg-maya-hydra/ecg-maya-hydra-branch-preflight-python3-osx/ecg-maya-hydra/maya-rundev-master-debug.yaml
[2024-01-19T10:37:21.454Z] Using Maya cut from /local/S/jenkins/workspace/shared/Artifactory/OSX/rundev-master-debug/202401181544/runtime/c82f3e9/runTime
[2024-01-19T10:37:21.454Z] Using Maya ADSK Signatures from /local/S/jenkins/workspace/shared/Artifactory/OSX/adsk-plugin-signatures-maya/2023/3ae1ae7
[2024-01-19T10:37:21.454Z] Using Maya Security Library from /local/S/jenkins/workspace/shared/Artifactory/OSX/maya-security-library/3.4.0/5e08f3e
[2024-01-19T10:37:21.454Z] 
[2024-01-19T10:37:21.454Z] ================================================================================
[2024-01-19T10:37:21.454Z]                                  clean (Debug)
[2024-01-19T10:37:21.454Z] ================================================================================
[2024-01-19T10:37:21.454Z] Maya Python Debug Info:
[2024-01-19T10:37:21.454Z]   mayapy executable   = /local/S/jenkins/workspace/shared/Artifactory/OSX/rundev-master-debug/202401181544/runtime/c82f3e9/runTime/Maya.app/Contents/bin/mayapy
[2024-01-19T10:37:21.454Z]   Include Folder      = /local/S/jenkins/workspace/shared/Artifactory/OSX/rundev-master-debug/202401181544/runtime/c82f3e9/runTime/Maya.app/Contents/Frameworks/Python.framework/Versions/Current/include/python3.11
[2024-01-19T10:37:21.454Z]   Library             = /local/S/jenkins/workspace/shared/Artifactory/OSX/rundev-master-debug/202401181544/runtime/c82f3e9/runTime/Maya.app/Contents/Frameworks/Python.framework/Versions/Current/lib/libpython3.11.dylib
[2024-01-19T10:37:21.454Z]   site-package Folder = /local/S/jenkins/workspace/shared/Artifactory/OSX/rundev-master-debug/202401181544/runtime/c82f3e9/runTime/Maya.app/Contents/Frameworks/Python.framework/Versions/Current/lib/python3.11/site-packages
[2024-01-19T10:37:43.947Z] Adding Python package requirements: ['/local/S/jenkins/workspace/shared/Artifactory/OSX/rundev-master-debug/202401181544/runtime/c82f3e9/runTime/Maya.app/Contents/bin/mayapy', '-m', 'pip', 'install', '-t', '/local/S/jenkins/workspace/shared/Artifactory/OSX/rundev-master-debug/202401181544/runtime/c82f3e9/runTime/Maya.app/Contents/Frameworks/Python.framework/Versions/Current/lib/python3.11/site-packages', '-r', 'python_requirements.txt']
[2024-01-19T10:37:43.947Z] In workdir: /Volumes/DATA/local/S/jenkins/workspace/ECP/ecg-maya-hydra/ecg-maya-hydra-branch-preflight-python3-osx/ecg-maya-hydra/maya-hydra
[2024-01-19T10:37:43.947Z] Executing: arch -arch arm64 /local/S/jenkins/workspace/shared/Artifactory/OSX/rundev-master-debug/202401181544/runtime/c82f3e9/runTime/Maya.app/Contents/bin/mayapy /Volumes/DATA/local/S/jenkins/workspace/ECP/ecg-maya-hydra/ecg-maya-hydra-branch-preflight-python3-osx/ecg-maya-hydra/maya-hydra/build.py --generator Ninja --build-debug --maya-location /local/S/jenkins/workspace/shared/Artifactory/OSX/rundev-master-debug/202401181544/runtime/c82f3e9/runTime --devkit-location /local/S/jenkins/workspace/shared/Artifactory/OSX/rundev-master-debug/202401181544/runtime/c82f3e9/devkitBase --pxrusd-location /local/S/jenkins/workspace/shared/Artifactory/OSX/USD/ca7f6ed --build-args=-DCMAKE_MAKE_PROGRAM=/local/S/jenkins/workspace/shared/Artifactory/OSX/ninja/1.10.2/95d0ca5/ninja,-DPYTHON_INCLUDE_DIR=/local/S/jenkins/workspace/shared/Artifactory/OSX/rundev-master-debug/202401181544/runtime/c82f3e9/runTime/Maya.app/Contents/Frameworks/Python.framework/Versions/Current/include/python3.11,-DPython_EXECUTABLE=/local/S/jenkins/workspace/shared/Artifactory/OSX/rundev-master-debug/202401181544/runtime/c82f3e9/runTime/Maya.app/Contents/bin/mayapy,-DPYTHON_LIBRARIES=/local/S/jenkins/workspace/shared/Artifactory/OSX/rundev-master-debug/202401181544/runtime/c82f3e9/runTime/Maya.app/Contents/Frameworks/Python.framework/Versions/Current/lib/libpython3.11.dylib,-DBUILD_WITH_PYTHON_3_VERSION=3.11,-DBUILD_UB2=ON,-DCMAKE_WANT_MATERIALX_BUILD=ON,-DCMAKE_PREFIX_PATH=/local/S/jenkins/workspace/shared/Artifactory/OSX/USD/ca7f6ed,-DMAYAHYDRA_BUILD_NUMBER=468,-DMAYAHYDRA_GIT_COMMIT=de03c1bade291bc4d76c6948df17a321b23e5f00,-DMAYAHYDRA_GIT_BRANCH=master,-DMAYAUSD_LOCATION=/local/S/jenkins/workspace/shared/Artifactory/OSX/mayausd-cotd-debug/202401170904/runtime/d26f121/mayausd '--ctest-args=-LE interactive,--parallel 8' --stages=clean --redirect-outstream-file=False --install-location /local/S/jenkins/workspace/ECP/ecg-maya-hydra/ecg-maya-hydra-branch-preflight-python3-osx/install/Debug/MayaHydra /local/S/jenkins/workspace/ECP/ecg-maya-hydra/ecg-maya-hydra-branch-preflight-python3-osx
[2024-01-19T10:37:43.947Z] Modified environment variables:
[2024-01-19T10:37:43.947Z]     PATH=/local/S/jenkins/workspace/shared/Artifactory/OSX/cmake/3.20.3/2594509/bin:/opt/homebrew/bin:/usr/local/bin:/bin:/usr/sbin:/sbin:/usr/bin:/usr/bin:/bin:/usr/sbin:/sbin
[2024-01-19T10:37:43.947Z]     
[2024-01-19T10:37:43.947Z]         Building with settings:
[2024-01-19T10:37:43.947Z]           Source directory          /Volumes/DATA/local/S/jenkins/workspace/ECP/ecg-maya-hydra/ecg-maya-hydra-branch-preflight-python3-osx/ecg-maya-hydra/maya-hydra
[2024-01-19T10:37:43.947Z]           Workspace directory       /local/S/jenkins/workspace/ECP/ecg-maya-hydra/ecg-maya-hydra-branch-preflight-python3-osx
[2024-01-19T10:37:43.947Z]           Build directory           /local/S/jenkins/workspace/ECP/ecg-maya-hydra/ecg-maya-hydra-branch-preflight-python3-osx/build/Debug
[2024-01-19T10:37:43.947Z]           Install directory         /local/S/jenkins/workspace/ECP/ecg-maya-hydra/ecg-maya-hydra-branch-preflight-python3-osx/install/Debug/MayaHydra
[2024-01-19T10:37:43.947Z]           Variant                   Debug
[2024-01-19T10:37:43.947Z]           Python Debug              Off
[2024-01-19T10:37:43.947Z]           CMake generator           Ninja
[2024-01-19T10:37:43.947Z]           Build arguments           ['-DCMAKE_MAKE_PROGRAM=/local/S/jenkins/workspace/shared/Artifactory/OSX/ninja/1.10.2/95d0ca5/ninja', '-DPYTHON_INCLUDE_DIR=/local/S/jenkins/workspace/shared/Artifactory/OSX/rundev-master-debug/202401181544/runtime/c82f3e9/runTime/Maya.app/Contents/Frameworks/Python.framework/Versions/Current/include/python3.11', '-DPython_EXECUTABLE=/local/S/jenkins/workspace/shared/Artifactory/OSX/rundev-master-debug/202401181544/runtime/c82f3e9/runTime/Maya.app/Contents/bin/mayapy', '-DPYTHON_LIBRARIES=/local/S/jenkins/workspace/shared/Artifactory/OSX/rundev-master-debug/202401181544/runtime/c82f3e9/runTime/Maya.app/Contents/Frameworks/Python.framework/Versions/Current/lib/libpython3.11.dylib', '-DBUILD_WITH_PYTHON_3_VERSION=3.11', '-DBUILD_UB2=ON', '-DCMAKE_WANT_MATERIALX_BUILD=ON', '-DCMAKE_PREFIX_PATH=/local/S/jenkins/workspace/shared/Artifactory/OSX/USD/ca7f6ed', '-DMAYAHYDRA_BUILD_NUMBER=468', '-DMAYAHYDRA_GIT_COMMIT=de03c1bade291bc4d76c6948df17a321b23e5f00', '-DMAYAHYDRA_GIT_BRANCH=master', '-DMAYAUSD_LOCATION=/local/S/jenkins/workspace/shared/Artifactory/OSX/mayausd-cotd-debug/202401170904/runtime/d26f121/mayausd']
[2024-01-19T10:37:43.947Z]           Stages arguments          ['clean']
[2024-01-19T10:37:43.947Z]           CTest arguments           ['-LE interactive', '--parallel 8']
[2024-01-19T10:37:43.947Z]     Success MayaHydra build and install !!!!
[2024-01-19T10:37:43.947Z]     Elapsed time: 00:00:00
[Pipeline] sh
[2024-01-19T10:37:45.455Z] + python ecg-maya-hydra/build.py --stages=clean --workspace-dir=/local/S/jenkins/workspace/ECP/ecg-maya-hydra/ecg-maya-hydra-branch-preflight-python3-osx --artifactory-dir=/local/S/jenkins/workspace/shared/Artifactory --build-dir=/local/S/jenkins/workspace/ECP/ecg-maya-hydra/ecg-maya-hydra-branch-preflight-python3-osx/build --install-dir=/local/S/jenkins/workspace/ECP/ecg-maya-hydra/ecg-maya-hydra-branch-preflight-python3-osx/install --signing-dir=/local/S/jenkins/workspace/ECP/ecg-maya-hydra/ecg-maya-hydra-branch-preflight-python3-osx/signing --package-dir=/local/S/jenkins/workspace/ECP/ecg-maya-hydra/ecg-maya-hydra-branch-preflight-python3-osx/package --output-dir=/local/S/jenkins/workspace/ECP/ecg-maya-hydra/ecg-maya-hydra-branch-preflight-python3-osx/output --stash-dir=/local/S/jenkins/workspace/ECP/ecg-maya-hydra/ecg-maya-hydra-branch-preflight-python3-osx/stash --jenkins-build=468 --git-commit=de03c1bade291bc4d76c6948df17a321b23e5f00 --git-branch=master --variants=RelWithDebInfo --interactive-tests=false --post-zips=false --osx-binary-architecture-target=ub2 --osx-deployment-target=11.0 --osx-base-sdk=CurrentActiveSDK --maya-cut-config=maya-rundev-master.yaml --maya-package=rundev-master --stage-banner
[2024-01-19T10:37:45.455Z] config_file /Volumes/DATA/local/S/jenkins/workspace/ECP/ecg-maya-hydra/ecg-maya-hydra-branch-preflight-python3-osx/ecg-maya-hydra/maya-rundev-master.yaml
[2024-01-19T10:37:45.455Z] Using Maya cut from /local/S/jenkins/workspace/shared/Artifactory/OSX/rundev-master/202401181544/runtime/a25a8b6/runTime
[2024-01-19T10:37:45.455Z] Using Maya ADSK Signatures from /local/S/jenkins/workspace/shared/Artifactory/OSX/adsk-plugin-signatures-maya/2023/3ae1ae7
[2024-01-19T10:37:45.455Z] Using Maya Security Library from /local/S/jenkins/workspace/shared/Artifactory/OSX/maya-security-library/3.4.0/5e08f3e
[2024-01-19T10:37:45.455Z] 
[2024-01-19T10:37:45.455Z] ================================================================================
[2024-01-19T10:37:45.455Z]                              clean (RelWithDebInfo)
[2024-01-19T10:37:45.455Z] ================================================================================
[2024-01-19T10:37:45.455Z] Maya Python RelWithDebInfo Info:
[2024-01-19T10:37:45.455Z]   mayapy executable   = /local/S/jenkins/workspace/shared/Artifactory/OSX/rundev-master/202401181544/runtime/a25a8b6/runTime/Maya.app/Contents/bin/mayapy
[2024-01-19T10:37:45.455Z]   Include Folder      = /local/S/jenkins/workspace/shared/Artifactory/OSX/rundev-master/202401181544/runtime/a25a8b6/runTime/Maya.app/Contents/Frameworks/Python.framework/Versions/Current/include/python3.11
[2024-01-19T10:37:45.455Z]   Library             = /local/S/jenkins/workspace/shared/Artifactory/OSX/rundev-master/202401181544/runtime/a25a8b6/runTime/Maya.app/Contents/Frameworks/Python.framework/Versions/Current/lib/libpython3.11.dylib
[2024-01-19T10:37:45.455Z]   site-package Folder = /local/S/jenkins/workspace/shared/Artifactory/OSX/rundev-master/202401181544/runtime/a25a8b6/runTime/Maya.app/Contents/Frameworks/Python.framework/Versions/Current/lib/python3.11/site-packages
[2024-01-19T10:38:01.469Z] Adding Python package requirements: ['/local/S/jenkins/workspace/shared/Artifactory/OSX/rundev-master/202401181544/runtime/a25a8b6/runTime/Maya.app/Contents/bin/mayapy', '-m', 'pip', 'install', '-t', '/local/S/jenkins/workspace/shared/Artifactory/OSX/rundev-master/202401181544/runtime/a25a8b6/runTime/Maya.app/Contents/Frameworks/Python.framework/Versions/Current/lib/python3.11/site-packages', '-r', 'python_requirements.txt']
[2024-01-19T10:38:01.469Z] In workdir: /Volumes/DATA/local/S/jenkins/workspace/ECP/ecg-maya-hydra/ecg-maya-hydra-branch-preflight-python3-osx/ecg-maya-hydra/maya-hydra
[2024-01-19T10:38:01.469Z] Executing: arch -arch arm64 /local/S/jenkins/workspace/shared/Artifactory/OSX/rundev-master/202401181544/runtime/a25a8b6/runTime/Maya.app/Contents/bin/mayapy /Volumes/DATA/local/S/jenkins/workspace/ECP/ecg-maya-hydra/ecg-maya-hydra-branch-preflight-python3-osx/ecg-maya-hydra/maya-hydra/build.py --generator Ninja --build-relwithdebug --maya-location /local/S/jenkins/workspace/shared/Artifactory/OSX/rundev-master/202401181544/runtime/a25a8b6/runTime --devkit-location /local/S/jenkins/workspace/shared/Artifactory/OSX/rundev-master/202401181544/runtime/a25a8b6/devkitBase --pxrusd-location /local/S/jenkins/workspace/shared/Artifactory/OSX/USD/8270819 --build-args=-DCMAKE_MAKE_PROGRAM=/local/S/jenkins/workspace/shared/Artifactory/OSX/ninja/1.10.2/95d0ca5/ninja,-DPYTHON_INCLUDE_DIR=/local/S/jenkins/workspace/shared/Artifactory/OSX/rundev-master/202401181544/runtime/a25a8b6/runTime/Maya.app/Contents/Frameworks/Python.framework/Versions/Current/include/python3.11,-DPython_EXECUTABLE=/local/S/jenkins/workspace/shared/Artifactory/OSX/rundev-master/202401181544/runtime/a25a8b6/runTime/Maya.app/Contents/bin/mayapy,-DPYTHON_LIBRARIES=/local/S/jenkins/workspace/shared/Artifactory/OSX/rundev-master/202401181544/runtime/a25a8b6/runTime/Maya.app/Contents/Frameworks/Python.framework/Versions/Current/lib/libpython3.11.dylib,-DBUILD_WITH_PYTHON_3_VERSION=3.11,-DBUILD_UB2=ON,-DCMAKE_WANT_MATERIALX_BUILD=ON,-DCMAKE_PREFIX_PATH=/local/S/jenkins/workspace/shared/Artifactory/OSX/USD/8270819,-DMAYAHYDRA_BUILD_NUMBER=468,-DMAYAHYDRA_GIT_COMMIT=de03c1bade291bc4d76c6948df17a321b23e5f00,-DMAYAHYDRA_GIT_BRANCH=master,-DMAYAUSD_LOCATION=/local/S/jenkins/workspace/shared/Artifactory/OSX/mayausd-cotd/202401170904/runtime/5c19b81/mayausd '--ctest-args=-LE interactive,--parallel 8' --stages=clean --redirect-outstream-file=False --install-location /local/S/jenkins/workspace/ECP/ecg-maya-hydra/ecg-maya-hydra-branch-preflight-python3-osx/install/RelWithDebInfo/MayaHydra /local/S/jenkins/workspace/ECP/ecg-maya-hydra/ecg-maya-hydra-branch-preflight-python3-osx
[2024-01-19T10:38:01.469Z] Modified environment variables:
[2024-01-19T10:38:01.469Z]     PATH=/local/S/jenkins/workspace/shared/Artifactory/OSX/cmake/3.20.3/2594509/bin:/opt/homebrew/bin:/usr/local/bin:/bin:/usr/sbin:/sbin:/usr/bin:/usr/bin:/bin:/usr/sbin:/sbin
[2024-01-19T10:38:01.469Z]     
[2024-01-19T10:38:01.469Z]         Building with settings:
[2024-01-19T10:38:01.469Z]           Source directory          /Volumes/DATA/local/S/jenkins/workspace/ECP/ecg-maya-hydra/ecg-maya-hydra-branch-preflight-python3-osx/ecg-maya-hydra/maya-hydra
[2024-01-19T10:38:01.469Z]           Workspace directory       /local/S/jenkins/workspace/ECP/ecg-maya-hydra/ecg-maya-hydra-branch-preflight-python3-osx
[2024-01-19T10:38:01.469Z]           Build directory           /local/S/jenkins/workspace/ECP/ecg-maya-hydra/ecg-maya-hydra-branch-preflight-python3-osx/build/RelWithDebInfo
[2024-01-19T10:38:01.469Z]           Install directory         /local/S/jenkins/workspace/ECP/ecg-maya-hydra/ecg-maya-hydra-branch-preflight-python3-osx/install/RelWithDebInfo/MayaHydra
[2024-01-19T10:38:01.469Z]           Variant                   RelWithDebInfo
[2024-01-19T10:38:01.469Z]           Python Debug              Off
[2024-01-19T10:38:01.469Z]           CMake generator           Ninja
[2024-01-19T10:38:01.469Z]           Build arguments           ['-DCMAKE_MAKE_PROGRAM=/local/S/jenkins/workspace/shared/Artifactory/OSX/ninja/1.10.2/95d0ca5/ninja', '-DPYTHON_INCLUDE_DIR=/local/S/jenkins/workspace/shared/Artifactory/OSX/rundev-master/202401181544/runtime/a25a8b6/runTime/Maya.app/Contents/Frameworks/Python.framework/Versions/Current/include/python3.11', '-DPython_EXECUTABLE=/local/S/jenkins/workspace/shared/Artifactory/OSX/rundev-master/202401181544/runtime/a25a8b6/runTime/Maya.app/Contents/bin/mayapy', '-DPYTHON_LIBRARIES=/local/S/jenkins/workspace/shared/Artifactory/OSX/rundev-master/202401181544/runtime/a25a8b6/runTime/Maya.app/Contents/Frameworks/Python.framework/Versions/Current/lib/libpython3.11.dylib', '-DBUILD_WITH_PYTHON_3_VERSION=3.11', '-DBUILD_UB2=ON', '-DCMAKE_WANT_MATERIALX_BUILD=ON', '-DCMAKE_PREFIX_PATH=/local/S/jenkins/workspace/shared/Artifactory/OSX/USD/8270819', '-DMAYAHYDRA_BUILD_NUMBER=468', '-DMAYAHYDRA_GIT_COMMIT=de03c1bade291bc4d76c6948df17a321b23e5f00', '-DMAYAHYDRA_GIT_BRANCH=master', '-DMAYAUSD_LOCATION=/local/S/jenkins/workspace/shared/Artifactory/OSX/mayausd-cotd/202401170904/runtime/5c19b81/mayausd']
[2024-01-19T10:38:01.469Z]           Stages arguments          ['clean']
[2024-01-19T10:38:01.469Z]           CTest arguments           ['-LE interactive', '--parallel 8']
[2024-01-19T10:38:01.469Z]     Success MayaHydra build and install !!!!
[2024-01-19T10:38:01.470Z]     Elapsed time: 00:00:00
[Pipeline] }
[Pipeline] // withEnv
[Pipeline] }
[Pipeline] // timeout
[Pipeline] }
[Pipeline] // stage
[Pipeline] }
[Pipeline] // timestamps
[Pipeline] timestamps
[Pipeline] {
[Pipeline] stage
[Pipeline] { (Configure)
[Pipeline] timeout
[2024-01-19T10:38:01.867Z] Timeout set to expire in 6 hr 0 min
[Pipeline] {
[Pipeline] withEnv
[Pipeline] {
[Pipeline] sh
[2024-01-19T10:38:03.159Z] + python ecg-maya-hydra/build.py --stages=configure --workspace-dir=/local/S/jenkins/workspace/ECP/ecg-maya-hydra/ecg-maya-hydra-branch-preflight-python3-osx --artifactory-dir=/local/S/jenkins/workspace/shared/Artifactory --build-dir=/local/S/jenkins/workspace/ECP/ecg-maya-hydra/ecg-maya-hydra-branch-preflight-python3-osx/build --install-dir=/local/S/jenkins/workspace/ECP/ecg-maya-hydra/ecg-maya-hydra-branch-preflight-python3-osx/install --signing-dir=/local/S/jenkins/workspace/ECP/ecg-maya-hydra/ecg-maya-hydra-branch-preflight-python3-osx/signing --package-dir=/local/S/jenkins/workspace/ECP/ecg-maya-hydra/ecg-maya-hydra-branch-preflight-python3-osx/package --output-dir=/local/S/jenkins/workspace/ECP/ecg-maya-hydra/ecg-maya-hydra-branch-preflight-python3-osx/output --stash-dir=/local/S/jenkins/workspace/ECP/ecg-maya-hydra/ecg-maya-hydra-branch-preflight-python3-osx/stash --jenkins-build=468 --git-commit=de03c1bade291bc4d76c6948df17a321b23e5f00 --git-branch=master --variants=Debug --interactive-tests=false --post-zips=false --osx-binary-architecture-target=ub2 --osx-deployment-target=11.0 --osx-base-sdk=CurrentActiveSDK --maya-cut-config=maya-rundev-master-debug.yaml --maya-package=rundev-master-debug --stage-banner
[2024-01-19T10:38:03.159Z] config_file /Volumes/DATA/local/S/jenkins/workspace/ECP/ecg-maya-hydra/ecg-maya-hydra-branch-preflight-python3-osx/ecg-maya-hydra/maya-rundev-master-debug.yaml
[2024-01-19T10:38:03.159Z] Using Maya cut from /local/S/jenkins/workspace/shared/Artifactory/OSX/rundev-master-debug/202401181544/runtime/c82f3e9/runTime
[2024-01-19T10:38:03.159Z] Using Maya ADSK Signatures from /local/S/jenkins/workspace/shared/Artifactory/OSX/adsk-plugin-signatures-maya/2023/3ae1ae7
[2024-01-19T10:38:03.159Z] Using Maya Security Library from /local/S/jenkins/workspace/shared/Artifactory/OSX/maya-security-library/3.4.0/5e08f3e
[2024-01-19T10:38:03.159Z] 
[2024-01-19T10:38:03.159Z] ================================================================================
[2024-01-19T10:38:03.159Z]                                configure (Debug)
[2024-01-19T10:38:03.159Z] ================================================================================
[2024-01-19T10:38:03.159Z] Maya Python Debug Info:
[2024-01-19T10:38:03.159Z]   mayapy executable   = /local/S/jenkins/workspace/shared/Artifactory/OSX/rundev-master-debug/202401181544/runtime/c82f3e9/runTime/Maya.app/Contents/bin/mayapy
[2024-01-19T10:38:03.159Z]   Include Folder      = /local/S/jenkins/workspace/shared/Artifactory/OSX/rundev-master-debug/202401181544/runtime/c82f3e9/runTime/Maya.app/Contents/Frameworks/Python.framework/Versions/Current/include/python3.11
[2024-01-19T10:38:03.159Z]   Library             = /local/S/jenkins/workspace/shared/Artifactory/OSX/rundev-master-debug/202401181544/runtime/c82f3e9/runTime/Maya.app/Contents/Frameworks/Python.framework/Versions/Current/lib/libpython3.11.dylib
[2024-01-19T10:38:03.159Z]   site-package Folder = /local/S/jenkins/workspace/shared/Artifactory/OSX/rundev-master-debug/202401181544/runtime/c82f3e9/runTime/Maya.app/Contents/Frameworks/Python.framework/Versions/Current/lib/python3.11/site-packages
[2024-01-19T10:38:03.159Z] In workdir: /Volumes/DATA/local/S/jenkins/workspace/ECP/ecg-maya-hydra/ecg-maya-hydra-branch-preflight-python3-osx/ecg-maya-hydra/maya-hydra
[2024-01-19T10:38:03.159Z] Executing: arch -arch arm64 /local/S/jenkins/workspace/shared/Artifactory/OSX/rundev-master-debug/202401181544/runtime/c82f3e9/runTime/Maya.app/Contents/bin/mayapy /Volumes/DATA/local/S/jenkins/workspace/ECP/ecg-maya-hydra/ecg-maya-hydra-branch-preflight-python3-osx/ecg-maya-hydra/maya-hydra/build.py --generator Ninja --build-debug --maya-location /local/S/jenkins/workspace/shared/Artifactory/OSX/rundev-master-debug/202401181544/runtime/c82f3e9/runTime --devkit-location /local/S/jenkins/workspace/shared/Artifactory/OSX/rundev-master-debug/202401181544/runtime/c82f3e9/devkitBase --pxrusd-location /local/S/jenkins/workspace/shared/Artifactory/OSX/USD/ca7f6ed --build-args=-DCMAKE_MAKE_PROGRAM=/local/S/jenkins/workspace/shared/Artifactory/OSX/ninja/1.10.2/95d0ca5/ninja,-DPYTHON_INCLUDE_DIR=/local/S/jenkins/workspace/shared/Artifactory/OSX/rundev-master-debug/202401181544/runtime/c82f3e9/runTime/Maya.app/Contents/Frameworks/Python.framework/Versions/Current/include/python3.11,-DPython_EXECUTABLE=/local/S/jenkins/workspace/shared/Artifactory/OSX/rundev-master-debug/202401181544/runtime/c82f3e9/runTime/Maya.app/Contents/bin/mayapy,-DPYTHON_LIBRARIES=/local/S/jenkins/workspace/shared/Artifactory/OSX/rundev-master-debug/202401181544/runtime/c82f3e9/runTime/Maya.app/Contents/Frameworks/Python.framework/Versions/Current/lib/libpython3.11.dylib,-DBUILD_WITH_PYTHON_3_VERSION=3.11,-DBUILD_UB2=ON,-DCMAKE_WANT_MATERIALX_BUILD=ON,-DCMAKE_PREFIX_PATH=/local/S/jenkins/workspace/shared/Artifactory/OSX/USD/ca7f6ed,-DMAYAHYDRA_BUILD_NUMBER=468,-DMAYAHYDRA_GIT_COMMIT=de03c1bade291bc4d76c6948df17a321b23e5f00,-DMAYAHYDRA_GIT_BRANCH=master,-DMAYAUSD_LOCATION=/local/S/jenkins/workspace/shared/Artifactory/OSX/mayausd-cotd-debug/202401170904/runtime/d26f121/mayausd '--ctest-args=-LE interactive,--parallel 8' --stages=configure --redirect-outstream-file=False --install-location /local/S/jenkins/workspace/ECP/ecg-maya-hydra/ecg-maya-hydra-branch-preflight-python3-osx/install/Debug/MayaHydra /local/S/jenkins/workspace/ECP/ecg-maya-hydra/ecg-maya-hydra-branch-preflight-python3-osx
[2024-01-19T10:38:03.159Z] Modified environment variables:
[2024-01-19T10:38:03.159Z]     PATH=/local/S/jenkins/workspace/shared/Artifactory/OSX/cmake/3.20.3/2594509/bin:/opt/homebrew/bin:/usr/local/bin:/bin:/usr/sbin:/sbin:/usr/bin:/usr/bin:/bin:/usr/sbin:/sbin
[2024-01-19T10:38:14.430Z]     -- The C compiler identification is AppleClang 13.1.6.13160021
[2024-01-19T10:38:14.430Z]     -- The CXX compiler identification is AppleClang 13.1.6.13160021
[2024-01-19T10:38:14.430Z]     -- Detecting C compiler ABI info
[2024-01-19T10:38:14.977Z]     -- Detecting C compiler ABI info - done
[2024-01-19T10:38:14.977Z]     -- Check for working C compiler: /Applications/Xcode.app/Contents/Developer/Toolchains/XcodeDefault.xctoolchain/usr/bin/cc - skipped
[2024-01-19T10:38:14.977Z]     -- Detecting C compile features
[2024-01-19T10:38:14.977Z]     -- Detecting C compile features - done
[2024-01-19T10:38:14.977Z]     -- Detecting CXX compiler ABI info
[2024-01-19T10:38:14.977Z]     -- Detecting CXX compiler ABI info - done
[2024-01-19T10:38:14.977Z]     -- Check for working CXX compiler: /Applications/Xcode.app/Contents/Developer/Toolchains/XcodeDefault.xctoolchain/usr/bin/c++ - skipped
[2024-01-19T10:38:14.977Z]     -- Detecting CXX compile features
[2024-01-19T10:38:14.977Z]     -- Detecting CXX compile features - done
[2024-01-19T10:38:14.977Z]     -- Building with Universal Binary 2
[2024-01-19T10:38:16.117Z]     -- Using Maya Light API Version 3
[2024-01-19T10:38:16.117Z]     -- Maya has setDefaultMaterialHandling API
[2024-01-19T10:38:16.117Z]     -- Maya has new point snapping API
[2024-01-19T10:38:16.117Z]     -- Maya has isInCrashHandler API
[2024-01-19T10:38:16.117Z]     -- Maya has getDisplayStyleOfAllViewports API
[2024-01-19T10:38:16.117Z]     -- Maya array iterator has difference_type trait
[2024-01-19T10:38:16.117Z]     -- MFnSet has getMemberPaths function
[2024-01-19T10:38:16.117Z]     -- MFnDisplayLayer exists
[2024-01-19T10:38:16.117Z]     -- MDisplayLayerMessage has MDisplayLayerMemberChangedFunction
[2024-01-19T10:38:16.117Z]     -- MRenderItem has HideOnPlayback API
[2024-01-19T10:38:16.117Z]     -- MacOSX: Maya was built with Universal Binary 2 (x86_64/arm64)
[2024-01-19T10:38:16.117Z]     -- Found Maya: /local/S/jenkins/workspace/shared/Artifactory/OSX/rundev-master-debug/202401181544/runtime/c82f3e9/runTime/maya.app/Contents/MacOS/Maya (found suitable version "2025", minimum required is "2024")
[2024-01-19T10:38:16.117Z]     -- Found Python: /local/S/jenkins/workspace/shared/Artifactory/OSX/rundev-master-debug/202401181544/runtime/c82f3e9/runTime/Maya.app/Contents/bin/mayapy (found suitable exact version "3.11.4") found components: Interpreter
[2024-01-19T10:38:16.117Z]     -- Build mayaHydra with Python3 = 3.11
[2024-01-19T10:38:16.117Z]     --    PYTHON_INCLUDE_DIRS = /local/S/jenkins/workspace/shared/Artifactory/OSX/rundev-master-debug/202401181544/runtime/c82f3e9/runTime/Maya.app/Contents/Frameworks/Python.framework/Versions/Current/include/python3.11
[2024-01-19T10:38:16.117Z]     --    PYTHON_LIBRARIES    = /local/S/jenkins/workspace/shared/Artifactory/OSX/rundev-master-debug/202401181544/runtime/c82f3e9/runTime/Maya.app/Contents/Frameworks/Python.framework/Versions/Current/lib/libpython3.11.dylib
[2024-01-19T10:38:16.117Z]     --    Python_EXECUTABLE   = /local/S/jenkins/workspace/shared/Artifactory/OSX/rundev-master-debug/202401181544/runtime/c82f3e9/runTime/Maya.app/Contents/bin/mayapy
[2024-01-19T10:38:16.663Z]     -- Found Python3: /local/S/jenkins/workspace/shared/Artifactory/OSX/rundev-master-debug/202401181544/runtime/c82f3e9/runTime/Maya.app/Contents/Frameworks/Python.framework/Versions/Current/include/python3.11 (found suitable exact version "3.11.4") found components: Development Development.Module Development.Embed
[2024-01-19T10:38:16.663Z]     -- USD has new Sdr.PropertyTypes.Color4
[2024-01-19T10:38:16.663Z]     -- USD has MaterialX metadata support
[2024-01-19T10:38:16.663Z]     -- USD include dir: /local/S/jenkins/workspace/shared/Artifactory/OSX/USD/ca7f6ed/include
[2024-01-19T10:38:16.663Z]     -- USD library dir: /local/S/jenkins/workspace/shared/Artifactory/OSX/USD/ca7f6ed/lib
[2024-01-19T10:38:16.663Z]     -- USD version: 0.23.11
[2024-01-19T10:38:16.663Z]     -- Found USD: /local/S/jenkins/workspace/shared/Artifactory/OSX/USD/ca7f6ed (found suitable version "0.23.11", minimum required is "0.22.11")
[2024-01-19T10:38:16.663Z]     Updated PYTHONPATH: /local/S/jenkins/workspace/shared/Artifactory/OSX/USD/ca7f6ed/lib/python
[2024-01-19T10:38:16.663Z]     -- Found UFE: /local/S/jenkins/workspace/shared/Artifactory/OSX/rundev-master-debug/202401181544/runtime/c82f3e9/devkitBase/devkit/ufe/include (found version "5.0.0")
[2024-01-19T10:38:16.663Z]     -- UFE include dir: /local/S/jenkins/workspace/shared/Artifactory/OSX/rundev-master-debug/202401181544/runtime/c82f3e9/devkitBase/devkit/ufe/include
[2024-01-19T10:38:16.663Z]     -- UFE library: /local/S/jenkins/workspace/shared/Artifactory/OSX/rundev-master-debug/202401181544/runtime/c82f3e9/devkitBase/devkit/ufe/lib/libufe_5.dylib
[2024-01-19T10:38:16.663Z]     -- UFE version: 5.0.0
[2024-01-19T10:38:16.663Z]     -- Maya has UFE lights API
[2024-01-19T10:38:16.663Z]     -- Maya has UFE scene segment API
[2024-01-19T10:38:16.663Z]     -- Maya has UFE TrieNode childrenComponents accessor
[2024-01-19T10:38:16.663Z]     -- Building with UFE 5.0.0.
[2024-01-19T10:38:16.663Z]     CMake Warning (dev) at /Volumes/DATA/local/S/jenkins/workspace/shared/Artifactory/OSX/cmake/3.20.3/2594509/share/cmake-3.20/Modules/FindPackageHandleStandardArgs.cmake:438 (message):
[2024-01-19T10:38:16.663Z]       The package name passed to `find_package_handle_standard_args` (MAYAUSD)
[2024-01-19T10:38:16.663Z]       does not match the name of the calling package (MayaUsd).  This can lead to
[2024-01-19T10:38:16.663Z]       problems in calling code that expects `find_package` result variables
[2024-01-19T10:38:16.663Z]       (e.g., `_FOUND`) to follow a certain pattern.
[2024-01-19T10:38:16.663Z]     Call Stack (most recent call first):
[2024-01-19T10:38:16.663Z]       cmake/modules/FindMayaUsd.cmake:62 (find_package_handle_standard_args)
[2024-01-19T10:38:16.663Z]       CMakeLists.txt:134 (find_package)
[2024-01-19T10:38:16.663Z]     This warning is for project developers.  Use -Wno-dev to suppress it.
[2024-01-19T10:38:16.663Z]     
[2024-01-19T10:38:16.663Z]     -- Could NOT find MAYAUSD (missing: MAYAUSD_INCLUDE_DIR MAYAUSD_LIBRARY_DIR)
[2024-01-19T10:38:16.663Z]     CMake Error at cmake/modules/FindMayaUsd.cmake:86 (message):
[2024-01-19T10:38:16.663Z]       Could not find MayaUsd library and include directories in the folder
[2024-01-19T10:38:16.663Z]       provided :
[2024-01-19T10:38:16.663Z]       /local/S/jenkins/workspace/shared/Artifactory/OSX/mayausd-cotd-debug/202401170904/runtime/d26f121/mayausd
[2024-01-19T10:38:16.663Z]     Call Stack (most recent call first):
[2024-01-19T10:38:16.663Z]       CMakeLists.txt:134 (find_package)
[2024-01-19T10:38:16.663Z]     
[2024-01-19T10:38:16.663Z]     
[2024-01-19T10:38:16.663Z]     -- Configuring incomplete, errors occurred!
[2024-01-19T10:38:16.663Z]     See also "/Volumes/DATA/local/S/jenkins/workspace/ECP/ecg-maya-hydra/ecg-maya-hydra-branch-preflight-python3-osx/build/Debug/CMakeFiles/CMakeOutput.log".
[2024-01-19T10:38:16.663Z]     See also "/Volumes/DATA/local/S/jenkins/workspace/ECP/ecg-maya-hydra/ecg-maya-hydra-branch-preflight-python3-osx/build/Debug/CMakeFiles/CMakeError.log".
[2024-01-19T10:38:16.663Z]     
[2024-01-19T10:38:16.663Z]         Building with settings:
[2024-01-19T10:38:16.663Z]           Source directory          /Volumes/DATA/local/S/jenkins/workspace/ECP/ecg-maya-hydra/ecg-maya-hydra-branch-preflight-python3-osx/ecg-maya-hydra/maya-hydra
[2024-01-19T10:38:16.663Z]           Workspace directory       /local/S/jenkins/workspace/ECP/ecg-maya-hydra/ecg-maya-hydra-branch-preflight-python3-osx
[2024-01-19T10:38:16.663Z]           Build directory           /local/S/jenkins/workspace/ECP/ecg-maya-hydra/ecg-maya-hydra-branch-preflight-python3-osx/build/Debug
[2024-01-19T10:38:16.663Z]           Install directory         /local/S/jenkins/workspace/ECP/ecg-maya-hydra/ecg-maya-hydra-branch-preflight-python3-osx/install/Debug/MayaHydra
[2024-01-19T10:38:16.663Z]           Variant                   Debug
[2024-01-19T10:38:16.663Z]           Python Debug              Off
[2024-01-19T10:38:16.663Z]           CMake generator           Ninja
[2024-01-19T10:38:16.663Z]           Build arguments           ['-DCMAKE_MAKE_PROGRAM=/local/S/jenkins/workspace/shared/Artifactory/OSX/ninja/1.10.2/95d0ca5/ninja', '-DPYTHON_INCLUDE_DIR=/local/S/jenkins/workspace/shared/Artifactory/OSX/rundev-master-debug/202401181544/runtime/c82f3e9/runTime/Maya.app/Contents/Frameworks/Python.framework/Versions/Current/include/python3.11', '-DPython_EXECUTABLE=/local/S/jenkins/workspace/shared/Artifactory/OSX/rundev-master-debug/202401181544/runtime/c82f3e9/runTime/Maya.app/Contents/bin/mayapy', '-DPYTHON_LIBRARIES=/local/S/jenkins/workspace/shared/Artifactory/OSX/rundev-master-debug/202401181544/runtime/c82f3e9/runTime/Maya.app/Contents/Frameworks/Python.framework/Versions/Current/lib/libpython3.11.dylib', '-DBUILD_WITH_PYTHON_3_VERSION=3.11', '-DBUILD_UB2=ON', '-DCMAKE_WANT_MATERIALX_BUILD=ON', '-DCMAKE_PREFIX_PATH=/local/S/jenkins/workspace/shared/Artifactory/OSX/USD/ca7f6ed', '-DMAYAHYDRA_BUILD_NUMBER=468', '-DMAYAHYDRA_GIT_COMMIT=de03c1bade291bc4d76c6948df17a321b23e5f00', '-DMAYAHYDRA_GIT_BRANCH=master', '-DMAYAUSD_LOCATION=/local/S/jenkins/workspace/shared/Artifactory/OSX/mayausd-cotd-debug/202401170904/runtime/d26f121/mayausd']
[2024-01-19T10:38:16.663Z]           Stages arguments          ['configure']
[2024-01-19T10:38:16.663Z]           CTest arguments           ['-LE interactive', '--parallel 8']
[2024-01-19T10:38:16.663Z]     STATUS: Could not find Maya Qt6.
[2024-01-19T10:38:16.663Z]     STATUS:   Extracting '/local/S/jenkins/workspace/shared/Artifactory/OSX/rundev-master-debug/202401181544/runtime/c82f3e9/devkitBase/Qt.tgz' to '/local/S/jenkins/workspace/shared/Artifactory/OSX/rundev-master-debug/202401181544/runtime/c82f3e9/devkitBase'
[2024-01-19T10:38:16.663Z]     #####################################################################################
[2024-01-19T10:38:16.663Z]     log date: 2024-01-19 02:38
[2024-01-19T10:38:16.663Z]     commit sha: a0b59d1ef120f6529e47d45410d6c254d5547a1c
[2024-01-19T10:38:16.663Z]     commit date: Fri Jan 19 02:28:38 2024 -0800
[2024-01-19T10:38:16.663Z]     #####################################################################################
[2024-01-19T10:38:16.663Z]     
[2024-01-19T10:38:16.663Z]     cmake -DCMAKE_INSTALL_PREFIX="/local/S/jenkins/workspace/ECP/ecg-maya-hydra/ecg-maya-hydra-branch-preflight-python3-osx/install/Debug/MayaHydra" -DCMAKE_BUILD_TYPE=Debug -DCMAKE_EXPORT_COMPILE_COMMANDS=ON -G "Ninja" -DMAYA_LOCATION="/local/S/jenkins/workspace/shared/Artifactory/OSX/rundev-master-debug/202401181544/runtime/c82f3e9/runTime" -DPXR_USD_LOCATION="/local/S/jenkins/workspace/shared/Artifactory/OSX/USD/ca7f6ed" -DMAYA_DEVKIT_LOCATION="/local/S/jenkins/workspace/shared/Artifactory/OSX/rundev-master-debug/202401181544/runtime/c82f3e9/devkitBase" -DCMAKE_MAKE_PROGRAM=/local/S/jenkins/workspace/shared/Artifactory/OSX/ninja/1.10.2/95d0ca5/ninja -DPYTHON_INCLUDE_DIR=/local/S/jenkins/workspace/shared/Artifactory/OSX/rundev-master-debug/202401181544/runtime/c82f3e9/runTime/Maya.app/Contents/Frameworks/Python.framework/Versions/Current/include/python3.11 -DPython_EXECUTABLE=/local/S/jenkins/workspace/shared/Artifactory/OSX/rundev-master-debug/202401181544/runtime/c82f3e9/runTime/Maya.app/Contents/bin/mayapy -DPYTHON_LIBRARIES=/local/S/jenkins/workspace/shared/Artifactory/OSX/rundev-master-debug/202401181544/runtime/c82f3e9/runTime/Maya.app/Contents/Frameworks/Python.framework/Versions/Current/lib/libpython3.11.dylib -DBUILD_WITH_PYTHON_3_VERSION=3.11 -DBUILD_UB2=ON -DCMAKE_WANT_MATERIALX_BUILD=ON -DCMAKE_PREFIX_PATH=/local/S/jenkins/workspace/shared/Artifactory/OSX/USD/ca7f6ed -DMAYAHYDRA_BUILD_NUMBER=468 -DMAYAHYDRA_GIT_COMMIT=de03c1bade291bc4d76c6948df17a321b23e5f00 -DMAYAHYDRA_GIT_BRANCH=master -DMAYAUSD_LOCATION=/local/S/jenkins/workspace/shared/Artifactory/OSX/mayausd-cotd-debug/202401170904/runtime/d26f121/mayausd "/Volumes/DATA/local/S/jenkins/workspace/ECP/ecg-maya-hydra/ecg-maya-hydra-branch-preflight-python3-osx/ecg-maya-hydra/maya-hydra"
[2024-01-19T10:38:16.663Z]     
[2024-01-19T10:38:16.663Z]     Traceback (most recent call last):
[2024-01-19T10:38:16.663Z]       File "/Volumes/DATA/local/S/jenkins/workspace/ECP/ecg-maya-hydra/ecg-maya-hydra-branch-preflight-python3-osx/ecg-maya-hydra/maya-hydra/build.py", line 745, in <module>
[2024-01-19T10:38:16.663Z]         BuildAndInstall(context, context.buildArgs, context.stagesArgs)
[2024-01-19T10:38:16.663Z]       File "/Volumes/DATA/local/S/jenkins/workspace/ECP/ecg-maya-hydra/ecg-maya-hydra-branch-preflight-python3-osx/ecg-maya-hydra/maya-hydra/build.py", line 502, in BuildAndInstall
[2024-01-19T10:38:16.663Z]         RunCMake(context, extraArgs, stagesArgs)
[2024-01-19T10:38:16.663Z]       File "/Volumes/DATA/local/S/jenkins/workspace/ECP/ecg-maya-hydra/ecg-maya-hydra-branch-preflight-python3-osx/ecg-maya-hydra/maya-hydra/build.py", line 305, in RunCMake
[2024-01-19T10:38:16.663Z]         Run(context,
[2024-01-19T10:38:16.663Z]       File "/Volumes/DATA/local/S/jenkins/workspace/ECP/ecg-maya-hydra/ecg-maya-hydra-branch-preflight-python3-osx/ecg-maya-hydra/maya-hydra/build.py", line 197, in Run
[2024-01-19T10:38:16.663Z]         raise RuntimeError("Failed to run '{cmd}'\nSee {log} for more details."
[2024-01-19T10:38:16.663Z]     RuntimeError: Failed to run 'cmake -DCMAKE_INSTALL_PREFIX="/local/S/jenkins/workspace/ECP/ecg-maya-hydra/ecg-maya-hydra-branch-preflight-python3-osx/install/Debug/MayaHydra" -DCMAKE_BUILD_TYPE=Debug -DCMAKE_EXPORT_COMPILE_COMMANDS=ON -G "Ninja" -DMAYA_LOCATION="/local/S/jenkins/workspace/shared/Artifactory/OSX/rundev-master-debug/202401181544/runtime/c82f3e9/runTime" -DPXR_USD_LOCATION="/local/S/jenkins/workspace/shared/Artifactory/OSX/USD/ca7f6ed" -DMAYA_DEVKIT_LOCATION="/local/S/jenkins/workspace/shared/Artifactory/OSX/rundev-master-debug/202401181544/runtime/c82f3e9/devkitBase" -DCMAKE_MAKE_PROGRAM=/local/S/jenkins/workspace/shared/Artifactory/OSX/ninja/1.10.2/95d0ca5/ninja -DPYTHON_INCLUDE_DIR=/local/S/jenkins/workspace/shared/Artifactory/OSX/rundev-master-debug/202401181544/runtime/c82f3e9/runTime/Maya.app/Contents/Frameworks/Python.framework/Versions/Current/include/python3.11 -DPython_EXECUTABLE=/local/S/jenkins/workspace/shared/Artifactory/OSX/rundev-master-debug/202401181544/runtime/c82f3e9/runTime/Maya.app/Contents/bin/mayapy -DPYTHON_LIBRARIES=/local/S/jenkins/workspace/shared/Artifactory/OSX/rundev-master-debug/202401181544/runtime/c82f3e9/runTime/Maya.app/Contents/Frameworks/Python.framework/Versions/Current/lib/libpython3.11.dylib -DBUILD_WITH_PYTHON_3_VERSION=3.11 -DBUILD_UB2=ON -DCMAKE_WANT_MATERIALX_BUILD=ON -DCMAKE_PREFIX_PATH=/local/S/jenkins/workspace/shared/Artifactory/OSX/USD/ca7f6ed -DMAYAHYDRA_BUILD_NUMBER=468 -DMAYAHYDRA_GIT_COMMIT=de03c1bade291bc4d76c6948df17a321b23e5f00 -DMAYAHYDRA_GIT_BRANCH=master -DMAYAUSD_LOCATION=/local/S/jenkins/workspace/shared/Artifactory/OSX/mayausd-cotd-debug/202401170904/runtime/d26f121/mayausd "/Volumes/DATA/local/S/jenkins/workspace/ECP/ecg-maya-hydra/ecg-maya-hydra-branch-preflight-python3-osx/ecg-maya-hydra/maya-hydra"'
[2024-01-19T10:38:16.663Z]     See /local/S/jenkins/workspace/ECP/ecg-maya-hydra/ecg-maya-hydra-branch-preflight-python3-osx/build/Debug/build_log.txt for more details.
[2024-01-19T10:38:16.663Z] build.py: error: Command failed with error code: 1
[Pipeline] }
[Pipeline] // withEnv
[Pipeline] }
[Pipeline] // timeout
[Pipeline] }
[Pipeline] // stage
[Pipeline] }
[Pipeline] // timestamps
[Pipeline] emailextrecipients
Not sending mail to user ecg.jenkins@autodesk.com with no permission to view ECP  ecg-maya-hydra  Maya Hydra [Python 3, Interactive] - Branch - Preflight (OSX) [M1/UB2] #468Not sending mail to user ecg.jenkins@autodesk.com with no permission to view ECP  ecg-maya-hydra  Maya Hydra [Python 3, Interactive] - Branch - Preflight (OSX) [M1/UB2] #468[Pipeline] echo
No recipients to send notification.
[Pipeline] }
[Pipeline] // node
[Pipeline] End of Pipeline
ERROR: script returned exit code 1
[Checks API] No suitable checks publisher found.
Finished: FAILURE
