[2024-01-19T13:28:59.682Z] ================================================================================
[2024-01-19T13:28:59.682Z]                                  setup (Debug)
[2024-01-19T13:28:59.682Z] ================================================================================
[Pipeline] sh
[2024-01-19T13:29:00.936Z] + scl enable gcc-toolset-11 -
[2024-01-19T13:29:00.936Z] + '[' enable = load -o enable = unload ']'
[2024-01-19T13:29:00.936Z] + /usr/bin/scl enable gcc-toolset-11 -
[2024-01-19T13:29:00.937Z] python ecg-maya-hydra/build.py --stages=setup --workspace-dir=/local/S/jenkins/workspace/ECP/ecg-maya-hydra/ecg-maya-hydra-branch-preflight-python3-linux --artifactory-dir=/local/S/jenkins/workspace/shared/Artifactory --build-dir=/local/S/jenkins/workspace/ECP/ecg-maya-hydra/ecg-maya-hydra-branch-preflight-python3-linux/build --install-dir=/local/S/jenkins/workspace/ECP/ecg-maya-hydra/ecg-maya-hydra-branch-preflight-python3-linux/install --signing-dir=/local/S/jenkins/workspace/ECP/ecg-maya-hydra/ecg-maya-hydra-branch-preflight-python3-linux/signing --package-dir=/local/S/jenkins/workspace/ECP/ecg-maya-hydra/ecg-maya-hydra-branch-preflight-python3-linux/package --output-dir=/local/S/jenkins/workspace/ECP/ecg-maya-hydra/ecg-maya-hydra-branch-preflight-python3-linux/output --stash-dir=/local/S/jenkins/workspace/ECP/ecg-maya-hydra/ecg-maya-hydra-branch-preflight-python3-linux/stash --jenkins-build=467 --git-commit=b68fde7671223455c11e3af06432e26844954abe --git-branch=master --variants=RelWithDebInfo --interactive-tests=true --post-zips=false --extra-license-file=ecg-maya-hydra/jenkins-o03-cot/melicense.lic --prune-versions=3 --prune-revisions=3 --maya-cut-config=maya-rundev-master.yaml --maya-package=rundev-master --stage-banner --prune-artifacts --force-pruning
[2024-01-19T13:29:00.937Z] config_file /home/S/jenkins/workspace/ECP/ecg-maya-hydra/ecg-maya-hydra-branch-preflight-python3-linux/ecg-maya-hydra/maya-rundev-master.yaml
[2024-01-19T13:29:00.937Z] Getting rundev-master download URL from Maya SHA-1 hash
[2024-01-19T13:29:00.937Z] Finding Artifactory servers response times
[2024-01-19T13:29:03.515Z] [VERBOSE] Start loading URL (CURL): https://art-bear.autodesk.com/artifactory/api/system/ping
[2024-01-19T13:29:03.515Z] [DEBUG] Running: /usr/bin/curl -s -X GET --keepalive-time 10 --connect-timeout 60 --speed-limit 10000 --speed-time 120 --max-time 3600 --retry 5 --retry-max-time 2400 -H Connection:close https://art-bear.autodesk.com/artifactory/api/system/ping
[2024-01-19T13:29:03.515Z] [DEBUG] Output:
[2024-01-19T13:29:03.515Z] OK
[2024-01-19T13:29:03.515Z] [VERBOSE] End loading URL (CURL): https://art-bear.autodesk.com/artifactory/api/system/ping
[2024-01-19T13:29:03.515Z] [VERBOSE] Start loading URL (CURL): https://art-marmotte.autodesk.com/artifactory/api/system/ping
[2024-01-19T13:29:03.515Z] [DEBUG] Running: /usr/bin/curl -s -X GET --keepalive-time 10 --connect-timeout 60 --speed-limit 10000 --speed-time 120 --max-time 3600 --retry 5 --retry-max-time 2400 -H Connection:close https://art-marmotte.autodesk.com/artifactory/api/system/ping
[2024-01-19T13:29:03.515Z] [DEBUG] Output:
[2024-01-19T13:29:03.515Z] OK
[2024-01-19T13:29:03.515Z] [VERBOSE] End loading URL (CURL): https://art-marmotte.autodesk.com/artifactory/api/system/ping
[2024-01-19T13:29:03.515Z] [VERBOSE] Start loading URL (CURL): https://art-bobcat.autodesk.com/artifactory/api/system/ping
[2024-01-19T13:29:03.515Z] [DEBUG] Running: /usr/bin/curl -s -X GET --keepalive-time 10 --connect-timeout 60 --speed-limit 10000 --speed-time 120 --max-time 3600 --retry 5 --retry-max-time 2400 -H Connection:close https://art-bobcat.autodesk.com/artifactory/api/system/ping
[2024-01-19T13:29:03.515Z] [DEBUG] Output:
[2024-01-19T13:29:03.515Z] OK
[2024-01-19T13:29:03.515Z] [VERBOSE] End loading URL (CURL): https://art-bobcat.autodesk.com/artifactory/api/system/ping
[2024-01-19T13:29:03.515Z] [VERBOSE] Start loading URL (CURL): https://art-bear.autodesk.com/artifactory/api/search/checksum?repos=team-maya-generic,oss-stg-generic,team-mayausd-post-generic,autodesk-3p-generic,adsk-build-tools-generic,team-ecg-generic&sha1=c022dc13db0a6c400cdc14c68971c68f1c5847a6
[2024-01-19T13:29:03.515Z] [DEBUG] Running: /usr/bin/curl -s -X GET --keepalive-time 10 --connect-timeout 60 --speed-limit 10000 --speed-time 120 --max-time 3600 --retry 5 --retry-max-time 2400 -H Connection:close -H Authorization:Basic ZWNnYmlmcm9zdDpvcGUqKjAw https://art-bear.autodesk.com/artifactory/api/search/checksum?repos=team-maya-generic,oss-stg-generic,team-mayausd-post-generic,autodesk-3p-generic,adsk-build-tools-generic,team-ecg-generic&sha1=c022dc13db0a6c400cdc14c68971c68f1c5847a6
[2024-01-19T13:29:03.515Z] [DEBUG] Output:
[2024-01-19T13:29:03.515Z] {
[2024-01-19T13:29:03.515Z]   "results" : [ {
[2024-01-19T13:29:03.515Z]     "uri" : "https://art-bear.autodesk.com:443/artifactory/api/storage/team-maya-generic/Maya/master/plnx/2024-01-18-15-44_7da398cf77/202401181544-7da398cf77-RUNDEV.tgz"
[2024-01-19T13:29:03.515Z]   } ]
[2024-01-19T13:29:03.515Z] }
[2024-01-19T13:29:03.515Z] [VERBOSE] End loading URL (CURL): https://art-bear.autodesk.com/artifactory/api/search/checksum?repos=team-maya-generic,oss-stg-generic,team-mayausd-post-generic,autodesk-3p-generic,adsk-build-tools-generic,team-ecg-generic&sha1=c022dc13db0a6c400cdc14c68971c68f1c5847a6
[2024-01-19T13:29:03.515Z] [VERBOSE] Start loading URL (CURL): https://art-bear.autodesk.com:443/artifactory/api/storage/team-maya-generic/Maya/master/plnx/2024-01-18-15-44_7da398cf77/202401181544-7da398cf77-RUNDEV.tgz
[2024-01-19T13:29:03.515Z] [DEBUG] Running: /usr/bin/curl -s -X GET --keepalive-time 10 --connect-timeout 60 --speed-limit 10000 --speed-time 120 --max-time 3600 --retry 5 --retry-max-time 2400 -H Connection:close -H Authorization:Basic ZWNnYmlmcm9zdDpvcGUqKjAw https://art-bear.autodesk.com:443/artifactory/api/storage/team-maya-generic/Maya/master/plnx/2024-01-18-15-44_7da398cf77/202401181544-7da398cf77-RUNDEV.tgz
[2024-01-19T13:29:03.515Z] [DEBUG] Output:
[2024-01-19T13:29:03.515Z] {
[2024-01-19T13:29:03.515Z]   "repo" : "team-maya-generic",
[2024-01-19T13:29:03.515Z]   "path" : "/Maya/master/plnx/2024-01-18-15-44_7da398cf77/202401181544-7da398cf77-RUNDEV.tgz",
[2024-01-19T13:29:03.515Z]   "created" : "2024-01-18T19:54:40.874-05:00",
[2024-01-19T13:29:03.515Z]   "createdBy" : "token:art-bear.autodesk.com",
[2024-01-19T13:29:03.515Z]   "lastModified" : "2024-01-18T19:54:40.864-05:00",
[2024-01-19T13:29:03.515Z]   "modifiedBy" : "token:art-bear.autodesk.com",
[2024-01-19T13:29:03.515Z]   "lastUpdated" : "2024-01-18T19:54:40.875-05:00",
[2024-01-19T13:29:03.515Z]   "downloadUri" : "https://art-bear.autodesk.com:443/artifactory/team-maya-generic/Maya/master/plnx/2024-01-18-15-44_7da398cf77/202401181544-7da398cf77-RUNDEV.tgz",
[2024-01-19T13:29:03.515Z]   "mimeType" : "application/x-gzip",
[2024-01-19T13:29:03.515Z]   "size" : "3365651160",
[2024-01-19T13:29:03.515Z]   "checksums" : {
[2024-01-19T13:29:03.515Z]     "sha1" : "c022dc13db0a6c400cdc14c68971c68f1c5847a6",
[2024-01-19T13:29:03.515Z]     "md5" : "a39cb994965744edf23a2008bc854f7d",
[2024-01-19T13:29:03.515Z]     "sha256" : "6079b782a2cd4769f1ec90b71244a76c6de51e65c4fb4937d2bb3e2d43a61751"
[2024-01-19T13:29:03.515Z]   },
[2024-01-19T13:29:03.515Z]   "originalChecksums" : {
[2024-01-19T13:29:03.515Z]     "sha1" : "c022dc13db0a6c400cdc14c68971c68f1c5847a6",
[2024-01-19T13:29:03.515Z]     "md5" : "a39cb994965744edf23a2008bc854f7d",
[2024-01-19T13:29:03.515Z]     "sha256" : "6079b782a2cd4769f1ec90b71244a76c6de51e65c4fb4937d2bb3e2d43a61751"
[2024-01-19T13:29:03.515Z]   },
[2024-01-19T13:29:03.515Z]   "uri" : "https://art-bear.autodesk.com:443/artifactory/api/storage/team-maya-generic/Maya/master/plnx/2024-01-18-15-44_7da398cf77/202401181544-7da398cf77-RUNDEV.tgz"
[2024-01-19T13:29:03.515Z] }
[2024-01-19T13:29:03.515Z] [VERBOSE] End loading URL (CURL): https://art-bear.autodesk.com:443/artifactory/api/storage/team-maya-generic/Maya/master/plnx/2024-01-18-15-44_7da398cf77/202401181544-7da398cf77-RUNDEV.tgz
[2024-01-19T13:29:03.515Z] Using Maya cut from /local/S/jenkins/workspace/shared/Artifactory/Linux/rundev-master/202401181544/runtime/c022dc1/runTime
[2024-01-19T13:29:03.515Z] 
[2024-01-19T13:29:03.515Z] ================================================================================
[2024-01-19T13:29:03.515Z]                              setup (RelWithDebInfo)
[2024-01-19T13:29:03.515Z] ================================================================================
[Pipeline] }
[Pipeline] // withEnv
[Pipeline] }
[Pipeline] // timeout
[Pipeline] }
[Pipeline] // stage
[Pipeline] }
[Pipeline] // timestamps
[Pipeline] timestamps
[Pipeline] {
[Pipeline] stage
[Pipeline] { (Clean)
[Pipeline] timeout
[2024-01-19T13:29:03.902Z] Timeout set to expire in 6 hr 0 min
[Pipeline] {
[Pipeline] withEnv
[Pipeline] {
[Pipeline] sh
[2024-01-19T13:29:05.007Z] + scl enable gcc-toolset-11 -
[2024-01-19T13:29:05.007Z] + '[' enable = load -o enable = unload ']'
[2024-01-19T13:29:05.007Z] + /usr/bin/scl enable gcc-toolset-11 -
[2024-01-19T13:29:05.007Z] python ecg-maya-hydra/build.py --stages=clean --workspace-dir=/local/S/jenkins/workspace/ECP/ecg-maya-hydra/ecg-maya-hydra-branch-preflight-python3-linux --artifactory-dir=/local/S/jenkins/workspace/shared/Artifactory --build-dir=/local/S/jenkins/workspace/ECP/ecg-maya-hydra/ecg-maya-hydra-branch-preflight-python3-linux/build --install-dir=/local/S/jenkins/workspace/ECP/ecg-maya-hydra/ecg-maya-hydra-branch-preflight-python3-linux/install --signing-dir=/local/S/jenkins/workspace/ECP/ecg-maya-hydra/ecg-maya-hydra-branch-preflight-python3-linux/signing --package-dir=/local/S/jenkins/workspace/ECP/ecg-maya-hydra/ecg-maya-hydra-branch-preflight-python3-linux/package --output-dir=/local/S/jenkins/workspace/ECP/ecg-maya-hydra/ecg-maya-hydra-branch-preflight-python3-linux/output --stash-dir=/local/S/jenkins/workspace/ECP/ecg-maya-hydra/ecg-maya-hydra-branch-preflight-python3-linux/stash --jenkins-build=467 --git-commit=b68fde7671223455c11e3af06432e26844954abe --git-branch=master --variants=Debug --interactive-tests=true --post-zips=false --maya-cut-config=maya-rundev-master-debug.yaml --maya-package=rundev-master-debug --stage-banner
[2024-01-19T13:29:05.007Z] config_file /home/S/jenkins/workspace/ECP/ecg-maya-hydra/ecg-maya-hydra-branch-preflight-python3-linux/ecg-maya-hydra/maya-rundev-master-debug.yaml
[2024-01-19T13:29:05.007Z] Using Maya cut from /local/S/jenkins/workspace/shared/Artifactory/Linux/rundev-master-debug/202401181544/runtime/b259be8/runTime
[2024-01-19T13:29:05.007Z] 
[2024-01-19T13:29:05.007Z] ================================================================================
[2024-01-19T13:29:05.007Z]                                  clean (Debug)
[2024-01-19T13:29:05.007Z] ================================================================================
[2024-01-19T13:29:05.007Z] Maya Python Debug Info:
[2024-01-19T13:29:05.007Z]   mayapy executable   = /local/S/jenkins/workspace/shared/Artifactory/Linux/rundev-master-debug/202401181544/runtime/b259be8/runTime/bin/mayapy
[2024-01-19T13:29:05.007Z]   Include Folder      = /local/S/jenkins/workspace/shared/Artifactory/Linux/rundev-master-debug/202401181544/runtime/b259be8/runTime/include/Python311/Python
[2024-01-19T13:29:05.007Z]   Library             = /local/S/jenkins/workspace/shared/Artifactory/Linux/rundev-master-debug/202401181544/runtime/b259be8/runTime/lib/libpython3.11d.so.1.0
[2024-01-19T13:29:05.007Z]   site-package Folder = /local/S/jenkins/workspace/shared/Artifactory/Linux/rundev-master-debug/202401181544/runtime/b259be8/runTime/lib/python3.11/site-packages
[2024-01-19T13:29:06.129Z] In workdir: /home/S/jenkins/workspace/ECP/ecg-maya-hydra/ecg-maya-hydra-branch-preflight-python3-linux/ecg-maya-hydra/maya-hydra
[2024-01-19T13:29:06.129Z] Executing: /local/S/jenkins/workspace/shared/Artifactory/Linux/rundev-master-debug/202401181544/runtime/b259be8/runTime/bin/mayapy /home/S/jenkins/workspace/ECP/ecg-maya-hydra/ecg-maya-hydra-branch-preflight-python3-linux/ecg-maya-hydra/maya-hydra/build.py --generator Ninja --build-debug --maya-location /local/S/jenkins/workspace/shared/Artifactory/Linux/rundev-master-debug/202401181544/runtime/b259be8/runTime --devkit-location /local/S/jenkins/workspace/shared/Artifactory/Linux/rundev-master-debug/202401181544/runtime/b259be8/devkitBase --pxrusd-location /local/S/jenkins/workspace/shared/Artifactory/Linux/USD/d4ae0c1 --build-args=-DCMAKE_MAKE_PROGRAM=/local/S/jenkins/workspace/shared/Artifactory/Linux/ninja/1.10.2/9ab399b/ninja,-DPYTHON_INCLUDE_DIR=/local/S/jenkins/workspace/shared/Artifactory/Linux/rundev-master-debug/202401181544/runtime/b259be8/runTime/include/Python311/Python,-DPython_EXECUTABLE=/local/S/jenkins/workspace/shared/Artifactory/Linux/rundev-master-debug/202401181544/runtime/b259be8/runTime/bin/mayapy,-DPYTHON_LIBRARIES=/local/S/jenkins/workspace/shared/Artifactory/Linux/rundev-master-debug/202401181544/runtime/b259be8/runTime/lib/libpython3.11d.so.1.0,-DBUILD_WITH_PYTHON_3_VERSION=3.11,-DCMAKE_WANT_MATERIALX_BUILD=ON,-DCMAKE_PREFIX_PATH=/local/S/jenkins/workspace/shared/Artifactory/Linux/USD/d4ae0c1,-DMAYAHYDRA_BUILD_NUMBER=467,-DMAYAHYDRA_GIT_COMMIT=b68fde7671223455c11e3af06432e26844954abe,-DMAYAHYDRA_GIT_BRANCH=master,-DMAYAUSD_LOCATION=/local/S/jenkins/workspace/shared/Artifactory/Linux/mayausd-cotd-debug/202401170904/runtime/733a5f2/mayausd --debug-python '--ctest-args=--parallel 16' --stages=clean --redirect-outstream-file=False --install-location /local/S/jenkins/workspace/ECP/ecg-maya-hydra/ecg-maya-hydra-branch-preflight-python3-linux/install/Debug/MayaHydra /local/S/jenkins/workspace/ECP/ecg-maya-hydra/ecg-maya-hydra-branch-preflight-python3-linux
[2024-01-19T13:29:06.129Z] Modified environment variables:
[2024-01-19T13:29:06.129Z]     LD_LIBRARY_PATH=/opt/rh/gcc-toolset-11/root/usr/lib64:/opt/rh/gcc-toolset-11/root/usr/lib64:/opt/rh/gcc-toolset-11/root/usr/lib:/opt/rh/gcc-toolset-11/root/usr/lib64/dyninst:/opt/rh/gcc-toolset-11/root/usr/lib/dyninst
[2024-01-19T13:29:06.129Z]     PATH=/local/S/jenkins/workspace/shared/Artifactory/Linux/cmake/3.20.3/ab685d7/bin:/opt/rh/gcc-toolset-11/root/usr/bin:/home/administrator/.local/bin:/home/administrator/bin:/usr/share/Modules/bin:/usr/local/bin:/usr/local/sbin:/usr/bin:/usr/sbin
[2024-01-19T13:29:06.669Z]     
[2024-01-19T13:29:06.669Z]         Building with settings:
[2024-01-19T13:29:06.669Z]           Source directory          /home/S/jenkins/workspace/ECP/ecg-maya-hydra/ecg-maya-hydra-branch-preflight-python3-linux/ecg-maya-hydra/maya-hydra
[2024-01-19T13:29:06.669Z]           Workspace directory       /local/S/jenkins/workspace/ECP/ecg-maya-hydra/ecg-maya-hydra-branch-preflight-python3-linux
[2024-01-19T13:29:06.669Z]           Build directory           /local/S/jenkins/workspace/ECP/ecg-maya-hydra/ecg-maya-hydra-branch-preflight-python3-linux/build/Debug
[2024-01-19T13:29:06.669Z]           Install directory         /local/S/jenkins/workspace/ECP/ecg-maya-hydra/ecg-maya-hydra-branch-preflight-python3-linux/install/Debug/MayaHydra
[2024-01-19T13:29:06.669Z]           Variant                   Debug
[2024-01-19T13:29:06.669Z]           Python Debug              On
[2024-01-19T13:29:06.669Z]           CMake generator           Ninja
[2024-01-19T13:29:06.669Z]           Build arguments           ['-DCMAKE_MAKE_PROGRAM=/local/S/jenkins/workspace/shared/Artifactory/Linux/ninja/1.10.2/9ab399b/ninja', '-DPYTHON_INCLUDE_DIR=/local/S/jenkins/workspace/shared/Artifactory/Linux/rundev-master-debug/202401181544/runtime/b259be8/runTime/include/Python311/Python', '-DPython_EXECUTABLE=/local/S/jenkins/workspace/shared/Artifactory/Linux/rundev-master-debug/202401181544/runtime/b259be8/runTime/bin/mayapy', '-DPYTHON_LIBRARIES=/local/S/jenkins/workspace/shared/Artifactory/Linux/rundev-master-debug/202401181544/runtime/b259be8/runTime/lib/libpython3.11d.so.1.0', '-DBUILD_WITH_PYTHON_3_VERSION=3.11', '-DCMAKE_WANT_MATERIALX_BUILD=ON', '-DCMAKE_PREFIX_PATH=/local/S/jenkins/workspace/shared/Artifactory/Linux/USD/d4ae0c1', '-DMAYAHYDRA_BUILD_NUMBER=467', '-DMAYAHYDRA_GIT_COMMIT=b68fde7671223455c11e3af06432e26844954abe', '-DMAYAHYDRA_GIT_BRANCH=master', '-DMAYAUSD_LOCATION=/local/S/jenkins/workspace/shared/Artifactory/Linux/mayausd-cotd-debug/202401170904/runtime/733a5f2/mayausd']
[2024-01-19T13:29:06.669Z]           Stages arguments          ['clean']
[2024-01-19T13:29:06.669Z]           CTest arguments           ['--parallel 16']
[2024-01-19T13:29:06.669Z]     Success MayaHydra build and install !!!!
[2024-01-19T13:29:06.669Z]     Elapsed time: 00:00:00
[Pipeline] sh
[2024-01-19T13:29:07.999Z] + scl enable gcc-toolset-11 -
[2024-01-19T13:29:07.999Z] + '[' enable = load -o enable = unload ']'
[2024-01-19T13:29:07.999Z] + /usr/bin/scl enable gcc-toolset-11 -
[2024-01-19T13:29:07.999Z] python ecg-maya-hydra/build.py --stages=clean --workspace-dir=/local/S/jenkins/workspace/ECP/ecg-maya-hydra/ecg-maya-hydra-branch-preflight-python3-linux --artifactory-dir=/local/S/jenkins/workspace/shared/Artifactory --build-dir=/local/S/jenkins/workspace/ECP/ecg-maya-hydra/ecg-maya-hydra-branch-preflight-python3-linux/build --install-dir=/local/S/jenkins/workspace/ECP/ecg-maya-hydra/ecg-maya-hydra-branch-preflight-python3-linux/install --signing-dir=/local/S/jenkins/workspace/ECP/ecg-maya-hydra/ecg-maya-hydra-branch-preflight-python3-linux/signing --package-dir=/local/S/jenkins/workspace/ECP/ecg-maya-hydra/ecg-maya-hydra-branch-preflight-python3-linux/package --output-dir=/local/S/jenkins/workspace/ECP/ecg-maya-hydra/ecg-maya-hydra-branch-preflight-python3-linux/output --stash-dir=/local/S/jenkins/workspace/ECP/ecg-maya-hydra/ecg-maya-hydra-branch-preflight-python3-linux/stash --jenkins-build=467 --git-commit=b68fde7671223455c11e3af06432e26844954abe --git-branch=master --variants=RelWithDebInfo --interactive-tests=true --post-zips=false --maya-cut-config=maya-rundev-master.yaml --maya-package=rundev-master --stage-banner
[2024-01-19T13:29:07.999Z] config_file /home/S/jenkins/workspace/ECP/ecg-maya-hydra/ecg-maya-hydra-branch-preflight-python3-linux/ecg-maya-hydra/maya-rundev-master.yaml
[2024-01-19T13:29:07.999Z] Using Maya cut from /local/S/jenkins/workspace/shared/Artifactory/Linux/rundev-master/202401181544/runtime/c022dc1/runTime
[2024-01-19T13:29:07.999Z] 
[2024-01-19T13:29:07.999Z] ================================================================================
[2024-01-19T13:29:07.999Z]                              clean (RelWithDebInfo)
[2024-01-19T13:29:07.999Z] ================================================================================
[2024-01-19T13:29:07.999Z] Maya Python RelWithDebInfo Info:
[2024-01-19T13:29:07.999Z]   mayapy executable   = /local/S/jenkins/workspace/shared/Artifactory/Linux/rundev-master/202401181544/runtime/c022dc1/runTime/bin/mayapy
[2024-01-19T13:29:07.999Z]   Include Folder      = /local/S/jenkins/workspace/shared/Artifactory/Linux/rundev-master/202401181544/runtime/c022dc1/runTime/include/Python311/Python
[2024-01-19T13:29:07.999Z]   Library             = /local/S/jenkins/workspace/shared/Artifactory/Linux/rundev-master/202401181544/runtime/c022dc1/runTime/lib/libpython3.11.so.1.0
[2024-01-19T13:29:07.999Z]   site-package Folder = /local/S/jenkins/workspace/shared/Artifactory/Linux/rundev-master/202401181544/runtime/c022dc1/runTime/lib/python3.11/site-packages
[2024-01-19T13:29:08.668Z] In workdir: /home/S/jenkins/workspace/ECP/ecg-maya-hydra/ecg-maya-hydra-branch-preflight-python3-linux/ecg-maya-hydra/maya-hydra
[2024-01-19T13:29:08.668Z] Executing: /local/S/jenkins/workspace/shared/Artifactory/Linux/rundev-master/202401181544/runtime/c022dc1/runTime/bin/mayapy /home/S/jenkins/workspace/ECP/ecg-maya-hydra/ecg-maya-hydra-branch-preflight-python3-linux/ecg-maya-hydra/maya-hydra/build.py --generator Ninja --build-relwithdebug --maya-location /local/S/jenkins/workspace/shared/Artifactory/Linux/rundev-master/202401181544/runtime/c022dc1/runTime --devkit-location /local/S/jenkins/workspace/shared/Artifactory/Linux/rundev-master/202401181544/runtime/c022dc1/devkitBase --pxrusd-location /local/S/jenkins/workspace/shared/Artifactory/Linux/USD/a772bd8 --build-args=-DCMAKE_MAKE_PROGRAM=/local/S/jenkins/workspace/shared/Artifactory/Linux/ninja/1.10.2/9ab399b/ninja,-DPYTHON_INCLUDE_DIR=/local/S/jenkins/workspace/shared/Artifactory/Linux/rundev-master/202401181544/runtime/c022dc1/runTime/include/Python311/Python,-DPython_EXECUTABLE=/local/S/jenkins/workspace/shared/Artifactory/Linux/rundev-master/202401181544/runtime/c022dc1/runTime/bin/mayapy,-DPYTHON_LIBRARIES=/local/S/jenkins/workspace/shared/Artifactory/Linux/rundev-master/202401181544/runtime/c022dc1/runTime/lib/libpython3.11.so.1.0,-DBUILD_WITH_PYTHON_3_VERSION=3.11,-DCMAKE_WANT_MATERIALX_BUILD=ON,-DCMAKE_PREFIX_PATH=/local/S/jenkins/workspace/shared/Artifactory/Linux/USD/a772bd8,-DMAYAHYDRA_BUILD_NUMBER=467,-DMAYAHYDRA_GIT_COMMIT=b68fde7671223455c11e3af06432e26844954abe,-DMAYAHYDRA_GIT_BRANCH=master,-DMAYAUSD_LOCATION=/local/S/jenkins/workspace/shared/Artifactory/Linux/mayausd-cotd/202401170904/runtime/07c7fcc/mayausd '--ctest-args=--parallel 16' --stages=clean --redirect-outstream-file=False --install-location /local/S/jenkins/workspace/ECP/ecg-maya-hydra/ecg-maya-hydra-branch-preflight-python3-linux/install/RelWithDebInfo/MayaHydra /local/S/jenkins/workspace/ECP/ecg-maya-hydra/ecg-maya-hydra-branch-preflight-python3-linux
[2024-01-19T13:29:08.668Z] Modified environment variables:
[2024-01-19T13:29:08.668Z]     LD_LIBRARY_PATH=/opt/rh/gcc-toolset-11/root/usr/lib64:/opt/rh/gcc-toolset-11/root/usr/lib64:/opt/rh/gcc-toolset-11/root/usr/lib:/opt/rh/gcc-toolset-11/root/usr/lib64/dyninst:/opt/rh/gcc-toolset-11/root/usr/lib/dyninst
[2024-01-19T13:29:08.668Z]     PATH=/local/S/jenkins/workspace/shared/Artifactory/Linux/cmake/3.20.3/ab685d7/bin:/opt/rh/gcc-toolset-11/root/usr/bin:/home/administrator/.local/bin:/home/administrator/bin:/usr/share/Modules/bin:/usr/local/bin:/usr/local/sbin:/usr/bin:/usr/sbin
[2024-01-19T13:29:08.668Z]     
[2024-01-19T13:29:08.668Z]         Building with settings:
[2024-01-19T13:29:08.668Z]           Source directory          /home/S/jenkins/workspace/ECP/ecg-maya-hydra/ecg-maya-hydra-branch-preflight-python3-linux/ecg-maya-hydra/maya-hydra
[2024-01-19T13:29:08.668Z]           Workspace directory       /local/S/jenkins/workspace/ECP/ecg-maya-hydra/ecg-maya-hydra-branch-preflight-python3-linux
[2024-01-19T13:29:08.668Z]           Build directory           /local/S/jenkins/workspace/ECP/ecg-maya-hydra/ecg-maya-hydra-branch-preflight-python3-linux/build/RelWithDebInfo
[2024-01-19T13:29:08.668Z]           Install directory         /local/S/jenkins/workspace/ECP/ecg-maya-hydra/ecg-maya-hydra-branch-preflight-python3-linux/install/RelWithDebInfo/MayaHydra
[2024-01-19T13:29:08.668Z]           Variant                   RelWithDebInfo
[2024-01-19T13:29:08.668Z]           Python Debug              Off
[2024-01-19T13:29:08.668Z]           CMake generator           Ninja
[2024-01-19T13:29:08.668Z]           Build arguments           ['-DCMAKE_MAKE_PROGRAM=/local/S/jenkins/workspace/shared/Artifactory/Linux/ninja/1.10.2/9ab399b/ninja', '-DPYTHON_INCLUDE_DIR=/local/S/jenkins/workspace/shared/Artifactory/Linux/rundev-master/202401181544/runtime/c022dc1/runTime/include/Python311/Python', '-DPython_EXECUTABLE=/local/S/jenkins/workspace/shared/Artifactory/Linux/rundev-master/202401181544/runtime/c022dc1/runTime/bin/mayapy', '-DPYTHON_LIBRARIES=/local/S/jenkins/workspace/shared/Artifactory/Linux/rundev-master/202401181544/runtime/c022dc1/runTime/lib/libpython3.11.so.1.0', '-DBUILD_WITH_PYTHON_3_VERSION=3.11', '-DCMAKE_WANT_MATERIALX_BUILD=ON', '-DCMAKE_PREFIX_PATH=/local/S/jenkins/workspace/shared/Artifactory/Linux/USD/a772bd8', '-DMAYAHYDRA_BUILD_NUMBER=467', '-DMAYAHYDRA_GIT_COMMIT=b68fde7671223455c11e3af06432e26844954abe', '-DMAYAHYDRA_GIT_BRANCH=master', '-DMAYAUSD_LOCATION=/local/S/jenkins/workspace/shared/Artifactory/Linux/mayausd-cotd/202401170904/runtime/07c7fcc/mayausd']
[2024-01-19T13:29:08.668Z]           Stages arguments          ['clean']
[2024-01-19T13:29:08.668Z]           CTest arguments           ['--parallel 16']
[2024-01-19T13:29:08.668Z]     Success MayaHydra build and install !!!!
[2024-01-19T13:29:08.668Z]     Elapsed time: 00:00:00
[Pipeline] }
[Pipeline] // withEnv
[Pipeline] }
[Pipeline] // timeout
[Pipeline] }
[Pipeline] // stage
[Pipeline] }
[Pipeline] // timestamps
[Pipeline] timestamps
[Pipeline] {
[Pipeline] stage
[Pipeline] { (Configure)
[Pipeline] timeout
[2024-01-19T13:29:09.047Z] Timeout set to expire in 6 hr 0 min
[Pipeline] {
[Pipeline] withEnv
[Pipeline] {
[Pipeline] sh
[2024-01-19T13:29:10.412Z] + scl enable gcc-toolset-11 -
[2024-01-19T13:29:10.412Z] + '[' enable = load -o enable = unload ']'
[2024-01-19T13:29:10.412Z] + /usr/bin/scl enable gcc-toolset-11 -
[2024-01-19T13:29:10.412Z] python ecg-maya-hydra/build.py --stages=configure --workspace-dir=/local/S/jenkins/workspace/ECP/ecg-maya-hydra/ecg-maya-hydra-branch-preflight-python3-linux --artifactory-dir=/local/S/jenkins/workspace/shared/Artifactory --build-dir=/local/S/jenkins/workspace/ECP/ecg-maya-hydra/ecg-maya-hydra-branch-preflight-python3-linux/build --install-dir=/local/S/jenkins/workspace/ECP/ecg-maya-hydra/ecg-maya-hydra-branch-preflight-python3-linux/install --signing-dir=/local/S/jenkins/workspace/ECP/ecg-maya-hydra/ecg-maya-hydra-branch-preflight-python3-linux/signing --package-dir=/local/S/jenkins/workspace/ECP/ecg-maya-hydra/ecg-maya-hydra-branch-preflight-python3-linux/package --output-dir=/local/S/jenkins/workspace/ECP/ecg-maya-hydra/ecg-maya-hydra-branch-preflight-python3-linux/output --stash-dir=/local/S/jenkins/workspace/ECP/ecg-maya-hydra/ecg-maya-hydra-branch-preflight-python3-linux/stash --jenkins-build=467 --git-commit=b68fde7671223455c11e3af06432e26844954abe --git-branch=master --variants=Debug --interactive-tests=true --post-zips=false --maya-cut-config=maya-rundev-master-debug.yaml --maya-package=rundev-master-debug --stage-banner
[2024-01-19T13:29:10.412Z] config_file /home/S/jenkins/workspace/ECP/ecg-maya-hydra/ecg-maya-hydra-branch-preflight-python3-linux/ecg-maya-hydra/maya-rundev-master-debug.yaml
[2024-01-19T13:29:10.412Z] Using Maya cut from /local/S/jenkins/workspace/shared/Artifactory/Linux/rundev-master-debug/202401181544/runtime/b259be8/runTime
[2024-01-19T13:29:10.412Z] 
[2024-01-19T13:29:10.412Z] ================================================================================
[2024-01-19T13:29:10.412Z]                                configure (Debug)
[2024-01-19T13:29:10.412Z] ================================================================================
[2024-01-19T13:29:10.412Z] Maya Python Debug Info:
[2024-01-19T13:29:10.412Z]   mayapy executable   = /local/S/jenkins/workspace/shared/Artifactory/Linux/rundev-master-debug/202401181544/runtime/b259be8/runTime/bin/mayapy
[2024-01-19T13:29:10.412Z]   Include Folder      = /local/S/jenkins/workspace/shared/Artifactory/Linux/rundev-master-debug/202401181544/runtime/b259be8/runTime/include/Python311/Python
[2024-01-19T13:29:10.412Z]   Library             = /local/S/jenkins/workspace/shared/Artifactory/Linux/rundev-master-debug/202401181544/runtime/b259be8/runTime/lib/libpython3.11d.so.1.0
[2024-01-19T13:29:10.412Z]   site-package Folder = /local/S/jenkins/workspace/shared/Artifactory/Linux/rundev-master-debug/202401181544/runtime/b259be8/runTime/lib/python3.11/site-packages
[2024-01-19T13:29:11.532Z] In workdir: /home/S/jenkins/workspace/ECP/ecg-maya-hydra/ecg-maya-hydra-branch-preflight-python3-linux/ecg-maya-hydra/maya-hydra
[2024-01-19T13:29:11.533Z] Executing: /local/S/jenkins/workspace/shared/Artifactory/Linux/rundev-master-debug/202401181544/runtime/b259be8/runTime/bin/mayapy /home/S/jenkins/workspace/ECP/ecg-maya-hydra/ecg-maya-hydra-branch-preflight-python3-linux/ecg-maya-hydra/maya-hydra/build.py --generator Ninja --build-debug --maya-location /local/S/jenkins/workspace/shared/Artifactory/Linux/rundev-master-debug/202401181544/runtime/b259be8/runTime --devkit-location /local/S/jenkins/workspace/shared/Artifactory/Linux/rundev-master-debug/202401181544/runtime/b259be8/devkitBase --pxrusd-location /local/S/jenkins/workspace/shared/Artifactory/Linux/USD/d4ae0c1 --build-args=-DCMAKE_MAKE_PROGRAM=/local/S/jenkins/workspace/shared/Artifactory/Linux/ninja/1.10.2/9ab399b/ninja,-DPYTHON_INCLUDE_DIR=/local/S/jenkins/workspace/shared/Artifactory/Linux/rundev-master-debug/202401181544/runtime/b259be8/runTime/include/Python311/Python,-DPython_EXECUTABLE=/local/S/jenkins/workspace/shared/Artifactory/Linux/rundev-master-debug/202401181544/runtime/b259be8/runTime/bin/mayapy,-DPYTHON_LIBRARIES=/local/S/jenkins/workspace/shared/Artifactory/Linux/rundev-master-debug/202401181544/runtime/b259be8/runTime/lib/libpython3.11d.so.1.0,-DBUILD_WITH_PYTHON_3_VERSION=3.11,-DCMAKE_WANT_MATERIALX_BUILD=ON,-DCMAKE_PREFIX_PATH=/local/S/jenkins/workspace/shared/Artifactory/Linux/USD/d4ae0c1,-DMAYAHYDRA_BUILD_NUMBER=467,-DMAYAHYDRA_GIT_COMMIT=b68fde7671223455c11e3af06432e26844954abe,-DMAYAHYDRA_GIT_BRANCH=master,-DMAYAUSD_LOCATION=/local/S/jenkins/workspace/shared/Artifactory/Linux/mayausd-cotd-debug/202401170904/runtime/733a5f2/mayausd --debug-python '--ctest-args=--parallel 16' --stages=configure --redirect-outstream-file=False --install-location /local/S/jenkins/workspace/ECP/ecg-maya-hydra/ecg-maya-hydra-branch-preflight-python3-linux/install/Debug/MayaHydra /local/S/jenkins/workspace/ECP/ecg-maya-hydra/ecg-maya-hydra-branch-preflight-python3-linux
[2024-01-19T13:29:11.533Z] Modified environment variables:
[2024-01-19T13:29:11.533Z]     LD_LIBRARY_PATH=/opt/rh/gcc-toolset-11/root/usr/lib64:/opt/rh/gcc-toolset-11/root/usr/lib64:/opt/rh/gcc-toolset-11/root/usr/lib:/opt/rh/gcc-toolset-11/root/usr/lib64/dyninst:/opt/rh/gcc-toolset-11/root/usr/lib/dyninst
[2024-01-19T13:29:11.533Z]     PATH=/local/S/jenkins/workspace/shared/Artifactory/Linux/cmake/3.20.3/ab685d7/bin:/opt/rh/gcc-toolset-11/root/usr/bin:/home/administrator/.local/bin:/home/administrator/bin:/usr/share/Modules/bin:/usr/local/bin:/usr/local/sbin:/usr/bin:/usr/sbin
[2024-01-19T13:29:12.068Z]     -- The C compiler identification is GNU 11.2.1
[2024-01-19T13:29:12.068Z]     -- The CXX compiler identification is GNU 11.2.1
[2024-01-19T13:29:12.068Z]     -- Detecting C compiler ABI info
[2024-01-19T13:29:12.068Z]     -- Detecting C compiler ABI info - done
[2024-01-19T13:29:12.068Z]     -- Check for working C compiler: /opt/rh/gcc-toolset-11/root/usr/bin/cc - skipped
[2024-01-19T13:29:12.068Z]     -- Detecting C compile features
[2024-01-19T13:29:12.068Z]     -- Detecting C compile features - done
[2024-01-19T13:29:12.068Z]     -- Detecting CXX compiler ABI info
[2024-01-19T13:29:12.068Z]     -- Detecting CXX compiler ABI info - done
[2024-01-19T13:29:12.068Z]     -- Check for working CXX compiler: /opt/rh/gcc-toolset-11/root/usr/bin/c++ - skipped
[2024-01-19T13:29:12.068Z]     -- Detecting CXX compile features
[2024-01-19T13:29:12.068Z]     -- Detecting CXX compile features - done
[2024-01-19T13:29:12.603Z]     -- Using Maya Light API Version 3
[2024-01-19T13:29:12.603Z]     -- Maya has setDefaultMaterialHandling API
[2024-01-19T13:29:12.603Z]     -- Maya has new point snapping API
[2024-01-19T13:29:12.603Z]     -- Maya has isInCrashHandler API
[2024-01-19T13:29:12.603Z]     -- Maya has getDisplayStyleOfAllViewports API
[2024-01-19T13:29:12.603Z]     -- Maya array iterator has difference_type trait
[2024-01-19T13:29:12.603Z]     -- MFnSet has getMemberPaths function
[2024-01-19T13:29:12.603Z]     -- MFnDisplayLayer exists
[2024-01-19T13:29:12.603Z]     -- MDisplayLayerMessage has MDisplayLayerMemberChangedFunction
[2024-01-19T13:29:12.603Z]     -- MRenderItem has HideOnPlayback API
[2024-01-19T13:29:13.138Z]     -- Linux: Maya was built with new cxx11 ABI
[2024-01-19T13:29:13.138Z]     -- Found Maya: /local/S/jenkins/workspace/shared/Artifactory/Linux/rundev-master-debug/202401181544/runtime/b259be8/runTime/bin/maya (found suitable version "2025", minimum required is "2024")
[2024-01-19T13:29:13.673Z]     -- Found Python: /local/S/jenkins/workspace/shared/Artifactory/Linux/rundev-master-debug/202401181544/runtime/b259be8/runTime/bin/mayapy (found suitable exact version "3.11.4") found components: Interpreter
[2024-01-19T13:29:13.673Z]     -- Build mayaHydra with Python3 = 3.11
[2024-01-19T13:29:13.673Z]     --    PYTHON_INCLUDE_DIRS = /local/S/jenkins/workspace/shared/Artifactory/Linux/rundev-master-debug/202401181544/runtime/b259be8/runTime/include/Python311/Python
[2024-01-19T13:29:13.673Z]     --    PYTHON_LIBRARIES    = /local/S/jenkins/workspace/shared/Artifactory/Linux/rundev-master-debug/202401181544/runtime/b259be8/runTime/lib/libpython3.11d.so.1.0
[2024-01-19T13:29:13.673Z]     --    Python_EXECUTABLE   = /local/S/jenkins/workspace/shared/Artifactory/Linux/rundev-master-debug/202401181544/runtime/b259be8/runTime/bin/mayapy
[2024-01-19T13:29:13.673Z]     -- Found Python3: /local/S/jenkins/workspace/shared/Artifactory/Linux/rundev-master-debug/202401181544/runtime/b259be8/runTime/include/Python311/Python (found suitable exact version "3.11.4") found components: Development Development.Module Development.Embed
[2024-01-19T13:29:14.209Z]     -- USD has new Sdr.PropertyTypes.Color4
[2024-01-19T13:29:14.209Z]     -- USD has MaterialX metadata support
[2024-01-19T13:29:14.209Z]     -- USD include dir: /local/S/jenkins/workspace/shared/Artifactory/Linux/USD/d4ae0c1/include
[2024-01-19T13:29:14.209Z]     -- USD library dir: /local/S/jenkins/workspace/shared/Artifactory/Linux/USD/d4ae0c1/lib
[2024-01-19T13:29:14.209Z]     -- USD version: 0.23.11
[2024-01-19T13:29:14.209Z]     -- Found USD: /local/S/jenkins/workspace/shared/Artifactory/Linux/USD/d4ae0c1 (found suitable version "0.23.11", minimum required is "0.22.11")
[2024-01-19T13:29:14.209Z]     Updated PYTHONPATH: /local/S/jenkins/workspace/shared/Artifactory/Linux/USD/d4ae0c1/lib/python
[2024-01-19T13:29:14.209Z]     -- Found UFE: /local/S/jenkins/workspace/shared/Artifactory/Linux/rundev-master-debug/202401181544/runtime/b259be8/devkitBase/devkit/ufe/include (found version "5.0.0")
[2024-01-19T13:29:14.209Z]     -- UFE include dir: /local/S/jenkins/workspace/shared/Artifactory/Linux/rundev-master-debug/202401181544/runtime/b259be8/devkitBase/devkit/ufe/include
[2024-01-19T13:29:14.209Z]     -- UFE library: /local/S/jenkins/workspace/shared/Artifactory/Linux/rundev-master-debug/202401181544/runtime/b259be8/devkitBase/devkit/ufe/lib/libufe_5.so
[2024-01-19T13:29:14.209Z]     -- UFE version: 5.0.0
[2024-01-19T13:29:14.209Z]     -- Maya has UFE lights API
[2024-01-19T13:29:14.209Z]     -- Maya has UFE scene segment API
[2024-01-19T13:29:14.209Z]     -- Maya has UFE TrieNode childrenComponents accessor
[2024-01-19T13:29:14.209Z]     -- Building with UFE 5.0.0.
[2024-01-19T13:29:14.209Z]     -- Could NOT find MAYAUSD (missing: MAYAUSD_INCLUDE_DIR MAYAUSD_LIBRARY_DIR)
[2024-01-19T13:29:14.209Z]     CMake Error at cmake/modules/FindMAYAUSD.cmake:86 (message):
[2024-01-19T13:29:14.209Z]       Could not find MayaUsd library and include directories in the folder
[2024-01-19T13:29:14.209Z]       provided :
[2024-01-19T13:29:14.209Z]       /local/S/jenkins/workspace/shared/Artifactory/Linux/mayausd-cotd-debug/202401170904/runtime/733a5f2/mayausd
[2024-01-19T13:29:14.209Z]     Call Stack (most recent call first):
[2024-01-19T13:29:14.209Z]       CMakeLists.txt:134 (find_package)
[2024-01-19T13:29:14.209Z]     
[2024-01-19T13:29:14.209Z]     
[2024-01-19T13:29:14.209Z]     -- Configuring incomplete, errors occurred!
[2024-01-19T13:29:14.209Z]     See also "/home/S/jenkins/workspace/ECP/ecg-maya-hydra/ecg-maya-hydra-branch-preflight-python3-linux/build/Debug/CMakeFiles/CMakeOutput.log".
[2024-01-19T13:29:14.209Z]     
[2024-01-19T13:29:14.209Z]         Building with settings:
[2024-01-19T13:29:14.209Z]           Source directory          /home/S/jenkins/workspace/ECP/ecg-maya-hydra/ecg-maya-hydra-branch-preflight-python3-linux/ecg-maya-hydra/maya-hydra
[2024-01-19T13:29:14.209Z]           Workspace directory       /local/S/jenkins/workspace/ECP/ecg-maya-hydra/ecg-maya-hydra-branch-preflight-python3-linux
[2024-01-19T13:29:14.209Z]           Build directory           /local/S/jenkins/workspace/ECP/ecg-maya-hydra/ecg-maya-hydra-branch-preflight-python3-linux/build/Debug
[2024-01-19T13:29:14.209Z]           Install directory         /local/S/jenkins/workspace/ECP/ecg-maya-hydra/ecg-maya-hydra-branch-preflight-python3-linux/install/Debug/MayaHydra
[2024-01-19T13:29:14.209Z]           Variant                   Debug
[2024-01-19T13:29:14.209Z]           Python Debug              On
[2024-01-19T13:29:14.209Z]           CMake generator           Ninja
[2024-01-19T13:29:14.209Z]           Build arguments           ['-DCMAKE_MAKE_PROGRAM=/local/S/jenkins/workspace/shared/Artifactory/Linux/ninja/1.10.2/9ab399b/ninja', '-DPYTHON_INCLUDE_DIR=/local/S/jenkins/workspace/shared/Artifactory/Linux/rundev-master-debug/202401181544/runtime/b259be8/runTime/include/Python311/Python', '-DPython_EXECUTABLE=/local/S/jenkins/workspace/shared/Artifactory/Linux/rundev-master-debug/202401181544/runtime/b259be8/runTime/bin/mayapy', '-DPYTHON_LIBRARIES=/local/S/jenkins/workspace/shared/Artifactory/Linux/rundev-master-debug/202401181544/runtime/b259be8/runTime/lib/libpython3.11d.so.1.0', '-DBUILD_WITH_PYTHON_3_VERSION=3.11', '-DCMAKE_WANT_MATERIALX_BUILD=ON', '-DCMAKE_PREFIX_PATH=/local/S/jenkins/workspace/shared/Artifactory/Linux/USD/d4ae0c1', '-DMAYAHYDRA_BUILD_NUMBER=467', '-DMAYAHYDRA_GIT_COMMIT=b68fde7671223455c11e3af06432e26844954abe', '-DMAYAHYDRA_GIT_BRANCH=master', '-DMAYAUSD_LOCATION=/local/S/jenkins/workspace/shared/Artifactory/Linux/mayausd-cotd-debug/202401170904/runtime/733a5f2/mayausd']
[2024-01-19T13:29:14.209Z]           Stages arguments          ['configure']
[2024-01-19T13:29:14.209Z]           CTest arguments           ['--parallel 16']
[2024-01-19T13:29:14.209Z]     STATUS: Found Maya Qt headers in: /local/S/jenkins/workspace/shared/Artifactory/Linux/rundev-master-debug/202401181544/runtime/b259be8/devkitBase
[2024-01-19T13:29:14.209Z]     #####################################################################################
[2024-01-19T13:29:14.209Z]     log date: 2024-01-19 05:29
[2024-01-19T13:29:14.209Z]     commit sha: a7e28ffd59ee075e8c5a7d5b93ff88f5006d3de0
[2024-01-19T13:29:14.209Z]     commit date: Fri Jan 19 05:28:08 2024 -0800
[2024-01-19T13:29:14.209Z]     #####################################################################################
[2024-01-19T13:29:14.209Z]     
[2024-01-19T13:29:14.209Z]     cmake -DCMAKE_INSTALL_PREFIX="/local/S/jenkins/workspace/ECP/ecg-maya-hydra/ecg-maya-hydra-branch-preflight-python3-linux/install/Debug/MayaHydra" -DCMAKE_BUILD_TYPE=Debug -DCMAKE_EXPORT_COMPILE_COMMANDS=ON -G "Ninja" -DMAYA_LOCATION="/local/S/jenkins/workspace/shared/Artifactory/Linux/rundev-master-debug/202401181544/runtime/b259be8/runTime" -DPXR_USD_LOCATION="/local/S/jenkins/workspace/shared/Artifactory/Linux/USD/d4ae0c1" -DMAYA_DEVKIT_LOCATION="/local/S/jenkins/workspace/shared/Artifactory/Linux/rundev-master-debug/202401181544/runtime/b259be8/devkitBase" -DCMAKE_MAKE_PROGRAM=/local/S/jenkins/workspace/shared/Artifactory/Linux/ninja/1.10.2/9ab399b/ninja -DPYTHON_INCLUDE_DIR=/local/S/jenkins/workspace/shared/Artifactory/Linux/rundev-master-debug/202401181544/runtime/b259be8/runTime/include/Python311/Python -DPython_EXECUTABLE=/local/S/jenkins/workspace/shared/Artifactory/Linux/rundev-master-debug/202401181544/runtime/b259be8/runTime/bin/mayapy -DPYTHON_LIBRARIES=/local/S/jenkins/workspace/shared/Artifactory/Linux/rundev-master-debug/202401181544/runtime/b259be8/runTime/lib/libpython3.11d.so.1.0 -DBUILD_WITH_PYTHON_3_VERSION=3.11 -DCMAKE_WANT_MATERIALX_BUILD=ON -DCMAKE_PREFIX_PATH=/local/S/jenkins/workspace/shared/Artifactory/Linux/USD/d4ae0c1 -DMAYAHYDRA_BUILD_NUMBER=467 -DMAYAHYDRA_GIT_COMMIT=b68fde7671223455c11e3af06432e26844954abe -DMAYAHYDRA_GIT_BRANCH=master -DMAYAUSD_LOCATION=/local/S/jenkins/workspace/shared/Artifactory/Linux/mayausd-cotd-debug/202401170904/runtime/733a5f2/mayausd "/home/S/jenkins/workspace/ECP/ecg-maya-hydra/ecg-maya-hydra-branch-preflight-python3-linux/ecg-maya-hydra/maya-hydra"
[2024-01-19T13:29:14.209Z]     
[2024-01-19T13:29:14.209Z]     Traceback (most recent call last):
[2024-01-19T13:29:14.209Z]       File "/home/S/jenkins/workspace/ECP/ecg-maya-hydra/ecg-maya-hydra-branch-preflight-python3-linux/ecg-maya-hydra/maya-hydra/build.py", line 745, in <module>
[2024-01-19T13:29:14.209Z]         BuildAndInstall(context, context.buildArgs, context.stagesArgs)
[2024-01-19T13:29:14.209Z]       File "/home/S/jenkins/workspace/ECP/ecg-maya-hydra/ecg-maya-hydra-branch-preflight-python3-linux/ecg-maya-hydra/maya-hydra/build.py", line 502, in BuildAndInstall
[2024-01-19T13:29:14.209Z]         RunCMake(context, extraArgs, stagesArgs)
[2024-01-19T13:29:14.209Z]       File "/home/S/jenkins/workspace/ECP/ecg-maya-hydra/ecg-maya-hydra-branch-preflight-python3-linux/ecg-maya-hydra/maya-hydra/build.py", line 305, in RunCMake
[2024-01-19T13:29:14.209Z]         Run(context,
[2024-01-19T13:29:14.209Z]       File "/home/S/jenkins/workspace/ECP/ecg-maya-hydra/ecg-maya-hydra-branch-preflight-python3-linux/ecg-maya-hydra/maya-hydra/build.py", line 197, in Run
[2024-01-19T13:29:14.209Z]         raise RuntimeError("Failed to run '{cmd}'\nSee {log} for more details."
[2024-01-19T13:29:14.209Z]     RuntimeError: Failed to run 'cmake -DCMAKE_INSTALL_PREFIX="/local/S/jenkins/workspace/ECP/ecg-maya-hydra/ecg-maya-hydra-branch-preflight-python3-linux/install/Debug/MayaHydra" -DCMAKE_BUILD_TYPE=Debug -DCMAKE_EXPORT_COMPILE_COMMANDS=ON -G "Ninja" -DMAYA_LOCATION="/local/S/jenkins/workspace/shared/Artifactory/Linux/rundev-master-debug/202401181544/runtime/b259be8/runTime" -DPXR_USD_LOCATION="/local/S/jenkins/workspace/shared/Artifactory/Linux/USD/d4ae0c1" -DMAYA_DEVKIT_LOCATION="/local/S/jenkins/workspace/shared/Artifactory/Linux/rundev-master-debug/202401181544/runtime/b259be8/devkitBase" -DCMAKE_MAKE_PROGRAM=/local/S/jenkins/workspace/shared/Artifactory/Linux/ninja/1.10.2/9ab399b/ninja -DPYTHON_INCLUDE_DIR=/local/S/jenkins/workspace/shared/Artifactory/Linux/rundev-master-debug/202401181544/runtime/b259be8/runTime/include/Python311/Python -DPython_EXECUTABLE=/local/S/jenkins/workspace/shared/Artifactory/Linux/rundev-master-debug/202401181544/runtime/b259be8/runTime/bin/mayapy -DPYTHON_LIBRARIES=/local/S/jenkins/workspace/shared/Artifactory/Linux/rundev-master-debug/202401181544/runtime/b259be8/runTime/lib/libpython3.11d.so.1.0 -DBUILD_WITH_PYTHON_3_VERSION=3.11 -DCMAKE_WANT_MATERIALX_BUILD=ON -DCMAKE_PREFIX_PATH=/local/S/jenkins/workspace/shared/Artifactory/Linux/USD/d4ae0c1 -DMAYAHYDRA_BUILD_NUMBER=467 -DMAYAHYDRA_GIT_COMMIT=b68fde7671223455c11e3af06432e26844954abe -DMAYAHYDRA_GIT_BRANCH=master -DMAYAUSD_LOCATION=/local/S/jenkins/workspace/shared/Artifactory/Linux/mayausd-cotd-debug/202401170904/runtime/733a5f2/mayausd "/home/S/jenkins/workspace/ECP/ecg-maya-hydra/ecg-maya-hydra-branch-preflight-python3-linux/ecg-maya-hydra/maya-hydra"'
[2024-01-19T13:29:14.209Z]     See /local/S/jenkins/workspace/ECP/ecg-maya-hydra/ecg-maya-hydra-branch-preflight-python3-linux/build/Debug/build_log.txt for more details.
[2024-01-19T13:29:14.209Z] build.py: error: Command failed with error code: 1
[Pipeline] }
[Pipeline] // withEnv
[Pipeline] }
[Pipeline] // timeout
[Pipeline] }
[Pipeline] // stage
[Pipeline] }
[Pipeline] // timestamps
[Pipeline] emailextrecipients
Not sending mail to user ecg.jenkins@autodesk.com with no permission to view ECP » ecg-maya-hydra » Maya Hydra [Python 3, Interactive] - Branch - Preflight (Linux) [RHEL8] #467Not sending mail to user ecg.jenkins@autodesk.com with no permission to view ECP » ecg-maya-hydra » Maya Hydra [Python 3, Interactive] - Branch - Preflight (Linux) [RHEL8] #467[Pipeline] echo
No recipients to send notification.
[Pipeline] }
[Pipeline] // node
[Pipeline] End of Pipeline
ERROR: script returned exit code 1
[Checks API] No suitable checks publisher found.
Finished: FAILURE
