[2024-01-19T13:29:12.671Z] ================================================================================
[2024-01-19T13:29:12.671Z]                                  setup (Debug)
[2024-01-19T13:29:12.671Z] ================================================================================
[2024-01-19T13:29:12.671Z] Installing license file 'melicense.lic'.
[Pipeline] sh
[2024-01-19T13:29:14.118Z] + python ecg-maya-hydra/build.py --stages=setup --workspace-dir=/local/S/jenkins/workspace/ECP/ecg-maya-hydra/ecg-maya-hydra-branch-preflight-python3-osx --artifactory-dir=/local/S/jenkins/workspace/shared/Artifactory --build-dir=/local/S/jenkins/workspace/ECP/ecg-maya-hydra/ecg-maya-hydra-branch-preflight-python3-osx/build --install-dir=/local/S/jenkins/workspace/ECP/ecg-maya-hydra/ecg-maya-hydra-branch-preflight-python3-osx/install --signing-dir=/local/S/jenkins/workspace/ECP/ecg-maya-hydra/ecg-maya-hydra-branch-preflight-python3-osx/signing --package-dir=/local/S/jenkins/workspace/ECP/ecg-maya-hydra/ecg-maya-hydra-branch-preflight-python3-osx/package --output-dir=/local/S/jenkins/workspace/ECP/ecg-maya-hydra/ecg-maya-hydra-branch-preflight-python3-osx/output --stash-dir=/local/S/jenkins/workspace/ECP/ecg-maya-hydra/ecg-maya-hydra-branch-preflight-python3-osx/stash --jenkins-build=469 --git-commit=b68fde7671223455c11e3af06432e26844954abe --git-branch=master --variants=RelWithDebInfo --interactive-tests=false --post-zips=false --osx-binary-architecture-target=ub2 --osx-deployment-target=11.0 --osx-base-sdk=CurrentActiveSDK --extra-license-file=ecg-maya-hydra/jenkins-o03-cot/melicense.lic --prune-versions=3 --prune-revisions=3 --maya-cut-config=maya-rundev-master.yaml --maya-package=rundev-master --stage-banner --prune-artifacts --force-pruning
[2024-01-19T13:29:14.118Z] config_file /Volumes/DATA/local/S/jenkins/workspace/ECP/ecg-maya-hydra/ecg-maya-hydra-branch-preflight-python3-osx/ecg-maya-hydra/maya-rundev-master.yaml
[2024-01-19T13:29:14.118Z] Getting rundev-master download URL from Maya SHA-1 hash
[2024-01-19T13:29:14.118Z] Finding Artifactory servers response times
[2024-01-19T13:29:17.367Z] [VERBOSE] Start loading URL (CURL): https://art-bobcat.autodesk.com/artifactory/api/search/checksum?repos=team-maya-generic,oss-stg-generic,team-mayausd-post-generic,autodesk-3p-generic,adsk-build-tools-generic,team-ecg-generic&sha1=a25a8b63a9089f68a8d3c2b3cb7e77b853809b15
[2024-01-19T13:29:17.367Z] [DEBUG] Running: /usr/bin/curl -s -X GET --keepalive-time 10 --connect-timeout 60 --speed-limit 10000 --speed-time 120 --max-time 3600 --retry 5 --retry-max-time 2400 -H Connection:close -H Authorization:Basic ZWNnYmlmcm9zdDpvcGUqKjAw https://art-bobcat.autodesk.com/artifactory/api/search/checksum?repos=team-maya-generic,oss-stg-generic,team-mayausd-post-generic,autodesk-3p-generic,adsk-build-tools-generic,team-ecg-generic&sha1=a25a8b63a9089f68a8d3c2b3cb7e77b853809b15
[2024-01-19T13:29:17.367Z] [DEBUG] Output:
[2024-01-19T13:29:17.367Z] {
[2024-01-19T13:29:17.367Z]   "results" : [ {
[2024-01-19T13:29:17.367Z]     "uri" : "https://art-bobcat.autodesk.com:443/artifactory/api/storage/team-maya-generic/Maya/master/pmac/2024-01-18-15-44_7da398cf77/202401181544-7da398cf77-RUNDEV.dmg"
[2024-01-19T13:29:17.367Z]   } ]
[2024-01-19T13:29:17.367Z] }
[2024-01-19T13:29:17.367Z] [VERBOSE] End loading URL (CURL): https://art-bobcat.autodesk.com/artifactory/api/search/checksum?repos=team-maya-generic,oss-stg-generic,team-mayausd-post-generic,autodesk-3p-generic,adsk-build-tools-generic,team-ecg-generic&sha1=a25a8b63a9089f68a8d3c2b3cb7e77b853809b15
[2024-01-19T13:29:17.367Z] [VERBOSE] Start loading URL (CURL): https://art-bobcat.autodesk.com:443/artifactory/api/storage/team-maya-generic/Maya/master/pmac/2024-01-18-15-44_7da398cf77/202401181544-7da398cf77-RUNDEV.dmg
[2024-01-19T13:29:17.367Z] [DEBUG] Running: /usr/bin/curl -s -X GET --keepalive-time 10 --connect-timeout 60 --speed-limit 10000 --speed-time 120 --max-time 3600 --retry 5 --retry-max-time 2400 -H Connection:close -H Authorization:Basic ZWNnYmlmcm9zdDpvcGUqKjAw https://art-bobcat.autodesk.com:443/artifactory/api/storage/team-maya-generic/Maya/master/pmac/2024-01-18-15-44_7da398cf77/202401181544-7da398cf77-RUNDEV.dmg
[2024-01-19T13:29:17.367Z] [DEBUG] Output:
[2024-01-19T13:29:17.367Z] {
[2024-01-19T13:29:17.367Z]   "repo" : "team-maya-generic",
[2024-01-19T13:29:17.367Z]   "path" : "/Maya/master/pmac/2024-01-18-15-44_7da398cf77/202401181544-7da398cf77-RUNDEV.dmg",
[2024-01-19T13:29:17.367Z]   "created" : "2024-01-18T17:00:27.557-08:00",
[2024-01-19T13:29:17.367Z]   "createdBy" : "svc_aad_p_mescm",
[2024-01-19T13:29:17.367Z]   "lastModified" : "2024-01-18T16:54:37.800-08:00",
[2024-01-19T13:29:17.367Z]   "modifiedBy" : "svc_aad_p_mescm",
[2024-01-19T13:29:17.367Z]   "lastUpdated" : "2024-01-18T17:00:27.557-08:00",
[2024-01-19T13:29:17.367Z]   "downloadUri" : "https://art-bobcat.autodesk.com:443/artifactory/team-maya-generic/Maya/master/pmac/2024-01-18-15-44_7da398cf77/202401181544-7da398cf77-RUNDEV.dmg",
[2024-01-19T13:29:17.367Z]   "mimeType" : "application/octet-stream",
[2024-01-19T13:29:17.367Z]   "size" : "2884108667",
[2024-01-19T13:29:17.367Z]   "checksums" : {
[2024-01-19T13:29:17.367Z]     "sha1" : "a25a8b63a9089f68a8d3c2b3cb7e77b853809b15",
[2024-01-19T13:29:17.367Z]     "md5" : "e6fb46295cb16957cbd36fdc095ce04b",
[2024-01-19T13:29:17.367Z]     "sha256" : "88cbe092b27daa7e0d307efbe90bdb7017cb07a6b383f2697887d97d9727cf47"
[2024-01-19T13:29:17.367Z]   },
[2024-01-19T13:29:17.367Z]   "originalChecksums" : {
[2024-01-19T13:29:17.367Z]     "sha1" : "a25a8b63a9089f68a8d3c2b3cb7e77b853809b15",
[2024-01-19T13:29:17.367Z]     "md5" : "e6fb46295cb16957cbd36fdc095ce04b",
[2024-01-19T13:29:17.367Z]     "sha256" : "88cbe092b27daa7e0d307efbe90bdb7017cb07a6b383f2697887d97d9727cf47"
[2024-01-19T13:29:17.367Z]   },
[2024-01-19T13:29:17.367Z]   "uri" : "https://art-bobcat.autodesk.com:443/artifactory/api/storage/team-maya-generic/Maya/master/pmac/2024-01-18-15-44_7da398cf77/202401181544-7da398cf77-RUNDEV.dmg"
[2024-01-19T13:29:17.367Z] }
[2024-01-19T13:29:17.367Z] [VERBOSE] End loading URL (CURL): https://art-bobcat.autodesk.com:443/artifactory/api/storage/team-maya-generic/Maya/master/pmac/2024-01-18-15-44_7da398cf77/202401181544-7da398cf77-RUNDEV.dmg
[2024-01-19T13:29:17.367Z] Using Maya cut from /local/S/jenkins/workspace/shared/Artifactory/OSX/rundev-master/202401181544/runtime/a25a8b6/runTime
[2024-01-19T13:29:17.367Z] Using Maya ADSK Signatures from /local/S/jenkins/workspace/shared/Artifactory/OSX/adsk-plugin-signatures-maya/2023/3ae1ae7
[2024-01-19T13:29:17.367Z] Using Maya Security Library from /local/S/jenkins/workspace/shared/Artifactory/OSX/maya-security-library/3.4.0/5e08f3e
[2024-01-19T13:29:17.367Z] 
[2024-01-19T13:29:17.367Z] ================================================================================
[2024-01-19T13:29:17.367Z]                              setup (RelWithDebInfo)
[2024-01-19T13:29:17.367Z] ================================================================================
[2024-01-19T13:29:17.367Z] Installing license file 'melicense.lic'.
[Pipeline] }
[Pipeline] // withEnv
[Pipeline] }
[Pipeline] // timeout
[Pipeline] }
[Pipeline] // stage
[Pipeline] }
[Pipeline] // timestamps
[Pipeline] timestamps
[Pipeline] {
[Pipeline] stage
[Pipeline] { (Clean)
[Pipeline] timeout
[2024-01-19T13:29:17.723Z] Timeout set to expire in 6 hr 0 min
[Pipeline] {
[Pipeline] withEnv
[Pipeline] {
[Pipeline] sh
[2024-01-19T13:29:18.826Z] + python ecg-maya-hydra/build.py --stages=clean --workspace-dir=/local/S/jenkins/workspace/ECP/ecg-maya-hydra/ecg-maya-hydra-branch-preflight-python3-osx --artifactory-dir=/local/S/jenkins/workspace/shared/Artifactory --build-dir=/local/S/jenkins/workspace/ECP/ecg-maya-hydra/ecg-maya-hydra-branch-preflight-python3-osx/build --install-dir=/local/S/jenkins/workspace/ECP/ecg-maya-hydra/ecg-maya-hydra-branch-preflight-python3-osx/install --signing-dir=/local/S/jenkins/workspace/ECP/ecg-maya-hydra/ecg-maya-hydra-branch-preflight-python3-osx/signing --package-dir=/local/S/jenkins/workspace/ECP/ecg-maya-hydra/ecg-maya-hydra-branch-preflight-python3-osx/package --output-dir=/local/S/jenkins/workspace/ECP/ecg-maya-hydra/ecg-maya-hydra-branch-preflight-python3-osx/output --stash-dir=/local/S/jenkins/workspace/ECP/ecg-maya-hydra/ecg-maya-hydra-branch-preflight-python3-osx/stash --jenkins-build=469 --git-commit=b68fde7671223455c11e3af06432e26844954abe --git-branch=master --variants=Debug --interactive-tests=false --post-zips=false --osx-binary-architecture-target=ub2 --osx-deployment-target=11.0 --osx-base-sdk=CurrentActiveSDK --maya-cut-config=maya-rundev-master-debug.yaml --maya-package=rundev-master-debug --stage-banner
[2024-01-19T13:29:18.826Z] config_file /Volumes/DATA/local/S/jenkins/workspace/ECP/ecg-maya-hydra/ecg-maya-hydra-branch-preflight-python3-osx/ecg-maya-hydra/maya-rundev-master-debug.yaml
[2024-01-19T13:29:18.826Z] Using Maya cut from /local/S/jenkins/workspace/shared/Artifactory/OSX/rundev-master-debug/202401181544/runtime/c82f3e9/runTime
[2024-01-19T13:29:18.826Z] Using Maya ADSK Signatures from /local/S/jenkins/workspace/shared/Artifactory/OSX/adsk-plugin-signatures-maya/2023/3ae1ae7
[2024-01-19T13:29:18.826Z] Using Maya Security Library from /local/S/jenkins/workspace/shared/Artifactory/OSX/maya-security-library/3.4.0/5e08f3e
[2024-01-19T13:29:18.826Z] 
[2024-01-19T13:29:18.826Z] ================================================================================
[2024-01-19T13:29:18.826Z]                                  clean (Debug)
[2024-01-19T13:29:18.826Z] ================================================================================
[2024-01-19T13:29:18.826Z] Maya Python Debug Info:
[2024-01-19T13:29:18.826Z]   mayapy executable   = /local/S/jenkins/workspace/shared/Artifactory/OSX/rundev-master-debug/202401181544/runtime/c82f3e9/runTime/Maya.app/Contents/bin/mayapy
[2024-01-19T13:29:18.827Z]   Include Folder      = /local/S/jenkins/workspace/shared/Artifactory/OSX/rundev-master-debug/202401181544/runtime/c82f3e9/runTime/Maya.app/Contents/Frameworks/Python.framework/Versions/Current/include/python3.11
[2024-01-19T13:29:18.827Z]   Library             = /local/S/jenkins/workspace/shared/Artifactory/OSX/rundev-master-debug/202401181544/runtime/c82f3e9/runTime/Maya.app/Contents/Frameworks/Python.framework/Versions/Current/lib/libpython3.11.dylib
[2024-01-19T13:29:18.827Z]   site-package Folder = /local/S/jenkins/workspace/shared/Artifactory/OSX/rundev-master-debug/202401181544/runtime/c82f3e9/runTime/Maya.app/Contents/Frameworks/Python.framework/Versions/Current/lib/python3.11/site-packages
[2024-01-19T13:29:19.351Z] In workdir: /Volumes/DATA/local/S/jenkins/workspace/ECP/ecg-maya-hydra/ecg-maya-hydra-branch-preflight-python3-osx/ecg-maya-hydra/maya-hydra
[2024-01-19T13:29:19.351Z] Executing: arch -arch arm64 /local/S/jenkins/workspace/shared/Artifactory/OSX/rundev-master-debug/202401181544/runtime/c82f3e9/runTime/Maya.app/Contents/bin/mayapy /Volumes/DATA/local/S/jenkins/workspace/ECP/ecg-maya-hydra/ecg-maya-hydra-branch-preflight-python3-osx/ecg-maya-hydra/maya-hydra/build.py --generator Ninja --build-debug --maya-location /local/S/jenkins/workspace/shared/Artifactory/OSX/rundev-master-debug/202401181544/runtime/c82f3e9/runTime --devkit-location /local/S/jenkins/workspace/shared/Artifactory/OSX/rundev-master-debug/202401181544/runtime/c82f3e9/devkitBase --pxrusd-location /local/S/jenkins/workspace/shared/Artifactory/OSX/USD/ca7f6ed --build-args=-DCMAKE_MAKE_PROGRAM=/local/S/jenkins/workspace/shared/Artifactory/OSX/ninja/1.10.2/95d0ca5/ninja,-DPYTHON_INCLUDE_DIR=/local/S/jenkins/workspace/shared/Artifactory/OSX/rundev-master-debug/202401181544/runtime/c82f3e9/runTime/Maya.app/Contents/Frameworks/Python.framework/Versions/Current/include/python3.11,-DPython_EXECUTABLE=/local/S/jenkins/workspace/shared/Artifactory/OSX/rundev-master-debug/202401181544/runtime/c82f3e9/runTime/Maya.app/Contents/bin/mayapy,-DPYTHON_LIBRARIES=/local/S/jenkins/workspace/shared/Artifactory/OSX/rundev-master-debug/202401181544/runtime/c82f3e9/runTime/Maya.app/Contents/Frameworks/Python.framework/Versions/Current/lib/libpython3.11.dylib,-DBUILD_WITH_PYTHON_3_VERSION=3.11,-DBUILD_UB2=ON,-DCMAKE_WANT_MATERIALX_BUILD=ON,-DCMAKE_PREFIX_PATH=/local/S/jenkins/workspace/shared/Artifactory/OSX/USD/ca7f6ed,-DMAYAHYDRA_BUILD_NUMBER=469,-DMAYAHYDRA_GIT_COMMIT=b68fde7671223455c11e3af06432e26844954abe,-DMAYAHYDRA_GIT_BRANCH=master,-DMAYAUSD_LOCATION=/local/S/jenkins/workspace/shared/Artifactory/OSX/mayausd-cotd-debug/202401170904/runtime/d26f121/mayausd '--ctest-args=-LE interactive,--parallel 8' --stages=clean --redirect-outstream-file=False --install-location /local/S/jenkins/workspace/ECP/ecg-maya-hydra/ecg-maya-hydra-branch-preflight-python3-osx/install/Debug/MayaHydra /local/S/jenkins/workspace/ECP/ecg-maya-hydra/ecg-maya-hydra-branch-preflight-python3-osx
[2024-01-19T13:29:19.351Z] Modified environment variables:
[2024-01-19T13:29:19.351Z]     PATH=/local/S/jenkins/workspace/shared/Artifactory/OSX/cmake/3.20.3/2594509/bin:/opt/homebrew/bin:/usr/local/bin:/bin:/usr/sbin:/sbin:/usr/bin:/usr/bin:/bin:/usr/sbin:/sbin
[2024-01-19T13:29:19.879Z]     
[2024-01-19T13:29:19.879Z]         Building with settings:
[2024-01-19T13:29:19.879Z]           Source directory          /Volumes/DATA/local/S/jenkins/workspace/ECP/ecg-maya-hydra/ecg-maya-hydra-branch-preflight-python3-osx/ecg-maya-hydra/maya-hydra
[2024-01-19T13:29:19.879Z]           Workspace directory       /local/S/jenkins/workspace/ECP/ecg-maya-hydra/ecg-maya-hydra-branch-preflight-python3-osx
[2024-01-19T13:29:19.879Z]           Build directory           /local/S/jenkins/workspace/ECP/ecg-maya-hydra/ecg-maya-hydra-branch-preflight-python3-osx/build/Debug
[2024-01-19T13:29:19.879Z]           Install directory         /local/S/jenkins/workspace/ECP/ecg-maya-hydra/ecg-maya-hydra-branch-preflight-python3-osx/install/Debug/MayaHydra
[2024-01-19T13:29:19.879Z]           Variant                   Debug
[2024-01-19T13:29:19.879Z]           Python Debug              Off
[2024-01-19T13:29:19.879Z]           CMake generator           Ninja
[2024-01-19T13:29:19.879Z]           Build arguments           ['-DCMAKE_MAKE_PROGRAM=/local/S/jenkins/workspace/shared/Artifactory/OSX/ninja/1.10.2/95d0ca5/ninja', '-DPYTHON_INCLUDE_DIR=/local/S/jenkins/workspace/shared/Artifactory/OSX/rundev-master-debug/202401181544/runtime/c82f3e9/runTime/Maya.app/Contents/Frameworks/Python.framework/Versions/Current/include/python3.11', '-DPython_EXECUTABLE=/local/S/jenkins/workspace/shared/Artifactory/OSX/rundev-master-debug/202401181544/runtime/c82f3e9/runTime/Maya.app/Contents/bin/mayapy', '-DPYTHON_LIBRARIES=/local/S/jenkins/workspace/shared/Artifactory/OSX/rundev-master-debug/202401181544/runtime/c82f3e9/runTime/Maya.app/Contents/Frameworks/Python.framework/Versions/Current/lib/libpython3.11.dylib', '-DBUILD_WITH_PYTHON_3_VERSION=3.11', '-DBUILD_UB2=ON', '-DCMAKE_WANT_MATERIALX_BUILD=ON', '-DCMAKE_PREFIX_PATH=/local/S/jenkins/workspace/shared/Artifactory/OSX/USD/ca7f6ed', '-DMAYAHYDRA_BUILD_NUMBER=469', '-DMAYAHYDRA_GIT_COMMIT=b68fde7671223455c11e3af06432e26844954abe', '-DMAYAHYDRA_GIT_BRANCH=master', '-DMAYAUSD_LOCATION=/local/S/jenkins/workspace/shared/Artifactory/OSX/mayausd-cotd-debug/202401170904/runtime/d26f121/mayausd']
[2024-01-19T13:29:19.879Z]           Stages arguments          ['clean']
[2024-01-19T13:29:19.879Z]           CTest arguments           ['-LE interactive', '--parallel 8']
[2024-01-19T13:29:19.879Z]     Success MayaHydra build and install !!!!
[2024-01-19T13:29:19.879Z]     Elapsed time: 00:00:00
[Pipeline] sh
[2024-01-19T13:29:21.171Z] + python ecg-maya-hydra/build.py --stages=clean --workspace-dir=/local/S/jenkins/workspace/ECP/ecg-maya-hydra/ecg-maya-hydra-branch-preflight-python3-osx --artifactory-dir=/local/S/jenkins/workspace/shared/Artifactory --build-dir=/local/S/jenkins/workspace/ECP/ecg-maya-hydra/ecg-maya-hydra-branch-preflight-python3-osx/build --install-dir=/local/S/jenkins/workspace/ECP/ecg-maya-hydra/ecg-maya-hydra-branch-preflight-python3-osx/install --signing-dir=/local/S/jenkins/workspace/ECP/ecg-maya-hydra/ecg-maya-hydra-branch-preflight-python3-osx/signing --package-dir=/local/S/jenkins/workspace/ECP/ecg-maya-hydra/ecg-maya-hydra-branch-preflight-python3-osx/package --output-dir=/local/S/jenkins/workspace/ECP/ecg-maya-hydra/ecg-maya-hydra-branch-preflight-python3-osx/output --stash-dir=/local/S/jenkins/workspace/ECP/ecg-maya-hydra/ecg-maya-hydra-branch-preflight-python3-osx/stash --jenkins-build=469 --git-commit=b68fde7671223455c11e3af06432e26844954abe --git-branch=master --variants=RelWithDebInfo --interactive-tests=false --post-zips=false --osx-binary-architecture-target=ub2 --osx-deployment-target=11.0 --osx-base-sdk=CurrentActiveSDK --maya-cut-config=maya-rundev-master.yaml --maya-package=rundev-master --stage-banner
[2024-01-19T13:29:21.171Z] config_file /Volumes/DATA/local/S/jenkins/workspace/ECP/ecg-maya-hydra/ecg-maya-hydra-branch-preflight-python3-osx/ecg-maya-hydra/maya-rundev-master.yaml
[2024-01-19T13:29:21.171Z] Using Maya cut from /local/S/jenkins/workspace/shared/Artifactory/OSX/rundev-master/202401181544/runtime/a25a8b6/runTime
[2024-01-19T13:29:21.171Z] Using Maya ADSK Signatures from /local/S/jenkins/workspace/shared/Artifactory/OSX/adsk-plugin-signatures-maya/2023/3ae1ae7
[2024-01-19T13:29:21.171Z] Using Maya Security Library from /local/S/jenkins/workspace/shared/Artifactory/OSX/maya-security-library/3.4.0/5e08f3e
[2024-01-19T13:29:21.171Z] 
[2024-01-19T13:29:21.171Z] ================================================================================
[2024-01-19T13:29:21.171Z]                              clean (RelWithDebInfo)
[2024-01-19T13:29:21.171Z] ================================================================================
[2024-01-19T13:29:21.171Z] Maya Python RelWithDebInfo Info:
[2024-01-19T13:29:21.171Z]   mayapy executable   = /local/S/jenkins/workspace/shared/Artifactory/OSX/rundev-master/202401181544/runtime/a25a8b6/runTime/Maya.app/Contents/bin/mayapy
[2024-01-19T13:29:21.171Z]   Include Folder      = /local/S/jenkins/workspace/shared/Artifactory/OSX/rundev-master/202401181544/runtime/a25a8b6/runTime/Maya.app/Contents/Frameworks/Python.framework/Versions/Current/include/python3.11
[2024-01-19T13:29:21.171Z]   Library             = /local/S/jenkins/workspace/shared/Artifactory/OSX/rundev-master/202401181544/runtime/a25a8b6/runTime/Maya.app/Contents/Frameworks/Python.framework/Versions/Current/lib/libpython3.11.dylib
[2024-01-19T13:29:21.171Z]   site-package Folder = /local/S/jenkins/workspace/shared/Artifactory/OSX/rundev-master/202401181544/runtime/a25a8b6/runTime/Maya.app/Contents/Frameworks/Python.framework/Versions/Current/lib/python3.11/site-packages
[2024-01-19T13:29:21.695Z] In workdir: /Volumes/DATA/local/S/jenkins/workspace/ECP/ecg-maya-hydra/ecg-maya-hydra-branch-preflight-python3-osx/ecg-maya-hydra/maya-hydra
[2024-01-19T13:29:21.695Z] Executing: arch -arch arm64 /local/S/jenkins/workspace/shared/Artifactory/OSX/rundev-master/202401181544/runtime/a25a8b6/runTime/Maya.app/Contents/bin/mayapy /Volumes/DATA/local/S/jenkins/workspace/ECP/ecg-maya-hydra/ecg-maya-hydra-branch-preflight-python3-osx/ecg-maya-hydra/maya-hydra/build.py --generator Ninja --build-relwithdebug --maya-location /local/S/jenkins/workspace/shared/Artifactory/OSX/rundev-master/202401181544/runtime/a25a8b6/runTime --devkit-location /local/S/jenkins/workspace/shared/Artifactory/OSX/rundev-master/202401181544/runtime/a25a8b6/devkitBase --pxrusd-location /local/S/jenkins/workspace/shared/Artifactory/OSX/USD/8270819 --build-args=-DCMAKE_MAKE_PROGRAM=/local/S/jenkins/workspace/shared/Artifactory/OSX/ninja/1.10.2/95d0ca5/ninja,-DPYTHON_INCLUDE_DIR=/local/S/jenkins/workspace/shared/Artifactory/OSX/rundev-master/202401181544/runtime/a25a8b6/runTime/Maya.app/Contents/Frameworks/Python.framework/Versions/Current/include/python3.11,-DPython_EXECUTABLE=/local/S/jenkins/workspace/shared/Artifactory/OSX/rundev-master/202401181544/runtime/a25a8b6/runTime/Maya.app/Contents/bin/mayapy,-DPYTHON_LIBRARIES=/local/S/jenkins/workspace/shared/Artifactory/OSX/rundev-master/202401181544/runtime/a25a8b6/runTime/Maya.app/Contents/Frameworks/Python.framework/Versions/Current/lib/libpython3.11.dylib,-DBUILD_WITH_PYTHON_3_VERSION=3.11,-DBUILD_UB2=ON,-DCMAKE_WANT_MATERIALX_BUILD=ON,-DCMAKE_PREFIX_PATH=/local/S/jenkins/workspace/shared/Artifactory/OSX/USD/8270819,-DMAYAHYDRA_BUILD_NUMBER=469,-DMAYAHYDRA_GIT_COMMIT=b68fde7671223455c11e3af06432e26844954abe,-DMAYAHYDRA_GIT_BRANCH=master,-DMAYAUSD_LOCATION=/local/S/jenkins/workspace/shared/Artifactory/OSX/mayausd-cotd/202401170904/runtime/5c19b81/mayausd '--ctest-args=-LE interactive,--parallel 8' --stages=clean --redirect-outstream-file=False --install-location /local/S/jenkins/workspace/ECP/ecg-maya-hydra/ecg-maya-hydra-branch-preflight-python3-osx/install/RelWithDebInfo/MayaHydra /local/S/jenkins/workspace/ECP/ecg-maya-hydra/ecg-maya-hydra-branch-preflight-python3-osx
[2024-01-19T13:29:21.695Z] Modified environment variables:
[2024-01-19T13:29:21.695Z]     PATH=/local/S/jenkins/workspace/shared/Artifactory/OSX/cmake/3.20.3/2594509/bin:/opt/homebrew/bin:/usr/local/bin:/bin:/usr/sbin:/sbin:/usr/bin:/usr/bin:/bin:/usr/sbin:/sbin
[2024-01-19T13:29:22.223Z]     
[2024-01-19T13:29:22.223Z]         Building with settings:
[2024-01-19T13:29:22.223Z]           Source directory          /Volumes/DATA/local/S/jenkins/workspace/ECP/ecg-maya-hydra/ecg-maya-hydra-branch-preflight-python3-osx/ecg-maya-hydra/maya-hydra
[2024-01-19T13:29:22.223Z]           Workspace directory       /local/S/jenkins/workspace/ECP/ecg-maya-hydra/ecg-maya-hydra-branch-preflight-python3-osx
[2024-01-19T13:29:22.223Z]           Build directory           /local/S/jenkins/workspace/ECP/ecg-maya-hydra/ecg-maya-hydra-branch-preflight-python3-osx/build/RelWithDebInfo
[2024-01-19T13:29:22.223Z]           Install directory         /local/S/jenkins/workspace/ECP/ecg-maya-hydra/ecg-maya-hydra-branch-preflight-python3-osx/install/RelWithDebInfo/MayaHydra
[2024-01-19T13:29:22.223Z]           Variant                   RelWithDebInfo
[2024-01-19T13:29:22.223Z]           Python Debug              Off
[2024-01-19T13:29:22.223Z]           CMake generator           Ninja
[2024-01-19T13:29:22.223Z]           Build arguments           ['-DCMAKE_MAKE_PROGRAM=/local/S/jenkins/workspace/shared/Artifactory/OSX/ninja/1.10.2/95d0ca5/ninja', '-DPYTHON_INCLUDE_DIR=/local/S/jenkins/workspace/shared/Artifactory/OSX/rundev-master/202401181544/runtime/a25a8b6/runTime/Maya.app/Contents/Frameworks/Python.framework/Versions/Current/include/python3.11', '-DPython_EXECUTABLE=/local/S/jenkins/workspace/shared/Artifactory/OSX/rundev-master/202401181544/runtime/a25a8b6/runTime/Maya.app/Contents/bin/mayapy', '-DPYTHON_LIBRARIES=/local/S/jenkins/workspace/shared/Artifactory/OSX/rundev-master/202401181544/runtime/a25a8b6/runTime/Maya.app/Contents/Frameworks/Python.framework/Versions/Current/lib/libpython3.11.dylib', '-DBUILD_WITH_PYTHON_3_VERSION=3.11', '-DBUILD_UB2=ON', '-DCMAKE_WANT_MATERIALX_BUILD=ON', '-DCMAKE_PREFIX_PATH=/local/S/jenkins/workspace/shared/Artifactory/OSX/USD/8270819', '-DMAYAHYDRA_BUILD_NUMBER=469', '-DMAYAHYDRA_GIT_COMMIT=b68fde7671223455c11e3af06432e26844954abe', '-DMAYAHYDRA_GIT_BRANCH=master', '-DMAYAUSD_LOCATION=/local/S/jenkins/workspace/shared/Artifactory/OSX/mayausd-cotd/202401170904/runtime/5c19b81/mayausd']
[2024-01-19T13:29:22.223Z]           Stages arguments          ['clean']
[2024-01-19T13:29:22.223Z]           CTest arguments           ['-LE interactive', '--parallel 8']
[2024-01-19T13:29:22.223Z]     Success MayaHydra build and install !!!!
[2024-01-19T13:29:22.223Z]     Elapsed time: 00:00:00
[Pipeline] }
[Pipeline] // withEnv
[Pipeline] }
[Pipeline] // timeout
[Pipeline] }
[Pipeline] // stage
[Pipeline] }
[Pipeline] // timestamps
[Pipeline] timestamps
[Pipeline] {
[Pipeline] stage
[Pipeline] { (Configure)
[Pipeline] timeout
[2024-01-19T13:29:22.581Z] Timeout set to expire in 6 hr 0 min
[Pipeline] {
[Pipeline] withEnv
[Pipeline] {
[Pipeline] sh
[2024-01-19T13:29:23.710Z] + python ecg-maya-hydra/build.py --stages=configure --workspace-dir=/local/S/jenkins/workspace/ECP/ecg-maya-hydra/ecg-maya-hydra-branch-preflight-python3-osx --artifactory-dir=/local/S/jenkins/workspace/shared/Artifactory --build-dir=/local/S/jenkins/workspace/ECP/ecg-maya-hydra/ecg-maya-hydra-branch-preflight-python3-osx/build --install-dir=/local/S/jenkins/workspace/ECP/ecg-maya-hydra/ecg-maya-hydra-branch-preflight-python3-osx/install --signing-dir=/local/S/jenkins/workspace/ECP/ecg-maya-hydra/ecg-maya-hydra-branch-preflight-python3-osx/signing --package-dir=/local/S/jenkins/workspace/ECP/ecg-maya-hydra/ecg-maya-hydra-branch-preflight-python3-osx/package --output-dir=/local/S/jenkins/workspace/ECP/ecg-maya-hydra/ecg-maya-hydra-branch-preflight-python3-osx/output --stash-dir=/local/S/jenkins/workspace/ECP/ecg-maya-hydra/ecg-maya-hydra-branch-preflight-python3-osx/stash --jenkins-build=469 --git-commit=b68fde7671223455c11e3af06432e26844954abe --git-branch=master --variants=Debug --interactive-tests=false --post-zips=false --osx-binary-architecture-target=ub2 --osx-deployment-target=11.0 --osx-base-sdk=CurrentActiveSDK --maya-cut-config=maya-rundev-master-debug.yaml --maya-package=rundev-master-debug --stage-banner
[2024-01-19T13:29:23.711Z] config_file /Volumes/DATA/local/S/jenkins/workspace/ECP/ecg-maya-hydra/ecg-maya-hydra-branch-preflight-python3-osx/ecg-maya-hydra/maya-rundev-master-debug.yaml
[2024-01-19T13:29:23.711Z] Using Maya cut from /local/S/jenkins/workspace/shared/Artifactory/OSX/rundev-master-debug/202401181544/runtime/c82f3e9/runTime
[2024-01-19T13:29:23.711Z] Using Maya ADSK Signatures from /local/S/jenkins/workspace/shared/Artifactory/OSX/adsk-plugin-signatures-maya/2023/3ae1ae7
[2024-01-19T13:29:23.711Z] Using Maya Security Library from /local/S/jenkins/workspace/shared/Artifactory/OSX/maya-security-library/3.4.0/5e08f3e
[2024-01-19T13:29:23.711Z] 
[2024-01-19T13:29:23.711Z] ================================================================================
[2024-01-19T13:29:23.711Z]                                configure (Debug)
[2024-01-19T13:29:23.711Z] ================================================================================
[2024-01-19T13:29:23.711Z] Maya Python Debug Info:
[2024-01-19T13:29:23.711Z]   mayapy executable   = /local/S/jenkins/workspace/shared/Artifactory/OSX/rundev-master-debug/202401181544/runtime/c82f3e9/runTime/Maya.app/Contents/bin/mayapy
[2024-01-19T13:29:23.711Z]   Include Folder      = /local/S/jenkins/workspace/shared/Artifactory/OSX/rundev-master-debug/202401181544/runtime/c82f3e9/runTime/Maya.app/Contents/Frameworks/Python.framework/Versions/Current/include/python3.11
[2024-01-19T13:29:23.711Z]   Library             = /local/S/jenkins/workspace/shared/Artifactory/OSX/rundev-master-debug/202401181544/runtime/c82f3e9/runTime/Maya.app/Contents/Frameworks/Python.framework/Versions/Current/lib/libpython3.11.dylib
[2024-01-19T13:29:23.711Z]   site-package Folder = /local/S/jenkins/workspace/shared/Artifactory/OSX/rundev-master-debug/202401181544/runtime/c82f3e9/runTime/Maya.app/Contents/Frameworks/Python.framework/Versions/Current/lib/python3.11/site-packages
[2024-01-19T13:29:24.235Z] In workdir: /Volumes/DATA/local/S/jenkins/workspace/ECP/ecg-maya-hydra/ecg-maya-hydra-branch-preflight-python3-osx/ecg-maya-hydra/maya-hydra
[2024-01-19T13:29:24.235Z] Executing: arch -arch arm64 /local/S/jenkins/workspace/shared/Artifactory/OSX/rundev-master-debug/202401181544/runtime/c82f3e9/runTime/Maya.app/Contents/bin/mayapy /Volumes/DATA/local/S/jenkins/workspace/ECP/ecg-maya-hydra/ecg-maya-hydra-branch-preflight-python3-osx/ecg-maya-hydra/maya-hydra/build.py --generator Ninja --build-debug --maya-location /local/S/jenkins/workspace/shared/Artifactory/OSX/rundev-master-debug/202401181544/runtime/c82f3e9/runTime --devkit-location /local/S/jenkins/workspace/shared/Artifactory/OSX/rundev-master-debug/202401181544/runtime/c82f3e9/devkitBase --pxrusd-location /local/S/jenkins/workspace/shared/Artifactory/OSX/USD/ca7f6ed --build-args=-DCMAKE_MAKE_PROGRAM=/local/S/jenkins/workspace/shared/Artifactory/OSX/ninja/1.10.2/95d0ca5/ninja,-DPYTHON_INCLUDE_DIR=/local/S/jenkins/workspace/shared/Artifactory/OSX/rundev-master-debug/202401181544/runtime/c82f3e9/runTime/Maya.app/Contents/Frameworks/Python.framework/Versions/Current/include/python3.11,-DPython_EXECUTABLE=/local/S/jenkins/workspace/shared/Artifactory/OSX/rundev-master-debug/202401181544/runtime/c82f3e9/runTime/Maya.app/Contents/bin/mayapy,-DPYTHON_LIBRARIES=/local/S/jenkins/workspace/shared/Artifactory/OSX/rundev-master-debug/202401181544/runtime/c82f3e9/runTime/Maya.app/Contents/Frameworks/Python.framework/Versions/Current/lib/libpython3.11.dylib,-DBUILD_WITH_PYTHON_3_VERSION=3.11,-DBUILD_UB2=ON,-DCMAKE_WANT_MATERIALX_BUILD=ON,-DCMAKE_PREFIX_PATH=/local/S/jenkins/workspace/shared/Artifactory/OSX/USD/ca7f6ed,-DMAYAHYDRA_BUILD_NUMBER=469,-DMAYAHYDRA_GIT_COMMIT=b68fde7671223455c11e3af06432e26844954abe,-DMAYAHYDRA_GIT_BRANCH=master,-DMAYAUSD_LOCATION=/local/S/jenkins/workspace/shared/Artifactory/OSX/mayausd-cotd-debug/202401170904/runtime/d26f121/mayausd '--ctest-args=-LE interactive,--parallel 8' --stages=configure --redirect-outstream-file=False --install-location /local/S/jenkins/workspace/ECP/ecg-maya-hydra/ecg-maya-hydra-branch-preflight-python3-osx/install/Debug/MayaHydra /local/S/jenkins/workspace/ECP/ecg-maya-hydra/ecg-maya-hydra-branch-preflight-python3-osx
[2024-01-19T13:29:24.235Z] Modified environment variables:
[2024-01-19T13:29:24.235Z]     PATH=/local/S/jenkins/workspace/shared/Artifactory/OSX/cmake/3.20.3/2594509/bin:/opt/homebrew/bin:/usr/local/bin:/bin:/usr/sbin:/sbin:/usr/bin:/usr/bin:/bin:/usr/sbin:/sbin
[2024-01-19T13:29:35.293Z]     -- The C compiler identification is AppleClang 13.1.6.13160021
[2024-01-19T13:29:35.293Z]     -- The CXX compiler identification is AppleClang 13.1.6.13160021
[2024-01-19T13:29:35.293Z]     -- Detecting C compiler ABI info
[2024-01-19T13:29:35.293Z]     -- Detecting C compiler ABI info - done
[2024-01-19T13:29:35.293Z]     -- Check for working C compiler: /Applications/Xcode.app/Contents/Developer/Toolchains/XcodeDefault.xctoolchain/usr/bin/cc - skipped
[2024-01-19T13:29:35.293Z]     -- Detecting C compile features
[2024-01-19T13:29:35.293Z]     -- Detecting C compile features - done
[2024-01-19T13:29:35.293Z]     -- Detecting CXX compiler ABI info
[2024-01-19T13:29:35.293Z]     -- Detecting CXX compiler ABI info - done
[2024-01-19T13:29:35.293Z]     -- Check for working CXX compiler: /Applications/Xcode.app/Contents/Developer/Toolchains/XcodeDefault.xctoolchain/usr/bin/c++ - skipped
[2024-01-19T13:29:35.293Z]     -- Detecting CXX compile features
[2024-01-19T13:29:35.293Z]     -- Detecting CXX compile features - done
[2024-01-19T13:29:35.293Z]     -- Building with Universal Binary 2
[2024-01-19T13:29:37.025Z]     -- Using Maya Light API Version 3
[2024-01-19T13:29:37.025Z]     -- Maya has setDefaultMaterialHandling API
[2024-01-19T13:29:37.025Z]     -- Maya has new point snapping API
[2024-01-19T13:29:37.025Z]     -- Maya has isInCrashHandler API
[2024-01-19T13:29:37.025Z]     -- Maya has getDisplayStyleOfAllViewports API
[2024-01-19T13:29:37.025Z]     -- Maya array iterator has difference_type trait
[2024-01-19T13:29:37.025Z]     -- MFnSet has getMemberPaths function
[2024-01-19T13:29:37.025Z]     -- MFnDisplayLayer exists
[2024-01-19T13:29:37.025Z]     -- MDisplayLayerMessage has MDisplayLayerMemberChangedFunction
[2024-01-19T13:29:37.025Z]     -- MRenderItem has HideOnPlayback API
[2024-01-19T13:29:37.025Z]     -- MacOSX: Maya was built with Universal Binary 2 (x86_64/arm64)
[2024-01-19T13:29:37.025Z]     -- Found Maya: /local/S/jenkins/workspace/shared/Artifactory/OSX/rundev-master-debug/202401181544/runtime/c82f3e9/runTime/maya.app/Contents/MacOS/Maya (found suitable version "2025", minimum required is "2024")
[2024-01-19T13:29:37.025Z]     -- Found Python: /local/S/jenkins/workspace/shared/Artifactory/OSX/rundev-master-debug/202401181544/runtime/c82f3e9/runTime/Maya.app/Contents/bin/mayapy (found suitable exact version "3.11.4") found components: Interpreter
[2024-01-19T13:29:37.025Z]     -- Build mayaHydra with Python3 = 3.11
[2024-01-19T13:29:37.025Z]     --    PYTHON_INCLUDE_DIRS = /local/S/jenkins/workspace/shared/Artifactory/OSX/rundev-master-debug/202401181544/runtime/c82f3e9/runTime/Maya.app/Contents/Frameworks/Python.framework/Versions/Current/include/python3.11
[2024-01-19T13:29:37.025Z]     --    PYTHON_LIBRARIES    = /local/S/jenkins/workspace/shared/Artifactory/OSX/rundev-master-debug/202401181544/runtime/c82f3e9/runTime/Maya.app/Contents/Frameworks/Python.framework/Versions/Current/lib/libpython3.11.dylib
[2024-01-19T13:29:37.025Z]     --    Python_EXECUTABLE   = /local/S/jenkins/workspace/shared/Artifactory/OSX/rundev-master-debug/202401181544/runtime/c82f3e9/runTime/Maya.app/Contents/bin/mayapy
[2024-01-19T13:29:37.025Z]     -- Found Python3: /local/S/jenkins/workspace/shared/Artifactory/OSX/rundev-master-debug/202401181544/runtime/c82f3e9/runTime/Maya.app/Contents/Frameworks/Python.framework/Versions/Current/include/python3.11 (found suitable exact version "3.11.4") found components: Development Development.Module Development.Embed
[2024-01-19T13:29:37.025Z]     -- USD has new Sdr.PropertyTypes.Color4
[2024-01-19T13:29:37.025Z]     -- USD has MaterialX metadata support
[2024-01-19T13:29:37.025Z]     -- USD include dir: /local/S/jenkins/workspace/shared/Artifactory/OSX/USD/ca7f6ed/include
[2024-01-19T13:29:37.025Z]     -- USD library dir: /local/S/jenkins/workspace/shared/Artifactory/OSX/USD/ca7f6ed/lib
[2024-01-19T13:29:37.025Z]     -- USD version: 0.23.11
[2024-01-19T13:29:37.025Z]     -- Found USD: /local/S/jenkins/workspace/shared/Artifactory/OSX/USD/ca7f6ed (found suitable version "0.23.11", minimum required is "0.22.11")
[2024-01-19T13:29:37.025Z]     Updated PYTHONPATH: /local/S/jenkins/workspace/shared/Artifactory/OSX/USD/ca7f6ed/lib/python
[2024-01-19T13:29:37.025Z]     -- Found UFE: /local/S/jenkins/workspace/shared/Artifactory/OSX/rundev-master-debug/202401181544/runtime/c82f3e9/devkitBase/devkit/ufe/include (found version "5.0.0")
[2024-01-19T13:29:37.025Z]     -- UFE include dir: /local/S/jenkins/workspace/shared/Artifactory/OSX/rundev-master-debug/202401181544/runtime/c82f3e9/devkitBase/devkit/ufe/include
[2024-01-19T13:29:37.025Z]     -- UFE library: /local/S/jenkins/workspace/shared/Artifactory/OSX/rundev-master-debug/202401181544/runtime/c82f3e9/devkitBase/devkit/ufe/lib/libufe_5.dylib
[2024-01-19T13:29:37.025Z]     -- UFE version: 5.0.0
[2024-01-19T13:29:37.025Z]     -- Maya has UFE lights API
[2024-01-19T13:29:37.025Z]     -- Maya has UFE scene segment API
[2024-01-19T13:29:37.025Z]     -- Maya has UFE TrieNode childrenComponents accessor
[2024-01-19T13:29:37.025Z]     -- Building with UFE 5.0.0.
[2024-01-19T13:29:37.553Z]     -- Could NOT find MAYAUSD (missing: MAYAUSD_INCLUDE_DIR MAYAUSD_LIBRARY_DIR)
[2024-01-19T13:29:37.553Z]     CMake Error at cmake/modules/FindMAYAUSD.cmake:86 (message):
[2024-01-19T13:29:37.553Z]       Could not find MayaUsd library and include directories in the folder
[2024-01-19T13:29:37.553Z]       provided :
[2024-01-19T13:29:37.553Z]       /local/S/jenkins/workspace/shared/Artifactory/OSX/mayausd-cotd-debug/202401170904/runtime/d26f121/mayausd
[2024-01-19T13:29:37.553Z]     Call Stack (most recent call first):
[2024-01-19T13:29:37.553Z]       CMakeLists.txt:134 (find_package)
[2024-01-19T13:29:37.553Z]     
[2024-01-19T13:29:37.553Z]     
[2024-01-19T13:29:37.553Z]     -- Configuring incomplete, errors occurred!
[2024-01-19T13:29:37.553Z]     See also "/Volumes/DATA/local/S/jenkins/workspace/ECP/ecg-maya-hydra/ecg-maya-hydra-branch-preflight-python3-osx/build/Debug/CMakeFiles/CMakeOutput.log".
[2024-01-19T13:29:37.553Z]     See also "/Volumes/DATA/local/S/jenkins/workspace/ECP/ecg-maya-hydra/ecg-maya-hydra-branch-preflight-python3-osx/build/Debug/CMakeFiles/CMakeError.log".
[2024-01-19T13:29:37.553Z]     
[2024-01-19T13:29:37.553Z]         Building with settings:
[2024-01-19T13:29:37.553Z]           Source directory          /Volumes/DATA/local/S/jenkins/workspace/ECP/ecg-maya-hydra/ecg-maya-hydra-branch-preflight-python3-osx/ecg-maya-hydra/maya-hydra
[2024-01-19T13:29:37.553Z]           Workspace directory       /local/S/jenkins/workspace/ECP/ecg-maya-hydra/ecg-maya-hydra-branch-preflight-python3-osx
[2024-01-19T13:29:37.553Z]           Build directory           /local/S/jenkins/workspace/ECP/ecg-maya-hydra/ecg-maya-hydra-branch-preflight-python3-osx/build/Debug
[2024-01-19T13:29:37.553Z]           Install directory         /local/S/jenkins/workspace/ECP/ecg-maya-hydra/ecg-maya-hydra-branch-preflight-python3-osx/install/Debug/MayaHydra
[2024-01-19T13:29:37.553Z]           Variant                   Debug
[2024-01-19T13:29:37.553Z]           Python Debug              Off
[2024-01-19T13:29:37.553Z]           CMake generator           Ninja
[2024-01-19T13:29:37.553Z]           Build arguments           ['-DCMAKE_MAKE_PROGRAM=/local/S/jenkins/workspace/shared/Artifactory/OSX/ninja/1.10.2/95d0ca5/ninja', '-DPYTHON_INCLUDE_DIR=/local/S/jenkins/workspace/shared/Artifactory/OSX/rundev-master-debug/202401181544/runtime/c82f3e9/runTime/Maya.app/Contents/Frameworks/Python.framework/Versions/Current/include/python3.11', '-DPython_EXECUTABLE=/local/S/jenkins/workspace/shared/Artifactory/OSX/rundev-master-debug/202401181544/runtime/c82f3e9/runTime/Maya.app/Contents/bin/mayapy', '-DPYTHON_LIBRARIES=/local/S/jenkins/workspace/shared/Artifactory/OSX/rundev-master-debug/202401181544/runtime/c82f3e9/runTime/Maya.app/Contents/Frameworks/Python.framework/Versions/Current/lib/libpython3.11.dylib', '-DBUILD_WITH_PYTHON_3_VERSION=3.11', '-DBUILD_UB2=ON', '-DCMAKE_WANT_MATERIALX_BUILD=ON', '-DCMAKE_PREFIX_PATH=/local/S/jenkins/workspace/shared/Artifactory/OSX/USD/ca7f6ed', '-DMAYAHYDRA_BUILD_NUMBER=469', '-DMAYAHYDRA_GIT_COMMIT=b68fde7671223455c11e3af06432e26844954abe', '-DMAYAHYDRA_GIT_BRANCH=master', '-DMAYAUSD_LOCATION=/local/S/jenkins/workspace/shared/Artifactory/OSX/mayausd-cotd-debug/202401170904/runtime/d26f121/mayausd']
[2024-01-19T13:29:37.553Z]           Stages arguments          ['configure']
[2024-01-19T13:29:37.553Z]           CTest arguments           ['-LE interactive', '--parallel 8']
[2024-01-19T13:29:37.553Z]     STATUS: Could not find Maya Qt6.
[2024-01-19T13:29:37.553Z]     STATUS:   Extracting '/local/S/jenkins/workspace/shared/Artifactory/OSX/rundev-master-debug/202401181544/runtime/c82f3e9/devkitBase/Qt.tgz' to '/local/S/jenkins/workspace/shared/Artifactory/OSX/rundev-master-debug/202401181544/runtime/c82f3e9/devkitBase'
[2024-01-19T13:29:37.553Z]     #####################################################################################
[2024-01-19T13:29:37.553Z]     log date: 2024-01-19 05:29
[2024-01-19T13:29:37.553Z]     commit sha: a7e28ffd59ee075e8c5a7d5b93ff88f5006d3de0
[2024-01-19T13:29:37.553Z]     commit date: Fri Jan 19 05:28:08 2024 -0800
[2024-01-19T13:29:37.553Z]     #####################################################################################
[2024-01-19T13:29:37.553Z]     
[2024-01-19T13:29:37.553Z]     cmake -DCMAKE_INSTALL_PREFIX="/local/S/jenkins/workspace/ECP/ecg-maya-hydra/ecg-maya-hydra-branch-preflight-python3-osx/install/Debug/MayaHydra" -DCMAKE_BUILD_TYPE=Debug -DCMAKE_EXPORT_COMPILE_COMMANDS=ON -G "Ninja" -DMAYA_LOCATION="/local/S/jenkins/workspace/shared/Artifactory/OSX/rundev-master-debug/202401181544/runtime/c82f3e9/runTime" -DPXR_USD_LOCATION="/local/S/jenkins/workspace/shared/Artifactory/OSX/USD/ca7f6ed" -DMAYA_DEVKIT_LOCATION="/local/S/jenkins/workspace/shared/Artifactory/OSX/rundev-master-debug/202401181544/runtime/c82f3e9/devkitBase" -DCMAKE_MAKE_PROGRAM=/local/S/jenkins/workspace/shared/Artifactory/OSX/ninja/1.10.2/95d0ca5/ninja -DPYTHON_INCLUDE_DIR=/local/S/jenkins/workspace/shared/Artifactory/OSX/rundev-master-debug/202401181544/runtime/c82f3e9/runTime/Maya.app/Contents/Frameworks/Python.framework/Versions/Current/include/python3.11 -DPython_EXECUTABLE=/local/S/jenkins/workspace/shared/Artifactory/OSX/rundev-master-debug/202401181544/runtime/c82f3e9/runTime/Maya.app/Contents/bin/mayapy -DPYTHON_LIBRARIES=/local/S/jenkins/workspace/shared/Artifactory/OSX/rundev-master-debug/202401181544/runtime/c82f3e9/runTime/Maya.app/Contents/Frameworks/Python.framework/Versions/Current/lib/libpython3.11.dylib -DBUILD_WITH_PYTHON_3_VERSION=3.11 -DBUILD_UB2=ON -DCMAKE_WANT_MATERIALX_BUILD=ON -DCMAKE_PREFIX_PATH=/local/S/jenkins/workspace/shared/Artifactory/OSX/USD/ca7f6ed -DMAYAHYDRA_BUILD_NUMBER=469 -DMAYAHYDRA_GIT_COMMIT=b68fde7671223455c11e3af06432e26844954abe -DMAYAHYDRA_GIT_BRANCH=master -DMAYAUSD_LOCATION=/local/S/jenkins/workspace/shared/Artifactory/OSX/mayausd-cotd-debug/202401170904/runtime/d26f121/mayausd "/Volumes/DATA/local/S/jenkins/workspace/ECP/ecg-maya-hydra/ecg-maya-hydra-branch-preflight-python3-osx/ecg-maya-hydra/maya-hydra"
[2024-01-19T13:29:37.553Z]     
[2024-01-19T13:29:37.553Z]     Traceback (most recent call last):
[2024-01-19T13:29:37.553Z]       File "/Volumes/DATA/local/S/jenkins/workspace/ECP/ecg-maya-hydra/ecg-maya-hydra-branch-preflight-python3-osx/ecg-maya-hydra/maya-hydra/build.py", line 745, in <module>
[2024-01-19T13:29:37.553Z]         BuildAndInstall(context, context.buildArgs, context.stagesArgs)
[2024-01-19T13:29:37.553Z]       File "/Volumes/DATA/local/S/jenkins/workspace/ECP/ecg-maya-hydra/ecg-maya-hydra-branch-preflight-python3-osx/ecg-maya-hydra/maya-hydra/build.py", line 502, in BuildAndInstall
[2024-01-19T13:29:37.553Z]         RunCMake(context, extraArgs, stagesArgs)
[2024-01-19T13:29:37.553Z]       File "/Volumes/DATA/local/S/jenkins/workspace/ECP/ecg-maya-hydra/ecg-maya-hydra-branch-preflight-python3-osx/ecg-maya-hydra/maya-hydra/build.py", line 305, in RunCMake
[2024-01-19T13:29:37.554Z]         Run(context,
[2024-01-19T13:29:37.554Z]       File "/Volumes/DATA/local/S/jenkins/workspace/ECP/ecg-maya-hydra/ecg-maya-hydra-branch-preflight-python3-osx/ecg-maya-hydra/maya-hydra/build.py", line 197, in Run
[2024-01-19T13:29:37.554Z]         raise RuntimeError("Failed to run '{cmd}'\nSee {log} for more details."
[2024-01-19T13:29:37.554Z]     RuntimeError: Failed to run 'cmake -DCMAKE_INSTALL_PREFIX="/local/S/jenkins/workspace/ECP/ecg-maya-hydra/ecg-maya-hydra-branch-preflight-python3-osx/install/Debug/MayaHydra" -DCMAKE_BUILD_TYPE=Debug -DCMAKE_EXPORT_COMPILE_COMMANDS=ON -G "Ninja" -DMAYA_LOCATION="/local/S/jenkins/workspace/shared/Artifactory/OSX/rundev-master-debug/202401181544/runtime/c82f3e9/runTime" -DPXR_USD_LOCATION="/local/S/jenkins/workspace/shared/Artifactory/OSX/USD/ca7f6ed" -DMAYA_DEVKIT_LOCATION="/local/S/jenkins/workspace/shared/Artifactory/OSX/rundev-master-debug/202401181544/runtime/c82f3e9/devkitBase" -DCMAKE_MAKE_PROGRAM=/local/S/jenkins/workspace/shared/Artifactory/OSX/ninja/1.10.2/95d0ca5/ninja -DPYTHON_INCLUDE_DIR=/local/S/jenkins/workspace/shared/Artifactory/OSX/rundev-master-debug/202401181544/runtime/c82f3e9/runTime/Maya.app/Contents/Frameworks/Python.framework/Versions/Current/include/python3.11 -DPython_EXECUTABLE=/local/S/jenkins/workspace/shared/Artifactory/OSX/rundev-master-debug/202401181544/runtime/c82f3e9/runTime/Maya.app/Contents/bin/mayapy -DPYTHON_LIBRARIES=/local/S/jenkins/workspace/shared/Artifactory/OSX/rundev-master-debug/202401181544/runtime/c82f3e9/runTime/Maya.app/Contents/Frameworks/Python.framework/Versions/Current/lib/libpython3.11.dylib -DBUILD_WITH_PYTHON_3_VERSION=3.11 -DBUILD_UB2=ON -DCMAKE_WANT_MATERIALX_BUILD=ON -DCMAKE_PREFIX_PATH=/local/S/jenkins/workspace/shared/Artifactory/OSX/USD/ca7f6ed -DMAYAHYDRA_BUILD_NUMBER=469 -DMAYAHYDRA_GIT_COMMIT=b68fde7671223455c11e3af06432e26844954abe -DMAYAHYDRA_GIT_BRANCH=master -DMAYAUSD_LOCATION=/local/S/jenkins/workspace/shared/Artifactory/OSX/mayausd-cotd-debug/202401170904/runtime/d26f121/mayausd "/Volumes/DATA/local/S/jenkins/workspace/ECP/ecg-maya-hydra/ecg-maya-hydra-branch-preflight-python3-osx/ecg-maya-hydra/maya-hydra"'
[2024-01-19T13:29:37.554Z]     See /local/S/jenkins/workspace/ECP/ecg-maya-hydra/ecg-maya-hydra-branch-preflight-python3-osx/build/Debug/build_log.txt for more details.
[2024-01-19T13:29:37.554Z] build.py: error: Command failed with error code: 1
[Pipeline] }
[Pipeline] // withEnv
[Pipeline] }
[Pipeline] // timeout
[Pipeline] }
[Pipeline] // stage
[Pipeline] }
[Pipeline] // timestamps
[Pipeline] emailextrecipients
Not sending mail to user ecg.jenkins@autodesk.com with no permission to view ECP » ecg-maya-hydra » Maya Hydra [Python 3, Interactive] - Branch - Preflight (OSX) [M1/UB2] #469Not sending mail to user ecg.jenkins@autodesk.com with no permission to view ECP » ecg-maya-hydra » Maya Hydra [Python 3, Interactive] - Branch - Preflight (OSX) [M1/UB2] #469[Pipeline] echo
No recipients to send notification.
[Pipeline] }
[Pipeline] // node
[Pipeline] End of Pipeline
ERROR: script returned exit code 1
[Checks API] No suitable checks publisher found.
Finished: FAILURE
