[2024-01-22T15:10:22.081Z] ================================================================================
[2024-01-22T15:10:22.081Z]                                  setup (Debug)
[2024-01-22T15:10:22.081Z] ================================================================================
[2024-01-22T15:10:22.081Z] Installing license file 'melicense.lic'.
[Pipeline] sh
[2024-01-22T15:10:23.501Z] + python ecg-maya-hydra/build.py --stages=setup --workspace-dir=/local/S/jenkins/workspace/ECP/ecg-maya-hydra/ecg-maya-hydra-branch-preflight-python3-osx --artifactory-dir=/local/S/jenkins/workspace/shared/Artifactory --build-dir=/local/S/jenkins/workspace/ECP/ecg-maya-hydra/ecg-maya-hydra-branch-preflight-python3-osx/build --install-dir=/local/S/jenkins/workspace/ECP/ecg-maya-hydra/ecg-maya-hydra-branch-preflight-python3-osx/install --signing-dir=/local/S/jenkins/workspace/ECP/ecg-maya-hydra/ecg-maya-hydra-branch-preflight-python3-osx/signing --package-dir=/local/S/jenkins/workspace/ECP/ecg-maya-hydra/ecg-maya-hydra-branch-preflight-python3-osx/package --output-dir=/local/S/jenkins/workspace/ECP/ecg-maya-hydra/ecg-maya-hydra-branch-preflight-python3-osx/output --stash-dir=/local/S/jenkins/workspace/ECP/ecg-maya-hydra/ecg-maya-hydra-branch-preflight-python3-osx/stash --jenkins-build=473 --git-commit=0c7d8f1b3a4881bdf400abaaca831479f732cebc --git-branch=master --variants=RelWithDebInfo --interactive-tests=false --post-zips=false --osx-binary-architecture-target=ub2 --osx-deployment-target=11.0 --osx-base-sdk=CurrentActiveSDK --extra-license-file=ecg-maya-hydra/jenkins-o03-cot/melicense.lic --prune-versions=3 --prune-revisions=3 --maya-cut-config=maya-rundev-master.yaml --maya-package=rundev-master --stage-banner --prune-artifacts --force-pruning
[2024-01-22T15:10:23.501Z] config_file /Volumes/DATA/local/S/jenkins/workspace/ECP/ecg-maya-hydra/ecg-maya-hydra-branch-preflight-python3-osx/ecg-maya-hydra/maya-rundev-master.yaml
[2024-01-22T15:10:23.501Z] Getting rundev-master download URL from Maya SHA-1 hash
[2024-01-22T15:10:23.501Z] Finding Artifactory servers response times
[2024-01-22T15:10:26.757Z] [VERBOSE] Start loading URL (CURL): https://art-bobcat.autodesk.com/artifactory/api/search/checksum?repos=team-maya-generic,oss-stg-generic,team-mayausd-post-generic,autodesk-3p-generic,adsk-build-tools-generic,team-ecg-generic&sha1=6544166190520e97b775f5ef672272823ba83db9
[2024-01-22T15:10:26.757Z] [DEBUG] Running: /usr/bin/curl -s -X GET --keepalive-time 10 --connect-timeout 60 --speed-limit 10000 --speed-time 120 --max-time 3600 --retry 5 --retry-max-time 2400 -H Connection:close -H Authorization:Basic ZWNnYmlmcm9zdDpvcGUqKjAw https://art-bobcat.autodesk.com/artifactory/api/search/checksum?repos=team-maya-generic,oss-stg-generic,team-mayausd-post-generic,autodesk-3p-generic,adsk-build-tools-generic,team-ecg-generic&sha1=6544166190520e97b775f5ef672272823ba83db9
[2024-01-22T15:10:26.757Z] [DEBUG] Output:
[2024-01-22T15:10:26.757Z] {
[2024-01-22T15:10:26.757Z]   "results" : [ {
[2024-01-22T15:10:26.757Z]     "uri" : "https://art-bobcat.autodesk.com:443/artifactory/api/storage/team-maya-generic/Maya/master/pmac/2024-01-21-11-43_391eddf161/202401211143-391eddf161-RUNDEV.dmg"
[2024-01-22T15:10:26.757Z]   } ]
[2024-01-22T15:10:26.757Z] }
[2024-01-22T15:10:26.757Z] [VERBOSE] End loading URL (CURL): https://art-bobcat.autodesk.com/artifactory/api/search/checksum?repos=team-maya-generic,oss-stg-generic,team-mayausd-post-generic,autodesk-3p-generic,adsk-build-tools-generic,team-ecg-generic&sha1=6544166190520e97b775f5ef672272823ba83db9
[2024-01-22T15:10:26.757Z] [VERBOSE] Start loading URL (CURL): https://art-bobcat.autodesk.com:443/artifactory/api/storage/team-maya-generic/Maya/master/pmac/2024-01-21-11-43_391eddf161/202401211143-391eddf161-RUNDEV.dmg
[2024-01-22T15:10:26.757Z] [DEBUG] Running: /usr/bin/curl -s -X GET --keepalive-time 10 --connect-timeout 60 --speed-limit 10000 --speed-time 120 --max-time 3600 --retry 5 --retry-max-time 2400 -H Connection:close -H Authorization:Basic ZWNnYmlmcm9zdDpvcGUqKjAw https://art-bobcat.autodesk.com:443/artifactory/api/storage/team-maya-generic/Maya/master/pmac/2024-01-21-11-43_391eddf161/202401211143-391eddf161-RUNDEV.dmg
[2024-01-22T15:10:26.757Z] [DEBUG] Output:
[2024-01-22T15:10:26.757Z] {
[2024-01-22T15:10:26.757Z]   "repo" : "team-maya-generic",
[2024-01-22T15:10:26.757Z]   "path" : "/Maya/master/pmac/2024-01-21-11-43_391eddf161/202401211143-391eddf161-RUNDEV.dmg",
[2024-01-22T15:10:26.757Z]   "created" : "2024-01-21T13:31:13.184-08:00",
[2024-01-22T15:10:26.757Z]   "createdBy" : "svc_aad_p_mescm",
[2024-01-22T15:10:26.757Z]   "lastModified" : "2024-01-21T13:26:10.353-08:00",
[2024-01-22T15:10:26.757Z]   "modifiedBy" : "svc_aad_p_mescm",
[2024-01-22T15:10:26.757Z]   "lastUpdated" : "2024-01-21T13:31:13.184-08:00",
[2024-01-22T15:10:26.757Z]   "downloadUri" : "https://art-bobcat.autodesk.com:443/artifactory/team-maya-generic/Maya/master/pmac/2024-01-21-11-43_391eddf161/202401211143-391eddf161-RUNDEV.dmg",
[2024-01-22T15:10:26.757Z]   "mimeType" : "application/octet-stream",
[2024-01-22T15:10:26.757Z]   "size" : "2883873727",
[2024-01-22T15:10:26.757Z]   "checksums" : {
[2024-01-22T15:10:26.757Z]     "sha1" : "6544166190520e97b775f5ef672272823ba83db9",
[2024-01-22T15:10:26.757Z]     "md5" : "37bd10a9beb49f5a51d054b3b546b31b",
[2024-01-22T15:10:26.757Z]     "sha256" : "3222d9c79b9d5111f06e8ac62fe16e3cec1ffa1ad25d576c9ab0f7776b84183c"
[2024-01-22T15:10:26.757Z]   },
[2024-01-22T15:10:26.757Z]   "originalChecksums" : {
[2024-01-22T15:10:26.757Z]     "sha1" : "6544166190520e97b775f5ef672272823ba83db9",
[2024-01-22T15:10:26.757Z]     "md5" : "37bd10a9beb49f5a51d054b3b546b31b",
[2024-01-22T15:10:26.757Z]     "sha256" : "3222d9c79b9d5111f06e8ac62fe16e3cec1ffa1ad25d576c9ab0f7776b84183c"
[2024-01-22T15:10:26.757Z]   },
[2024-01-22T15:10:26.757Z]   "uri" : "https://art-bobcat.autodesk.com:443/artifactory/api/storage/team-maya-generic/Maya/master/pmac/2024-01-21-11-43_391eddf161/202401211143-391eddf161-RUNDEV.dmg"
[2024-01-22T15:10:26.757Z] }
[2024-01-22T15:10:26.757Z] [VERBOSE] End loading URL (CURL): https://art-bobcat.autodesk.com:443/artifactory/api/storage/team-maya-generic/Maya/master/pmac/2024-01-21-11-43_391eddf161/202401211143-391eddf161-RUNDEV.dmg
[2024-01-22T15:10:26.757Z] Using Maya cut from /local/S/jenkins/workspace/shared/Artifactory/OSX/rundev-master/202401211143/runtime/6544166/runTime
[2024-01-22T15:10:26.757Z] Using Maya ADSK Signatures from /local/S/jenkins/workspace/shared/Artifactory/OSX/adsk-plugin-signatures-maya/2023/3ae1ae7
[2024-01-22T15:10:26.757Z] Using Maya Security Library from /local/S/jenkins/workspace/shared/Artifactory/OSX/maya-security-library/3.4.0/5e08f3e
[2024-01-22T15:10:26.757Z] Getting mayausd-cotd download URL from Maya SHA-1 hash
[2024-01-22T15:10:27.938Z] [VERBOSE] Start loading URL (CURL): https://art-bobcat.autodesk.com/artifactory/api/search/checksum?repos=team-maya-generic,oss-stg-generic,team-mayausd-post-generic,autodesk-3p-generic,adsk-build-tools-generic,team-ecg-generic&sha1=5c19b814d3b74aa601eb532501b0dca11e7f8fe8
[2024-01-22T15:10:27.938Z] [DEBUG] Running: /usr/bin/curl -s -X GET --keepalive-time 10 --connect-timeout 60 --speed-limit 10000 --speed-time 120 --max-time 3600 --retry 5 --retry-max-time 2400 -H Connection:close -H Authorization:Basic ZWNnYmlmcm9zdDpvcGUqKjAw https://art-bobcat.autodesk.com/artifactory/api/search/checksum?repos=team-maya-generic,oss-stg-generic,team-mayausd-post-generic,autodesk-3p-generic,adsk-build-tools-generic,team-ecg-generic&sha1=5c19b814d3b74aa601eb532501b0dca11e7f8fe8
[2024-01-22T15:10:27.938Z] [DEBUG] Output:
[2024-01-22T15:10:27.938Z] {
[2024-01-22T15:10:27.938Z]   "results" : [ {
[2024-01-22T15:10:27.938Z]     "uri" : "https://art-bobcat.autodesk.com:443/artifactory/api/storage/team-mayausd-post-generic/post/MayaUSD/cuts/COTD/osx/2024-01-17-09-03/MayaUSD_0.27.0_Maya2025_OSX_RelWithDebInfo_202401170904_0df9fb5_cut.zip"
[2024-01-22T15:10:27.938Z]   } ]
[2024-01-22T15:10:27.938Z] }
[2024-01-22T15:10:27.938Z] [VERBOSE] End loading URL (CURL): https://art-bobcat.autodesk.com/artifactory/api/search/checksum?repos=team-maya-generic,oss-stg-generic,team-mayausd-post-generic,autodesk-3p-generic,adsk-build-tools-generic,team-ecg-generic&sha1=5c19b814d3b74aa601eb532501b0dca11e7f8fe8
[2024-01-22T15:10:27.938Z] [VERBOSE] Start loading URL (CURL): https://art-bobcat.autodesk.com:443/artifactory/api/storage/team-mayausd-post-generic/post/MayaUSD/cuts/COTD/osx/2024-01-17-09-03/MayaUSD_0.27.0_Maya2025_OSX_RelWithDebInfo_202401170904_0df9fb5_cut.zip
[2024-01-22T15:10:27.938Z] [DEBUG] Running: /usr/bin/curl -s -X GET --keepalive-time 10 --connect-timeout 60 --speed-limit 10000 --speed-time 120 --max-time 3600 --retry 5 --retry-max-time 2400 -H Connection:close -H Authorization:Basic ZWNnYmlmcm9zdDpvcGUqKjAw https://art-bobcat.autodesk.com:443/artifactory/api/storage/team-mayausd-post-generic/post/MayaUSD/cuts/COTD/osx/2024-01-17-09-03/MayaUSD_0.27.0_Maya2025_OSX_RelWithDebInfo_202401170904_0df9fb5_cut.zip
[2024-01-22T15:10:27.938Z] [DEBUG] Output:
[2024-01-22T15:10:27.938Z] {
[2024-01-22T15:10:27.938Z]   "repo" : "team-mayausd-post-generic",
[2024-01-22T15:10:27.938Z]   "path" : "/post/MayaUSD/cuts/COTD/osx/2024-01-17-09-03/MayaUSD_0.27.0_Maya2025_OSX_RelWithDebInfo_202401170904_0df9fb5_cut.zip",
[2024-01-22T15:10:27.938Z]   "created" : "2024-01-17T10:41:16.664-08:00",
[2024-01-22T15:10:27.938Z]   "createdBy" : "svc_d_ecg",
[2024-01-22T15:10:27.938Z]   "lastModified" : "2024-01-17T10:41:11.837-08:00",
[2024-01-22T15:10:27.938Z]   "modifiedBy" : "svc_d_ecg",
[2024-01-22T15:10:27.938Z]   "lastUpdated" : "2024-01-17T10:41:16.665-08:00",
[2024-01-22T15:10:27.939Z]   "downloadUri" : "https://art-bobcat.autodesk.com:443/artifactory/team-mayausd-post-generic/post/MayaUSD/cuts/COTD/osx/2024-01-17-09-03/MayaUSD_0.27.0_Maya2025_OSX_RelWithDebInfo_202401170904_0df9fb5_cut.zip",
[2024-01-22T15:10:27.939Z]   "mimeType" : "application/zip",
[2024-01-22T15:10:27.939Z]   "size" : "298014101",
[2024-01-22T15:10:27.939Z]   "checksums" : {
[2024-01-22T15:10:27.939Z]     "sha1" : "5c19b814d3b74aa601eb532501b0dca11e7f8fe8",
[2024-01-22T15:10:27.939Z]     "md5" : "343a4263704f7a3c1c82275d67cec478",
[2024-01-22T15:10:27.939Z]     "sha256" : "fc41eb3f7d7177524fd87624462e434807dbf5913d5b8c6ce4d51663e9f85d20"
[2024-01-22T15:10:27.939Z]   },
[2024-01-22T15:10:27.939Z]   "originalChecksums" : {
[2024-01-22T15:10:27.939Z]     "sha1" : "5c19b814d3b74aa601eb532501b0dca11e7f8fe8",
[2024-01-22T15:10:27.939Z]     "md5" : "343a4263704f7a3c1c82275d67cec478",
[2024-01-22T15:10:27.939Z]     "sha256" : "fc41eb3f7d7177524fd87624462e434807dbf5913d5b8c6ce4d51663e9f85d20"
[2024-01-22T15:10:27.939Z]   },
[2024-01-22T15:10:27.939Z]   "uri" : "https://art-bobcat.autodesk.com:443/artifactory/api/storage/team-mayausd-post-generic/post/MayaUSD/cuts/COTD/osx/2024-01-17-09-03/MayaUSD_0.27.0_Maya2025_OSX_RelWithDebInfo_202401170904_0df9fb5_cut.zip"
[2024-01-22T15:10:27.939Z] }
[2024-01-22T15:10:27.939Z] [VERBOSE] End loading URL (CURL): https://art-bobcat.autodesk.com:443/artifactory/api/storage/team-mayausd-post-generic/post/MayaUSD/cuts/COTD/osx/2024-01-17-09-03/MayaUSD_0.27.0_Maya2025_OSX_RelWithDebInfo_202401170904_0df9fb5_cut.zip
[2024-01-22T15:10:27.939Z] Loading package usd-0.23.11-python3.11-rel-osx
[2024-01-22T15:10:29.685Z] [VERBOSE] Start loading URL (CURL): https://art-bobcat.autodesk.com/artifactory/api/search/checksum?repos=team-maya-generic,oss-stg-generic,team-mayausd-post-generic,autodesk-3p-generic,adsk-build-tools-generic,team-ecg-generic&sha1=8270819d28a656f00fe9e6c5032fc22d19c1be33
[2024-01-22T15:10:29.685Z] [DEBUG] Running: /usr/bin/curl -s -X GET --keepalive-time 10 --connect-timeout 60 --speed-limit 10000 --speed-time 120 --max-time 3600 --retry 5 --retry-max-time 2400 -H Connection:close -H Authorization:Basic ZWNnYmlmcm9zdDpvcGUqKjAw https://art-bobcat.autodesk.com/artifactory/api/search/checksum?repos=team-maya-generic,oss-stg-generic,team-mayausd-post-generic,autodesk-3p-generic,adsk-build-tools-generic,team-ecg-generic&sha1=8270819d28a656f00fe9e6c5032fc22d19c1be33
[2024-01-22T15:10:29.685Z] [DEBUG] Output:
[2024-01-22T15:10:29.685Z] {
[2024-01-22T15:10:29.685Z]   "results" : [ {
[2024-01-22T15:10:29.685Z]     "uri" : "https://art-bobcat.autodesk.com:443/artifactory/api/storage/team-maya-generic/usd/0.23.11-b5c8656/usd-0.23.11-b5c8656-python3.11-OSX-arm64-RelWithDebInfo.zip"
[2024-01-22T15:10:29.685Z]   } ]
[2024-01-22T15:10:29.685Z] }
[2024-01-22T15:10:29.685Z] [VERBOSE] End loading URL (CURL): https://art-bobcat.autodesk.com/artifactory/api/search/checksum?repos=team-maya-generic,oss-stg-generic,team-mayausd-post-generic,autodesk-3p-generic,adsk-build-tools-generic,team-ecg-generic&sha1=8270819d28a656f00fe9e6c5032fc22d19c1be33
[2024-01-22T15:10:29.685Z] [VERBOSE] Start loading URL (CURL): https://art-bobcat.autodesk.com:443/artifactory/api/storage/team-maya-generic/usd/0.23.11-b5c8656/usd-0.23.11-b5c8656-python3.11-OSX-arm64-RelWithDebInfo.zip
[2024-01-22T15:10:29.685Z] [DEBUG] Running: /usr/bin/curl -s -X GET --keepalive-time 10 --connect-timeout 60 --speed-limit 10000 --speed-time 120 --max-time 3600 --retry 5 --retry-max-time 2400 -H Connection:close -H Authorization:Basic ZWNnYmlmcm9zdDpvcGUqKjAw https://art-bobcat.autodesk.com:443/artifactory/api/storage/team-maya-generic/usd/0.23.11-b5c8656/usd-0.23.11-b5c8656-python3.11-OSX-arm64-RelWithDebInfo.zip
[2024-01-22T15:10:29.685Z] [DEBUG] Output:
[2024-01-22T15:10:29.685Z] {
[2024-01-22T15:10:29.685Z]   "repo" : "team-maya-generic",
[2024-01-22T15:10:29.685Z]   "path" : "/usd/0.23.11-b5c8656/usd-0.23.11-b5c8656-python3.11-OSX-arm64-RelWithDebInfo.zip",
[2024-01-22T15:10:29.685Z]   "created" : "2023-12-18T17:12:37.798-08:00",
[2024-01-22T15:10:29.685Z]   "createdBy" : "svc_d_ecg",
[2024-01-22T15:10:29.685Z]   "lastModified" : "2023-12-18T17:12:27.410-08:00",
[2024-01-22T15:10:29.685Z]   "modifiedBy" : "svc_d_ecg",
[2024-01-22T15:10:29.685Z]   "lastUpdated" : "2023-12-18T17:12:37.799-08:00",
[2024-01-22T15:10:29.685Z]   "downloadUri" : "https://art-bobcat.autodesk.com:443/artifactory/team-maya-generic/usd/0.23.11-b5c8656/usd-0.23.11-b5c8656-python3.11-OSX-arm64-RelWithDebInfo.zip",
[2024-01-22T15:10:29.685Z]   "mimeType" : "application/zip",
[2024-01-22T15:10:29.685Z]   "size" : "765360469",
[2024-01-22T15:10:29.685Z]   "checksums" : {
[2024-01-22T15:10:29.685Z]     "sha1" : "8270819d28a656f00fe9e6c5032fc22d19c1be33",
[2024-01-22T15:10:29.685Z]     "md5" : "cb1c1048375f06d6881d5e3a3137ffdf",
[2024-01-22T15:10:29.685Z]     "sha256" : "d4a30577a442db3be6e49dffbb419e00c45e5841668d27cba4970c6a154c0de6"
[2024-01-22T15:10:29.685Z]   },
[2024-01-22T15:10:29.685Z]   "originalChecksums" : {
[2024-01-22T15:10:29.685Z]     "sha1" : "8270819d28a656f00fe9e6c5032fc22d19c1be33",
[2024-01-22T15:10:29.685Z]     "md5" : "cb1c1048375f06d6881d5e3a3137ffdf",
[2024-01-22T15:10:29.685Z]     "sha256" : "d4a30577a442db3be6e49dffbb419e00c45e5841668d27cba4970c6a154c0de6"
[2024-01-22T15:10:29.685Z]   },
[2024-01-22T15:10:29.685Z]   "uri" : "https://art-bobcat.autodesk.com:443/artifactory/api/storage/team-maya-generic/usd/0.23.11-b5c8656/usd-0.23.11-b5c8656-python3.11-OSX-arm64-RelWithDebInfo.zip"
[2024-01-22T15:10:29.685Z] }
[2024-01-22T15:10:29.685Z] [VERBOSE] End loading URL (CURL): https://art-bobcat.autodesk.com:443/artifactory/api/storage/team-maya-generic/usd/0.23.11-b5c8656/usd-0.23.11-b5c8656-python3.11-OSX-arm64-RelWithDebInfo.zip
[2024-01-22T15:10:29.685Z] [VERBOSE] Start loading URL (CURL): https://art-bobcat.autodesk.com:443/artifactory/api/storage/team-maya-generic/usd/0.23.11-b5c8656/usd-0.23.11-b5c8656-python3.11-OSX-arm64-RelWithDebInfo.zip.multipart
[2024-01-22T15:10:29.685Z] [DEBUG] Running: /usr/bin/curl -s -X GET --keepalive-time 10 --connect-timeout 60 --speed-limit 10000 --speed-time 120 --max-time 3600 --retry 5 --retry-max-time 2400 -H Connection:close -H Authorization:Basic ZWNnYmlmcm9zdDpvcGUqKjAw https://art-bobcat.autodesk.com:443/artifactory/api/storage/team-maya-generic/usd/0.23.11-b5c8656/usd-0.23.11-b5c8656-python3.11-OSX-arm64-RelWithDebInfo.zip.multipart
[2024-01-22T15:10:29.685Z] [DEBUG] Output:
[2024-01-22T15:10:29.685Z] {
[2024-01-22T15:10:29.685Z]   "errors" : [ {
[2024-01-22T15:10:29.685Z]     "status" : 404,
[2024-01-22T15:10:29.685Z]     "message" : "Unable to find item"
[2024-01-22T15:10:29.685Z]   } ]
[2024-01-22T15:10:29.685Z] }
[2024-01-22T15:10:29.685Z] [VERBOSE] End loading URL (CURL): https://art-bobcat.autodesk.com:443/artifactory/api/storage/team-maya-generic/usd/0.23.11-b5c8656/usd-0.23.11-b5c8656-python3.11-OSX-arm64-RelWithDebInfo.zip.multipart
[2024-01-22T15:10:29.685Z] Downloading https://art-bobcat.autodesk.com:443/artifactory/team-maya-generic/usd/0.23.11-b5c8656/usd-0.23.11-b5c8656-python3.11-OSX-arm64-RelWithDebInfo.zip to /local/S/jenkins/workspace/shared/Artifactory/OSX/tmp/tmp0_ib5uei
[2024-01-22T15:10:29.685Z] [VERBOSE] Start downloading file (CURL): https://art-bobcat.autodesk.com:443/artifactory/team-maya-generic/usd/0.23.11-b5c8656/usd-0.23.11-b5c8656-python3.11-OSX-arm64-RelWithDebInfo.zip
[2024-01-22T15:10:29.685Z] [DEBUG] Running: /usr/bin/curl -sI -X GET --keepalive-time 10 --connect-timeout 60 --speed-limit 10000 --speed-time 120 --max-time 3600 --retry 5 --retry-max-time 2400 -H Connection:close -H Authorization:Basic ZWNnYmlmcm9zdDpvcGUqKjAw https://art-bobcat.autodesk.com:443/artifactory/team-maya-generic/usd/0.23.11-b5c8656/usd-0.23.11-b5c8656-python3.11-OSX-arm64-RelWithDebInfo.zip
[2024-01-22T15:10:29.685Z] [DEBUG] Header:
[2024-01-22T15:10:29.685Z] HTTP/1.1 200 
[2024-01-22T15:10:29.685Z] Date: Mon, 22 Jan 2024 15:10:29 GMT
[2024-01-22T15:10:29.685Z] Content-Type: application/zip
[2024-01-22T15:10:29.685Z] Content-Length: 765360469
[2024-01-22T15:10:29.685Z] Connection: close
[2024-01-22T15:10:29.685Z] X-JFrog-Version: Artifactory/7.55.9 75509900
[2024-01-22T15:10:29.685Z] X-Artifactory-Id: 3ae3a5ee55e349ae80f0a4421f74725717e50dd3
[2024-01-22T15:10:29.685Z] X-Artifactory-Node-Id: ussclpdrsync010
[2024-01-22T15:10:29.685Z] Last-Modified: Tue, 19 Dec 2023 01:12:27 GMT
[2024-01-22T15:10:29.685Z] ETag: 8270819d28a656f00fe9e6c5032fc22d19c1be33
[2024-01-22T15:10:29.685Z] X-Checksum-Sha1: 8270819d28a656f00fe9e6c5032fc22d19c1be33
[2024-01-22T15:10:29.685Z] X-Checksum-Sha256: d4a30577a442db3be6e49dffbb419e00c45e5841668d27cba4970c6a154c0de6
[2024-01-22T15:10:29.685Z] X-Checksum-Md5: cb1c1048375f06d6881d5e3a3137ffdf
[2024-01-22T15:10:29.685Z] Accept-Ranges: bytes
[2024-01-22T15:10:29.685Z] X-Artifactory-Filename: usd-0.23.11-b5c8656-python3.11-OSX-arm64-RelWithDebInfo.zip
[2024-01-22T15:10:29.685Z] Content-Disposition: attachment; filename="usd-0.23.11-b5c8656-python3.11-OSX-arm64-RelWithDebInfo.zip"; filename*=UTF-8''"usd-0.23.11-b5c8656-python3.11-OSX-arm64-RelWithDebInfo.zip"
[2024-01-22T15:10:29.685Z] Access-Control-Allow-Methods: GET, PUT, POST, OPTIONS, HEAD
[2024-01-22T15:10:29.685Z] Access-Control-Allow-Headers: Authorization, Origin, X-Requested-With, Content-Type, Accept
[2024-01-22T15:10:29.685Z] Access-Control-Allow-Credentials: true
[2024-01-22T15:10:29.685Z] Set-Cookie: AlteonSC=1465459466.47873.0000; path=/; Httponly; Secure
[2024-01-22T15:10:29.685Z] [DEBUG] Running: /usr/bin/curl --progress-bar -X GET --keepalive-time 10 --connect-timeout 60 --speed-limit 10000 --speed-time 120 --max-time 3600 --retry 5 --retry-max-time 2400 -H Connection:close -H Authorization:Basic ZWNnYmlmcm9zdDpvcGUqKjAw https://art-bobcat.autodesk.com:443/artifactory/team-maya-generic/usd/0.23.11-b5c8656/usd-0.23.11-b5c8656-python3.11-OSX-arm64-RelWithDebInfo.zip -o /local/S/jenkins/workspace/shared/Artifactory/OSX/tmp/tmp0_ib5uei/usd-0.23.11-b5c8656-python3.11-OSX-arm64-RelWithDebInfo.zip
[2024-01-22T15:10:29.685Z]       0% complete.
[2024-01-22T15:10:32.935Z]       1% complete.
[2024-01-22T15:10:34.052Z]       2% complete.
[2024-01-22T15:10:35.825Z]       3% complete.
[2024-01-22T15:10:38.277Z]       4% complete.
[2024-01-22T15:10:39.383Z]       5% complete.
[2024-01-22T15:10:41.128Z]       6% complete.
[2024-01-22T15:10:43.582Z]       7% complete.
[2024-01-22T15:10:46.038Z]       8% complete.
[2024-01-22T15:10:47.357Z]       9% complete.
[2024-01-22T15:10:48.464Z]      10% complete.
[2024-01-22T15:10:50.916Z]      11% complete.
[2024-01-22T15:10:52.021Z]      12% complete.
[2024-01-22T15:10:53.766Z]      13% complete.
[2024-01-22T15:10:54.877Z]      14% complete.
[2024-01-22T15:10:55.983Z]      15% complete.
[2024-01-22T15:10:57.728Z]      16% complete.
[2024-01-22T15:10:58.836Z]      17% complete.
[2024-01-22T15:11:01.297Z]      18% complete.
[2024-01-22T15:11:02.404Z]      19% complete.
[2024-01-22T15:11:03.563Z]      20% complete.
[2024-01-22T15:11:04.673Z]      21% complete.
[2024-01-22T15:11:05.779Z]      22% complete.
[2024-01-22T15:11:06.885Z]      23% complete.
[2024-01-22T15:11:07.991Z]      24% complete.
[2024-01-22T15:11:09.099Z]      25% complete.
[2024-01-22T15:11:10.206Z]      26% complete.
[2024-01-22T15:11:11.312Z]      27% complete.
[2024-01-22T15:11:11.841Z]      28% complete.
[2024-01-22T15:11:12.947Z]      29% complete.
[2024-01-22T15:11:14.053Z]      30% complete.
[2024-01-22T15:11:15.160Z]      31% complete.
[2024-01-22T15:11:15.689Z]      32% complete.
[2024-01-22T15:11:16.796Z]      33% complete.
[2024-01-22T15:11:17.902Z]      34% complete.
[2024-01-22T15:11:19.009Z]      35% complete.
[2024-01-22T15:11:20.116Z]      36% complete.
[2024-01-22T15:11:21.222Z]      37% complete.
[2024-01-22T15:11:21.749Z]      38% complete.
[2024-01-22T15:11:23.528Z]      39% complete.
[2024-01-22T15:11:24.640Z]      40% complete.
[2024-01-22T15:11:25.168Z]      41% complete.
[2024-01-22T15:11:26.914Z]      42% complete.
[2024-01-22T15:11:28.658Z]      43% complete.
[2024-01-22T15:11:29.185Z]      44% complete.
[2024-01-22T15:11:30.293Z]      45% complete.
[2024-01-22T15:11:31.401Z]      46% complete.
[2024-01-22T15:11:31.929Z]      47% complete.
[2024-01-22T15:11:33.037Z]      48% complete.
[2024-01-22T15:11:33.565Z]      49% complete.
[2024-01-22T15:11:34.673Z]      50% complete.
[2024-01-22T15:11:35.201Z]      51% complete.
[2024-01-22T15:11:36.308Z]      52% complete.
[2024-01-22T15:11:36.837Z]      53% complete.
[2024-01-22T15:11:37.945Z]      54% complete.
[2024-01-22T15:11:39.054Z]      55% complete.
[2024-01-22T15:11:39.599Z]      56% complete.
[2024-01-22T15:11:40.709Z]      57% complete.
[2024-01-22T15:11:41.240Z]      58% complete.
[2024-01-22T15:11:41.769Z]      59% complete.
[2024-01-22T15:11:42.876Z]      60% complete.
[2024-01-22T15:11:44.009Z]      61% complete.
[2024-01-22T15:11:44.549Z]      62% complete.
[2024-01-22T15:11:45.080Z]      63% complete.
[2024-01-22T15:11:46.254Z]      64% complete.
[2024-01-22T15:11:46.783Z]      65% complete.
[2024-01-22T15:11:47.324Z]      66% complete.
[2024-01-22T15:11:47.855Z]      67% complete.
[2024-01-22T15:11:48.969Z]      68% complete.
[2024-01-22T15:11:49.502Z]      69% complete.
[2024-01-22T15:11:50.031Z]      70% complete.
[2024-01-22T15:11:50.560Z]      71% complete.
[2024-01-22T15:11:51.670Z]      72% complete.
[2024-01-22T15:11:52.199Z]      73% complete.
[2024-01-22T15:11:52.732Z]      74% complete.
[2024-01-22T15:11:53.268Z]      75% complete.
[2024-01-22T15:11:53.796Z]      76% complete.
[2024-01-22T15:11:54.422Z]      77% complete.
[2024-01-22T15:11:54.951Z]      78% complete.
[2024-01-22T15:11:55.480Z]      79% complete.
[2024-01-22T15:11:56.072Z]      80% complete.
[2024-01-22T15:11:56.612Z]      81% complete.
[2024-01-22T15:11:57.160Z]      82% complete.
[2024-01-22T15:11:57.690Z]      83% complete.
[2024-01-22T15:11:57.690Z]      84% complete.
[2024-01-22T15:11:58.796Z]      85% complete.
[2024-01-22T15:11:58.796Z]      86% complete.
[2024-01-22T15:11:59.325Z]      87% complete.
[2024-01-22T15:11:59.854Z]      88% complete.
[2024-01-22T15:12:00.382Z]      89% complete.
[2024-01-22T15:12:00.915Z]      90% complete.
[2024-01-22T15:12:01.443Z]      91% complete.
[2024-01-22T15:12:01.972Z]      92% complete.
[2024-01-22T15:12:02.501Z]      93% complete.
[2024-01-22T15:12:02.501Z]      94% complete.
[2024-01-22T15:12:03.029Z]      95% complete.
[2024-01-22T15:12:03.559Z]      96% complete.
[2024-01-22T15:12:04.088Z]      97% complete.
[2024-01-22T15:12:04.632Z]      98% complete.
[2024-01-22T15:12:05.164Z]      99% complete.
[2024-01-22T15:12:05.689Z]     100% complete.
[2024-01-22T15:12:05.689Z] [VERBOSE] End downloading file (CURL): https://art-bobcat.autodesk.com:443/artifactory/team-maya-generic/usd/0.23.11-b5c8656/usd-0.23.11-b5c8656-python3.11-OSX-arm64-RelWithDebInfo.zip
[2024-01-22T15:12:05.689Z] Verifying package usd-0.23.11-b5c8656-python3.11-OSX-arm64-RelWithDebInfo.zip
[2024-01-22T15:12:05.689Z] Extracting usd-0.23.11-b5c8656-python3.11-OSX-arm64-RelWithDebInfo.zip to /local/S/jenkins/workspace/shared/Artifactory/OSX/tmp/tmp_973xf8d
[2024-01-22T15:12:13.382Z] Installing on /local/S/jenkins/workspace/shared/Artifactory/OSX/USD/8270819
[2024-01-22T15:12:13.911Z] [VERBOSE] Start loading URL (CURL): https://art-bobcat.autodesk.com:443/artifactory/api/storage/team-maya-generic/Maya/master/pmac/2024-01-21-11-43_391eddf161/202401211143-391eddf161-RUNDEV.dmg.multipart
[2024-01-22T15:12:13.911Z] [DEBUG] Running: /usr/bin/curl -s -X GET --keepalive-time 10 --connect-timeout 60 --speed-limit 10000 --speed-time 120 --max-time 3600 --retry 5 --retry-max-time 2400 -H Connection:close -H Authorization:Basic ZWNnYmlmcm9zdDpvcGUqKjAw https://art-bobcat.autodesk.com:443/artifactory/api/storage/team-maya-generic/Maya/master/pmac/2024-01-21-11-43_391eddf161/202401211143-391eddf161-RUNDEV.dmg.multipart
[2024-01-22T15:12:13.911Z] [DEBUG] Output:
[2024-01-22T15:12:13.911Z] {
[2024-01-22T15:12:13.911Z]   "errors" : [ {
[2024-01-22T15:12:13.911Z]     "status" : 404,
[2024-01-22T15:12:13.911Z]     "message" : "Unable to find item"
[2024-01-22T15:12:13.911Z]   } ]
[2024-01-22T15:12:13.911Z] }
[2024-01-22T15:12:13.911Z] [VERBOSE] End loading URL (CURL): https://art-bobcat.autodesk.com:443/artifactory/api/storage/team-maya-generic/Maya/master/pmac/2024-01-21-11-43_391eddf161/202401211143-391eddf161-RUNDEV.dmg.multipart
[2024-01-22T15:12:13.911Z] Downloading https://art-bobcat.autodesk.com:443/artifactory/team-maya-generic/Maya/master/pmac/2024-01-21-11-43_391eddf161/202401211143-391eddf161-RUNDEV.dmg to /local/S/jenkins/workspace/shared/Artifactory/OSX/tmp/tmp6o8na90j
[2024-01-22T15:12:14.439Z] [VERBOSE] Start downloading file (CURL): https://art-bobcat.autodesk.com:443/artifactory/team-maya-generic/Maya/master/pmac/2024-01-21-11-43_391eddf161/202401211143-391eddf161-RUNDEV.dmg
[2024-01-22T15:12:14.439Z] [DEBUG] Running: /usr/bin/curl -sI -X GET --keepalive-time 10 --connect-timeout 60 --speed-limit 10000 --speed-time 120 --max-time 3600 --retry 5 --retry-max-time 2400 -H Connection:close -H Authorization:Basic ZWNnYmlmcm9zdDpvcGUqKjAw https://art-bobcat.autodesk.com:443/artifactory/team-maya-generic/Maya/master/pmac/2024-01-21-11-43_391eddf161/202401211143-391eddf161-RUNDEV.dmg
[2024-01-22T15:12:14.439Z] [DEBUG] Header:
[2024-01-22T15:12:14.439Z] HTTP/1.1 200 
[2024-01-22T15:12:14.439Z] Date: Mon, 22 Jan 2024 15:12:13 GMT
[2024-01-22T15:12:14.439Z] Content-Type: application/octet-stream
[2024-01-22T15:12:14.439Z] Content-Length: 2883873727
[2024-01-22T15:12:14.439Z] Connection: close
[2024-01-22T15:12:14.439Z] X-JFrog-Version: Artifactory/7.55.9 75509900
[2024-01-22T15:12:14.439Z] X-Artifactory-Id: 712c76b93a9b964034cd158e2d0e018eaba6baeb
[2024-01-22T15:12:14.439Z] X-Artifactory-Node-Id: ussclpdrsync008.ads.autodesk.com
[2024-01-22T15:12:14.439Z] Last-Modified: Sun, 21 Jan 2024 21:26:10 GMT
[2024-01-22T15:12:14.439Z] ETag: 6544166190520e97b775f5ef672272823ba83db9
[2024-01-22T15:12:14.439Z] X-Checksum-Sha1: 6544166190520e97b775f5ef672272823ba83db9
[2024-01-22T15:12:14.439Z] X-Checksum-Sha256: 3222d9c79b9d5111f06e8ac62fe16e3cec1ffa1ad25d576c9ab0f7776b84183c
[2024-01-22T15:12:14.439Z] X-Checksum-Md5: 37bd10a9beb49f5a51d054b3b546b31b
[2024-01-22T15:12:14.439Z] Accept-Ranges: bytes
[2024-01-22T15:12:14.439Z] X-Artifactory-Filename: 202401211143-391eddf161-RUNDEV.dmg
[2024-01-22T15:12:14.439Z] Content-Disposition: attachment; filename="202401211143-391eddf161-RUNDEV.dmg"; filename*=UTF-8''"202401211143-391eddf161-RUNDEV.dmg"
[2024-01-22T15:12:14.439Z] Access-Control-Allow-Methods: GET, PUT, POST, OPTIONS, HEAD
[2024-01-22T15:12:14.439Z] Access-Control-Allow-Headers: Authorization, Origin, X-Requested-With, Content-Type, Accept
[2024-01-22T15:12:14.439Z] Access-Control-Allow-Credentials: true
[2024-01-22T15:12:14.439Z] Set-Cookie: AlteonSC=1448682250.47873.0000; path=/; Httponly; Secure
[2024-01-22T15:12:14.439Z] [DEBUG] Running: /usr/bin/curl --progress-bar -X GET --keepalive-time 10 --connect-timeout 60 --speed-limit 10000 --speed-time 120 --max-time 3600 --retry 5 --retry-max-time 2400 -H Connection:close -H Authorization:Basic ZWNnYmlmcm9zdDpvcGUqKjAw https://art-bobcat.autodesk.com:443/artifactory/team-maya-generic/Maya/master/pmac/2024-01-21-11-43_391eddf161/202401211143-391eddf161-RUNDEV.dmg -o /local/S/jenkins/workspace/shared/Artifactory/OSX/tmp/tmp6o8na90j/202401211143-391eddf161-RUNDEV.dmg
[2024-01-22T15:12:14.439Z]       0% complete.
[2024-01-22T15:12:19.614Z]       1% complete.
[2024-01-22T15:12:23.767Z]       2% complete.
[2024-01-22T15:12:27.035Z]       3% complete.
[2024-01-22T15:12:29.612Z]       4% complete.
[2024-01-22T15:12:32.870Z]       5% complete.
[2024-01-22T15:12:35.325Z]       6% complete.
[2024-01-22T15:12:39.480Z]       7% complete.
[2024-01-22T15:12:42.947Z]       8% complete.
[2024-01-22T15:12:47.110Z]       9% complete.
[2024-01-22T15:12:50.363Z]      10% complete.
[2024-01-22T15:12:53.615Z]      11% complete.
[2024-01-22T15:12:58.847Z]      12% complete.
[2024-01-22T15:13:02.190Z]      13% complete.
[2024-01-22T15:13:06.344Z]      14% complete.
[2024-01-22T15:13:09.609Z]      15% complete.
[2024-01-22T15:13:14.789Z]      16% complete.
[2024-01-22T15:13:18.045Z]      17% complete.
[2024-01-22T15:13:20.508Z]      18% complete.
[2024-01-22T15:13:23.011Z]      19% complete.
[2024-01-22T15:13:27.309Z]      20% complete.
[2024-01-22T15:13:29.054Z]      21% complete.
[2024-01-22T15:13:31.516Z]      22% complete.
[2024-01-22T15:13:33.975Z]      23% complete.
[2024-01-22T15:13:35.719Z]      24% complete.
[2024-01-22T15:13:39.869Z]      25% complete.
[2024-01-22T15:13:41.614Z]      26% complete.
[2024-01-22T15:13:43.363Z]      27% complete.
[2024-01-22T15:13:46.625Z]      28% complete.
[2024-01-22T15:13:48.399Z]      29% complete.
[2024-01-22T15:13:51.689Z]      30% complete.
[2024-01-22T15:13:52.837Z]      31% complete.
[2024-01-22T15:13:55.303Z]      32% complete.
[2024-01-22T15:13:57.064Z]      33% complete.
[2024-01-22T15:13:58.835Z]      34% complete.
[2024-01-22T15:14:00.581Z]      35% complete.
[2024-01-22T15:14:03.049Z]      36% complete.
[2024-01-22T15:14:04.160Z]      37% complete.
[2024-01-22T15:14:05.907Z]      38% complete.
[2024-01-22T15:14:09.162Z]      39% complete.
[2024-01-22T15:14:10.920Z]      40% complete.
[2024-01-22T15:14:13.382Z]      41% complete.
[2024-01-22T15:14:14.489Z]      42% complete.
[2024-01-22T15:14:16.246Z]      43% complete.
[2024-01-22T15:14:17.353Z]      44% complete.
[2024-01-22T15:14:20.722Z]      45% complete.
[2024-01-22T15:14:21.252Z]      46% complete.
[2024-01-22T15:14:22.362Z]      47% complete.
[2024-01-22T15:14:23.484Z]      48% complete.
[2024-01-22T15:14:25.231Z]      49% complete.
[2024-01-22T15:14:25.762Z]      50% complete.
[2024-01-22T15:14:26.873Z]      51% complete.
[2024-01-22T15:14:28.738Z]      52% complete.
[2024-01-22T15:14:29.272Z]      53% complete.
[2024-01-22T15:14:31.029Z]      54% complete.
[2024-01-22T15:14:32.160Z]      55% complete.
[2024-01-22T15:14:32.692Z]      56% complete.
[2024-01-22T15:14:33.812Z]      57% complete.
[2024-01-22T15:14:34.927Z]      58% complete.
[2024-01-22T15:14:36.040Z]      59% complete.
[2024-01-22T15:14:37.155Z]      60% complete.
[2024-01-22T15:14:38.266Z]      61% complete.
[2024-01-22T15:14:38.900Z]      62% complete.
[2024-01-22T15:14:40.336Z]      63% complete.
[2024-01-22T15:14:40.869Z]      64% complete.
[2024-01-22T15:14:42.051Z]      65% complete.
[2024-01-22T15:14:43.168Z]      66% complete.
[2024-01-22T15:14:44.933Z]      67% complete.
[2024-01-22T15:14:47.415Z]      68% complete.
[2024-01-22T15:14:47.959Z]      69% complete.
[2024-01-22T15:14:48.495Z]      70% complete.
[2024-01-22T15:14:49.606Z]      71% complete.
[2024-01-22T15:14:50.820Z]      72% complete.
[2024-01-22T15:14:52.582Z]      73% complete.
[2024-01-22T15:14:53.714Z]      74% complete.
[2024-01-22T15:14:54.833Z]      75% complete.
[2024-01-22T15:14:55.944Z]      76% complete.
[2024-01-22T15:14:57.102Z]      77% complete.
[2024-01-22T15:14:58.888Z]      78% complete.
[2024-01-22T15:15:00.178Z]      79% complete.
[2024-01-22T15:15:01.302Z]      80% complete.
[2024-01-22T15:15:03.123Z]      81% complete.
[2024-01-22T15:15:04.921Z]      82% complete.
[2024-01-22T15:15:05.465Z]      83% complete.
[2024-01-22T15:15:07.244Z]      84% complete.
[2024-01-22T15:15:07.781Z]      85% complete.
[2024-01-22T15:15:08.900Z]      86% complete.
[2024-01-22T15:15:10.131Z]      87% complete.
[2024-01-22T15:15:10.664Z]      88% complete.
[2024-01-22T15:15:11.835Z]      89% complete.
[2024-01-22T15:15:12.960Z]      90% complete.
[2024-01-22T15:15:14.085Z]      91% complete.
[2024-01-22T15:15:15.224Z]      92% complete.
[2024-01-22T15:15:16.357Z]      93% complete.
[2024-01-22T15:15:17.486Z]      94% complete.
[2024-01-22T15:15:20.015Z]      95% complete.
[2024-01-22T15:15:21.808Z]      96% complete.
[2024-01-22T15:15:22.923Z]      97% complete.
[2024-01-22T15:15:23.452Z]      98% complete.
[2024-01-22T15:15:24.653Z]      99% complete.
[2024-01-22T15:15:26.557Z]     100% complete.
[2024-01-22T15:15:26.557Z] [VERBOSE] End downloading file (CURL): https://art-bobcat.autodesk.com:443/artifactory/team-maya-generic/Maya/master/pmac/2024-01-21-11-43_391eddf161/202401211143-391eddf161-RUNDEV.dmg
[2024-01-22T15:15:26.557Z] Extracting 202401211143-391eddf161-RUNDEV.dmg to /local/S/jenkins/workspace/shared/Artifactory/OSX/tmp/tmpnrvd06de
[2024-01-22T15:15:45.556Z] <?xml version="1.0" encoding="UTF-8"?>
[2024-01-22T15:15:45.556Z] <!DOCTYPE plist PUBLIC "-//Apple//DTD PLIST 1.0//EN" "http://www.apple.com/DTDs/PropertyList-1.0.dtd">
[2024-01-22T15:15:45.556Z] <plist version="1.0">
[2024-01-22T15:15:45.556Z] <dict>
[2024-01-22T15:15:45.556Z] 	<key>system-entities</key>
[2024-01-22T15:15:45.556Z] 	<array>
[2024-01-22T15:15:45.556Z] 		<dict>
[2024-01-22T15:15:45.556Z] 			<key>content-hint</key>
[2024-01-22T15:15:45.556Z] 			<string>EFI</string>
[2024-01-22T15:15:45.556Z] 			<key>dev-entry</key>
[2024-01-22T15:15:45.556Z] 			<string>/dev/disk4s1</string>
[2024-01-22T15:15:45.556Z] 			<key>potentially-mountable</key>
[2024-01-22T15:15:45.556Z] 			<true/>
[2024-01-22T15:15:45.556Z] 			<key>unmapped-content-hint</key>
[2024-01-22T15:15:45.556Z] 			<string>C12A7328-F81F-11D2-BA4B-00A0C93EC93B</string>
[2024-01-22T15:15:45.556Z] 			<key>volume-kind</key>
[2024-01-22T15:15:45.556Z] 			<string>msdos</string>
[2024-01-22T15:15:45.556Z] 		</dict>
[2024-01-22T15:15:45.556Z] 		<dict>
[2024-01-22T15:15:45.556Z] 			<key>content-hint</key>
[2024-01-22T15:15:45.556Z] 			<string>Apple_HFS</string>
[2024-01-22T15:15:45.556Z] 			<key>dev-entry</key>
[2024-01-22T15:15:45.556Z] 			<string>/dev/disk4s2</string>
[2024-01-22T15:15:45.556Z] 			<key>mount-point</key>
[2024-01-22T15:15:45.556Z] 			<string>/Volumes/zip</string>
[2024-01-22T15:15:45.556Z] 			<key>potentially-mountable</key>
[2024-01-22T15:15:45.556Z] 			<true/>
[2024-01-22T15:15:45.556Z] 			<key>unmapped-content-hint</key>
[2024-01-22T15:15:45.556Z] 			<string>48465300-0000-11AA-AA11-00306543ECAC</string>
[2024-01-22T15:15:45.556Z] 			<key>volume-kind</key>
[2024-01-22T15:15:45.556Z] 			<string>hfs</string>
[2024-01-22T15:15:45.556Z] 		</dict>
[2024-01-22T15:15:45.556Z] 		<dict>
[2024-01-22T15:15:45.556Z] 			<key>content-hint</key>
[2024-01-22T15:15:45.556Z] 			<string>GUID_partition_scheme</string>
[2024-01-22T15:15:45.556Z] 			<key>dev-entry</key>
[2024-01-22T15:15:45.556Z] 			<string>/dev/disk4</string>
[2024-01-22T15:15:45.556Z] 			<key>potentially-mountable</key>
[2024-01-22T15:15:45.556Z] 			<false/>
[2024-01-22T15:15:45.556Z] 			<key>unmapped-content-hint</key>
[2024-01-22T15:15:45.556Z] 			<string>GUID_partition_scheme</string>
[2024-01-22T15:15:45.556Z] 		</dict>
[2024-01-22T15:15:45.556Z] 	</array>
[2024-01-22T15:15:45.556Z] </dict>
[2024-01-22T15:15:45.556Z] </plist>
[2024-01-22T15:16:22.750Z] "disk4" ejected.
[2024-01-22T15:16:22.750Z] Installing on /local/S/jenkins/workspace/shared/Artifactory/OSX/rundev-master/202401211143/runtime/6544166
[2024-01-22T15:16:22.750Z] [VERBOSE] Start loading URL (CURL): https://art-bobcat.autodesk.com:443/artifactory/api/storage/team-mayausd-post-generic/post/MayaUSD/cuts/COTD/osx/2024-01-17-09-03/MayaUSD_0.27.0_Maya2025_OSX_RelWithDebInfo_202401170904_0df9fb5_cut.zip.multipart
[2024-01-22T15:16:22.750Z] [DEBUG] Running: /usr/bin/curl -s -X GET --keepalive-time 10 --connect-timeout 60 --speed-limit 10000 --speed-time 120 --max-time 3600 --retry 5 --retry-max-time 2400 -H Connection:close -H Authorization:Basic ZWNnYmlmcm9zdDpvcGUqKjAw https://art-bobcat.autodesk.com:443/artifactory/api/storage/team-mayausd-post-generic/post/MayaUSD/cuts/COTD/osx/2024-01-17-09-03/MayaUSD_0.27.0_Maya2025_OSX_RelWithDebInfo_202401170904_0df9fb5_cut.zip.multipart
[2024-01-22T15:16:22.750Z] [DEBUG] Output:
[2024-01-22T15:16:22.750Z] {
[2024-01-22T15:16:22.750Z]   "errors" : [ {
[2024-01-22T15:16:22.750Z]     "status" : 404,
[2024-01-22T15:16:22.750Z]     "message" : "Unable to find item"
[2024-01-22T15:16:22.750Z]   } ]
[2024-01-22T15:16:22.750Z] }
[2024-01-22T15:16:22.750Z] [VERBOSE] End loading URL (CURL): https://art-bobcat.autodesk.com:443/artifactory/api/storage/team-mayausd-post-generic/post/MayaUSD/cuts/COTD/osx/2024-01-17-09-03/MayaUSD_0.27.0_Maya2025_OSX_RelWithDebInfo_202401170904_0df9fb5_cut.zip.multipart
[2024-01-22T15:16:22.750Z] Downloading https://art-bobcat.autodesk.com:443/artifactory/team-mayausd-post-generic/post/MayaUSD/cuts/COTD/osx/2024-01-17-09-03/MayaUSD_0.27.0_Maya2025_OSX_RelWithDebInfo_202401170904_0df9fb5_cut.zip to /local/S/jenkins/workspace/shared/Artifactory/OSX/tmp/tmpg57j2sn9
[2024-01-22T15:16:22.750Z] [VERBOSE] Start downloading file (CURL): https://art-bobcat.autodesk.com:443/artifactory/team-mayausd-post-generic/post/MayaUSD/cuts/COTD/osx/2024-01-17-09-03/MayaUSD_0.27.0_Maya2025_OSX_RelWithDebInfo_202401170904_0df9fb5_cut.zip
[2024-01-22T15:16:22.750Z] [DEBUG] Running: /usr/bin/curl -sI -X GET --keepalive-time 10 --connect-timeout 60 --speed-limit 10000 --speed-time 120 --max-time 3600 --retry 5 --retry-max-time 2400 -H Connection:close -H Authorization:Basic ZWNnYmlmcm9zdDpvcGUqKjAw https://art-bobcat.autodesk.com:443/artifactory/team-mayausd-post-generic/post/MayaUSD/cuts/COTD/osx/2024-01-17-09-03/MayaUSD_0.27.0_Maya2025_OSX_RelWithDebInfo_202401170904_0df9fb5_cut.zip
[2024-01-22T15:16:22.750Z] [DEBUG] Header:
[2024-01-22T15:16:22.750Z] HTTP/1.1 200 
[2024-01-22T15:16:22.750Z] Date: Mon, 22 Jan 2024 15:16:20 GMT
[2024-01-22T15:16:22.750Z] Content-Type: application/zip
[2024-01-22T15:16:22.750Z] Content-Length: 298014101
[2024-01-22T15:16:22.750Z] Connection: close
[2024-01-22T15:16:22.750Z] X-JFrog-Version: Artifactory/7.55.9 75509900
[2024-01-22T15:16:22.750Z] X-Artifactory-Id: 79b311d0333bdd120c0de6ef1436b28063dfc95b
[2024-01-22T15:16:22.750Z] X-Artifactory-Node-Id: ussclpdrsync007
[2024-01-22T15:16:22.750Z] Last-Modified: Wed, 17 Jan 2024 18:41:11 GMT
[2024-01-22T15:16:22.750Z] ETag: 5c19b814d3b74aa601eb532501b0dca11e7f8fe8
[2024-01-22T15:16:22.750Z] X-Checksum-Sha1: 5c19b814d3b74aa601eb532501b0dca11e7f8fe8
[2024-01-22T15:16:22.750Z] X-Checksum-Sha256: fc41eb3f7d7177524fd87624462e434807dbf5913d5b8c6ce4d51663e9f85d20
[2024-01-22T15:16:22.750Z] X-Checksum-Md5: 343a4263704f7a3c1c82275d67cec478
[2024-01-22T15:16:22.750Z] Accept-Ranges: bytes
[2024-01-22T15:16:22.750Z] X-Artifactory-Filename: MayaUSD_0.27.0_Maya2025_OSX_RelWithDebInfo_202401170904_0df9fb5_cut.zip
[2024-01-22T15:16:22.750Z] Content-Disposition: attachment; filename="MayaUSD_0.27.0_Maya2025_OSX_RelWithDebInfo_202401170904_0df9fb5_cut.zip"; filename*=UTF-8''"MayaUSD_0.27.0_Maya2025_OSX_RelWithDebInfo_202401170904_0df9fb5_cut.zip"
[2024-01-22T15:16:22.750Z] Access-Control-Allow-Methods: GET, PUT, POST, OPTIONS, HEAD
[2024-01-22T15:16:22.750Z] Access-Control-Allow-Headers: Authorization, Origin, X-Requested-With, Content-Type, Accept
[2024-01-22T15:16:22.750Z] Access-Control-Allow-Credentials: true
[2024-01-22T15:16:22.750Z] Set-Cookie: AlteonSC=2539135754.47873.0000; path=/; Httponly; Secure
[2024-01-22T15:16:22.750Z] [DEBUG] Running: /usr/bin/curl --progress-bar -X GET --keepalive-time 10 --connect-timeout 60 --speed-limit 10000 --speed-time 120 --max-time 3600 --retry 5 --retry-max-time 2400 -H Connection:close -H Authorization:Basic ZWNnYmlmcm9zdDpvcGUqKjAw https://art-bobcat.autodesk.com:443/artifactory/team-mayausd-post-generic/post/MayaUSD/cuts/COTD/osx/2024-01-17-09-03/MayaUSD_0.27.0_Maya2025_OSX_RelWithDebInfo_202401170904_0df9fb5_cut.zip -o /local/S/jenkins/workspace/shared/Artifactory/OSX/tmp/tmpg57j2sn9/MayaUSD_0.27.0_Maya2025_OSX_RelWithDebInfo_202401170904_0df9fb5_cut.zip
[2024-01-22T15:16:22.750Z]       0% complete.
[2024-01-22T15:16:22.750Z]       1% complete.
[2024-01-22T15:16:24.522Z]       2% complete.
[2024-01-22T15:16:25.051Z]       3% complete.
[2024-01-22T15:16:25.579Z]       4% complete.
[2024-01-22T15:16:26.131Z]       5% complete.
[2024-01-22T15:16:26.659Z]       6% complete.
[2024-01-22T15:16:26.659Z]       7% complete.
[2024-01-22T15:16:27.191Z]       8% complete.
[2024-01-22T15:16:27.721Z]       9% complete.
[2024-01-22T15:16:28.328Z]      10% complete.
[2024-01-22T15:16:28.856Z]      11% complete.
[2024-01-22T15:16:29.647Z]      12% complete.
[2024-01-22T15:16:29.647Z]      13% complete.
[2024-01-22T15:16:30.185Z]      14% complete.
[2024-01-22T15:16:30.714Z]      15% complete.
[2024-01-22T15:16:30.714Z]      16% complete.
[2024-01-22T15:16:31.251Z]      17% complete.
[2024-01-22T15:16:31.788Z]      18% complete.
[2024-01-22T15:16:32.429Z]      19% complete.
[2024-01-22T15:16:33.543Z]      20% complete.
[2024-01-22T15:16:34.071Z]      21% complete.
[2024-01-22T15:16:34.071Z]      22% complete.
[2024-01-22T15:16:34.615Z]      23% complete.
[2024-01-22T15:16:34.615Z]      24% complete.
[2024-01-22T15:16:35.159Z]      25% complete.
[2024-01-22T15:16:35.159Z]      26% complete.
[2024-01-22T15:16:35.695Z]      27% complete.
[2024-01-22T15:16:35.695Z]      28% complete.
[2024-01-22T15:16:36.236Z]      29% complete.
[2024-01-22T15:16:36.236Z]      30% complete.
[2024-01-22T15:16:36.764Z]      31% complete.
[2024-01-22T15:16:36.764Z]      32% complete.
[2024-01-22T15:16:37.294Z]      33% complete.
[2024-01-22T15:16:37.294Z]      34% complete.
[2024-01-22T15:16:37.848Z]      35% complete.
[2024-01-22T15:16:37.848Z]      36% complete.
[2024-01-22T15:16:38.377Z]      37% complete.
[2024-01-22T15:16:38.377Z]      38% complete.
[2024-01-22T15:16:38.905Z]      39% complete.
[2024-01-22T15:16:39.436Z]      40% complete.
[2024-01-22T15:16:41.894Z]      41% complete.
[2024-01-22T15:16:41.894Z]      42% complete.
[2024-01-22T15:16:42.424Z]      43% complete.
[2024-01-22T15:16:42.424Z]      44% complete.
[2024-01-22T15:16:42.955Z]      45% complete.
[2024-01-22T15:16:42.955Z]      46% complete.
[2024-01-22T15:16:43.483Z]      47% complete.
[2024-01-22T15:16:43.483Z]      48% complete.
[2024-01-22T15:16:44.013Z]      49% complete.
[2024-01-22T15:16:44.013Z]      50% complete.
[2024-01-22T15:16:44.542Z]      51% complete.
[2024-01-22T15:16:45.071Z]      52% complete.
[2024-01-22T15:16:45.071Z]      53% complete.
[2024-01-22T15:16:45.601Z]      54% complete.
[2024-01-22T15:16:46.133Z]      55% complete.
[2024-01-22T15:16:46.133Z]      56% complete.
[2024-01-22T15:16:46.133Z]      57% complete.
[2024-01-22T15:16:46.662Z]      58% complete.
[2024-01-22T15:16:47.255Z]      59% complete.
[2024-01-22T15:16:47.255Z]      60% complete.
[2024-01-22T15:16:47.255Z]      61% complete.
[2024-01-22T15:16:47.860Z]      62% complete.
[2024-01-22T15:16:49.626Z]      63% complete.
[2024-01-22T15:16:49.626Z]      64% complete.
[2024-01-22T15:16:49.626Z]      65% complete.
[2024-01-22T15:16:50.156Z]      66% complete.
[2024-01-22T15:16:50.156Z]      67% complete.
[2024-01-22T15:16:50.685Z]      68% complete.
[2024-01-22T15:16:50.685Z]      69% complete.
[2024-01-22T15:16:51.212Z]      70% complete.
[2024-01-22T15:16:51.741Z]      71% complete.
[2024-01-22T15:16:52.270Z]      72% complete.
[2024-01-22T15:16:52.798Z]      73% complete.
[2024-01-22T15:16:52.798Z]      74% complete.
[2024-01-22T15:16:52.798Z]      75% complete.
[2024-01-22T15:16:53.326Z]      76% complete.
[2024-01-22T15:16:53.855Z]      77% complete.
[2024-01-22T15:16:53.855Z]      78% complete.
[2024-01-22T15:16:54.383Z]      79% complete.
[2024-01-22T15:16:55.490Z]      80% complete.
[2024-01-22T15:16:55.490Z]      81% complete.
[2024-01-22T15:16:56.019Z]      82% complete.
[2024-01-22T15:16:56.019Z]      83% complete.
[2024-01-22T15:16:56.549Z]      84% complete.
[2024-01-22T15:16:57.077Z]      85% complete.
[2024-01-22T15:16:57.077Z]      86% complete.
[2024-01-22T15:16:57.606Z]      87% complete.
[2024-01-22T15:16:57.606Z]      88% complete.
[2024-01-22T15:16:57.606Z]      89% complete.
[2024-01-22T15:16:58.136Z]      90% complete.
[2024-01-22T15:16:58.136Z]      91% complete.
[2024-01-22T15:16:58.664Z]      92% complete.
[2024-01-22T15:16:58.664Z]      93% complete.
[2024-01-22T15:16:59.192Z]      94% complete.
[2024-01-22T15:16:59.192Z]      95% complete.
[2024-01-22T15:16:59.192Z]      96% complete.
[2024-01-22T15:16:59.723Z]      97% complete.
[2024-01-22T15:17:00.840Z]      98% complete.
[2024-01-22T15:17:01.370Z]      99% complete.
[2024-01-22T15:17:01.370Z]     100% complete.
[2024-01-22T15:17:01.370Z] [VERBOSE] End downloading file (CURL): https://art-bobcat.autodesk.com:443/artifactory/team-mayausd-post-generic/post/MayaUSD/cuts/COTD/osx/2024-01-17-09-03/MayaUSD_0.27.0_Maya2025_OSX_RelWithDebInfo_202401170904_0df9fb5_cut.zip
[2024-01-22T15:17:01.370Z] Extracting MayaUSD_0.27.0_Maya2025_OSX_RelWithDebInfo_202401170904_0df9fb5_cut.zip to /local/S/jenkins/workspace/shared/Artifactory/OSX/tmp/tmpg37oaoyt
[2024-01-22T15:17:03.146Z] Installing on /local/S/jenkins/workspace/shared/Artifactory/OSX/mayausd-cotd/202401170904/runtime/5c19b81
[2024-01-22T15:17:03.146Z] 
[2024-01-22T15:17:03.146Z] ================================================================================
[2024-01-22T15:17:03.146Z]                              setup (RelWithDebInfo)
[2024-01-22T15:17:03.146Z] ================================================================================
[2024-01-22T15:17:03.146Z] Installing license file 'melicense.lic'.
[Pipeline] }
[Pipeline] // withEnv
[Pipeline] }
[Pipeline] // timeout
[Pipeline] }
[Pipeline] // stage
[Pipeline] }
[Pipeline] // timestamps
[Pipeline] timestamps
[Pipeline] {
[Pipeline] stage
[Pipeline] { (Clean)
[Pipeline] timeout
[2024-01-22T15:17:03.511Z] Timeout set to expire in 6 hr 0 min
[Pipeline] {
[Pipeline] withEnv
[Pipeline] {
[Pipeline] sh
[2024-01-22T15:17:04.792Z] + python ecg-maya-hydra/build.py --stages=clean --workspace-dir=/local/S/jenkins/workspace/ECP/ecg-maya-hydra/ecg-maya-hydra-branch-preflight-python3-osx --artifactory-dir=/local/S/jenkins/workspace/shared/Artifactory --build-dir=/local/S/jenkins/workspace/ECP/ecg-maya-hydra/ecg-maya-hydra-branch-preflight-python3-osx/build --install-dir=/local/S/jenkins/workspace/ECP/ecg-maya-hydra/ecg-maya-hydra-branch-preflight-python3-osx/install --signing-dir=/local/S/jenkins/workspace/ECP/ecg-maya-hydra/ecg-maya-hydra-branch-preflight-python3-osx/signing --package-dir=/local/S/jenkins/workspace/ECP/ecg-maya-hydra/ecg-maya-hydra-branch-preflight-python3-osx/package --output-dir=/local/S/jenkins/workspace/ECP/ecg-maya-hydra/ecg-maya-hydra-branch-preflight-python3-osx/output --stash-dir=/local/S/jenkins/workspace/ECP/ecg-maya-hydra/ecg-maya-hydra-branch-preflight-python3-osx/stash --jenkins-build=473 --git-commit=0c7d8f1b3a4881bdf400abaaca831479f732cebc --git-branch=master --variants=Debug --interactive-tests=false --post-zips=false --osx-binary-architecture-target=ub2 --osx-deployment-target=11.0 --osx-base-sdk=CurrentActiveSDK --maya-cut-config=maya-rundev-master-debug.yaml --maya-package=rundev-master-debug --stage-banner
[2024-01-22T15:17:04.792Z] config_file /Volumes/DATA/local/S/jenkins/workspace/ECP/ecg-maya-hydra/ecg-maya-hydra-branch-preflight-python3-osx/ecg-maya-hydra/maya-rundev-master-debug.yaml
[2024-01-22T15:17:04.792Z] Using Maya cut from /local/S/jenkins/workspace/shared/Artifactory/OSX/rundev-master-debug/202401211143/runtime/9cdf1d1/runTime
[2024-01-22T15:17:04.792Z] Using Maya ADSK Signatures from /local/S/jenkins/workspace/shared/Artifactory/OSX/adsk-plugin-signatures-maya/2023/3ae1ae7
[2024-01-22T15:17:04.792Z] Using Maya Security Library from /local/S/jenkins/workspace/shared/Artifactory/OSX/maya-security-library/3.4.0/5e08f3e
[2024-01-22T15:17:04.792Z] 
[2024-01-22T15:17:04.792Z] ================================================================================
[2024-01-22T15:17:04.792Z]                                  clean (Debug)
[2024-01-22T15:17:04.792Z] ================================================================================
[2024-01-22T15:17:04.792Z] Maya Python Debug Info:
[2024-01-22T15:17:04.792Z]   mayapy executable   = /local/S/jenkins/workspace/shared/Artifactory/OSX/rundev-master-debug/202401211143/runtime/9cdf1d1/runTime/Maya.app/Contents/bin/mayapy
[2024-01-22T15:17:04.792Z]   Include Folder      = /local/S/jenkins/workspace/shared/Artifactory/OSX/rundev-master-debug/202401211143/runtime/9cdf1d1/runTime/Maya.app/Contents/Frameworks/Python.framework/Versions/Current/include/python3.11
[2024-01-22T15:17:04.792Z]   Library             = /local/S/jenkins/workspace/shared/Artifactory/OSX/rundev-master-debug/202401211143/runtime/9cdf1d1/runTime/Maya.app/Contents/Frameworks/Python.framework/Versions/Current/lib/libpython3.11.dylib
[2024-01-22T15:17:04.792Z]   site-package Folder = /local/S/jenkins/workspace/shared/Artifactory/OSX/rundev-master-debug/202401211143/runtime/9cdf1d1/runTime/Maya.app/Contents/Frameworks/Python.framework/Versions/Current/lib/python3.11/site-packages
[2024-01-22T15:17:27.024Z] Adding Python package requirements: ['/local/S/jenkins/workspace/shared/Artifactory/OSX/rundev-master-debug/202401211143/runtime/9cdf1d1/runTime/Maya.app/Contents/bin/mayapy', '-m', 'pip', 'install', '-t', '/local/S/jenkins/workspace/shared/Artifactory/OSX/rundev-master-debug/202401211143/runtime/9cdf1d1/runTime/Maya.app/Contents/Frameworks/Python.framework/Versions/Current/lib/python3.11/site-packages', '-r', 'python_requirements.txt']
[2024-01-22T15:17:27.024Z] In workdir: /Volumes/DATA/local/S/jenkins/workspace/ECP/ecg-maya-hydra/ecg-maya-hydra-branch-preflight-python3-osx/ecg-maya-hydra/maya-hydra
[2024-01-22T15:17:27.024Z] Executing: arch -arch arm64 /local/S/jenkins/workspace/shared/Artifactory/OSX/rundev-master-debug/202401211143/runtime/9cdf1d1/runTime/Maya.app/Contents/bin/mayapy /Volumes/DATA/local/S/jenkins/workspace/ECP/ecg-maya-hydra/ecg-maya-hydra-branch-preflight-python3-osx/ecg-maya-hydra/maya-hydra/build.py --generator Ninja --build-debug --maya-location /local/S/jenkins/workspace/shared/Artifactory/OSX/rundev-master-debug/202401211143/runtime/9cdf1d1/runTime --devkit-location /local/S/jenkins/workspace/shared/Artifactory/OSX/rundev-master-debug/202401211143/runtime/9cdf1d1/devkitBase --pxrusd-location /local/S/jenkins/workspace/shared/Artifactory/OSX/USD/ca7f6ed --build-args=-DCMAKE_MAKE_PROGRAM=/local/S/jenkins/workspace/shared/Artifactory/OSX/ninja/1.10.2/95d0ca5/ninja,-DPYTHON_INCLUDE_DIR=/local/S/jenkins/workspace/shared/Artifactory/OSX/rundev-master-debug/202401211143/runtime/9cdf1d1/runTime/Maya.app/Contents/Frameworks/Python.framework/Versions/Current/include/python3.11,-DPython_EXECUTABLE=/local/S/jenkins/workspace/shared/Artifactory/OSX/rundev-master-debug/202401211143/runtime/9cdf1d1/runTime/Maya.app/Contents/bin/mayapy,-DPYTHON_LIBRARIES=/local/S/jenkins/workspace/shared/Artifactory/OSX/rundev-master-debug/202401211143/runtime/9cdf1d1/runTime/Maya.app/Contents/Frameworks/Python.framework/Versions/Current/lib/libpython3.11.dylib,-DBUILD_WITH_PYTHON_3_VERSION=3.11,-DBUILD_UB2=ON,-DCMAKE_WANT_MATERIALX_BUILD=ON,-DCMAKE_PREFIX_PATH=/local/S/jenkins/workspace/shared/Artifactory/OSX/USD/ca7f6ed,-DMAYAHYDRA_BUILD_NUMBER=473,-DMAYAHYDRA_GIT_COMMIT=0c7d8f1b3a4881bdf400abaaca831479f732cebc,-DMAYAHYDRA_GIT_BRANCH=master,-DMAYAUSD_LOCATION=/local/S/jenkins/workspace/shared/Artifactory/OSX/mayausd-cotd-debug/202401170904/runtime/d26f121/mayausd '--ctest-args=-LE interactive,--parallel 8' --stages=clean --redirect-outstream-file=False --install-location /local/S/jenkins/workspace/ECP/ecg-maya-hydra/ecg-maya-hydra-branch-preflight-python3-osx/install/Debug/MayaHydra /local/S/jenkins/workspace/ECP/ecg-maya-hydra/ecg-maya-hydra-branch-preflight-python3-osx
[2024-01-22T15:17:27.024Z] Modified environment variables:
[2024-01-22T15:17:27.024Z]     PATH=/local/S/jenkins/workspace/shared/Artifactory/OSX/cmake/3.20.3/2594509/bin:/opt/homebrew/bin:/usr/local/bin:/bin:/usr/sbin:/sbin:/usr/bin:/usr/bin:/bin:/usr/sbin:/sbin
[2024-01-22T15:17:27.552Z]     
[2024-01-22T15:17:27.552Z]         Building with settings:
[2024-01-22T15:17:27.552Z]           Source directory          /Volumes/DATA/local/S/jenkins/workspace/ECP/ecg-maya-hydra/ecg-maya-hydra-branch-preflight-python3-osx/ecg-maya-hydra/maya-hydra
[2024-01-22T15:17:27.552Z]           Workspace directory       /local/S/jenkins/workspace/ECP/ecg-maya-hydra/ecg-maya-hydra-branch-preflight-python3-osx
[2024-01-22T15:17:27.552Z]           Build directory           /local/S/jenkins/workspace/ECP/ecg-maya-hydra/ecg-maya-hydra-branch-preflight-python3-osx/build/Debug
[2024-01-22T15:17:27.552Z]           Install directory         /local/S/jenkins/workspace/ECP/ecg-maya-hydra/ecg-maya-hydra-branch-preflight-python3-osx/install/Debug/MayaHydra
[2024-01-22T15:17:27.552Z]           Variant                   Debug
[2024-01-22T15:17:27.552Z]           Python Debug              Off
[2024-01-22T15:17:27.552Z]           CMake generator           Ninja
[2024-01-22T15:17:27.552Z]           Build arguments           ['-DCMAKE_MAKE_PROGRAM=/local/S/jenkins/workspace/shared/Artifactory/OSX/ninja/1.10.2/95d0ca5/ninja', '-DPYTHON_INCLUDE_DIR=/local/S/jenkins/workspace/shared/Artifactory/OSX/rundev-master-debug/202401211143/runtime/9cdf1d1/runTime/Maya.app/Contents/Frameworks/Python.framework/Versions/Current/include/python3.11', '-DPython_EXECUTABLE=/local/S/jenkins/workspace/shared/Artifactory/OSX/rundev-master-debug/202401211143/runtime/9cdf1d1/runTime/Maya.app/Contents/bin/mayapy', '-DPYTHON_LIBRARIES=/local/S/jenkins/workspace/shared/Artifactory/OSX/rundev-master-debug/202401211143/runtime/9cdf1d1/runTime/Maya.app/Contents/Frameworks/Python.framework/Versions/Current/lib/libpython3.11.dylib', '-DBUILD_WITH_PYTHON_3_VERSION=3.11', '-DBUILD_UB2=ON', '-DCMAKE_WANT_MATERIALX_BUILD=ON', '-DCMAKE_PREFIX_PATH=/local/S/jenkins/workspace/shared/Artifactory/OSX/USD/ca7f6ed', '-DMAYAHYDRA_BUILD_NUMBER=473', '-DMAYAHYDRA_GIT_COMMIT=0c7d8f1b3a4881bdf400abaaca831479f732cebc', '-DMAYAHYDRA_GIT_BRANCH=master', '-DMAYAUSD_LOCATION=/local/S/jenkins/workspace/shared/Artifactory/OSX/mayausd-cotd-debug/202401170904/runtime/d26f121/mayausd']
[2024-01-22T15:17:27.552Z]           Stages arguments          ['clean']
[2024-01-22T15:17:27.552Z]           CTest arguments           ['-LE interactive', '--parallel 8']
[2024-01-22T15:17:27.552Z]     Success MayaHydra build and install !!!!
[2024-01-22T15:17:27.552Z]     Elapsed time: 00:00:00
[Pipeline] sh
[2024-01-22T15:17:28.854Z] + python ecg-maya-hydra/build.py --stages=clean --workspace-dir=/local/S/jenkins/workspace/ECP/ecg-maya-hydra/ecg-maya-hydra-branch-preflight-python3-osx --artifactory-dir=/local/S/jenkins/workspace/shared/Artifactory --build-dir=/local/S/jenkins/workspace/ECP/ecg-maya-hydra/ecg-maya-hydra-branch-preflight-python3-osx/build --install-dir=/local/S/jenkins/workspace/ECP/ecg-maya-hydra/ecg-maya-hydra-branch-preflight-python3-osx/install --signing-dir=/local/S/jenkins/workspace/ECP/ecg-maya-hydra/ecg-maya-hydra-branch-preflight-python3-osx/signing --package-dir=/local/S/jenkins/workspace/ECP/ecg-maya-hydra/ecg-maya-hydra-branch-preflight-python3-osx/package --output-dir=/local/S/jenkins/workspace/ECP/ecg-maya-hydra/ecg-maya-hydra-branch-preflight-python3-osx/output --stash-dir=/local/S/jenkins/workspace/ECP/ecg-maya-hydra/ecg-maya-hydra-branch-preflight-python3-osx/stash --jenkins-build=473 --git-commit=0c7d8f1b3a4881bdf400abaaca831479f732cebc --git-branch=master --variants=RelWithDebInfo --interactive-tests=false --post-zips=false --osx-binary-architecture-target=ub2 --osx-deployment-target=11.0 --osx-base-sdk=CurrentActiveSDK --maya-cut-config=maya-rundev-master.yaml --maya-package=rundev-master --stage-banner
[2024-01-22T15:17:28.854Z] config_file /Volumes/DATA/local/S/jenkins/workspace/ECP/ecg-maya-hydra/ecg-maya-hydra-branch-preflight-python3-osx/ecg-maya-hydra/maya-rundev-master.yaml
[2024-01-22T15:17:28.854Z] Using Maya cut from /local/S/jenkins/workspace/shared/Artifactory/OSX/rundev-master/202401211143/runtime/6544166/runTime
[2024-01-22T15:17:28.854Z] Using Maya ADSK Signatures from /local/S/jenkins/workspace/shared/Artifactory/OSX/adsk-plugin-signatures-maya/2023/3ae1ae7
[2024-01-22T15:17:28.854Z] Using Maya Security Library from /local/S/jenkins/workspace/shared/Artifactory/OSX/maya-security-library/3.4.0/5e08f3e
[2024-01-22T15:17:28.854Z] 
[2024-01-22T15:17:28.854Z] ================================================================================
[2024-01-22T15:17:28.854Z]                              clean (RelWithDebInfo)
[2024-01-22T15:17:28.854Z] ================================================================================
[2024-01-22T15:17:28.854Z] Maya Python RelWithDebInfo Info:
[2024-01-22T15:17:28.854Z]   mayapy executable   = /local/S/jenkins/workspace/shared/Artifactory/OSX/rundev-master/202401211143/runtime/6544166/runTime/Maya.app/Contents/bin/mayapy
[2024-01-22T15:17:28.854Z]   Include Folder      = /local/S/jenkins/workspace/shared/Artifactory/OSX/rundev-master/202401211143/runtime/6544166/runTime/Maya.app/Contents/Frameworks/Python.framework/Versions/Current/include/python3.11
[2024-01-22T15:17:28.854Z]   Library             = /local/S/jenkins/workspace/shared/Artifactory/OSX/rundev-master/202401211143/runtime/6544166/runTime/Maya.app/Contents/Frameworks/Python.framework/Versions/Current/lib/libpython3.11.dylib
[2024-01-22T15:17:28.854Z]   site-package Folder = /local/S/jenkins/workspace/shared/Artifactory/OSX/rundev-master/202401211143/runtime/6544166/runTime/Maya.app/Contents/Frameworks/Python.framework/Versions/Current/lib/python3.11/site-packages
[2024-01-22T15:17:44.580Z] Adding Python package requirements: ['/local/S/jenkins/workspace/shared/Artifactory/OSX/rundev-master/202401211143/runtime/6544166/runTime/Maya.app/Contents/bin/mayapy', '-m', 'pip', 'install', '-t', '/local/S/jenkins/workspace/shared/Artifactory/OSX/rundev-master/202401211143/runtime/6544166/runTime/Maya.app/Contents/Frameworks/Python.framework/Versions/Current/lib/python3.11/site-packages', '-r', 'python_requirements.txt']
[2024-01-22T15:17:44.580Z] In workdir: /Volumes/DATA/local/S/jenkins/workspace/ECP/ecg-maya-hydra/ecg-maya-hydra-branch-preflight-python3-osx/ecg-maya-hydra/maya-hydra
[2024-01-22T15:17:44.580Z] Executing: arch -arch arm64 /local/S/jenkins/workspace/shared/Artifactory/OSX/rundev-master/202401211143/runtime/6544166/runTime/Maya.app/Contents/bin/mayapy /Volumes/DATA/local/S/jenkins/workspace/ECP/ecg-maya-hydra/ecg-maya-hydra-branch-preflight-python3-osx/ecg-maya-hydra/maya-hydra/build.py --generator Ninja --build-relwithdebug --maya-location /local/S/jenkins/workspace/shared/Artifactory/OSX/rundev-master/202401211143/runtime/6544166/runTime --devkit-location /local/S/jenkins/workspace/shared/Artifactory/OSX/rundev-master/202401211143/runtime/6544166/devkitBase --pxrusd-location /local/S/jenkins/workspace/shared/Artifactory/OSX/USD/8270819 --build-args=-DCMAKE_MAKE_PROGRAM=/local/S/jenkins/workspace/shared/Artifactory/OSX/ninja/1.10.2/95d0ca5/ninja,-DPYTHON_INCLUDE_DIR=/local/S/jenkins/workspace/shared/Artifactory/OSX/rundev-master/202401211143/runtime/6544166/runTime/Maya.app/Contents/Frameworks/Python.framework/Versions/Current/include/python3.11,-DPython_EXECUTABLE=/local/S/jenkins/workspace/shared/Artifactory/OSX/rundev-master/202401211143/runtime/6544166/runTime/Maya.app/Contents/bin/mayapy,-DPYTHON_LIBRARIES=/local/S/jenkins/workspace/shared/Artifactory/OSX/rundev-master/202401211143/runtime/6544166/runTime/Maya.app/Contents/Frameworks/Python.framework/Versions/Current/lib/libpython3.11.dylib,-DBUILD_WITH_PYTHON_3_VERSION=3.11,-DBUILD_UB2=ON,-DCMAKE_WANT_MATERIALX_BUILD=ON,-DCMAKE_PREFIX_PATH=/local/S/jenkins/workspace/shared/Artifactory/OSX/USD/8270819,-DMAYAHYDRA_BUILD_NUMBER=473,-DMAYAHYDRA_GIT_COMMIT=0c7d8f1b3a4881bdf400abaaca831479f732cebc,-DMAYAHYDRA_GIT_BRANCH=master,-DMAYAUSD_LOCATION=/local/S/jenkins/workspace/shared/Artifactory/OSX/mayausd-cotd/202401170904/runtime/5c19b81/mayausd '--ctest-args=-LE interactive,--parallel 8' --stages=clean --redirect-outstream-file=False --install-location /local/S/jenkins/workspace/ECP/ecg-maya-hydra/ecg-maya-hydra-branch-preflight-python3-osx/install/RelWithDebInfo/MayaHydra /local/S/jenkins/workspace/ECP/ecg-maya-hydra/ecg-maya-hydra-branch-preflight-python3-osx
[2024-01-22T15:17:44.580Z] Modified environment variables:
[2024-01-22T15:17:44.580Z]     PATH=/local/S/jenkins/workspace/shared/Artifactory/OSX/cmake/3.20.3/2594509/bin:/opt/homebrew/bin:/usr/local/bin:/bin:/usr/sbin:/sbin:/usr/bin:/usr/bin:/bin:/usr/sbin:/sbin
[2024-01-22T15:17:45.120Z]     
[2024-01-22T15:17:45.120Z]         Building with settings:
[2024-01-22T15:17:45.120Z]           Source directory          /Volumes/DATA/local/S/jenkins/workspace/ECP/ecg-maya-hydra/ecg-maya-hydra-branch-preflight-python3-osx/ecg-maya-hydra/maya-hydra
[2024-01-22T15:17:45.120Z]           Workspace directory       /local/S/jenkins/workspace/ECP/ecg-maya-hydra/ecg-maya-hydra-branch-preflight-python3-osx
[2024-01-22T15:17:45.120Z]           Build directory           /local/S/jenkins/workspace/ECP/ecg-maya-hydra/ecg-maya-hydra-branch-preflight-python3-osx/build/RelWithDebInfo
[2024-01-22T15:17:45.120Z]           Install directory         /local/S/jenkins/workspace/ECP/ecg-maya-hydra/ecg-maya-hydra-branch-preflight-python3-osx/install/RelWithDebInfo/MayaHydra
[2024-01-22T15:17:45.120Z]           Variant                   RelWithDebInfo
[2024-01-22T15:17:45.120Z]           Python Debug              Off
[2024-01-22T15:17:45.120Z]           CMake generator           Ninja
[2024-01-22T15:17:45.120Z]           Build arguments           ['-DCMAKE_MAKE_PROGRAM=/local/S/jenkins/workspace/shared/Artifactory/OSX/ninja/1.10.2/95d0ca5/ninja', '-DPYTHON_INCLUDE_DIR=/local/S/jenkins/workspace/shared/Artifactory/OSX/rundev-master/202401211143/runtime/6544166/runTime/Maya.app/Contents/Frameworks/Python.framework/Versions/Current/include/python3.11', '-DPython_EXECUTABLE=/local/S/jenkins/workspace/shared/Artifactory/OSX/rundev-master/202401211143/runtime/6544166/runTime/Maya.app/Contents/bin/mayapy', '-DPYTHON_LIBRARIES=/local/S/jenkins/workspace/shared/Artifactory/OSX/rundev-master/202401211143/runtime/6544166/runTime/Maya.app/Contents/Frameworks/Python.framework/Versions/Current/lib/libpython3.11.dylib', '-DBUILD_WITH_PYTHON_3_VERSION=3.11', '-DBUILD_UB2=ON', '-DCMAKE_WANT_MATERIALX_BUILD=ON', '-DCMAKE_PREFIX_PATH=/local/S/jenkins/workspace/shared/Artifactory/OSX/USD/8270819', '-DMAYAHYDRA_BUILD_NUMBER=473', '-DMAYAHYDRA_GIT_COMMIT=0c7d8f1b3a4881bdf400abaaca831479f732cebc', '-DMAYAHYDRA_GIT_BRANCH=master', '-DMAYAUSD_LOCATION=/local/S/jenkins/workspace/shared/Artifactory/OSX/mayausd-cotd/202401170904/runtime/5c19b81/mayausd']
[2024-01-22T15:17:45.120Z]           Stages arguments          ['clean']
[2024-01-22T15:17:45.120Z]           CTest arguments           ['-LE interactive', '--parallel 8']
[2024-01-22T15:17:45.120Z]     Success MayaHydra build and install !!!!
[2024-01-22T15:17:45.120Z]     Elapsed time: 00:00:00
[Pipeline] }
[Pipeline] // withEnv
[Pipeline] }
[Pipeline] // timeout
[Pipeline] }
[Pipeline] // stage
[Pipeline] }
[Pipeline] // timestamps
[Pipeline] timestamps
[Pipeline] {
[Pipeline] stage
[Pipeline] { (Configure)
[Pipeline] timeout
[2024-01-22T15:17:45.505Z] Timeout set to expire in 6 hr 0 min
[Pipeline] {
[Pipeline] withEnv
[Pipeline] {
[Pipeline] sh
[2024-01-22T15:17:46.608Z] + python ecg-maya-hydra/build.py --stages=configure --workspace-dir=/local/S/jenkins/workspace/ECP/ecg-maya-hydra/ecg-maya-hydra-branch-preflight-python3-osx --artifactory-dir=/local/S/jenkins/workspace/shared/Artifactory --build-dir=/local/S/jenkins/workspace/ECP/ecg-maya-hydra/ecg-maya-hydra-branch-preflight-python3-osx/build --install-dir=/local/S/jenkins/workspace/ECP/ecg-maya-hydra/ecg-maya-hydra-branch-preflight-python3-osx/install --signing-dir=/local/S/jenkins/workspace/ECP/ecg-maya-hydra/ecg-maya-hydra-branch-preflight-python3-osx/signing --package-dir=/local/S/jenkins/workspace/ECP/ecg-maya-hydra/ecg-maya-hydra-branch-preflight-python3-osx/package --output-dir=/local/S/jenkins/workspace/ECP/ecg-maya-hydra/ecg-maya-hydra-branch-preflight-python3-osx/output --stash-dir=/local/S/jenkins/workspace/ECP/ecg-maya-hydra/ecg-maya-hydra-branch-preflight-python3-osx/stash --jenkins-build=473 --git-commit=0c7d8f1b3a4881bdf400abaaca831479f732cebc --git-branch=master --variants=Debug --interactive-tests=false --post-zips=false --osx-binary-architecture-target=ub2 --osx-deployment-target=11.0 --osx-base-sdk=CurrentActiveSDK --maya-cut-config=maya-rundev-master-debug.yaml --maya-package=rundev-master-debug --stage-banner
[2024-01-22T15:17:46.608Z] config_file /Volumes/DATA/local/S/jenkins/workspace/ECP/ecg-maya-hydra/ecg-maya-hydra-branch-preflight-python3-osx/ecg-maya-hydra/maya-rundev-master-debug.yaml
[2024-01-22T15:17:46.608Z] Using Maya cut from /local/S/jenkins/workspace/shared/Artifactory/OSX/rundev-master-debug/202401211143/runtime/9cdf1d1/runTime
[2024-01-22T15:17:46.608Z] Using Maya ADSK Signatures from /local/S/jenkins/workspace/shared/Artifactory/OSX/adsk-plugin-signatures-maya/2023/3ae1ae7
[2024-01-22T15:17:46.608Z] Using Maya Security Library from /local/S/jenkins/workspace/shared/Artifactory/OSX/maya-security-library/3.4.0/5e08f3e
[2024-01-22T15:17:46.608Z] 
[2024-01-22T15:17:46.608Z] ================================================================================
[2024-01-22T15:17:46.608Z]                                configure (Debug)
[2024-01-22T15:17:46.608Z] ================================================================================
[2024-01-22T15:17:46.608Z] Maya Python Debug Info:
[2024-01-22T15:17:46.608Z]   mayapy executable   = /local/S/jenkins/workspace/shared/Artifactory/OSX/rundev-master-debug/202401211143/runtime/9cdf1d1/runTime/Maya.app/Contents/bin/mayapy
[2024-01-22T15:17:46.608Z]   Include Folder      = /local/S/jenkins/workspace/shared/Artifactory/OSX/rundev-master-debug/202401211143/runtime/9cdf1d1/runTime/Maya.app/Contents/Frameworks/Python.framework/Versions/Current/include/python3.11
[2024-01-22T15:17:46.608Z]   Library             = /local/S/jenkins/workspace/shared/Artifactory/OSX/rundev-master-debug/202401211143/runtime/9cdf1d1/runTime/Maya.app/Contents/Frameworks/Python.framework/Versions/Current/lib/libpython3.11.dylib
[2024-01-22T15:17:46.608Z]   site-package Folder = /local/S/jenkins/workspace/shared/Artifactory/OSX/rundev-master-debug/202401211143/runtime/9cdf1d1/runTime/Maya.app/Contents/Frameworks/Python.framework/Versions/Current/lib/python3.11/site-packages
[2024-01-22T15:17:47.133Z] In workdir: /Volumes/DATA/local/S/jenkins/workspace/ECP/ecg-maya-hydra/ecg-maya-hydra-branch-preflight-python3-osx/ecg-maya-hydra/maya-hydra
[2024-01-22T15:17:47.133Z] Executing: arch -arch arm64 /local/S/jenkins/workspace/shared/Artifactory/OSX/rundev-master-debug/202401211143/runtime/9cdf1d1/runTime/Maya.app/Contents/bin/mayapy /Volumes/DATA/local/S/jenkins/workspace/ECP/ecg-maya-hydra/ecg-maya-hydra-branch-preflight-python3-osx/ecg-maya-hydra/maya-hydra/build.py --generator Ninja --build-debug --maya-location /local/S/jenkins/workspace/shared/Artifactory/OSX/rundev-master-debug/202401211143/runtime/9cdf1d1/runTime --devkit-location /local/S/jenkins/workspace/shared/Artifactory/OSX/rundev-master-debug/202401211143/runtime/9cdf1d1/devkitBase --pxrusd-location /local/S/jenkins/workspace/shared/Artifactory/OSX/USD/ca7f6ed --build-args=-DCMAKE_MAKE_PROGRAM=/local/S/jenkins/workspace/shared/Artifactory/OSX/ninja/1.10.2/95d0ca5/ninja,-DPYTHON_INCLUDE_DIR=/local/S/jenkins/workspace/shared/Artifactory/OSX/rundev-master-debug/202401211143/runtime/9cdf1d1/runTime/Maya.app/Contents/Frameworks/Python.framework/Versions/Current/include/python3.11,-DPython_EXECUTABLE=/local/S/jenkins/workspace/shared/Artifactory/OSX/rundev-master-debug/202401211143/runtime/9cdf1d1/runTime/Maya.app/Contents/bin/mayapy,-DPYTHON_LIBRARIES=/local/S/jenkins/workspace/shared/Artifactory/OSX/rundev-master-debug/202401211143/runtime/9cdf1d1/runTime/Maya.app/Contents/Frameworks/Python.framework/Versions/Current/lib/libpython3.11.dylib,-DBUILD_WITH_PYTHON_3_VERSION=3.11,-DBUILD_UB2=ON,-DCMAKE_WANT_MATERIALX_BUILD=ON,-DCMAKE_PREFIX_PATH=/local/S/jenkins/workspace/shared/Artifactory/OSX/USD/ca7f6ed,-DMAYAHYDRA_BUILD_NUMBER=473,-DMAYAHYDRA_GIT_COMMIT=0c7d8f1b3a4881bdf400abaaca831479f732cebc,-DMAYAHYDRA_GIT_BRANCH=master,-DMAYAUSD_LOCATION=/local/S/jenkins/workspace/shared/Artifactory/OSX/mayausd-cotd-debug/202401170904/runtime/d26f121/mayausd '--ctest-args=-LE interactive,--parallel 8' --stages=configure --redirect-outstream-file=False --install-location /local/S/jenkins/workspace/ECP/ecg-maya-hydra/ecg-maya-hydra-branch-preflight-python3-osx/install/Debug/MayaHydra /local/S/jenkins/workspace/ECP/ecg-maya-hydra/ecg-maya-hydra-branch-preflight-python3-osx
[2024-01-22T15:17:47.133Z] Modified environment variables:
[2024-01-22T15:17:47.133Z]     PATH=/local/S/jenkins/workspace/shared/Artifactory/OSX/cmake/3.20.3/2594509/bin:/opt/homebrew/bin:/usr/local/bin:/bin:/usr/sbin:/sbin:/usr/bin:/usr/bin:/bin:/usr/sbin:/sbin
[2024-01-22T15:17:58.256Z]     -- The C compiler identification is AppleClang 13.1.6.13160021
[2024-01-22T15:17:58.256Z]     -- The CXX compiler identification is AppleClang 13.1.6.13160021
[2024-01-22T15:17:58.256Z]     -- Detecting C compiler ABI info
[2024-01-22T15:17:58.256Z]     -- Detecting C compiler ABI info - done
[2024-01-22T15:17:58.256Z]     -- Check for working C compiler: /Applications/Xcode.app/Contents/Developer/Toolchains/XcodeDefault.xctoolchain/usr/bin/cc - skipped
[2024-01-22T15:17:58.256Z]     -- Detecting C compile features
[2024-01-22T15:17:58.256Z]     -- Detecting C compile features - done
[2024-01-22T15:17:58.256Z]     -- Detecting CXX compiler ABI info
[2024-01-22T15:17:58.256Z]     -- Detecting CXX compiler ABI info - done
[2024-01-22T15:17:58.256Z]     -- Check for working CXX compiler: /Applications/Xcode.app/Contents/Developer/Toolchains/XcodeDefault.xctoolchain/usr/bin/c++ - skipped
[2024-01-22T15:17:58.256Z]     -- Detecting CXX compile features
[2024-01-22T15:17:58.256Z]     -- Detecting CXX compile features - done
[2024-01-22T15:17:58.256Z]     -- Building with Universal Binary 2
[2024-01-22T15:17:59.404Z]     -- Using Maya Light API Version 3
[2024-01-22T15:17:59.404Z]     -- Maya has setDefaultMaterialHandling API
[2024-01-22T15:17:59.404Z]     -- Maya has new point snapping API
[2024-01-22T15:17:59.404Z]     -- Maya has isInCrashHandler API
[2024-01-22T15:17:59.404Z]     -- Maya has getDisplayStyleOfAllViewports API
[2024-01-22T15:17:59.404Z]     -- Maya array iterator has difference_type trait
[2024-01-22T15:17:59.404Z]     -- MFnSet has getMemberPaths function
[2024-01-22T15:17:59.404Z]     -- MFnDisplayLayer exists
[2024-01-22T15:17:59.404Z]     -- MDisplayLayerMessage has MDisplayLayerMemberChangedFunction
[2024-01-22T15:17:59.404Z]     -- MRenderItem has HideOnPlayback API
[2024-01-22T15:17:59.404Z]     -- MacOSX: Maya was built with Universal Binary 2 (x86_64/arm64)
[2024-01-22T15:17:59.404Z]     -- Found Maya: /local/S/jenkins/workspace/shared/Artifactory/OSX/rundev-master-debug/202401211143/runtime/9cdf1d1/runTime/maya.app/Contents/MacOS/Maya (found suitable version "2025", minimum required is "2024")
[2024-01-22T15:17:59.404Z]     -- Found Python: /local/S/jenkins/workspace/shared/Artifactory/OSX/rundev-master-debug/202401211143/runtime/9cdf1d1/runTime/Maya.app/Contents/bin/mayapy (found suitable exact version "3.11.4") found components: Interpreter
[2024-01-22T15:17:59.404Z]     -- Build mayaHydra with Python3 = 3.11
[2024-01-22T15:17:59.404Z]     --    PYTHON_INCLUDE_DIRS = /local/S/jenkins/workspace/shared/Artifactory/OSX/rundev-master-debug/202401211143/runtime/9cdf1d1/runTime/Maya.app/Contents/Frameworks/Python.framework/Versions/Current/include/python3.11
[2024-01-22T15:17:59.404Z]     --    PYTHON_LIBRARIES    = /local/S/jenkins/workspace/shared/Artifactory/OSX/rundev-master-debug/202401211143/runtime/9cdf1d1/runTime/Maya.app/Contents/Frameworks/Python.framework/Versions/Current/lib/libpython3.11.dylib
[2024-01-22T15:17:59.404Z]     --    Python_EXECUTABLE   = /local/S/jenkins/workspace/shared/Artifactory/OSX/rundev-master-debug/202401211143/runtime/9cdf1d1/runTime/Maya.app/Contents/bin/mayapy
[2024-01-22T15:17:59.404Z]     -- Found Python3: /local/S/jenkins/workspace/shared/Artifactory/OSX/rundev-master-debug/202401211143/runtime/9cdf1d1/runTime/Maya.app/Contents/Frameworks/Python.framework/Versions/Current/include/python3.11 (found suitable exact version "3.11.4") found components: Development Development.Module Development.Embed
[2024-01-22T15:17:59.404Z]     -- USD has new Sdr.PropertyTypes.Color4
[2024-01-22T15:17:59.404Z]     -- USD has MaterialX metadata support
[2024-01-22T15:17:59.404Z]     -- USD include dir: /local/S/jenkins/workspace/shared/Artifactory/OSX/USD/ca7f6ed/include
[2024-01-22T15:17:59.404Z]     -- USD library dir: /local/S/jenkins/workspace/shared/Artifactory/OSX/USD/ca7f6ed/lib
[2024-01-22T15:17:59.404Z]     -- USD version: 0.23.11
[2024-01-22T15:17:59.404Z]     -- Found USD: /local/S/jenkins/workspace/shared/Artifactory/OSX/USD/ca7f6ed (found suitable version "0.23.11", minimum required is "0.22.11")
[2024-01-22T15:17:59.404Z]     Updated PYTHONPATH: /local/S/jenkins/workspace/shared/Artifactory/OSX/USD/ca7f6ed/lib/python
[2024-01-22T15:17:59.933Z]     -- Found UFE: /local/S/jenkins/workspace/shared/Artifactory/OSX/rundev-master-debug/202401211143/runtime/9cdf1d1/devkitBase/devkit/ufe/include (found version "5.0.0")
[2024-01-22T15:17:59.933Z]     -- UFE include dir: /local/S/jenkins/workspace/shared/Artifactory/OSX/rundev-master-debug/202401211143/runtime/9cdf1d1/devkitBase/devkit/ufe/include
[2024-01-22T15:17:59.933Z]     -- UFE library: /local/S/jenkins/workspace/shared/Artifactory/OSX/rundev-master-debug/202401211143/runtime/9cdf1d1/devkitBase/devkit/ufe/lib/libufe_5.dylib
[2024-01-22T15:17:59.933Z]     -- UFE version: 5.0.0
[2024-01-22T15:17:59.933Z]     -- Maya has UFE lights API
[2024-01-22T15:17:59.933Z]     -- Maya has UFE scene segment API
[2024-01-22T15:17:59.933Z]     -- Maya has UFE TrieNode childrenComponents accessor
[2024-01-22T15:17:59.933Z]     -- Building with UFE 5.0.0.
[2024-01-22T15:17:59.933Z]     CMake Warning (dev) at /Volumes/DATA/local/S/jenkins/workspace/shared/Artifactory/OSX/cmake/3.20.3/2594509/share/cmake-3.20/Modules/FindPackageHandleStandardArgs.cmake:438 (message):
[2024-01-22T15:17:59.933Z]       The package name passed to `find_package_handle_standard_args` (MAYAUSD)
[2024-01-22T15:17:59.933Z]       does not match the name of the calling package (MayaUsd).  This can lead to
[2024-01-22T15:17:59.933Z]       problems in calling code that expects `find_package` result variables
[2024-01-22T15:17:59.933Z]       (e.g., `_FOUND`) to follow a certain pattern.
[2024-01-22T15:17:59.933Z]     Call Stack (most recent call first):
[2024-01-22T15:17:59.933Z]       cmake/modules/FindMayaUsd.cmake:62 (find_package_handle_standard_args)
[2024-01-22T15:17:59.933Z]       CMakeLists.txt:134 (find_package)
[2024-01-22T15:17:59.933Z]     This warning is for project developers.  Use -Wno-dev to suppress it.
[2024-01-22T15:17:59.933Z]     
[2024-01-22T15:17:59.933Z]     -- Could NOT find MAYAUSD (missing: MAYAUSD_INCLUDE_DIR MAYAUSD_LIBRARY_DIR)
[2024-01-22T15:17:59.933Z]     CMake Error at cmake/modules/FindMayaUsd.cmake:86 (message):
[2024-01-22T15:17:59.933Z]       Could not find MayaUsd library and include directories in the folder
[2024-01-22T15:17:59.933Z]       provided :
[2024-01-22T15:17:59.933Z]       /local/S/jenkins/workspace/shared/Artifactory/OSX/mayausd-cotd-debug/202401170904/runtime/d26f121/mayausd
[2024-01-22T15:17:59.933Z]     Call Stack (most recent call first):
[2024-01-22T15:17:59.933Z]       CMakeLists.txt:134 (find_package)
[2024-01-22T15:17:59.933Z]     
[2024-01-22T15:17:59.933Z]     
[2024-01-22T15:17:59.933Z]     -- Configuring incomplete, errors occurred!
[2024-01-22T15:17:59.933Z]     See also "/Volumes/DATA/local/S/jenkins/workspace/ECP/ecg-maya-hydra/ecg-maya-hydra-branch-preflight-python3-osx/build/Debug/CMakeFiles/CMakeOutput.log".
[2024-01-22T15:17:59.933Z]     See also "/Volumes/DATA/local/S/jenkins/workspace/ECP/ecg-maya-hydra/ecg-maya-hydra-branch-preflight-python3-osx/build/Debug/CMakeFiles/CMakeError.log".
[2024-01-22T15:17:59.933Z]     
[2024-01-22T15:17:59.933Z]         Building with settings:
[2024-01-22T15:17:59.933Z]           Source directory          /Volumes/DATA/local/S/jenkins/workspace/ECP/ecg-maya-hydra/ecg-maya-hydra-branch-preflight-python3-osx/ecg-maya-hydra/maya-hydra
[2024-01-22T15:17:59.933Z]           Workspace directory       /local/S/jenkins/workspace/ECP/ecg-maya-hydra/ecg-maya-hydra-branch-preflight-python3-osx
[2024-01-22T15:17:59.933Z]           Build directory           /local/S/jenkins/workspace/ECP/ecg-maya-hydra/ecg-maya-hydra-branch-preflight-python3-osx/build/Debug
[2024-01-22T15:17:59.933Z]           Install directory         /local/S/jenkins/workspace/ECP/ecg-maya-hydra/ecg-maya-hydra-branch-preflight-python3-osx/install/Debug/MayaHydra
[2024-01-22T15:17:59.933Z]           Variant                   Debug
[2024-01-22T15:17:59.933Z]           Python Debug              Off
[2024-01-22T15:17:59.933Z]           CMake generator           Ninja
[2024-01-22T15:17:59.933Z]           Build arguments           ['-DCMAKE_MAKE_PROGRAM=/local/S/jenkins/workspace/shared/Artifactory/OSX/ninja/1.10.2/95d0ca5/ninja', '-DPYTHON_INCLUDE_DIR=/local/S/jenkins/workspace/shared/Artifactory/OSX/rundev-master-debug/202401211143/runtime/9cdf1d1/runTime/Maya.app/Contents/Frameworks/Python.framework/Versions/Current/include/python3.11', '-DPython_EXECUTABLE=/local/S/jenkins/workspace/shared/Artifactory/OSX/rundev-master-debug/202401211143/runtime/9cdf1d1/runTime/Maya.app/Contents/bin/mayapy', '-DPYTHON_LIBRARIES=/local/S/jenkins/workspace/shared/Artifactory/OSX/rundev-master-debug/202401211143/runtime/9cdf1d1/runTime/Maya.app/Contents/Frameworks/Python.framework/Versions/Current/lib/libpython3.11.dylib', '-DBUILD_WITH_PYTHON_3_VERSION=3.11', '-DBUILD_UB2=ON', '-DCMAKE_WANT_MATERIALX_BUILD=ON', '-DCMAKE_PREFIX_PATH=/local/S/jenkins/workspace/shared/Artifactory/OSX/USD/ca7f6ed', '-DMAYAHYDRA_BUILD_NUMBER=473', '-DMAYAHYDRA_GIT_COMMIT=0c7d8f1b3a4881bdf400abaaca831479f732cebc', '-DMAYAHYDRA_GIT_BRANCH=master', '-DMAYAUSD_LOCATION=/local/S/jenkins/workspace/shared/Artifactory/OSX/mayausd-cotd-debug/202401170904/runtime/d26f121/mayausd']
[2024-01-22T15:17:59.933Z]           Stages arguments          ['configure']
[2024-01-22T15:17:59.933Z]           CTest arguments           ['-LE interactive', '--parallel 8']
[2024-01-22T15:17:59.933Z]     STATUS: Could not find Maya Qt6.
[2024-01-22T15:17:59.933Z]     STATUS:   Extracting '/local/S/jenkins/workspace/shared/Artifactory/OSX/rundev-master-debug/202401211143/runtime/9cdf1d1/devkitBase/Qt.tgz' to '/local/S/jenkins/workspace/shared/Artifactory/OSX/rundev-master-debug/202401211143/runtime/9cdf1d1/devkitBase'
[2024-01-22T15:17:59.933Z]     #####################################################################################
[2024-01-22T15:17:59.933Z]     log date: 2024-01-22 07:17
[2024-01-22T15:17:59.933Z]     commit sha: e02e920828026e6be54518f4e21fa89b15269348
[2024-01-22T15:17:59.933Z]     commit date: Mon Jan 22 06:39:06 2024 -0800
[2024-01-22T15:17:59.933Z]     #####################################################################################
[2024-01-22T15:17:59.933Z]     
[2024-01-22T15:17:59.933Z]     cmake -DCMAKE_INSTALL_PREFIX="/local/S/jenkins/workspace/ECP/ecg-maya-hydra/ecg-maya-hydra-branch-preflight-python3-osx/install/Debug/MayaHydra" -DCMAKE_BUILD_TYPE=Debug -DCMAKE_EXPORT_COMPILE_COMMANDS=ON -G "Ninja" -DMAYA_LOCATION="/local/S/jenkins/workspace/shared/Artifactory/OSX/rundev-master-debug/202401211143/runtime/9cdf1d1/runTime" -DPXR_USD_LOCATION="/local/S/jenkins/workspace/shared/Artifactory/OSX/USD/ca7f6ed" -DMAYA_DEVKIT_LOCATION="/local/S/jenkins/workspace/shared/Artifactory/OSX/rundev-master-debug/202401211143/runtime/9cdf1d1/devkitBase" -DCMAKE_MAKE_PROGRAM=/local/S/jenkins/workspace/shared/Artifactory/OSX/ninja/1.10.2/95d0ca5/ninja -DPYTHON_INCLUDE_DIR=/local/S/jenkins/workspace/shared/Artifactory/OSX/rundev-master-debug/202401211143/runtime/9cdf1d1/runTime/Maya.app/Contents/Frameworks/Python.framework/Versions/Current/include/python3.11 -DPython_EXECUTABLE=/local/S/jenkins/workspace/shared/Artifactory/OSX/rundev-master-debug/202401211143/runtime/9cdf1d1/runTime/Maya.app/Contents/bin/mayapy -DPYTHON_LIBRARIES=/local/S/jenkins/workspace/shared/Artifactory/OSX/rundev-master-debug/202401211143/runtime/9cdf1d1/runTime/Maya.app/Contents/Frameworks/Python.framework/Versions/Current/lib/libpython3.11.dylib -DBUILD_WITH_PYTHON_3_VERSION=3.11 -DBUILD_UB2=ON -DCMAKE_WANT_MATERIALX_BUILD=ON -DCMAKE_PREFIX_PATH=/local/S/jenkins/workspace/shared/Artifactory/OSX/USD/ca7f6ed -DMAYAHYDRA_BUILD_NUMBER=473 -DMAYAHYDRA_GIT_COMMIT=0c7d8f1b3a4881bdf400abaaca831479f732cebc -DMAYAHYDRA_GIT_BRANCH=master -DMAYAUSD_LOCATION=/local/S/jenkins/workspace/shared/Artifactory/OSX/mayausd-cotd-debug/202401170904/runtime/d26f121/mayausd "/Volumes/DATA/local/S/jenkins/workspace/ECP/ecg-maya-hydra/ecg-maya-hydra-branch-preflight-python3-osx/ecg-maya-hydra/maya-hydra"
[2024-01-22T15:17:59.933Z]     
[2024-01-22T15:17:59.933Z]     Traceback (most recent call last):
[2024-01-22T15:17:59.933Z]       File "/Volumes/DATA/local/S/jenkins/workspace/ECP/ecg-maya-hydra/ecg-maya-hydra-branch-preflight-python3-osx/ecg-maya-hydra/maya-hydra/build.py", line 745, in <module>
[2024-01-22T15:17:59.933Z]         BuildAndInstall(context, context.buildArgs, context.stagesArgs)
[2024-01-22T15:17:59.933Z]       File "/Volumes/DATA/local/S/jenkins/workspace/ECP/ecg-maya-hydra/ecg-maya-hydra-branch-preflight-python3-osx/ecg-maya-hydra/maya-hydra/build.py", line 502, in BuildAndInstall
[2024-01-22T15:17:59.933Z]         RunCMake(context, extraArgs, stagesArgs)
[2024-01-22T15:17:59.933Z]       File "/Volumes/DATA/local/S/jenkins/workspace/ECP/ecg-maya-hydra/ecg-maya-hydra-branch-preflight-python3-osx/ecg-maya-hydra/maya-hydra/build.py", line 305, in RunCMake
[2024-01-22T15:17:59.933Z]         Run(context,
[2024-01-22T15:17:59.933Z]       File "/Volumes/DATA/local/S/jenkins/workspace/ECP/ecg-maya-hydra/ecg-maya-hydra-branch-preflight-python3-osx/ecg-maya-hydra/maya-hydra/build.py", line 197, in Run
[2024-01-22T15:17:59.933Z]         raise RuntimeError("Failed to run '{cmd}'\nSee {log} for more details."
[2024-01-22T15:17:59.934Z]     RuntimeError: Failed to run 'cmake -DCMAKE_INSTALL_PREFIX="/local/S/jenkins/workspace/ECP/ecg-maya-hydra/ecg-maya-hydra-branch-preflight-python3-osx/install/Debug/MayaHydra" -DCMAKE_BUILD_TYPE=Debug -DCMAKE_EXPORT_COMPILE_COMMANDS=ON -G "Ninja" -DMAYA_LOCATION="/local/S/jenkins/workspace/shared/Artifactory/OSX/rundev-master-debug/202401211143/runtime/9cdf1d1/runTime" -DPXR_USD_LOCATION="/local/S/jenkins/workspace/shared/Artifactory/OSX/USD/ca7f6ed" -DMAYA_DEVKIT_LOCATION="/local/S/jenkins/workspace/shared/Artifactory/OSX/rundev-master-debug/202401211143/runtime/9cdf1d1/devkitBase" -DCMAKE_MAKE_PROGRAM=/local/S/jenkins/workspace/shared/Artifactory/OSX/ninja/1.10.2/95d0ca5/ninja -DPYTHON_INCLUDE_DIR=/local/S/jenkins/workspace/shared/Artifactory/OSX/rundev-master-debug/202401211143/runtime/9cdf1d1/runTime/Maya.app/Contents/Frameworks/Python.framework/Versions/Current/include/python3.11 -DPython_EXECUTABLE=/local/S/jenkins/workspace/shared/Artifactory/OSX/rundev-master-debug/202401211143/runtime/9cdf1d1/runTime/Maya.app/Contents/bin/mayapy -DPYTHON_LIBRARIES=/local/S/jenkins/workspace/shared/Artifactory/OSX/rundev-master-debug/202401211143/runtime/9cdf1d1/runTime/Maya.app/Contents/Frameworks/Python.framework/Versions/Current/lib/libpython3.11.dylib -DBUILD_WITH_PYTHON_3_VERSION=3.11 -DBUILD_UB2=ON -DCMAKE_WANT_MATERIALX_BUILD=ON -DCMAKE_PREFIX_PATH=/local/S/jenkins/workspace/shared/Artifactory/OSX/USD/ca7f6ed -DMAYAHYDRA_BUILD_NUMBER=473 -DMAYAHYDRA_GIT_COMMIT=0c7d8f1b3a4881bdf400abaaca831479f732cebc -DMAYAHYDRA_GIT_BRANCH=master -DMAYAUSD_LOCATION=/local/S/jenkins/workspace/shared/Artifactory/OSX/mayausd-cotd-debug/202401170904/runtime/d26f121/mayausd "/Volumes/DATA/local/S/jenkins/workspace/ECP/ecg-maya-hydra/ecg-maya-hydra-branch-preflight-python3-osx/ecg-maya-hydra/maya-hydra"'
[2024-01-22T15:17:59.934Z]     See /local/S/jenkins/workspace/ECP/ecg-maya-hydra/ecg-maya-hydra-branch-preflight-python3-osx/build/Debug/build_log.txt for more details.
[2024-01-22T15:17:59.934Z] build.py: error: Command failed with error code: 1
[Pipeline] }
[Pipeline] // withEnv
[Pipeline] }
[Pipeline] // timeout
[Pipeline] }
[Pipeline] // stage
[Pipeline] }
[Pipeline] // timestamps
[Pipeline] emailextrecipients
Not sending mail to user ecg.jenkins@autodesk.com with no permission to view ECP  ecg-maya-hydra  Maya Hydra [Python 3, Interactive] - Branch - Preflight (OSX) [M1/UB2] #473Not sending mail to user ecg.jenkins@autodesk.com with no permission to view ECP  ecg-maya-hydra  Maya Hydra [Python 3, Interactive] - Branch - Preflight (OSX) [M1/UB2] #473[Pipeline] echo
No recipients to send notification.
[Pipeline] }
[Pipeline] // node
[Pipeline] End of Pipeline
ERROR: script returned exit code 1
[Checks API] No suitable checks publisher found.
Finished: FAILURE
