[2024-01-22T14:31:03.244Z] ================================================================================
[2024-01-22T14:31:03.244Z]                                  setup (Debug)
[2024-01-22T14:31:03.244Z] ================================================================================
[2024-01-22T14:31:03.244Z] Installing license file 'melicense.lic'.
[Pipeline] sh
[2024-01-22T14:31:04.825Z] + python ecg-maya-hydra/build.py --stages=setup --workspace-dir=/local/S/jenkins/workspace/ECP/ecg-maya-hydra/ecg-maya-hydra-branch-preflight-python3-osx --artifactory-dir=/local/S/jenkins/workspace/shared/Artifactory --build-dir=/local/S/jenkins/workspace/ECP/ecg-maya-hydra/ecg-maya-hydra-branch-preflight-python3-osx/build --install-dir=/local/S/jenkins/workspace/ECP/ecg-maya-hydra/ecg-maya-hydra-branch-preflight-python3-osx/install --signing-dir=/local/S/jenkins/workspace/ECP/ecg-maya-hydra/ecg-maya-hydra-branch-preflight-python3-osx/signing --package-dir=/local/S/jenkins/workspace/ECP/ecg-maya-hydra/ecg-maya-hydra-branch-preflight-python3-osx/package --output-dir=/local/S/jenkins/workspace/ECP/ecg-maya-hydra/ecg-maya-hydra-branch-preflight-python3-osx/output --stash-dir=/local/S/jenkins/workspace/ECP/ecg-maya-hydra/ecg-maya-hydra-branch-preflight-python3-osx/stash --jenkins-build=472 --git-commit=86cb0a2921d5d32063bc5f8539990c875ff2e90b --git-branch=master --variants=RelWithDebInfo --interactive-tests=false --post-zips=false --osx-binary-architecture-target=ub2 --osx-deployment-target=11.0 --osx-base-sdk=CurrentActiveSDK --extra-license-file=ecg-maya-hydra/jenkins-o03-cot/melicense.lic --prune-versions=3 --prune-revisions=3 --maya-cut-config=maya-rundev-master.yaml --maya-package=rundev-master --stage-banner --prune-artifacts --force-pruning
[2024-01-22T14:31:04.825Z] config_file /Volumes/DATA/local/S/jenkins/workspace/ECP/ecg-maya-hydra/ecg-maya-hydra-branch-preflight-python3-osx/ecg-maya-hydra/maya-rundev-master.yaml
[2024-01-22T14:31:04.825Z] Getting rundev-master download URL from Maya SHA-1 hash
[2024-01-22T14:31:04.825Z] Finding Artifactory servers response times
[2024-01-22T14:31:09.072Z] [VERBOSE] Start loading URL (CURL): https://art-bobcat.autodesk.com/artifactory/api/search/checksum?repos=team-maya-generic,oss-stg-generic,team-mayausd-post-generic,autodesk-3p-generic,adsk-build-tools-generic,team-ecg-generic&sha1=6544166190520e97b775f5ef672272823ba83db9
[2024-01-22T14:31:09.072Z] [DEBUG] Running: /usr/bin/curl -s -X GET --keepalive-time 10 --connect-timeout 60 --speed-limit 10000 --speed-time 120 --max-time 3600 --retry 5 --retry-max-time 2400 -H Connection:close -H Authorization:Basic ZWNnYmlmcm9zdDpvcGUqKjAw https://art-bobcat.autodesk.com/artifactory/api/search/checksum?repos=team-maya-generic,oss-stg-generic,team-mayausd-post-generic,autodesk-3p-generic,adsk-build-tools-generic,team-ecg-generic&sha1=6544166190520e97b775f5ef672272823ba83db9
[2024-01-22T14:31:09.072Z] [DEBUG] Output:
[2024-01-22T14:31:09.072Z] {
[2024-01-22T14:31:09.072Z]   "results" : [ {
[2024-01-22T14:31:09.072Z]     "uri" : "https://art-bobcat.autodesk.com:443/artifactory/api/storage/team-maya-generic/Maya/master/pmac/2024-01-21-11-43_391eddf161/202401211143-391eddf161-RUNDEV.dmg"
[2024-01-22T14:31:09.072Z]   } ]
[2024-01-22T14:31:09.072Z] }
[2024-01-22T14:31:09.072Z] [VERBOSE] End loading URL (CURL): https://art-bobcat.autodesk.com/artifactory/api/search/checksum?repos=team-maya-generic,oss-stg-generic,team-mayausd-post-generic,autodesk-3p-generic,adsk-build-tools-generic,team-ecg-generic&sha1=6544166190520e97b775f5ef672272823ba83db9
[2024-01-22T14:31:09.072Z] [VERBOSE] Start loading URL (CURL): https://art-bobcat.autodesk.com:443/artifactory/api/storage/team-maya-generic/Maya/master/pmac/2024-01-21-11-43_391eddf161/202401211143-391eddf161-RUNDEV.dmg
[2024-01-22T14:31:09.072Z] [DEBUG] Running: /usr/bin/curl -s -X GET --keepalive-time 10 --connect-timeout 60 --speed-limit 10000 --speed-time 120 --max-time 3600 --retry 5 --retry-max-time 2400 -H Connection:close -H Authorization:Basic ZWNnYmlmcm9zdDpvcGUqKjAw https://art-bobcat.autodesk.com:443/artifactory/api/storage/team-maya-generic/Maya/master/pmac/2024-01-21-11-43_391eddf161/202401211143-391eddf161-RUNDEV.dmg
[2024-01-22T14:31:09.072Z] [DEBUG] Output:
[2024-01-22T14:31:09.072Z] {
[2024-01-22T14:31:09.072Z]   "repo" : "team-maya-generic",
[2024-01-22T14:31:09.072Z]   "path" : "/Maya/master/pmac/2024-01-21-11-43_391eddf161/202401211143-391eddf161-RUNDEV.dmg",
[2024-01-22T14:31:09.072Z]   "created" : "2024-01-21T13:31:13.184-08:00",
[2024-01-22T14:31:09.072Z]   "createdBy" : "svc_aad_p_mescm",
[2024-01-22T14:31:09.072Z]   "lastModified" : "2024-01-21T13:26:10.353-08:00",
[2024-01-22T14:31:09.072Z]   "modifiedBy" : "svc_aad_p_mescm",
[2024-01-22T14:31:09.072Z]   "lastUpdated" : "2024-01-21T13:31:13.184-08:00",
[2024-01-22T14:31:09.072Z]   "downloadUri" : "https://art-bobcat.autodesk.com:443/artifactory/team-maya-generic/Maya/master/pmac/2024-01-21-11-43_391eddf161/202401211143-391eddf161-RUNDEV.dmg",
[2024-01-22T14:31:09.072Z]   "mimeType" : "application/octet-stream",
[2024-01-22T14:31:09.072Z]   "size" : "2883873727",
[2024-01-22T14:31:09.072Z]   "checksums" : {
[2024-01-22T14:31:09.072Z]     "sha1" : "6544166190520e97b775f5ef672272823ba83db9",
[2024-01-22T14:31:09.072Z]     "md5" : "37bd10a9beb49f5a51d054b3b546b31b",
[2024-01-22T14:31:09.072Z]     "sha256" : "3222d9c79b9d5111f06e8ac62fe16e3cec1ffa1ad25d576c9ab0f7776b84183c"
[2024-01-22T14:31:09.072Z]   },
[2024-01-22T14:31:09.072Z]   "originalChecksums" : {
[2024-01-22T14:31:09.072Z]     "sha1" : "6544166190520e97b775f5ef672272823ba83db9",
[2024-01-22T14:31:09.072Z]     "md5" : "37bd10a9beb49f5a51d054b3b546b31b",
[2024-01-22T14:31:09.072Z]     "sha256" : "3222d9c79b9d5111f06e8ac62fe16e3cec1ffa1ad25d576c9ab0f7776b84183c"
[2024-01-22T14:31:09.072Z]   },
[2024-01-22T14:31:09.072Z]   "uri" : "https://art-bobcat.autodesk.com:443/artifactory/api/storage/team-maya-generic/Maya/master/pmac/2024-01-21-11-43_391eddf161/202401211143-391eddf161-RUNDEV.dmg"
[2024-01-22T14:31:09.072Z] }
[2024-01-22T14:31:09.072Z] [VERBOSE] End loading URL (CURL): https://art-bobcat.autodesk.com:443/artifactory/api/storage/team-maya-generic/Maya/master/pmac/2024-01-21-11-43_391eddf161/202401211143-391eddf161-RUNDEV.dmg
[2024-01-22T14:31:09.072Z] Using Maya cut from /local/S/jenkins/workspace/shared/Artifactory/OSX/rundev-master/202401211143/runtime/6544166/runTime
[2024-01-22T14:31:09.072Z] Using Maya ADSK Signatures from /local/S/jenkins/workspace/shared/Artifactory/OSX/adsk-plugin-signatures-maya/2023/3ae1ae7
[2024-01-22T14:31:09.072Z] Using Maya Security Library from /local/S/jenkins/workspace/shared/Artifactory/OSX/maya-security-library/3.4.0/5e08f3e
[2024-01-22T14:31:09.072Z] Getting mayausd-cotd download URL from Maya SHA-1 hash
[2024-01-22T14:31:10.382Z] [VERBOSE] Start loading URL (CURL): https://art-bobcat.autodesk.com/artifactory/api/search/checksum?repos=team-maya-generic,oss-stg-generic,team-mayausd-post-generic,autodesk-3p-generic,adsk-build-tools-generic,team-ecg-generic&sha1=5c19b814d3b74aa601eb532501b0dca11e7f8fe8
[2024-01-22T14:31:10.382Z] [DEBUG] Running: /usr/bin/curl -s -X GET --keepalive-time 10 --connect-timeout 60 --speed-limit 10000 --speed-time 120 --max-time 3600 --retry 5 --retry-max-time 2400 -H Connection:close -H Authorization:Basic ZWNnYmlmcm9zdDpvcGUqKjAw https://art-bobcat.autodesk.com/artifactory/api/search/checksum?repos=team-maya-generic,oss-stg-generic,team-mayausd-post-generic,autodesk-3p-generic,adsk-build-tools-generic,team-ecg-generic&sha1=5c19b814d3b74aa601eb532501b0dca11e7f8fe8
[2024-01-22T14:31:10.382Z] [DEBUG] Output:
[2024-01-22T14:31:10.382Z] {
[2024-01-22T14:31:10.382Z]   "results" : [ {
[2024-01-22T14:31:10.382Z]     "uri" : "https://art-bobcat.autodesk.com:443/artifactory/api/storage/team-mayausd-post-generic/post/MayaUSD/cuts/COTD/osx/2024-01-17-09-03/MayaUSD_0.27.0_Maya2025_OSX_RelWithDebInfo_202401170904_0df9fb5_cut.zip"
[2024-01-22T14:31:10.382Z]   } ]
[2024-01-22T14:31:10.382Z] }
[2024-01-22T14:31:10.382Z] [VERBOSE] End loading URL (CURL): https://art-bobcat.autodesk.com/artifactory/api/search/checksum?repos=team-maya-generic,oss-stg-generic,team-mayausd-post-generic,autodesk-3p-generic,adsk-build-tools-generic,team-ecg-generic&sha1=5c19b814d3b74aa601eb532501b0dca11e7f8fe8
[2024-01-22T14:31:10.382Z] [VERBOSE] Start loading URL (CURL): https://art-bobcat.autodesk.com:443/artifactory/api/storage/team-mayausd-post-generic/post/MayaUSD/cuts/COTD/osx/2024-01-17-09-03/MayaUSD_0.27.0_Maya2025_OSX_RelWithDebInfo_202401170904_0df9fb5_cut.zip
[2024-01-22T14:31:10.382Z] [DEBUG] Running: /usr/bin/curl -s -X GET --keepalive-time 10 --connect-timeout 60 --speed-limit 10000 --speed-time 120 --max-time 3600 --retry 5 --retry-max-time 2400 -H Connection:close -H Authorization:Basic ZWNnYmlmcm9zdDpvcGUqKjAw https://art-bobcat.autodesk.com:443/artifactory/api/storage/team-mayausd-post-generic/post/MayaUSD/cuts/COTD/osx/2024-01-17-09-03/MayaUSD_0.27.0_Maya2025_OSX_RelWithDebInfo_202401170904_0df9fb5_cut.zip
[2024-01-22T14:31:10.382Z] [DEBUG] Output:
[2024-01-22T14:31:10.382Z] {
[2024-01-22T14:31:10.382Z]   "repo" : "team-mayausd-post-generic",
[2024-01-22T14:31:10.382Z]   "path" : "/post/MayaUSD/cuts/COTD/osx/2024-01-17-09-03/MayaUSD_0.27.0_Maya2025_OSX_RelWithDebInfo_202401170904_0df9fb5_cut.zip",
[2024-01-22T14:31:10.382Z]   "created" : "2024-01-17T10:41:16.664-08:00",
[2024-01-22T14:31:10.382Z]   "createdBy" : "svc_d_ecg",
[2024-01-22T14:31:10.382Z]   "lastModified" : "2024-01-17T10:41:11.837-08:00",
[2024-01-22T14:31:10.382Z]   "modifiedBy" : "svc_d_ecg",
[2024-01-22T14:31:10.382Z]   "lastUpdated" : "2024-01-17T10:41:16.665-08:00",
[2024-01-22T14:31:10.382Z]   "downloadUri" : "https://art-bobcat.autodesk.com:443/artifactory/team-mayausd-post-generic/post/MayaUSD/cuts/COTD/osx/2024-01-17-09-03/MayaUSD_0.27.0_Maya2025_OSX_RelWithDebInfo_202401170904_0df9fb5_cut.zip",
[2024-01-22T14:31:10.382Z]   "mimeType" : "application/zip",
[2024-01-22T14:31:10.382Z]   "size" : "298014101",
[2024-01-22T14:31:10.382Z]   "checksums" : {
[2024-01-22T14:31:10.382Z]     "sha1" : "5c19b814d3b74aa601eb532501b0dca11e7f8fe8",
[2024-01-22T14:31:10.382Z]     "md5" : "343a4263704f7a3c1c82275d67cec478",
[2024-01-22T14:31:10.382Z]     "sha256" : "fc41eb3f7d7177524fd87624462e434807dbf5913d5b8c6ce4d51663e9f85d20"
[2024-01-22T14:31:10.382Z]   },
[2024-01-22T14:31:10.382Z]   "originalChecksums" : {
[2024-01-22T14:31:10.382Z]     "sha1" : "5c19b814d3b74aa601eb532501b0dca11e7f8fe8",
[2024-01-22T14:31:10.382Z]     "md5" : "343a4263704f7a3c1c82275d67cec478",
[2024-01-22T14:31:10.382Z]     "sha256" : "fc41eb3f7d7177524fd87624462e434807dbf5913d5b8c6ce4d51663e9f85d20"
[2024-01-22T14:31:10.383Z]   },
[2024-01-22T14:31:10.383Z]   "uri" : "https://art-bobcat.autodesk.com:443/artifactory/api/storage/team-mayausd-post-generic/post/MayaUSD/cuts/COTD/osx/2024-01-17-09-03/MayaUSD_0.27.0_Maya2025_OSX_RelWithDebInfo_202401170904_0df9fb5_cut.zip"
[2024-01-22T14:31:10.383Z] }
[2024-01-22T14:31:10.383Z] [VERBOSE] End loading URL (CURL): https://art-bobcat.autodesk.com:443/artifactory/api/storage/team-mayausd-post-generic/post/MayaUSD/cuts/COTD/osx/2024-01-17-09-03/MayaUSD_0.27.0_Maya2025_OSX_RelWithDebInfo_202401170904_0df9fb5_cut.zip
[2024-01-22T14:31:10.383Z] [VERBOSE] Start loading URL (CURL): https://art-bobcat.autodesk.com:443/artifactory/api/storage/team-mayausd-post-generic/post/MayaUSD/cuts/COTD/osx/2024-01-17-09-03/MayaUSD_0.27.0_Maya2025_OSX_RelWithDebInfo_202401170904_0df9fb5_cut.zip.multipart
[2024-01-22T14:31:10.383Z] [DEBUG] Running: /usr/bin/curl -s -X GET --keepalive-time 10 --connect-timeout 60 --speed-limit 10000 --speed-time 120 --max-time 3600 --retry 5 --retry-max-time 2400 -H Connection:close -H Authorization:Basic ZWNnYmlmcm9zdDpvcGUqKjAw https://art-bobcat.autodesk.com:443/artifactory/api/storage/team-mayausd-post-generic/post/MayaUSD/cuts/COTD/osx/2024-01-17-09-03/MayaUSD_0.27.0_Maya2025_OSX_RelWithDebInfo_202401170904_0df9fb5_cut.zip.multipart
[2024-01-22T14:31:10.383Z] [DEBUG] Output:
[2024-01-22T14:31:10.383Z] {
[2024-01-22T14:31:10.383Z]   "errors" : [ {
[2024-01-22T14:31:10.383Z]     "status" : 404,
[2024-01-22T14:31:10.383Z]     "message" : "Unable to find item"
[2024-01-22T14:31:10.383Z]   } ]
[2024-01-22T14:31:10.383Z] }
[2024-01-22T14:31:10.383Z] [VERBOSE] End loading URL (CURL): https://art-bobcat.autodesk.com:443/artifactory/api/storage/team-mayausd-post-generic/post/MayaUSD/cuts/COTD/osx/2024-01-17-09-03/MayaUSD_0.27.0_Maya2025_OSX_RelWithDebInfo_202401170904_0df9fb5_cut.zip.multipart
[2024-01-22T14:31:10.383Z] Downloading https://art-bobcat.autodesk.com:443/artifactory/team-mayausd-post-generic/post/MayaUSD/cuts/COTD/osx/2024-01-17-09-03/MayaUSD_0.27.0_Maya2025_OSX_RelWithDebInfo_202401170904_0df9fb5_cut.zip to /local/S/jenkins/workspace/shared/Artifactory/OSX/tmp/tmp6ka995pp
[2024-01-22T14:31:10.927Z] [VERBOSE] Start downloading file (CURL): https://art-bobcat.autodesk.com:443/artifactory/team-mayausd-post-generic/post/MayaUSD/cuts/COTD/osx/2024-01-17-09-03/MayaUSD_0.27.0_Maya2025_OSX_RelWithDebInfo_202401170904_0df9fb5_cut.zip
[2024-01-22T14:31:10.927Z] [DEBUG] Running: /usr/bin/curl -sI -X GET --keepalive-time 10 --connect-timeout 60 --speed-limit 10000 --speed-time 120 --max-time 3600 --retry 5 --retry-max-time 2400 -H Connection:close -H Authorization:Basic ZWNnYmlmcm9zdDpvcGUqKjAw https://art-bobcat.autodesk.com:443/artifactory/team-mayausd-post-generic/post/MayaUSD/cuts/COTD/osx/2024-01-17-09-03/MayaUSD_0.27.0_Maya2025_OSX_RelWithDebInfo_202401170904_0df9fb5_cut.zip
[2024-01-22T14:31:10.927Z] [DEBUG] Header:
[2024-01-22T14:31:10.927Z] HTTP/1.1 200 
[2024-01-22T14:31:10.927Z] Date: Mon, 22 Jan 2024 14:31:10 GMT
[2024-01-22T14:31:10.927Z] Content-Type: application/zip
[2024-01-22T14:31:10.927Z] Content-Length: 298014101
[2024-01-22T14:31:10.927Z] Connection: close
[2024-01-22T14:31:10.927Z] X-JFrog-Version: Artifactory/7.55.9 75509900
[2024-01-22T14:31:10.927Z] X-Artifactory-Id: 712c76b93a9b964034cd158e2d0e018eaba6baeb
[2024-01-22T14:31:10.927Z] X-Artifactory-Node-Id: ussclpdrsync008.ads.autodesk.com
[2024-01-22T14:31:10.927Z] Last-Modified: Wed, 17 Jan 2024 18:41:11 GMT
[2024-01-22T14:31:10.927Z] ETag: 5c19b814d3b74aa601eb532501b0dca11e7f8fe8
[2024-01-22T14:31:10.927Z] X-Checksum-Sha1: 5c19b814d3b74aa601eb532501b0dca11e7f8fe8
[2024-01-22T14:31:10.927Z] X-Checksum-Sha256: fc41eb3f7d7177524fd87624462e434807dbf5913d5b8c6ce4d51663e9f85d20
[2024-01-22T14:31:10.927Z] X-Checksum-Md5: 343a4263704f7a3c1c82275d67cec478
[2024-01-22T14:31:10.927Z] Accept-Ranges: bytes
[2024-01-22T14:31:10.927Z] X-Artifactory-Filename: MayaUSD_0.27.0_Maya2025_OSX_RelWithDebInfo_202401170904_0df9fb5_cut.zip
[2024-01-22T14:31:10.927Z] Content-Disposition: attachment; filename="MayaUSD_0.27.0_Maya2025_OSX_RelWithDebInfo_202401170904_0df9fb5_cut.zip"; filename*=UTF-8''"MayaUSD_0.27.0_Maya2025_OSX_RelWithDebInfo_202401170904_0df9fb5_cut.zip"
[2024-01-22T14:31:10.927Z] Access-Control-Allow-Methods: GET, PUT, POST, OPTIONS, HEAD
[2024-01-22T14:31:10.927Z] Access-Control-Allow-Headers: Authorization, Origin, X-Requested-With, Content-Type, Accept
[2024-01-22T14:31:10.927Z] Access-Control-Allow-Credentials: true
[2024-01-22T14:31:10.927Z] Set-Cookie: AlteonSC=1448682250.47873.0000; path=/; Httponly; Secure
[2024-01-22T14:31:10.927Z] [DEBUG] Running: /usr/bin/curl --progress-bar -X GET --keepalive-time 10 --connect-timeout 60 --speed-limit 10000 --speed-time 120 --max-time 3600 --retry 5 --retry-max-time 2400 -H Connection:close -H Authorization:Basic ZWNnYmlmcm9zdDpvcGUqKjAw https://art-bobcat.autodesk.com:443/artifactory/team-mayausd-post-generic/post/MayaUSD/cuts/COTD/osx/2024-01-17-09-03/MayaUSD_0.27.0_Maya2025_OSX_RelWithDebInfo_202401170904_0df9fb5_cut.zip -o /local/S/jenkins/workspace/shared/Artifactory/OSX/tmp/tmp6ka995pp/MayaUSD_0.27.0_Maya2025_OSX_RelWithDebInfo_202401170904_0df9fb5_cut.zip
[2024-01-22T14:31:10.927Z]       0% complete.
[2024-01-22T14:31:12.713Z]       1% complete.
[2024-01-22T14:31:13.252Z]       2% complete.
[2024-01-22T14:31:13.252Z]       3% complete.
[2024-01-22T14:31:13.790Z]       4% complete.
[2024-01-22T14:31:13.790Z]       5% complete.
[2024-01-22T14:31:14.329Z]       6% complete.
[2024-01-22T14:31:14.329Z]       7% complete.
[2024-01-22T14:31:14.868Z]       8% complete.
[2024-01-22T14:31:14.868Z]       9% complete.
[2024-01-22T14:31:14.868Z]      10% complete.
[2024-01-22T14:31:15.407Z]      11% complete.
[2024-01-22T14:31:15.948Z]      12% complete.
[2024-01-22T14:31:15.948Z]      13% complete.
[2024-01-22T14:31:16.487Z]      14% complete.
[2024-01-22T14:31:16.487Z]      15% complete.
[2024-01-22T14:31:17.025Z]      16% complete.
[2024-01-22T14:31:17.025Z]      17% complete.
[2024-01-22T14:31:17.569Z]      18% complete.
[2024-01-22T14:31:17.569Z]      19% complete.
[2024-01-22T14:31:17.569Z]      20% complete.
[2024-01-22T14:31:18.140Z]      21% complete.
[2024-01-22T14:31:18.140Z]      22% complete.
[2024-01-22T14:31:18.140Z]      23% complete.
[2024-01-22T14:31:18.688Z]      24% complete.
[2024-01-22T14:31:18.688Z]      25% complete.
[2024-01-22T14:31:18.688Z]      26% complete.
[2024-01-22T14:31:18.688Z]      28% complete.
[2024-01-22T14:31:19.226Z]      29% complete.
[2024-01-22T14:31:19.226Z]      30% complete.
[2024-01-22T14:31:19.766Z]      31% complete.
[2024-01-22T14:31:19.766Z]      33% complete.
[2024-01-22T14:31:20.306Z]      34% complete.
[2024-01-22T14:31:20.306Z]      35% complete.
[2024-01-22T14:31:20.306Z]      36% complete.
[2024-01-22T14:31:20.306Z]      37% complete.
[2024-01-22T14:31:20.845Z]      38% complete.
[2024-01-22T14:31:20.845Z]      39% complete.
[2024-01-22T14:31:20.845Z]      40% complete.
[2024-01-22T14:31:20.845Z]      41% complete.
[2024-01-22T14:31:21.383Z]      42% complete.
[2024-01-22T14:31:21.383Z]      43% complete.
[2024-01-22T14:31:22.510Z]      44% complete.
[2024-01-22T14:31:22.510Z]      45% complete.
[2024-01-22T14:31:23.049Z]      46% complete.
[2024-01-22T14:31:23.049Z]      48% complete.
[2024-01-22T14:31:23.049Z]      49% complete.
[2024-01-22T14:31:23.049Z]      50% complete.
[2024-01-22T14:31:23.590Z]      51% complete.
[2024-01-22T14:31:23.590Z]      52% complete.
[2024-01-22T14:31:23.590Z]      53% complete.
[2024-01-22T14:31:23.590Z]      54% complete.
[2024-01-22T14:31:23.590Z]      55% complete.
[2024-01-22T14:31:24.134Z]      56% complete.
[2024-01-22T14:31:24.134Z]      57% complete.
[2024-01-22T14:31:24.134Z]      58% complete.
[2024-01-22T14:31:24.134Z]      59% complete.
[2024-01-22T14:31:24.673Z]      60% complete.
[2024-01-22T14:31:24.673Z]      61% complete.
[2024-01-22T14:31:24.673Z]      62% complete.
[2024-01-22T14:31:24.673Z]      63% complete.
[2024-01-22T14:31:25.215Z]      64% complete.
[2024-01-22T14:31:25.215Z]      65% complete.
[2024-01-22T14:31:25.215Z]      67% complete.
[2024-01-22T14:31:25.215Z]      68% complete.
[2024-01-22T14:31:25.765Z]      69% complete.
[2024-01-22T14:31:25.765Z]      70% complete.
[2024-01-22T14:31:25.765Z]      71% complete.
[2024-01-22T14:31:25.765Z]      72% complete.
[2024-01-22T14:31:25.765Z]      73% complete.
[2024-01-22T14:31:26.304Z]      74% complete.
[2024-01-22T14:31:26.304Z]      75% complete.
[2024-01-22T14:31:26.844Z]      76% complete.
[2024-01-22T14:31:26.844Z]      77% complete.
[2024-01-22T14:31:27.385Z]      78% complete.
[2024-01-22T14:31:27.925Z]      79% complete.
[2024-01-22T14:31:27.925Z]      80% complete.
[2024-01-22T14:31:27.925Z]      82% complete.
[2024-01-22T14:31:28.466Z]      83% complete.
[2024-01-22T14:31:28.466Z]      84% complete.
[2024-01-22T14:31:28.466Z]      85% complete.
[2024-01-22T14:31:28.466Z]      86% complete.
[2024-01-22T14:31:29.006Z]      87% complete.
[2024-01-22T14:31:29.006Z]      88% complete.
[2024-01-22T14:31:29.006Z]      89% complete.
[2024-01-22T14:31:29.550Z]      90% complete.
[2024-01-22T14:31:29.550Z]      91% complete.
[2024-01-22T14:31:29.550Z]      93% complete.
[2024-01-22T14:31:29.550Z]      94% complete.
[2024-01-22T14:31:29.550Z]      95% complete.
[2024-01-22T14:31:30.090Z]      96% complete.
[2024-01-22T14:31:30.090Z]      97% complete.
[2024-01-22T14:31:30.627Z]      98% complete.
[2024-01-22T14:31:30.627Z]      99% complete.
[2024-01-22T14:31:30.627Z]     100% complete.
[2024-01-22T14:31:30.627Z] [VERBOSE] End downloading file (CURL): https://art-bobcat.autodesk.com:443/artifactory/team-mayausd-post-generic/post/MayaUSD/cuts/COTD/osx/2024-01-17-09-03/MayaUSD_0.27.0_Maya2025_OSX_RelWithDebInfo_202401170904_0df9fb5_cut.zip
[2024-01-22T14:31:30.627Z] Extracting MayaUSD_0.27.0_Maya2025_OSX_RelWithDebInfo_202401170904_0df9fb5_cut.zip to /local/S/jenkins/workspace/shared/Artifactory/OSX/tmp/tmply6xy4o2
[2024-01-22T14:31:32.414Z] Installing on /local/S/jenkins/workspace/shared/Artifactory/OSX/mayausd-cotd/202401170904/runtime/5c19b81
[2024-01-22T14:31:32.414Z] 
[2024-01-22T14:31:32.414Z] ================================================================================
[2024-01-22T14:31:32.414Z]                              setup (RelWithDebInfo)
[2024-01-22T14:31:32.414Z] ================================================================================
[2024-01-22T14:31:32.414Z] Installing license file 'melicense.lic'.
[Pipeline] }
[Pipeline] // withEnv
[Pipeline] }
[Pipeline] // timeout
[Pipeline] }
[Pipeline] // stage
[Pipeline] }
[Pipeline] // timestamps
[Pipeline] timestamps
[Pipeline] {
[Pipeline] stage
[Pipeline] { (Clean)
[Pipeline] timeout
[2024-01-22T14:31:32.769Z] Timeout set to expire in 6 hr 0 min
[Pipeline] {
[Pipeline] withEnv
[Pipeline] {
[Pipeline] sh
[2024-01-22T14:31:33.905Z] + python ecg-maya-hydra/build.py --stages=clean --workspace-dir=/local/S/jenkins/workspace/ECP/ecg-maya-hydra/ecg-maya-hydra-branch-preflight-python3-osx --artifactory-dir=/local/S/jenkins/workspace/shared/Artifactory --build-dir=/local/S/jenkins/workspace/ECP/ecg-maya-hydra/ecg-maya-hydra-branch-preflight-python3-osx/build --install-dir=/local/S/jenkins/workspace/ECP/ecg-maya-hydra/ecg-maya-hydra-branch-preflight-python3-osx/install --signing-dir=/local/S/jenkins/workspace/ECP/ecg-maya-hydra/ecg-maya-hydra-branch-preflight-python3-osx/signing --package-dir=/local/S/jenkins/workspace/ECP/ecg-maya-hydra/ecg-maya-hydra-branch-preflight-python3-osx/package --output-dir=/local/S/jenkins/workspace/ECP/ecg-maya-hydra/ecg-maya-hydra-branch-preflight-python3-osx/output --stash-dir=/local/S/jenkins/workspace/ECP/ecg-maya-hydra/ecg-maya-hydra-branch-preflight-python3-osx/stash --jenkins-build=472 --git-commit=86cb0a2921d5d32063bc5f8539990c875ff2e90b --git-branch=master --variants=Debug --interactive-tests=false --post-zips=false --osx-binary-architecture-target=ub2 --osx-deployment-target=11.0 --osx-base-sdk=CurrentActiveSDK --maya-cut-config=maya-rundev-master-debug.yaml --maya-package=rundev-master-debug --stage-banner
[2024-01-22T14:31:33.905Z] config_file /Volumes/DATA/local/S/jenkins/workspace/ECP/ecg-maya-hydra/ecg-maya-hydra-branch-preflight-python3-osx/ecg-maya-hydra/maya-rundev-master-debug.yaml
[2024-01-22T14:31:33.905Z] Using Maya cut from /local/S/jenkins/workspace/shared/Artifactory/OSX/rundev-master-debug/202401211143/runtime/9cdf1d1/runTime
[2024-01-22T14:31:33.905Z] Using Maya ADSK Signatures from /local/S/jenkins/workspace/shared/Artifactory/OSX/adsk-plugin-signatures-maya/2023/3ae1ae7
[2024-01-22T14:31:33.905Z] Using Maya Security Library from /local/S/jenkins/workspace/shared/Artifactory/OSX/maya-security-library/3.4.0/5e08f3e
[2024-01-22T14:31:33.905Z] 
[2024-01-22T14:31:33.905Z] ================================================================================
[2024-01-22T14:31:33.905Z]                                  clean (Debug)
[2024-01-22T14:31:33.905Z] ================================================================================
[2024-01-22T14:31:33.905Z] Maya Python Debug Info:
[2024-01-22T14:31:33.905Z]   mayapy executable   = /local/S/jenkins/workspace/shared/Artifactory/OSX/rundev-master-debug/202401211143/runtime/9cdf1d1/runTime/Maya.app/Contents/bin/mayapy
[2024-01-22T14:31:33.905Z]   Include Folder      = /local/S/jenkins/workspace/shared/Artifactory/OSX/rundev-master-debug/202401211143/runtime/9cdf1d1/runTime/Maya.app/Contents/Frameworks/Python.framework/Versions/Current/include/python3.11
[2024-01-22T14:31:33.905Z]   Library             = /local/S/jenkins/workspace/shared/Artifactory/OSX/rundev-master-debug/202401211143/runtime/9cdf1d1/runTime/Maya.app/Contents/Frameworks/Python.framework/Versions/Current/lib/libpython3.11.dylib
[2024-01-22T14:31:33.906Z]   site-package Folder = /local/S/jenkins/workspace/shared/Artifactory/OSX/rundev-master-debug/202401211143/runtime/9cdf1d1/runTime/Maya.app/Contents/Frameworks/Python.framework/Versions/Current/lib/python3.11/site-packages
[2024-01-22T14:31:34.440Z] In workdir: /Volumes/DATA/local/S/jenkins/workspace/ECP/ecg-maya-hydra/ecg-maya-hydra-branch-preflight-python3-osx/ecg-maya-hydra/maya-hydra
[2024-01-22T14:31:34.440Z] Executing: arch -arch arm64 /local/S/jenkins/workspace/shared/Artifactory/OSX/rundev-master-debug/202401211143/runtime/9cdf1d1/runTime/Maya.app/Contents/bin/mayapy /Volumes/DATA/local/S/jenkins/workspace/ECP/ecg-maya-hydra/ecg-maya-hydra-branch-preflight-python3-osx/ecg-maya-hydra/maya-hydra/build.py --generator Ninja --build-debug --maya-location /local/S/jenkins/workspace/shared/Artifactory/OSX/rundev-master-debug/202401211143/runtime/9cdf1d1/runTime --devkit-location /local/S/jenkins/workspace/shared/Artifactory/OSX/rundev-master-debug/202401211143/runtime/9cdf1d1/devkitBase --pxrusd-location /local/S/jenkins/workspace/shared/Artifactory/OSX/USD/ca7f6ed --build-args=-DCMAKE_MAKE_PROGRAM=/local/S/jenkins/workspace/shared/Artifactory/OSX/ninja/1.10.2/95d0ca5/ninja,-DPYTHON_INCLUDE_DIR=/local/S/jenkins/workspace/shared/Artifactory/OSX/rundev-master-debug/202401211143/runtime/9cdf1d1/runTime/Maya.app/Contents/Frameworks/Python.framework/Versions/Current/include/python3.11,-DPython_EXECUTABLE=/local/S/jenkins/workspace/shared/Artifactory/OSX/rundev-master-debug/202401211143/runtime/9cdf1d1/runTime/Maya.app/Contents/bin/mayapy,-DPYTHON_LIBRARIES=/local/S/jenkins/workspace/shared/Artifactory/OSX/rundev-master-debug/202401211143/runtime/9cdf1d1/runTime/Maya.app/Contents/Frameworks/Python.framework/Versions/Current/lib/libpython3.11.dylib,-DBUILD_WITH_PYTHON_3_VERSION=3.11,-DBUILD_UB2=ON,-DCMAKE_WANT_MATERIALX_BUILD=ON,-DCMAKE_PREFIX_PATH=/local/S/jenkins/workspace/shared/Artifactory/OSX/USD/ca7f6ed,-DMAYAHYDRA_BUILD_NUMBER=472,-DMAYAHYDRA_GIT_COMMIT=86cb0a2921d5d32063bc5f8539990c875ff2e90b,-DMAYAHYDRA_GIT_BRANCH=master,-DMAYAUSD_LOCATION=/local/S/jenkins/workspace/shared/Artifactory/OSX/mayausd-cotd-debug/202401170904/runtime/d26f121/mayausd '--ctest-args=-LE interactive,--parallel 8' --stages=clean --redirect-outstream-file=False --install-location /local/S/jenkins/workspace/ECP/ecg-maya-hydra/ecg-maya-hydra-branch-preflight-python3-osx/install/Debug/MayaHydra /local/S/jenkins/workspace/ECP/ecg-maya-hydra/ecg-maya-hydra-branch-preflight-python3-osx
[2024-01-22T14:31:34.440Z] Modified environment variables:
[2024-01-22T14:31:34.440Z]     PATH=/local/S/jenkins/workspace/shared/Artifactory/OSX/cmake/3.20.3/2594509/bin:/opt/homebrew/bin:/usr/local/bin:/bin:/usr/sbin:/sbin:/usr/bin:/usr/bin:/bin:/usr/sbin:/sbin
[2024-01-22T14:31:34.654Z]     
[2024-01-22T14:31:34.654Z]         Building with settings:
[2024-01-22T14:31:34.654Z]           Source directory          /Volumes/DATA/local/S/jenkins/workspace/ECP/ecg-maya-hydra/ecg-maya-hydra-branch-preflight-python3-osx/ecg-maya-hydra/maya-hydra
[2024-01-22T14:31:34.654Z]           Workspace directory       /local/S/jenkins/workspace/ECP/ecg-maya-hydra/ecg-maya-hydra-branch-preflight-python3-osx
[2024-01-22T14:31:34.654Z]           Build directory           /local/S/jenkins/workspace/ECP/ecg-maya-hydra/ecg-maya-hydra-branch-preflight-python3-osx/build/Debug
[2024-01-22T14:31:34.654Z]           Install directory         /local/S/jenkins/workspace/ECP/ecg-maya-hydra/ecg-maya-hydra-branch-preflight-python3-osx/install/Debug/MayaHydra
[2024-01-22T14:31:34.654Z]           Variant                   Debug
[2024-01-22T14:31:34.654Z]           Python Debug              Off
[2024-01-22T14:31:34.654Z]           CMake generator           Ninja
[2024-01-22T14:31:34.654Z]           Build arguments           ['-DCMAKE_MAKE_PROGRAM=/local/S/jenkins/workspace/shared/Artifactory/OSX/ninja/1.10.2/95d0ca5/ninja', '-DPYTHON_INCLUDE_DIR=/local/S/jenkins/workspace/shared/Artifactory/OSX/rundev-master-debug/202401211143/runtime/9cdf1d1/runTime/Maya.app/Contents/Frameworks/Python.framework/Versions/Current/include/python3.11', '-DPython_EXECUTABLE=/local/S/jenkins/workspace/shared/Artifactory/OSX/rundev-master-debug/202401211143/runtime/9cdf1d1/runTime/Maya.app/Contents/bin/mayapy', '-DPYTHON_LIBRARIES=/local/S/jenkins/workspace/shared/Artifactory/OSX/rundev-master-debug/202401211143/runtime/9cdf1d1/runTime/Maya.app/Contents/Frameworks/Python.framework/Versions/Current/lib/libpython3.11.dylib', '-DBUILD_WITH_PYTHON_3_VERSION=3.11', '-DBUILD_UB2=ON', '-DCMAKE_WANT_MATERIALX_BUILD=ON', '-DCMAKE_PREFIX_PATH=/local/S/jenkins/workspace/shared/Artifactory/OSX/USD/ca7f6ed', '-DMAYAHYDRA_BUILD_NUMBER=472', '-DMAYAHYDRA_GIT_COMMIT=86cb0a2921d5d32063bc5f8539990c875ff2e90b', '-DMAYAHYDRA_GIT_BRANCH=master', '-DMAYAUSD_LOCATION=/local/S/jenkins/workspace/shared/Artifactory/OSX/mayausd-cotd-debug/202401170904/runtime/d26f121/mayausd']
[2024-01-22T14:31:34.654Z]           Stages arguments          ['clean']
[2024-01-22T14:31:34.654Z]           CTest arguments           ['-LE interactive', '--parallel 8']
[2024-01-22T14:31:34.654Z]     Success MayaHydra build and install !!!!
[2024-01-22T14:31:34.654Z]     Elapsed time: 00:00:00
[Pipeline] sh
[2024-01-22T14:31:35.756Z] + python ecg-maya-hydra/build.py --stages=clean --workspace-dir=/local/S/jenkins/workspace/ECP/ecg-maya-hydra/ecg-maya-hydra-branch-preflight-python3-osx --artifactory-dir=/local/S/jenkins/workspace/shared/Artifactory --build-dir=/local/S/jenkins/workspace/ECP/ecg-maya-hydra/ecg-maya-hydra-branch-preflight-python3-osx/build --install-dir=/local/S/jenkins/workspace/ECP/ecg-maya-hydra/ecg-maya-hydra-branch-preflight-python3-osx/install --signing-dir=/local/S/jenkins/workspace/ECP/ecg-maya-hydra/ecg-maya-hydra-branch-preflight-python3-osx/signing --package-dir=/local/S/jenkins/workspace/ECP/ecg-maya-hydra/ecg-maya-hydra-branch-preflight-python3-osx/package --output-dir=/local/S/jenkins/workspace/ECP/ecg-maya-hydra/ecg-maya-hydra-branch-preflight-python3-osx/output --stash-dir=/local/S/jenkins/workspace/ECP/ecg-maya-hydra/ecg-maya-hydra-branch-preflight-python3-osx/stash --jenkins-build=472 --git-commit=86cb0a2921d5d32063bc5f8539990c875ff2e90b --git-branch=master --variants=RelWithDebInfo --interactive-tests=false --post-zips=false --osx-binary-architecture-target=ub2 --osx-deployment-target=11.0 --osx-base-sdk=CurrentActiveSDK --maya-cut-config=maya-rundev-master.yaml --maya-package=rundev-master --stage-banner
[2024-01-22T14:31:35.756Z] config_file /Volumes/DATA/local/S/jenkins/workspace/ECP/ecg-maya-hydra/ecg-maya-hydra-branch-preflight-python3-osx/ecg-maya-hydra/maya-rundev-master.yaml
[2024-01-22T14:31:35.756Z] Using Maya cut from /local/S/jenkins/workspace/shared/Artifactory/OSX/rundev-master/202401211143/runtime/6544166/runTime
[2024-01-22T14:31:35.756Z] Using Maya ADSK Signatures from /local/S/jenkins/workspace/shared/Artifactory/OSX/adsk-plugin-signatures-maya/2023/3ae1ae7
[2024-01-22T14:31:35.756Z] Using Maya Security Library from /local/S/jenkins/workspace/shared/Artifactory/OSX/maya-security-library/3.4.0/5e08f3e
[2024-01-22T14:31:35.756Z] 
[2024-01-22T14:31:35.756Z] ================================================================================
[2024-01-22T14:31:35.756Z]                              clean (RelWithDebInfo)
[2024-01-22T14:31:35.756Z] ================================================================================
[2024-01-22T14:31:35.756Z] Maya Python RelWithDebInfo Info:
[2024-01-22T14:31:35.756Z]   mayapy executable   = /local/S/jenkins/workspace/shared/Artifactory/OSX/rundev-master/202401211143/runtime/6544166/runTime/Maya.app/Contents/bin/mayapy
[2024-01-22T14:31:35.756Z]   Include Folder      = /local/S/jenkins/workspace/shared/Artifactory/OSX/rundev-master/202401211143/runtime/6544166/runTime/Maya.app/Contents/Frameworks/Python.framework/Versions/Current/include/python3.11
[2024-01-22T14:31:35.756Z]   Library             = /local/S/jenkins/workspace/shared/Artifactory/OSX/rundev-master/202401211143/runtime/6544166/runTime/Maya.app/Contents/Frameworks/Python.framework/Versions/Current/lib/libpython3.11.dylib
[2024-01-22T14:31:35.756Z]   site-package Folder = /local/S/jenkins/workspace/shared/Artifactory/OSX/rundev-master/202401211143/runtime/6544166/runTime/Maya.app/Contents/Frameworks/Python.framework/Versions/Current/lib/python3.11/site-packages
[2024-01-22T14:31:36.291Z] In workdir: /Volumes/DATA/local/S/jenkins/workspace/ECP/ecg-maya-hydra/ecg-maya-hydra-branch-preflight-python3-osx/ecg-maya-hydra/maya-hydra
[2024-01-22T14:31:36.291Z] Executing: arch -arch arm64 /local/S/jenkins/workspace/shared/Artifactory/OSX/rundev-master/202401211143/runtime/6544166/runTime/Maya.app/Contents/bin/mayapy /Volumes/DATA/local/S/jenkins/workspace/ECP/ecg-maya-hydra/ecg-maya-hydra-branch-preflight-python3-osx/ecg-maya-hydra/maya-hydra/build.py --generator Ninja --build-relwithdebug --maya-location /local/S/jenkins/workspace/shared/Artifactory/OSX/rundev-master/202401211143/runtime/6544166/runTime --devkit-location /local/S/jenkins/workspace/shared/Artifactory/OSX/rundev-master/202401211143/runtime/6544166/devkitBase --pxrusd-location /local/S/jenkins/workspace/shared/Artifactory/OSX/USD/8270819 --build-args=-DCMAKE_MAKE_PROGRAM=/local/S/jenkins/workspace/shared/Artifactory/OSX/ninja/1.10.2/95d0ca5/ninja,-DPYTHON_INCLUDE_DIR=/local/S/jenkins/workspace/shared/Artifactory/OSX/rundev-master/202401211143/runtime/6544166/runTime/Maya.app/Contents/Frameworks/Python.framework/Versions/Current/include/python3.11,-DPython_EXECUTABLE=/local/S/jenkins/workspace/shared/Artifactory/OSX/rundev-master/202401211143/runtime/6544166/runTime/Maya.app/Contents/bin/mayapy,-DPYTHON_LIBRARIES=/local/S/jenkins/workspace/shared/Artifactory/OSX/rundev-master/202401211143/runtime/6544166/runTime/Maya.app/Contents/Frameworks/Python.framework/Versions/Current/lib/libpython3.11.dylib,-DBUILD_WITH_PYTHON_3_VERSION=3.11,-DBUILD_UB2=ON,-DCMAKE_WANT_MATERIALX_BUILD=ON,-DCMAKE_PREFIX_PATH=/local/S/jenkins/workspace/shared/Artifactory/OSX/USD/8270819,-DMAYAHYDRA_BUILD_NUMBER=472,-DMAYAHYDRA_GIT_COMMIT=86cb0a2921d5d32063bc5f8539990c875ff2e90b,-DMAYAHYDRA_GIT_BRANCH=master,-DMAYAUSD_LOCATION=/local/S/jenkins/workspace/shared/Artifactory/OSX/mayausd-cotd/202401170904/runtime/5c19b81/mayausd '--ctest-args=-LE interactive,--parallel 8' --stages=clean --redirect-outstream-file=False --install-location /local/S/jenkins/workspace/ECP/ecg-maya-hydra/ecg-maya-hydra-branch-preflight-python3-osx/install/RelWithDebInfo/MayaHydra /local/S/jenkins/workspace/ECP/ecg-maya-hydra/ecg-maya-hydra-branch-preflight-python3-osx
[2024-01-22T14:31:36.291Z] Modified environment variables:
[2024-01-22T14:31:36.291Z]     PATH=/local/S/jenkins/workspace/shared/Artifactory/OSX/cmake/3.20.3/2594509/bin:/opt/homebrew/bin:/usr/local/bin:/bin:/usr/sbin:/sbin:/usr/bin:/usr/bin:/bin:/usr/sbin:/sbin
[2024-01-22T14:31:36.504Z]     
[2024-01-22T14:31:36.504Z]         Building with settings:
[2024-01-22T14:31:36.504Z]           Source directory          /Volumes/DATA/local/S/jenkins/workspace/ECP/ecg-maya-hydra/ecg-maya-hydra-branch-preflight-python3-osx/ecg-maya-hydra/maya-hydra
[2024-01-22T14:31:36.504Z]           Workspace directory       /local/S/jenkins/workspace/ECP/ecg-maya-hydra/ecg-maya-hydra-branch-preflight-python3-osx
[2024-01-22T14:31:36.504Z]           Build directory           /local/S/jenkins/workspace/ECP/ecg-maya-hydra/ecg-maya-hydra-branch-preflight-python3-osx/build/RelWithDebInfo
[2024-01-22T14:31:36.504Z]           Install directory         /local/S/jenkins/workspace/ECP/ecg-maya-hydra/ecg-maya-hydra-branch-preflight-python3-osx/install/RelWithDebInfo/MayaHydra
[2024-01-22T14:31:36.504Z]           Variant                   RelWithDebInfo
[2024-01-22T14:31:36.504Z]           Python Debug              Off
[2024-01-22T14:31:36.504Z]           CMake generator           Ninja
[2024-01-22T14:31:36.504Z]           Build arguments           ['-DCMAKE_MAKE_PROGRAM=/local/S/jenkins/workspace/shared/Artifactory/OSX/ninja/1.10.2/95d0ca5/ninja', '-DPYTHON_INCLUDE_DIR=/local/S/jenkins/workspace/shared/Artifactory/OSX/rundev-master/202401211143/runtime/6544166/runTime/Maya.app/Contents/Frameworks/Python.framework/Versions/Current/include/python3.11', '-DPython_EXECUTABLE=/local/S/jenkins/workspace/shared/Artifactory/OSX/rundev-master/202401211143/runtime/6544166/runTime/Maya.app/Contents/bin/mayapy', '-DPYTHON_LIBRARIES=/local/S/jenkins/workspace/shared/Artifactory/OSX/rundev-master/202401211143/runtime/6544166/runTime/Maya.app/Contents/Frameworks/Python.framework/Versions/Current/lib/libpython3.11.dylib', '-DBUILD_WITH_PYTHON_3_VERSION=3.11', '-DBUILD_UB2=ON', '-DCMAKE_WANT_MATERIALX_BUILD=ON', '-DCMAKE_PREFIX_PATH=/local/S/jenkins/workspace/shared/Artifactory/OSX/USD/8270819', '-DMAYAHYDRA_BUILD_NUMBER=472', '-DMAYAHYDRA_GIT_COMMIT=86cb0a2921d5d32063bc5f8539990c875ff2e90b', '-DMAYAHYDRA_GIT_BRANCH=master', '-DMAYAUSD_LOCATION=/local/S/jenkins/workspace/shared/Artifactory/OSX/mayausd-cotd/202401170904/runtime/5c19b81/mayausd']
[2024-01-22T14:31:36.504Z]           Stages arguments          ['clean']
[2024-01-22T14:31:36.504Z]           CTest arguments           ['-LE interactive', '--parallel 8']
[2024-01-22T14:31:36.504Z]     Success MayaHydra build and install !!!!
[2024-01-22T14:31:36.504Z]     Elapsed time: 00:00:00
[Pipeline] }
[Pipeline] // withEnv
[Pipeline] }
[Pipeline] // timeout
[Pipeline] }
[Pipeline] // stage
[Pipeline] }
[Pipeline] // timestamps
[Pipeline] timestamps
[Pipeline] {
[Pipeline] stage
[Pipeline] { (Configure)
[Pipeline] timeout
[2024-01-22T14:31:36.653Z] Timeout set to expire in 6 hr 0 min
[Pipeline] {
[Pipeline] withEnv
[Pipeline] {
[Pipeline] sh
[2024-01-22T14:31:37.777Z] + python ecg-maya-hydra/build.py --stages=configure --workspace-dir=/local/S/jenkins/workspace/ECP/ecg-maya-hydra/ecg-maya-hydra-branch-preflight-python3-osx --artifactory-dir=/local/S/jenkins/workspace/shared/Artifactory --build-dir=/local/S/jenkins/workspace/ECP/ecg-maya-hydra/ecg-maya-hydra-branch-preflight-python3-osx/build --install-dir=/local/S/jenkins/workspace/ECP/ecg-maya-hydra/ecg-maya-hydra-branch-preflight-python3-osx/install --signing-dir=/local/S/jenkins/workspace/ECP/ecg-maya-hydra/ecg-maya-hydra-branch-preflight-python3-osx/signing --package-dir=/local/S/jenkins/workspace/ECP/ecg-maya-hydra/ecg-maya-hydra-branch-preflight-python3-osx/package --output-dir=/local/S/jenkins/workspace/ECP/ecg-maya-hydra/ecg-maya-hydra-branch-preflight-python3-osx/output --stash-dir=/local/S/jenkins/workspace/ECP/ecg-maya-hydra/ecg-maya-hydra-branch-preflight-python3-osx/stash --jenkins-build=472 --git-commit=86cb0a2921d5d32063bc5f8539990c875ff2e90b --git-branch=master --variants=Debug --interactive-tests=false --post-zips=false --osx-binary-architecture-target=ub2 --osx-deployment-target=11.0 --osx-base-sdk=CurrentActiveSDK --maya-cut-config=maya-rundev-master-debug.yaml --maya-package=rundev-master-debug --stage-banner
[2024-01-22T14:31:37.777Z] config_file /Volumes/DATA/local/S/jenkins/workspace/ECP/ecg-maya-hydra/ecg-maya-hydra-branch-preflight-python3-osx/ecg-maya-hydra/maya-rundev-master-debug.yaml
[2024-01-22T14:31:37.777Z] Using Maya cut from /local/S/jenkins/workspace/shared/Artifactory/OSX/rundev-master-debug/202401211143/runtime/9cdf1d1/runTime
[2024-01-22T14:31:37.777Z] Using Maya ADSK Signatures from /local/S/jenkins/workspace/shared/Artifactory/OSX/adsk-plugin-signatures-maya/2023/3ae1ae7
[2024-01-22T14:31:37.777Z] Using Maya Security Library from /local/S/jenkins/workspace/shared/Artifactory/OSX/maya-security-library/3.4.0/5e08f3e
[2024-01-22T14:31:37.777Z] 
[2024-01-22T14:31:37.777Z] ================================================================================
[2024-01-22T14:31:37.777Z]                                configure (Debug)
[2024-01-22T14:31:37.777Z] ================================================================================
[2024-01-22T14:31:37.777Z] Maya Python Debug Info:
[2024-01-22T14:31:37.777Z]   mayapy executable   = /local/S/jenkins/workspace/shared/Artifactory/OSX/rundev-master-debug/202401211143/runtime/9cdf1d1/runTime/Maya.app/Contents/bin/mayapy
[2024-01-22T14:31:37.778Z]   Include Folder      = /local/S/jenkins/workspace/shared/Artifactory/OSX/rundev-master-debug/202401211143/runtime/9cdf1d1/runTime/Maya.app/Contents/Frameworks/Python.framework/Versions/Current/include/python3.11
[2024-01-22T14:31:37.778Z]   Library             = /local/S/jenkins/workspace/shared/Artifactory/OSX/rundev-master-debug/202401211143/runtime/9cdf1d1/runTime/Maya.app/Contents/Frameworks/Python.framework/Versions/Current/lib/libpython3.11.dylib
[2024-01-22T14:31:37.778Z]   site-package Folder = /local/S/jenkins/workspace/shared/Artifactory/OSX/rundev-master-debug/202401211143/runtime/9cdf1d1/runTime/Maya.app/Contents/Frameworks/Python.framework/Versions/Current/lib/python3.11/site-packages
[2024-01-22T14:31:38.312Z] In workdir: /Volumes/DATA/local/S/jenkins/workspace/ECP/ecg-maya-hydra/ecg-maya-hydra-branch-preflight-python3-osx/ecg-maya-hydra/maya-hydra
[2024-01-22T14:31:38.312Z] Executing: arch -arch arm64 /local/S/jenkins/workspace/shared/Artifactory/OSX/rundev-master-debug/202401211143/runtime/9cdf1d1/runTime/Maya.app/Contents/bin/mayapy /Volumes/DATA/local/S/jenkins/workspace/ECP/ecg-maya-hydra/ecg-maya-hydra-branch-preflight-python3-osx/ecg-maya-hydra/maya-hydra/build.py --generator Ninja --build-debug --maya-location /local/S/jenkins/workspace/shared/Artifactory/OSX/rundev-master-debug/202401211143/runtime/9cdf1d1/runTime --devkit-location /local/S/jenkins/workspace/shared/Artifactory/OSX/rundev-master-debug/202401211143/runtime/9cdf1d1/devkitBase --pxrusd-location /local/S/jenkins/workspace/shared/Artifactory/OSX/USD/ca7f6ed --build-args=-DCMAKE_MAKE_PROGRAM=/local/S/jenkins/workspace/shared/Artifactory/OSX/ninja/1.10.2/95d0ca5/ninja,-DPYTHON_INCLUDE_DIR=/local/S/jenkins/workspace/shared/Artifactory/OSX/rundev-master-debug/202401211143/runtime/9cdf1d1/runTime/Maya.app/Contents/Frameworks/Python.framework/Versions/Current/include/python3.11,-DPython_EXECUTABLE=/local/S/jenkins/workspace/shared/Artifactory/OSX/rundev-master-debug/202401211143/runtime/9cdf1d1/runTime/Maya.app/Contents/bin/mayapy,-DPYTHON_LIBRARIES=/local/S/jenkins/workspace/shared/Artifactory/OSX/rundev-master-debug/202401211143/runtime/9cdf1d1/runTime/Maya.app/Contents/Frameworks/Python.framework/Versions/Current/lib/libpython3.11.dylib,-DBUILD_WITH_PYTHON_3_VERSION=3.11,-DBUILD_UB2=ON,-DCMAKE_WANT_MATERIALX_BUILD=ON,-DCMAKE_PREFIX_PATH=/local/S/jenkins/workspace/shared/Artifactory/OSX/USD/ca7f6ed,-DMAYAHYDRA_BUILD_NUMBER=472,-DMAYAHYDRA_GIT_COMMIT=86cb0a2921d5d32063bc5f8539990c875ff2e90b,-DMAYAHYDRA_GIT_BRANCH=master,-DMAYAUSD_LOCATION=/local/S/jenkins/workspace/shared/Artifactory/OSX/mayausd-cotd-debug/202401170904/runtime/d26f121/mayausd '--ctest-args=-LE interactive,--parallel 8' --stages=configure --redirect-outstream-file=False --install-location /local/S/jenkins/workspace/ECP/ecg-maya-hydra/ecg-maya-hydra-branch-preflight-python3-osx/install/Debug/MayaHydra /local/S/jenkins/workspace/ECP/ecg-maya-hydra/ecg-maya-hydra-branch-preflight-python3-osx
[2024-01-22T14:31:38.312Z] Modified environment variables:
[2024-01-22T14:31:38.312Z]     PATH=/local/S/jenkins/workspace/shared/Artifactory/OSX/cmake/3.20.3/2594509/bin:/opt/homebrew/bin:/usr/local/bin:/bin:/usr/sbin:/sbin:/usr/bin:/usr/bin:/bin:/usr/sbin:/sbin
[2024-01-22T14:31:49.507Z]     -- The C compiler identification is AppleClang 13.1.6.13160021
[2024-01-22T14:31:49.507Z]     -- The CXX compiler identification is AppleClang 13.1.6.13160021
[2024-01-22T14:31:49.507Z]     -- Detecting C compiler ABI info
[2024-01-22T14:31:49.507Z]     -- Detecting C compiler ABI info - done
[2024-01-22T14:31:49.507Z]     -- Check for working C compiler: /Applications/Xcode.app/Contents/Developer/Toolchains/XcodeDefault.xctoolchain/usr/bin/cc - skipped
[2024-01-22T14:31:49.507Z]     -- Detecting C compile features
[2024-01-22T14:31:49.507Z]     -- Detecting C compile features - done
[2024-01-22T14:31:49.507Z]     -- Detecting CXX compiler ABI info
[2024-01-22T14:31:49.507Z]     -- Detecting CXX compiler ABI info - done
[2024-01-22T14:31:49.507Z]     -- Check for working CXX compiler: /Applications/Xcode.app/Contents/Developer/Toolchains/XcodeDefault.xctoolchain/usr/bin/c++ - skipped
[2024-01-22T14:31:49.507Z]     -- Detecting CXX compile features
[2024-01-22T14:31:49.507Z]     -- Detecting CXX compile features - done
[2024-01-22T14:31:49.507Z]     -- Building with Universal Binary 2
[2024-01-22T14:31:50.626Z]     -- Using Maya Light API Version 3
[2024-01-22T14:31:50.626Z]     -- Maya has setDefaultMaterialHandling API
[2024-01-22T14:31:50.626Z]     -- Maya has new point snapping API
[2024-01-22T14:31:50.626Z]     -- Maya has isInCrashHandler API
[2024-01-22T14:31:50.626Z]     -- Maya has getDisplayStyleOfAllViewports API
[2024-01-22T14:31:50.626Z]     -- Maya array iterator has difference_type trait
[2024-01-22T14:31:50.626Z]     -- MFnSet has getMemberPaths function
[2024-01-22T14:31:50.626Z]     -- MFnDisplayLayer exists
[2024-01-22T14:31:50.626Z]     -- MDisplayLayerMessage has MDisplayLayerMemberChangedFunction
[2024-01-22T14:31:50.626Z]     -- MRenderItem has HideOnPlayback API
[2024-01-22T14:31:50.626Z]     -- MacOSX: Maya was built with Universal Binary 2 (x86_64/arm64)
[2024-01-22T14:31:50.626Z]     -- Found Maya: /local/S/jenkins/workspace/shared/Artifactory/OSX/rundev-master-debug/202401211143/runtime/9cdf1d1/runTime/maya.app/Contents/MacOS/Maya (found suitable version "2025", minimum required is "2024")
[2024-01-22T14:31:50.626Z]     -- Found Python: /local/S/jenkins/workspace/shared/Artifactory/OSX/rundev-master-debug/202401211143/runtime/9cdf1d1/runTime/Maya.app/Contents/bin/mayapy (found suitable exact version "3.11.4") found components: Interpreter
[2024-01-22T14:31:50.626Z]     -- Build mayaHydra with Python3 = 3.11
[2024-01-22T14:31:50.626Z]     --    PYTHON_INCLUDE_DIRS = /local/S/jenkins/workspace/shared/Artifactory/OSX/rundev-master-debug/202401211143/runtime/9cdf1d1/runTime/Maya.app/Contents/Frameworks/Python.framework/Versions/Current/include/python3.11
[2024-01-22T14:31:50.626Z]     --    PYTHON_LIBRARIES    = /local/S/jenkins/workspace/shared/Artifactory/OSX/rundev-master-debug/202401211143/runtime/9cdf1d1/runTime/Maya.app/Contents/Frameworks/Python.framework/Versions/Current/lib/libpython3.11.dylib
[2024-01-22T14:31:50.626Z]     --    Python_EXECUTABLE   = /local/S/jenkins/workspace/shared/Artifactory/OSX/rundev-master-debug/202401211143/runtime/9cdf1d1/runTime/Maya.app/Contents/bin/mayapy
[2024-01-22T14:31:50.626Z]     -- Found Python3: /local/S/jenkins/workspace/shared/Artifactory/OSX/rundev-master-debug/202401211143/runtime/9cdf1d1/runTime/Maya.app/Contents/Frameworks/Python.framework/Versions/Current/include/python3.11 (found suitable exact version "3.11.4") found components: Development Development.Module Development.Embed
[2024-01-22T14:31:50.626Z]     -- USD has new Sdr.PropertyTypes.Color4
[2024-01-22T14:31:51.164Z]     -- USD has MaterialX metadata support
[2024-01-22T14:31:51.164Z]     -- USD include dir: /local/S/jenkins/workspace/shared/Artifactory/OSX/USD/ca7f6ed/include
[2024-01-22T14:31:51.164Z]     -- USD library dir: /local/S/jenkins/workspace/shared/Artifactory/OSX/USD/ca7f6ed/lib
[2024-01-22T14:31:51.164Z]     -- USD version: 0.23.11
[2024-01-22T14:31:51.164Z]     -- Found USD: /local/S/jenkins/workspace/shared/Artifactory/OSX/USD/ca7f6ed (found suitable version "0.23.11", minimum required is "0.22.11")
[2024-01-22T14:31:51.164Z]     Updated PYTHONPATH: /local/S/jenkins/workspace/shared/Artifactory/OSX/USD/ca7f6ed/lib/python
[2024-01-22T14:31:51.164Z]     -- Found UFE: /local/S/jenkins/workspace/shared/Artifactory/OSX/rundev-master-debug/202401211143/runtime/9cdf1d1/devkitBase/devkit/ufe/include (found version "5.0.0")
[2024-01-22T14:31:51.164Z]     -- UFE include dir: /local/S/jenkins/workspace/shared/Artifactory/OSX/rundev-master-debug/202401211143/runtime/9cdf1d1/devkitBase/devkit/ufe/include
[2024-01-22T14:31:51.164Z]     -- UFE library: /local/S/jenkins/workspace/shared/Artifactory/OSX/rundev-master-debug/202401211143/runtime/9cdf1d1/devkitBase/devkit/ufe/lib/libufe_5.dylib
[2024-01-22T14:31:51.164Z]     -- UFE version: 5.0.0
[2024-01-22T14:31:51.164Z]     -- Maya has UFE lights API
[2024-01-22T14:31:51.164Z]     -- Maya has UFE scene segment API
[2024-01-22T14:31:51.164Z]     -- Maya has UFE TrieNode childrenComponents accessor
[2024-01-22T14:31:51.164Z]     -- Building with UFE 5.0.0.
[2024-01-22T14:31:51.164Z]     CMake Warning (dev) at /Volumes/DATA/local/S/jenkins/workspace/shared/Artifactory/OSX/cmake/3.20.3/2594509/share/cmake-3.20/Modules/FindPackageHandleStandardArgs.cmake:438 (message):
[2024-01-22T14:31:51.164Z]       The package name passed to `find_package_handle_standard_args` (MAYAUSD)
[2024-01-22T14:31:51.164Z]       does not match the name of the calling package (MayaUsd).  This can lead to
[2024-01-22T14:31:51.164Z]       problems in calling code that expects `find_package` result variables
[2024-01-22T14:31:51.164Z]       (e.g., `_FOUND`) to follow a certain pattern.
[2024-01-22T14:31:51.164Z]     Call Stack (most recent call first):
[2024-01-22T14:31:51.164Z]       cmake/modules/FindMayaUsd.cmake:62 (find_package_handle_standard_args)
[2024-01-22T14:31:51.164Z]       CMakeLists.txt:134 (find_package)
[2024-01-22T14:31:51.164Z]     This warning is for project developers.  Use -Wno-dev to suppress it.
[2024-01-22T14:31:51.164Z]     
[2024-01-22T14:31:51.164Z]     -- Could NOT find MAYAUSD (missing: MAYAUSD_INCLUDE_DIR MAYAUSD_LIBRARY_DIR)
[2024-01-22T14:31:51.164Z]     CMake Error at cmake/modules/FindMayaUsd.cmake:86 (message):
[2024-01-22T14:31:51.164Z]       Could not find MayaUsd library and include directories in the folder
[2024-01-22T14:31:51.164Z]       provided :
[2024-01-22T14:31:51.164Z]       /local/S/jenkins/workspace/shared/Artifactory/OSX/mayausd-cotd-debug/202401170904/runtime/d26f121/mayausd
[2024-01-22T14:31:51.164Z]     Call Stack (most recent call first):
[2024-01-22T14:31:51.164Z]       CMakeLists.txt:134 (find_package)
[2024-01-22T14:31:51.164Z]     
[2024-01-22T14:31:51.164Z]     
[2024-01-22T14:31:51.164Z]     -- Configuring incomplete, errors occurred!
[2024-01-22T14:31:51.164Z]     See also "/Volumes/DATA/local/S/jenkins/workspace/ECP/ecg-maya-hydra/ecg-maya-hydra-branch-preflight-python3-osx/build/Debug/CMakeFiles/CMakeOutput.log".
[2024-01-22T14:31:51.164Z]     See also "/Volumes/DATA/local/S/jenkins/workspace/ECP/ecg-maya-hydra/ecg-maya-hydra-branch-preflight-python3-osx/build/Debug/CMakeFiles/CMakeError.log".
[2024-01-22T14:31:51.164Z]     
[2024-01-22T14:31:51.164Z]         Building with settings:
[2024-01-22T14:31:51.164Z]           Source directory          /Volumes/DATA/local/S/jenkins/workspace/ECP/ecg-maya-hydra/ecg-maya-hydra-branch-preflight-python3-osx/ecg-maya-hydra/maya-hydra
[2024-01-22T14:31:51.164Z]           Workspace directory       /local/S/jenkins/workspace/ECP/ecg-maya-hydra/ecg-maya-hydra-branch-preflight-python3-osx
[2024-01-22T14:31:51.164Z]           Build directory           /local/S/jenkins/workspace/ECP/ecg-maya-hydra/ecg-maya-hydra-branch-preflight-python3-osx/build/Debug
[2024-01-22T14:31:51.164Z]           Install directory         /local/S/jenkins/workspace/ECP/ecg-maya-hydra/ecg-maya-hydra-branch-preflight-python3-osx/install/Debug/MayaHydra
[2024-01-22T14:31:51.164Z]           Variant                   Debug
[2024-01-22T14:31:51.164Z]           Python Debug              Off
[2024-01-22T14:31:51.164Z]           CMake generator           Ninja
[2024-01-22T14:31:51.166Z]           Build arguments           ['-DCMAKE_MAKE_PROGRAM=/local/S/jenkins/workspace/shared/Artifactory/OSX/ninja/1.10.2/95d0ca5/ninja', '-DPYTHON_INCLUDE_DIR=/local/S/jenkins/workspace/shared/Artifactory/OSX/rundev-master-debug/202401211143/runtime/9cdf1d1/runTime/Maya.app/Contents/Frameworks/Python.framework/Versions/Current/include/python3.11', '-DPython_EXECUTABLE=/local/S/jenkins/workspace/shared/Artifactory/OSX/rundev-master-debug/202401211143/runtime/9cdf1d1/runTime/Maya.app/Contents/bin/mayapy', '-DPYTHON_LIBRARIES=/local/S/jenkins/workspace/shared/Artifactory/OSX/rundev-master-debug/202401211143/runtime/9cdf1d1/runTime/Maya.app/Contents/Frameworks/Python.framework/Versions/Current/lib/libpython3.11.dylib', '-DBUILD_WITH_PYTHON_3_VERSION=3.11', '-DBUILD_UB2=ON', '-DCMAKE_WANT_MATERIALX_BUILD=ON', '-DCMAKE_PREFIX_PATH=/local/S/jenkins/workspace/shared/Artifactory/OSX/USD/ca7f6ed', '-DMAYAHYDRA_BUILD_NUMBER=472', '-DMAYAHYDRA_GIT_COMMIT=86cb0a2921d5d32063bc5f8539990c875ff2e90b', '-DMAYAHYDRA_GIT_BRANCH=master', '-DMAYAUSD_LOCATION=/local/S/jenkins/workspace/shared/Artifactory/OSX/mayausd-cotd-debug/202401170904/runtime/d26f121/mayausd']
[2024-01-22T14:31:51.166Z]           Stages arguments          ['configure']
[2024-01-22T14:31:51.166Z]           CTest arguments           ['-LE interactive', '--parallel 8']
[2024-01-22T14:31:51.166Z]     STATUS: Could not find Maya Qt6.
[2024-01-22T14:31:51.167Z]     STATUS:   Extracting '/local/S/jenkins/workspace/shared/Artifactory/OSX/rundev-master-debug/202401211143/runtime/9cdf1d1/devkitBase/Qt.tgz' to '/local/S/jenkins/workspace/shared/Artifactory/OSX/rundev-master-debug/202401211143/runtime/9cdf1d1/devkitBase'
[2024-01-22T14:31:51.167Z]     #####################################################################################
[2024-01-22T14:31:51.167Z]     log date: 2024-01-22 06:31
[2024-01-22T14:31:51.167Z]     commit sha: 91217d73a08a8ff3659bb24f96520f0545a5f4a2
[2024-01-22T14:31:51.167Z]     commit date: Mon Jan 22 06:19:49 2024 -0800
[2024-01-22T14:31:51.167Z]     #####################################################################################
[2024-01-22T14:31:51.167Z]     
[2024-01-22T14:31:51.167Z]     cmake -DCMAKE_INSTALL_PREFIX="/local/S/jenkins/workspace/ECP/ecg-maya-hydra/ecg-maya-hydra-branch-preflight-python3-osx/install/Debug/MayaHydra" -DCMAKE_BUILD_TYPE=Debug -DCMAKE_EXPORT_COMPILE_COMMANDS=ON -G "Ninja" -DMAYA_LOCATION="/local/S/jenkins/workspace/shared/Artifactory/OSX/rundev-master-debug/202401211143/runtime/9cdf1d1/runTime" -DPXR_USD_LOCATION="/local/S/jenkins/workspace/shared/Artifactory/OSX/USD/ca7f6ed" -DMAYA_DEVKIT_LOCATION="/local/S/jenkins/workspace/shared/Artifactory/OSX/rundev-master-debug/202401211143/runtime/9cdf1d1/devkitBase" -DCMAKE_MAKE_PROGRAM=/local/S/jenkins/workspace/shared/Artifactory/OSX/ninja/1.10.2/95d0ca5/ninja -DPYTHON_INCLUDE_DIR=/local/S/jenkins/workspace/shared/Artifactory/OSX/rundev-master-debug/202401211143/runtime/9cdf1d1/runTime/Maya.app/Contents/Frameworks/Python.framework/Versions/Current/include/python3.11 -DPython_EXECUTABLE=/local/S/jenkins/workspace/shared/Artifactory/OSX/rundev-master-debug/202401211143/runtime/9cdf1d1/runTime/Maya.app/Contents/bin/mayapy -DPYTHON_LIBRARIES=/local/S/jenkins/workspace/shared/Artifactory/OSX/rundev-master-debug/202401211143/runtime/9cdf1d1/runTime/Maya.app/Contents/Frameworks/Python.framework/Versions/Current/lib/libpython3.11.dylib -DBUILD_WITH_PYTHON_3_VERSION=3.11 -DBUILD_UB2=ON -DCMAKE_WANT_MATERIALX_BUILD=ON -DCMAKE_PREFIX_PATH=/local/S/jenkins/workspace/shared/Artifactory/OSX/USD/ca7f6ed -DMAYAHYDRA_BUILD_NUMBER=472 -DMAYAHYDRA_GIT_COMMIT=86cb0a2921d5d32063bc5f8539990c875ff2e90b -DMAYAHYDRA_GIT_BRANCH=master -DMAYAUSD_LOCATION=/local/S/jenkins/workspace/shared/Artifactory/OSX/mayausd-cotd-debug/202401170904/runtime/d26f121/mayausd "/Volumes/DATA/local/S/jenkins/workspace/ECP/ecg-maya-hydra/ecg-maya-hydra-branch-preflight-python3-osx/ecg-maya-hydra/maya-hydra"
[2024-01-22T14:31:51.167Z]     
[2024-01-22T14:31:51.167Z]     Traceback (most recent call last):
[2024-01-22T14:31:51.167Z]       File "/Volumes/DATA/local/S/jenkins/workspace/ECP/ecg-maya-hydra/ecg-maya-hydra-branch-preflight-python3-osx/ecg-maya-hydra/maya-hydra/build.py", line 745, in <module>
[2024-01-22T14:31:51.167Z]         BuildAndInstall(context, context.buildArgs, context.stagesArgs)
[2024-01-22T14:31:51.167Z]       File "/Volumes/DATA/local/S/jenkins/workspace/ECP/ecg-maya-hydra/ecg-maya-hydra-branch-preflight-python3-osx/ecg-maya-hydra/maya-hydra/build.py", line 502, in BuildAndInstall
[2024-01-22T14:31:51.167Z]         RunCMake(context, extraArgs, stagesArgs)
[2024-01-22T14:31:51.167Z]       File "/Volumes/DATA/local/S/jenkins/workspace/ECP/ecg-maya-hydra/ecg-maya-hydra-branch-preflight-python3-osx/ecg-maya-hydra/maya-hydra/build.py", line 305, in RunCMake
[2024-01-22T14:31:51.167Z]         Run(context,
[2024-01-22T14:31:51.167Z]       File "/Volumes/DATA/local/S/jenkins/workspace/ECP/ecg-maya-hydra/ecg-maya-hydra-branch-preflight-python3-osx/ecg-maya-hydra/maya-hydra/build.py", line 197, in Run
[2024-01-22T14:31:51.167Z]         raise RuntimeError("Failed to run '{cmd}'\nSee {log} for more details."
[2024-01-22T14:31:51.167Z]     RuntimeError: Failed to run 'cmake -DCMAKE_INSTALL_PREFIX="/local/S/jenkins/workspace/ECP/ecg-maya-hydra/ecg-maya-hydra-branch-preflight-python3-osx/install/Debug/MayaHydra" -DCMAKE_BUILD_TYPE=Debug -DCMAKE_EXPORT_COMPILE_COMMANDS=ON -G "Ninja" -DMAYA_LOCATION="/local/S/jenkins/workspace/shared/Artifactory/OSX/rundev-master-debug/202401211143/runtime/9cdf1d1/runTime" -DPXR_USD_LOCATION="/local/S/jenkins/workspace/shared/Artifactory/OSX/USD/ca7f6ed" -DMAYA_DEVKIT_LOCATION="/local/S/jenkins/workspace/shared/Artifactory/OSX/rundev-master-debug/202401211143/runtime/9cdf1d1/devkitBase" -DCMAKE_MAKE_PROGRAM=/local/S/jenkins/workspace/shared/Artifactory/OSX/ninja/1.10.2/95d0ca5/ninja -DPYTHON_INCLUDE_DIR=/local/S/jenkins/workspace/shared/Artifactory/OSX/rundev-master-debug/202401211143/runtime/9cdf1d1/runTime/Maya.app/Contents/Frameworks/Python.framework/Versions/Current/include/python3.11 -DPython_EXECUTABLE=/local/S/jenkins/workspace/shared/Artifactory/OSX/rundev-master-debug/202401211143/runtime/9cdf1d1/runTime/Maya.app/Contents/bin/mayapy -DPYTHON_LIBRARIES=/local/S/jenkins/workspace/shared/Artifactory/OSX/rundev-master-debug/202401211143/runtime/9cdf1d1/runTime/Maya.app/Contents/Frameworks/Python.framework/Versions/Current/lib/libpython3.11.dylib -DBUILD_WITH_PYTHON_3_VERSION=3.11 -DBUILD_UB2=ON -DCMAKE_WANT_MATERIALX_BUILD=ON -DCMAKE_PREFIX_PATH=/local/S/jenkins/workspace/shared/Artifactory/OSX/USD/ca7f6ed -DMAYAHYDRA_BUILD_NUMBER=472 -DMAYAHYDRA_GIT_COMMIT=86cb0a2921d5d32063bc5f8539990c875ff2e90b -DMAYAHYDRA_GIT_BRANCH=master -DMAYAUSD_LOCATION=/local/S/jenkins/workspace/shared/Artifactory/OSX/mayausd-cotd-debug/202401170904/runtime/d26f121/mayausd "/Volumes/DATA/local/S/jenkins/workspace/ECP/ecg-maya-hydra/ecg-maya-hydra-branch-preflight-python3-osx/ecg-maya-hydra/maya-hydra"'
[2024-01-22T14:31:51.167Z]     See /local/S/jenkins/workspace/ECP/ecg-maya-hydra/ecg-maya-hydra-branch-preflight-python3-osx/build/Debug/build_log.txt for more details.
[2024-01-22T14:31:51.167Z] build.py: error: Command failed with error code: 1
[Pipeline] }
[Pipeline] // withEnv
[Pipeline] }
[Pipeline] // timeout
[Pipeline] }
[Pipeline] // stage
[Pipeline] }
[Pipeline] // timestamps
[Pipeline] emailextrecipients
Not sending mail to user ecg.jenkins@autodesk.com with no permission to view ECP  ecg-maya-hydra  Maya Hydra [Python 3, Interactive] - Branch - Preflight (OSX) [M1/UB2] #472Not sending mail to user ecg.jenkins@autodesk.com with no permission to view ECP  ecg-maya-hydra  Maya Hydra [Python 3, Interactive] - Branch - Preflight (OSX) [M1/UB2] #472[Pipeline] echo
No recipients to send notification.
[Pipeline] }
[Pipeline] // node
[Pipeline] End of Pipeline
ERROR: script returned exit code 1
[Checks API] No suitable checks publisher found.
Finished: FAILURE
