[2024-01-22T14:20:41.421Z] ================================================================================
[2024-01-22T14:20:41.421Z]                                  setup (Debug)
[2024-01-22T14:20:41.421Z] ================================================================================
[Pipeline] sh
[2024-01-22T14:20:42.720Z] + scl enable gcc-toolset-11 -
[2024-01-22T14:20:42.720Z] + '[' enable = load -o enable = unload ']'
[2024-01-22T14:20:42.720Z] + /usr/bin/scl enable gcc-toolset-11 -
[2024-01-22T14:20:42.720Z] python ecg-maya-hydra/build.py --stages=setup --workspace-dir=/local/S/jenkins/workspace/ECP/ecg-maya-hydra/ecg-maya-hydra-branch-preflight-python3-linux --artifactory-dir=/local/S/jenkins/workspace/shared/Artifactory --build-dir=/local/S/jenkins/workspace/ECP/ecg-maya-hydra/ecg-maya-hydra-branch-preflight-python3-linux/build --install-dir=/local/S/jenkins/workspace/ECP/ecg-maya-hydra/ecg-maya-hydra-branch-preflight-python3-linux/install --signing-dir=/local/S/jenkins/workspace/ECP/ecg-maya-hydra/ecg-maya-hydra-branch-preflight-python3-linux/signing --package-dir=/local/S/jenkins/workspace/ECP/ecg-maya-hydra/ecg-maya-hydra-branch-preflight-python3-linux/package --output-dir=/local/S/jenkins/workspace/ECP/ecg-maya-hydra/ecg-maya-hydra-branch-preflight-python3-linux/output --stash-dir=/local/S/jenkins/workspace/ECP/ecg-maya-hydra/ecg-maya-hydra-branch-preflight-python3-linux/stash --jenkins-build=470 --git-commit=86cb0a2921d5d32063bc5f8539990c875ff2e90b --git-branch=master --variants=RelWithDebInfo --interactive-tests=true --post-zips=false --extra-license-file=ecg-maya-hydra/jenkins-o03-cot/melicense.lic --prune-versions=3 --prune-revisions=3 --maya-cut-config=maya-rundev-master.yaml --maya-package=rundev-master --stage-banner --prune-artifacts --force-pruning
[2024-01-22T14:20:42.720Z] config_file /home/S/jenkins/workspace/ECP/ecg-maya-hydra/ecg-maya-hydra-branch-preflight-python3-linux/ecg-maya-hydra/maya-rundev-master.yaml
[2024-01-22T14:20:42.720Z] Getting rundev-master download URL from Maya SHA-1 hash
[2024-01-22T14:20:42.720Z] Finding Artifactory servers response times
[2024-01-22T14:20:45.212Z] [VERBOSE] Start loading URL (CURL): https://art-bear.autodesk.com/artifactory/api/system/ping
[2024-01-22T14:20:45.212Z] [DEBUG] Running: /usr/bin/curl -s -X GET --keepalive-time 10 --connect-timeout 60 --speed-limit 10000 --speed-time 120 --max-time 3600 --retry 5 --retry-max-time 2400 -H Connection:close https://art-bear.autodesk.com/artifactory/api/system/ping
[2024-01-22T14:20:45.212Z] [DEBUG] Output:
[2024-01-22T14:20:45.212Z] OK
[2024-01-22T14:20:45.212Z] [VERBOSE] End loading URL (CURL): https://art-bear.autodesk.com/artifactory/api/system/ping
[2024-01-22T14:20:45.212Z] [VERBOSE] Start loading URL (CURL): https://art-marmotte.autodesk.com/artifactory/api/system/ping
[2024-01-22T14:20:45.212Z] [DEBUG] Running: /usr/bin/curl -s -X GET --keepalive-time 10 --connect-timeout 60 --speed-limit 10000 --speed-time 120 --max-time 3600 --retry 5 --retry-max-time 2400 -H Connection:close https://art-marmotte.autodesk.com/artifactory/api/system/ping
[2024-01-22T14:20:45.212Z] [DEBUG] Output:
[2024-01-22T14:20:45.212Z] OK
[2024-01-22T14:20:45.212Z] [VERBOSE] End loading URL (CURL): https://art-marmotte.autodesk.com/artifactory/api/system/ping
[2024-01-22T14:20:45.212Z] [VERBOSE] Start loading URL (CURL): https://art-bobcat.autodesk.com/artifactory/api/system/ping
[2024-01-22T14:20:45.212Z] [DEBUG] Running: /usr/bin/curl -s -X GET --keepalive-time 10 --connect-timeout 60 --speed-limit 10000 --speed-time 120 --max-time 3600 --retry 5 --retry-max-time 2400 -H Connection:close https://art-bobcat.autodesk.com/artifactory/api/system/ping
[2024-01-22T14:20:45.212Z] [DEBUG] Output:
[2024-01-22T14:20:45.212Z] OK
[2024-01-22T14:20:45.212Z] [VERBOSE] End loading URL (CURL): https://art-bobcat.autodesk.com/artifactory/api/system/ping
[2024-01-22T14:20:45.212Z] [VERBOSE] Start loading URL (CURL): https://art-bear.autodesk.com/artifactory/api/search/checksum?repos=team-maya-generic,oss-stg-generic,team-mayausd-post-generic,autodesk-3p-generic,adsk-build-tools-generic,team-ecg-generic&sha1=a5b876abed24b253d36c62e8d390b1f1536e7984
[2024-01-22T14:20:45.212Z] [DEBUG] Running: /usr/bin/curl -s -X GET --keepalive-time 10 --connect-timeout 60 --speed-limit 10000 --speed-time 120 --max-time 3600 --retry 5 --retry-max-time 2400 -H Connection:close -H Authorization:Basic ZWNnYmlmcm9zdDpvcGUqKjAw https://art-bear.autodesk.com/artifactory/api/search/checksum?repos=team-maya-generic,oss-stg-generic,team-mayausd-post-generic,autodesk-3p-generic,adsk-build-tools-generic,team-ecg-generic&sha1=a5b876abed24b253d36c62e8d390b1f1536e7984
[2024-01-22T14:20:45.212Z] [DEBUG] Output:
[2024-01-22T14:20:45.212Z] {
[2024-01-22T14:20:45.212Z]   "results" : [ {
[2024-01-22T14:20:45.212Z]     "uri" : "https://art-bear.autodesk.com:443/artifactory/api/storage/team-maya-generic/Maya/master/plnx/2024-01-21-11-43_391eddf161/202401211143-391eddf161-RUNDEV.tgz"
[2024-01-22T14:20:45.212Z]   } ]
[2024-01-22T14:20:45.212Z] }
[2024-01-22T14:20:45.212Z] [VERBOSE] End loading URL (CURL): https://art-bear.autodesk.com/artifactory/api/search/checksum?repos=team-maya-generic,oss-stg-generic,team-mayausd-post-generic,autodesk-3p-generic,adsk-build-tools-generic,team-ecg-generic&sha1=a5b876abed24b253d36c62e8d390b1f1536e7984
[2024-01-22T14:20:45.212Z] [VERBOSE] Start loading URL (CURL): https://art-bear.autodesk.com:443/artifactory/api/storage/team-maya-generic/Maya/master/plnx/2024-01-21-11-43_391eddf161/202401211143-391eddf161-RUNDEV.tgz
[2024-01-22T14:20:45.212Z] [DEBUG] Running: /usr/bin/curl -s -X GET --keepalive-time 10 --connect-timeout 60 --speed-limit 10000 --speed-time 120 --max-time 3600 --retry 5 --retry-max-time 2400 -H Connection:close -H Authorization:Basic ZWNnYmlmcm9zdDpvcGUqKjAw https://art-bear.autodesk.com:443/artifactory/api/storage/team-maya-generic/Maya/master/plnx/2024-01-21-11-43_391eddf161/202401211143-391eddf161-RUNDEV.tgz
[2024-01-22T14:20:45.212Z] [DEBUG] Output:
[2024-01-22T14:20:45.212Z] {
[2024-01-22T14:20:45.212Z]   "repo" : "team-maya-generic",
[2024-01-22T14:20:45.212Z]   "path" : "/Maya/master/plnx/2024-01-21-11-43_391eddf161/202401211143-391eddf161-RUNDEV.tgz",
[2024-01-22T14:20:45.212Z]   "created" : "2024-01-21T16:44:17.085-05:00",
[2024-01-22T14:20:45.212Z]   "createdBy" : "token:art-bear.autodesk.com",
[2024-01-22T14:20:45.212Z]   "lastModified" : "2024-01-21T16:44:17.076-05:00",
[2024-01-22T14:20:45.212Z]   "modifiedBy" : "token:art-bear.autodesk.com",
[2024-01-22T14:20:45.212Z]   "lastUpdated" : "2024-01-21T16:44:17.086-05:00",
[2024-01-22T14:20:45.212Z]   "downloadUri" : "https://art-bear.autodesk.com:443/artifactory/team-maya-generic/Maya/master/plnx/2024-01-21-11-43_391eddf161/202401211143-391eddf161-RUNDEV.tgz",
[2024-01-22T14:20:45.212Z]   "mimeType" : "application/x-gzip",
[2024-01-22T14:20:45.212Z]   "size" : "3404856368",
[2024-01-22T14:20:45.212Z]   "checksums" : {
[2024-01-22T14:20:45.212Z]     "sha1" : "a5b876abed24b253d36c62e8d390b1f1536e7984",
[2024-01-22T14:20:45.212Z]     "md5" : "fe1750b504ae7ec77f426c0d2fb69e40",
[2024-01-22T14:20:45.212Z]     "sha256" : "fb74d191d70f528db1948df9c1dc3a4299ed10eab0b69612a531a5c0421d2224"
[2024-01-22T14:20:45.212Z]   },
[2024-01-22T14:20:45.212Z]   "originalChecksums" : {
[2024-01-22T14:20:45.212Z]     "sha1" : "a5b876abed24b253d36c62e8d390b1f1536e7984",
[2024-01-22T14:20:45.212Z]     "md5" : "fe1750b504ae7ec77f426c0d2fb69e40",
[2024-01-22T14:20:45.212Z]     "sha256" : "fb74d191d70f528db1948df9c1dc3a4299ed10eab0b69612a531a5c0421d2224"
[2024-01-22T14:20:45.212Z]   },
[2024-01-22T14:20:45.212Z]   "uri" : "https://art-bear.autodesk.com:443/artifactory/api/storage/team-maya-generic/Maya/master/plnx/2024-01-21-11-43_391eddf161/202401211143-391eddf161-RUNDEV.tgz"
[2024-01-22T14:20:45.212Z] }
[2024-01-22T14:20:45.212Z] [VERBOSE] End loading URL (CURL): https://art-bear.autodesk.com:443/artifactory/api/storage/team-maya-generic/Maya/master/plnx/2024-01-21-11-43_391eddf161/202401211143-391eddf161-RUNDEV.tgz
[2024-01-22T14:20:45.212Z] Using Maya cut from /local/S/jenkins/workspace/shared/Artifactory/Linux/rundev-master/202401211143/runtime/a5b876a/runTime
[2024-01-22T14:20:45.212Z] 
[2024-01-22T14:20:45.212Z] ================================================================================
[2024-01-22T14:20:45.212Z]                              setup (RelWithDebInfo)
[2024-01-22T14:20:45.212Z] ================================================================================
[Pipeline] }
[Pipeline] // withEnv
[Pipeline] }
[Pipeline] // timeout
[Pipeline] }
[Pipeline] // stage
[Pipeline] }
[Pipeline] // timestamps
[Pipeline] timestamps
[Pipeline] {
[Pipeline] stage
[Pipeline] { (Clean)
[Pipeline] timeout
[2024-01-22T14:20:45.571Z] Timeout set to expire in 6 hr 0 min
[Pipeline] {
[Pipeline] withEnv
[Pipeline] {
[Pipeline] sh
[2024-01-22T14:20:46.717Z] + scl enable gcc-toolset-11 -
[2024-01-22T14:20:46.717Z] + '[' enable = load -o enable = unload ']'
[2024-01-22T14:20:46.717Z] + /usr/bin/scl enable gcc-toolset-11 -
[2024-01-22T14:20:46.717Z] python ecg-maya-hydra/build.py --stages=clean --workspace-dir=/local/S/jenkins/workspace/ECP/ecg-maya-hydra/ecg-maya-hydra-branch-preflight-python3-linux --artifactory-dir=/local/S/jenkins/workspace/shared/Artifactory --build-dir=/local/S/jenkins/workspace/ECP/ecg-maya-hydra/ecg-maya-hydra-branch-preflight-python3-linux/build --install-dir=/local/S/jenkins/workspace/ECP/ecg-maya-hydra/ecg-maya-hydra-branch-preflight-python3-linux/install --signing-dir=/local/S/jenkins/workspace/ECP/ecg-maya-hydra/ecg-maya-hydra-branch-preflight-python3-linux/signing --package-dir=/local/S/jenkins/workspace/ECP/ecg-maya-hydra/ecg-maya-hydra-branch-preflight-python3-linux/package --output-dir=/local/S/jenkins/workspace/ECP/ecg-maya-hydra/ecg-maya-hydra-branch-preflight-python3-linux/output --stash-dir=/local/S/jenkins/workspace/ECP/ecg-maya-hydra/ecg-maya-hydra-branch-preflight-python3-linux/stash --jenkins-build=470 --git-commit=86cb0a2921d5d32063bc5f8539990c875ff2e90b --git-branch=master --variants=Debug --interactive-tests=true --post-zips=false --maya-cut-config=maya-rundev-master-debug.yaml --maya-package=rundev-master-debug --stage-banner
[2024-01-22T14:20:46.717Z] config_file /home/S/jenkins/workspace/ECP/ecg-maya-hydra/ecg-maya-hydra-branch-preflight-python3-linux/ecg-maya-hydra/maya-rundev-master-debug.yaml
[2024-01-22T14:20:46.717Z] Using Maya cut from /local/S/jenkins/workspace/shared/Artifactory/Linux/rundev-master-debug/202401211143/runtime/0339902/runTime
[2024-01-22T14:20:46.717Z] 
[2024-01-22T14:20:46.717Z] ================================================================================
[2024-01-22T14:20:46.717Z]                                  clean (Debug)
[2024-01-22T14:20:46.717Z] ================================================================================
[2024-01-22T14:20:46.717Z] Maya Python Debug Info:
[2024-01-22T14:20:46.717Z]   mayapy executable   = /local/S/jenkins/workspace/shared/Artifactory/Linux/rundev-master-debug/202401211143/runtime/0339902/runTime/bin/mayapy
[2024-01-22T14:20:46.717Z]   Include Folder      = /local/S/jenkins/workspace/shared/Artifactory/Linux/rundev-master-debug/202401211143/runtime/0339902/runTime/include/Python311/Python
[2024-01-22T14:20:46.717Z]   Library             = /local/S/jenkins/workspace/shared/Artifactory/Linux/rundev-master-debug/202401211143/runtime/0339902/runTime/lib/libpython3.11d.so.1.0
[2024-01-22T14:20:46.717Z]   site-package Folder = /local/S/jenkins/workspace/shared/Artifactory/Linux/rundev-master-debug/202401211143/runtime/0339902/runTime/lib/python3.11/site-packages
[2024-01-22T14:20:47.859Z] In workdir: /home/S/jenkins/workspace/ECP/ecg-maya-hydra/ecg-maya-hydra-branch-preflight-python3-linux/ecg-maya-hydra/maya-hydra
[2024-01-22T14:20:47.859Z] Executing: /local/S/jenkins/workspace/shared/Artifactory/Linux/rundev-master-debug/202401211143/runtime/0339902/runTime/bin/mayapy /home/S/jenkins/workspace/ECP/ecg-maya-hydra/ecg-maya-hydra-branch-preflight-python3-linux/ecg-maya-hydra/maya-hydra/build.py --generator Ninja --build-debug --maya-location /local/S/jenkins/workspace/shared/Artifactory/Linux/rundev-master-debug/202401211143/runtime/0339902/runTime --devkit-location /local/S/jenkins/workspace/shared/Artifactory/Linux/rundev-master-debug/202401211143/runtime/0339902/devkitBase --pxrusd-location /local/S/jenkins/workspace/shared/Artifactory/Linux/USD/d4ae0c1 --build-args=-DCMAKE_MAKE_PROGRAM=/local/S/jenkins/workspace/shared/Artifactory/Linux/ninja/1.10.2/9ab399b/ninja,-DPYTHON_INCLUDE_DIR=/local/S/jenkins/workspace/shared/Artifactory/Linux/rundev-master-debug/202401211143/runtime/0339902/runTime/include/Python311/Python,-DPython_EXECUTABLE=/local/S/jenkins/workspace/shared/Artifactory/Linux/rundev-master-debug/202401211143/runtime/0339902/runTime/bin/mayapy,-DPYTHON_LIBRARIES=/local/S/jenkins/workspace/shared/Artifactory/Linux/rundev-master-debug/202401211143/runtime/0339902/runTime/lib/libpython3.11d.so.1.0,-DBUILD_WITH_PYTHON_3_VERSION=3.11,-DCMAKE_WANT_MATERIALX_BUILD=ON,-DCMAKE_PREFIX_PATH=/local/S/jenkins/workspace/shared/Artifactory/Linux/USD/d4ae0c1,-DMAYAHYDRA_BUILD_NUMBER=470,-DMAYAHYDRA_GIT_COMMIT=86cb0a2921d5d32063bc5f8539990c875ff2e90b,-DMAYAHYDRA_GIT_BRANCH=master,-DMAYAUSD_LOCATION=/local/S/jenkins/workspace/shared/Artifactory/Linux/mayausd-cotd-debug/202401170904/runtime/733a5f2/mayausd --debug-python '--ctest-args=--parallel 16' --stages=clean --redirect-outstream-file=False --install-location /local/S/jenkins/workspace/ECP/ecg-maya-hydra/ecg-maya-hydra-branch-preflight-python3-linux/install/Debug/MayaHydra /local/S/jenkins/workspace/ECP/ecg-maya-hydra/ecg-maya-hydra-branch-preflight-python3-linux
[2024-01-22T14:20:47.859Z] Modified environment variables:
[2024-01-22T14:20:47.859Z]     LD_LIBRARY_PATH=/opt/rh/gcc-toolset-11/root/usr/lib64:/opt/rh/gcc-toolset-11/root/usr/lib64:/opt/rh/gcc-toolset-11/root/usr/lib:/opt/rh/gcc-toolset-11/root/usr/lib64/dyninst:/opt/rh/gcc-toolset-11/root/usr/lib/dyninst
[2024-01-22T14:20:47.859Z]     PATH=/local/S/jenkins/workspace/shared/Artifactory/Linux/cmake/3.20.3/ab685d7/bin:/opt/rh/gcc-toolset-11/root/usr/bin:/home/administrator/.local/bin:/home/administrator/bin:/usr/share/Modules/bin:/usr/local/bin:/usr/local/sbin:/usr/bin:/usr/sbin
[2024-01-22T14:20:47.859Z]     
[2024-01-22T14:20:47.859Z]         Building with settings:
[2024-01-22T14:20:47.859Z]           Source directory          /home/S/jenkins/workspace/ECP/ecg-maya-hydra/ecg-maya-hydra-branch-preflight-python3-linux/ecg-maya-hydra/maya-hydra
[2024-01-22T14:20:47.859Z]           Workspace directory       /local/S/jenkins/workspace/ECP/ecg-maya-hydra/ecg-maya-hydra-branch-preflight-python3-linux
[2024-01-22T14:20:47.859Z]           Build directory           /local/S/jenkins/workspace/ECP/ecg-maya-hydra/ecg-maya-hydra-branch-preflight-python3-linux/build/Debug
[2024-01-22T14:20:47.859Z]           Install directory         /local/S/jenkins/workspace/ECP/ecg-maya-hydra/ecg-maya-hydra-branch-preflight-python3-linux/install/Debug/MayaHydra
[2024-01-22T14:20:47.859Z]           Variant                   Debug
[2024-01-22T14:20:47.859Z]           Python Debug              On
[2024-01-22T14:20:47.859Z]           CMake generator           Ninja
[2024-01-22T14:20:47.859Z]           Build arguments           ['-DCMAKE_MAKE_PROGRAM=/local/S/jenkins/workspace/shared/Artifactory/Linux/ninja/1.10.2/9ab399b/ninja', '-DPYTHON_INCLUDE_DIR=/local/S/jenkins/workspace/shared/Artifactory/Linux/rundev-master-debug/202401211143/runtime/0339902/runTime/include/Python311/Python', '-DPython_EXECUTABLE=/local/S/jenkins/workspace/shared/Artifactory/Linux/rundev-master-debug/202401211143/runtime/0339902/runTime/bin/mayapy', '-DPYTHON_LIBRARIES=/local/S/jenkins/workspace/shared/Artifactory/Linux/rundev-master-debug/202401211143/runtime/0339902/runTime/lib/libpython3.11d.so.1.0', '-DBUILD_WITH_PYTHON_3_VERSION=3.11', '-DCMAKE_WANT_MATERIALX_BUILD=ON', '-DCMAKE_PREFIX_PATH=/local/S/jenkins/workspace/shared/Artifactory/Linux/USD/d4ae0c1', '-DMAYAHYDRA_BUILD_NUMBER=470', '-DMAYAHYDRA_GIT_COMMIT=86cb0a2921d5d32063bc5f8539990c875ff2e90b', '-DMAYAHYDRA_GIT_BRANCH=master', '-DMAYAUSD_LOCATION=/local/S/jenkins/workspace/shared/Artifactory/Linux/mayausd-cotd-debug/202401170904/runtime/733a5f2/mayausd']
[2024-01-22T14:20:47.859Z]           Stages arguments          ['clean']
[2024-01-22T14:20:47.859Z]           CTest arguments           ['--parallel 16']
[2024-01-22T14:20:47.859Z]     Success MayaHydra build and install !!!!
[2024-01-22T14:20:47.859Z]     Elapsed time: 00:00:00
[Pipeline] sh
[2024-01-22T14:20:49.261Z] + scl enable gcc-toolset-11 -
[2024-01-22T14:20:49.261Z] + '[' enable = load -o enable = unload ']'
[2024-01-22T14:20:49.261Z] + /usr/bin/scl enable gcc-toolset-11 -
[2024-01-22T14:20:49.261Z] python ecg-maya-hydra/build.py --stages=clean --workspace-dir=/local/S/jenkins/workspace/ECP/ecg-maya-hydra/ecg-maya-hydra-branch-preflight-python3-linux --artifactory-dir=/local/S/jenkins/workspace/shared/Artifactory --build-dir=/local/S/jenkins/workspace/ECP/ecg-maya-hydra/ecg-maya-hydra-branch-preflight-python3-linux/build --install-dir=/local/S/jenkins/workspace/ECP/ecg-maya-hydra/ecg-maya-hydra-branch-preflight-python3-linux/install --signing-dir=/local/S/jenkins/workspace/ECP/ecg-maya-hydra/ecg-maya-hydra-branch-preflight-python3-linux/signing --package-dir=/local/S/jenkins/workspace/ECP/ecg-maya-hydra/ecg-maya-hydra-branch-preflight-python3-linux/package --output-dir=/local/S/jenkins/workspace/ECP/ecg-maya-hydra/ecg-maya-hydra-branch-preflight-python3-linux/output --stash-dir=/local/S/jenkins/workspace/ECP/ecg-maya-hydra/ecg-maya-hydra-branch-preflight-python3-linux/stash --jenkins-build=470 --git-commit=86cb0a2921d5d32063bc5f8539990c875ff2e90b --git-branch=master --variants=RelWithDebInfo --interactive-tests=true --post-zips=false --maya-cut-config=maya-rundev-master.yaml --maya-package=rundev-master --stage-banner
[2024-01-22T14:20:49.261Z] config_file /home/S/jenkins/workspace/ECP/ecg-maya-hydra/ecg-maya-hydra-branch-preflight-python3-linux/ecg-maya-hydra/maya-rundev-master.yaml
[2024-01-22T14:20:49.261Z] Using Maya cut from /local/S/jenkins/workspace/shared/Artifactory/Linux/rundev-master/202401211143/runtime/a5b876a/runTime
[2024-01-22T14:20:49.261Z] 
[2024-01-22T14:20:49.261Z] ================================================================================
[2024-01-22T14:20:49.261Z]                              clean (RelWithDebInfo)
[2024-01-22T14:20:49.261Z] ================================================================================
[2024-01-22T14:20:49.261Z] Maya Python RelWithDebInfo Info:
[2024-01-22T14:20:49.261Z]   mayapy executable   = /local/S/jenkins/workspace/shared/Artifactory/Linux/rundev-master/202401211143/runtime/a5b876a/runTime/bin/mayapy
[2024-01-22T14:20:49.261Z]   Include Folder      = /local/S/jenkins/workspace/shared/Artifactory/Linux/rundev-master/202401211143/runtime/a5b876a/runTime/include/Python311/Python
[2024-01-22T14:20:49.261Z]   Library             = /local/S/jenkins/workspace/shared/Artifactory/Linux/rundev-master/202401211143/runtime/a5b876a/runTime/lib/libpython3.11.so.1.0
[2024-01-22T14:20:49.261Z]   site-package Folder = /local/S/jenkins/workspace/shared/Artifactory/Linux/rundev-master/202401211143/runtime/a5b876a/runTime/lib/python3.11/site-packages
[2024-01-22T14:20:49.795Z] In workdir: /home/S/jenkins/workspace/ECP/ecg-maya-hydra/ecg-maya-hydra-branch-preflight-python3-linux/ecg-maya-hydra/maya-hydra
[2024-01-22T14:20:49.795Z] Executing: /local/S/jenkins/workspace/shared/Artifactory/Linux/rundev-master/202401211143/runtime/a5b876a/runTime/bin/mayapy /home/S/jenkins/workspace/ECP/ecg-maya-hydra/ecg-maya-hydra-branch-preflight-python3-linux/ecg-maya-hydra/maya-hydra/build.py --generator Ninja --build-relwithdebug --maya-location /local/S/jenkins/workspace/shared/Artifactory/Linux/rundev-master/202401211143/runtime/a5b876a/runTime --devkit-location /local/S/jenkins/workspace/shared/Artifactory/Linux/rundev-master/202401211143/runtime/a5b876a/devkitBase --pxrusd-location /local/S/jenkins/workspace/shared/Artifactory/Linux/USD/a772bd8 --build-args=-DCMAKE_MAKE_PROGRAM=/local/S/jenkins/workspace/shared/Artifactory/Linux/ninja/1.10.2/9ab399b/ninja,-DPYTHON_INCLUDE_DIR=/local/S/jenkins/workspace/shared/Artifactory/Linux/rundev-master/202401211143/runtime/a5b876a/runTime/include/Python311/Python,-DPython_EXECUTABLE=/local/S/jenkins/workspace/shared/Artifactory/Linux/rundev-master/202401211143/runtime/a5b876a/runTime/bin/mayapy,-DPYTHON_LIBRARIES=/local/S/jenkins/workspace/shared/Artifactory/Linux/rundev-master/202401211143/runtime/a5b876a/runTime/lib/libpython3.11.so.1.0,-DBUILD_WITH_PYTHON_3_VERSION=3.11,-DCMAKE_WANT_MATERIALX_BUILD=ON,-DCMAKE_PREFIX_PATH=/local/S/jenkins/workspace/shared/Artifactory/Linux/USD/a772bd8,-DMAYAHYDRA_BUILD_NUMBER=470,-DMAYAHYDRA_GIT_COMMIT=86cb0a2921d5d32063bc5f8539990c875ff2e90b,-DMAYAHYDRA_GIT_BRANCH=master,-DMAYAUSD_LOCATION=/local/S/jenkins/workspace/shared/Artifactory/Linux/mayausd-cotd/202401170904/runtime/07c7fcc/mayausd '--ctest-args=--parallel 16' --stages=clean --redirect-outstream-file=False --install-location /local/S/jenkins/workspace/ECP/ecg-maya-hydra/ecg-maya-hydra-branch-preflight-python3-linux/install/RelWithDebInfo/MayaHydra /local/S/jenkins/workspace/ECP/ecg-maya-hydra/ecg-maya-hydra-branch-preflight-python3-linux
[2024-01-22T14:20:49.795Z] Modified environment variables:
[2024-01-22T14:20:49.795Z]     LD_LIBRARY_PATH=/opt/rh/gcc-toolset-11/root/usr/lib64:/opt/rh/gcc-toolset-11/root/usr/lib64:/opt/rh/gcc-toolset-11/root/usr/lib:/opt/rh/gcc-toolset-11/root/usr/lib64/dyninst:/opt/rh/gcc-toolset-11/root/usr/lib/dyninst
[2024-01-22T14:20:49.795Z]     PATH=/local/S/jenkins/workspace/shared/Artifactory/Linux/cmake/3.20.3/ab685d7/bin:/opt/rh/gcc-toolset-11/root/usr/bin:/home/administrator/.local/bin:/home/administrator/bin:/usr/share/Modules/bin:/usr/local/bin:/usr/local/sbin:/usr/bin:/usr/sbin
[2024-01-22T14:20:49.795Z]     
[2024-01-22T14:20:49.795Z]         Building with settings:
[2024-01-22T14:20:49.796Z]           Source directory          /home/S/jenkins/workspace/ECP/ecg-maya-hydra/ecg-maya-hydra-branch-preflight-python3-linux/ecg-maya-hydra/maya-hydra
[2024-01-22T14:20:49.796Z]           Workspace directory       /local/S/jenkins/workspace/ECP/ecg-maya-hydra/ecg-maya-hydra-branch-preflight-python3-linux
[2024-01-22T14:20:49.796Z]           Build directory           /local/S/jenkins/workspace/ECP/ecg-maya-hydra/ecg-maya-hydra-branch-preflight-python3-linux/build/RelWithDebInfo
[2024-01-22T14:20:49.796Z]           Install directory         /local/S/jenkins/workspace/ECP/ecg-maya-hydra/ecg-maya-hydra-branch-preflight-python3-linux/install/RelWithDebInfo/MayaHydra
[2024-01-22T14:20:49.796Z]           Variant                   RelWithDebInfo
[2024-01-22T14:20:49.796Z]           Python Debug              Off
[2024-01-22T14:20:49.796Z]           CMake generator           Ninja
[2024-01-22T14:20:49.796Z]           Build arguments           ['-DCMAKE_MAKE_PROGRAM=/local/S/jenkins/workspace/shared/Artifactory/Linux/ninja/1.10.2/9ab399b/ninja', '-DPYTHON_INCLUDE_DIR=/local/S/jenkins/workspace/shared/Artifactory/Linux/rundev-master/202401211143/runtime/a5b876a/runTime/include/Python311/Python', '-DPython_EXECUTABLE=/local/S/jenkins/workspace/shared/Artifactory/Linux/rundev-master/202401211143/runtime/a5b876a/runTime/bin/mayapy', '-DPYTHON_LIBRARIES=/local/S/jenkins/workspace/shared/Artifactory/Linux/rundev-master/202401211143/runtime/a5b876a/runTime/lib/libpython3.11.so.1.0', '-DBUILD_WITH_PYTHON_3_VERSION=3.11', '-DCMAKE_WANT_MATERIALX_BUILD=ON', '-DCMAKE_PREFIX_PATH=/local/S/jenkins/workspace/shared/Artifactory/Linux/USD/a772bd8', '-DMAYAHYDRA_BUILD_NUMBER=470', '-DMAYAHYDRA_GIT_COMMIT=86cb0a2921d5d32063bc5f8539990c875ff2e90b', '-DMAYAHYDRA_GIT_BRANCH=master', '-DMAYAUSD_LOCATION=/local/S/jenkins/workspace/shared/Artifactory/Linux/mayausd-cotd/202401170904/runtime/07c7fcc/mayausd']
[2024-01-22T14:20:49.796Z]           Stages arguments          ['clean']
[2024-01-22T14:20:49.796Z]           CTest arguments           ['--parallel 16']
[2024-01-22T14:20:49.796Z]     Success MayaHydra build and install !!!!
[2024-01-22T14:20:49.796Z]     Elapsed time: 00:00:00
[Pipeline] }
[Pipeline] // withEnv
[Pipeline] }
[Pipeline] // timeout
[Pipeline] }
[Pipeline] // stage
[Pipeline] }
[Pipeline] // timestamps
[Pipeline] timestamps
[Pipeline] {
[Pipeline] stage
[Pipeline] { (Configure)
[Pipeline] timeout
[2024-01-22T14:20:50.149Z] Timeout set to expire in 6 hr 0 min
[Pipeline] {
[Pipeline] withEnv
[Pipeline] {
[Pipeline] sh
[2024-01-22T14:20:51.539Z] + scl enable gcc-toolset-11 -
[2024-01-22T14:20:51.540Z] + '[' enable = load -o enable = unload ']'
[2024-01-22T14:20:51.540Z] + /usr/bin/scl enable gcc-toolset-11 -
[2024-01-22T14:20:51.540Z] python ecg-maya-hydra/build.py --stages=configure --workspace-dir=/local/S/jenkins/workspace/ECP/ecg-maya-hydra/ecg-maya-hydra-branch-preflight-python3-linux --artifactory-dir=/local/S/jenkins/workspace/shared/Artifactory --build-dir=/local/S/jenkins/workspace/ECP/ecg-maya-hydra/ecg-maya-hydra-branch-preflight-python3-linux/build --install-dir=/local/S/jenkins/workspace/ECP/ecg-maya-hydra/ecg-maya-hydra-branch-preflight-python3-linux/install --signing-dir=/local/S/jenkins/workspace/ECP/ecg-maya-hydra/ecg-maya-hydra-branch-preflight-python3-linux/signing --package-dir=/local/S/jenkins/workspace/ECP/ecg-maya-hydra/ecg-maya-hydra-branch-preflight-python3-linux/package --output-dir=/local/S/jenkins/workspace/ECP/ecg-maya-hydra/ecg-maya-hydra-branch-preflight-python3-linux/output --stash-dir=/local/S/jenkins/workspace/ECP/ecg-maya-hydra/ecg-maya-hydra-branch-preflight-python3-linux/stash --jenkins-build=470 --git-commit=86cb0a2921d5d32063bc5f8539990c875ff2e90b --git-branch=master --variants=Debug --interactive-tests=true --post-zips=false --maya-cut-config=maya-rundev-master-debug.yaml --maya-package=rundev-master-debug --stage-banner
[2024-01-22T14:20:51.540Z] config_file /home/S/jenkins/workspace/ECP/ecg-maya-hydra/ecg-maya-hydra-branch-preflight-python3-linux/ecg-maya-hydra/maya-rundev-master-debug.yaml
[2024-01-22T14:20:51.540Z] Using Maya cut from /local/S/jenkins/workspace/shared/Artifactory/Linux/rundev-master-debug/202401211143/runtime/0339902/runTime
[2024-01-22T14:20:51.540Z] 
[2024-01-22T14:20:51.540Z] ================================================================================
[2024-01-22T14:20:51.540Z]                                configure (Debug)
[2024-01-22T14:20:51.540Z] ================================================================================
[2024-01-22T14:20:51.540Z] Maya Python Debug Info:
[2024-01-22T14:20:51.540Z]   mayapy executable   = /local/S/jenkins/workspace/shared/Artifactory/Linux/rundev-master-debug/202401211143/runtime/0339902/runTime/bin/mayapy
[2024-01-22T14:20:51.540Z]   Include Folder      = /local/S/jenkins/workspace/shared/Artifactory/Linux/rundev-master-debug/202401211143/runtime/0339902/runTime/include/Python311/Python
[2024-01-22T14:20:51.540Z]   Library             = /local/S/jenkins/workspace/shared/Artifactory/Linux/rundev-master-debug/202401211143/runtime/0339902/runTime/lib/libpython3.11d.so.1.0
[2024-01-22T14:20:51.540Z]   site-package Folder = /local/S/jenkins/workspace/shared/Artifactory/Linux/rundev-master-debug/202401211143/runtime/0339902/runTime/lib/python3.11/site-packages
[2024-01-22T14:20:52.074Z] In workdir: /home/S/jenkins/workspace/ECP/ecg-maya-hydra/ecg-maya-hydra-branch-preflight-python3-linux/ecg-maya-hydra/maya-hydra
[2024-01-22T14:20:52.074Z] Executing: /local/S/jenkins/workspace/shared/Artifactory/Linux/rundev-master-debug/202401211143/runtime/0339902/runTime/bin/mayapy /home/S/jenkins/workspace/ECP/ecg-maya-hydra/ecg-maya-hydra-branch-preflight-python3-linux/ecg-maya-hydra/maya-hydra/build.py --generator Ninja --build-debug --maya-location /local/S/jenkins/workspace/shared/Artifactory/Linux/rundev-master-debug/202401211143/runtime/0339902/runTime --devkit-location /local/S/jenkins/workspace/shared/Artifactory/Linux/rundev-master-debug/202401211143/runtime/0339902/devkitBase --pxrusd-location /local/S/jenkins/workspace/shared/Artifactory/Linux/USD/d4ae0c1 --build-args=-DCMAKE_MAKE_PROGRAM=/local/S/jenkins/workspace/shared/Artifactory/Linux/ninja/1.10.2/9ab399b/ninja,-DPYTHON_INCLUDE_DIR=/local/S/jenkins/workspace/shared/Artifactory/Linux/rundev-master-debug/202401211143/runtime/0339902/runTime/include/Python311/Python,-DPython_EXECUTABLE=/local/S/jenkins/workspace/shared/Artifactory/Linux/rundev-master-debug/202401211143/runtime/0339902/runTime/bin/mayapy,-DPYTHON_LIBRARIES=/local/S/jenkins/workspace/shared/Artifactory/Linux/rundev-master-debug/202401211143/runtime/0339902/runTime/lib/libpython3.11d.so.1.0,-DBUILD_WITH_PYTHON_3_VERSION=3.11,-DCMAKE_WANT_MATERIALX_BUILD=ON,-DCMAKE_PREFIX_PATH=/local/S/jenkins/workspace/shared/Artifactory/Linux/USD/d4ae0c1,-DMAYAHYDRA_BUILD_NUMBER=470,-DMAYAHYDRA_GIT_COMMIT=86cb0a2921d5d32063bc5f8539990c875ff2e90b,-DMAYAHYDRA_GIT_BRANCH=master,-DMAYAUSD_LOCATION=/local/S/jenkins/workspace/shared/Artifactory/Linux/mayausd-cotd-debug/202401170904/runtime/733a5f2/mayausd --debug-python '--ctest-args=--parallel 16' --stages=configure --redirect-outstream-file=False --install-location /local/S/jenkins/workspace/ECP/ecg-maya-hydra/ecg-maya-hydra-branch-preflight-python3-linux/install/Debug/MayaHydra /local/S/jenkins/workspace/ECP/ecg-maya-hydra/ecg-maya-hydra-branch-preflight-python3-linux
[2024-01-22T14:20:52.074Z] Modified environment variables:
[2024-01-22T14:20:52.074Z]     LD_LIBRARY_PATH=/opt/rh/gcc-toolset-11/root/usr/lib64:/opt/rh/gcc-toolset-11/root/usr/lib64:/opt/rh/gcc-toolset-11/root/usr/lib:/opt/rh/gcc-toolset-11/root/usr/lib64/dyninst:/opt/rh/gcc-toolset-11/root/usr/lib/dyninst
[2024-01-22T14:20:52.074Z]     PATH=/local/S/jenkins/workspace/shared/Artifactory/Linux/cmake/3.20.3/ab685d7/bin:/opt/rh/gcc-toolset-11/root/usr/bin:/home/administrator/.local/bin:/home/administrator/bin:/usr/share/Modules/bin:/usr/local/bin:/usr/local/sbin:/usr/bin:/usr/sbin
[2024-01-22T14:20:52.608Z]     -- The C compiler identification is GNU 11.2.1
[2024-01-22T14:20:52.608Z]     -- The CXX compiler identification is GNU 11.2.1
[2024-01-22T14:20:52.608Z]     -- Detecting C compiler ABI info
[2024-01-22T14:20:52.608Z]     -- Detecting C compiler ABI info - done
[2024-01-22T14:20:52.608Z]     -- Check for working C compiler: /opt/rh/gcc-toolset-11/root/usr/bin/cc - skipped
[2024-01-22T14:20:52.608Z]     -- Detecting C compile features
[2024-01-22T14:20:52.609Z]     -- Detecting C compile features - done
[2024-01-22T14:20:52.609Z]     -- Detecting CXX compiler ABI info
[2024-01-22T14:20:53.143Z]     -- Detecting CXX compiler ABI info - done
[2024-01-22T14:20:53.143Z]     -- Check for working CXX compiler: /opt/rh/gcc-toolset-11/root/usr/bin/c++ - skipped
[2024-01-22T14:20:53.143Z]     -- Detecting CXX compile features
[2024-01-22T14:20:53.143Z]     -- Detecting CXX compile features - done
[2024-01-22T14:20:53.678Z]     -- Using Maya Light API Version 3
[2024-01-22T14:20:53.678Z]     -- Maya has setDefaultMaterialHandling API
[2024-01-22T14:20:53.678Z]     -- Maya has new point snapping API
[2024-01-22T14:20:53.678Z]     -- Maya has isInCrashHandler API
[2024-01-22T14:20:53.678Z]     -- Maya has getDisplayStyleOfAllViewports API
[2024-01-22T14:20:53.678Z]     -- Maya array iterator has difference_type trait
[2024-01-22T14:20:53.678Z]     -- MFnSet has getMemberPaths function
[2024-01-22T14:20:53.678Z]     -- MFnDisplayLayer exists
[2024-01-22T14:20:53.678Z]     -- MDisplayLayerMessage has MDisplayLayerMemberChangedFunction
[2024-01-22T14:20:53.678Z]     -- MRenderItem has HideOnPlayback API
[2024-01-22T14:20:53.678Z]     -- Linux: Maya was built with new cxx11 ABI
[2024-01-22T14:20:53.678Z]     -- Found Maya: /local/S/jenkins/workspace/shared/Artifactory/Linux/rundev-master-debug/202401211143/runtime/0339902/runTime/bin/maya (found suitable version "2025", minimum required is "2024")
[2024-01-22T14:20:54.796Z]     -- Found Python: /local/S/jenkins/workspace/shared/Artifactory/Linux/rundev-master-debug/202401211143/runtime/0339902/runTime/bin/mayapy (found suitable exact version "3.11.4") found components: Interpreter
[2024-01-22T14:20:54.796Z]     -- Build mayaHydra with Python3 = 3.11
[2024-01-22T14:20:54.797Z]     --    PYTHON_INCLUDE_DIRS = /local/S/jenkins/workspace/shared/Artifactory/Linux/rundev-master-debug/202401211143/runtime/0339902/runTime/include/Python311/Python
[2024-01-22T14:20:54.797Z]     --    PYTHON_LIBRARIES    = /local/S/jenkins/workspace/shared/Artifactory/Linux/rundev-master-debug/202401211143/runtime/0339902/runTime/lib/libpython3.11d.so.1.0
[2024-01-22T14:20:54.797Z]     --    Python_EXECUTABLE   = /local/S/jenkins/workspace/shared/Artifactory/Linux/rundev-master-debug/202401211143/runtime/0339902/runTime/bin/mayapy
[2024-01-22T14:20:54.797Z]     -- Found Python3: /local/S/jenkins/workspace/shared/Artifactory/Linux/rundev-master-debug/202401211143/runtime/0339902/runTime/include/Python311/Python (found suitable exact version "3.11.4") found components: Development Development.Module Development.Embed
[2024-01-22T14:20:54.797Z]     -- USD has new Sdr.PropertyTypes.Color4
[2024-01-22T14:20:55.332Z]     -- USD has MaterialX metadata support
[2024-01-22T14:20:55.332Z]     -- USD include dir: /local/S/jenkins/workspace/shared/Artifactory/Linux/USD/d4ae0c1/include
[2024-01-22T14:20:55.332Z]     -- USD library dir: /local/S/jenkins/workspace/shared/Artifactory/Linux/USD/d4ae0c1/lib
[2024-01-22T14:20:55.332Z]     -- USD version: 0.23.11
[2024-01-22T14:20:55.332Z]     -- Found USD: /local/S/jenkins/workspace/shared/Artifactory/Linux/USD/d4ae0c1 (found suitable version "0.23.11", minimum required is "0.22.11")
[2024-01-22T14:20:55.332Z]     Updated PYTHONPATH: /local/S/jenkins/workspace/shared/Artifactory/Linux/USD/d4ae0c1/lib/python
[2024-01-22T14:20:55.332Z]     -- Found UFE: /local/S/jenkins/workspace/shared/Artifactory/Linux/rundev-master-debug/202401211143/runtime/0339902/devkitBase/devkit/ufe/include (found version "5.0.0")
[2024-01-22T14:20:55.332Z]     -- UFE include dir: /local/S/jenkins/workspace/shared/Artifactory/Linux/rundev-master-debug/202401211143/runtime/0339902/devkitBase/devkit/ufe/include
[2024-01-22T14:20:55.332Z]     -- UFE library: /local/S/jenkins/workspace/shared/Artifactory/Linux/rundev-master-debug/202401211143/runtime/0339902/devkitBase/devkit/ufe/lib/libufe_5.so
[2024-01-22T14:20:55.332Z]     -- UFE version: 5.0.0
[2024-01-22T14:20:55.332Z]     -- Maya has UFE lights API
[2024-01-22T14:20:55.332Z]     -- Maya has UFE scene segment API
[2024-01-22T14:20:55.332Z]     -- Maya has UFE TrieNode childrenComponents accessor
[2024-01-22T14:20:55.332Z]     -- Building with UFE 5.0.0.
[2024-01-22T14:20:55.332Z]     CMake Warning (dev) at /home/S/jenkins/workspace/shared/Artifactory/Linux/cmake/3.20.3/ab685d7/share/cmake-3.20/Modules/FindPackageHandleStandardArgs.cmake:438 (message):
[2024-01-22T14:20:55.332Z]       The package name passed to `find_package_handle_standard_args` (MAYAUSD)
[2024-01-22T14:20:55.332Z]       does not match the name of the calling package (MayaUsd).  This can lead to
[2024-01-22T14:20:55.332Z]       problems in calling code that expects `find_package` result variables
[2024-01-22T14:20:55.332Z]       (e.g., `_FOUND`) to follow a certain pattern.
[2024-01-22T14:20:55.332Z]     Call Stack (most recent call first):
[2024-01-22T14:20:55.332Z]       cmake/modules/FindMayaUsd.cmake:62 (find_package_handle_standard_args)
[2024-01-22T14:20:55.332Z]       CMakeLists.txt:134 (find_package)
[2024-01-22T14:20:55.332Z]     This warning is for project developers.  Use -Wno-dev to suppress it.
[2024-01-22T14:20:55.332Z]     
[2024-01-22T14:20:55.332Z]     -- Could NOT find MAYAUSD (missing: MAYAUSD_INCLUDE_DIR MAYAUSD_LIBRARY_DIR)
[2024-01-22T14:20:55.332Z]     CMake Error at cmake/modules/FindMayaUsd.cmake:86 (message):
[2024-01-22T14:20:55.332Z]       Could not find MayaUsd library and include directories in the folder
[2024-01-22T14:20:55.332Z]       provided :
[2024-01-22T14:20:55.332Z]       /local/S/jenkins/workspace/shared/Artifactory/Linux/mayausd-cotd-debug/202401170904/runtime/733a5f2/mayausd
[2024-01-22T14:20:55.332Z]     Call Stack (most recent call first):
[2024-01-22T14:20:55.332Z]       CMakeLists.txt:134 (find_package)
[2024-01-22T14:20:55.332Z]     
[2024-01-22T14:20:55.332Z]     
[2024-01-22T14:20:55.332Z]     -- Configuring incomplete, errors occurred!
[2024-01-22T14:20:55.332Z]     See also "/home/S/jenkins/workspace/ECP/ecg-maya-hydra/ecg-maya-hydra-branch-preflight-python3-linux/build/Debug/CMakeFiles/CMakeOutput.log".
[2024-01-22T14:20:55.332Z]     
[2024-01-22T14:20:55.332Z]         Building with settings:
[2024-01-22T14:20:55.332Z]           Source directory          /home/S/jenkins/workspace/ECP/ecg-maya-hydra/ecg-maya-hydra-branch-preflight-python3-linux/ecg-maya-hydra/maya-hydra
[2024-01-22T14:20:55.332Z]           Workspace directory       /local/S/jenkins/workspace/ECP/ecg-maya-hydra/ecg-maya-hydra-branch-preflight-python3-linux
[2024-01-22T14:20:55.332Z]           Build directory           /local/S/jenkins/workspace/ECP/ecg-maya-hydra/ecg-maya-hydra-branch-preflight-python3-linux/build/Debug
[2024-01-22T14:20:55.332Z]           Install directory         /local/S/jenkins/workspace/ECP/ecg-maya-hydra/ecg-maya-hydra-branch-preflight-python3-linux/install/Debug/MayaHydra
[2024-01-22T14:20:55.332Z]           Variant                   Debug
[2024-01-22T14:20:55.332Z]           Python Debug              On
[2024-01-22T14:20:55.332Z]           CMake generator           Ninja
[2024-01-22T14:20:55.332Z]           Build arguments           ['-DCMAKE_MAKE_PROGRAM=/local/S/jenkins/workspace/shared/Artifactory/Linux/ninja/1.10.2/9ab399b/ninja', '-DPYTHON_INCLUDE_DIR=/local/S/jenkins/workspace/shared/Artifactory/Linux/rundev-master-debug/202401211143/runtime/0339902/runTime/include/Python311/Python', '-DPython_EXECUTABLE=/local/S/jenkins/workspace/shared/Artifactory/Linux/rundev-master-debug/202401211143/runtime/0339902/runTime/bin/mayapy', '-DPYTHON_LIBRARIES=/local/S/jenkins/workspace/shared/Artifactory/Linux/rundev-master-debug/202401211143/runtime/0339902/runTime/lib/libpython3.11d.so.1.0', '-DBUILD_WITH_PYTHON_3_VERSION=3.11', '-DCMAKE_WANT_MATERIALX_BUILD=ON', '-DCMAKE_PREFIX_PATH=/local/S/jenkins/workspace/shared/Artifactory/Linux/USD/d4ae0c1', '-DMAYAHYDRA_BUILD_NUMBER=470', '-DMAYAHYDRA_GIT_COMMIT=86cb0a2921d5d32063bc5f8539990c875ff2e90b', '-DMAYAHYDRA_GIT_BRANCH=master', '-DMAYAUSD_LOCATION=/local/S/jenkins/workspace/shared/Artifactory/Linux/mayausd-cotd-debug/202401170904/runtime/733a5f2/mayausd']
[2024-01-22T14:20:55.332Z]           Stages arguments          ['configure']
[2024-01-22T14:20:55.332Z]           CTest arguments           ['--parallel 16']
[2024-01-22T14:20:55.332Z]     STATUS: Found Maya Qt headers in: /local/S/jenkins/workspace/shared/Artifactory/Linux/rundev-master-debug/202401211143/runtime/0339902/devkitBase
[2024-01-22T14:20:55.332Z]     #####################################################################################
[2024-01-22T14:20:55.332Z]     log date: 2024-01-22 06:20
[2024-01-22T14:20:55.332Z]     commit sha: 91217d73a08a8ff3659bb24f96520f0545a5f4a2
[2024-01-22T14:20:55.332Z]     commit date: Mon Jan 22 06:19:49 2024 -0800
[2024-01-22T14:20:55.332Z]     #####################################################################################
[2024-01-22T14:20:55.332Z]     
[2024-01-22T14:20:55.332Z]     cmake -DCMAKE_INSTALL_PREFIX="/local/S/jenkins/workspace/ECP/ecg-maya-hydra/ecg-maya-hydra-branch-preflight-python3-linux/install/Debug/MayaHydra" -DCMAKE_BUILD_TYPE=Debug -DCMAKE_EXPORT_COMPILE_COMMANDS=ON -G "Ninja" -DMAYA_LOCATION="/local/S/jenkins/workspace/shared/Artifactory/Linux/rundev-master-debug/202401211143/runtime/0339902/runTime" -DPXR_USD_LOCATION="/local/S/jenkins/workspace/shared/Artifactory/Linux/USD/d4ae0c1" -DMAYA_DEVKIT_LOCATION="/local/S/jenkins/workspace/shared/Artifactory/Linux/rundev-master-debug/202401211143/runtime/0339902/devkitBase" -DCMAKE_MAKE_PROGRAM=/local/S/jenkins/workspace/shared/Artifactory/Linux/ninja/1.10.2/9ab399b/ninja -DPYTHON_INCLUDE_DIR=/local/S/jenkins/workspace/shared/Artifactory/Linux/rundev-master-debug/202401211143/runtime/0339902/runTime/include/Python311/Python -DPython_EXECUTABLE=/local/S/jenkins/workspace/shared/Artifactory/Linux/rundev-master-debug/202401211143/runtime/0339902/runTime/bin/mayapy -DPYTHON_LIBRARIES=/local/S/jenkins/workspace/shared/Artifactory/Linux/rundev-master-debug/202401211143/runtime/0339902/runTime/lib/libpython3.11d.so.1.0 -DBUILD_WITH_PYTHON_3_VERSION=3.11 -DCMAKE_WANT_MATERIALX_BUILD=ON -DCMAKE_PREFIX_PATH=/local/S/jenkins/workspace/shared/Artifactory/Linux/USD/d4ae0c1 -DMAYAHYDRA_BUILD_NUMBER=470 -DMAYAHYDRA_GIT_COMMIT=86cb0a2921d5d32063bc5f8539990c875ff2e90b -DMAYAHYDRA_GIT_BRANCH=master -DMAYAUSD_LOCATION=/local/S/jenkins/workspace/shared/Artifactory/Linux/mayausd-cotd-debug/202401170904/runtime/733a5f2/mayausd "/home/S/jenkins/workspace/ECP/ecg-maya-hydra/ecg-maya-hydra-branch-preflight-python3-linux/ecg-maya-hydra/maya-hydra"
[2024-01-22T14:20:55.332Z]     
[2024-01-22T14:20:55.332Z]     Traceback (most recent call last):
[2024-01-22T14:20:55.332Z]       File "/home/S/jenkins/workspace/ECP/ecg-maya-hydra/ecg-maya-hydra-branch-preflight-python3-linux/ecg-maya-hydra/maya-hydra/build.py", line 745, in <module>
[2024-01-22T14:20:55.332Z]         BuildAndInstall(context, context.buildArgs, context.stagesArgs)
[2024-01-22T14:20:55.332Z]       File "/home/S/jenkins/workspace/ECP/ecg-maya-hydra/ecg-maya-hydra-branch-preflight-python3-linux/ecg-maya-hydra/maya-hydra/build.py", line 502, in BuildAndInstall
[2024-01-22T14:20:55.332Z]         RunCMake(context, extraArgs, stagesArgs)
[2024-01-22T14:20:55.332Z]       File "/home/S/jenkins/workspace/ECP/ecg-maya-hydra/ecg-maya-hydra-branch-preflight-python3-linux/ecg-maya-hydra/maya-hydra/build.py", line 305, in RunCMake
[2024-01-22T14:20:55.332Z]         Run(context,
[2024-01-22T14:20:55.332Z]       File "/home/S/jenkins/workspace/ECP/ecg-maya-hydra/ecg-maya-hydra-branch-preflight-python3-linux/ecg-maya-hydra/maya-hydra/build.py", line 197, in Run
[2024-01-22T14:20:55.332Z]         raise RuntimeError("Failed to run '{cmd}'\nSee {log} for more details."
[2024-01-22T14:20:55.332Z]     RuntimeError: Failed to run 'cmake -DCMAKE_INSTALL_PREFIX="/local/S/jenkins/workspace/ECP/ecg-maya-hydra/ecg-maya-hydra-branch-preflight-python3-linux/install/Debug/MayaHydra" -DCMAKE_BUILD_TYPE=Debug -DCMAKE_EXPORT_COMPILE_COMMANDS=ON -G "Ninja" -DMAYA_LOCATION="/local/S/jenkins/workspace/shared/Artifactory/Linux/rundev-master-debug/202401211143/runtime/0339902/runTime" -DPXR_USD_LOCATION="/local/S/jenkins/workspace/shared/Artifactory/Linux/USD/d4ae0c1" -DMAYA_DEVKIT_LOCATION="/local/S/jenkins/workspace/shared/Artifactory/Linux/rundev-master-debug/202401211143/runtime/0339902/devkitBase" -DCMAKE_MAKE_PROGRAM=/local/S/jenkins/workspace/shared/Artifactory/Linux/ninja/1.10.2/9ab399b/ninja -DPYTHON_INCLUDE_DIR=/local/S/jenkins/workspace/shared/Artifactory/Linux/rundev-master-debug/202401211143/runtime/0339902/runTime/include/Python311/Python -DPython_EXECUTABLE=/local/S/jenkins/workspace/shared/Artifactory/Linux/rundev-master-debug/202401211143/runtime/0339902/runTime/bin/mayapy -DPYTHON_LIBRARIES=/local/S/jenkins/workspace/shared/Artifactory/Linux/rundev-master-debug/202401211143/runtime/0339902/runTime/lib/libpython3.11d.so.1.0 -DBUILD_WITH_PYTHON_3_VERSION=3.11 -DCMAKE_WANT_MATERIALX_BUILD=ON -DCMAKE_PREFIX_PATH=/local/S/jenkins/workspace/shared/Artifactory/Linux/USD/d4ae0c1 -DMAYAHYDRA_BUILD_NUMBER=470 -DMAYAHYDRA_GIT_COMMIT=86cb0a2921d5d32063bc5f8539990c875ff2e90b -DMAYAHYDRA_GIT_BRANCH=master -DMAYAUSD_LOCATION=/local/S/jenkins/workspace/shared/Artifactory/Linux/mayausd-cotd-debug/202401170904/runtime/733a5f2/mayausd "/home/S/jenkins/workspace/ECP/ecg-maya-hydra/ecg-maya-hydra-branch-preflight-python3-linux/ecg-maya-hydra/maya-hydra"'
[2024-01-22T14:20:55.332Z]     See /local/S/jenkins/workspace/ECP/ecg-maya-hydra/ecg-maya-hydra-branch-preflight-python3-linux/build/Debug/build_log.txt for more details.
[2024-01-22T14:20:55.332Z] build.py: error: Command failed with error code: 1
[Pipeline] }
[Pipeline] // withEnv
[Pipeline] }
[Pipeline] // timeout
[Pipeline] }
[Pipeline] // stage
[Pipeline] }
[Pipeline] // timestamps
[Pipeline] emailextrecipients
Not sending mail to user ecg.jenkins@autodesk.com with no permission to view ECP » ecg-maya-hydra » Maya Hydra [Python 3, Interactive] - Branch - Preflight (Linux) [RHEL8] #470Not sending mail to user ecg.jenkins@autodesk.com with no permission to view ECP » ecg-maya-hydra » Maya Hydra [Python 3, Interactive] - Branch - Preflight (Linux) [RHEL8] #470[Pipeline] echo
No recipients to send notification.
[Pipeline] }
[Pipeline] // node
[Pipeline] End of Pipeline
ERROR: script returned exit code 1
[Checks API] No suitable checks publisher found.
Finished: FAILURE
