[2024-01-22T15:42:26.214Z] ================================================================================
[2024-01-22T15:42:26.214Z]                                  setup (Debug)
[2024-01-22T15:42:26.214Z] ================================================================================
[2024-01-22T15:42:26.214Z] Installing license file 'melicense.lic'.
[Pipeline] sh
[2024-01-22T15:42:27.612Z] + python ecg-maya-hydra/build.py --stages=setup --workspace-dir=/local/S/jenkins/workspace/ECP/ecg-maya-hydra/ecg-maya-hydra-branch-preflight-python3-osx --artifactory-dir=/local/S/jenkins/workspace/shared/Artifactory --build-dir=/local/S/jenkins/workspace/ECP/ecg-maya-hydra/ecg-maya-hydra-branch-preflight-python3-osx/build --install-dir=/local/S/jenkins/workspace/ECP/ecg-maya-hydra/ecg-maya-hydra-branch-preflight-python3-osx/install --signing-dir=/local/S/jenkins/workspace/ECP/ecg-maya-hydra/ecg-maya-hydra-branch-preflight-python3-osx/signing --package-dir=/local/S/jenkins/workspace/ECP/ecg-maya-hydra/ecg-maya-hydra-branch-preflight-python3-osx/package --output-dir=/local/S/jenkins/workspace/ECP/ecg-maya-hydra/ecg-maya-hydra-branch-preflight-python3-osx/output --stash-dir=/local/S/jenkins/workspace/ECP/ecg-maya-hydra/ecg-maya-hydra-branch-preflight-python3-osx/stash --jenkins-build=474 --git-commit=8d8f87274605c211c52d8b9a8317a98ac9b44a68 --git-branch=master --variants=RelWithDebInfo --interactive-tests=false --post-zips=false --osx-binary-architecture-target=ub2 --osx-deployment-target=11.0 --osx-base-sdk=CurrentActiveSDK --extra-license-file=ecg-maya-hydra/jenkins-o03-cot/melicense.lic --prune-versions=3 --prune-revisions=3 --maya-cut-config=maya-rundev-master.yaml --maya-package=rundev-master --stage-banner --prune-artifacts --force-pruning
[2024-01-22T15:42:27.612Z] config_file /Volumes/DATA/local/S/jenkins/workspace/ECP/ecg-maya-hydra/ecg-maya-hydra-branch-preflight-python3-osx/ecg-maya-hydra/maya-rundev-master.yaml
[2024-01-22T15:42:27.612Z] Getting rundev-master download URL from Maya SHA-1 hash
[2024-01-22T15:42:27.612Z] Finding Artifactory servers response times
[2024-01-22T15:42:30.873Z] [VERBOSE] Start loading URL (CURL): https://art-bobcat.autodesk.com/artifactory/api/search/checksum?repos=team-maya-generic,oss-stg-generic,team-mayausd-post-generic,autodesk-3p-generic,adsk-build-tools-generic,team-ecg-generic&sha1=6544166190520e97b775f5ef672272823ba83db9
[2024-01-22T15:42:30.873Z] [DEBUG] Running: /usr/bin/curl -s -X GET --keepalive-time 10 --connect-timeout 60 --speed-limit 10000 --speed-time 120 --max-time 3600 --retry 5 --retry-max-time 2400 -H Connection:close -H Authorization:Basic ZWNnYmlmcm9zdDpvcGUqKjAw https://art-bobcat.autodesk.com/artifactory/api/search/checksum?repos=team-maya-generic,oss-stg-generic,team-mayausd-post-generic,autodesk-3p-generic,adsk-build-tools-generic,team-ecg-generic&sha1=6544166190520e97b775f5ef672272823ba83db9
[2024-01-22T15:42:30.873Z] [DEBUG] Output:
[2024-01-22T15:42:30.873Z] {
[2024-01-22T15:42:30.873Z]   "results" : [ {
[2024-01-22T15:42:30.873Z]     "uri" : "https://art-bobcat.autodesk.com:443/artifactory/api/storage/team-maya-generic/Maya/master/pmac/2024-01-21-11-43_391eddf161/202401211143-391eddf161-RUNDEV.dmg"
[2024-01-22T15:42:30.873Z]   } ]
[2024-01-22T15:42:30.873Z] }
[2024-01-22T15:42:30.873Z] [VERBOSE] End loading URL (CURL): https://art-bobcat.autodesk.com/artifactory/api/search/checksum?repos=team-maya-generic,oss-stg-generic,team-mayausd-post-generic,autodesk-3p-generic,adsk-build-tools-generic,team-ecg-generic&sha1=6544166190520e97b775f5ef672272823ba83db9
[2024-01-22T15:42:30.873Z] [VERBOSE] Start loading URL (CURL): https://art-bobcat.autodesk.com:443/artifactory/api/storage/team-maya-generic/Maya/master/pmac/2024-01-21-11-43_391eddf161/202401211143-391eddf161-RUNDEV.dmg
[2024-01-22T15:42:30.873Z] [DEBUG] Running: /usr/bin/curl -s -X GET --keepalive-time 10 --connect-timeout 60 --speed-limit 10000 --speed-time 120 --max-time 3600 --retry 5 --retry-max-time 2400 -H Connection:close -H Authorization:Basic ZWNnYmlmcm9zdDpvcGUqKjAw https://art-bobcat.autodesk.com:443/artifactory/api/storage/team-maya-generic/Maya/master/pmac/2024-01-21-11-43_391eddf161/202401211143-391eddf161-RUNDEV.dmg
[2024-01-22T15:42:30.873Z] [DEBUG] Output:
[2024-01-22T15:42:30.873Z] {
[2024-01-22T15:42:30.873Z]   "repo" : "team-maya-generic",
[2024-01-22T15:42:30.873Z]   "path" : "/Maya/master/pmac/2024-01-21-11-43_391eddf161/202401211143-391eddf161-RUNDEV.dmg",
[2024-01-22T15:42:30.873Z]   "created" : "2024-01-21T13:31:13.184-08:00",
[2024-01-22T15:42:30.873Z]   "createdBy" : "svc_aad_p_mescm",
[2024-01-22T15:42:30.873Z]   "lastModified" : "2024-01-21T13:26:10.353-08:00",
[2024-01-22T15:42:30.873Z]   "modifiedBy" : "svc_aad_p_mescm",
[2024-01-22T15:42:30.873Z]   "lastUpdated" : "2024-01-21T13:31:13.184-08:00",
[2024-01-22T15:42:30.873Z]   "downloadUri" : "https://art-bobcat.autodesk.com:443/artifactory/team-maya-generic/Maya/master/pmac/2024-01-21-11-43_391eddf161/202401211143-391eddf161-RUNDEV.dmg",
[2024-01-22T15:42:30.873Z]   "mimeType" : "application/octet-stream",
[2024-01-22T15:42:30.873Z]   "size" : "2883873727",
[2024-01-22T15:42:30.873Z]   "checksums" : {
[2024-01-22T15:42:30.873Z]     "sha1" : "6544166190520e97b775f5ef672272823ba83db9",
[2024-01-22T15:42:30.873Z]     "md5" : "37bd10a9beb49f5a51d054b3b546b31b",
[2024-01-22T15:42:30.873Z]     "sha256" : "3222d9c79b9d5111f06e8ac62fe16e3cec1ffa1ad25d576c9ab0f7776b84183c"
[2024-01-22T15:42:30.873Z]   },
[2024-01-22T15:42:30.873Z]   "originalChecksums" : {
[2024-01-22T15:42:30.873Z]     "sha1" : "6544166190520e97b775f5ef672272823ba83db9",
[2024-01-22T15:42:30.873Z]     "md5" : "37bd10a9beb49f5a51d054b3b546b31b",
[2024-01-22T15:42:30.873Z]     "sha256" : "3222d9c79b9d5111f06e8ac62fe16e3cec1ffa1ad25d576c9ab0f7776b84183c"
[2024-01-22T15:42:30.873Z]   },
[2024-01-22T15:42:30.873Z]   "uri" : "https://art-bobcat.autodesk.com:443/artifactory/api/storage/team-maya-generic/Maya/master/pmac/2024-01-21-11-43_391eddf161/202401211143-391eddf161-RUNDEV.dmg"
[2024-01-22T15:42:30.873Z] }
[2024-01-22T15:42:30.873Z] [VERBOSE] End loading URL (CURL): https://art-bobcat.autodesk.com:443/artifactory/api/storage/team-maya-generic/Maya/master/pmac/2024-01-21-11-43_391eddf161/202401211143-391eddf161-RUNDEV.dmg
[2024-01-22T15:42:30.873Z] Using Maya cut from /local/S/jenkins/workspace/shared/Artifactory/OSX/rundev-master/202401211143/runtime/6544166/runTime
[2024-01-22T15:42:30.873Z] Using Maya ADSK Signatures from /local/S/jenkins/workspace/shared/Artifactory/OSX/adsk-plugin-signatures-maya/2023/3ae1ae7
[2024-01-22T15:42:30.873Z] Using Maya Security Library from /local/S/jenkins/workspace/shared/Artifactory/OSX/maya-security-library/3.4.0/5e08f3e
[2024-01-22T15:42:30.873Z] Getting mayausd-cotd download URL from Maya SHA-1 hash
[2024-01-22T15:42:31.977Z] [VERBOSE] Start loading URL (CURL): https://art-bobcat.autodesk.com/artifactory/api/search/checksum?repos=team-maya-generic,oss-stg-generic,team-mayausd-post-generic,autodesk-3p-generic,adsk-build-tools-generic,team-ecg-generic&sha1=5c19b814d3b74aa601eb532501b0dca11e7f8fe8
[2024-01-22T15:42:31.977Z] [DEBUG] Running: /usr/bin/curl -s -X GET --keepalive-time 10 --connect-timeout 60 --speed-limit 10000 --speed-time 120 --max-time 3600 --retry 5 --retry-max-time 2400 -H Connection:close -H Authorization:Basic ZWNnYmlmcm9zdDpvcGUqKjAw https://art-bobcat.autodesk.com/artifactory/api/search/checksum?repos=team-maya-generic,oss-stg-generic,team-mayausd-post-generic,autodesk-3p-generic,adsk-build-tools-generic,team-ecg-generic&sha1=5c19b814d3b74aa601eb532501b0dca11e7f8fe8
[2024-01-22T15:42:31.977Z] [DEBUG] Output:
[2024-01-22T15:42:31.977Z] {
[2024-01-22T15:42:31.977Z]   "results" : [ {
[2024-01-22T15:42:31.977Z]     "uri" : "https://art-bobcat.autodesk.com:443/artifactory/api/storage/team-mayausd-post-generic/post/MayaUSD/cuts/COTD/osx/2024-01-17-09-03/MayaUSD_0.27.0_Maya2025_OSX_RelWithDebInfo_202401170904_0df9fb5_cut.zip"
[2024-01-22T15:42:31.977Z]   } ]
[2024-01-22T15:42:31.977Z] }
[2024-01-22T15:42:31.977Z] [VERBOSE] End loading URL (CURL): https://art-bobcat.autodesk.com/artifactory/api/search/checksum?repos=team-maya-generic,oss-stg-generic,team-mayausd-post-generic,autodesk-3p-generic,adsk-build-tools-generic,team-ecg-generic&sha1=5c19b814d3b74aa601eb532501b0dca11e7f8fe8
[2024-01-22T15:42:31.977Z] [VERBOSE] Start loading URL (CURL): https://art-bobcat.autodesk.com:443/artifactory/api/storage/team-mayausd-post-generic/post/MayaUSD/cuts/COTD/osx/2024-01-17-09-03/MayaUSD_0.27.0_Maya2025_OSX_RelWithDebInfo_202401170904_0df9fb5_cut.zip
[2024-01-22T15:42:31.977Z] [DEBUG] Running: /usr/bin/curl -s -X GET --keepalive-time 10 --connect-timeout 60 --speed-limit 10000 --speed-time 120 --max-time 3600 --retry 5 --retry-max-time 2400 -H Connection:close -H Authorization:Basic ZWNnYmlmcm9zdDpvcGUqKjAw https://art-bobcat.autodesk.com:443/artifactory/api/storage/team-mayausd-post-generic/post/MayaUSD/cuts/COTD/osx/2024-01-17-09-03/MayaUSD_0.27.0_Maya2025_OSX_RelWithDebInfo_202401170904_0df9fb5_cut.zip
[2024-01-22T15:42:31.977Z] [DEBUG] Output:
[2024-01-22T15:42:31.977Z] {
[2024-01-22T15:42:31.977Z]   "repo" : "team-mayausd-post-generic",
[2024-01-22T15:42:31.977Z]   "path" : "/post/MayaUSD/cuts/COTD/osx/2024-01-17-09-03/MayaUSD_0.27.0_Maya2025_OSX_RelWithDebInfo_202401170904_0df9fb5_cut.zip",
[2024-01-22T15:42:31.977Z]   "created" : "2024-01-17T10:41:16.664-08:00",
[2024-01-22T15:42:31.977Z]   "createdBy" : "svc_d_ecg",
[2024-01-22T15:42:31.977Z]   "lastModified" : "2024-01-17T10:41:11.837-08:00",
[2024-01-22T15:42:31.977Z]   "modifiedBy" : "svc_d_ecg",
[2024-01-22T15:42:31.977Z]   "lastUpdated" : "2024-01-17T10:41:16.665-08:00",
[2024-01-22T15:42:31.977Z]   "downloadUri" : "https://art-bobcat.autodesk.com:443/artifactory/team-mayausd-post-generic/post/MayaUSD/cuts/COTD/osx/2024-01-17-09-03/MayaUSD_0.27.0_Maya2025_OSX_RelWithDebInfo_202401170904_0df9fb5_cut.zip",
[2024-01-22T15:42:31.977Z]   "mimeType" : "application/zip",
[2024-01-22T15:42:31.977Z]   "size" : "298014101",
[2024-01-22T15:42:31.977Z]   "checksums" : {
[2024-01-22T15:42:31.977Z]     "sha1" : "5c19b814d3b74aa601eb532501b0dca11e7f8fe8",
[2024-01-22T15:42:31.977Z]     "md5" : "343a4263704f7a3c1c82275d67cec478",
[2024-01-22T15:42:31.977Z]     "sha256" : "fc41eb3f7d7177524fd87624462e434807dbf5913d5b8c6ce4d51663e9f85d20"
[2024-01-22T15:42:31.977Z]   },
[2024-01-22T15:42:31.977Z]   "originalChecksums" : {
[2024-01-22T15:42:31.977Z]     "sha1" : "5c19b814d3b74aa601eb532501b0dca11e7f8fe8",
[2024-01-22T15:42:31.977Z]     "md5" : "343a4263704f7a3c1c82275d67cec478",
[2024-01-22T15:42:31.977Z]     "sha256" : "fc41eb3f7d7177524fd87624462e434807dbf5913d5b8c6ce4d51663e9f85d20"
[2024-01-22T15:42:31.977Z]   },
[2024-01-22T15:42:31.977Z]   "uri" : "https://art-bobcat.autodesk.com:443/artifactory/api/storage/team-mayausd-post-generic/post/MayaUSD/cuts/COTD/osx/2024-01-17-09-03/MayaUSD_0.27.0_Maya2025_OSX_RelWithDebInfo_202401170904_0df9fb5_cut.zip"
[2024-01-22T15:42:31.977Z] }
[2024-01-22T15:42:31.977Z] [VERBOSE] End loading URL (CURL): https://art-bobcat.autodesk.com:443/artifactory/api/storage/team-mayausd-post-generic/post/MayaUSD/cuts/COTD/osx/2024-01-17-09-03/MayaUSD_0.27.0_Maya2025_OSX_RelWithDebInfo_202401170904_0df9fb5_cut.zip
[2024-01-22T15:42:31.977Z] [VERBOSE] Start loading URL (CURL): https://art-bobcat.autodesk.com:443/artifactory/api/storage/team-maya-generic/Maya/master/pmac/2024-01-21-11-43_391eddf161/202401211143-391eddf161-RUNDEV.dmg.multipart
[2024-01-22T15:42:31.977Z] [DEBUG] Running: /usr/bin/curl -s -X GET --keepalive-time 10 --connect-timeout 60 --speed-limit 10000 --speed-time 120 --max-time 3600 --retry 5 --retry-max-time 2400 -H Connection:close -H Authorization:Basic ZWNnYmlmcm9zdDpvcGUqKjAw https://art-bobcat.autodesk.com:443/artifactory/api/storage/team-maya-generic/Maya/master/pmac/2024-01-21-11-43_391eddf161/202401211143-391eddf161-RUNDEV.dmg.multipart
[2024-01-22T15:42:31.977Z] [DEBUG] Output:
[2024-01-22T15:42:31.977Z] {
[2024-01-22T15:42:31.977Z]   "errors" : [ {
[2024-01-22T15:42:31.977Z]     "status" : 404,
[2024-01-22T15:42:31.977Z]     "message" : "Unable to find item"
[2024-01-22T15:42:31.977Z]   } ]
[2024-01-22T15:42:31.977Z] }
[2024-01-22T15:42:31.977Z] [VERBOSE] End loading URL (CURL): https://art-bobcat.autodesk.com:443/artifactory/api/storage/team-maya-generic/Maya/master/pmac/2024-01-21-11-43_391eddf161/202401211143-391eddf161-RUNDEV.dmg.multipart
[2024-01-22T15:42:31.977Z] Downloading https://art-bobcat.autodesk.com:443/artifactory/team-maya-generic/Maya/master/pmac/2024-01-21-11-43_391eddf161/202401211143-391eddf161-RUNDEV.dmg to /local/S/jenkins/workspace/shared/Artifactory/OSX/tmp/tmp2vndc65h
[2024-01-22T15:42:32.507Z] [VERBOSE] Start downloading file (CURL): https://art-bobcat.autodesk.com:443/artifactory/team-maya-generic/Maya/master/pmac/2024-01-21-11-43_391eddf161/202401211143-391eddf161-RUNDEV.dmg
[2024-01-22T15:42:32.507Z] [DEBUG] Running: /usr/bin/curl -sI -X GET --keepalive-time 10 --connect-timeout 60 --speed-limit 10000 --speed-time 120 --max-time 3600 --retry 5 --retry-max-time 2400 -H Connection:close -H Authorization:Basic ZWNnYmlmcm9zdDpvcGUqKjAw https://art-bobcat.autodesk.com:443/artifactory/team-maya-generic/Maya/master/pmac/2024-01-21-11-43_391eddf161/202401211143-391eddf161-RUNDEV.dmg
[2024-01-22T15:42:32.507Z] [DEBUG] Header:
[2024-01-22T15:42:32.507Z] HTTP/1.1 200 
[2024-01-22T15:42:32.507Z] Date: Mon, 22 Jan 2024 15:42:32 GMT
[2024-01-22T15:42:32.507Z] Content-Type: application/octet-stream
[2024-01-22T15:42:32.507Z] Content-Length: 2883873727
[2024-01-22T15:42:32.507Z] Connection: close
[2024-01-22T15:42:32.507Z] X-JFrog-Version: Artifactory/7.55.9 75509900
[2024-01-22T15:42:32.507Z] X-Artifactory-Id: 79b311d0333bdd120c0de6ef1436b28063dfc95b
[2024-01-22T15:42:32.507Z] X-Artifactory-Node-Id: ussclpdrsync007
[2024-01-22T15:42:32.507Z] Last-Modified: Sun, 21 Jan 2024 21:26:10 GMT
[2024-01-22T15:42:32.507Z] ETag: 6544166190520e97b775f5ef672272823ba83db9
[2024-01-22T15:42:32.507Z] X-Checksum-Sha1: 6544166190520e97b775f5ef672272823ba83db9
[2024-01-22T15:42:32.507Z] X-Checksum-Sha256: 3222d9c79b9d5111f06e8ac62fe16e3cec1ffa1ad25d576c9ab0f7776b84183c
[2024-01-22T15:42:32.507Z] X-Checksum-Md5: 37bd10a9beb49f5a51d054b3b546b31b
[2024-01-22T15:42:32.507Z] Accept-Ranges: bytes
[2024-01-22T15:42:32.507Z] X-Artifactory-Filename: 202401211143-391eddf161-RUNDEV.dmg
[2024-01-22T15:42:32.507Z] Content-Disposition: attachment; filename="202401211143-391eddf161-RUNDEV.dmg"; filename*=UTF-8''"202401211143-391eddf161-RUNDEV.dmg"
[2024-01-22T15:42:32.507Z] Access-Control-Allow-Methods: GET, PUT, POST, OPTIONS, HEAD
[2024-01-22T15:42:32.507Z] Access-Control-Allow-Headers: Authorization, Origin, X-Requested-With, Content-Type, Accept
[2024-01-22T15:42:32.507Z] Access-Control-Allow-Credentials: true
[2024-01-22T15:42:32.507Z] Set-Cookie: AlteonSC=2539135754.47873.0000; path=/; Httponly; Secure
[2024-01-22T15:42:32.507Z] [DEBUG] Running: /usr/bin/curl --progress-bar -X GET --keepalive-time 10 --connect-timeout 60 --speed-limit 10000 --speed-time 120 --max-time 3600 --retry 5 --retry-max-time 2400 -H Connection:close -H Authorization:Basic ZWNnYmlmcm9zdDpvcGUqKjAw https://art-bobcat.autodesk.com:443/artifactory/team-maya-generic/Maya/master/pmac/2024-01-21-11-43_391eddf161/202401211143-391eddf161-RUNDEV.dmg -o /local/S/jenkins/workspace/shared/Artifactory/OSX/tmp/tmp2vndc65h/202401211143-391eddf161-RUNDEV.dmg
[2024-01-22T15:42:32.507Z]       0% complete.
[2024-01-22T15:42:36.661Z]       1% complete.
[2024-01-22T15:42:39.967Z]       2% complete.
[2024-01-22T15:42:43.256Z]       3% complete.
[2024-01-22T15:42:45.004Z]       4% complete.
[2024-01-22T15:42:46.749Z]       5% complete.
[2024-01-22T15:42:49.204Z]       6% complete.
[2024-01-22T15:42:52.455Z]       7% complete.
[2024-01-22T15:42:54.202Z]       8% complete.
[2024-01-22T15:42:56.659Z]       9% complete.
[2024-01-22T15:42:59.914Z]      10% complete.
[2024-01-22T15:43:03.175Z]      11% complete.
[2024-01-22T15:43:05.657Z]      12% complete.
[2024-01-22T15:43:07.416Z]      13% complete.
[2024-01-22T15:43:10.690Z]      14% complete.
[2024-01-22T15:43:13.941Z]      15% complete.
[2024-01-22T15:43:15.691Z]      16% complete.
[2024-01-22T15:43:18.152Z]      17% complete.
[2024-01-22T15:43:20.626Z]      18% complete.
[2024-01-22T15:43:24.796Z]      19% complete.
[2024-01-22T15:43:28.053Z]      20% complete.
[2024-01-22T15:43:29.798Z]      21% complete.
[2024-01-22T15:43:31.651Z]      22% complete.
[2024-01-22T15:43:34.378Z]      23% complete.
[2024-01-22T15:43:36.132Z]      24% complete.
[2024-01-22T15:43:38.043Z]      25% complete.
[2024-01-22T15:43:39.165Z]      26% complete.
[2024-01-22T15:43:40.911Z]      27% complete.
[2024-01-22T15:43:44.173Z]      28% complete.
[2024-01-22T15:43:46.636Z]      29% complete.
[2024-01-22T15:43:48.390Z]      30% complete.
[2024-01-22T15:43:50.137Z]      31% complete.
[2024-01-22T15:43:51.245Z]      32% complete.
[2024-01-22T15:43:53.000Z]      33% complete.
[2024-01-22T15:43:54.109Z]      34% complete.
[2024-01-22T15:43:56.566Z]      35% complete.
[2024-01-22T15:43:59.043Z]      36% complete.
[2024-01-22T15:44:00.800Z]      37% complete.
[2024-01-22T15:44:01.908Z]      38% complete.
[2024-01-22T15:44:04.407Z]      39% complete.
[2024-01-22T15:44:05.532Z]      40% complete.
[2024-01-22T15:44:07.294Z]      41% complete.
[2024-01-22T15:44:09.757Z]      42% complete.
[2024-01-22T15:44:11.536Z]      43% complete.
[2024-01-22T15:44:13.306Z]      44% complete.
[2024-01-22T15:44:15.762Z]      45% complete.
[2024-01-22T15:44:17.508Z]      46% complete.
[2024-01-22T15:44:20.767Z]      47% complete.
[2024-01-22T15:44:23.238Z]      48% complete.
[2024-01-22T15:44:25.014Z]      49% complete.
[2024-01-22T15:44:28.266Z]      50% complete.
[2024-01-22T15:44:30.022Z]      51% complete.
[2024-01-22T15:44:32.490Z]      52% complete.
[2024-01-22T15:44:35.738Z]      53% complete.
[2024-01-22T15:44:38.207Z]      54% complete.
[2024-01-22T15:44:39.332Z]      55% complete.
[2024-01-22T15:44:41.087Z]      56% complete.
[2024-01-22T15:44:43.539Z]      57% complete.
[2024-01-22T15:44:44.678Z]      58% complete.
[2024-01-22T15:44:46.431Z]      59% complete.
[2024-01-22T15:44:48.216Z]      60% complete.
[2024-01-22T15:44:49.537Z]      61% complete.
[2024-01-22T15:44:51.339Z]      62% complete.
[2024-01-22T15:44:53.085Z]      63% complete.
[2024-01-22T15:44:54.829Z]      64% complete.
[2024-01-22T15:44:58.124Z]      65% complete.
[2024-01-22T15:44:59.231Z]      66% complete.
[2024-01-22T15:45:00.340Z]      67% complete.
[2024-01-22T15:45:02.819Z]      68% complete.
[2024-01-22T15:45:05.279Z]      69% complete.
[2024-01-22T15:45:06.456Z]      70% complete.
[2024-01-22T15:45:07.573Z]      71% complete.
[2024-01-22T15:45:08.680Z]      72% complete.
[2024-01-22T15:45:11.137Z]      73% complete.
[2024-01-22T15:45:13.590Z]      74% complete.
[2024-01-22T15:45:14.702Z]      75% complete.
[2024-01-22T15:45:16.446Z]      76% complete.
[2024-01-22T15:45:18.193Z]      77% complete.
[2024-01-22T15:45:20.651Z]      78% complete.
[2024-01-22T15:45:21.761Z]      79% complete.
[2024-01-22T15:45:22.868Z]      80% complete.
[2024-01-22T15:45:23.978Z]      81% complete.
[2024-01-22T15:45:25.729Z]      82% complete.
[2024-01-22T15:45:28.187Z]      83% complete.
[2024-01-22T15:45:29.954Z]      84% complete.
[2024-01-22T15:45:31.066Z]      85% complete.
[2024-01-22T15:45:32.811Z]      86% complete.
[2024-01-22T15:45:34.558Z]      87% complete.
[2024-01-22T15:45:35.670Z]      88% complete.
[2024-01-22T15:45:37.415Z]      89% complete.
[2024-01-22T15:45:39.226Z]      90% complete.
[2024-01-22T15:45:40.973Z]      91% complete.
[2024-01-22T15:45:44.254Z]      92% complete.
[2024-01-22T15:45:46.004Z]      93% complete.
[2024-01-22T15:45:49.258Z]      94% complete.
[2024-01-22T15:45:50.369Z]      95% complete.
[2024-01-22T15:45:52.116Z]      96% complete.
[2024-01-22T15:45:53.228Z]      97% complete.
[2024-01-22T15:45:54.333Z]      98% complete.
[2024-01-22T15:45:56.786Z]      99% complete.
[2024-01-22T15:45:57.893Z]     100% complete.
[2024-01-22T15:45:57.893Z] [VERBOSE] End downloading file (CURL): https://art-bobcat.autodesk.com:443/artifactory/team-maya-generic/Maya/master/pmac/2024-01-21-11-43_391eddf161/202401211143-391eddf161-RUNDEV.dmg
[2024-01-22T15:45:57.893Z] Extracting 202401211143-391eddf161-RUNDEV.dmg to /local/S/jenkins/workspace/shared/Artifactory/OSX/tmp/tmpsnf24rqb
[2024-01-22T15:46:16.502Z] <?xml version="1.0" encoding="UTF-8"?>
[2024-01-22T15:46:16.502Z] <!DOCTYPE plist PUBLIC "-//Apple//DTD PLIST 1.0//EN" "http://www.apple.com/DTDs/PropertyList-1.0.dtd">
[2024-01-22T15:46:16.502Z] <plist version="1.0">
[2024-01-22T15:46:16.502Z] <dict>
[2024-01-22T15:46:16.502Z] 	<key>system-entities</key>
[2024-01-22T15:46:16.502Z] 	<array>
[2024-01-22T15:46:16.502Z] 		<dict>
[2024-01-22T15:46:16.502Z] 			<key>content-hint</key>
[2024-01-22T15:46:16.502Z] 			<string>EFI</string>
[2024-01-22T15:46:16.502Z] 			<key>dev-entry</key>
[2024-01-22T15:46:16.502Z] 			<string>/dev/disk4s1</string>
[2024-01-22T15:46:16.502Z] 			<key>potentially-mountable</key>
[2024-01-22T15:46:16.502Z] 			<true/>
[2024-01-22T15:46:16.502Z] 			<key>unmapped-content-hint</key>
[2024-01-22T15:46:16.502Z] 			<string>C12A7328-F81F-11D2-BA4B-00A0C93EC93B</string>
[2024-01-22T15:46:16.502Z] 			<key>volume-kind</key>
[2024-01-22T15:46:16.502Z] 			<string>msdos</string>
[2024-01-22T15:46:16.502Z] 		</dict>
[2024-01-22T15:46:16.502Z] 		<dict>
[2024-01-22T15:46:16.502Z] 			<key>content-hint</key>
[2024-01-22T15:46:16.502Z] 			<string>Apple_HFS</string>
[2024-01-22T15:46:16.502Z] 			<key>dev-entry</key>
[2024-01-22T15:46:16.502Z] 			<string>/dev/disk4s2</string>
[2024-01-22T15:46:16.502Z] 			<key>mount-point</key>
[2024-01-22T15:46:16.502Z] 			<string>/Volumes/zip</string>
[2024-01-22T15:46:16.502Z] 			<key>potentially-mountable</key>
[2024-01-22T15:46:16.502Z] 			<true/>
[2024-01-22T15:46:16.502Z] 			<key>unmapped-content-hint</key>
[2024-01-22T15:46:16.502Z] 			<string>48465300-0000-11AA-AA11-00306543ECAC</string>
[2024-01-22T15:46:16.502Z] 			<key>volume-kind</key>
[2024-01-22T15:46:16.502Z] 			<string>hfs</string>
[2024-01-22T15:46:16.502Z] 		</dict>
[2024-01-22T15:46:16.502Z] 		<dict>
[2024-01-22T15:46:16.502Z] 			<key>content-hint</key>
[2024-01-22T15:46:16.502Z] 			<string>GUID_partition_scheme</string>
[2024-01-22T15:46:16.502Z] 			<key>dev-entry</key>
[2024-01-22T15:46:16.502Z] 			<string>/dev/disk4</string>
[2024-01-22T15:46:16.502Z] 			<key>potentially-mountable</key>
[2024-01-22T15:46:16.502Z] 			<false/>
[2024-01-22T15:46:16.502Z] 			<key>unmapped-content-hint</key>
[2024-01-22T15:46:16.502Z] 			<string>GUID_partition_scheme</string>
[2024-01-22T15:46:16.502Z] 		</dict>
[2024-01-22T15:46:16.502Z] 	</array>
[2024-01-22T15:46:16.502Z] </dict>
[2024-01-22T15:46:16.502Z] </plist>
[2024-01-22T15:46:53.532Z] "disk4" ejected.
[2024-01-22T15:46:53.532Z] Installing on /local/S/jenkins/workspace/shared/Artifactory/OSX/rundev-master/202401211143/runtime/6544166
[2024-01-22T15:46:53.532Z] [VERBOSE] Start loading URL (CURL): https://art-bobcat.autodesk.com:443/artifactory/api/storage/team-mayausd-post-generic/post/MayaUSD/cuts/COTD/osx/2024-01-17-09-03/MayaUSD_0.27.0_Maya2025_OSX_RelWithDebInfo_202401170904_0df9fb5_cut.zip.multipart
[2024-01-22T15:46:53.532Z] [DEBUG] Running: /usr/bin/curl -s -X GET --keepalive-time 10 --connect-timeout 60 --speed-limit 10000 --speed-time 120 --max-time 3600 --retry 5 --retry-max-time 2400 -H Connection:close -H Authorization:Basic ZWNnYmlmcm9zdDpvcGUqKjAw https://art-bobcat.autodesk.com:443/artifactory/api/storage/team-mayausd-post-generic/post/MayaUSD/cuts/COTD/osx/2024-01-17-09-03/MayaUSD_0.27.0_Maya2025_OSX_RelWithDebInfo_202401170904_0df9fb5_cut.zip.multipart
[2024-01-22T15:46:53.532Z] [DEBUG] Output:
[2024-01-22T15:46:53.532Z] {
[2024-01-22T15:46:53.532Z]   "errors" : [ {
[2024-01-22T15:46:53.532Z]     "status" : 404,
[2024-01-22T15:46:53.532Z]     "message" : "Unable to find item"
[2024-01-22T15:46:53.532Z]   } ]
[2024-01-22T15:46:53.532Z] }
[2024-01-22T15:46:53.532Z] [VERBOSE] End loading URL (CURL): https://art-bobcat.autodesk.com:443/artifactory/api/storage/team-mayausd-post-generic/post/MayaUSD/cuts/COTD/osx/2024-01-17-09-03/MayaUSD_0.27.0_Maya2025_OSX_RelWithDebInfo_202401170904_0df9fb5_cut.zip.multipart
[2024-01-22T15:46:53.532Z] Downloading https://art-bobcat.autodesk.com:443/artifactory/team-mayausd-post-generic/post/MayaUSD/cuts/COTD/osx/2024-01-17-09-03/MayaUSD_0.27.0_Maya2025_OSX_RelWithDebInfo_202401170904_0df9fb5_cut.zip to /local/S/jenkins/workspace/shared/Artifactory/OSX/tmp/tmp1lmsvjqf
[2024-01-22T15:46:53.532Z] [VERBOSE] Start downloading file (CURL): https://art-bobcat.autodesk.com:443/artifactory/team-mayausd-post-generic/post/MayaUSD/cuts/COTD/osx/2024-01-17-09-03/MayaUSD_0.27.0_Maya2025_OSX_RelWithDebInfo_202401170904_0df9fb5_cut.zip
[2024-01-22T15:46:53.532Z] [DEBUG] Running: /usr/bin/curl -sI -X GET --keepalive-time 10 --connect-timeout 60 --speed-limit 10000 --speed-time 120 --max-time 3600 --retry 5 --retry-max-time 2400 -H Connection:close -H Authorization:Basic ZWNnYmlmcm9zdDpvcGUqKjAw https://art-bobcat.autodesk.com:443/artifactory/team-mayausd-post-generic/post/MayaUSD/cuts/COTD/osx/2024-01-17-09-03/MayaUSD_0.27.0_Maya2025_OSX_RelWithDebInfo_202401170904_0df9fb5_cut.zip
[2024-01-22T15:46:53.532Z] [DEBUG] Header:
[2024-01-22T15:46:53.532Z] HTTP/1.1 200 
[2024-01-22T15:46:53.532Z] Date: Mon, 22 Jan 2024 15:46:52 GMT
[2024-01-22T15:46:53.532Z] Content-Type: application/zip
[2024-01-22T15:46:53.532Z] Content-Length: 298014101
[2024-01-22T15:46:53.532Z] Connection: close
[2024-01-22T15:46:53.532Z] X-JFrog-Version: Artifactory/7.55.9 75509900
[2024-01-22T15:46:53.532Z] X-Artifactory-Id: 79b311d0333bdd120c0de6ef1436b28063dfc95b
[2024-01-22T15:46:53.532Z] X-Artifactory-Node-Id: ussclpdrsync007
[2024-01-22T15:46:53.532Z] Last-Modified: Wed, 17 Jan 2024 18:41:11 GMT
[2024-01-22T15:46:53.532Z] ETag: 5c19b814d3b74aa601eb532501b0dca11e7f8fe8
[2024-01-22T15:46:53.532Z] X-Checksum-Sha1: 5c19b814d3b74aa601eb532501b0dca11e7f8fe8
[2024-01-22T15:46:53.532Z] X-Checksum-Sha256: fc41eb3f7d7177524fd87624462e434807dbf5913d5b8c6ce4d51663e9f85d20
[2024-01-22T15:46:53.532Z] X-Checksum-Md5: 343a4263704f7a3c1c82275d67cec478
[2024-01-22T15:46:53.532Z] Accept-Ranges: bytes
[2024-01-22T15:46:53.532Z] X-Artifactory-Filename: MayaUSD_0.27.0_Maya2025_OSX_RelWithDebInfo_202401170904_0df9fb5_cut.zip
[2024-01-22T15:46:53.532Z] Content-Disposition: attachment; filename="MayaUSD_0.27.0_Maya2025_OSX_RelWithDebInfo_202401170904_0df9fb5_cut.zip"; filename*=UTF-8''"MayaUSD_0.27.0_Maya2025_OSX_RelWithDebInfo_202401170904_0df9fb5_cut.zip"
[2024-01-22T15:46:53.532Z] Access-Control-Allow-Methods: GET, PUT, POST, OPTIONS, HEAD
[2024-01-22T15:46:53.532Z] Access-Control-Allow-Headers: Authorization, Origin, X-Requested-With, Content-Type, Accept
[2024-01-22T15:46:53.532Z] Access-Control-Allow-Credentials: true
[2024-01-22T15:46:53.532Z] Set-Cookie: AlteonSC=2539135754.47873.0000; path=/; Httponly; Secure
[2024-01-22T15:46:53.532Z] [DEBUG] Running: /usr/bin/curl --progress-bar -X GET --keepalive-time 10 --connect-timeout 60 --speed-limit 10000 --speed-time 120 --max-time 3600 --retry 5 --retry-max-time 2400 -H Connection:close -H Authorization:Basic ZWNnYmlmcm9zdDpvcGUqKjAw https://art-bobcat.autodesk.com:443/artifactory/team-mayausd-post-generic/post/MayaUSD/cuts/COTD/osx/2024-01-17-09-03/MayaUSD_0.27.0_Maya2025_OSX_RelWithDebInfo_202401170904_0df9fb5_cut.zip -o /local/S/jenkins/workspace/shared/Artifactory/OSX/tmp/tmp1lmsvjqf/MayaUSD_0.27.0_Maya2025_OSX_RelWithDebInfo_202401170904_0df9fb5_cut.zip
[2024-01-22T15:46:53.532Z]       0% complete.
[2024-01-22T15:46:54.061Z]       1% complete.
[2024-01-22T15:46:54.589Z]       2% complete.
[2024-01-22T15:46:55.118Z]       3% complete.
[2024-01-22T15:46:55.647Z]       4% complete.
[2024-01-22T15:46:55.647Z]       5% complete.
[2024-01-22T15:46:56.176Z]       6% complete.
[2024-01-22T15:46:56.176Z]       7% complete.
[2024-01-22T15:46:56.725Z]       8% complete.
[2024-01-22T15:46:56.725Z]       9% complete.
[2024-01-22T15:46:57.253Z]      10% complete.
[2024-01-22T15:46:57.253Z]      11% complete.
[2024-01-22T15:46:57.782Z]      12% complete.
[2024-01-22T15:46:59.529Z]      13% complete.
[2024-01-22T15:46:59.529Z]      14% complete.
[2024-01-22T15:47:00.060Z]      15% complete.
[2024-01-22T15:47:00.588Z]      16% complete.
[2024-01-22T15:47:00.588Z]      17% complete.
[2024-01-22T15:47:00.588Z]      18% complete.
[2024-01-22T15:47:01.115Z]      19% complete.
[2024-01-22T15:47:01.115Z]      20% complete.
[2024-01-22T15:47:02.864Z]      21% complete.
[2024-01-22T15:47:02.864Z]      22% complete.
[2024-01-22T15:47:02.864Z]      23% complete.
[2024-01-22T15:47:03.393Z]      24% complete.
[2024-01-22T15:47:03.393Z]      25% complete.
[2024-01-22T15:47:03.393Z]      26% complete.
[2024-01-22T15:47:03.963Z]      27% complete.
[2024-01-22T15:47:03.963Z]      28% complete.
[2024-01-22T15:47:03.963Z]      29% complete.
[2024-01-22T15:47:04.494Z]      30% complete.
[2024-01-22T15:47:04.494Z]      31% complete.
[2024-01-22T15:47:05.063Z]      32% complete.
[2024-01-22T15:47:05.063Z]      33% complete.
[2024-01-22T15:47:05.592Z]      34% complete.
[2024-01-22T15:47:06.127Z]      35% complete.
[2024-01-22T15:47:06.656Z]      36% complete.
[2024-01-22T15:47:06.656Z]      37% complete.
[2024-01-22T15:47:06.656Z]      38% complete.
[2024-01-22T15:47:07.183Z]      39% complete.
[2024-01-22T15:47:07.183Z]      40% complete.
[2024-01-22T15:47:07.711Z]      41% complete.
[2024-01-22T15:47:07.711Z]      42% complete.
[2024-01-22T15:47:07.711Z]      43% complete.
[2024-01-22T15:47:08.239Z]      44% complete.
[2024-01-22T15:47:08.239Z]      45% complete.
[2024-01-22T15:47:08.239Z]      46% complete.
[2024-01-22T15:47:08.774Z]      47% complete.
[2024-01-22T15:47:08.774Z]      48% complete.
[2024-01-22T15:47:08.774Z]      49% complete.
[2024-01-22T15:47:09.303Z]      50% complete.
[2024-01-22T15:47:09.303Z]      51% complete.
[2024-01-22T15:47:09.303Z]      52% complete.
[2024-01-22T15:47:09.832Z]      53% complete.
[2024-01-22T15:47:09.832Z]      54% complete.
[2024-01-22T15:47:10.360Z]      56% complete.
[2024-01-22T15:47:10.360Z]      57% complete.
[2024-01-22T15:47:10.887Z]      58% complete.
[2024-01-22T15:47:10.887Z]      59% complete.
[2024-01-22T15:47:10.887Z]      60% complete.
[2024-01-22T15:47:11.417Z]      61% complete.
[2024-01-22T15:47:11.417Z]      62% complete.
[2024-01-22T15:47:11.417Z]      63% complete.
[2024-01-22T15:47:11.947Z]      64% complete.
[2024-01-22T15:47:11.947Z]      65% complete.
[2024-01-22T15:47:12.475Z]      66% complete.
[2024-01-22T15:47:12.475Z]      67% complete.
[2024-01-22T15:47:12.475Z]      68% complete.
[2024-01-22T15:47:13.005Z]      70% complete.
[2024-01-22T15:47:13.005Z]      71% complete.
[2024-01-22T15:47:13.005Z]      72% complete.
[2024-01-22T15:47:13.005Z]      73% complete.
[2024-01-22T15:47:13.533Z]      74% complete.
[2024-01-22T15:47:13.533Z]      75% complete.
[2024-01-22T15:47:13.533Z]      76% complete.
[2024-01-22T15:47:13.533Z]      77% complete.
[2024-01-22T15:47:14.060Z]      78% complete.
[2024-01-22T15:47:14.060Z]      79% complete.
[2024-01-22T15:47:14.060Z]      80% complete.
[2024-01-22T15:47:14.589Z]      81% complete.
[2024-01-22T15:47:14.589Z]      82% complete.
[2024-01-22T15:47:15.123Z]      83% complete.
[2024-01-22T15:47:15.123Z]      84% complete.
[2024-01-22T15:47:15.123Z]      85% complete.
[2024-01-22T15:47:15.652Z]      86% complete.
[2024-01-22T15:47:16.180Z]      87% complete.
[2024-01-22T15:47:16.180Z]      88% complete.
[2024-01-22T15:47:16.708Z]      89% complete.
[2024-01-22T15:47:16.708Z]      90% complete.
[2024-01-22T15:47:17.236Z]      91% complete.
[2024-01-22T15:47:17.236Z]      92% complete.
[2024-01-22T15:47:18.339Z]      93% complete.
[2024-01-22T15:47:18.866Z]      94% complete.
[2024-01-22T15:47:18.866Z]      95% complete.
[2024-01-22T15:47:18.866Z]      96% complete.
[2024-01-22T15:47:19.395Z]      97% complete.
[2024-01-22T15:47:19.395Z]      98% complete.
[2024-01-22T15:47:19.920Z]      99% complete.
[2024-01-22T15:47:19.920Z]     100% complete.
[2024-01-22T15:47:19.920Z] [VERBOSE] End downloading file (CURL): https://art-bobcat.autodesk.com:443/artifactory/team-mayausd-post-generic/post/MayaUSD/cuts/COTD/osx/2024-01-17-09-03/MayaUSD_0.27.0_Maya2025_OSX_RelWithDebInfo_202401170904_0df9fb5_cut.zip
[2024-01-22T15:47:19.920Z] Extracting MayaUSD_0.27.0_Maya2025_OSX_RelWithDebInfo_202401170904_0df9fb5_cut.zip to /local/S/jenkins/workspace/shared/Artifactory/OSX/tmp/tmpya3r3yya
[2024-01-22T15:47:21.653Z] Installing on /local/S/jenkins/workspace/shared/Artifactory/OSX/mayausd-cotd/202401170904/runtime/5c19b81
[2024-01-22T15:47:21.653Z] 
[2024-01-22T15:47:21.653Z] ================================================================================
[2024-01-22T15:47:21.653Z]                              setup (RelWithDebInfo)
[2024-01-22T15:47:21.653Z] ================================================================================
[2024-01-22T15:47:21.653Z] Installing license file 'melicense.lic'.
[Pipeline] }
[Pipeline] // withEnv
[Pipeline] }
[Pipeline] // timeout
[Pipeline] }
[Pipeline] // stage
[Pipeline] }
[Pipeline] // timestamps
[Pipeline] timestamps
[Pipeline] {
[Pipeline] stage
[Pipeline] { (Clean)
[Pipeline] timeout
[2024-01-22T15:47:21.992Z] Timeout set to expire in 6 hr 0 min
[Pipeline] {
[Pipeline] withEnv
[Pipeline] {
[Pipeline] sh
[2024-01-22T15:47:23.120Z] + python ecg-maya-hydra/build.py --stages=clean --workspace-dir=/local/S/jenkins/workspace/ECP/ecg-maya-hydra/ecg-maya-hydra-branch-preflight-python3-osx --artifactory-dir=/local/S/jenkins/workspace/shared/Artifactory --build-dir=/local/S/jenkins/workspace/ECP/ecg-maya-hydra/ecg-maya-hydra-branch-preflight-python3-osx/build --install-dir=/local/S/jenkins/workspace/ECP/ecg-maya-hydra/ecg-maya-hydra-branch-preflight-python3-osx/install --signing-dir=/local/S/jenkins/workspace/ECP/ecg-maya-hydra/ecg-maya-hydra-branch-preflight-python3-osx/signing --package-dir=/local/S/jenkins/workspace/ECP/ecg-maya-hydra/ecg-maya-hydra-branch-preflight-python3-osx/package --output-dir=/local/S/jenkins/workspace/ECP/ecg-maya-hydra/ecg-maya-hydra-branch-preflight-python3-osx/output --stash-dir=/local/S/jenkins/workspace/ECP/ecg-maya-hydra/ecg-maya-hydra-branch-preflight-python3-osx/stash --jenkins-build=474 --git-commit=8d8f87274605c211c52d8b9a8317a98ac9b44a68 --git-branch=master --variants=Debug --interactive-tests=false --post-zips=false --osx-binary-architecture-target=ub2 --osx-deployment-target=11.0 --osx-base-sdk=CurrentActiveSDK --maya-cut-config=maya-rundev-master-debug.yaml --maya-package=rundev-master-debug --stage-banner
[2024-01-22T15:47:23.120Z] config_file /Volumes/DATA/local/S/jenkins/workspace/ECP/ecg-maya-hydra/ecg-maya-hydra-branch-preflight-python3-osx/ecg-maya-hydra/maya-rundev-master-debug.yaml
[2024-01-22T15:47:23.120Z] Using Maya cut from /local/S/jenkins/workspace/shared/Artifactory/OSX/rundev-master-debug/202401211143/runtime/9cdf1d1/runTime
[2024-01-22T15:47:23.120Z] Using Maya ADSK Signatures from /local/S/jenkins/workspace/shared/Artifactory/OSX/adsk-plugin-signatures-maya/2023/3ae1ae7
[2024-01-22T15:47:23.120Z] Using Maya Security Library from /local/S/jenkins/workspace/shared/Artifactory/OSX/maya-security-library/3.4.0/5e08f3e
[2024-01-22T15:47:23.120Z] 
[2024-01-22T15:47:23.120Z] ================================================================================
[2024-01-22T15:47:23.120Z]                                  clean (Debug)
[2024-01-22T15:47:23.120Z] ================================================================================
[2024-01-22T15:47:23.120Z] Maya Python Debug Info:
[2024-01-22T15:47:23.120Z]   mayapy executable   = /local/S/jenkins/workspace/shared/Artifactory/OSX/rundev-master-debug/202401211143/runtime/9cdf1d1/runTime/Maya.app/Contents/bin/mayapy
[2024-01-22T15:47:23.120Z]   Include Folder      = /local/S/jenkins/workspace/shared/Artifactory/OSX/rundev-master-debug/202401211143/runtime/9cdf1d1/runTime/Maya.app/Contents/Frameworks/Python.framework/Versions/Current/include/python3.11
[2024-01-22T15:47:23.120Z]   Library             = /local/S/jenkins/workspace/shared/Artifactory/OSX/rundev-master-debug/202401211143/runtime/9cdf1d1/runTime/Maya.app/Contents/Frameworks/Python.framework/Versions/Current/lib/libpython3.11.dylib
[2024-01-22T15:47:23.120Z]   site-package Folder = /local/S/jenkins/workspace/shared/Artifactory/OSX/rundev-master-debug/202401211143/runtime/9cdf1d1/runTime/Maya.app/Contents/Frameworks/Python.framework/Versions/Current/lib/python3.11/site-packages
[2024-01-22T15:47:45.243Z] Adding Python package requirements: ['/local/S/jenkins/workspace/shared/Artifactory/OSX/rundev-master-debug/202401211143/runtime/9cdf1d1/runTime/Maya.app/Contents/bin/mayapy', '-m', 'pip', 'install', '-t', '/local/S/jenkins/workspace/shared/Artifactory/OSX/rundev-master-debug/202401211143/runtime/9cdf1d1/runTime/Maya.app/Contents/Frameworks/Python.framework/Versions/Current/lib/python3.11/site-packages', '-r', 'python_requirements.txt']
[2024-01-22T15:47:45.767Z] In workdir: /Volumes/DATA/local/S/jenkins/workspace/ECP/ecg-maya-hydra/ecg-maya-hydra-branch-preflight-python3-osx/ecg-maya-hydra/maya-hydra
[2024-01-22T15:47:45.767Z] Executing: arch -arch arm64 /local/S/jenkins/workspace/shared/Artifactory/OSX/rundev-master-debug/202401211143/runtime/9cdf1d1/runTime/Maya.app/Contents/bin/mayapy /Volumes/DATA/local/S/jenkins/workspace/ECP/ecg-maya-hydra/ecg-maya-hydra-branch-preflight-python3-osx/ecg-maya-hydra/maya-hydra/build.py --generator Ninja --build-debug --maya-location /local/S/jenkins/workspace/shared/Artifactory/OSX/rundev-master-debug/202401211143/runtime/9cdf1d1/runTime --devkit-location /local/S/jenkins/workspace/shared/Artifactory/OSX/rundev-master-debug/202401211143/runtime/9cdf1d1/devkitBase --pxrusd-location /local/S/jenkins/workspace/shared/Artifactory/OSX/USD/ca7f6ed --build-args=-DCMAKE_MAKE_PROGRAM=/local/S/jenkins/workspace/shared/Artifactory/OSX/ninja/1.10.2/95d0ca5/ninja,-DPYTHON_INCLUDE_DIR=/local/S/jenkins/workspace/shared/Artifactory/OSX/rundev-master-debug/202401211143/runtime/9cdf1d1/runTime/Maya.app/Contents/Frameworks/Python.framework/Versions/Current/include/python3.11,-DPython_EXECUTABLE=/local/S/jenkins/workspace/shared/Artifactory/OSX/rundev-master-debug/202401211143/runtime/9cdf1d1/runTime/Maya.app/Contents/bin/mayapy,-DPYTHON_LIBRARIES=/local/S/jenkins/workspace/shared/Artifactory/OSX/rundev-master-debug/202401211143/runtime/9cdf1d1/runTime/Maya.app/Contents/Frameworks/Python.framework/Versions/Current/lib/libpython3.11.dylib,-DBUILD_WITH_PYTHON_3_VERSION=3.11,-DBUILD_UB2=ON,-DCMAKE_WANT_MATERIALX_BUILD=ON,-DCMAKE_PREFIX_PATH=/local/S/jenkins/workspace/shared/Artifactory/OSX/USD/ca7f6ed,-DMAYAHYDRA_BUILD_NUMBER=474,-DMAYAHYDRA_GIT_COMMIT=8d8f87274605c211c52d8b9a8317a98ac9b44a68,-DMAYAHYDRA_GIT_BRANCH=master,-DMAYAUSD_LOCATION=/local/S/jenkins/workspace/shared/Artifactory/OSX/mayausd-cotd-debug/202401170904/runtime/d26f121/mayausd '--ctest-args=-LE interactive,--parallel 8' --stages=clean --redirect-outstream-file=False --install-location /local/S/jenkins/workspace/ECP/ecg-maya-hydra/ecg-maya-hydra-branch-preflight-python3-osx/install/Debug/MayaHydra /local/S/jenkins/workspace/ECP/ecg-maya-hydra/ecg-maya-hydra-branch-preflight-python3-osx
[2024-01-22T15:47:45.767Z] Modified environment variables:
[2024-01-22T15:47:45.767Z]     PATH=/local/S/jenkins/workspace/shared/Artifactory/OSX/cmake/3.20.3/2594509/bin:/opt/homebrew/bin:/usr/local/bin:/bin:/usr/sbin:/sbin:/usr/bin:/usr/bin:/bin:/usr/sbin:/sbin
[2024-01-22T15:47:45.767Z]     
[2024-01-22T15:47:45.767Z]         Building with settings:
[2024-01-22T15:47:45.767Z]           Source directory          /Volumes/DATA/local/S/jenkins/workspace/ECP/ecg-maya-hydra/ecg-maya-hydra-branch-preflight-python3-osx/ecg-maya-hydra/maya-hydra
[2024-01-22T15:47:45.767Z]           Workspace directory       /local/S/jenkins/workspace/ECP/ecg-maya-hydra/ecg-maya-hydra-branch-preflight-python3-osx
[2024-01-22T15:47:45.767Z]           Build directory           /local/S/jenkins/workspace/ECP/ecg-maya-hydra/ecg-maya-hydra-branch-preflight-python3-osx/build/Debug
[2024-01-22T15:47:45.767Z]           Install directory         /local/S/jenkins/workspace/ECP/ecg-maya-hydra/ecg-maya-hydra-branch-preflight-python3-osx/install/Debug/MayaHydra
[2024-01-22T15:47:45.767Z]           Variant                   Debug
[2024-01-22T15:47:45.767Z]           Python Debug              Off
[2024-01-22T15:47:45.767Z]           CMake generator           Ninja
[2024-01-22T15:47:45.767Z]           Build arguments           ['-DCMAKE_MAKE_PROGRAM=/local/S/jenkins/workspace/shared/Artifactory/OSX/ninja/1.10.2/95d0ca5/ninja', '-DPYTHON_INCLUDE_DIR=/local/S/jenkins/workspace/shared/Artifactory/OSX/rundev-master-debug/202401211143/runtime/9cdf1d1/runTime/Maya.app/Contents/Frameworks/Python.framework/Versions/Current/include/python3.11', '-DPython_EXECUTABLE=/local/S/jenkins/workspace/shared/Artifactory/OSX/rundev-master-debug/202401211143/runtime/9cdf1d1/runTime/Maya.app/Contents/bin/mayapy', '-DPYTHON_LIBRARIES=/local/S/jenkins/workspace/shared/Artifactory/OSX/rundev-master-debug/202401211143/runtime/9cdf1d1/runTime/Maya.app/Contents/Frameworks/Python.framework/Versions/Current/lib/libpython3.11.dylib', '-DBUILD_WITH_PYTHON_3_VERSION=3.11', '-DBUILD_UB2=ON', '-DCMAKE_WANT_MATERIALX_BUILD=ON', '-DCMAKE_PREFIX_PATH=/local/S/jenkins/workspace/shared/Artifactory/OSX/USD/ca7f6ed', '-DMAYAHYDRA_BUILD_NUMBER=474', '-DMAYAHYDRA_GIT_COMMIT=8d8f87274605c211c52d8b9a8317a98ac9b44a68', '-DMAYAHYDRA_GIT_BRANCH=master', '-DMAYAUSD_LOCATION=/local/S/jenkins/workspace/shared/Artifactory/OSX/mayausd-cotd-debug/202401170904/runtime/d26f121/mayausd']
[2024-01-22T15:47:45.767Z]           Stages arguments          ['clean']
[2024-01-22T15:47:45.767Z]           CTest arguments           ['-LE interactive', '--parallel 8']
[2024-01-22T15:47:45.767Z]     Success MayaHydra build and install !!!!
[2024-01-22T15:47:45.767Z]     Elapsed time: 00:00:00
[Pipeline] sh
[2024-01-22T15:47:47.356Z] + python ecg-maya-hydra/build.py --stages=clean --workspace-dir=/local/S/jenkins/workspace/ECP/ecg-maya-hydra/ecg-maya-hydra-branch-preflight-python3-osx --artifactory-dir=/local/S/jenkins/workspace/shared/Artifactory --build-dir=/local/S/jenkins/workspace/ECP/ecg-maya-hydra/ecg-maya-hydra-branch-preflight-python3-osx/build --install-dir=/local/S/jenkins/workspace/ECP/ecg-maya-hydra/ecg-maya-hydra-branch-preflight-python3-osx/install --signing-dir=/local/S/jenkins/workspace/ECP/ecg-maya-hydra/ecg-maya-hydra-branch-preflight-python3-osx/signing --package-dir=/local/S/jenkins/workspace/ECP/ecg-maya-hydra/ecg-maya-hydra-branch-preflight-python3-osx/package --output-dir=/local/S/jenkins/workspace/ECP/ecg-maya-hydra/ecg-maya-hydra-branch-preflight-python3-osx/output --stash-dir=/local/S/jenkins/workspace/ECP/ecg-maya-hydra/ecg-maya-hydra-branch-preflight-python3-osx/stash --jenkins-build=474 --git-commit=8d8f87274605c211c52d8b9a8317a98ac9b44a68 --git-branch=master --variants=RelWithDebInfo --interactive-tests=false --post-zips=false --osx-binary-architecture-target=ub2 --osx-deployment-target=11.0 --osx-base-sdk=CurrentActiveSDK --maya-cut-config=maya-rundev-master.yaml --maya-package=rundev-master --stage-banner
[2024-01-22T15:47:47.357Z] config_file /Volumes/DATA/local/S/jenkins/workspace/ECP/ecg-maya-hydra/ecg-maya-hydra-branch-preflight-python3-osx/ecg-maya-hydra/maya-rundev-master.yaml
[2024-01-22T15:47:47.357Z] Using Maya cut from /local/S/jenkins/workspace/shared/Artifactory/OSX/rundev-master/202401211143/runtime/6544166/runTime
[2024-01-22T15:47:47.357Z] Using Maya ADSK Signatures from /local/S/jenkins/workspace/shared/Artifactory/OSX/adsk-plugin-signatures-maya/2023/3ae1ae7
[2024-01-22T15:47:47.357Z] Using Maya Security Library from /local/S/jenkins/workspace/shared/Artifactory/OSX/maya-security-library/3.4.0/5e08f3e
[2024-01-22T15:47:47.357Z] 
[2024-01-22T15:47:47.357Z] ================================================================================
[2024-01-22T15:47:47.357Z]                              clean (RelWithDebInfo)
[2024-01-22T15:47:47.357Z] ================================================================================
[2024-01-22T15:47:47.357Z] Maya Python RelWithDebInfo Info:
[2024-01-22T15:47:47.357Z]   mayapy executable   = /local/S/jenkins/workspace/shared/Artifactory/OSX/rundev-master/202401211143/runtime/6544166/runTime/Maya.app/Contents/bin/mayapy
[2024-01-22T15:47:47.357Z]   Include Folder      = /local/S/jenkins/workspace/shared/Artifactory/OSX/rundev-master/202401211143/runtime/6544166/runTime/Maya.app/Contents/Frameworks/Python.framework/Versions/Current/include/python3.11
[2024-01-22T15:47:47.357Z]   Library             = /local/S/jenkins/workspace/shared/Artifactory/OSX/rundev-master/202401211143/runtime/6544166/runTime/Maya.app/Contents/Frameworks/Python.framework/Versions/Current/lib/libpython3.11.dylib
[2024-01-22T15:47:47.357Z]   site-package Folder = /local/S/jenkins/workspace/shared/Artifactory/OSX/rundev-master/202401211143/runtime/6544166/runTime/Maya.app/Contents/Frameworks/Python.framework/Versions/Current/lib/python3.11/site-packages
[2024-01-22T15:48:03.053Z] Adding Python package requirements: ['/local/S/jenkins/workspace/shared/Artifactory/OSX/rundev-master/202401211143/runtime/6544166/runTime/Maya.app/Contents/bin/mayapy', '-m', 'pip', 'install', '-t', '/local/S/jenkins/workspace/shared/Artifactory/OSX/rundev-master/202401211143/runtime/6544166/runTime/Maya.app/Contents/Frameworks/Python.framework/Versions/Current/lib/python3.11/site-packages', '-r', 'python_requirements.txt']
[2024-01-22T15:48:03.053Z] In workdir: /Volumes/DATA/local/S/jenkins/workspace/ECP/ecg-maya-hydra/ecg-maya-hydra-branch-preflight-python3-osx/ecg-maya-hydra/maya-hydra
[2024-01-22T15:48:03.053Z] Executing: arch -arch arm64 /local/S/jenkins/workspace/shared/Artifactory/OSX/rundev-master/202401211143/runtime/6544166/runTime/Maya.app/Contents/bin/mayapy /Volumes/DATA/local/S/jenkins/workspace/ECP/ecg-maya-hydra/ecg-maya-hydra-branch-preflight-python3-osx/ecg-maya-hydra/maya-hydra/build.py --generator Ninja --build-relwithdebug --maya-location /local/S/jenkins/workspace/shared/Artifactory/OSX/rundev-master/202401211143/runtime/6544166/runTime --devkit-location /local/S/jenkins/workspace/shared/Artifactory/OSX/rundev-master/202401211143/runtime/6544166/devkitBase --pxrusd-location /local/S/jenkins/workspace/shared/Artifactory/OSX/USD/8270819 --build-args=-DCMAKE_MAKE_PROGRAM=/local/S/jenkins/workspace/shared/Artifactory/OSX/ninja/1.10.2/95d0ca5/ninja,-DPYTHON_INCLUDE_DIR=/local/S/jenkins/workspace/shared/Artifactory/OSX/rundev-master/202401211143/runtime/6544166/runTime/Maya.app/Contents/Frameworks/Python.framework/Versions/Current/include/python3.11,-DPython_EXECUTABLE=/local/S/jenkins/workspace/shared/Artifactory/OSX/rundev-master/202401211143/runtime/6544166/runTime/Maya.app/Contents/bin/mayapy,-DPYTHON_LIBRARIES=/local/S/jenkins/workspace/shared/Artifactory/OSX/rundev-master/202401211143/runtime/6544166/runTime/Maya.app/Contents/Frameworks/Python.framework/Versions/Current/lib/libpython3.11.dylib,-DBUILD_WITH_PYTHON_3_VERSION=3.11,-DBUILD_UB2=ON,-DCMAKE_WANT_MATERIALX_BUILD=ON,-DCMAKE_PREFIX_PATH=/local/S/jenkins/workspace/shared/Artifactory/OSX/USD/8270819,-DMAYAHYDRA_BUILD_NUMBER=474,-DMAYAHYDRA_GIT_COMMIT=8d8f87274605c211c52d8b9a8317a98ac9b44a68,-DMAYAHYDRA_GIT_BRANCH=master,-DMAYAUSD_LOCATION=/local/S/jenkins/workspace/shared/Artifactory/OSX/mayausd-cotd/202401170904/runtime/5c19b81/mayausd '--ctest-args=-LE interactive,--parallel 8' --stages=clean --redirect-outstream-file=False --install-location /local/S/jenkins/workspace/ECP/ecg-maya-hydra/ecg-maya-hydra-branch-preflight-python3-osx/install/RelWithDebInfo/MayaHydra /local/S/jenkins/workspace/ECP/ecg-maya-hydra/ecg-maya-hydra-branch-preflight-python3-osx
[2024-01-22T15:48:03.053Z] Modified environment variables:
[2024-01-22T15:48:03.053Z]     PATH=/local/S/jenkins/workspace/shared/Artifactory/OSX/cmake/3.20.3/2594509/bin:/opt/homebrew/bin:/usr/local/bin:/bin:/usr/sbin:/sbin:/usr/bin:/usr/bin:/bin:/usr/sbin:/sbin
[2024-01-22T15:48:03.578Z]     
[2024-01-22T15:48:03.578Z]         Building with settings:
[2024-01-22T15:48:03.578Z]           Source directory          /Volumes/DATA/local/S/jenkins/workspace/ECP/ecg-maya-hydra/ecg-maya-hydra-branch-preflight-python3-osx/ecg-maya-hydra/maya-hydra
[2024-01-22T15:48:03.578Z]           Workspace directory       /local/S/jenkins/workspace/ECP/ecg-maya-hydra/ecg-maya-hydra-branch-preflight-python3-osx
[2024-01-22T15:48:03.578Z]           Build directory           /local/S/jenkins/workspace/ECP/ecg-maya-hydra/ecg-maya-hydra-branch-preflight-python3-osx/build/RelWithDebInfo
[2024-01-22T15:48:03.578Z]           Install directory         /local/S/jenkins/workspace/ECP/ecg-maya-hydra/ecg-maya-hydra-branch-preflight-python3-osx/install/RelWithDebInfo/MayaHydra
[2024-01-22T15:48:03.578Z]           Variant                   RelWithDebInfo
[2024-01-22T15:48:03.578Z]           Python Debug              Off
[2024-01-22T15:48:03.578Z]           CMake generator           Ninja
[2024-01-22T15:48:03.578Z]           Build arguments           ['-DCMAKE_MAKE_PROGRAM=/local/S/jenkins/workspace/shared/Artifactory/OSX/ninja/1.10.2/95d0ca5/ninja', '-DPYTHON_INCLUDE_DIR=/local/S/jenkins/workspace/shared/Artifactory/OSX/rundev-master/202401211143/runtime/6544166/runTime/Maya.app/Contents/Frameworks/Python.framework/Versions/Current/include/python3.11', '-DPython_EXECUTABLE=/local/S/jenkins/workspace/shared/Artifactory/OSX/rundev-master/202401211143/runtime/6544166/runTime/Maya.app/Contents/bin/mayapy', '-DPYTHON_LIBRARIES=/local/S/jenkins/workspace/shared/Artifactory/OSX/rundev-master/202401211143/runtime/6544166/runTime/Maya.app/Contents/Frameworks/Python.framework/Versions/Current/lib/libpython3.11.dylib', '-DBUILD_WITH_PYTHON_3_VERSION=3.11', '-DBUILD_UB2=ON', '-DCMAKE_WANT_MATERIALX_BUILD=ON', '-DCMAKE_PREFIX_PATH=/local/S/jenkins/workspace/shared/Artifactory/OSX/USD/8270819', '-DMAYAHYDRA_BUILD_NUMBER=474', '-DMAYAHYDRA_GIT_COMMIT=8d8f87274605c211c52d8b9a8317a98ac9b44a68', '-DMAYAHYDRA_GIT_BRANCH=master', '-DMAYAUSD_LOCATION=/local/S/jenkins/workspace/shared/Artifactory/OSX/mayausd-cotd/202401170904/runtime/5c19b81/mayausd']
[2024-01-22T15:48:03.578Z]           Stages arguments          ['clean']
[2024-01-22T15:48:03.578Z]           CTest arguments           ['-LE interactive', '--parallel 8']
[2024-01-22T15:48:03.578Z]     Success MayaHydra build and install !!!!
[2024-01-22T15:48:03.578Z]     Elapsed time: 00:00:00
[Pipeline] }
[Pipeline] // withEnv
[Pipeline] }
[Pipeline] // timeout
[Pipeline] }
[Pipeline] // stage
[Pipeline] }
[Pipeline] // timestamps
[Pipeline] timestamps
[Pipeline] {
[Pipeline] stage
[Pipeline] { (Configure)
[Pipeline] timeout
[2024-01-22T15:48:03.923Z] Timeout set to expire in 6 hr 0 min
[Pipeline] {
[Pipeline] withEnv
[Pipeline] {
[Pipeline] sh
[2024-01-22T15:48:05.054Z] + python ecg-maya-hydra/build.py --stages=configure --workspace-dir=/local/S/jenkins/workspace/ECP/ecg-maya-hydra/ecg-maya-hydra-branch-preflight-python3-osx --artifactory-dir=/local/S/jenkins/workspace/shared/Artifactory --build-dir=/local/S/jenkins/workspace/ECP/ecg-maya-hydra/ecg-maya-hydra-branch-preflight-python3-osx/build --install-dir=/local/S/jenkins/workspace/ECP/ecg-maya-hydra/ecg-maya-hydra-branch-preflight-python3-osx/install --signing-dir=/local/S/jenkins/workspace/ECP/ecg-maya-hydra/ecg-maya-hydra-branch-preflight-python3-osx/signing --package-dir=/local/S/jenkins/workspace/ECP/ecg-maya-hydra/ecg-maya-hydra-branch-preflight-python3-osx/package --output-dir=/local/S/jenkins/workspace/ECP/ecg-maya-hydra/ecg-maya-hydra-branch-preflight-python3-osx/output --stash-dir=/local/S/jenkins/workspace/ECP/ecg-maya-hydra/ecg-maya-hydra-branch-preflight-python3-osx/stash --jenkins-build=474 --git-commit=8d8f87274605c211c52d8b9a8317a98ac9b44a68 --git-branch=master --variants=Debug --interactive-tests=false --post-zips=false --osx-binary-architecture-target=ub2 --osx-deployment-target=11.0 --osx-base-sdk=CurrentActiveSDK --maya-cut-config=maya-rundev-master-debug.yaml --maya-package=rundev-master-debug --stage-banner
[2024-01-22T15:48:05.054Z] config_file /Volumes/DATA/local/S/jenkins/workspace/ECP/ecg-maya-hydra/ecg-maya-hydra-branch-preflight-python3-osx/ecg-maya-hydra/maya-rundev-master-debug.yaml
[2024-01-22T15:48:05.054Z] Using Maya cut from /local/S/jenkins/workspace/shared/Artifactory/OSX/rundev-master-debug/202401211143/runtime/9cdf1d1/runTime
[2024-01-22T15:48:05.054Z] Using Maya ADSK Signatures from /local/S/jenkins/workspace/shared/Artifactory/OSX/adsk-plugin-signatures-maya/2023/3ae1ae7
[2024-01-22T15:48:05.054Z] Using Maya Security Library from /local/S/jenkins/workspace/shared/Artifactory/OSX/maya-security-library/3.4.0/5e08f3e
[2024-01-22T15:48:05.054Z] 
[2024-01-22T15:48:05.054Z] ================================================================================
[2024-01-22T15:48:05.054Z]                                configure (Debug)
[2024-01-22T15:48:05.054Z] ================================================================================
[2024-01-22T15:48:05.054Z] Maya Python Debug Info:
[2024-01-22T15:48:05.054Z]   mayapy executable   = /local/S/jenkins/workspace/shared/Artifactory/OSX/rundev-master-debug/202401211143/runtime/9cdf1d1/runTime/Maya.app/Contents/bin/mayapy
[2024-01-22T15:48:05.054Z]   Include Folder      = /local/S/jenkins/workspace/shared/Artifactory/OSX/rundev-master-debug/202401211143/runtime/9cdf1d1/runTime/Maya.app/Contents/Frameworks/Python.framework/Versions/Current/include/python3.11
[2024-01-22T15:48:05.054Z]   Library             = /local/S/jenkins/workspace/shared/Artifactory/OSX/rundev-master-debug/202401211143/runtime/9cdf1d1/runTime/Maya.app/Contents/Frameworks/Python.framework/Versions/Current/lib/libpython3.11.dylib
[2024-01-22T15:48:05.054Z]   site-package Folder = /local/S/jenkins/workspace/shared/Artifactory/OSX/rundev-master-debug/202401211143/runtime/9cdf1d1/runTime/Maya.app/Contents/Frameworks/Python.framework/Versions/Current/lib/python3.11/site-packages
[2024-01-22T15:48:05.580Z] In workdir: /Volumes/DATA/local/S/jenkins/workspace/ECP/ecg-maya-hydra/ecg-maya-hydra-branch-preflight-python3-osx/ecg-maya-hydra/maya-hydra
[2024-01-22T15:48:05.580Z] Executing: arch -arch arm64 /local/S/jenkins/workspace/shared/Artifactory/OSX/rundev-master-debug/202401211143/runtime/9cdf1d1/runTime/Maya.app/Contents/bin/mayapy /Volumes/DATA/local/S/jenkins/workspace/ECP/ecg-maya-hydra/ecg-maya-hydra-branch-preflight-python3-osx/ecg-maya-hydra/maya-hydra/build.py --generator Ninja --build-debug --maya-location /local/S/jenkins/workspace/shared/Artifactory/OSX/rundev-master-debug/202401211143/runtime/9cdf1d1/runTime --devkit-location /local/S/jenkins/workspace/shared/Artifactory/OSX/rundev-master-debug/202401211143/runtime/9cdf1d1/devkitBase --pxrusd-location /local/S/jenkins/workspace/shared/Artifactory/OSX/USD/ca7f6ed --build-args=-DCMAKE_MAKE_PROGRAM=/local/S/jenkins/workspace/shared/Artifactory/OSX/ninja/1.10.2/95d0ca5/ninja,-DPYTHON_INCLUDE_DIR=/local/S/jenkins/workspace/shared/Artifactory/OSX/rundev-master-debug/202401211143/runtime/9cdf1d1/runTime/Maya.app/Contents/Frameworks/Python.framework/Versions/Current/include/python3.11,-DPython_EXECUTABLE=/local/S/jenkins/workspace/shared/Artifactory/OSX/rundev-master-debug/202401211143/runtime/9cdf1d1/runTime/Maya.app/Contents/bin/mayapy,-DPYTHON_LIBRARIES=/local/S/jenkins/workspace/shared/Artifactory/OSX/rundev-master-debug/202401211143/runtime/9cdf1d1/runTime/Maya.app/Contents/Frameworks/Python.framework/Versions/Current/lib/libpython3.11.dylib,-DBUILD_WITH_PYTHON_3_VERSION=3.11,-DBUILD_UB2=ON,-DCMAKE_WANT_MATERIALX_BUILD=ON,-DCMAKE_PREFIX_PATH=/local/S/jenkins/workspace/shared/Artifactory/OSX/USD/ca7f6ed,-DMAYAHYDRA_BUILD_NUMBER=474,-DMAYAHYDRA_GIT_COMMIT=8d8f87274605c211c52d8b9a8317a98ac9b44a68,-DMAYAHYDRA_GIT_BRANCH=master,-DMAYAUSD_LOCATION=/local/S/jenkins/workspace/shared/Artifactory/OSX/mayausd-cotd-debug/202401170904/runtime/d26f121/mayausd '--ctest-args=-LE interactive,--parallel 8' --stages=configure --redirect-outstream-file=False --install-location /local/S/jenkins/workspace/ECP/ecg-maya-hydra/ecg-maya-hydra-branch-preflight-python3-osx/install/Debug/MayaHydra /local/S/jenkins/workspace/ECP/ecg-maya-hydra/ecg-maya-hydra-branch-preflight-python3-osx
[2024-01-22T15:48:05.580Z] Modified environment variables:
[2024-01-22T15:48:05.580Z]     PATH=/local/S/jenkins/workspace/shared/Artifactory/OSX/cmake/3.20.3/2594509/bin:/opt/homebrew/bin:/usr/local/bin:/bin:/usr/sbin:/sbin:/usr/bin:/usr/bin:/bin:/usr/sbin:/sbin
[2024-01-22T15:48:16.617Z]     -- The C compiler identification is AppleClang 13.1.6.13160021
[2024-01-22T15:48:16.617Z]     -- The CXX compiler identification is AppleClang 13.1.6.13160021
[2024-01-22T15:48:16.617Z]     -- Detecting C compiler ABI info
[2024-01-22T15:48:16.617Z]     -- Detecting C compiler ABI info - done
[2024-01-22T15:48:16.617Z]     -- Check for working C compiler: /Applications/Xcode.app/Contents/Developer/Toolchains/XcodeDefault.xctoolchain/usr/bin/cc - skipped
[2024-01-22T15:48:16.617Z]     -- Detecting C compile features
[2024-01-22T15:48:16.617Z]     -- Detecting C compile features - done
[2024-01-22T15:48:16.617Z]     -- Detecting CXX compiler ABI info
[2024-01-22T15:48:16.617Z]     -- Detecting CXX compiler ABI info - done
[2024-01-22T15:48:16.617Z]     -- Check for working CXX compiler: /Applications/Xcode.app/Contents/Developer/Toolchains/XcodeDefault.xctoolchain/usr/bin/c++ - skipped
[2024-01-22T15:48:16.617Z]     -- Detecting CXX compile features
[2024-01-22T15:48:16.617Z]     -- Detecting CXX compile features - done
[2024-01-22T15:48:16.617Z]     -- Building with Universal Binary 2
[2024-01-22T15:48:17.720Z]     -- Using Maya Light API Version 3
[2024-01-22T15:48:17.720Z]     -- Maya has setDefaultMaterialHandling API
[2024-01-22T15:48:17.720Z]     -- Maya has new point snapping API
[2024-01-22T15:48:17.720Z]     -- Maya has isInCrashHandler API
[2024-01-22T15:48:17.720Z]     -- Maya has getDisplayStyleOfAllViewports API
[2024-01-22T15:48:17.720Z]     -- Maya array iterator has difference_type trait
[2024-01-22T15:48:17.720Z]     -- MFnSet has getMemberPaths function
[2024-01-22T15:48:17.720Z]     -- MFnDisplayLayer exists
[2024-01-22T15:48:17.720Z]     -- MDisplayLayerMessage has MDisplayLayerMemberChangedFunction
[2024-01-22T15:48:17.720Z]     -- MRenderItem has HideOnPlayback API
[2024-01-22T15:48:17.720Z]     -- MacOSX: Maya was built with Universal Binary 2 (x86_64/arm64)
[2024-01-22T15:48:17.720Z]     -- Found Maya: /local/S/jenkins/workspace/shared/Artifactory/OSX/rundev-master-debug/202401211143/runtime/9cdf1d1/runTime/maya.app/Contents/MacOS/Maya (found suitable version "2025", minimum required is "2024")
[2024-01-22T15:48:17.720Z]     -- Found Python: /local/S/jenkins/workspace/shared/Artifactory/OSX/rundev-master-debug/202401211143/runtime/9cdf1d1/runTime/Maya.app/Contents/bin/mayapy (found suitable exact version "3.11.4") found components: Interpreter
[2024-01-22T15:48:17.720Z]     -- Build mayaHydra with Python3 = 3.11
[2024-01-22T15:48:17.720Z]     --    PYTHON_INCLUDE_DIRS = /local/S/jenkins/workspace/shared/Artifactory/OSX/rundev-master-debug/202401211143/runtime/9cdf1d1/runTime/Maya.app/Contents/Frameworks/Python.framework/Versions/Current/include/python3.11
[2024-01-22T15:48:17.720Z]     --    PYTHON_LIBRARIES    = /local/S/jenkins/workspace/shared/Artifactory/OSX/rundev-master-debug/202401211143/runtime/9cdf1d1/runTime/Maya.app/Contents/Frameworks/Python.framework/Versions/Current/lib/libpython3.11.dylib
[2024-01-22T15:48:17.720Z]     --    Python_EXECUTABLE   = /local/S/jenkins/workspace/shared/Artifactory/OSX/rundev-master-debug/202401211143/runtime/9cdf1d1/runTime/Maya.app/Contents/bin/mayapy
[2024-01-22T15:48:17.720Z]     -- Found Python3: /local/S/jenkins/workspace/shared/Artifactory/OSX/rundev-master-debug/202401211143/runtime/9cdf1d1/runTime/Maya.app/Contents/Frameworks/Python.framework/Versions/Current/include/python3.11 (found suitable exact version "3.11.4") found components: Development Development.Module Development.Embed
[2024-01-22T15:48:17.720Z]     -- USD has new Sdr.PropertyTypes.Color4
[2024-01-22T15:48:18.249Z]     -- USD has MaterialX metadata support
[2024-01-22T15:48:18.249Z]     -- USD include dir: /local/S/jenkins/workspace/shared/Artifactory/OSX/USD/ca7f6ed/include
[2024-01-22T15:48:18.249Z]     -- USD library dir: /local/S/jenkins/workspace/shared/Artifactory/OSX/USD/ca7f6ed/lib
[2024-01-22T15:48:18.249Z]     -- USD version: 0.23.11
[2024-01-22T15:48:18.249Z]     -- Found USD: /local/S/jenkins/workspace/shared/Artifactory/OSX/USD/ca7f6ed (found suitable version "0.23.11", minimum required is "0.22.11")
[2024-01-22T15:48:18.249Z]     Updated PYTHONPATH: /local/S/jenkins/workspace/shared/Artifactory/OSX/USD/ca7f6ed/lib/python
[2024-01-22T15:48:18.249Z]     -- Found UFE: /local/S/jenkins/workspace/shared/Artifactory/OSX/rundev-master-debug/202401211143/runtime/9cdf1d1/devkitBase/devkit/ufe/include (found version "5.0.0")
[2024-01-22T15:48:18.249Z]     -- UFE include dir: /local/S/jenkins/workspace/shared/Artifactory/OSX/rundev-master-debug/202401211143/runtime/9cdf1d1/devkitBase/devkit/ufe/include
[2024-01-22T15:48:18.249Z]     -- UFE library: /local/S/jenkins/workspace/shared/Artifactory/OSX/rundev-master-debug/202401211143/runtime/9cdf1d1/devkitBase/devkit/ufe/lib/libufe_5.dylib
[2024-01-22T15:48:18.249Z]     -- UFE version: 5.0.0
[2024-01-22T15:48:18.249Z]     -- Maya has UFE lights API
[2024-01-22T15:48:18.249Z]     -- Maya has UFE scene segment API
[2024-01-22T15:48:18.249Z]     -- Maya has UFE TrieNode childrenComponents accessor
[2024-01-22T15:48:18.249Z]     -- Building with UFE 5.0.0.
[2024-01-22T15:48:18.249Z]     CMake Warning (dev) at /Volumes/DATA/local/S/jenkins/workspace/shared/Artifactory/OSX/cmake/3.20.3/2594509/share/cmake-3.20/Modules/FindPackageHandleStandardArgs.cmake:438 (message):
[2024-01-22T15:48:18.249Z]       The package name passed to `find_package_handle_standard_args` (MAYAUSD)
[2024-01-22T15:48:18.249Z]       does not match the name of the calling package (MayaUsd).  This can lead to
[2024-01-22T15:48:18.249Z]       problems in calling code that expects `find_package` result variables
[2024-01-22T15:48:18.249Z]       (e.g., `_FOUND`) to follow a certain pattern.
[2024-01-22T15:48:18.249Z]     Call Stack (most recent call first):
[2024-01-22T15:48:18.249Z]       cmake/modules/FindMayaUsd.cmake:62 (find_package_handle_standard_args)
[2024-01-22T15:48:18.249Z]       CMakeLists.txt:134 (find_package)
[2024-01-22T15:48:18.249Z]     This warning is for project developers.  Use -Wno-dev to suppress it.
[2024-01-22T15:48:18.249Z]     
[2024-01-22T15:48:18.249Z]     -- Could NOT find MAYAUSD (missing: MAYAUSD_INCLUDE_DIR MAYAUSD_LIBRARY_DIR)
[2024-01-22T15:48:18.249Z]     CMake Error at cmake/modules/FindMayaUsd.cmake:86 (message):
[2024-01-22T15:48:18.249Z]       Could not find MayaUsd library and include directories in the folder
[2024-01-22T15:48:18.249Z]       provided :
[2024-01-22T15:48:18.249Z]       /local/S/jenkins/workspace/shared/Artifactory/OSX/mayausd-cotd-debug/202401170904/runtime/d26f121/mayausd
[2024-01-22T15:48:18.249Z]     Call Stack (most recent call first):
[2024-01-22T15:48:18.249Z]       CMakeLists.txt:134 (find_package)
[2024-01-22T15:48:18.249Z]     
[2024-01-22T15:48:18.249Z]     
[2024-01-22T15:48:18.249Z]     -- Configuring incomplete, errors occurred!
[2024-01-22T15:48:18.249Z]     See also "/Volumes/DATA/local/S/jenkins/workspace/ECP/ecg-maya-hydra/ecg-maya-hydra-branch-preflight-python3-osx/build/Debug/CMakeFiles/CMakeOutput.log".
[2024-01-22T15:48:18.249Z]     See also "/Volumes/DATA/local/S/jenkins/workspace/ECP/ecg-maya-hydra/ecg-maya-hydra-branch-preflight-python3-osx/build/Debug/CMakeFiles/CMakeError.log".
[2024-01-22T15:48:18.249Z]     
[2024-01-22T15:48:18.249Z]         Building with settings:
[2024-01-22T15:48:18.249Z]           Source directory          /Volumes/DATA/local/S/jenkins/workspace/ECP/ecg-maya-hydra/ecg-maya-hydra-branch-preflight-python3-osx/ecg-maya-hydra/maya-hydra
[2024-01-22T15:48:18.249Z]           Workspace directory       /local/S/jenkins/workspace/ECP/ecg-maya-hydra/ecg-maya-hydra-branch-preflight-python3-osx
[2024-01-22T15:48:18.249Z]           Build directory           /local/S/jenkins/workspace/ECP/ecg-maya-hydra/ecg-maya-hydra-branch-preflight-python3-osx/build/Debug
[2024-01-22T15:48:18.249Z]           Install directory         /local/S/jenkins/workspace/ECP/ecg-maya-hydra/ecg-maya-hydra-branch-preflight-python3-osx/install/Debug/MayaHydra
[2024-01-22T15:48:18.249Z]           Variant                   Debug
[2024-01-22T15:48:18.249Z]           Python Debug              Off
[2024-01-22T15:48:18.249Z]           CMake generator           Ninja
[2024-01-22T15:48:18.249Z]           Build arguments           ['-DCMAKE_MAKE_PROGRAM=/local/S/jenkins/workspace/shared/Artifactory/OSX/ninja/1.10.2/95d0ca5/ninja', '-DPYTHON_INCLUDE_DIR=/local/S/jenkins/workspace/shared/Artifactory/OSX/rundev-master-debug/202401211143/runtime/9cdf1d1/runTime/Maya.app/Contents/Frameworks/Python.framework/Versions/Current/include/python3.11', '-DPython_EXECUTABLE=/local/S/jenkins/workspace/shared/Artifactory/OSX/rundev-master-debug/202401211143/runtime/9cdf1d1/runTime/Maya.app/Contents/bin/mayapy', '-DPYTHON_LIBRARIES=/local/S/jenkins/workspace/shared/Artifactory/OSX/rundev-master-debug/202401211143/runtime/9cdf1d1/runTime/Maya.app/Contents/Frameworks/Python.framework/Versions/Current/lib/libpython3.11.dylib', '-DBUILD_WITH_PYTHON_3_VERSION=3.11', '-DBUILD_UB2=ON', '-DCMAKE_WANT_MATERIALX_BUILD=ON', '-DCMAKE_PREFIX_PATH=/local/S/jenkins/workspace/shared/Artifactory/OSX/USD/ca7f6ed', '-DMAYAHYDRA_BUILD_NUMBER=474', '-DMAYAHYDRA_GIT_COMMIT=8d8f87274605c211c52d8b9a8317a98ac9b44a68', '-DMAYAHYDRA_GIT_BRANCH=master', '-DMAYAUSD_LOCATION=/local/S/jenkins/workspace/shared/Artifactory/OSX/mayausd-cotd-debug/202401170904/runtime/d26f121/mayausd']
[2024-01-22T15:48:18.249Z]           Stages arguments          ['configure']
[2024-01-22T15:48:18.249Z]           CTest arguments           ['-LE interactive', '--parallel 8']
[2024-01-22T15:48:18.249Z]     STATUS: Could not find Maya Qt6.
[2024-01-22T15:48:18.249Z]     STATUS:   Extracting '/local/S/jenkins/workspace/shared/Artifactory/OSX/rundev-master-debug/202401211143/runtime/9cdf1d1/devkitBase/Qt.tgz' to '/local/S/jenkins/workspace/shared/Artifactory/OSX/rundev-master-debug/202401211143/runtime/9cdf1d1/devkitBase'
[2024-01-22T15:48:18.249Z]     #####################################################################################
[2024-01-22T15:48:18.249Z]     log date: 2024-01-22 07:48
[2024-01-22T15:48:18.249Z]     commit sha: e5f9a6c9a02ec7a9a65f29a3c07db58373f4c190
[2024-01-22T15:48:18.249Z]     commit date: Mon Jan 22 07:23:04 2024 -0800
[2024-01-22T15:48:18.249Z]     #####################################################################################
[2024-01-22T15:48:18.249Z]     
[2024-01-22T15:48:18.249Z]     cmake -DCMAKE_INSTALL_PREFIX="/local/S/jenkins/workspace/ECP/ecg-maya-hydra/ecg-maya-hydra-branch-preflight-python3-osx/install/Debug/MayaHydra" -DCMAKE_BUILD_TYPE=Debug -DCMAKE_EXPORT_COMPILE_COMMANDS=ON -G "Ninja" -DMAYA_LOCATION="/local/S/jenkins/workspace/shared/Artifactory/OSX/rundev-master-debug/202401211143/runtime/9cdf1d1/runTime" -DPXR_USD_LOCATION="/local/S/jenkins/workspace/shared/Artifactory/OSX/USD/ca7f6ed" -DMAYA_DEVKIT_LOCATION="/local/S/jenkins/workspace/shared/Artifactory/OSX/rundev-master-debug/202401211143/runtime/9cdf1d1/devkitBase" -DCMAKE_MAKE_PROGRAM=/local/S/jenkins/workspace/shared/Artifactory/OSX/ninja/1.10.2/95d0ca5/ninja -DPYTHON_INCLUDE_DIR=/local/S/jenkins/workspace/shared/Artifactory/OSX/rundev-master-debug/202401211143/runtime/9cdf1d1/runTime/Maya.app/Contents/Frameworks/Python.framework/Versions/Current/include/python3.11 -DPython_EXECUTABLE=/local/S/jenkins/workspace/shared/Artifactory/OSX/rundev-master-debug/202401211143/runtime/9cdf1d1/runTime/Maya.app/Contents/bin/mayapy -DPYTHON_LIBRARIES=/local/S/jenkins/workspace/shared/Artifactory/OSX/rundev-master-debug/202401211143/runtime/9cdf1d1/runTime/Maya.app/Contents/Frameworks/Python.framework/Versions/Current/lib/libpython3.11.dylib -DBUILD_WITH_PYTHON_3_VERSION=3.11 -DBUILD_UB2=ON -DCMAKE_WANT_MATERIALX_BUILD=ON -DCMAKE_PREFIX_PATH=/local/S/jenkins/workspace/shared/Artifactory/OSX/USD/ca7f6ed -DMAYAHYDRA_BUILD_NUMBER=474 -DMAYAHYDRA_GIT_COMMIT=8d8f87274605c211c52d8b9a8317a98ac9b44a68 -DMAYAHYDRA_GIT_BRANCH=master -DMAYAUSD_LOCATION=/local/S/jenkins/workspace/shared/Artifactory/OSX/mayausd-cotd-debug/202401170904/runtime/d26f121/mayausd "/Volumes/DATA/local/S/jenkins/workspace/ECP/ecg-maya-hydra/ecg-maya-hydra-branch-preflight-python3-osx/ecg-maya-hydra/maya-hydra"
[2024-01-22T15:48:18.249Z]     
[2024-01-22T15:48:18.249Z]     Traceback (most recent call last):
[2024-01-22T15:48:18.249Z]       File "/Volumes/DATA/local/S/jenkins/workspace/ECP/ecg-maya-hydra/ecg-maya-hydra-branch-preflight-python3-osx/ecg-maya-hydra/maya-hydra/build.py", line 745, in <module>
[2024-01-22T15:48:18.249Z]         BuildAndInstall(context, context.buildArgs, context.stagesArgs)
[2024-01-22T15:48:18.249Z]       File "/Volumes/DATA/local/S/jenkins/workspace/ECP/ecg-maya-hydra/ecg-maya-hydra-branch-preflight-python3-osx/ecg-maya-hydra/maya-hydra/build.py", line 502, in BuildAndInstall
[2024-01-22T15:48:18.249Z]         RunCMake(context, extraArgs, stagesArgs)
[2024-01-22T15:48:18.249Z]       File "/Volumes/DATA/local/S/jenkins/workspace/ECP/ecg-maya-hydra/ecg-maya-hydra-branch-preflight-python3-osx/ecg-maya-hydra/maya-hydra/build.py", line 305, in RunCMake
[2024-01-22T15:48:18.249Z]         Run(context,
[2024-01-22T15:48:18.249Z]       File "/Volumes/DATA/local/S/jenkins/workspace/ECP/ecg-maya-hydra/ecg-maya-hydra-branch-preflight-python3-osx/ecg-maya-hydra/maya-hydra/build.py", line 197, in Run
[2024-01-22T15:48:18.249Z]         raise RuntimeError("Failed to run '{cmd}'\nSee {log} for more details."
[2024-01-22T15:48:18.249Z]     RuntimeError: Failed to run 'cmake -DCMAKE_INSTALL_PREFIX="/local/S/jenkins/workspace/ECP/ecg-maya-hydra/ecg-maya-hydra-branch-preflight-python3-osx/install/Debug/MayaHydra" -DCMAKE_BUILD_TYPE=Debug -DCMAKE_EXPORT_COMPILE_COMMANDS=ON -G "Ninja" -DMAYA_LOCATION="/local/S/jenkins/workspace/shared/Artifactory/OSX/rundev-master-debug/202401211143/runtime/9cdf1d1/runTime" -DPXR_USD_LOCATION="/local/S/jenkins/workspace/shared/Artifactory/OSX/USD/ca7f6ed" -DMAYA_DEVKIT_LOCATION="/local/S/jenkins/workspace/shared/Artifactory/OSX/rundev-master-debug/202401211143/runtime/9cdf1d1/devkitBase" -DCMAKE_MAKE_PROGRAM=/local/S/jenkins/workspace/shared/Artifactory/OSX/ninja/1.10.2/95d0ca5/ninja -DPYTHON_INCLUDE_DIR=/local/S/jenkins/workspace/shared/Artifactory/OSX/rundev-master-debug/202401211143/runtime/9cdf1d1/runTime/Maya.app/Contents/Frameworks/Python.framework/Versions/Current/include/python3.11 -DPython_EXECUTABLE=/local/S/jenkins/workspace/shared/Artifactory/OSX/rundev-master-debug/202401211143/runtime/9cdf1d1/runTime/Maya.app/Contents/bin/mayapy -DPYTHON_LIBRARIES=/local/S/jenkins/workspace/shared/Artifactory/OSX/rundev-master-debug/202401211143/runtime/9cdf1d1/runTime/Maya.app/Contents/Frameworks/Python.framework/Versions/Current/lib/libpython3.11.dylib -DBUILD_WITH_PYTHON_3_VERSION=3.11 -DBUILD_UB2=ON -DCMAKE_WANT_MATERIALX_BUILD=ON -DCMAKE_PREFIX_PATH=/local/S/jenkins/workspace/shared/Artifactory/OSX/USD/ca7f6ed -DMAYAHYDRA_BUILD_NUMBER=474 -DMAYAHYDRA_GIT_COMMIT=8d8f87274605c211c52d8b9a8317a98ac9b44a68 -DMAYAHYDRA_GIT_BRANCH=master -DMAYAUSD_LOCATION=/local/S/jenkins/workspace/shared/Artifactory/OSX/mayausd-cotd-debug/202401170904/runtime/d26f121/mayausd "/Volumes/DATA/local/S/jenkins/workspace/ECP/ecg-maya-hydra/ecg-maya-hydra-branch-preflight-python3-osx/ecg-maya-hydra/maya-hydra"'
[2024-01-22T15:48:18.249Z]     See /local/S/jenkins/workspace/ECP/ecg-maya-hydra/ecg-maya-hydra-branch-preflight-python3-osx/build/Debug/build_log.txt for more details.
[2024-01-22T15:48:18.249Z] build.py: error: Command failed with error code: 1
[Pipeline] }
[Pipeline] // withEnv
[Pipeline] }
[Pipeline] // timeout
[Pipeline] }
[Pipeline] // stage
[Pipeline] }
[Pipeline] // timestamps
[Pipeline] emailextrecipients
Not sending mail to user ecg.jenkins@autodesk.com with no permission to view ECP  ecg-maya-hydra  Maya Hydra [Python 3, Interactive] - Branch - Preflight (OSX) [M1/UB2] #474Not sending mail to user ecg.jenkins@autodesk.com with no permission to view ECP  ecg-maya-hydra  Maya Hydra [Python 3, Interactive] - Branch - Preflight (OSX) [M1/UB2] #474[Pipeline] echo
No recipients to send notification.
[Pipeline] }
[Pipeline] // node
[Pipeline] End of Pipeline
ERROR: script returned exit code 1
[Checks API] No suitable checks publisher found.
Finished: FAILURE
