[2024-01-23T09:50:58.489Z] ================================================================================
[2024-01-23T09:50:58.489Z]                                  setup (Debug)
[2024-01-23T09:50:58.489Z] ================================================================================
[2024-01-23T09:50:58.489Z] Installing license file 'melicense.lic'.
[Pipeline] sh
[2024-01-23T09:50:59.932Z] + scl enable gcc-toolset-11 -
[2024-01-23T09:50:59.932Z] + '[' enable = load -o enable = unload ']'
[2024-01-23T09:50:59.932Z] + /usr/bin/scl enable gcc-toolset-11 -
[2024-01-23T09:50:59.932Z] python ecg-maya-hydra/build.py --stages=setup --workspace-dir=/local/S/jenkins/workspace/ECP/ecg-maya-hydra/ecg-maya-hydra-branch-preflight-python3-linux --artifactory-dir=/local/S/jenkins/workspace/shared/Artifactory --build-dir=/local/S/jenkins/workspace/ECP/ecg-maya-hydra/ecg-maya-hydra-branch-preflight-python3-linux/build --install-dir=/local/S/jenkins/workspace/ECP/ecg-maya-hydra/ecg-maya-hydra-branch-preflight-python3-linux/install --signing-dir=/local/S/jenkins/workspace/ECP/ecg-maya-hydra/ecg-maya-hydra-branch-preflight-python3-linux/signing --package-dir=/local/S/jenkins/workspace/ECP/ecg-maya-hydra/ecg-maya-hydra-branch-preflight-python3-linux/package --output-dir=/local/S/jenkins/workspace/ECP/ecg-maya-hydra/ecg-maya-hydra-branch-preflight-python3-linux/output --stash-dir=/local/S/jenkins/workspace/ECP/ecg-maya-hydra/ecg-maya-hydra-branch-preflight-python3-linux/stash --jenkins-build=474 --git-commit=bb945e33a41c286ec55a359993b6d5fd20092865 --git-branch=master --variants=RelWithDebInfo --interactive-tests=true --post-zips=false --extra-license-file=ecg-maya-hydra/jenkins-o03-cot/melicense.lic --prune-versions=3 --prune-revisions=3 --maya-cut-config=maya-rundev-master.yaml --maya-package=rundev-master --stage-banner --prune-artifacts --force-pruning
[2024-01-23T09:50:59.932Z] config_file /home/S/jenkins/workspace/ECP/ecg-maya-hydra/ecg-maya-hydra-branch-preflight-python3-linux/ecg-maya-hydra/maya-rundev-master.yaml
[2024-01-23T09:50:59.932Z] Getting rundev-master download URL from Maya SHA-1 hash
[2024-01-23T09:50:59.932Z] Finding Artifactory servers response times
[2024-01-23T09:51:02.403Z] [VERBOSE] Start loading URL (CURL): https://art-bear.autodesk.com/artifactory/api/system/ping
[2024-01-23T09:51:02.403Z] [DEBUG] Running: /usr/bin/curl -s -X GET --keepalive-time 10 --connect-timeout 60 --speed-limit 10000 --speed-time 120 --max-time 3600 --retry 5 --retry-max-time 2400 -H Connection:close https://art-bear.autodesk.com/artifactory/api/system/ping
[2024-01-23T09:51:02.403Z] [DEBUG] Output:
[2024-01-23T09:51:02.403Z] OK
[2024-01-23T09:51:02.403Z] [VERBOSE] End loading URL (CURL): https://art-bear.autodesk.com/artifactory/api/system/ping
[2024-01-23T09:51:02.403Z] [VERBOSE] Start loading URL (CURL): https://art-marmotte.autodesk.com/artifactory/api/system/ping
[2024-01-23T09:51:02.403Z] [DEBUG] Running: /usr/bin/curl -s -X GET --keepalive-time 10 --connect-timeout 60 --speed-limit 10000 --speed-time 120 --max-time 3600 --retry 5 --retry-max-time 2400 -H Connection:close https://art-marmotte.autodesk.com/artifactory/api/system/ping
[2024-01-23T09:51:02.403Z] [DEBUG] Output:
[2024-01-23T09:51:02.403Z] OK
[2024-01-23T09:51:02.403Z] [VERBOSE] End loading URL (CURL): https://art-marmotte.autodesk.com/artifactory/api/system/ping
[2024-01-23T09:51:02.403Z] [VERBOSE] Start loading URL (CURL): https://art-bobcat.autodesk.com/artifactory/api/system/ping
[2024-01-23T09:51:02.403Z] [DEBUG] Running: /usr/bin/curl -s -X GET --keepalive-time 10 --connect-timeout 60 --speed-limit 10000 --speed-time 120 --max-time 3600 --retry 5 --retry-max-time 2400 -H Connection:close https://art-bobcat.autodesk.com/artifactory/api/system/ping
[2024-01-23T09:51:02.403Z] [DEBUG] Output:
[2024-01-23T09:51:02.403Z] OK
[2024-01-23T09:51:02.403Z] [VERBOSE] End loading URL (CURL): https://art-bobcat.autodesk.com/artifactory/api/system/ping
[2024-01-23T09:51:02.403Z] [VERBOSE] Start loading URL (CURL): https://art-bear.autodesk.com/artifactory/api/search/checksum?repos=team-maya-generic,oss-stg-generic,team-mayausd-post-generic,autodesk-3p-generic,adsk-build-tools-generic,team-ecg-generic&sha1=75d012bd43ec1751af7db3ebe5018bd7808a168b
[2024-01-23T09:51:02.403Z] [DEBUG] Running: /usr/bin/curl -s -X GET --keepalive-time 10 --connect-timeout 60 --speed-limit 10000 --speed-time 120 --max-time 3600 --retry 5 --retry-max-time 2400 -H Connection:close -H Authorization:Basic ZWNnYmlmcm9zdDpvcGUqKjAw https://art-bear.autodesk.com/artifactory/api/search/checksum?repos=team-maya-generic,oss-stg-generic,team-mayausd-post-generic,autodesk-3p-generic,adsk-build-tools-generic,team-ecg-generic&sha1=75d012bd43ec1751af7db3ebe5018bd7808a168b
[2024-01-23T09:51:02.403Z] [DEBUG] Output:
[2024-01-23T09:51:02.403Z] {
[2024-01-23T09:51:02.403Z]   "results" : [ {
[2024-01-23T09:51:02.403Z]     "uri" : "https://art-bear.autodesk.com:443/artifactory/api/storage/team-maya-generic/Maya/master/plnx/2024-01-22-13-11_3d12c67020/202401221311-3d12c67020-RUNDEV.tgz"
[2024-01-23T09:51:02.403Z]   } ]
[2024-01-23T09:51:02.403Z] }
[2024-01-23T09:51:02.403Z] [VERBOSE] End loading URL (CURL): https://art-bear.autodesk.com/artifactory/api/search/checksum?repos=team-maya-generic,oss-stg-generic,team-mayausd-post-generic,autodesk-3p-generic,adsk-build-tools-generic,team-ecg-generic&sha1=75d012bd43ec1751af7db3ebe5018bd7808a168b
[2024-01-23T09:51:02.403Z] [VERBOSE] Start loading URL (CURL): https://art-bear.autodesk.com:443/artifactory/api/storage/team-maya-generic/Maya/master/plnx/2024-01-22-13-11_3d12c67020/202401221311-3d12c67020-RUNDEV.tgz
[2024-01-23T09:51:02.403Z] [DEBUG] Running: /usr/bin/curl -s -X GET --keepalive-time 10 --connect-timeout 60 --speed-limit 10000 --speed-time 120 --max-time 3600 --retry 5 --retry-max-time 2400 -H Connection:close -H Authorization:Basic ZWNnYmlmcm9zdDpvcGUqKjAw https://art-bear.autodesk.com:443/artifactory/api/storage/team-maya-generic/Maya/master/plnx/2024-01-22-13-11_3d12c67020/202401221311-3d12c67020-RUNDEV.tgz
[2024-01-23T09:51:02.403Z] [DEBUG] Output:
[2024-01-23T09:51:02.403Z] {
[2024-01-23T09:51:02.403Z]   "repo" : "team-maya-generic",
[2024-01-23T09:51:02.403Z]   "path" : "/Maya/master/plnx/2024-01-22-13-11_3d12c67020/202401221311-3d12c67020-RUNDEV.tgz",
[2024-01-23T09:51:02.403Z]   "created" : "2024-01-22T18:07:45.168-05:00",
[2024-01-23T09:51:02.403Z]   "createdBy" : "token:art-bear.autodesk.com",
[2024-01-23T09:51:02.403Z]   "lastModified" : "2024-01-22T18:07:45.050-05:00",
[2024-01-23T09:51:02.403Z]   "modifiedBy" : "token:art-bear.autodesk.com",
[2024-01-23T09:51:02.403Z]   "lastUpdated" : "2024-01-22T18:07:45.169-05:00",
[2024-01-23T09:51:02.403Z]   "downloadUri" : "https://art-bear.autodesk.com:443/artifactory/team-maya-generic/Maya/master/plnx/2024-01-22-13-11_3d12c67020/202401221311-3d12c67020-RUNDEV.tgz",
[2024-01-23T09:51:02.403Z]   "mimeType" : "application/x-gzip",
[2024-01-23T09:51:02.403Z]   "size" : "3404941060",
[2024-01-23T09:51:02.403Z]   "checksums" : {
[2024-01-23T09:51:02.403Z]     "sha1" : "75d012bd43ec1751af7db3ebe5018bd7808a168b",
[2024-01-23T09:51:02.403Z]     "md5" : "8a2ec384a03c3b2c77da9091053bd996",
[2024-01-23T09:51:02.403Z]     "sha256" : "b60ab170410693f1345235804651e9c3588fc868283c325e6210581cb55266a6"
[2024-01-23T09:51:02.403Z]   },
[2024-01-23T09:51:02.403Z]   "originalChecksums" : {
[2024-01-23T09:51:02.403Z]     "sha1" : "75d012bd43ec1751af7db3ebe5018bd7808a168b",
[2024-01-23T09:51:02.403Z]     "md5" : "8a2ec384a03c3b2c77da9091053bd996",
[2024-01-23T09:51:02.403Z]     "sha256" : "b60ab170410693f1345235804651e9c3588fc868283c325e6210581cb55266a6"
[2024-01-23T09:51:02.403Z]   },
[2024-01-23T09:51:02.403Z]   "uri" : "https://art-bear.autodesk.com:443/artifactory/api/storage/team-maya-generic/Maya/master/plnx/2024-01-22-13-11_3d12c67020/202401221311-3d12c67020-RUNDEV.tgz"
[2024-01-23T09:51:02.403Z] }
[2024-01-23T09:51:02.403Z] [VERBOSE] End loading URL (CURL): https://art-bear.autodesk.com:443/artifactory/api/storage/team-maya-generic/Maya/master/plnx/2024-01-22-13-11_3d12c67020/202401221311-3d12c67020-RUNDEV.tgz
[2024-01-23T09:51:02.403Z] Using Maya cut from /local/S/jenkins/workspace/shared/Artifactory/Linux/rundev-master/202401221311/runtime/75d012b/runTime
[2024-01-23T09:51:02.403Z] Pruning artifacts in /local/S/jenkins/workspace/shared/Artifactory/Linux
[2024-01-23T09:51:02.403Z] The following artifact versions will be pruned:
[2024-01-23T09:51:02.403Z] 	rundev-master-debug/202401161337
[2024-01-23T09:51:02.403Z] 	rundev-master-debug/202401161337
[2024-01-23T09:51:02.403Z] Removing directory: /local/S/jenkins/workspace/shared/Artifactory/Linux/rundev-master-debug/202401161337
[2024-01-23T09:51:07.607Z] [VERBOSE] Start loading URL (CURL): https://art-bear.autodesk.com:443/artifactory/api/storage/team-maya-generic/Maya/master/plnx/2024-01-22-13-11_3d12c67020/202401221311-3d12c67020-RUNDEV.tgz.multipart
[2024-01-23T09:51:07.607Z] [DEBUG] Running: /usr/bin/curl -s -X GET --keepalive-time 10 --connect-timeout 60 --speed-limit 10000 --speed-time 120 --max-time 3600 --retry 5 --retry-max-time 2400 -H Connection:close -H Authorization:Basic ZWNnYmlmcm9zdDpvcGUqKjAw https://art-bear.autodesk.com:443/artifactory/api/storage/team-maya-generic/Maya/master/plnx/2024-01-22-13-11_3d12c67020/202401221311-3d12c67020-RUNDEV.tgz.multipart
[2024-01-23T09:51:07.607Z] [DEBUG] Output:
[2024-01-23T09:51:07.607Z] {
[2024-01-23T09:51:07.607Z]   "errors" : [ {
[2024-01-23T09:51:07.607Z]     "status" : 404,
[2024-01-23T09:51:07.607Z]     "message" : "Unable to find item"
[2024-01-23T09:51:07.607Z]   } ]
[2024-01-23T09:51:07.607Z] }
[2024-01-23T09:51:07.607Z] [VERBOSE] End loading URL (CURL): https://art-bear.autodesk.com:443/artifactory/api/storage/team-maya-generic/Maya/master/plnx/2024-01-22-13-11_3d12c67020/202401221311-3d12c67020-RUNDEV.tgz.multipart
[2024-01-23T09:51:07.607Z] Downloading https://art-bear.autodesk.com:443/artifactory/team-maya-generic/Maya/master/plnx/2024-01-22-13-11_3d12c67020/202401221311-3d12c67020-RUNDEV.tgz to /local/S/jenkins/workspace/shared/Artifactory/Linux/tmp/tmpi8p823hk
[2024-01-23T09:51:07.607Z] [VERBOSE] Start downloading file (CURL): https://art-bear.autodesk.com:443/artifactory/team-maya-generic/Maya/master/plnx/2024-01-22-13-11_3d12c67020/202401221311-3d12c67020-RUNDEV.tgz
[2024-01-23T09:51:07.607Z] [DEBUG] Running: /usr/bin/curl -sI -X GET --keepalive-time 10 --connect-timeout 60 --speed-limit 10000 --speed-time 120 --max-time 3600 --retry 5 --retry-max-time 2400 -H Connection:close -H Authorization:Basic ZWNnYmlmcm9zdDpvcGUqKjAw https://art-bear.autodesk.com:443/artifactory/team-maya-generic/Maya/master/plnx/2024-01-22-13-11_3d12c67020/202401221311-3d12c67020-RUNDEV.tgz
[2024-01-23T09:51:07.607Z] [DEBUG] Header:
[2024-01-23T09:51:07.607Z] HTTP/1.1 200 
[2024-01-23T09:51:07.607Z] Date: Tue, 23 Jan 2024 09:51:07 GMT
[2024-01-23T09:51:07.607Z] Content-Type: application/x-gzip
[2024-01-23T09:51:07.607Z] Content-Length: 3404941060
[2024-01-23T09:51:07.607Z] Connection: close
[2024-01-23T09:51:07.607Z] X-JFrog-Version: Artifactory/7.55.9 75509900
[2024-01-23T09:51:07.607Z] X-Artifactory-Id: 4b5c2cfa9bf2f461:-5b53be7b:18c71189944:-8000
[2024-01-23T09:51:07.607Z] X-Artifactory-Node-Id: uscrlpdrsync006.autodesk.com
[2024-01-23T09:51:07.607Z] Last-Modified: Mon, 22 Jan 2024 23:07:45 GMT
[2024-01-23T09:51:07.607Z] ETag: 75d012bd43ec1751af7db3ebe5018bd7808a168b
[2024-01-23T09:51:07.607Z] X-Checksum-Sha1: 75d012bd43ec1751af7db3ebe5018bd7808a168b
[2024-01-23T09:51:07.607Z] X-Checksum-Sha256: b60ab170410693f1345235804651e9c3588fc868283c325e6210581cb55266a6
[2024-01-23T09:51:07.607Z] X-Checksum-Md5: 8a2ec384a03c3b2c77da9091053bd996
[2024-01-23T09:51:07.607Z] Accept-Ranges: bytes
[2024-01-23T09:51:07.607Z] X-Artifactory-Filename: 202401221311-3d12c67020-RUNDEV.tgz
[2024-01-23T09:51:07.607Z] Content-Disposition: attachment; filename="202401221311-3d12c67020-RUNDEV.tgz"; filename*=UTF-8''"202401221311-3d12c67020-RUNDEV.tgz"
[2024-01-23T09:51:07.607Z] [DEBUG] Running: /usr/bin/curl --progress-bar -X GET --keepalive-time 10 --connect-timeout 60 --speed-limit 10000 --speed-time 120 --max-time 3600 --retry 5 --retry-max-time 2400 -H Connection:close -H Authorization:Basic ZWNnYmlmcm9zdDpvcGUqKjAw https://art-bear.autodesk.com:443/artifactory/team-maya-generic/Maya/master/plnx/2024-01-22-13-11_3d12c67020/202401221311-3d12c67020-RUNDEV.tgz -o /local/S/jenkins/workspace/shared/Artifactory/Linux/tmp/tmpi8p823hk/202401221311-3d12c67020-RUNDEV.tgz
[2024-01-23T09:51:07.607Z]       0% complete.
[2024-01-23T09:51:08.138Z]       1% complete.
[2024-01-23T09:51:08.138Z]       2% complete.
[2024-01-23T09:51:08.138Z]       3% complete.
[2024-01-23T09:51:08.669Z]       4% complete.
[2024-01-23T09:51:08.669Z]       5% complete.
[2024-01-23T09:51:08.669Z]       6% complete.
[2024-01-23T09:51:08.669Z]       7% complete.
[2024-01-23T09:51:09.200Z]       8% complete.
[2024-01-23T09:51:09.201Z]       9% complete.
[2024-01-23T09:51:09.201Z]      10% complete.
[2024-01-23T09:51:09.731Z]      11% complete.
[2024-01-23T09:51:09.731Z]      12% complete.
[2024-01-23T09:51:09.731Z]      13% complete.
[2024-01-23T09:51:09.731Z]      14% complete.
[2024-01-23T09:51:10.262Z]      15% complete.
[2024-01-23T09:51:10.262Z]      16% complete.
[2024-01-23T09:51:10.262Z]      17% complete.
[2024-01-23T09:51:10.262Z]      18% complete.
[2024-01-23T09:51:10.793Z]      19% complete.
[2024-01-23T09:51:10.793Z]      20% complete.
[2024-01-23T09:51:10.793Z]      21% complete.
[2024-01-23T09:51:10.793Z]      22% complete.
[2024-01-23T09:51:11.323Z]      23% complete.
[2024-01-23T09:51:11.323Z]      24% complete.
[2024-01-23T09:51:11.323Z]      25% complete.
[2024-01-23T09:51:11.323Z]      26% complete.
[2024-01-23T09:51:11.323Z]      27% complete.
[2024-01-23T09:51:11.855Z]      28% complete.
[2024-01-23T09:51:11.855Z]      30% complete.
[2024-01-23T09:51:11.855Z]      31% complete.
[2024-01-23T09:51:11.855Z]      32% complete.
[2024-01-23T09:51:12.385Z]      34% complete.
[2024-01-23T09:51:12.385Z]      35% complete.
[2024-01-23T09:51:12.385Z]      36% complete.
[2024-01-23T09:51:12.385Z]      37% complete.
[2024-01-23T09:51:12.385Z]      38% complete.
[2024-01-23T09:51:12.385Z]      39% complete.
[2024-01-23T09:51:12.916Z]      40% complete.
[2024-01-23T09:51:12.916Z]      42% complete.
[2024-01-23T09:51:12.916Z]      43% complete.
[2024-01-23T09:51:12.916Z]      44% complete.
[2024-01-23T09:51:12.916Z]      46% complete.
[2024-01-23T09:51:13.447Z]      47% complete.
[2024-01-23T09:51:13.447Z]      48% complete.
[2024-01-23T09:51:13.447Z]      49% complete.
[2024-01-23T09:51:13.447Z]      50% complete.
[2024-01-23T09:51:13.447Z]      51% complete.
[2024-01-23T09:51:13.977Z]      52% complete.
[2024-01-23T09:51:13.977Z]      53% complete.
[2024-01-23T09:51:13.977Z]      55% complete.
[2024-01-23T09:51:13.977Z]      56% complete.
[2024-01-23T09:51:13.977Z]      57% complete.
[2024-01-23T09:51:13.977Z]      58% complete.
[2024-01-23T09:51:14.508Z]      59% complete.
[2024-01-23T09:51:14.508Z]      60% complete.
[2024-01-23T09:51:14.508Z]      61% complete.
[2024-01-23T09:51:14.508Z]      62% complete.
[2024-01-23T09:51:14.508Z]      63% complete.
[2024-01-23T09:51:14.508Z]      64% complete.
[2024-01-23T09:51:15.038Z]      65% complete.
[2024-01-23T09:51:15.038Z]      66% complete.
[2024-01-23T09:51:15.038Z]      67% complete.
[2024-01-23T09:51:15.038Z]      68% complete.
[2024-01-23T09:51:15.038Z]      69% complete.
[2024-01-23T09:51:15.569Z]      70% complete.
[2024-01-23T09:51:15.569Z]      71% complete.
[2024-01-23T09:51:15.569Z]      72% complete.
[2024-01-23T09:51:15.569Z]      73% complete.
[2024-01-23T09:51:15.569Z]      75% complete.
[2024-01-23T09:51:15.569Z]      76% complete.
[2024-01-23T09:51:16.100Z]      77% complete.
[2024-01-23T09:51:16.100Z]      78% complete.
[2024-01-23T09:51:16.100Z]      80% complete.
[2024-01-23T09:51:16.100Z]      81% complete.
[2024-01-23T09:51:16.100Z]      82% complete.
[2024-01-23T09:51:16.631Z]      83% complete.
[2024-01-23T09:51:16.631Z]      85% complete.
[2024-01-23T09:51:16.631Z]      86% complete.
[2024-01-23T09:51:16.631Z]      87% complete.
[2024-01-23T09:51:16.631Z]      89% complete.
[2024-01-23T09:51:17.162Z]      91% complete.
[2024-01-23T09:51:17.162Z]      92% complete.
[2024-01-23T09:51:17.162Z]      93% complete.
[2024-01-23T09:51:17.162Z]      94% complete.
[2024-01-23T09:51:17.693Z]      95% complete.
[2024-01-23T09:51:17.693Z]      97% complete.
[2024-01-23T09:51:17.693Z]      98% complete.
[2024-01-23T09:51:17.693Z]      99% complete.
[2024-01-23T09:51:17.693Z]     100% complete.
[2024-01-23T09:51:17.693Z] [VERBOSE] End downloading file (CURL): https://art-bear.autodesk.com:443/artifactory/team-maya-generic/Maya/master/plnx/2024-01-22-13-11_3d12c67020/202401221311-3d12c67020-RUNDEV.tgz
[2024-01-23T09:51:17.693Z] Extracting 202401221311-3d12c67020-RUNDEV.tgz to /local/S/jenkins/workspace/shared/Artifactory/Linux/tmp/tmpd27dk9xx
[2024-01-23T09:52:31.663Z] Installing on /local/S/jenkins/workspace/shared/Artifactory/Linux/rundev-master/202401221311/runtime/75d012b
[2024-01-23T09:52:31.663Z] 
[2024-01-23T09:52:31.663Z] ================================================================================
[2024-01-23T09:52:31.663Z]                              setup (RelWithDebInfo)
[2024-01-23T09:52:31.663Z] ================================================================================
[2024-01-23T09:52:31.663Z] Installing license file 'melicense.lic'.
[Pipeline] }
[Pipeline] // withEnv
[Pipeline] }
[Pipeline] // timeout
[Pipeline] }
[Pipeline] // stage
[Pipeline] }
[Pipeline] // timestamps
[Pipeline] timestamps
[Pipeline] {
[Pipeline] stage
[Pipeline] { (Clean)
[Pipeline] timeout
[2024-01-23T09:52:32.002Z] Timeout set to expire in 6 hr 0 min
[Pipeline] {
[Pipeline] withEnv
[Pipeline] {
[Pipeline] sh
[2024-01-23T09:52:33.087Z] + scl enable gcc-toolset-11 -
[2024-01-23T09:52:33.087Z] + '[' enable = load -o enable = unload ']'
[2024-01-23T09:52:33.087Z] + /usr/bin/scl enable gcc-toolset-11 -
[2024-01-23T09:52:33.088Z] python ecg-maya-hydra/build.py --stages=clean --workspace-dir=/local/S/jenkins/workspace/ECP/ecg-maya-hydra/ecg-maya-hydra-branch-preflight-python3-linux --artifactory-dir=/local/S/jenkins/workspace/shared/Artifactory --build-dir=/local/S/jenkins/workspace/ECP/ecg-maya-hydra/ecg-maya-hydra-branch-preflight-python3-linux/build --install-dir=/local/S/jenkins/workspace/ECP/ecg-maya-hydra/ecg-maya-hydra-branch-preflight-python3-linux/install --signing-dir=/local/S/jenkins/workspace/ECP/ecg-maya-hydra/ecg-maya-hydra-branch-preflight-python3-linux/signing --package-dir=/local/S/jenkins/workspace/ECP/ecg-maya-hydra/ecg-maya-hydra-branch-preflight-python3-linux/package --output-dir=/local/S/jenkins/workspace/ECP/ecg-maya-hydra/ecg-maya-hydra-branch-preflight-python3-linux/output --stash-dir=/local/S/jenkins/workspace/ECP/ecg-maya-hydra/ecg-maya-hydra-branch-preflight-python3-linux/stash --jenkins-build=474 --git-commit=bb945e33a41c286ec55a359993b6d5fd20092865 --git-branch=master --variants=Debug --interactive-tests=true --post-zips=false --maya-cut-config=maya-rundev-master-debug.yaml --maya-package=rundev-master-debug --stage-banner
[2024-01-23T09:52:33.088Z] config_file /home/S/jenkins/workspace/ECP/ecg-maya-hydra/ecg-maya-hydra-branch-preflight-python3-linux/ecg-maya-hydra/maya-rundev-master-debug.yaml
[2024-01-23T09:52:33.088Z] Using Maya cut from /local/S/jenkins/workspace/shared/Artifactory/Linux/rundev-master-debug/202401221311/runtime/c6c148d/runTime
[2024-01-23T09:52:33.088Z] 
[2024-01-23T09:52:33.088Z] ================================================================================
[2024-01-23T09:52:33.088Z]                                  clean (Debug)
[2024-01-23T09:52:33.088Z] ================================================================================
[2024-01-23T09:52:33.088Z] Maya Python Debug Info:
[2024-01-23T09:52:33.088Z]   mayapy executable   = /local/S/jenkins/workspace/shared/Artifactory/Linux/rundev-master-debug/202401221311/runtime/c6c148d/runTime/bin/mayapy
[2024-01-23T09:52:33.088Z]   Include Folder      = /local/S/jenkins/workspace/shared/Artifactory/Linux/rundev-master-debug/202401221311/runtime/c6c148d/runTime/include/Python311/Python
[2024-01-23T09:52:33.088Z]   Library             = /local/S/jenkins/workspace/shared/Artifactory/Linux/rundev-master-debug/202401221311/runtime/c6c148d/runTime/lib/libpython3.11d.so.1.0
[2024-01-23T09:52:33.088Z]   site-package Folder = /local/S/jenkins/workspace/shared/Artifactory/Linux/rundev-master-debug/202401221311/runtime/c6c148d/runTime/lib/python3.11/site-packages
[2024-01-23T09:52:37.252Z] Adding Python package requirements: ['/local/S/jenkins/workspace/shared/Artifactory/Linux/rundev-master-debug/202401221311/runtime/c6c148d/runTime/bin/mayapy', '-m', 'pip', 'install', '-t', '/local/S/jenkins/workspace/shared/Artifactory/Linux/rundev-master-debug/202401221311/runtime/c6c148d/runTime/lib/python3.11/site-packages', '-r', 'python_requirements.txt']
[2024-01-23T09:52:40.530Z] In workdir: /home/S/jenkins/workspace/ECP/ecg-maya-hydra/ecg-maya-hydra-branch-preflight-python3-linux/ecg-maya-hydra/maya-hydra
[2024-01-23T09:52:40.530Z] Executing: /local/S/jenkins/workspace/shared/Artifactory/Linux/rundev-master-debug/202401221311/runtime/c6c148d/runTime/bin/mayapy /home/S/jenkins/workspace/ECP/ecg-maya-hydra/ecg-maya-hydra-branch-preflight-python3-linux/ecg-maya-hydra/maya-hydra/build.py --generator Ninja --build-debug --maya-location /local/S/jenkins/workspace/shared/Artifactory/Linux/rundev-master-debug/202401221311/runtime/c6c148d/runTime --devkit-location /local/S/jenkins/workspace/shared/Artifactory/Linux/rundev-master-debug/202401221311/runtime/c6c148d/devkitBase --pxrusd-location /local/S/jenkins/workspace/shared/Artifactory/Linux/USD/d4ae0c1 --build-args=-DCMAKE_MAKE_PROGRAM=/local/S/jenkins/workspace/shared/Artifactory/Linux/ninja/1.10.2/9ab399b/ninja,-DPYTHON_INCLUDE_DIR=/local/S/jenkins/workspace/shared/Artifactory/Linux/rundev-master-debug/202401221311/runtime/c6c148d/runTime/include/Python311/Python,-DPython_EXECUTABLE=/local/S/jenkins/workspace/shared/Artifactory/Linux/rundev-master-debug/202401221311/runtime/c6c148d/runTime/bin/mayapy,-DPYTHON_LIBRARIES=/local/S/jenkins/workspace/shared/Artifactory/Linux/rundev-master-debug/202401221311/runtime/c6c148d/runTime/lib/libpython3.11d.so.1.0,-DBUILD_WITH_PYTHON_3_VERSION=3.11,-DCMAKE_WANT_MATERIALX_BUILD=ON,-DCMAKE_PREFIX_PATH=/local/S/jenkins/workspace/shared/Artifactory/Linux/USD/d4ae0c1,-DMAYAHYDRA_BUILD_NUMBER=474,-DMAYAHYDRA_GIT_COMMIT=bb945e33a41c286ec55a359993b6d5fd20092865,-DMAYAHYDRA_GIT_BRANCH=master,-DMAYAUSD_LOCATION=/local/S/jenkins/workspace/shared/Artifactory/Linux/mayausd-cotd-debug/202401170904/runtime/733a5f2/mayausd/MayaUSD --debug-python '--ctest-args=--parallel 16' --stages=clean --redirect-outstream-file=False --install-location /local/S/jenkins/workspace/ECP/ecg-maya-hydra/ecg-maya-hydra-branch-preflight-python3-linux/install/Debug/MayaHydra /local/S/jenkins/workspace/ECP/ecg-maya-hydra/ecg-maya-hydra-branch-preflight-python3-linux
[2024-01-23T09:52:40.530Z] Modified environment variables:
[2024-01-23T09:52:40.530Z]     LD_LIBRARY_PATH=/opt/rh/gcc-toolset-11/root/usr/lib64:/opt/rh/gcc-toolset-11/root/usr/lib64:/opt/rh/gcc-toolset-11/root/usr/lib:/opt/rh/gcc-toolset-11/root/usr/lib64/dyninst:/opt/rh/gcc-toolset-11/root/usr/lib/dyninst
[2024-01-23T09:52:40.530Z]     PATH=/local/S/jenkins/workspace/shared/Artifactory/Linux/cmake/3.20.3/ab685d7/bin:/opt/rh/gcc-toolset-11/root/usr/bin:/home/administrator/.local/bin:/home/administrator/bin:/usr/share/Modules/bin:/usr/local/bin:/usr/local/sbin:/usr/bin:/usr/sbin
[2024-01-23T09:52:41.644Z]     
[2024-01-23T09:52:41.644Z]         Building with settings:
[2024-01-23T09:52:41.644Z]           Source directory          /home/S/jenkins/workspace/ECP/ecg-maya-hydra/ecg-maya-hydra-branch-preflight-python3-linux/ecg-maya-hydra/maya-hydra
[2024-01-23T09:52:41.644Z]           Workspace directory       /local/S/jenkins/workspace/ECP/ecg-maya-hydra/ecg-maya-hydra-branch-preflight-python3-linux
[2024-01-23T09:52:41.644Z]           Build directory           /local/S/jenkins/workspace/ECP/ecg-maya-hydra/ecg-maya-hydra-branch-preflight-python3-linux/build/Debug
[2024-01-23T09:52:41.644Z]           Install directory         /local/S/jenkins/workspace/ECP/ecg-maya-hydra/ecg-maya-hydra-branch-preflight-python3-linux/install/Debug/MayaHydra
[2024-01-23T09:52:41.644Z]           Variant                   Debug
[2024-01-23T09:52:41.644Z]           Python Debug              On
[2024-01-23T09:52:41.644Z]           CMake generator           Ninja
[2024-01-23T09:52:41.644Z]           Build arguments           ['-DCMAKE_MAKE_PROGRAM=/local/S/jenkins/workspace/shared/Artifactory/Linux/ninja/1.10.2/9ab399b/ninja', '-DPYTHON_INCLUDE_DIR=/local/S/jenkins/workspace/shared/Artifactory/Linux/rundev-master-debug/202401221311/runtime/c6c148d/runTime/include/Python311/Python', '-DPython_EXECUTABLE=/local/S/jenkins/workspace/shared/Artifactory/Linux/rundev-master-debug/202401221311/runtime/c6c148d/runTime/bin/mayapy', '-DPYTHON_LIBRARIES=/local/S/jenkins/workspace/shared/Artifactory/Linux/rundev-master-debug/202401221311/runtime/c6c148d/runTime/lib/libpython3.11d.so.1.0', '-DBUILD_WITH_PYTHON_3_VERSION=3.11', '-DCMAKE_WANT_MATERIALX_BUILD=ON', '-DCMAKE_PREFIX_PATH=/local/S/jenkins/workspace/shared/Artifactory/Linux/USD/d4ae0c1', '-DMAYAHYDRA_BUILD_NUMBER=474', '-DMAYAHYDRA_GIT_COMMIT=bb945e33a41c286ec55a359993b6d5fd20092865', '-DMAYAHYDRA_GIT_BRANCH=master', '-DMAYAUSD_LOCATION=/local/S/jenkins/workspace/shared/Artifactory/Linux/mayausd-cotd-debug/202401170904/runtime/733a5f2/mayausd/MayaUSD']
[2024-01-23T09:52:41.644Z]           Stages arguments          ['clean']
[2024-01-23T09:52:41.644Z]           CTest arguments           ['--parallel 16']
[2024-01-23T09:52:41.645Z]     Success MayaHydra build and install !!!!
[2024-01-23T09:52:41.645Z]     Elapsed time: 00:00:00
[Pipeline] sh
[2024-01-23T09:52:42.917Z] + scl enable gcc-toolset-11 -
[2024-01-23T09:52:42.917Z] + '[' enable = load -o enable = unload ']'
[2024-01-23T09:52:42.917Z] + /usr/bin/scl enable gcc-toolset-11 -
[2024-01-23T09:52:42.918Z] python ecg-maya-hydra/build.py --stages=clean --workspace-dir=/local/S/jenkins/workspace/ECP/ecg-maya-hydra/ecg-maya-hydra-branch-preflight-python3-linux --artifactory-dir=/local/S/jenkins/workspace/shared/Artifactory --build-dir=/local/S/jenkins/workspace/ECP/ecg-maya-hydra/ecg-maya-hydra-branch-preflight-python3-linux/build --install-dir=/local/S/jenkins/workspace/ECP/ecg-maya-hydra/ecg-maya-hydra-branch-preflight-python3-linux/install --signing-dir=/local/S/jenkins/workspace/ECP/ecg-maya-hydra/ecg-maya-hydra-branch-preflight-python3-linux/signing --package-dir=/local/S/jenkins/workspace/ECP/ecg-maya-hydra/ecg-maya-hydra-branch-preflight-python3-linux/package --output-dir=/local/S/jenkins/workspace/ECP/ecg-maya-hydra/ecg-maya-hydra-branch-preflight-python3-linux/output --stash-dir=/local/S/jenkins/workspace/ECP/ecg-maya-hydra/ecg-maya-hydra-branch-preflight-python3-linux/stash --jenkins-build=474 --git-commit=bb945e33a41c286ec55a359993b6d5fd20092865 --git-branch=master --variants=RelWithDebInfo --interactive-tests=true --post-zips=false --maya-cut-config=maya-rundev-master.yaml --maya-package=rundev-master --stage-banner
[2024-01-23T09:52:42.918Z] config_file /home/S/jenkins/workspace/ECP/ecg-maya-hydra/ecg-maya-hydra-branch-preflight-python3-linux/ecg-maya-hydra/maya-rundev-master.yaml
[2024-01-23T09:52:42.918Z] Using Maya cut from /local/S/jenkins/workspace/shared/Artifactory/Linux/rundev-master/202401221311/runtime/75d012b/runTime
[2024-01-23T09:52:42.918Z] 
[2024-01-23T09:52:42.918Z] ================================================================================
[2024-01-23T09:52:42.918Z]                              clean (RelWithDebInfo)
[2024-01-23T09:52:42.918Z] ================================================================================
[2024-01-23T09:52:42.918Z] Maya Python RelWithDebInfo Info:
[2024-01-23T09:52:42.918Z]   mayapy executable   = /local/S/jenkins/workspace/shared/Artifactory/Linux/rundev-master/202401221311/runtime/75d012b/runTime/bin/mayapy
[2024-01-23T09:52:42.918Z]   Include Folder      = /local/S/jenkins/workspace/shared/Artifactory/Linux/rundev-master/202401221311/runtime/75d012b/runTime/include/Python311/Python
[2024-01-23T09:52:42.918Z]   Library             = /local/S/jenkins/workspace/shared/Artifactory/Linux/rundev-master/202401221311/runtime/75d012b/runTime/lib/libpython3.11.so.1.0
[2024-01-23T09:52:42.918Z]   site-package Folder = /local/S/jenkins/workspace/shared/Artifactory/Linux/rundev-master/202401221311/runtime/75d012b/runTime/lib/python3.11/site-packages
[2024-01-23T09:52:44.670Z] Adding Python package requirements: ['/local/S/jenkins/workspace/shared/Artifactory/Linux/rundev-master/202401221311/runtime/75d012b/runTime/bin/mayapy', '-m', 'pip', 'install', '-t', '/local/S/jenkins/workspace/shared/Artifactory/Linux/rundev-master/202401221311/runtime/75d012b/runTime/lib/python3.11/site-packages', '-r', 'python_requirements.txt']
[2024-01-23T09:52:46.425Z] In workdir: /home/S/jenkins/workspace/ECP/ecg-maya-hydra/ecg-maya-hydra-branch-preflight-python3-linux/ecg-maya-hydra/maya-hydra
[2024-01-23T09:52:46.425Z] Executing: /local/S/jenkins/workspace/shared/Artifactory/Linux/rundev-master/202401221311/runtime/75d012b/runTime/bin/mayapy /home/S/jenkins/workspace/ECP/ecg-maya-hydra/ecg-maya-hydra-branch-preflight-python3-linux/ecg-maya-hydra/maya-hydra/build.py --generator Ninja --build-relwithdebug --maya-location /local/S/jenkins/workspace/shared/Artifactory/Linux/rundev-master/202401221311/runtime/75d012b/runTime --devkit-location /local/S/jenkins/workspace/shared/Artifactory/Linux/rundev-master/202401221311/runtime/75d012b/devkitBase --pxrusd-location /local/S/jenkins/workspace/shared/Artifactory/Linux/USD/a772bd8 --build-args=-DCMAKE_MAKE_PROGRAM=/local/S/jenkins/workspace/shared/Artifactory/Linux/ninja/1.10.2/9ab399b/ninja,-DPYTHON_INCLUDE_DIR=/local/S/jenkins/workspace/shared/Artifactory/Linux/rundev-master/202401221311/runtime/75d012b/runTime/include/Python311/Python,-DPython_EXECUTABLE=/local/S/jenkins/workspace/shared/Artifactory/Linux/rundev-master/202401221311/runtime/75d012b/runTime/bin/mayapy,-DPYTHON_LIBRARIES=/local/S/jenkins/workspace/shared/Artifactory/Linux/rundev-master/202401221311/runtime/75d012b/runTime/lib/libpython3.11.so.1.0,-DBUILD_WITH_PYTHON_3_VERSION=3.11,-DCMAKE_WANT_MATERIALX_BUILD=ON,-DCMAKE_PREFIX_PATH=/local/S/jenkins/workspace/shared/Artifactory/Linux/USD/a772bd8,-DMAYAHYDRA_BUILD_NUMBER=474,-DMAYAHYDRA_GIT_COMMIT=bb945e33a41c286ec55a359993b6d5fd20092865,-DMAYAHYDRA_GIT_BRANCH=master,-DMAYAUSD_LOCATION=/local/S/jenkins/workspace/shared/Artifactory/Linux/mayausd-cotd/202401170904/runtime/07c7fcc/mayausd/MayaUSD '--ctest-args=--parallel 16' --stages=clean --redirect-outstream-file=False --install-location /local/S/jenkins/workspace/ECP/ecg-maya-hydra/ecg-maya-hydra-branch-preflight-python3-linux/install/RelWithDebInfo/MayaHydra /local/S/jenkins/workspace/ECP/ecg-maya-hydra/ecg-maya-hydra-branch-preflight-python3-linux
[2024-01-23T09:52:46.425Z] Modified environment variables:
[2024-01-23T09:52:46.425Z]     LD_LIBRARY_PATH=/opt/rh/gcc-toolset-11/root/usr/lib64:/opt/rh/gcc-toolset-11/root/usr/lib64:/opt/rh/gcc-toolset-11/root/usr/lib:/opt/rh/gcc-toolset-11/root/usr/lib64/dyninst:/opt/rh/gcc-toolset-11/root/usr/lib/dyninst
[2024-01-23T09:52:46.425Z]     PATH=/local/S/jenkins/workspace/shared/Artifactory/Linux/cmake/3.20.3/ab685d7/bin:/opt/rh/gcc-toolset-11/root/usr/bin:/home/administrator/.local/bin:/home/administrator/bin:/usr/share/Modules/bin:/usr/local/bin:/usr/local/sbin:/usr/bin:/usr/sbin
[2024-01-23T09:52:46.956Z]     
[2024-01-23T09:52:46.956Z]         Building with settings:
[2024-01-23T09:52:46.956Z]           Source directory          /home/S/jenkins/workspace/ECP/ecg-maya-hydra/ecg-maya-hydra-branch-preflight-python3-linux/ecg-maya-hydra/maya-hydra
[2024-01-23T09:52:46.956Z]           Workspace directory       /local/S/jenkins/workspace/ECP/ecg-maya-hydra/ecg-maya-hydra-branch-preflight-python3-linux
[2024-01-23T09:52:46.956Z]           Build directory           /local/S/jenkins/workspace/ECP/ecg-maya-hydra/ecg-maya-hydra-branch-preflight-python3-linux/build/RelWithDebInfo
[2024-01-23T09:52:46.956Z]           Install directory         /local/S/jenkins/workspace/ECP/ecg-maya-hydra/ecg-maya-hydra-branch-preflight-python3-linux/install/RelWithDebInfo/MayaHydra
[2024-01-23T09:52:46.956Z]           Variant                   RelWithDebInfo
[2024-01-23T09:52:46.956Z]           Python Debug              Off
[2024-01-23T09:52:46.956Z]           CMake generator           Ninja
[2024-01-23T09:52:46.956Z]           Build arguments           ['-DCMAKE_MAKE_PROGRAM=/local/S/jenkins/workspace/shared/Artifactory/Linux/ninja/1.10.2/9ab399b/ninja', '-DPYTHON_INCLUDE_DIR=/local/S/jenkins/workspace/shared/Artifactory/Linux/rundev-master/202401221311/runtime/75d012b/runTime/include/Python311/Python', '-DPython_EXECUTABLE=/local/S/jenkins/workspace/shared/Artifactory/Linux/rundev-master/202401221311/runtime/75d012b/runTime/bin/mayapy', '-DPYTHON_LIBRARIES=/local/S/jenkins/workspace/shared/Artifactory/Linux/rundev-master/202401221311/runtime/75d012b/runTime/lib/libpython3.11.so.1.0', '-DBUILD_WITH_PYTHON_3_VERSION=3.11', '-DCMAKE_WANT_MATERIALX_BUILD=ON', '-DCMAKE_PREFIX_PATH=/local/S/jenkins/workspace/shared/Artifactory/Linux/USD/a772bd8', '-DMAYAHYDRA_BUILD_NUMBER=474', '-DMAYAHYDRA_GIT_COMMIT=bb945e33a41c286ec55a359993b6d5fd20092865', '-DMAYAHYDRA_GIT_BRANCH=master', '-DMAYAUSD_LOCATION=/local/S/jenkins/workspace/shared/Artifactory/Linux/mayausd-cotd/202401170904/runtime/07c7fcc/mayausd/MayaUSD']
[2024-01-23T09:52:46.956Z]           Stages arguments          ['clean']
[2024-01-23T09:52:46.956Z]           CTest arguments           ['--parallel 16']
[2024-01-23T09:52:46.956Z]     Success MayaHydra build and install !!!!
[2024-01-23T09:52:46.956Z]     Elapsed time: 00:00:00
[Pipeline] }
[Pipeline] // withEnv
[Pipeline] }
[Pipeline] // timeout
[Pipeline] }
[Pipeline] // stage
[Pipeline] }
[Pipeline] // timestamps
[Pipeline] timestamps
[Pipeline] {
[Pipeline] stage
[Pipeline] { (Configure)
[Pipeline] timeout
[2024-01-23T09:52:47.317Z] Timeout set to expire in 6 hr 0 min
[Pipeline] {
[Pipeline] withEnv
[Pipeline] {
[Pipeline] sh
[2024-01-23T09:52:48.401Z] + scl enable gcc-toolset-11 -
[2024-01-23T09:52:48.401Z] + '[' enable = load -o enable = unload ']'
[2024-01-23T09:52:48.401Z] + /usr/bin/scl enable gcc-toolset-11 -
[2024-01-23T09:52:48.401Z] python ecg-maya-hydra/build.py --stages=configure --workspace-dir=/local/S/jenkins/workspace/ECP/ecg-maya-hydra/ecg-maya-hydra-branch-preflight-python3-linux --artifactory-dir=/local/S/jenkins/workspace/shared/Artifactory --build-dir=/local/S/jenkins/workspace/ECP/ecg-maya-hydra/ecg-maya-hydra-branch-preflight-python3-linux/build --install-dir=/local/S/jenkins/workspace/ECP/ecg-maya-hydra/ecg-maya-hydra-branch-preflight-python3-linux/install --signing-dir=/local/S/jenkins/workspace/ECP/ecg-maya-hydra/ecg-maya-hydra-branch-preflight-python3-linux/signing --package-dir=/local/S/jenkins/workspace/ECP/ecg-maya-hydra/ecg-maya-hydra-branch-preflight-python3-linux/package --output-dir=/local/S/jenkins/workspace/ECP/ecg-maya-hydra/ecg-maya-hydra-branch-preflight-python3-linux/output --stash-dir=/local/S/jenkins/workspace/ECP/ecg-maya-hydra/ecg-maya-hydra-branch-preflight-python3-linux/stash --jenkins-build=474 --git-commit=bb945e33a41c286ec55a359993b6d5fd20092865 --git-branch=master --variants=Debug --interactive-tests=true --post-zips=false --maya-cut-config=maya-rundev-master-debug.yaml --maya-package=rundev-master-debug --stage-banner
[2024-01-23T09:52:48.401Z] config_file /home/S/jenkins/workspace/ECP/ecg-maya-hydra/ecg-maya-hydra-branch-preflight-python3-linux/ecg-maya-hydra/maya-rundev-master-debug.yaml
[2024-01-23T09:52:48.401Z] Using Maya cut from /local/S/jenkins/workspace/shared/Artifactory/Linux/rundev-master-debug/202401221311/runtime/c6c148d/runTime
[2024-01-23T09:52:48.401Z] 
[2024-01-23T09:52:48.401Z] ================================================================================
[2024-01-23T09:52:48.401Z]                                configure (Debug)
[2024-01-23T09:52:48.401Z] ================================================================================
[2024-01-23T09:52:48.401Z] Maya Python Debug Info:
[2024-01-23T09:52:48.401Z]   mayapy executable   = /local/S/jenkins/workspace/shared/Artifactory/Linux/rundev-master-debug/202401221311/runtime/c6c148d/runTime/bin/mayapy
[2024-01-23T09:52:48.401Z]   Include Folder      = /local/S/jenkins/workspace/shared/Artifactory/Linux/rundev-master-debug/202401221311/runtime/c6c148d/runTime/include/Python311/Python
[2024-01-23T09:52:48.401Z]   Library             = /local/S/jenkins/workspace/shared/Artifactory/Linux/rundev-master-debug/202401221311/runtime/c6c148d/runTime/lib/libpython3.11d.so.1.0
[2024-01-23T09:52:48.401Z]   site-package Folder = /local/S/jenkins/workspace/shared/Artifactory/Linux/rundev-master-debug/202401221311/runtime/c6c148d/runTime/lib/python3.11/site-packages
[2024-01-23T09:52:49.514Z] In workdir: /home/S/jenkins/workspace/ECP/ecg-maya-hydra/ecg-maya-hydra-branch-preflight-python3-linux/ecg-maya-hydra/maya-hydra
[2024-01-23T09:52:49.514Z] Executing: /local/S/jenkins/workspace/shared/Artifactory/Linux/rundev-master-debug/202401221311/runtime/c6c148d/runTime/bin/mayapy /home/S/jenkins/workspace/ECP/ecg-maya-hydra/ecg-maya-hydra-branch-preflight-python3-linux/ecg-maya-hydra/maya-hydra/build.py --generator Ninja --build-debug --maya-location /local/S/jenkins/workspace/shared/Artifactory/Linux/rundev-master-debug/202401221311/runtime/c6c148d/runTime --devkit-location /local/S/jenkins/workspace/shared/Artifactory/Linux/rundev-master-debug/202401221311/runtime/c6c148d/devkitBase --pxrusd-location /local/S/jenkins/workspace/shared/Artifactory/Linux/USD/d4ae0c1 --build-args=-DCMAKE_MAKE_PROGRAM=/local/S/jenkins/workspace/shared/Artifactory/Linux/ninja/1.10.2/9ab399b/ninja,-DPYTHON_INCLUDE_DIR=/local/S/jenkins/workspace/shared/Artifactory/Linux/rundev-master-debug/202401221311/runtime/c6c148d/runTime/include/Python311/Python,-DPython_EXECUTABLE=/local/S/jenkins/workspace/shared/Artifactory/Linux/rundev-master-debug/202401221311/runtime/c6c148d/runTime/bin/mayapy,-DPYTHON_LIBRARIES=/local/S/jenkins/workspace/shared/Artifactory/Linux/rundev-master-debug/202401221311/runtime/c6c148d/runTime/lib/libpython3.11d.so.1.0,-DBUILD_WITH_PYTHON_3_VERSION=3.11,-DCMAKE_WANT_MATERIALX_BUILD=ON,-DCMAKE_PREFIX_PATH=/local/S/jenkins/workspace/shared/Artifactory/Linux/USD/d4ae0c1,-DMAYAHYDRA_BUILD_NUMBER=474,-DMAYAHYDRA_GIT_COMMIT=bb945e33a41c286ec55a359993b6d5fd20092865,-DMAYAHYDRA_GIT_BRANCH=master,-DMAYAUSD_LOCATION=/local/S/jenkins/workspace/shared/Artifactory/Linux/mayausd-cotd-debug/202401170904/runtime/733a5f2/mayausd/MayaUSD --debug-python '--ctest-args=--parallel 16' --stages=configure --redirect-outstream-file=False --install-location /local/S/jenkins/workspace/ECP/ecg-maya-hydra/ecg-maya-hydra-branch-preflight-python3-linux/install/Debug/MayaHydra /local/S/jenkins/workspace/ECP/ecg-maya-hydra/ecg-maya-hydra-branch-preflight-python3-linux
[2024-01-23T09:52:49.514Z] Modified environment variables:
[2024-01-23T09:52:49.514Z]     LD_LIBRARY_PATH=/opt/rh/gcc-toolset-11/root/usr/lib64:/opt/rh/gcc-toolset-11/root/usr/lib64:/opt/rh/gcc-toolset-11/root/usr/lib:/opt/rh/gcc-toolset-11/root/usr/lib64/dyninst:/opt/rh/gcc-toolset-11/root/usr/lib/dyninst
[2024-01-23T09:52:49.514Z]     PATH=/local/S/jenkins/workspace/shared/Artifactory/Linux/cmake/3.20.3/ab685d7/bin:/opt/rh/gcc-toolset-11/root/usr/bin:/home/administrator/.local/bin:/home/administrator/bin:/usr/share/Modules/bin:/usr/local/bin:/usr/local/sbin:/usr/bin:/usr/sbin
[2024-01-23T09:53:21.111Z]     -- The C compiler identification is GNU 11.2.1
[2024-01-23T09:53:21.111Z]     -- The CXX compiler identification is GNU 11.2.1
[2024-01-23T09:53:21.111Z]     -- Detecting C compiler ABI info
[2024-01-23T09:53:21.111Z]     -- Detecting C compiler ABI info - done
[2024-01-23T09:53:21.111Z]     -- Check for working C compiler: /opt/rh/gcc-toolset-11/root/usr/bin/cc - skipped
[2024-01-23T09:53:21.111Z]     -- Detecting C compile features
[2024-01-23T09:53:21.111Z]     -- Detecting C compile features - done
[2024-01-23T09:53:21.111Z]     -- Detecting CXX compiler ABI info
[2024-01-23T09:53:21.111Z]     -- Detecting CXX compiler ABI info - done
[2024-01-23T09:53:21.111Z]     -- Check for working CXX compiler: /opt/rh/gcc-toolset-11/root/usr/bin/c++ - skipped
[2024-01-23T09:53:21.111Z]     -- Detecting CXX compile features
[2024-01-23T09:53:21.111Z]     -- Detecting CXX compile features - done
[2024-01-23T09:53:21.641Z]     -- Using Maya Light API Version 3
[2024-01-23T09:53:21.641Z]     -- Maya has setDefaultMaterialHandling API
[2024-01-23T09:53:21.641Z]     -- Maya has new point snapping API
[2024-01-23T09:53:21.641Z]     -- Maya has isInCrashHandler API
[2024-01-23T09:53:21.641Z]     -- Maya has getDisplayStyleOfAllViewports API
[2024-01-23T09:53:21.641Z]     -- Maya array iterator has difference_type trait
[2024-01-23T09:53:21.641Z]     -- MFnSet has getMemberPaths function
[2024-01-23T09:53:21.641Z]     -- MFnDisplayLayer exists
[2024-01-23T09:53:21.641Z]     -- MDisplayLayerMessage has MDisplayLayerMemberChangedFunction
[2024-01-23T09:53:21.641Z]     -- MRenderItem has HideOnPlayback API
[2024-01-23T09:53:21.641Z]     -- Linux: Maya was built with new cxx11 ABI
[2024-01-23T09:53:21.641Z]     -- Found Maya: /local/S/jenkins/workspace/shared/Artifactory/Linux/rundev-master-debug/202401221311/runtime/c6c148d/runTime/bin/maya (found suitable version "2025", minimum required is "2024")
[2024-01-23T09:53:22.757Z]     -- Found Python: /local/S/jenkins/workspace/shared/Artifactory/Linux/rundev-master-debug/202401221311/runtime/c6c148d/runTime/bin/mayapy (found suitable exact version "3.11.4") found components: Interpreter
[2024-01-23T09:53:22.757Z]     -- Build mayaHydra with Python3 = 3.11
[2024-01-23T09:53:22.757Z]     --    PYTHON_INCLUDE_DIRS = /local/S/jenkins/workspace/shared/Artifactory/Linux/rundev-master-debug/202401221311/runtime/c6c148d/runTime/include/Python311/Python
[2024-01-23T09:53:22.757Z]     --    PYTHON_LIBRARIES    = /local/S/jenkins/workspace/shared/Artifactory/Linux/rundev-master-debug/202401221311/runtime/c6c148d/runTime/lib/libpython3.11d.so.1.0
[2024-01-23T09:53:22.757Z]     --    Python_EXECUTABLE   = /local/S/jenkins/workspace/shared/Artifactory/Linux/rundev-master-debug/202401221311/runtime/c6c148d/runTime/bin/mayapy
[2024-01-23T09:53:22.757Z]     -- Found Python3: /local/S/jenkins/workspace/shared/Artifactory/Linux/rundev-master-debug/202401221311/runtime/c6c148d/runTime/include/Python311/Python (found suitable exact version "3.11.4") found components: Development Development.Module Development.Embed
[2024-01-23T09:53:22.757Z]     -- USD has new Sdr.PropertyTypes.Color4
[2024-01-23T09:53:23.499Z]     -- USD has MaterialX metadata support
[2024-01-23T09:53:23.499Z]     -- USD include dir: /local/S/jenkins/workspace/shared/Artifactory/Linux/USD/d4ae0c1/include
[2024-01-23T09:53:23.499Z]     -- USD library dir: /local/S/jenkins/workspace/shared/Artifactory/Linux/USD/d4ae0c1/lib
[2024-01-23T09:53:23.499Z]     -- USD version: 0.23.11
[2024-01-23T09:53:23.499Z]     -- Found USD: /local/S/jenkins/workspace/shared/Artifactory/Linux/USD/d4ae0c1 (found suitable version "0.23.11", minimum required is "0.22.11")
[2024-01-23T09:53:23.499Z]     Updated PYTHONPATH: /local/S/jenkins/workspace/shared/Artifactory/Linux/USD/d4ae0c1/lib/python
[2024-01-23T09:53:23.499Z]     -- Found UFE: /local/S/jenkins/workspace/shared/Artifactory/Linux/rundev-master-debug/202401221311/runtime/c6c148d/devkitBase/devkit/ufe/include (found version "5.0.0")
[2024-01-23T09:53:23.499Z]     -- UFE include dir: /local/S/jenkins/workspace/shared/Artifactory/Linux/rundev-master-debug/202401221311/runtime/c6c148d/devkitBase/devkit/ufe/include
[2024-01-23T09:53:23.499Z]     -- UFE library: /local/S/jenkins/workspace/shared/Artifactory/Linux/rundev-master-debug/202401221311/runtime/c6c148d/devkitBase/devkit/ufe/lib/libufe_5.so
[2024-01-23T09:53:23.499Z]     -- UFE version: 5.0.0
[2024-01-23T09:53:23.499Z]     -- Maya has UFE lights API
[2024-01-23T09:53:23.499Z]     -- Maya has UFE scene segment API
[2024-01-23T09:53:23.499Z]     -- Maya has UFE TrieNode childrenComponents accessor
[2024-01-23T09:53:23.499Z]     -- Building with UFE 5.0.0.
[2024-01-23T09:53:23.499Z]     CMake Warning (dev) at /home/S/jenkins/workspace/shared/Artifactory/Linux/cmake/3.20.3/ab685d7/share/cmake-3.20/Modules/FindPackageHandleStandardArgs.cmake:438 (message):
[2024-01-23T09:53:23.499Z]       The package name passed to `find_package_handle_standard_args` (MAYAUSD)
[2024-01-23T09:53:23.499Z]       does not match the name of the calling package (MayaUsd).  This can lead to
[2024-01-23T09:53:23.499Z]       problems in calling code that expects `find_package` result variables
[2024-01-23T09:53:23.499Z]       (e.g., `_FOUND`) to follow a certain pattern.
[2024-01-23T09:53:23.499Z]     Call Stack (most recent call first):
[2024-01-23T09:53:23.499Z]       cmake/modules/FindMayaUsd.cmake:62 (find_package_handle_standard_args)
[2024-01-23T09:53:23.499Z]       CMakeLists.txt:134 (find_package)
[2024-01-23T09:53:23.499Z]     This warning is for project developers.  Use -Wno-dev to suppress it.
[2024-01-23T09:53:23.499Z]     
[2024-01-23T09:53:23.499Z]     -- Could NOT find MAYAUSD (missing: MAYAUSD_LIBRARY_DIR)
[2024-01-23T09:53:23.499Z]     CMake Error at cmake/modules/FindMayaUsd.cmake:86 (message):
[2024-01-23T09:53:23.499Z]       Could not find MayaUsd library and include directories in the folder
[2024-01-23T09:53:23.499Z]       provided :
[2024-01-23T09:53:23.499Z]       /local/S/jenkins/workspace/shared/Artifactory/Linux/mayausd-cotd-debug/202401170904/runtime/733a5f2/mayausd/MayaUSD
[2024-01-23T09:53:23.499Z]     Call Stack (most recent call first):
[2024-01-23T09:53:23.499Z]       CMakeLists.txt:134 (find_package)
[2024-01-23T09:53:23.499Z]     
[2024-01-23T09:53:23.499Z]     
[2024-01-23T09:53:23.499Z]     -- Configuring incomplete, errors occurred!
[2024-01-23T09:53:23.499Z]     See also "/home/S/jenkins/workspace/ECP/ecg-maya-hydra/ecg-maya-hydra-branch-preflight-python3-linux/build/Debug/CMakeFiles/CMakeOutput.log".
[2024-01-23T09:53:23.499Z]     
[2024-01-23T09:53:23.499Z]         Building with settings:
[2024-01-23T09:53:23.499Z]           Source directory          /home/S/jenkins/workspace/ECP/ecg-maya-hydra/ecg-maya-hydra-branch-preflight-python3-linux/ecg-maya-hydra/maya-hydra
[2024-01-23T09:53:23.499Z]           Workspace directory       /local/S/jenkins/workspace/ECP/ecg-maya-hydra/ecg-maya-hydra-branch-preflight-python3-linux
[2024-01-23T09:53:23.499Z]           Build directory           /local/S/jenkins/workspace/ECP/ecg-maya-hydra/ecg-maya-hydra-branch-preflight-python3-linux/build/Debug
[2024-01-23T09:53:23.499Z]           Install directory         /local/S/jenkins/workspace/ECP/ecg-maya-hydra/ecg-maya-hydra-branch-preflight-python3-linux/install/Debug/MayaHydra
[2024-01-23T09:53:23.499Z]           Variant                   Debug
[2024-01-23T09:53:23.499Z]           Python Debug              On
[2024-01-23T09:53:23.499Z]           CMake generator           Ninja
[2024-01-23T09:53:23.499Z]           Build arguments           ['-DCMAKE_MAKE_PROGRAM=/local/S/jenkins/workspace/shared/Artifactory/Linux/ninja/1.10.2/9ab399b/ninja', '-DPYTHON_INCLUDE_DIR=/local/S/jenkins/workspace/shared/Artifactory/Linux/rundev-master-debug/202401221311/runtime/c6c148d/runTime/include/Python311/Python', '-DPython_EXECUTABLE=/local/S/jenkins/workspace/shared/Artifactory/Linux/rundev-master-debug/202401221311/runtime/c6c148d/runTime/bin/mayapy', '-DPYTHON_LIBRARIES=/local/S/jenkins/workspace/shared/Artifactory/Linux/rundev-master-debug/202401221311/runtime/c6c148d/runTime/lib/libpython3.11d.so.1.0', '-DBUILD_WITH_PYTHON_3_VERSION=3.11', '-DCMAKE_WANT_MATERIALX_BUILD=ON', '-DCMAKE_PREFIX_PATH=/local/S/jenkins/workspace/shared/Artifactory/Linux/USD/d4ae0c1', '-DMAYAHYDRA_BUILD_NUMBER=474', '-DMAYAHYDRA_GIT_COMMIT=bb945e33a41c286ec55a359993b6d5fd20092865', '-DMAYAHYDRA_GIT_BRANCH=master', '-DMAYAUSD_LOCATION=/local/S/jenkins/workspace/shared/Artifactory/Linux/mayausd-cotd-debug/202401170904/runtime/733a5f2/mayausd/MayaUSD']
[2024-01-23T09:53:23.499Z]           Stages arguments          ['configure']
[2024-01-23T09:53:23.499Z]           CTest arguments           ['--parallel 16']
[2024-01-23T09:53:23.499Z]     STATUS: Could not find Maya Qt6.
[2024-01-23T09:53:23.499Z]     STATUS:   Extracting '/local/S/jenkins/workspace/shared/Artifactory/Linux/rundev-master-debug/202401221311/runtime/c6c148d/devkitBase/Qt.tgz' to '/local/S/jenkins/workspace/shared/Artifactory/Linux/rundev-master-debug/202401221311/runtime/c6c148d/devkitBase'
[2024-01-23T09:53:23.499Z]     #####################################################################################
[2024-01-23T09:53:23.499Z]     log date: 2024-01-23 01:53
[2024-01-23T09:53:23.499Z]     commit sha: b13e2e19cdaf5000ed2fa0a731f5ca9d8f3527d7
[2024-01-23T09:53:23.499Z]     commit date: Tue Jan 23 01:48:51 2024 -0800
[2024-01-23T09:53:23.499Z]     #####################################################################################
[2024-01-23T09:53:23.499Z]     
[2024-01-23T09:53:23.500Z]     cmake -DCMAKE_INSTALL_PREFIX="/local/S/jenkins/workspace/ECP/ecg-maya-hydra/ecg-maya-hydra-branch-preflight-python3-linux/install/Debug/MayaHydra" -DCMAKE_BUILD_TYPE=Debug -DCMAKE_EXPORT_COMPILE_COMMANDS=ON -G "Ninja" -DMAYA_LOCATION="/local/S/jenkins/workspace/shared/Artifactory/Linux/rundev-master-debug/202401221311/runtime/c6c148d/runTime" -DPXR_USD_LOCATION="/local/S/jenkins/workspace/shared/Artifactory/Linux/USD/d4ae0c1" -DMAYA_DEVKIT_LOCATION="/local/S/jenkins/workspace/shared/Artifactory/Linux/rundev-master-debug/202401221311/runtime/c6c148d/devkitBase" -DCMAKE_MAKE_PROGRAM=/local/S/jenkins/workspace/shared/Artifactory/Linux/ninja/1.10.2/9ab399b/ninja -DPYTHON_INCLUDE_DIR=/local/S/jenkins/workspace/shared/Artifactory/Linux/rundev-master-debug/202401221311/runtime/c6c148d/runTime/include/Python311/Python -DPython_EXECUTABLE=/local/S/jenkins/workspace/shared/Artifactory/Linux/rundev-master-debug/202401221311/runtime/c6c148d/runTime/bin/mayapy -DPYTHON_LIBRARIES=/local/S/jenkins/workspace/shared/Artifactory/Linux/rundev-master-debug/202401221311/runtime/c6c148d/runTime/lib/libpython3.11d.so.1.0 -DBUILD_WITH_PYTHON_3_VERSION=3.11 -DCMAKE_WANT_MATERIALX_BUILD=ON -DCMAKE_PREFIX_PATH=/local/S/jenkins/workspace/shared/Artifactory/Linux/USD/d4ae0c1 -DMAYAHYDRA_BUILD_NUMBER=474 -DMAYAHYDRA_GIT_COMMIT=bb945e33a41c286ec55a359993b6d5fd20092865 -DMAYAHYDRA_GIT_BRANCH=master -DMAYAUSD_LOCATION=/local/S/jenkins/workspace/shared/Artifactory/Linux/mayausd-cotd-debug/202401170904/runtime/733a5f2/mayausd/MayaUSD "/home/S/jenkins/workspace/ECP/ecg-maya-hydra/ecg-maya-hydra-branch-preflight-python3-linux/ecg-maya-hydra/maya-hydra"
[2024-01-23T09:53:23.500Z]     
[2024-01-23T09:53:23.500Z]     Traceback (most recent call last):
[2024-01-23T09:53:23.500Z]       File "/home/S/jenkins/workspace/ECP/ecg-maya-hydra/ecg-maya-hydra-branch-preflight-python3-linux/ecg-maya-hydra/maya-hydra/build.py", line 745, in <module>
[2024-01-23T09:53:23.500Z]         BuildAndInstall(context, context.buildArgs, context.stagesArgs)
[2024-01-23T09:53:23.500Z]       File "/home/S/jenkins/workspace/ECP/ecg-maya-hydra/ecg-maya-hydra-branch-preflight-python3-linux/ecg-maya-hydra/maya-hydra/build.py", line 502, in BuildAndInstall
[2024-01-23T09:53:23.500Z]         RunCMake(context, extraArgs, stagesArgs)
[2024-01-23T09:53:23.500Z]       File "/home/S/jenkins/workspace/ECP/ecg-maya-hydra/ecg-maya-hydra-branch-preflight-python3-linux/ecg-maya-hydra/maya-hydra/build.py", line 305, in RunCMake
[2024-01-23T09:53:23.500Z]         Run(context,
[2024-01-23T09:53:23.500Z]       File "/home/S/jenkins/workspace/ECP/ecg-maya-hydra/ecg-maya-hydra-branch-preflight-python3-linux/ecg-maya-hydra/maya-hydra/build.py", line 197, in Run
[2024-01-23T09:53:23.500Z]         raise RuntimeError("Failed to run '{cmd}'\nSee {log} for more details."
[2024-01-23T09:53:23.500Z]     RuntimeError: Failed to run 'cmake -DCMAKE_INSTALL_PREFIX="/local/S/jenkins/workspace/ECP/ecg-maya-hydra/ecg-maya-hydra-branch-preflight-python3-linux/install/Debug/MayaHydra" -DCMAKE_BUILD_TYPE=Debug -DCMAKE_EXPORT_COMPILE_COMMANDS=ON -G "Ninja" -DMAYA_LOCATION="/local/S/jenkins/workspace/shared/Artifactory/Linux/rundev-master-debug/202401221311/runtime/c6c148d/runTime" -DPXR_USD_LOCATION="/local/S/jenkins/workspace/shared/Artifactory/Linux/USD/d4ae0c1" -DMAYA_DEVKIT_LOCATION="/local/S/jenkins/workspace/shared/Artifactory/Linux/rundev-master-debug/202401221311/runtime/c6c148d/devkitBase" -DCMAKE_MAKE_PROGRAM=/local/S/jenkins/workspace/shared/Artifactory/Linux/ninja/1.10.2/9ab399b/ninja -DPYTHON_INCLUDE_DIR=/local/S/jenkins/workspace/shared/Artifactory/Linux/rundev-master-debug/202401221311/runtime/c6c148d/runTime/include/Python311/Python -DPython_EXECUTABLE=/local/S/jenkins/workspace/shared/Artifactory/Linux/rundev-master-debug/202401221311/runtime/c6c148d/runTime/bin/mayapy -DPYTHON_LIBRARIES=/local/S/jenkins/workspace/shared/Artifactory/Linux/rundev-master-debug/202401221311/runtime/c6c148d/runTime/lib/libpython3.11d.so.1.0 -DBUILD_WITH_PYTHON_3_VERSION=3.11 -DCMAKE_WANT_MATERIALX_BUILD=ON -DCMAKE_PREFIX_PATH=/local/S/jenkins/workspace/shared/Artifactory/Linux/USD/d4ae0c1 -DMAYAHYDRA_BUILD_NUMBER=474 -DMAYAHYDRA_GIT_COMMIT=bb945e33a41c286ec55a359993b6d5fd20092865 -DMAYAHYDRA_GIT_BRANCH=master -DMAYAUSD_LOCATION=/local/S/jenkins/workspace/shared/Artifactory/Linux/mayausd-cotd-debug/202401170904/runtime/733a5f2/mayausd/MayaUSD "/home/S/jenkins/workspace/ECP/ecg-maya-hydra/ecg-maya-hydra-branch-preflight-python3-linux/ecg-maya-hydra/maya-hydra"'
[2024-01-23T09:53:23.500Z]     See /local/S/jenkins/workspace/ECP/ecg-maya-hydra/ecg-maya-hydra-branch-preflight-python3-linux/build/Debug/build_log.txt for more details.
[2024-01-23T09:53:23.500Z] build.py: error: Command failed with error code: 1
[Pipeline] }
[Pipeline] // withEnv
[Pipeline] }
[Pipeline] // timeout
[Pipeline] }
[Pipeline] // stage
[Pipeline] }
[Pipeline] // timestamps
[Pipeline] emailextrecipients
Not sending mail to user ecg.jenkins@autodesk.com with no permission to view ECP  ecg-maya-hydra  Maya Hydra [Python 3, Interactive] - Branch - Preflight (Linux) [RHEL8] #474Not sending mail to user ecg.jenkins@autodesk.com with no permission to view ECP  ecg-maya-hydra  Maya Hydra [Python 3, Interactive] - Branch - Preflight (Linux) [RHEL8] #474[Pipeline] echo
No recipients to send notification.
[Pipeline] }
[Pipeline] // node
[Pipeline] End of Pipeline
ERROR: script returned exit code 1
[Checks API] No suitable checks publisher found.
Finished: FAILURE
