[2024-01-23T13:59:55.725Z] ================================================================================
[2024-01-23T13:59:55.725Z]                                  setup (Debug)
[2024-01-23T13:59:55.725Z] ================================================================================
[Pipeline] sh
[2024-01-23T13:59:57.060Z] + python ecg-maya-hydra/build.py --stages=setup --workspace-dir=/local/S/jenkins/workspace/ECP/ecg-maya-hydra/ecg-maya-hydra-branch-preflight-python3-osx --artifactory-dir=/local/S/jenkins/workspace/shared/Artifactory --build-dir=/local/S/jenkins/workspace/ECP/ecg-maya-hydra/ecg-maya-hydra-branch-preflight-python3-osx/build --install-dir=/local/S/jenkins/workspace/ECP/ecg-maya-hydra/ecg-maya-hydra-branch-preflight-python3-osx/install --signing-dir=/local/S/jenkins/workspace/ECP/ecg-maya-hydra/ecg-maya-hydra-branch-preflight-python3-osx/signing --package-dir=/local/S/jenkins/workspace/ECP/ecg-maya-hydra/ecg-maya-hydra-branch-preflight-python3-osx/package --output-dir=/local/S/jenkins/workspace/ECP/ecg-maya-hydra/ecg-maya-hydra-branch-preflight-python3-osx/output --stash-dir=/local/S/jenkins/workspace/ECP/ecg-maya-hydra/ecg-maya-hydra-branch-preflight-python3-osx/stash --jenkins-build=477 --git-commit=213589ae407a1c3a6962bb830b3f884de1b4e226 --git-branch=master --variants=RelWithDebInfo --interactive-tests=false --post-zips=false --osx-binary-architecture-target=ub2 --osx-deployment-target=11.0 --osx-base-sdk=CurrentActiveSDK --extra-license-file=ecg-maya-hydra/jenkins-o03-cot/melicense.lic --prune-versions=3 --prune-revisions=3 --maya-cut-config=maya-rundev-master.yaml --maya-package=rundev-master --stage-banner --prune-artifacts --force-pruning
[2024-01-23T13:59:57.061Z] config_file /Volumes/DATA/local/S/jenkins/workspace/ECP/ecg-maya-hydra/ecg-maya-hydra-branch-preflight-python3-osx/ecg-maya-hydra/maya-rundev-master.yaml
[2024-01-23T13:59:57.061Z] Getting rundev-master download URL from Maya SHA-1 hash
[2024-01-23T13:59:57.061Z] Finding Artifactory servers response times
[2024-01-23T14:00:00.318Z] [VERBOSE] Start loading URL (CURL): https://art-bobcat.autodesk.com/artifactory/api/search/checksum?repos=team-maya-generic,oss-stg-generic,team-mayausd-post-generic,autodesk-3p-generic,adsk-build-tools-generic,team-ecg-generic&sha1=e40f03b4aa24d973facc3ea43dd9a7760fd8c4a2
[2024-01-23T14:00:00.318Z] [DEBUG] Running: /usr/bin/curl -s -X GET --keepalive-time 10 --connect-timeout 60 --speed-limit 10000 --speed-time 120 --max-time 3600 --retry 5 --retry-max-time 2400 -H Connection:close -H Authorization:Basic ZWNnYmlmcm9zdDpvcGUqKjAw https://art-bobcat.autodesk.com/artifactory/api/search/checksum?repos=team-maya-generic,oss-stg-generic,team-mayausd-post-generic,autodesk-3p-generic,adsk-build-tools-generic,team-ecg-generic&sha1=e40f03b4aa24d973facc3ea43dd9a7760fd8c4a2
[2024-01-23T14:00:00.318Z] [DEBUG] Output:
[2024-01-23T14:00:00.318Z] {
[2024-01-23T14:00:00.318Z]   "results" : [ {
[2024-01-23T14:00:00.318Z]     "uri" : "https://art-bobcat.autodesk.com:443/artifactory/api/storage/team-maya-generic/Maya/master/pmac/2024-01-22-13-11_3d12c67020/202401221311-3d12c67020-RUNDEV.dmg"
[2024-01-23T14:00:00.318Z]   } ]
[2024-01-23T14:00:00.318Z] }
[2024-01-23T14:00:00.318Z] [VERBOSE] End loading URL (CURL): https://art-bobcat.autodesk.com/artifactory/api/search/checksum?repos=team-maya-generic,oss-stg-generic,team-mayausd-post-generic,autodesk-3p-generic,adsk-build-tools-generic,team-ecg-generic&sha1=e40f03b4aa24d973facc3ea43dd9a7760fd8c4a2
[2024-01-23T14:00:00.318Z] [VERBOSE] Start loading URL (CURL): https://art-bobcat.autodesk.com:443/artifactory/api/storage/team-maya-generic/Maya/master/pmac/2024-01-22-13-11_3d12c67020/202401221311-3d12c67020-RUNDEV.dmg
[2024-01-23T14:00:00.318Z] [DEBUG] Running: /usr/bin/curl -s -X GET --keepalive-time 10 --connect-timeout 60 --speed-limit 10000 --speed-time 120 --max-time 3600 --retry 5 --retry-max-time 2400 -H Connection:close -H Authorization:Basic ZWNnYmlmcm9zdDpvcGUqKjAw https://art-bobcat.autodesk.com:443/artifactory/api/storage/team-maya-generic/Maya/master/pmac/2024-01-22-13-11_3d12c67020/202401221311-3d12c67020-RUNDEV.dmg
[2024-01-23T14:00:00.318Z] [DEBUG] Output:
[2024-01-23T14:00:00.318Z] {
[2024-01-23T14:00:00.318Z]   "repo" : "team-maya-generic",
[2024-01-23T14:00:00.318Z]   "path" : "/Maya/master/pmac/2024-01-22-13-11_3d12c67020/202401221311-3d12c67020-RUNDEV.dmg",
[2024-01-23T14:00:00.318Z]   "created" : "2024-01-22T14:46:31.153-08:00",
[2024-01-23T14:00:00.318Z]   "createdBy" : "svc_aad_p_mescm",
[2024-01-23T14:00:00.318Z]   "lastModified" : "2024-01-22T14:36:18.899-08:00",
[2024-01-23T14:00:00.318Z]   "modifiedBy" : "svc_aad_p_mescm",
[2024-01-23T14:00:00.318Z]   "lastUpdated" : "2024-01-22T14:46:31.153-08:00",
[2024-01-23T14:00:00.318Z]   "downloadUri" : "https://art-bobcat.autodesk.com:443/artifactory/team-maya-generic/Maya/master/pmac/2024-01-22-13-11_3d12c67020/202401221311-3d12c67020-RUNDEV.dmg",
[2024-01-23T14:00:00.318Z]   "mimeType" : "application/octet-stream",
[2024-01-23T14:00:00.318Z]   "size" : "2884028946",
[2024-01-23T14:00:00.318Z]   "checksums" : {
[2024-01-23T14:00:00.318Z]     "sha1" : "e40f03b4aa24d973facc3ea43dd9a7760fd8c4a2",
[2024-01-23T14:00:00.318Z]     "md5" : "c48a561fdd6ebc04019b115893d50beb",
[2024-01-23T14:00:00.318Z]     "sha256" : "996b65663ff8ed0ba27d8579b7768f3b82bb7cc93259572a34685b17ea0fbafd"
[2024-01-23T14:00:00.318Z]   },
[2024-01-23T14:00:00.318Z]   "originalChecksums" : {
[2024-01-23T14:00:00.318Z]     "sha1" : "e40f03b4aa24d973facc3ea43dd9a7760fd8c4a2",
[2024-01-23T14:00:00.318Z]     "md5" : "c48a561fdd6ebc04019b115893d50beb",
[2024-01-23T14:00:00.318Z]     "sha256" : "996b65663ff8ed0ba27d8579b7768f3b82bb7cc93259572a34685b17ea0fbafd"
[2024-01-23T14:00:00.318Z]   },
[2024-01-23T14:00:00.318Z]   "uri" : "https://art-bobcat.autodesk.com:443/artifactory/api/storage/team-maya-generic/Maya/master/pmac/2024-01-22-13-11_3d12c67020/202401221311-3d12c67020-RUNDEV.dmg"
[2024-01-23T14:00:00.318Z] }
[2024-01-23T14:00:00.318Z] [VERBOSE] End loading URL (CURL): https://art-bobcat.autodesk.com:443/artifactory/api/storage/team-maya-generic/Maya/master/pmac/2024-01-22-13-11_3d12c67020/202401221311-3d12c67020-RUNDEV.dmg
[2024-01-23T14:00:00.318Z] Using Maya cut from /local/S/jenkins/workspace/shared/Artifactory/OSX/rundev-master/202401221311/runtime/e40f03b/runTime
[2024-01-23T14:00:00.318Z] Using Maya ADSK Signatures from /local/S/jenkins/workspace/shared/Artifactory/OSX/adsk-plugin-signatures-maya/2023/3ae1ae7
[2024-01-23T14:00:00.318Z] Using Maya Security Library from /local/S/jenkins/workspace/shared/Artifactory/OSX/maya-security-library/3.4.0/5e08f3e
[2024-01-23T14:00:00.318Z] 
[2024-01-23T14:00:00.318Z] ================================================================================
[2024-01-23T14:00:00.318Z]                              setup (RelWithDebInfo)
[2024-01-23T14:00:00.318Z] ================================================================================
[Pipeline] }
[Pipeline] // withEnv
[Pipeline] }
[Pipeline] // timeout
[Pipeline] }
[Pipeline] // stage
[Pipeline] }
[Pipeline] // timestamps
[Pipeline] timestamps
[Pipeline] {
[Pipeline] stage
[Pipeline] { (Clean)
[Pipeline] timeout
[2024-01-23T14:00:00.670Z] Timeout set to expire in 6 hr 0 min
[Pipeline] {
[Pipeline] withEnv
[Pipeline] {
[Pipeline] sh
[2024-01-23T14:00:01.778Z] + python ecg-maya-hydra/build.py --stages=clean --workspace-dir=/local/S/jenkins/workspace/ECP/ecg-maya-hydra/ecg-maya-hydra-branch-preflight-python3-osx --artifactory-dir=/local/S/jenkins/workspace/shared/Artifactory --build-dir=/local/S/jenkins/workspace/ECP/ecg-maya-hydra/ecg-maya-hydra-branch-preflight-python3-osx/build --install-dir=/local/S/jenkins/workspace/ECP/ecg-maya-hydra/ecg-maya-hydra-branch-preflight-python3-osx/install --signing-dir=/local/S/jenkins/workspace/ECP/ecg-maya-hydra/ecg-maya-hydra-branch-preflight-python3-osx/signing --package-dir=/local/S/jenkins/workspace/ECP/ecg-maya-hydra/ecg-maya-hydra-branch-preflight-python3-osx/package --output-dir=/local/S/jenkins/workspace/ECP/ecg-maya-hydra/ecg-maya-hydra-branch-preflight-python3-osx/output --stash-dir=/local/S/jenkins/workspace/ECP/ecg-maya-hydra/ecg-maya-hydra-branch-preflight-python3-osx/stash --jenkins-build=477 --git-commit=213589ae407a1c3a6962bb830b3f884de1b4e226 --git-branch=master --variants=Debug --interactive-tests=false --post-zips=false --osx-binary-architecture-target=ub2 --osx-deployment-target=11.0 --osx-base-sdk=CurrentActiveSDK --maya-cut-config=maya-rundev-master-debug.yaml --maya-package=rundev-master-debug --stage-banner
[2024-01-23T14:00:01.778Z] config_file /Volumes/DATA/local/S/jenkins/workspace/ECP/ecg-maya-hydra/ecg-maya-hydra-branch-preflight-python3-osx/ecg-maya-hydra/maya-rundev-master-debug.yaml
[2024-01-23T14:00:01.778Z] Using Maya cut from /local/S/jenkins/workspace/shared/Artifactory/OSX/rundev-master-debug/202401221311/runtime/cb87f7c/runTime
[2024-01-23T14:00:01.778Z] Using Maya ADSK Signatures from /local/S/jenkins/workspace/shared/Artifactory/OSX/adsk-plugin-signatures-maya/2023/3ae1ae7
[2024-01-23T14:00:01.778Z] Using Maya Security Library from /local/S/jenkins/workspace/shared/Artifactory/OSX/maya-security-library/3.4.0/5e08f3e
[2024-01-23T14:00:01.778Z] 
[2024-01-23T14:00:01.778Z] ================================================================================
[2024-01-23T14:00:01.778Z]                                  clean (Debug)
[2024-01-23T14:00:01.778Z] ================================================================================
[2024-01-23T14:00:01.778Z] Maya Python Debug Info:
[2024-01-23T14:00:01.778Z]   mayapy executable   = /local/S/jenkins/workspace/shared/Artifactory/OSX/rundev-master-debug/202401221311/runtime/cb87f7c/runTime/Maya.app/Contents/bin/mayapy
[2024-01-23T14:00:01.778Z]   Include Folder      = /local/S/jenkins/workspace/shared/Artifactory/OSX/rundev-master-debug/202401221311/runtime/cb87f7c/runTime/Maya.app/Contents/Frameworks/Python.framework/Versions/Current/include/python3.11
[2024-01-23T14:00:01.778Z]   Library             = /local/S/jenkins/workspace/shared/Artifactory/OSX/rundev-master-debug/202401221311/runtime/cb87f7c/runTime/Maya.app/Contents/Frameworks/Python.framework/Versions/Current/lib/libpython3.11.dylib
[2024-01-23T14:00:01.778Z]   site-package Folder = /local/S/jenkins/workspace/shared/Artifactory/OSX/rundev-master-debug/202401221311/runtime/cb87f7c/runTime/Maya.app/Contents/Frameworks/Python.framework/Versions/Current/lib/python3.11/site-packages
[2024-01-23T14:00:02.406Z] In workdir: /Volumes/DATA/local/S/jenkins/workspace/ECP/ecg-maya-hydra/ecg-maya-hydra-branch-preflight-python3-osx/ecg-maya-hydra/maya-hydra
[2024-01-23T14:00:02.407Z] Executing: arch -arch arm64 /local/S/jenkins/workspace/shared/Artifactory/OSX/rundev-master-debug/202401221311/runtime/cb87f7c/runTime/Maya.app/Contents/bin/mayapy /Volumes/DATA/local/S/jenkins/workspace/ECP/ecg-maya-hydra/ecg-maya-hydra-branch-preflight-python3-osx/ecg-maya-hydra/maya-hydra/build.py --generator Ninja --build-debug --maya-location /local/S/jenkins/workspace/shared/Artifactory/OSX/rundev-master-debug/202401221311/runtime/cb87f7c/runTime --devkit-location /local/S/jenkins/workspace/shared/Artifactory/OSX/rundev-master-debug/202401221311/runtime/cb87f7c/devkitBase --pxrusd-location /local/S/jenkins/workspace/shared/Artifactory/OSX/USD/ca7f6ed --build-args=-DCMAKE_MAKE_PROGRAM=/local/S/jenkins/workspace/shared/Artifactory/OSX/ninja/1.10.2/95d0ca5/ninja,-DPYTHON_INCLUDE_DIR=/local/S/jenkins/workspace/shared/Artifactory/OSX/rundev-master-debug/202401221311/runtime/cb87f7c/runTime/Maya.app/Contents/Frameworks/Python.framework/Versions/Current/include/python3.11,-DPython_EXECUTABLE=/local/S/jenkins/workspace/shared/Artifactory/OSX/rundev-master-debug/202401221311/runtime/cb87f7c/runTime/Maya.app/Contents/bin/mayapy,-DPYTHON_LIBRARIES=/local/S/jenkins/workspace/shared/Artifactory/OSX/rundev-master-debug/202401221311/runtime/cb87f7c/runTime/Maya.app/Contents/Frameworks/Python.framework/Versions/Current/lib/libpython3.11.dylib,-DBUILD_WITH_PYTHON_3_VERSION=3.11,-DBUILD_UB2=ON,-DCMAKE_WANT_MATERIALX_BUILD=ON,-DCMAKE_PREFIX_PATH=/local/S/jenkins/workspace/shared/Artifactory/OSX/USD/ca7f6ed,-DMAYAHYDRA_BUILD_NUMBER=477,-DMAYAHYDRA_GIT_COMMIT=213589ae407a1c3a6962bb830b3f884de1b4e226,-DMAYAHYDRA_GIT_BRANCH=master,-DMAYAUSD_LOCATION=/local/S/jenkins/workspace/shared/Artifactory/OSX/mayausd-cotd-debug/202401170904/runtime/d26f121/mayausd/MayaUSD '--ctest-args=-LE interactive,--parallel 8' --stages=clean --redirect-outstream-file=False --install-location /local/S/jenkins/workspace/ECP/ecg-maya-hydra/ecg-maya-hydra-branch-preflight-python3-osx/install/Debug/MayaHydra /local/S/jenkins/workspace/ECP/ecg-maya-hydra/ecg-maya-hydra-branch-preflight-python3-osx
[2024-01-23T14:00:02.407Z] Modified environment variables:
[2024-01-23T14:00:02.407Z]     PATH=/local/S/jenkins/workspace/shared/Artifactory/OSX/cmake/3.20.3/2594509/bin:/opt/homebrew/bin:/usr/local/bin:/bin:/usr/sbin:/sbin:/usr/bin:/usr/bin:/bin:/usr/sbin:/sbin
[2024-01-23T14:00:02.407Z]     
[2024-01-23T14:00:02.407Z]         Building with settings:
[2024-01-23T14:00:02.407Z]           Source directory          /Volumes/DATA/local/S/jenkins/workspace/ECP/ecg-maya-hydra/ecg-maya-hydra-branch-preflight-python3-osx/ecg-maya-hydra/maya-hydra
[2024-01-23T14:00:02.407Z]           Workspace directory       /local/S/jenkins/workspace/ECP/ecg-maya-hydra/ecg-maya-hydra-branch-preflight-python3-osx
[2024-01-23T14:00:02.407Z]           Build directory           /local/S/jenkins/workspace/ECP/ecg-maya-hydra/ecg-maya-hydra-branch-preflight-python3-osx/build/Debug
[2024-01-23T14:00:02.407Z]           Install directory         /local/S/jenkins/workspace/ECP/ecg-maya-hydra/ecg-maya-hydra-branch-preflight-python3-osx/install/Debug/MayaHydra
[2024-01-23T14:00:02.407Z]           Variant                   Debug
[2024-01-23T14:00:02.407Z]           Python Debug              Off
[2024-01-23T14:00:02.407Z]           CMake generator           Ninja
[2024-01-23T14:00:02.407Z]           Build arguments           ['-DCMAKE_MAKE_PROGRAM=/local/S/jenkins/workspace/shared/Artifactory/OSX/ninja/1.10.2/95d0ca5/ninja', '-DPYTHON_INCLUDE_DIR=/local/S/jenkins/workspace/shared/Artifactory/OSX/rundev-master-debug/202401221311/runtime/cb87f7c/runTime/Maya.app/Contents/Frameworks/Python.framework/Versions/Current/include/python3.11', '-DPython_EXECUTABLE=/local/S/jenkins/workspace/shared/Artifactory/OSX/rundev-master-debug/202401221311/runtime/cb87f7c/runTime/Maya.app/Contents/bin/mayapy', '-DPYTHON_LIBRARIES=/local/S/jenkins/workspace/shared/Artifactory/OSX/rundev-master-debug/202401221311/runtime/cb87f7c/runTime/Maya.app/Contents/Frameworks/Python.framework/Versions/Current/lib/libpython3.11.dylib', '-DBUILD_WITH_PYTHON_3_VERSION=3.11', '-DBUILD_UB2=ON', '-DCMAKE_WANT_MATERIALX_BUILD=ON', '-DCMAKE_PREFIX_PATH=/local/S/jenkins/workspace/shared/Artifactory/OSX/USD/ca7f6ed', '-DMAYAHYDRA_BUILD_NUMBER=477', '-DMAYAHYDRA_GIT_COMMIT=213589ae407a1c3a6962bb830b3f884de1b4e226', '-DMAYAHYDRA_GIT_BRANCH=master', '-DMAYAUSD_LOCATION=/local/S/jenkins/workspace/shared/Artifactory/OSX/mayausd-cotd-debug/202401170904/runtime/d26f121/mayausd/MayaUSD']
[2024-01-23T14:00:02.407Z]           Stages arguments          ['clean']
[2024-01-23T14:00:02.407Z]           CTest arguments           ['-LE interactive', '--parallel 8']
[2024-01-23T14:00:02.407Z]     Success MayaHydra build and install !!!!
[2024-01-23T14:00:02.407Z]     Elapsed time: 00:00:00
[Pipeline] sh
[2024-01-23T14:00:03.777Z] + python ecg-maya-hydra/build.py --stages=clean --workspace-dir=/local/S/jenkins/workspace/ECP/ecg-maya-hydra/ecg-maya-hydra-branch-preflight-python3-osx --artifactory-dir=/local/S/jenkins/workspace/shared/Artifactory --build-dir=/local/S/jenkins/workspace/ECP/ecg-maya-hydra/ecg-maya-hydra-branch-preflight-python3-osx/build --install-dir=/local/S/jenkins/workspace/ECP/ecg-maya-hydra/ecg-maya-hydra-branch-preflight-python3-osx/install --signing-dir=/local/S/jenkins/workspace/ECP/ecg-maya-hydra/ecg-maya-hydra-branch-preflight-python3-osx/signing --package-dir=/local/S/jenkins/workspace/ECP/ecg-maya-hydra/ecg-maya-hydra-branch-preflight-python3-osx/package --output-dir=/local/S/jenkins/workspace/ECP/ecg-maya-hydra/ecg-maya-hydra-branch-preflight-python3-osx/output --stash-dir=/local/S/jenkins/workspace/ECP/ecg-maya-hydra/ecg-maya-hydra-branch-preflight-python3-osx/stash --jenkins-build=477 --git-commit=213589ae407a1c3a6962bb830b3f884de1b4e226 --git-branch=master --variants=RelWithDebInfo --interactive-tests=false --post-zips=false --osx-binary-architecture-target=ub2 --osx-deployment-target=11.0 --osx-base-sdk=CurrentActiveSDK --maya-cut-config=maya-rundev-master.yaml --maya-package=rundev-master --stage-banner
[2024-01-23T14:00:03.777Z] config_file /Volumes/DATA/local/S/jenkins/workspace/ECP/ecg-maya-hydra/ecg-maya-hydra-branch-preflight-python3-osx/ecg-maya-hydra/maya-rundev-master.yaml
[2024-01-23T14:00:03.777Z] Using Maya cut from /local/S/jenkins/workspace/shared/Artifactory/OSX/rundev-master/202401221311/runtime/e40f03b/runTime
[2024-01-23T14:00:03.777Z] Using Maya ADSK Signatures from /local/S/jenkins/workspace/shared/Artifactory/OSX/adsk-plugin-signatures-maya/2023/3ae1ae7
[2024-01-23T14:00:03.777Z] Using Maya Security Library from /local/S/jenkins/workspace/shared/Artifactory/OSX/maya-security-library/3.4.0/5e08f3e
[2024-01-23T14:00:03.777Z] 
[2024-01-23T14:00:03.777Z] ================================================================================
[2024-01-23T14:00:03.777Z]                              clean (RelWithDebInfo)
[2024-01-23T14:00:03.777Z] ================================================================================
[2024-01-23T14:00:03.777Z] Maya Python RelWithDebInfo Info:
[2024-01-23T14:00:03.777Z]   mayapy executable   = /local/S/jenkins/workspace/shared/Artifactory/OSX/rundev-master/202401221311/runtime/e40f03b/runTime/Maya.app/Contents/bin/mayapy
[2024-01-23T14:00:03.777Z]   Include Folder      = /local/S/jenkins/workspace/shared/Artifactory/OSX/rundev-master/202401221311/runtime/e40f03b/runTime/Maya.app/Contents/Frameworks/Python.framework/Versions/Current/include/python3.11
[2024-01-23T14:00:03.777Z]   Library             = /local/S/jenkins/workspace/shared/Artifactory/OSX/rundev-master/202401221311/runtime/e40f03b/runTime/Maya.app/Contents/Frameworks/Python.framework/Versions/Current/lib/libpython3.11.dylib
[2024-01-23T14:00:03.777Z]   site-package Folder = /local/S/jenkins/workspace/shared/Artifactory/OSX/rundev-master/202401221311/runtime/e40f03b/runTime/Maya.app/Contents/Frameworks/Python.framework/Versions/Current/lib/python3.11/site-packages
[2024-01-23T14:00:04.306Z] In workdir: /Volumes/DATA/local/S/jenkins/workspace/ECP/ecg-maya-hydra/ecg-maya-hydra-branch-preflight-python3-osx/ecg-maya-hydra/maya-hydra
[2024-01-23T14:00:04.306Z] Executing: arch -arch arm64 /local/S/jenkins/workspace/shared/Artifactory/OSX/rundev-master/202401221311/runtime/e40f03b/runTime/Maya.app/Contents/bin/mayapy /Volumes/DATA/local/S/jenkins/workspace/ECP/ecg-maya-hydra/ecg-maya-hydra-branch-preflight-python3-osx/ecg-maya-hydra/maya-hydra/build.py --generator Ninja --build-relwithdebug --maya-location /local/S/jenkins/workspace/shared/Artifactory/OSX/rundev-master/202401221311/runtime/e40f03b/runTime --devkit-location /local/S/jenkins/workspace/shared/Artifactory/OSX/rundev-master/202401221311/runtime/e40f03b/devkitBase --pxrusd-location /local/S/jenkins/workspace/shared/Artifactory/OSX/USD/8270819 --build-args=-DCMAKE_MAKE_PROGRAM=/local/S/jenkins/workspace/shared/Artifactory/OSX/ninja/1.10.2/95d0ca5/ninja,-DPYTHON_INCLUDE_DIR=/local/S/jenkins/workspace/shared/Artifactory/OSX/rundev-master/202401221311/runtime/e40f03b/runTime/Maya.app/Contents/Frameworks/Python.framework/Versions/Current/include/python3.11,-DPython_EXECUTABLE=/local/S/jenkins/workspace/shared/Artifactory/OSX/rundev-master/202401221311/runtime/e40f03b/runTime/Maya.app/Contents/bin/mayapy,-DPYTHON_LIBRARIES=/local/S/jenkins/workspace/shared/Artifactory/OSX/rundev-master/202401221311/runtime/e40f03b/runTime/Maya.app/Contents/Frameworks/Python.framework/Versions/Current/lib/libpython3.11.dylib,-DBUILD_WITH_PYTHON_3_VERSION=3.11,-DBUILD_UB2=ON,-DCMAKE_WANT_MATERIALX_BUILD=ON,-DCMAKE_PREFIX_PATH=/local/S/jenkins/workspace/shared/Artifactory/OSX/USD/8270819,-DMAYAHYDRA_BUILD_NUMBER=477,-DMAYAHYDRA_GIT_COMMIT=213589ae407a1c3a6962bb830b3f884de1b4e226,-DMAYAHYDRA_GIT_BRANCH=master,-DMAYAUSD_LOCATION=/local/S/jenkins/workspace/shared/Artifactory/OSX/mayausd-cotd/202401170904/runtime/5c19b81/mayausd/MayaUSD '--ctest-args=-LE interactive,--parallel 8' --stages=clean --redirect-outstream-file=False --install-location /local/S/jenkins/workspace/ECP/ecg-maya-hydra/ecg-maya-hydra-branch-preflight-python3-osx/install/RelWithDebInfo/MayaHydra /local/S/jenkins/workspace/ECP/ecg-maya-hydra/ecg-maya-hydra-branch-preflight-python3-osx
[2024-01-23T14:00:04.306Z] Modified environment variables:
[2024-01-23T14:00:04.306Z]     PATH=/local/S/jenkins/workspace/shared/Artifactory/OSX/cmake/3.20.3/2594509/bin:/opt/homebrew/bin:/usr/local/bin:/bin:/usr/sbin:/sbin:/usr/bin:/usr/bin:/bin:/usr/sbin:/sbin
[2024-01-23T14:00:04.306Z]     
[2024-01-23T14:00:04.306Z]         Building with settings:
[2024-01-23T14:00:04.306Z]           Source directory          /Volumes/DATA/local/S/jenkins/workspace/ECP/ecg-maya-hydra/ecg-maya-hydra-branch-preflight-python3-osx/ecg-maya-hydra/maya-hydra
[2024-01-23T14:00:04.306Z]           Workspace directory       /local/S/jenkins/workspace/ECP/ecg-maya-hydra/ecg-maya-hydra-branch-preflight-python3-osx
[2024-01-23T14:00:04.306Z]           Build directory           /local/S/jenkins/workspace/ECP/ecg-maya-hydra/ecg-maya-hydra-branch-preflight-python3-osx/build/RelWithDebInfo
[2024-01-23T14:00:04.306Z]           Install directory         /local/S/jenkins/workspace/ECP/ecg-maya-hydra/ecg-maya-hydra-branch-preflight-python3-osx/install/RelWithDebInfo/MayaHydra
[2024-01-23T14:00:04.306Z]           Variant                   RelWithDebInfo
[2024-01-23T14:00:04.306Z]           Python Debug              Off
[2024-01-23T14:00:04.306Z]           CMake generator           Ninja
[2024-01-23T14:00:04.306Z]           Build arguments           ['-DCMAKE_MAKE_PROGRAM=/local/S/jenkins/workspace/shared/Artifactory/OSX/ninja/1.10.2/95d0ca5/ninja', '-DPYTHON_INCLUDE_DIR=/local/S/jenkins/workspace/shared/Artifactory/OSX/rundev-master/202401221311/runtime/e40f03b/runTime/Maya.app/Contents/Frameworks/Python.framework/Versions/Current/include/python3.11', '-DPython_EXECUTABLE=/local/S/jenkins/workspace/shared/Artifactory/OSX/rundev-master/202401221311/runtime/e40f03b/runTime/Maya.app/Contents/bin/mayapy', '-DPYTHON_LIBRARIES=/local/S/jenkins/workspace/shared/Artifactory/OSX/rundev-master/202401221311/runtime/e40f03b/runTime/Maya.app/Contents/Frameworks/Python.framework/Versions/Current/lib/libpython3.11.dylib', '-DBUILD_WITH_PYTHON_3_VERSION=3.11', '-DBUILD_UB2=ON', '-DCMAKE_WANT_MATERIALX_BUILD=ON', '-DCMAKE_PREFIX_PATH=/local/S/jenkins/workspace/shared/Artifactory/OSX/USD/8270819', '-DMAYAHYDRA_BUILD_NUMBER=477', '-DMAYAHYDRA_GIT_COMMIT=213589ae407a1c3a6962bb830b3f884de1b4e226', '-DMAYAHYDRA_GIT_BRANCH=master', '-DMAYAUSD_LOCATION=/local/S/jenkins/workspace/shared/Artifactory/OSX/mayausd-cotd/202401170904/runtime/5c19b81/mayausd/MayaUSD']
[2024-01-23T14:00:04.306Z]           Stages arguments          ['clean']
[2024-01-23T14:00:04.306Z]           CTest arguments           ['-LE interactive', '--parallel 8']
[2024-01-23T14:00:04.306Z]     Success MayaHydra build and install !!!!
[2024-01-23T14:00:04.306Z]     Elapsed time: 00:00:00
[Pipeline] }
[Pipeline] // withEnv
[Pipeline] }
[Pipeline] // timeout
[Pipeline] }
[Pipeline] // stage
[Pipeline] }
[Pipeline] // timestamps
[Pipeline] timestamps
[Pipeline] {
[Pipeline] stage
[Pipeline] { (Configure)
[Pipeline] timeout
[2024-01-23T14:00:04.644Z] Timeout set to expire in 6 hr 0 min
[Pipeline] {
[Pipeline] withEnv
[Pipeline] {
[Pipeline] sh
[2024-01-23T14:00:05.744Z] + python ecg-maya-hydra/build.py --stages=configure --workspace-dir=/local/S/jenkins/workspace/ECP/ecg-maya-hydra/ecg-maya-hydra-branch-preflight-python3-osx --artifactory-dir=/local/S/jenkins/workspace/shared/Artifactory --build-dir=/local/S/jenkins/workspace/ECP/ecg-maya-hydra/ecg-maya-hydra-branch-preflight-python3-osx/build --install-dir=/local/S/jenkins/workspace/ECP/ecg-maya-hydra/ecg-maya-hydra-branch-preflight-python3-osx/install --signing-dir=/local/S/jenkins/workspace/ECP/ecg-maya-hydra/ecg-maya-hydra-branch-preflight-python3-osx/signing --package-dir=/local/S/jenkins/workspace/ECP/ecg-maya-hydra/ecg-maya-hydra-branch-preflight-python3-osx/package --output-dir=/local/S/jenkins/workspace/ECP/ecg-maya-hydra/ecg-maya-hydra-branch-preflight-python3-osx/output --stash-dir=/local/S/jenkins/workspace/ECP/ecg-maya-hydra/ecg-maya-hydra-branch-preflight-python3-osx/stash --jenkins-build=477 --git-commit=213589ae407a1c3a6962bb830b3f884de1b4e226 --git-branch=master --variants=Debug --interactive-tests=false --post-zips=false --osx-binary-architecture-target=ub2 --osx-deployment-target=11.0 --osx-base-sdk=CurrentActiveSDK --maya-cut-config=maya-rundev-master-debug.yaml --maya-package=rundev-master-debug --stage-banner
[2024-01-23T14:00:05.744Z] config_file /Volumes/DATA/local/S/jenkins/workspace/ECP/ecg-maya-hydra/ecg-maya-hydra-branch-preflight-python3-osx/ecg-maya-hydra/maya-rundev-master-debug.yaml
[2024-01-23T14:00:05.744Z] Using Maya cut from /local/S/jenkins/workspace/shared/Artifactory/OSX/rundev-master-debug/202401221311/runtime/cb87f7c/runTime
[2024-01-23T14:00:05.744Z] Using Maya ADSK Signatures from /local/S/jenkins/workspace/shared/Artifactory/OSX/adsk-plugin-signatures-maya/2023/3ae1ae7
[2024-01-23T14:00:05.744Z] Using Maya Security Library from /local/S/jenkins/workspace/shared/Artifactory/OSX/maya-security-library/3.4.0/5e08f3e
[2024-01-23T14:00:05.744Z] 
[2024-01-23T14:00:05.744Z] ================================================================================
[2024-01-23T14:00:05.744Z]                                configure (Debug)
[2024-01-23T14:00:05.744Z] ================================================================================
[2024-01-23T14:00:05.744Z] Maya Python Debug Info:
[2024-01-23T14:00:05.744Z]   mayapy executable   = /local/S/jenkins/workspace/shared/Artifactory/OSX/rundev-master-debug/202401221311/runtime/cb87f7c/runTime/Maya.app/Contents/bin/mayapy
[2024-01-23T14:00:05.744Z]   Include Folder      = /local/S/jenkins/workspace/shared/Artifactory/OSX/rundev-master-debug/202401221311/runtime/cb87f7c/runTime/Maya.app/Contents/Frameworks/Python.framework/Versions/Current/include/python3.11
[2024-01-23T14:00:05.744Z]   Library             = /local/S/jenkins/workspace/shared/Artifactory/OSX/rundev-master-debug/202401221311/runtime/cb87f7c/runTime/Maya.app/Contents/Frameworks/Python.framework/Versions/Current/lib/libpython3.11.dylib
[2024-01-23T14:00:05.744Z]   site-package Folder = /local/S/jenkins/workspace/shared/Artifactory/OSX/rundev-master-debug/202401221311/runtime/cb87f7c/runTime/Maya.app/Contents/Frameworks/Python.framework/Versions/Current/lib/python3.11/site-packages
[2024-01-23T14:00:06.274Z] In workdir: /Volumes/DATA/local/S/jenkins/workspace/ECP/ecg-maya-hydra/ecg-maya-hydra-branch-preflight-python3-osx/ecg-maya-hydra/maya-hydra
[2024-01-23T14:00:06.274Z] Executing: arch -arch arm64 /local/S/jenkins/workspace/shared/Artifactory/OSX/rundev-master-debug/202401221311/runtime/cb87f7c/runTime/Maya.app/Contents/bin/mayapy /Volumes/DATA/local/S/jenkins/workspace/ECP/ecg-maya-hydra/ecg-maya-hydra-branch-preflight-python3-osx/ecg-maya-hydra/maya-hydra/build.py --generator Ninja --build-debug --maya-location /local/S/jenkins/workspace/shared/Artifactory/OSX/rundev-master-debug/202401221311/runtime/cb87f7c/runTime --devkit-location /local/S/jenkins/workspace/shared/Artifactory/OSX/rundev-master-debug/202401221311/runtime/cb87f7c/devkitBase --pxrusd-location /local/S/jenkins/workspace/shared/Artifactory/OSX/USD/ca7f6ed --build-args=-DCMAKE_MAKE_PROGRAM=/local/S/jenkins/workspace/shared/Artifactory/OSX/ninja/1.10.2/95d0ca5/ninja,-DPYTHON_INCLUDE_DIR=/local/S/jenkins/workspace/shared/Artifactory/OSX/rundev-master-debug/202401221311/runtime/cb87f7c/runTime/Maya.app/Contents/Frameworks/Python.framework/Versions/Current/include/python3.11,-DPython_EXECUTABLE=/local/S/jenkins/workspace/shared/Artifactory/OSX/rundev-master-debug/202401221311/runtime/cb87f7c/runTime/Maya.app/Contents/bin/mayapy,-DPYTHON_LIBRARIES=/local/S/jenkins/workspace/shared/Artifactory/OSX/rundev-master-debug/202401221311/runtime/cb87f7c/runTime/Maya.app/Contents/Frameworks/Python.framework/Versions/Current/lib/libpython3.11.dylib,-DBUILD_WITH_PYTHON_3_VERSION=3.11,-DBUILD_UB2=ON,-DCMAKE_WANT_MATERIALX_BUILD=ON,-DCMAKE_PREFIX_PATH=/local/S/jenkins/workspace/shared/Artifactory/OSX/USD/ca7f6ed,-DMAYAHYDRA_BUILD_NUMBER=477,-DMAYAHYDRA_GIT_COMMIT=213589ae407a1c3a6962bb830b3f884de1b4e226,-DMAYAHYDRA_GIT_BRANCH=master,-DMAYAUSD_LOCATION=/local/S/jenkins/workspace/shared/Artifactory/OSX/mayausd-cotd-debug/202401170904/runtime/d26f121/mayausd/MayaUSD '--ctest-args=-LE interactive,--parallel 8' --stages=configure --redirect-outstream-file=False --install-location /local/S/jenkins/workspace/ECP/ecg-maya-hydra/ecg-maya-hydra-branch-preflight-python3-osx/install/Debug/MayaHydra /local/S/jenkins/workspace/ECP/ecg-maya-hydra/ecg-maya-hydra-branch-preflight-python3-osx
[2024-01-23T14:00:06.274Z] Modified environment variables:
[2024-01-23T14:00:06.274Z]     PATH=/local/S/jenkins/workspace/shared/Artifactory/OSX/cmake/3.20.3/2594509/bin:/opt/homebrew/bin:/usr/local/bin:/bin:/usr/sbin:/sbin:/usr/bin:/usr/bin:/bin:/usr/sbin:/sbin
[2024-01-23T14:00:17.323Z]     -- The C compiler identification is AppleClang 13.1.6.13160021
[2024-01-23T14:00:17.323Z]     -- The CXX compiler identification is AppleClang 13.1.6.13160021
[2024-01-23T14:00:17.323Z]     -- Detecting C compiler ABI info
[2024-01-23T14:00:17.323Z]     -- Detecting C compiler ABI info - done
[2024-01-23T14:00:17.323Z]     -- Check for working C compiler: /Applications/Xcode.app/Contents/Developer/Toolchains/XcodeDefault.xctoolchain/usr/bin/cc - skipped
[2024-01-23T14:00:17.323Z]     -- Detecting C compile features
[2024-01-23T14:00:17.323Z]     -- Detecting C compile features - done
[2024-01-23T14:00:17.323Z]     -- Detecting CXX compiler ABI info
[2024-01-23T14:00:17.323Z]     -- Detecting CXX compiler ABI info - done
[2024-01-23T14:00:17.323Z]     -- Check for working CXX compiler: /Applications/Xcode.app/Contents/Developer/Toolchains/XcodeDefault.xctoolchain/usr/bin/c++ - skipped
[2024-01-23T14:00:17.323Z]     -- Detecting CXX compile features
[2024-01-23T14:00:17.323Z]     -- Detecting CXX compile features - done
[2024-01-23T14:00:17.323Z]     -- Building with Universal Binary 2
[2024-01-23T14:00:18.423Z]     -- Using Maya Light API Version 3
[2024-01-23T14:00:18.423Z]     -- Maya has setDefaultMaterialHandling API
[2024-01-23T14:00:18.423Z]     -- Maya has new point snapping API
[2024-01-23T14:00:18.423Z]     -- Maya has isInCrashHandler API
[2024-01-23T14:00:18.423Z]     -- Maya has getDisplayStyleOfAllViewports API
[2024-01-23T14:00:18.423Z]     -- Maya array iterator has difference_type trait
[2024-01-23T14:00:18.423Z]     -- MFnSet has getMemberPaths function
[2024-01-23T14:00:18.423Z]     -- MFnDisplayLayer exists
[2024-01-23T14:00:18.423Z]     -- MDisplayLayerMessage has MDisplayLayerMemberChangedFunction
[2024-01-23T14:00:18.423Z]     -- MRenderItem has HideOnPlayback API
[2024-01-23T14:00:18.423Z]     -- MacOSX: Maya was built with Universal Binary 2 (x86_64/arm64)
[2024-01-23T14:00:18.423Z]     -- Found Maya: /local/S/jenkins/workspace/shared/Artifactory/OSX/rundev-master-debug/202401221311/runtime/cb87f7c/runTime/maya.app/Contents/MacOS/Maya (found suitable version "2025", minimum required is "2024")
[2024-01-23T14:00:18.423Z]     -- Found Python: /local/S/jenkins/workspace/shared/Artifactory/OSX/rundev-master-debug/202401221311/runtime/cb87f7c/runTime/Maya.app/Contents/bin/mayapy (found suitable exact version "3.11.4") found components: Interpreter
[2024-01-23T14:00:18.423Z]     -- Build mayaHydra with Python3 = 3.11
[2024-01-23T14:00:18.423Z]     --    PYTHON_INCLUDE_DIRS = /local/S/jenkins/workspace/shared/Artifactory/OSX/rundev-master-debug/202401221311/runtime/cb87f7c/runTime/Maya.app/Contents/Frameworks/Python.framework/Versions/Current/include/python3.11
[2024-01-23T14:00:18.423Z]     --    PYTHON_LIBRARIES    = /local/S/jenkins/workspace/shared/Artifactory/OSX/rundev-master-debug/202401221311/runtime/cb87f7c/runTime/Maya.app/Contents/Frameworks/Python.framework/Versions/Current/lib/libpython3.11.dylib
[2024-01-23T14:00:18.423Z]     --    Python_EXECUTABLE   = /local/S/jenkins/workspace/shared/Artifactory/OSX/rundev-master-debug/202401221311/runtime/cb87f7c/runTime/Maya.app/Contents/bin/mayapy
[2024-01-23T14:00:18.423Z]     -- Found Python3: /local/S/jenkins/workspace/shared/Artifactory/OSX/rundev-master-debug/202401221311/runtime/cb87f7c/runTime/Maya.app/Contents/Frameworks/Python.framework/Versions/Current/include/python3.11 (found suitable exact version "3.11.4") found components: Development Development.Module Development.Embed
[2024-01-23T14:00:18.423Z]     -- USD has new Sdr.PropertyTypes.Color4
[2024-01-23T14:00:18.949Z]     -- USD has MaterialX metadata support
[2024-01-23T14:00:18.949Z]     -- USD include dir: /local/S/jenkins/workspace/shared/Artifactory/OSX/USD/ca7f6ed/include
[2024-01-23T14:00:18.949Z]     -- USD library dir: /local/S/jenkins/workspace/shared/Artifactory/OSX/USD/ca7f6ed/lib
[2024-01-23T14:00:18.949Z]     -- USD version: 0.23.11
[2024-01-23T14:00:18.949Z]     -- Found USD: /local/S/jenkins/workspace/shared/Artifactory/OSX/USD/ca7f6ed (found suitable version "0.23.11", minimum required is "0.22.11")
[2024-01-23T14:00:18.949Z]     Updated PYTHONPATH: /local/S/jenkins/workspace/shared/Artifactory/OSX/USD/ca7f6ed/lib/python
[2024-01-23T14:00:18.949Z]     -- Found UFE: /local/S/jenkins/workspace/shared/Artifactory/OSX/rundev-master-debug/202401221311/runtime/cb87f7c/devkitBase/devkit/ufe/include (found version "5.0.0")
[2024-01-23T14:00:18.949Z]     -- UFE include dir: /local/S/jenkins/workspace/shared/Artifactory/OSX/rundev-master-debug/202401221311/runtime/cb87f7c/devkitBase/devkit/ufe/include
[2024-01-23T14:00:18.949Z]     -- UFE library: /local/S/jenkins/workspace/shared/Artifactory/OSX/rundev-master-debug/202401221311/runtime/cb87f7c/devkitBase/devkit/ufe/lib/libufe_5.dylib
[2024-01-23T14:00:18.949Z]     -- UFE version: 5.0.0
[2024-01-23T14:00:18.949Z]     -- Maya has UFE lights API
[2024-01-23T14:00:18.949Z]     -- Maya has UFE scene segment API
[2024-01-23T14:00:18.949Z]     -- Maya has UFE TrieNode childrenComponents accessor
[2024-01-23T14:00:18.949Z]     -- Building with UFE 5.0.0.
[2024-01-23T14:00:18.949Z]     -- Could NOT find MAYAUSD (missing: MAYAUSD_LIBRARY_DIR)
[2024-01-23T14:00:18.949Z]     CMake Error at cmake/modules/FindMAYAUSD.cmake:86 (message):
[2024-01-23T14:00:18.949Z]       Could not find MayaUsd library and include directories in the folder
[2024-01-23T14:00:18.949Z]       provided :
[2024-01-23T14:00:18.949Z]       /local/S/jenkins/workspace/shared/Artifactory/OSX/mayausd-cotd-debug/202401170904/runtime/d26f121/mayausd/MayaUSD
[2024-01-23T14:00:18.949Z]     Call Stack (most recent call first):
[2024-01-23T14:00:18.949Z]       CMakeLists.txt:134 (find_package)
[2024-01-23T14:00:18.949Z]     
[2024-01-23T14:00:18.949Z]     
[2024-01-23T14:00:18.949Z]     -- Configuring incomplete, errors occurred!
[2024-01-23T14:00:18.949Z]     See also "/Volumes/DATA/local/S/jenkins/workspace/ECP/ecg-maya-hydra/ecg-maya-hydra-branch-preflight-python3-osx/build/Debug/CMakeFiles/CMakeOutput.log".
[2024-01-23T14:00:18.949Z]     See also "/Volumes/DATA/local/S/jenkins/workspace/ECP/ecg-maya-hydra/ecg-maya-hydra-branch-preflight-python3-osx/build/Debug/CMakeFiles/CMakeError.log".
[2024-01-23T14:00:18.949Z]     
[2024-01-23T14:00:18.949Z]         Building with settings:
[2024-01-23T14:00:18.949Z]           Source directory          /Volumes/DATA/local/S/jenkins/workspace/ECP/ecg-maya-hydra/ecg-maya-hydra-branch-preflight-python3-osx/ecg-maya-hydra/maya-hydra
[2024-01-23T14:00:18.949Z]           Workspace directory       /local/S/jenkins/workspace/ECP/ecg-maya-hydra/ecg-maya-hydra-branch-preflight-python3-osx
[2024-01-23T14:00:18.949Z]           Build directory           /local/S/jenkins/workspace/ECP/ecg-maya-hydra/ecg-maya-hydra-branch-preflight-python3-osx/build/Debug
[2024-01-23T14:00:18.949Z]           Install directory         /local/S/jenkins/workspace/ECP/ecg-maya-hydra/ecg-maya-hydra-branch-preflight-python3-osx/install/Debug/MayaHydra
[2024-01-23T14:00:18.949Z]           Variant                   Debug
[2024-01-23T14:00:18.949Z]           Python Debug              Off
[2024-01-23T14:00:18.949Z]           CMake generator           Ninja
[2024-01-23T14:00:18.949Z]           Build arguments           ['-DCMAKE_MAKE_PROGRAM=/local/S/jenkins/workspace/shared/Artifactory/OSX/ninja/1.10.2/95d0ca5/ninja', '-DPYTHON_INCLUDE_DIR=/local/S/jenkins/workspace/shared/Artifactory/OSX/rundev-master-debug/202401221311/runtime/cb87f7c/runTime/Maya.app/Contents/Frameworks/Python.framework/Versions/Current/include/python3.11', '-DPython_EXECUTABLE=/local/S/jenkins/workspace/shared/Artifactory/OSX/rundev-master-debug/202401221311/runtime/cb87f7c/runTime/Maya.app/Contents/bin/mayapy', '-DPYTHON_LIBRARIES=/local/S/jenkins/workspace/shared/Artifactory/OSX/rundev-master-debug/202401221311/runtime/cb87f7c/runTime/Maya.app/Contents/Frameworks/Python.framework/Versions/Current/lib/libpython3.11.dylib', '-DBUILD_WITH_PYTHON_3_VERSION=3.11', '-DBUILD_UB2=ON', '-DCMAKE_WANT_MATERIALX_BUILD=ON', '-DCMAKE_PREFIX_PATH=/local/S/jenkins/workspace/shared/Artifactory/OSX/USD/ca7f6ed', '-DMAYAHYDRA_BUILD_NUMBER=477', '-DMAYAHYDRA_GIT_COMMIT=213589ae407a1c3a6962bb830b3f884de1b4e226', '-DMAYAHYDRA_GIT_BRANCH=master', '-DMAYAUSD_LOCATION=/local/S/jenkins/workspace/shared/Artifactory/OSX/mayausd-cotd-debug/202401170904/runtime/d26f121/mayausd/MayaUSD']
[2024-01-23T14:00:18.949Z]           Stages arguments          ['configure']
[2024-01-23T14:00:18.949Z]           CTest arguments           ['-LE interactive', '--parallel 8']
[2024-01-23T14:00:18.949Z]     STATUS: Could not find Maya Qt6.
[2024-01-23T14:00:18.949Z]     STATUS:   Extracting '/local/S/jenkins/workspace/shared/Artifactory/OSX/rundev-master-debug/202401221311/runtime/cb87f7c/devkitBase/Qt.tgz' to '/local/S/jenkins/workspace/shared/Artifactory/OSX/rundev-master-debug/202401221311/runtime/cb87f7c/devkitBase'
[2024-01-23T14:00:18.949Z]     #####################################################################################
[2024-01-23T14:00:18.949Z]     log date: 2024-01-23 06:00
[2024-01-23T14:00:18.949Z]     commit sha: b02615ffcb91cf67f41adb00d95346b1abdd4b60
[2024-01-23T14:00:18.949Z]     commit date: Tue Jan 23 05:59:00 2024 -0800
[2024-01-23T14:00:18.949Z]     #####################################################################################
[2024-01-23T14:00:18.949Z]     
[2024-01-23T14:00:18.949Z]     cmake -DCMAKE_INSTALL_PREFIX="/local/S/jenkins/workspace/ECP/ecg-maya-hydra/ecg-maya-hydra-branch-preflight-python3-osx/install/Debug/MayaHydra" -DCMAKE_BUILD_TYPE=Debug -DCMAKE_EXPORT_COMPILE_COMMANDS=ON -G "Ninja" -DMAYA_LOCATION="/local/S/jenkins/workspace/shared/Artifactory/OSX/rundev-master-debug/202401221311/runtime/cb87f7c/runTime" -DPXR_USD_LOCATION="/local/S/jenkins/workspace/shared/Artifactory/OSX/USD/ca7f6ed" -DMAYA_DEVKIT_LOCATION="/local/S/jenkins/workspace/shared/Artifactory/OSX/rundev-master-debug/202401221311/runtime/cb87f7c/devkitBase" -DCMAKE_MAKE_PROGRAM=/local/S/jenkins/workspace/shared/Artifactory/OSX/ninja/1.10.2/95d0ca5/ninja -DPYTHON_INCLUDE_DIR=/local/S/jenkins/workspace/shared/Artifactory/OSX/rundev-master-debug/202401221311/runtime/cb87f7c/runTime/Maya.app/Contents/Frameworks/Python.framework/Versions/Current/include/python3.11 -DPython_EXECUTABLE=/local/S/jenkins/workspace/shared/Artifactory/OSX/rundev-master-debug/202401221311/runtime/cb87f7c/runTime/Maya.app/Contents/bin/mayapy -DPYTHON_LIBRARIES=/local/S/jenkins/workspace/shared/Artifactory/OSX/rundev-master-debug/202401221311/runtime/cb87f7c/runTime/Maya.app/Contents/Frameworks/Python.framework/Versions/Current/lib/libpython3.11.dylib -DBUILD_WITH_PYTHON_3_VERSION=3.11 -DBUILD_UB2=ON -DCMAKE_WANT_MATERIALX_BUILD=ON -DCMAKE_PREFIX_PATH=/local/S/jenkins/workspace/shared/Artifactory/OSX/USD/ca7f6ed -DMAYAHYDRA_BUILD_NUMBER=477 -DMAYAHYDRA_GIT_COMMIT=213589ae407a1c3a6962bb830b3f884de1b4e226 -DMAYAHYDRA_GIT_BRANCH=master -DMAYAUSD_LOCATION=/local/S/jenkins/workspace/shared/Artifactory/OSX/mayausd-cotd-debug/202401170904/runtime/d26f121/mayausd/MayaUSD "/Volumes/DATA/local/S/jenkins/workspace/ECP/ecg-maya-hydra/ecg-maya-hydra-branch-preflight-python3-osx/ecg-maya-hydra/maya-hydra"
[2024-01-23T14:00:18.949Z]     
[2024-01-23T14:00:18.949Z]     Traceback (most recent call last):
[2024-01-23T14:00:18.949Z]       File "/Volumes/DATA/local/S/jenkins/workspace/ECP/ecg-maya-hydra/ecg-maya-hydra-branch-preflight-python3-osx/ecg-maya-hydra/maya-hydra/build.py", line 745, in <module>
[2024-01-23T14:00:18.949Z]         BuildAndInstall(context, context.buildArgs, context.stagesArgs)
[2024-01-23T14:00:18.949Z]       File "/Volumes/DATA/local/S/jenkins/workspace/ECP/ecg-maya-hydra/ecg-maya-hydra-branch-preflight-python3-osx/ecg-maya-hydra/maya-hydra/build.py", line 502, in BuildAndInstall
[2024-01-23T14:00:18.949Z]         RunCMake(context, extraArgs, stagesArgs)
[2024-01-23T14:00:18.949Z]       File "/Volumes/DATA/local/S/jenkins/workspace/ECP/ecg-maya-hydra/ecg-maya-hydra-branch-preflight-python3-osx/ecg-maya-hydra/maya-hydra/build.py", line 305, in RunCMake
[2024-01-23T14:00:18.949Z]         Run(context,
[2024-01-23T14:00:18.949Z]       File "/Volumes/DATA/local/S/jenkins/workspace/ECP/ecg-maya-hydra/ecg-maya-hydra-branch-preflight-python3-osx/ecg-maya-hydra/maya-hydra/build.py", line 197, in Run
[2024-01-23T14:00:18.949Z]         raise RuntimeError("Failed to run '{cmd}'\nSee {log} for more details."
[2024-01-23T14:00:18.949Z]     RuntimeError: Failed to run 'cmake -DCMAKE_INSTALL_PREFIX="/local/S/jenkins/workspace/ECP/ecg-maya-hydra/ecg-maya-hydra-branch-preflight-python3-osx/install/Debug/MayaHydra" -DCMAKE_BUILD_TYPE=Debug -DCMAKE_EXPORT_COMPILE_COMMANDS=ON -G "Ninja" -DMAYA_LOCATION="/local/S/jenkins/workspace/shared/Artifactory/OSX/rundev-master-debug/202401221311/runtime/cb87f7c/runTime" -DPXR_USD_LOCATION="/local/S/jenkins/workspace/shared/Artifactory/OSX/USD/ca7f6ed" -DMAYA_DEVKIT_LOCATION="/local/S/jenkins/workspace/shared/Artifactory/OSX/rundev-master-debug/202401221311/runtime/cb87f7c/devkitBase" -DCMAKE_MAKE_PROGRAM=/local/S/jenkins/workspace/shared/Artifactory/OSX/ninja/1.10.2/95d0ca5/ninja -DPYTHON_INCLUDE_DIR=/local/S/jenkins/workspace/shared/Artifactory/OSX/rundev-master-debug/202401221311/runtime/cb87f7c/runTime/Maya.app/Contents/Frameworks/Python.framework/Versions/Current/include/python3.11 -DPython_EXECUTABLE=/local/S/jenkins/workspace/shared/Artifactory/OSX/rundev-master-debug/202401221311/runtime/cb87f7c/runTime/Maya.app/Contents/bin/mayapy -DPYTHON_LIBRARIES=/local/S/jenkins/workspace/shared/Artifactory/OSX/rundev-master-debug/202401221311/runtime/cb87f7c/runTime/Maya.app/Contents/Frameworks/Python.framework/Versions/Current/lib/libpython3.11.dylib -DBUILD_WITH_PYTHON_3_VERSION=3.11 -DBUILD_UB2=ON -DCMAKE_WANT_MATERIALX_BUILD=ON -DCMAKE_PREFIX_PATH=/local/S/jenkins/workspace/shared/Artifactory/OSX/USD/ca7f6ed -DMAYAHYDRA_BUILD_NUMBER=477 -DMAYAHYDRA_GIT_COMMIT=213589ae407a1c3a6962bb830b3f884de1b4e226 -DMAYAHYDRA_GIT_BRANCH=master -DMAYAUSD_LOCATION=/local/S/jenkins/workspace/shared/Artifactory/OSX/mayausd-cotd-debug/202401170904/runtime/d26f121/mayausd/MayaUSD "/Volumes/DATA/local/S/jenkins/workspace/ECP/ecg-maya-hydra/ecg-maya-hydra-branch-preflight-python3-osx/ecg-maya-hydra/maya-hydra"'
[2024-01-23T14:00:18.949Z]     See /local/S/jenkins/workspace/ECP/ecg-maya-hydra/ecg-maya-hydra-branch-preflight-python3-osx/build/Debug/build_log.txt for more details.
[2024-01-23T14:00:18.949Z] build.py: error: Command failed with error code: 1
[Pipeline] }
[Pipeline] // withEnv
[Pipeline] }
[Pipeline] // timeout
[Pipeline] }
[Pipeline] // stage
[Pipeline] }
[Pipeline] // timestamps
[Pipeline] emailextrecipients
Not sending mail to user notifications@git.autodesk.com with no permission to view ECP » ecg-maya-hydra » Maya Hydra [Python 3, Interactive] - Branch - Preflight (OSX) [M1/UB2] #477Not sending mail to user ecg.jenkins@autodesk.com with no permission to view ECP » ecg-maya-hydra » Maya Hydra [Python 3, Interactive] - Branch - Preflight (OSX) [M1/UB2] #477Not sending mail to user ecg.jenkins@autodesk.com with no permission to view ECP » ecg-maya-hydra » Maya Hydra [Python 3, Interactive] - Branch - Preflight (OSX) [M1/UB2] #477[Pipeline] isUnix
[Pipeline] echo
Sending notification via SendGrid.
Sending email to philippe.de.blois@autodesk.com
[Pipeline] withCredentials
Masking supported pattern matches of $TOKEN
[Pipeline] {
[Pipeline] isUnix
[Pipeline] sh
[Pipeline] }
[Pipeline] // withCredentials
[Pipeline] }
[Pipeline] // node
[Pipeline] End of Pipeline
ERROR: script returned exit code 1
[Checks API] No suitable checks publisher found.
Finished: FAILURE
