[2024-01-23T13:59:52.611Z] ================================================================================
[2024-01-23T13:59:52.611Z]                                  setup (Debug)
[2024-01-23T13:59:52.611Z] ================================================================================
[2024-01-23T13:59:52.611Z] Installing license file 'melicense.lic'.
[Pipeline] sh
[2024-01-23T13:59:53.702Z] + scl enable gcc-toolset-11 -
[2024-01-23T13:59:53.702Z] + '[' enable = load -o enable = unload ']'
[2024-01-23T13:59:53.702Z] + /usr/bin/scl enable gcc-toolset-11 -
[2024-01-23T13:59:53.702Z] python ecg-maya-hydra/build.py --stages=setup --workspace-dir=/local/S/jenkins/workspace/ECP/ecg-maya-hydra/ecg-maya-hydra-branch-preflight-python3-linux --artifactory-dir=/local/S/jenkins/workspace/shared/Artifactory --build-dir=/local/S/jenkins/workspace/ECP/ecg-maya-hydra/ecg-maya-hydra-branch-preflight-python3-linux/build --install-dir=/local/S/jenkins/workspace/ECP/ecg-maya-hydra/ecg-maya-hydra-branch-preflight-python3-linux/install --signing-dir=/local/S/jenkins/workspace/ECP/ecg-maya-hydra/ecg-maya-hydra-branch-preflight-python3-linux/signing --package-dir=/local/S/jenkins/workspace/ECP/ecg-maya-hydra/ecg-maya-hydra-branch-preflight-python3-linux/package --output-dir=/local/S/jenkins/workspace/ECP/ecg-maya-hydra/ecg-maya-hydra-branch-preflight-python3-linux/output --stash-dir=/local/S/jenkins/workspace/ECP/ecg-maya-hydra/ecg-maya-hydra-branch-preflight-python3-linux/stash --jenkins-build=475 --git-commit=213589ae407a1c3a6962bb830b3f884de1b4e226 --git-branch=master --variants=RelWithDebInfo --interactive-tests=true --post-zips=false --extra-license-file=ecg-maya-hydra/jenkins-o03-cot/melicense.lic --prune-versions=3 --prune-revisions=3 --maya-cut-config=maya-rundev-master.yaml --maya-package=rundev-master --stage-banner --prune-artifacts --force-pruning
[2024-01-23T13:59:53.702Z] config_file /home/S/jenkins/workspace/ECP/ecg-maya-hydra/ecg-maya-hydra-branch-preflight-python3-linux/ecg-maya-hydra/maya-rundev-master.yaml
[2024-01-23T13:59:53.702Z] Getting rundev-master download URL from Maya SHA-1 hash
[2024-01-23T13:59:53.702Z] Finding Artifactory servers response times
[2024-01-23T13:59:55.682Z] [VERBOSE] Start loading URL (CURL): https://art-bear.autodesk.com/artifactory/api/system/ping
[2024-01-23T13:59:55.682Z] [DEBUG] Running: /usr/bin/curl -s -X GET --keepalive-time 10 --connect-timeout 60 --speed-limit 10000 --speed-time 120 --max-time 3600 --retry 5 --retry-max-time 2400 -H Connection:close https://art-bear.autodesk.com/artifactory/api/system/ping
[2024-01-23T13:59:55.682Z] [DEBUG] Output:
[2024-01-23T13:59:55.682Z] OK
[2024-01-23T13:59:55.682Z] [VERBOSE] End loading URL (CURL): https://art-bear.autodesk.com/artifactory/api/system/ping
[2024-01-23T13:59:56.210Z] [VERBOSE] Start loading URL (CURL): https://art-marmotte.autodesk.com/artifactory/api/system/ping
[2024-01-23T13:59:56.210Z] [DEBUG] Running: /usr/bin/curl -s -X GET --keepalive-time 10 --connect-timeout 60 --speed-limit 10000 --speed-time 120 --max-time 3600 --retry 5 --retry-max-time 2400 -H Connection:close https://art-marmotte.autodesk.com/artifactory/api/system/ping
[2024-01-23T13:59:56.210Z] [DEBUG] Output:
[2024-01-23T13:59:56.210Z] OK
[2024-01-23T13:59:56.210Z] [VERBOSE] End loading URL (CURL): https://art-marmotte.autodesk.com/artifactory/api/system/ping
[2024-01-23T13:59:56.210Z] [VERBOSE] Start loading URL (CURL): https://art-bobcat.autodesk.com/artifactory/api/system/ping
[2024-01-23T13:59:56.210Z] [DEBUG] Running: /usr/bin/curl -s -X GET --keepalive-time 10 --connect-timeout 60 --speed-limit 10000 --speed-time 120 --max-time 3600 --retry 5 --retry-max-time 2400 -H Connection:close https://art-bobcat.autodesk.com/artifactory/api/system/ping
[2024-01-23T13:59:56.210Z] [DEBUG] Output:
[2024-01-23T13:59:56.210Z] OK
[2024-01-23T13:59:56.210Z] [VERBOSE] End loading URL (CURL): https://art-bobcat.autodesk.com/artifactory/api/system/ping
[2024-01-23T13:59:56.210Z] [VERBOSE] Start loading URL (CURL): https://art-bear.autodesk.com/artifactory/api/search/checksum?repos=team-maya-generic,oss-stg-generic,team-mayausd-post-generic,autodesk-3p-generic,adsk-build-tools-generic,team-ecg-generic&sha1=75d012bd43ec1751af7db3ebe5018bd7808a168b
[2024-01-23T13:59:56.210Z] [DEBUG] Running: /usr/bin/curl -s -X GET --keepalive-time 10 --connect-timeout 60 --speed-limit 10000 --speed-time 120 --max-time 3600 --retry 5 --retry-max-time 2400 -H Connection:close -H Authorization:Basic ZWNnYmlmcm9zdDpvcGUqKjAw https://art-bear.autodesk.com/artifactory/api/search/checksum?repos=team-maya-generic,oss-stg-generic,team-mayausd-post-generic,autodesk-3p-generic,adsk-build-tools-generic,team-ecg-generic&sha1=75d012bd43ec1751af7db3ebe5018bd7808a168b
[2024-01-23T13:59:56.210Z] [DEBUG] Output:
[2024-01-23T13:59:56.210Z] {
[2024-01-23T13:59:56.210Z]   "results" : [ {
[2024-01-23T13:59:56.210Z]     "uri" : "https://art-bear.autodesk.com:443/artifactory/api/storage/team-maya-generic/Maya/master/plnx/2024-01-22-13-11_3d12c67020/202401221311-3d12c67020-RUNDEV.tgz"
[2024-01-23T13:59:56.210Z]   } ]
[2024-01-23T13:59:56.210Z] }
[2024-01-23T13:59:56.210Z] [VERBOSE] End loading URL (CURL): https://art-bear.autodesk.com/artifactory/api/search/checksum?repos=team-maya-generic,oss-stg-generic,team-mayausd-post-generic,autodesk-3p-generic,adsk-build-tools-generic,team-ecg-generic&sha1=75d012bd43ec1751af7db3ebe5018bd7808a168b
[2024-01-23T13:59:56.210Z] [VERBOSE] Start loading URL (CURL): https://art-bear.autodesk.com:443/artifactory/api/storage/team-maya-generic/Maya/master/plnx/2024-01-22-13-11_3d12c67020/202401221311-3d12c67020-RUNDEV.tgz
[2024-01-23T13:59:56.210Z] [DEBUG] Running: /usr/bin/curl -s -X GET --keepalive-time 10 --connect-timeout 60 --speed-limit 10000 --speed-time 120 --max-time 3600 --retry 5 --retry-max-time 2400 -H Connection:close -H Authorization:Basic ZWNnYmlmcm9zdDpvcGUqKjAw https://art-bear.autodesk.com:443/artifactory/api/storage/team-maya-generic/Maya/master/plnx/2024-01-22-13-11_3d12c67020/202401221311-3d12c67020-RUNDEV.tgz
[2024-01-23T13:59:56.210Z] [DEBUG] Output:
[2024-01-23T13:59:56.210Z] {
[2024-01-23T13:59:56.210Z]   "repo" : "team-maya-generic",
[2024-01-23T13:59:56.210Z]   "path" : "/Maya/master/plnx/2024-01-22-13-11_3d12c67020/202401221311-3d12c67020-RUNDEV.tgz",
[2024-01-23T13:59:56.210Z]   "created" : "2024-01-22T18:07:45.168-05:00",
[2024-01-23T13:59:56.210Z]   "createdBy" : "token:art-bear.autodesk.com",
[2024-01-23T13:59:56.210Z]   "lastModified" : "2024-01-22T18:07:45.050-05:00",
[2024-01-23T13:59:56.210Z]   "modifiedBy" : "token:art-bear.autodesk.com",
[2024-01-23T13:59:56.210Z]   "lastUpdated" : "2024-01-22T18:07:45.169-05:00",
[2024-01-23T13:59:56.210Z]   "downloadUri" : "https://art-bear.autodesk.com:443/artifactory/team-maya-generic/Maya/master/plnx/2024-01-22-13-11_3d12c67020/202401221311-3d12c67020-RUNDEV.tgz",
[2024-01-23T13:59:56.210Z]   "mimeType" : "application/x-gzip",
[2024-01-23T13:59:56.210Z]   "size" : "3404941060",
[2024-01-23T13:59:56.210Z]   "checksums" : {
[2024-01-23T13:59:56.210Z]     "sha1" : "75d012bd43ec1751af7db3ebe5018bd7808a168b",
[2024-01-23T13:59:56.210Z]     "md5" : "8a2ec384a03c3b2c77da9091053bd996",
[2024-01-23T13:59:56.210Z]     "sha256" : "b60ab170410693f1345235804651e9c3588fc868283c325e6210581cb55266a6"
[2024-01-23T13:59:56.210Z]   },
[2024-01-23T13:59:56.210Z]   "originalChecksums" : {
[2024-01-23T13:59:56.210Z]     "sha1" : "75d012bd43ec1751af7db3ebe5018bd7808a168b",
[2024-01-23T13:59:56.210Z]     "md5" : "8a2ec384a03c3b2c77da9091053bd996",
[2024-01-23T13:59:56.210Z]     "sha256" : "b60ab170410693f1345235804651e9c3588fc868283c325e6210581cb55266a6"
[2024-01-23T13:59:56.210Z]   },
[2024-01-23T13:59:56.210Z]   "uri" : "https://art-bear.autodesk.com:443/artifactory/api/storage/team-maya-generic/Maya/master/plnx/2024-01-22-13-11_3d12c67020/202401221311-3d12c67020-RUNDEV.tgz"
[2024-01-23T13:59:56.210Z] }
[2024-01-23T13:59:56.210Z] [VERBOSE] End loading URL (CURL): https://art-bear.autodesk.com:443/artifactory/api/storage/team-maya-generic/Maya/master/plnx/2024-01-22-13-11_3d12c67020/202401221311-3d12c67020-RUNDEV.tgz
[2024-01-23T13:59:56.210Z] Using Maya cut from /local/S/jenkins/workspace/shared/Artifactory/Linux/rundev-master/202401221311/runtime/75d012b/runTime
[2024-01-23T13:59:56.210Z] 
[2024-01-23T13:59:56.210Z] ================================================================================
[2024-01-23T13:59:56.210Z]                              setup (RelWithDebInfo)
[2024-01-23T13:59:56.210Z] ================================================================================
[Pipeline] }
[Pipeline] // withEnv
[Pipeline] }
[Pipeline] // timeout
[Pipeline] }
[Pipeline] // stage
[Pipeline] }
[Pipeline] // timestamps
[Pipeline] timestamps
[Pipeline] {
[Pipeline] stage
[Pipeline] { (Clean)
[Pipeline] timeout
[2024-01-23T13:59:56.555Z] Timeout set to expire in 6 hr 0 min
[Pipeline] {
[Pipeline] withEnv
[Pipeline] {
[Pipeline] sh
[2024-01-23T13:59:57.635Z] + scl enable gcc-toolset-11 -
[2024-01-23T13:59:57.635Z] + '[' enable = load -o enable = unload ']'
[2024-01-23T13:59:57.635Z] + /usr/bin/scl enable gcc-toolset-11 -
[2024-01-23T13:59:57.635Z] python ecg-maya-hydra/build.py --stages=clean --workspace-dir=/local/S/jenkins/workspace/ECP/ecg-maya-hydra/ecg-maya-hydra-branch-preflight-python3-linux --artifactory-dir=/local/S/jenkins/workspace/shared/Artifactory --build-dir=/local/S/jenkins/workspace/ECP/ecg-maya-hydra/ecg-maya-hydra-branch-preflight-python3-linux/build --install-dir=/local/S/jenkins/workspace/ECP/ecg-maya-hydra/ecg-maya-hydra-branch-preflight-python3-linux/install --signing-dir=/local/S/jenkins/workspace/ECP/ecg-maya-hydra/ecg-maya-hydra-branch-preflight-python3-linux/signing --package-dir=/local/S/jenkins/workspace/ECP/ecg-maya-hydra/ecg-maya-hydra-branch-preflight-python3-linux/package --output-dir=/local/S/jenkins/workspace/ECP/ecg-maya-hydra/ecg-maya-hydra-branch-preflight-python3-linux/output --stash-dir=/local/S/jenkins/workspace/ECP/ecg-maya-hydra/ecg-maya-hydra-branch-preflight-python3-linux/stash --jenkins-build=475 --git-commit=213589ae407a1c3a6962bb830b3f884de1b4e226 --git-branch=master --variants=Debug --interactive-tests=true --post-zips=false --maya-cut-config=maya-rundev-master-debug.yaml --maya-package=rundev-master-debug --stage-banner
[2024-01-23T13:59:57.635Z] config_file /home/S/jenkins/workspace/ECP/ecg-maya-hydra/ecg-maya-hydra-branch-preflight-python3-linux/ecg-maya-hydra/maya-rundev-master-debug.yaml
[2024-01-23T13:59:57.635Z] Using Maya cut from /local/S/jenkins/workspace/shared/Artifactory/Linux/rundev-master-debug/202401221311/runtime/c6c148d/runTime
[2024-01-23T13:59:57.635Z] 
[2024-01-23T13:59:57.635Z] ================================================================================
[2024-01-23T13:59:57.635Z]                                  clean (Debug)
[2024-01-23T13:59:57.635Z] ================================================================================
[2024-01-23T13:59:57.635Z] Maya Python Debug Info:
[2024-01-23T13:59:57.635Z]   mayapy executable   = /local/S/jenkins/workspace/shared/Artifactory/Linux/rundev-master-debug/202401221311/runtime/c6c148d/runTime/bin/mayapy
[2024-01-23T13:59:57.635Z]   Include Folder      = /local/S/jenkins/workspace/shared/Artifactory/Linux/rundev-master-debug/202401221311/runtime/c6c148d/runTime/include/Python311/Python
[2024-01-23T13:59:57.635Z]   Library             = /local/S/jenkins/workspace/shared/Artifactory/Linux/rundev-master-debug/202401221311/runtime/c6c148d/runTime/lib/libpython3.11d.so.1.0
[2024-01-23T13:59:57.635Z]   site-package Folder = /local/S/jenkins/workspace/shared/Artifactory/Linux/rundev-master-debug/202401221311/runtime/c6c148d/runTime/lib/python3.11/site-packages
[2024-01-23T13:59:58.740Z] In workdir: /home/S/jenkins/workspace/ECP/ecg-maya-hydra/ecg-maya-hydra-branch-preflight-python3-linux/ecg-maya-hydra/maya-hydra
[2024-01-23T13:59:58.740Z] Executing: /local/S/jenkins/workspace/shared/Artifactory/Linux/rundev-master-debug/202401221311/runtime/c6c148d/runTime/bin/mayapy /home/S/jenkins/workspace/ECP/ecg-maya-hydra/ecg-maya-hydra-branch-preflight-python3-linux/ecg-maya-hydra/maya-hydra/build.py --generator Ninja --build-debug --maya-location /local/S/jenkins/workspace/shared/Artifactory/Linux/rundev-master-debug/202401221311/runtime/c6c148d/runTime --devkit-location /local/S/jenkins/workspace/shared/Artifactory/Linux/rundev-master-debug/202401221311/runtime/c6c148d/devkitBase --pxrusd-location /local/S/jenkins/workspace/shared/Artifactory/Linux/USD/d4ae0c1 --build-args=-DCMAKE_MAKE_PROGRAM=/local/S/jenkins/workspace/shared/Artifactory/Linux/ninja/1.10.2/9ab399b/ninja,-DPYTHON_INCLUDE_DIR=/local/S/jenkins/workspace/shared/Artifactory/Linux/rundev-master-debug/202401221311/runtime/c6c148d/runTime/include/Python311/Python,-DPython_EXECUTABLE=/local/S/jenkins/workspace/shared/Artifactory/Linux/rundev-master-debug/202401221311/runtime/c6c148d/runTime/bin/mayapy,-DPYTHON_LIBRARIES=/local/S/jenkins/workspace/shared/Artifactory/Linux/rundev-master-debug/202401221311/runtime/c6c148d/runTime/lib/libpython3.11d.so.1.0,-DBUILD_WITH_PYTHON_3_VERSION=3.11,-DCMAKE_WANT_MATERIALX_BUILD=ON,-DCMAKE_PREFIX_PATH=/local/S/jenkins/workspace/shared/Artifactory/Linux/USD/d4ae0c1,-DMAYAHYDRA_BUILD_NUMBER=475,-DMAYAHYDRA_GIT_COMMIT=213589ae407a1c3a6962bb830b3f884de1b4e226,-DMAYAHYDRA_GIT_BRANCH=master,-DMAYAUSD_LOCATION=/local/S/jenkins/workspace/shared/Artifactory/Linux/mayausd-cotd-debug/202401170904/runtime/733a5f2/mayausd/MayaUSD --debug-python '--ctest-args=--parallel 16' --stages=clean --redirect-outstream-file=False --install-location /local/S/jenkins/workspace/ECP/ecg-maya-hydra/ecg-maya-hydra-branch-preflight-python3-linux/install/Debug/MayaHydra /local/S/jenkins/workspace/ECP/ecg-maya-hydra/ecg-maya-hydra-branch-preflight-python3-linux
[2024-01-23T13:59:58.740Z] Modified environment variables:
[2024-01-23T13:59:58.740Z]     LD_LIBRARY_PATH=/opt/rh/gcc-toolset-11/root/usr/lib64:/opt/rh/gcc-toolset-11/root/usr/lib64:/opt/rh/gcc-toolset-11/root/usr/lib:/opt/rh/gcc-toolset-11/root/usr/lib64/dyninst:/opt/rh/gcc-toolset-11/root/usr/lib/dyninst
[2024-01-23T13:59:58.740Z]     PATH=/local/S/jenkins/workspace/shared/Artifactory/Linux/cmake/3.20.3/ab685d7/bin:/opt/rh/gcc-toolset-11/root/usr/bin:/home/administrator/.local/bin:/home/administrator/bin:/usr/share/Modules/bin:/usr/local/bin:/usr/local/sbin:/usr/bin:/usr/sbin
[2024-01-23T13:59:59.268Z]     
[2024-01-23T13:59:59.268Z]         Building with settings:
[2024-01-23T13:59:59.268Z]           Source directory          /home/S/jenkins/workspace/ECP/ecg-maya-hydra/ecg-maya-hydra-branch-preflight-python3-linux/ecg-maya-hydra/maya-hydra
[2024-01-23T13:59:59.268Z]           Workspace directory       /local/S/jenkins/workspace/ECP/ecg-maya-hydra/ecg-maya-hydra-branch-preflight-python3-linux
[2024-01-23T13:59:59.269Z]           Build directory           /local/S/jenkins/workspace/ECP/ecg-maya-hydra/ecg-maya-hydra-branch-preflight-python3-linux/build/Debug
[2024-01-23T13:59:59.269Z]           Install directory         /local/S/jenkins/workspace/ECP/ecg-maya-hydra/ecg-maya-hydra-branch-preflight-python3-linux/install/Debug/MayaHydra
[2024-01-23T13:59:59.269Z]           Variant                   Debug
[2024-01-23T13:59:59.269Z]           Python Debug              On
[2024-01-23T13:59:59.269Z]           CMake generator           Ninja
[2024-01-23T13:59:59.269Z]           Build arguments           ['-DCMAKE_MAKE_PROGRAM=/local/S/jenkins/workspace/shared/Artifactory/Linux/ninja/1.10.2/9ab399b/ninja', '-DPYTHON_INCLUDE_DIR=/local/S/jenkins/workspace/shared/Artifactory/Linux/rundev-master-debug/202401221311/runtime/c6c148d/runTime/include/Python311/Python', '-DPython_EXECUTABLE=/local/S/jenkins/workspace/shared/Artifactory/Linux/rundev-master-debug/202401221311/runtime/c6c148d/runTime/bin/mayapy', '-DPYTHON_LIBRARIES=/local/S/jenkins/workspace/shared/Artifactory/Linux/rundev-master-debug/202401221311/runtime/c6c148d/runTime/lib/libpython3.11d.so.1.0', '-DBUILD_WITH_PYTHON_3_VERSION=3.11', '-DCMAKE_WANT_MATERIALX_BUILD=ON', '-DCMAKE_PREFIX_PATH=/local/S/jenkins/workspace/shared/Artifactory/Linux/USD/d4ae0c1', '-DMAYAHYDRA_BUILD_NUMBER=475', '-DMAYAHYDRA_GIT_COMMIT=213589ae407a1c3a6962bb830b3f884de1b4e226', '-DMAYAHYDRA_GIT_BRANCH=master', '-DMAYAUSD_LOCATION=/local/S/jenkins/workspace/shared/Artifactory/Linux/mayausd-cotd-debug/202401170904/runtime/733a5f2/mayausd/MayaUSD']
[2024-01-23T13:59:59.269Z]           Stages arguments          ['clean']
[2024-01-23T13:59:59.269Z]           CTest arguments           ['--parallel 16']
[2024-01-23T13:59:59.269Z]     Success MayaHydra build and install !!!!
[2024-01-23T13:59:59.269Z]     Elapsed time: 00:00:00
[Pipeline] sh
[2024-01-23T14:00:00.839Z] + scl enable gcc-toolset-11 -
[2024-01-23T14:00:00.839Z] + '[' enable = load -o enable = unload ']'
[2024-01-23T14:00:00.839Z] + /usr/bin/scl enable gcc-toolset-11 -
[2024-01-23T14:00:00.839Z] python ecg-maya-hydra/build.py --stages=clean --workspace-dir=/local/S/jenkins/workspace/ECP/ecg-maya-hydra/ecg-maya-hydra-branch-preflight-python3-linux --artifactory-dir=/local/S/jenkins/workspace/shared/Artifactory --build-dir=/local/S/jenkins/workspace/ECP/ecg-maya-hydra/ecg-maya-hydra-branch-preflight-python3-linux/build --install-dir=/local/S/jenkins/workspace/ECP/ecg-maya-hydra/ecg-maya-hydra-branch-preflight-python3-linux/install --signing-dir=/local/S/jenkins/workspace/ECP/ecg-maya-hydra/ecg-maya-hydra-branch-preflight-python3-linux/signing --package-dir=/local/S/jenkins/workspace/ECP/ecg-maya-hydra/ecg-maya-hydra-branch-preflight-python3-linux/package --output-dir=/local/S/jenkins/workspace/ECP/ecg-maya-hydra/ecg-maya-hydra-branch-preflight-python3-linux/output --stash-dir=/local/S/jenkins/workspace/ECP/ecg-maya-hydra/ecg-maya-hydra-branch-preflight-python3-linux/stash --jenkins-build=475 --git-commit=213589ae407a1c3a6962bb830b3f884de1b4e226 --git-branch=master --variants=RelWithDebInfo --interactive-tests=true --post-zips=false --maya-cut-config=maya-rundev-master.yaml --maya-package=rundev-master --stage-banner
[2024-01-23T14:00:00.839Z] config_file /home/S/jenkins/workspace/ECP/ecg-maya-hydra/ecg-maya-hydra-branch-preflight-python3-linux/ecg-maya-hydra/maya-rundev-master.yaml
[2024-01-23T14:00:00.839Z] Using Maya cut from /local/S/jenkins/workspace/shared/Artifactory/Linux/rundev-master/202401221311/runtime/75d012b/runTime
[2024-01-23T14:00:00.839Z] 
[2024-01-23T14:00:00.839Z] ================================================================================
[2024-01-23T14:00:00.839Z]                              clean (RelWithDebInfo)
[2024-01-23T14:00:00.839Z] ================================================================================
[2024-01-23T14:00:00.839Z] Maya Python RelWithDebInfo Info:
[2024-01-23T14:00:00.839Z]   mayapy executable   = /local/S/jenkins/workspace/shared/Artifactory/Linux/rundev-master/202401221311/runtime/75d012b/runTime/bin/mayapy
[2024-01-23T14:00:00.840Z]   Include Folder      = /local/S/jenkins/workspace/shared/Artifactory/Linux/rundev-master/202401221311/runtime/75d012b/runTime/include/Python311/Python
[2024-01-23T14:00:00.840Z]   Library             = /local/S/jenkins/workspace/shared/Artifactory/Linux/rundev-master/202401221311/runtime/75d012b/runTime/lib/libpython3.11.so.1.0
[2024-01-23T14:00:00.840Z]   site-package Folder = /local/S/jenkins/workspace/shared/Artifactory/Linux/rundev-master/202401221311/runtime/75d012b/runTime/lib/python3.11/site-packages
[2024-01-23T14:00:00.840Z] In workdir: /home/S/jenkins/workspace/ECP/ecg-maya-hydra/ecg-maya-hydra-branch-preflight-python3-linux/ecg-maya-hydra/maya-hydra
[2024-01-23T14:00:00.840Z] Executing: /local/S/jenkins/workspace/shared/Artifactory/Linux/rundev-master/202401221311/runtime/75d012b/runTime/bin/mayapy /home/S/jenkins/workspace/ECP/ecg-maya-hydra/ecg-maya-hydra-branch-preflight-python3-linux/ecg-maya-hydra/maya-hydra/build.py --generator Ninja --build-relwithdebug --maya-location /local/S/jenkins/workspace/shared/Artifactory/Linux/rundev-master/202401221311/runtime/75d012b/runTime --devkit-location /local/S/jenkins/workspace/shared/Artifactory/Linux/rundev-master/202401221311/runtime/75d012b/devkitBase --pxrusd-location /local/S/jenkins/workspace/shared/Artifactory/Linux/USD/a772bd8 --build-args=-DCMAKE_MAKE_PROGRAM=/local/S/jenkins/workspace/shared/Artifactory/Linux/ninja/1.10.2/9ab399b/ninja,-DPYTHON_INCLUDE_DIR=/local/S/jenkins/workspace/shared/Artifactory/Linux/rundev-master/202401221311/runtime/75d012b/runTime/include/Python311/Python,-DPython_EXECUTABLE=/local/S/jenkins/workspace/shared/Artifactory/Linux/rundev-master/202401221311/runtime/75d012b/runTime/bin/mayapy,-DPYTHON_LIBRARIES=/local/S/jenkins/workspace/shared/Artifactory/Linux/rundev-master/202401221311/runtime/75d012b/runTime/lib/libpython3.11.so.1.0,-DBUILD_WITH_PYTHON_3_VERSION=3.11,-DCMAKE_WANT_MATERIALX_BUILD=ON,-DCMAKE_PREFIX_PATH=/local/S/jenkins/workspace/shared/Artifactory/Linux/USD/a772bd8,-DMAYAHYDRA_BUILD_NUMBER=475,-DMAYAHYDRA_GIT_COMMIT=213589ae407a1c3a6962bb830b3f884de1b4e226,-DMAYAHYDRA_GIT_BRANCH=master,-DMAYAUSD_LOCATION=/local/S/jenkins/workspace/shared/Artifactory/Linux/mayausd-cotd/202401170904/runtime/07c7fcc/mayausd/MayaUSD '--ctest-args=--parallel 16' --stages=clean --redirect-outstream-file=False --install-location /local/S/jenkins/workspace/ECP/ecg-maya-hydra/ecg-maya-hydra-branch-preflight-python3-linux/install/RelWithDebInfo/MayaHydra /local/S/jenkins/workspace/ECP/ecg-maya-hydra/ecg-maya-hydra-branch-preflight-python3-linux
[2024-01-23T14:00:00.840Z] Modified environment variables:
[2024-01-23T14:00:00.840Z]     LD_LIBRARY_PATH=/opt/rh/gcc-toolset-11/root/usr/lib64:/opt/rh/gcc-toolset-11/root/usr/lib64:/opt/rh/gcc-toolset-11/root/usr/lib:/opt/rh/gcc-toolset-11/root/usr/lib64/dyninst:/opt/rh/gcc-toolset-11/root/usr/lib/dyninst
[2024-01-23T14:00:00.840Z]     PATH=/local/S/jenkins/workspace/shared/Artifactory/Linux/cmake/3.20.3/ab685d7/bin:/opt/rh/gcc-toolset-11/root/usr/bin:/home/administrator/.local/bin:/home/administrator/bin:/usr/share/Modules/bin:/usr/local/bin:/usr/local/sbin:/usr/bin:/usr/sbin
[2024-01-23T14:00:01.367Z]     
[2024-01-23T14:00:01.367Z]         Building with settings:
[2024-01-23T14:00:01.367Z]           Source directory          /home/S/jenkins/workspace/ECP/ecg-maya-hydra/ecg-maya-hydra-branch-preflight-python3-linux/ecg-maya-hydra/maya-hydra
[2024-01-23T14:00:01.367Z]           Workspace directory       /local/S/jenkins/workspace/ECP/ecg-maya-hydra/ecg-maya-hydra-branch-preflight-python3-linux
[2024-01-23T14:00:01.367Z]           Build directory           /local/S/jenkins/workspace/ECP/ecg-maya-hydra/ecg-maya-hydra-branch-preflight-python3-linux/build/RelWithDebInfo
[2024-01-23T14:00:01.367Z]           Install directory         /local/S/jenkins/workspace/ECP/ecg-maya-hydra/ecg-maya-hydra-branch-preflight-python3-linux/install/RelWithDebInfo/MayaHydra
[2024-01-23T14:00:01.367Z]           Variant                   RelWithDebInfo
[2024-01-23T14:00:01.367Z]           Python Debug              Off
[2024-01-23T14:00:01.367Z]           CMake generator           Ninja
[2024-01-23T14:00:01.367Z]           Build arguments           ['-DCMAKE_MAKE_PROGRAM=/local/S/jenkins/workspace/shared/Artifactory/Linux/ninja/1.10.2/9ab399b/ninja', '-DPYTHON_INCLUDE_DIR=/local/S/jenkins/workspace/shared/Artifactory/Linux/rundev-master/202401221311/runtime/75d012b/runTime/include/Python311/Python', '-DPython_EXECUTABLE=/local/S/jenkins/workspace/shared/Artifactory/Linux/rundev-master/202401221311/runtime/75d012b/runTime/bin/mayapy', '-DPYTHON_LIBRARIES=/local/S/jenkins/workspace/shared/Artifactory/Linux/rundev-master/202401221311/runtime/75d012b/runTime/lib/libpython3.11.so.1.0', '-DBUILD_WITH_PYTHON_3_VERSION=3.11', '-DCMAKE_WANT_MATERIALX_BUILD=ON', '-DCMAKE_PREFIX_PATH=/local/S/jenkins/workspace/shared/Artifactory/Linux/USD/a772bd8', '-DMAYAHYDRA_BUILD_NUMBER=475', '-DMAYAHYDRA_GIT_COMMIT=213589ae407a1c3a6962bb830b3f884de1b4e226', '-DMAYAHYDRA_GIT_BRANCH=master', '-DMAYAUSD_LOCATION=/local/S/jenkins/workspace/shared/Artifactory/Linux/mayausd-cotd/202401170904/runtime/07c7fcc/mayausd/MayaUSD']
[2024-01-23T14:00:01.367Z]           Stages arguments          ['clean']
[2024-01-23T14:00:01.367Z]           CTest arguments           ['--parallel 16']
[2024-01-23T14:00:01.367Z]     Success MayaHydra build and install !!!!
[2024-01-23T14:00:01.367Z]     Elapsed time: 00:00:00
[Pipeline] }
[Pipeline] // withEnv
[Pipeline] }
[Pipeline] // timeout
[Pipeline] }
[Pipeline] // stage
[Pipeline] }
[Pipeline] // timestamps
[Pipeline] timestamps
[Pipeline] {
[Pipeline] stage
[Pipeline] { (Configure)
[Pipeline] timeout
[2024-01-23T14:00:01.743Z] Timeout set to expire in 6 hr 0 min
[Pipeline] {
[Pipeline] withEnv
[Pipeline] {
[Pipeline] sh
[2024-01-23T14:00:02.840Z] + scl enable gcc-toolset-11 -
[2024-01-23T14:00:02.840Z] + '[' enable = load -o enable = unload ']'
[2024-01-23T14:00:02.840Z] + /usr/bin/scl enable gcc-toolset-11 -
[2024-01-23T14:00:02.840Z] python ecg-maya-hydra/build.py --stages=configure --workspace-dir=/local/S/jenkins/workspace/ECP/ecg-maya-hydra/ecg-maya-hydra-branch-preflight-python3-linux --artifactory-dir=/local/S/jenkins/workspace/shared/Artifactory --build-dir=/local/S/jenkins/workspace/ECP/ecg-maya-hydra/ecg-maya-hydra-branch-preflight-python3-linux/build --install-dir=/local/S/jenkins/workspace/ECP/ecg-maya-hydra/ecg-maya-hydra-branch-preflight-python3-linux/install --signing-dir=/local/S/jenkins/workspace/ECP/ecg-maya-hydra/ecg-maya-hydra-branch-preflight-python3-linux/signing --package-dir=/local/S/jenkins/workspace/ECP/ecg-maya-hydra/ecg-maya-hydra-branch-preflight-python3-linux/package --output-dir=/local/S/jenkins/workspace/ECP/ecg-maya-hydra/ecg-maya-hydra-branch-preflight-python3-linux/output --stash-dir=/local/S/jenkins/workspace/ECP/ecg-maya-hydra/ecg-maya-hydra-branch-preflight-python3-linux/stash --jenkins-build=475 --git-commit=213589ae407a1c3a6962bb830b3f884de1b4e226 --git-branch=master --variants=Debug --interactive-tests=true --post-zips=false --maya-cut-config=maya-rundev-master-debug.yaml --maya-package=rundev-master-debug --stage-banner
[2024-01-23T14:00:02.840Z] config_file /home/S/jenkins/workspace/ECP/ecg-maya-hydra/ecg-maya-hydra-branch-preflight-python3-linux/ecg-maya-hydra/maya-rundev-master-debug.yaml
[2024-01-23T14:00:02.840Z] Using Maya cut from /local/S/jenkins/workspace/shared/Artifactory/Linux/rundev-master-debug/202401221311/runtime/c6c148d/runTime
[2024-01-23T14:00:02.840Z] 
[2024-01-23T14:00:02.840Z] ================================================================================
[2024-01-23T14:00:02.840Z]                                configure (Debug)
[2024-01-23T14:00:02.840Z] ================================================================================
[2024-01-23T14:00:02.840Z] Maya Python Debug Info:
[2024-01-23T14:00:02.840Z]   mayapy executable   = /local/S/jenkins/workspace/shared/Artifactory/Linux/rundev-master-debug/202401221311/runtime/c6c148d/runTime/bin/mayapy
[2024-01-23T14:00:02.840Z]   Include Folder      = /local/S/jenkins/workspace/shared/Artifactory/Linux/rundev-master-debug/202401221311/runtime/c6c148d/runTime/include/Python311/Python
[2024-01-23T14:00:02.840Z]   Library             = /local/S/jenkins/workspace/shared/Artifactory/Linux/rundev-master-debug/202401221311/runtime/c6c148d/runTime/lib/libpython3.11d.so.1.0
[2024-01-23T14:00:02.840Z]   site-package Folder = /local/S/jenkins/workspace/shared/Artifactory/Linux/rundev-master-debug/202401221311/runtime/c6c148d/runTime/lib/python3.11/site-packages
[2024-01-23T14:00:03.946Z] In workdir: /home/S/jenkins/workspace/ECP/ecg-maya-hydra/ecg-maya-hydra-branch-preflight-python3-linux/ecg-maya-hydra/maya-hydra
[2024-01-23T14:00:03.947Z] Executing: /local/S/jenkins/workspace/shared/Artifactory/Linux/rundev-master-debug/202401221311/runtime/c6c148d/runTime/bin/mayapy /home/S/jenkins/workspace/ECP/ecg-maya-hydra/ecg-maya-hydra-branch-preflight-python3-linux/ecg-maya-hydra/maya-hydra/build.py --generator Ninja --build-debug --maya-location /local/S/jenkins/workspace/shared/Artifactory/Linux/rundev-master-debug/202401221311/runtime/c6c148d/runTime --devkit-location /local/S/jenkins/workspace/shared/Artifactory/Linux/rundev-master-debug/202401221311/runtime/c6c148d/devkitBase --pxrusd-location /local/S/jenkins/workspace/shared/Artifactory/Linux/USD/d4ae0c1 --build-args=-DCMAKE_MAKE_PROGRAM=/local/S/jenkins/workspace/shared/Artifactory/Linux/ninja/1.10.2/9ab399b/ninja,-DPYTHON_INCLUDE_DIR=/local/S/jenkins/workspace/shared/Artifactory/Linux/rundev-master-debug/202401221311/runtime/c6c148d/runTime/include/Python311/Python,-DPython_EXECUTABLE=/local/S/jenkins/workspace/shared/Artifactory/Linux/rundev-master-debug/202401221311/runtime/c6c148d/runTime/bin/mayapy,-DPYTHON_LIBRARIES=/local/S/jenkins/workspace/shared/Artifactory/Linux/rundev-master-debug/202401221311/runtime/c6c148d/runTime/lib/libpython3.11d.so.1.0,-DBUILD_WITH_PYTHON_3_VERSION=3.11,-DCMAKE_WANT_MATERIALX_BUILD=ON,-DCMAKE_PREFIX_PATH=/local/S/jenkins/workspace/shared/Artifactory/Linux/USD/d4ae0c1,-DMAYAHYDRA_BUILD_NUMBER=475,-DMAYAHYDRA_GIT_COMMIT=213589ae407a1c3a6962bb830b3f884de1b4e226,-DMAYAHYDRA_GIT_BRANCH=master,-DMAYAUSD_LOCATION=/local/S/jenkins/workspace/shared/Artifactory/Linux/mayausd-cotd-debug/202401170904/runtime/733a5f2/mayausd/MayaUSD --debug-python '--ctest-args=--parallel 16' --stages=configure --redirect-outstream-file=False --install-location /local/S/jenkins/workspace/ECP/ecg-maya-hydra/ecg-maya-hydra-branch-preflight-python3-linux/install/Debug/MayaHydra /local/S/jenkins/workspace/ECP/ecg-maya-hydra/ecg-maya-hydra-branch-preflight-python3-linux
[2024-01-23T14:00:03.947Z] Modified environment variables:
[2024-01-23T14:00:03.947Z]     LD_LIBRARY_PATH=/opt/rh/gcc-toolset-11/root/usr/lib64:/opt/rh/gcc-toolset-11/root/usr/lib64:/opt/rh/gcc-toolset-11/root/usr/lib:/opt/rh/gcc-toolset-11/root/usr/lib64/dyninst:/opt/rh/gcc-toolset-11/root/usr/lib/dyninst
[2024-01-23T14:00:03.947Z]     PATH=/local/S/jenkins/workspace/shared/Artifactory/Linux/cmake/3.20.3/ab685d7/bin:/opt/rh/gcc-toolset-11/root/usr/bin:/home/administrator/.local/bin:/home/administrator/bin:/usr/share/Modules/bin:/usr/local/bin:/usr/local/sbin:/usr/bin:/usr/sbin
[2024-01-23T14:00:04.474Z]     -- The C compiler identification is GNU 11.2.1
[2024-01-23T14:00:04.474Z]     -- The CXX compiler identification is GNU 11.2.1
[2024-01-23T14:00:04.474Z]     -- Detecting C compiler ABI info
[2024-01-23T14:00:04.474Z]     -- Detecting C compiler ABI info - done
[2024-01-23T14:00:04.474Z]     -- Check for working C compiler: /opt/rh/gcc-toolset-11/root/usr/bin/cc - skipped
[2024-01-23T14:00:04.474Z]     -- Detecting C compile features
[2024-01-23T14:00:04.474Z]     -- Detecting C compile features - done
[2024-01-23T14:00:04.474Z]     -- Detecting CXX compiler ABI info
[2024-01-23T14:00:04.475Z]     -- Detecting CXX compiler ABI info - done
[2024-01-23T14:00:04.475Z]     -- Check for working CXX compiler: /opt/rh/gcc-toolset-11/root/usr/bin/c++ - skipped
[2024-01-23T14:00:04.475Z]     -- Detecting CXX compile features
[2024-01-23T14:00:04.475Z]     -- Detecting CXX compile features - done
[2024-01-23T14:00:05.002Z]     -- Using Maya Light API Version 3
[2024-01-23T14:00:05.002Z]     -- Maya has setDefaultMaterialHandling API
[2024-01-23T14:00:05.002Z]     -- Maya has new point snapping API
[2024-01-23T14:00:05.002Z]     -- Maya has isInCrashHandler API
[2024-01-23T14:00:05.002Z]     -- Maya has getDisplayStyleOfAllViewports API
[2024-01-23T14:00:05.002Z]     -- Maya array iterator has difference_type trait
[2024-01-23T14:00:05.002Z]     -- MFnSet has getMemberPaths function
[2024-01-23T14:00:05.002Z]     -- MFnDisplayLayer exists
[2024-01-23T14:00:05.002Z]     -- MDisplayLayerMessage has MDisplayLayerMemberChangedFunction
[2024-01-23T14:00:05.002Z]     -- MRenderItem has HideOnPlayback API
[2024-01-23T14:00:05.530Z]     -- Linux: Maya was built with new cxx11 ABI
[2024-01-23T14:00:05.530Z]     -- Found Maya: /local/S/jenkins/workspace/shared/Artifactory/Linux/rundev-master-debug/202401221311/runtime/c6c148d/runTime/bin/maya (found suitable version "2025", minimum required is "2024")
[2024-01-23T14:00:06.640Z]     -- Found Python: /local/S/jenkins/workspace/shared/Artifactory/Linux/rundev-master-debug/202401221311/runtime/c6c148d/runTime/bin/mayapy (found suitable exact version "3.11.4") found components: Interpreter
[2024-01-23T14:00:06.640Z]     -- Build mayaHydra with Python3 = 3.11
[2024-01-23T14:00:06.640Z]     --    PYTHON_INCLUDE_DIRS = /local/S/jenkins/workspace/shared/Artifactory/Linux/rundev-master-debug/202401221311/runtime/c6c148d/runTime/include/Python311/Python
[2024-01-23T14:00:06.640Z]     --    PYTHON_LIBRARIES    = /local/S/jenkins/workspace/shared/Artifactory/Linux/rundev-master-debug/202401221311/runtime/c6c148d/runTime/lib/libpython3.11d.so.1.0
[2024-01-23T14:00:06.640Z]     --    Python_EXECUTABLE   = /local/S/jenkins/workspace/shared/Artifactory/Linux/rundev-master-debug/202401221311/runtime/c6c148d/runTime/bin/mayapy
[2024-01-23T14:00:06.640Z]     -- Found Python3: /local/S/jenkins/workspace/shared/Artifactory/Linux/rundev-master-debug/202401221311/runtime/c6c148d/runTime/include/Python311/Python (found suitable exact version "3.11.4") found components: Development Development.Module Development.Embed
[2024-01-23T14:00:06.640Z]     -- USD has new Sdr.PropertyTypes.Color4
[2024-01-23T14:00:06.640Z]     -- USD has MaterialX metadata support
[2024-01-23T14:00:06.640Z]     -- USD include dir: /local/S/jenkins/workspace/shared/Artifactory/Linux/USD/d4ae0c1/include
[2024-01-23T14:00:06.640Z]     -- USD library dir: /local/S/jenkins/workspace/shared/Artifactory/Linux/USD/d4ae0c1/lib
[2024-01-23T14:00:06.640Z]     -- USD version: 0.23.11
[2024-01-23T14:00:06.640Z]     -- Found USD: /local/S/jenkins/workspace/shared/Artifactory/Linux/USD/d4ae0c1 (found suitable version "0.23.11", minimum required is "0.22.11")
[2024-01-23T14:00:06.640Z]     Updated PYTHONPATH: /local/S/jenkins/workspace/shared/Artifactory/Linux/USD/d4ae0c1/lib/python
[2024-01-23T14:00:06.640Z]     -- Found UFE: /local/S/jenkins/workspace/shared/Artifactory/Linux/rundev-master-debug/202401221311/runtime/c6c148d/devkitBase/devkit/ufe/include (found version "5.0.0")
[2024-01-23T14:00:06.640Z]     -- UFE include dir: /local/S/jenkins/workspace/shared/Artifactory/Linux/rundev-master-debug/202401221311/runtime/c6c148d/devkitBase/devkit/ufe/include
[2024-01-23T14:00:06.640Z]     -- UFE library: /local/S/jenkins/workspace/shared/Artifactory/Linux/rundev-master-debug/202401221311/runtime/c6c148d/devkitBase/devkit/ufe/lib/libufe_5.so
[2024-01-23T14:00:06.640Z]     -- UFE version: 5.0.0
[2024-01-23T14:00:06.640Z]     -- Maya has UFE lights API
[2024-01-23T14:00:06.640Z]     -- Maya has UFE scene segment API
[2024-01-23T14:00:06.640Z]     -- Maya has UFE TrieNode childrenComponents accessor
[2024-01-23T14:00:06.640Z]     -- Building with UFE 5.0.0.
[2024-01-23T14:00:06.640Z]     -- Could NOT find MAYAUSD (missing: MAYAUSD_LIBRARY_DIR)
[2024-01-23T14:00:06.640Z]     CMake Error at cmake/modules/FindMAYAUSD.cmake:86 (message):
[2024-01-23T14:00:06.640Z]       Could not find MayaUsd library and include directories in the folder
[2024-01-23T14:00:06.640Z]       provided :
[2024-01-23T14:00:06.640Z]       /local/S/jenkins/workspace/shared/Artifactory/Linux/mayausd-cotd-debug/202401170904/runtime/733a5f2/mayausd/MayaUSD
[2024-01-23T14:00:06.640Z]     Call Stack (most recent call first):
[2024-01-23T14:00:06.640Z]       CMakeLists.txt:134 (find_package)
[2024-01-23T14:00:06.640Z]     
[2024-01-23T14:00:06.640Z]     
[2024-01-23T14:00:06.640Z]     -- Configuring incomplete, errors occurred!
[2024-01-23T14:00:06.640Z]     See also "/home/S/jenkins/workspace/ECP/ecg-maya-hydra/ecg-maya-hydra-branch-preflight-python3-linux/build/Debug/CMakeFiles/CMakeOutput.log".
[2024-01-23T14:00:06.640Z]     
[2024-01-23T14:00:06.640Z]         Building with settings:
[2024-01-23T14:00:06.640Z]           Source directory          /home/S/jenkins/workspace/ECP/ecg-maya-hydra/ecg-maya-hydra-branch-preflight-python3-linux/ecg-maya-hydra/maya-hydra
[2024-01-23T14:00:06.640Z]           Workspace directory       /local/S/jenkins/workspace/ECP/ecg-maya-hydra/ecg-maya-hydra-branch-preflight-python3-linux
[2024-01-23T14:00:06.640Z]           Build directory           /local/S/jenkins/workspace/ECP/ecg-maya-hydra/ecg-maya-hydra-branch-preflight-python3-linux/build/Debug
[2024-01-23T14:00:06.640Z]           Install directory         /local/S/jenkins/workspace/ECP/ecg-maya-hydra/ecg-maya-hydra-branch-preflight-python3-linux/install/Debug/MayaHydra
[2024-01-23T14:00:06.640Z]           Variant                   Debug
[2024-01-23T14:00:06.640Z]           Python Debug              On
[2024-01-23T14:00:06.640Z]           CMake generator           Ninja
[2024-01-23T14:00:06.640Z]           Build arguments           ['-DCMAKE_MAKE_PROGRAM=/local/S/jenkins/workspace/shared/Artifactory/Linux/ninja/1.10.2/9ab399b/ninja', '-DPYTHON_INCLUDE_DIR=/local/S/jenkins/workspace/shared/Artifactory/Linux/rundev-master-debug/202401221311/runtime/c6c148d/runTime/include/Python311/Python', '-DPython_EXECUTABLE=/local/S/jenkins/workspace/shared/Artifactory/Linux/rundev-master-debug/202401221311/runtime/c6c148d/runTime/bin/mayapy', '-DPYTHON_LIBRARIES=/local/S/jenkins/workspace/shared/Artifactory/Linux/rundev-master-debug/202401221311/runtime/c6c148d/runTime/lib/libpython3.11d.so.1.0', '-DBUILD_WITH_PYTHON_3_VERSION=3.11', '-DCMAKE_WANT_MATERIALX_BUILD=ON', '-DCMAKE_PREFIX_PATH=/local/S/jenkins/workspace/shared/Artifactory/Linux/USD/d4ae0c1', '-DMAYAHYDRA_BUILD_NUMBER=475', '-DMAYAHYDRA_GIT_COMMIT=213589ae407a1c3a6962bb830b3f884de1b4e226', '-DMAYAHYDRA_GIT_BRANCH=master', '-DMAYAUSD_LOCATION=/local/S/jenkins/workspace/shared/Artifactory/Linux/mayausd-cotd-debug/202401170904/runtime/733a5f2/mayausd/MayaUSD']
[2024-01-23T14:00:06.640Z]           Stages arguments          ['configure']
[2024-01-23T14:00:06.640Z]           CTest arguments           ['--parallel 16']
[2024-01-23T14:00:06.640Z]     STATUS: Found Maya Qt headers in: /local/S/jenkins/workspace/shared/Artifactory/Linux/rundev-master-debug/202401221311/runtime/c6c148d/devkitBase
[2024-01-23T14:00:06.640Z]     #####################################################################################
[2024-01-23T14:00:06.640Z]     log date: 2024-01-23 06:00
[2024-01-23T14:00:06.640Z]     commit sha: b02615ffcb91cf67f41adb00d95346b1abdd4b60
[2024-01-23T14:00:06.640Z]     commit date: Tue Jan 23 05:59:00 2024 -0800
[2024-01-23T14:00:06.640Z]     #####################################################################################
[2024-01-23T14:00:06.640Z]     
[2024-01-23T14:00:06.640Z]     cmake -DCMAKE_INSTALL_PREFIX="/local/S/jenkins/workspace/ECP/ecg-maya-hydra/ecg-maya-hydra-branch-preflight-python3-linux/install/Debug/MayaHydra" -DCMAKE_BUILD_TYPE=Debug -DCMAKE_EXPORT_COMPILE_COMMANDS=ON -G "Ninja" -DMAYA_LOCATION="/local/S/jenkins/workspace/shared/Artifactory/Linux/rundev-master-debug/202401221311/runtime/c6c148d/runTime" -DPXR_USD_LOCATION="/local/S/jenkins/workspace/shared/Artifactory/Linux/USD/d4ae0c1" -DMAYA_DEVKIT_LOCATION="/local/S/jenkins/workspace/shared/Artifactory/Linux/rundev-master-debug/202401221311/runtime/c6c148d/devkitBase" -DCMAKE_MAKE_PROGRAM=/local/S/jenkins/workspace/shared/Artifactory/Linux/ninja/1.10.2/9ab399b/ninja -DPYTHON_INCLUDE_DIR=/local/S/jenkins/workspace/shared/Artifactory/Linux/rundev-master-debug/202401221311/runtime/c6c148d/runTime/include/Python311/Python -DPython_EXECUTABLE=/local/S/jenkins/workspace/shared/Artifactory/Linux/rundev-master-debug/202401221311/runtime/c6c148d/runTime/bin/mayapy -DPYTHON_LIBRARIES=/local/S/jenkins/workspace/shared/Artifactory/Linux/rundev-master-debug/202401221311/runtime/c6c148d/runTime/lib/libpython3.11d.so.1.0 -DBUILD_WITH_PYTHON_3_VERSION=3.11 -DCMAKE_WANT_MATERIALX_BUILD=ON -DCMAKE_PREFIX_PATH=/local/S/jenkins/workspace/shared/Artifactory/Linux/USD/d4ae0c1 -DMAYAHYDRA_BUILD_NUMBER=475 -DMAYAHYDRA_GIT_COMMIT=213589ae407a1c3a6962bb830b3f884de1b4e226 -DMAYAHYDRA_GIT_BRANCH=master -DMAYAUSD_LOCATION=/local/S/jenkins/workspace/shared/Artifactory/Linux/mayausd-cotd-debug/202401170904/runtime/733a5f2/mayausd/MayaUSD "/home/S/jenkins/workspace/ECP/ecg-maya-hydra/ecg-maya-hydra-branch-preflight-python3-linux/ecg-maya-hydra/maya-hydra"
[2024-01-23T14:00:06.640Z]     
[2024-01-23T14:00:06.640Z]     Traceback (most recent call last):
[2024-01-23T14:00:06.640Z]       File "/home/S/jenkins/workspace/ECP/ecg-maya-hydra/ecg-maya-hydra-branch-preflight-python3-linux/ecg-maya-hydra/maya-hydra/build.py", line 745, in <module>
[2024-01-23T14:00:06.640Z]         BuildAndInstall(context, context.buildArgs, context.stagesArgs)
[2024-01-23T14:00:06.640Z]       File "/home/S/jenkins/workspace/ECP/ecg-maya-hydra/ecg-maya-hydra-branch-preflight-python3-linux/ecg-maya-hydra/maya-hydra/build.py", line 502, in BuildAndInstall
[2024-01-23T14:00:06.640Z]         RunCMake(context, extraArgs, stagesArgs)
[2024-01-23T14:00:06.640Z]       File "/home/S/jenkins/workspace/ECP/ecg-maya-hydra/ecg-maya-hydra-branch-preflight-python3-linux/ecg-maya-hydra/maya-hydra/build.py", line 305, in RunCMake
[2024-01-23T14:00:06.640Z]         Run(context,
[2024-01-23T14:00:06.640Z]       File "/home/S/jenkins/workspace/ECP/ecg-maya-hydra/ecg-maya-hydra-branch-preflight-python3-linux/ecg-maya-hydra/maya-hydra/build.py", line 197, in Run
[2024-01-23T14:00:06.640Z]         raise RuntimeError("Failed to run '{cmd}'\nSee {log} for more details."
[2024-01-23T14:00:06.640Z]     RuntimeError: Failed to run 'cmake -DCMAKE_INSTALL_PREFIX="/local/S/jenkins/workspace/ECP/ecg-maya-hydra/ecg-maya-hydra-branch-preflight-python3-linux/install/Debug/MayaHydra" -DCMAKE_BUILD_TYPE=Debug -DCMAKE_EXPORT_COMPILE_COMMANDS=ON -G "Ninja" -DMAYA_LOCATION="/local/S/jenkins/workspace/shared/Artifactory/Linux/rundev-master-debug/202401221311/runtime/c6c148d/runTime" -DPXR_USD_LOCATION="/local/S/jenkins/workspace/shared/Artifactory/Linux/USD/d4ae0c1" -DMAYA_DEVKIT_LOCATION="/local/S/jenkins/workspace/shared/Artifactory/Linux/rundev-master-debug/202401221311/runtime/c6c148d/devkitBase" -DCMAKE_MAKE_PROGRAM=/local/S/jenkins/workspace/shared/Artifactory/Linux/ninja/1.10.2/9ab399b/ninja -DPYTHON_INCLUDE_DIR=/local/S/jenkins/workspace/shared/Artifactory/Linux/rundev-master-debug/202401221311/runtime/c6c148d/runTime/include/Python311/Python -DPython_EXECUTABLE=/local/S/jenkins/workspace/shared/Artifactory/Linux/rundev-master-debug/202401221311/runtime/c6c148d/runTime/bin/mayapy -DPYTHON_LIBRARIES=/local/S/jenkins/workspace/shared/Artifactory/Linux/rundev-master-debug/202401221311/runtime/c6c148d/runTime/lib/libpython3.11d.so.1.0 -DBUILD_WITH_PYTHON_3_VERSION=3.11 -DCMAKE_WANT_MATERIALX_BUILD=ON -DCMAKE_PREFIX_PATH=/local/S/jenkins/workspace/shared/Artifactory/Linux/USD/d4ae0c1 -DMAYAHYDRA_BUILD_NUMBER=475 -DMAYAHYDRA_GIT_COMMIT=213589ae407a1c3a6962bb830b3f884de1b4e226 -DMAYAHYDRA_GIT_BRANCH=master -DMAYAUSD_LOCATION=/local/S/jenkins/workspace/shared/Artifactory/Linux/mayausd-cotd-debug/202401170904/runtime/733a5f2/mayausd/MayaUSD "/home/S/jenkins/workspace/ECP/ecg-maya-hydra/ecg-maya-hydra-branch-preflight-python3-linux/ecg-maya-hydra/maya-hydra"'
[2024-01-23T14:00:06.640Z]     See /local/S/jenkins/workspace/ECP/ecg-maya-hydra/ecg-maya-hydra-branch-preflight-python3-linux/build/Debug/build_log.txt for more details.
[2024-01-23T14:00:06.640Z] build.py: error: Command failed with error code: 1
[Pipeline] }
[Pipeline] // withEnv
[Pipeline] }
[Pipeline] // timeout
[Pipeline] }
[Pipeline] // stage
[Pipeline] }
[Pipeline] // timestamps
[Pipeline] emailextrecipients
Not sending mail to user ecg.jenkins@autodesk.com with no permission to view ECP » ecg-maya-hydra » Maya Hydra [Python 3, Interactive] - Branch - Preflight (Linux) [RHEL8] #475Not sending mail to user ecg.jenkins@autodesk.com with no permission to view ECP » ecg-maya-hydra » Maya Hydra [Python 3, Interactive] - Branch - Preflight (Linux) [RHEL8] #475[Pipeline] echo
No recipients to send notification.
[Pipeline] }
[Pipeline] // node
[Pipeline] End of Pipeline
ERROR: script returned exit code 1
[Checks API] No suitable checks publisher found.
Finished: FAILURE
