[2024-02-06T14:40:39.597Z] ================================================================================
[2024-02-06T14:40:39.597Z]                                  setup (Debug)
[2024-02-06T14:40:39.597Z] ================================================================================
[Pipeline] sh
[2024-02-06T14:40:40.846Z] + python ecg-maya-hydra/build.py --stages=setup --workspace-dir=/local/S/jenkins/workspace/ECP/ecg-maya-hydra/ecg-maya-hydra-branch-preflight-python3-osx --artifactory-dir=/local/S/jenkins/workspace/shared/Artifactory --build-dir=/local/S/jenkins/workspace/ECP/ecg-maya-hydra/ecg-maya-hydra-branch-preflight-python3-osx/build --install-dir=/local/S/jenkins/workspace/ECP/ecg-maya-hydra/ecg-maya-hydra-branch-preflight-python3-osx/install --signing-dir=/local/S/jenkins/workspace/ECP/ecg-maya-hydra/ecg-maya-hydra-branch-preflight-python3-osx/signing --package-dir=/local/S/jenkins/workspace/ECP/ecg-maya-hydra/ecg-maya-hydra-branch-preflight-python3-osx/package --output-dir=/local/S/jenkins/workspace/ECP/ecg-maya-hydra/ecg-maya-hydra-branch-preflight-python3-osx/output --stash-dir=/local/S/jenkins/workspace/ECP/ecg-maya-hydra/ecg-maya-hydra-branch-preflight-python3-osx/stash --jenkins-build=552 --git-commit=9234b8cc91b4c69453ced9056bc0fcd2b1d25111 --git-branch=master --variants=RelWithDebInfo --interactive-tests=true --post-zips=false --osx-binary-architecture-target=ub2 --osx-deployment-target=11.0 --osx-base-sdk=CurrentActiveSDK --extra-license-file=ecg-maya-hydra/jenkins-o03-cot/melicense.lic --prune-versions=3 --prune-revisions=3 --maya-cut-config=maya-rundev-master.yaml --maya-package=rundev-master --stage-banner --prune-artifacts --force-pruning
[2024-02-06T14:40:40.846Z] config_file /Volumes/DATA/local/S/jenkins/workspace/ECP/ecg-maya-hydra/ecg-maya-hydra-branch-preflight-python3-osx/ecg-maya-hydra/maya-rundev-master.yaml
[2024-02-06T14:40:40.846Z] Getting rundev-master download URL from Maya SHA-1 hash
[2024-02-06T14:40:40.846Z] Finding Artifactory servers response times
[2024-02-06T14:40:44.105Z] [VERBOSE] Start loading URL (CURL): https://art-bobcat.autodesk.com/artifactory/api/search/checksum?repos=team-maya-generic,oss-stg-generic,team-mayausd-post-generic,autodesk-3p-generic,adsk-build-tools-generic,team-ecg-generic&sha1=06b4068e3e169d81601b59c061eda5f032c0a005
[2024-02-06T14:40:44.105Z] [DEBUG] Running: /usr/bin/curl -s -X GET --keepalive-time 10 --connect-timeout 60 --speed-limit 10000 --speed-time 120 --max-time 3600 --retry 5 --retry-max-time 2400 -H Connection:close -H Authorization:Basic ZWNnYmlmcm9zdDpvcGUqKjAw https://art-bobcat.autodesk.com/artifactory/api/search/checksum?repos=team-maya-generic,oss-stg-generic,team-mayausd-post-generic,autodesk-3p-generic,adsk-build-tools-generic,team-ecg-generic&sha1=06b4068e3e169d81601b59c061eda5f032c0a005
[2024-02-06T14:40:44.105Z] [DEBUG] Output:
[2024-02-06T14:40:44.105Z] {
[2024-02-06T14:40:44.105Z]   "results" : [ {
[2024-02-06T14:40:44.105Z]     "uri" : "https://art-bobcat.autodesk.com:443/artifactory/api/storage/team-maya-generic/Maya/master/pmac/2024-02-05-12-27_c3d1f9c8bf/202402051227-c3d1f9c8bf-RUNDEV.dmg"
[2024-02-06T14:40:44.105Z]   } ]
[2024-02-06T14:40:44.105Z] }
[2024-02-06T14:40:44.105Z] [VERBOSE] End loading URL (CURL): https://art-bobcat.autodesk.com/artifactory/api/search/checksum?repos=team-maya-generic,oss-stg-generic,team-mayausd-post-generic,autodesk-3p-generic,adsk-build-tools-generic,team-ecg-generic&sha1=06b4068e3e169d81601b59c061eda5f032c0a005
[2024-02-06T14:40:44.105Z] [VERBOSE] Start loading URL (CURL): https://art-bobcat.autodesk.com:443/artifactory/api/storage/team-maya-generic/Maya/master/pmac/2024-02-05-12-27_c3d1f9c8bf/202402051227-c3d1f9c8bf-RUNDEV.dmg
[2024-02-06T14:40:44.105Z] [DEBUG] Running: /usr/bin/curl -s -X GET --keepalive-time 10 --connect-timeout 60 --speed-limit 10000 --speed-time 120 --max-time 3600 --retry 5 --retry-max-time 2400 -H Connection:close -H Authorization:Basic ZWNnYmlmcm9zdDpvcGUqKjAw https://art-bobcat.autodesk.com:443/artifactory/api/storage/team-maya-generic/Maya/master/pmac/2024-02-05-12-27_c3d1f9c8bf/202402051227-c3d1f9c8bf-RUNDEV.dmg
[2024-02-06T14:40:44.105Z] [DEBUG] Output:
[2024-02-06T14:40:44.105Z] {
[2024-02-06T14:40:44.105Z]   "repo" : "team-maya-generic",
[2024-02-06T14:40:44.105Z]   "path" : "/Maya/master/pmac/2024-02-05-12-27_c3d1f9c8bf/202402051227-c3d1f9c8bf-RUNDEV.dmg",
[2024-02-06T14:40:44.105Z]   "created" : "2024-02-05T13:43:56.333-08:00",
[2024-02-06T14:40:44.105Z]   "createdBy" : "svc_aad_p_mescm",
[2024-02-06T14:40:44.105Z]   "lastModified" : "2024-02-05T13:39:09.563-08:00",
[2024-02-06T14:40:44.105Z]   "modifiedBy" : "svc_aad_p_mescm",
[2024-02-06T14:40:44.105Z]   "lastUpdated" : "2024-02-05T13:43:56.334-08:00",
[2024-02-06T14:40:44.105Z]   "downloadUri" : "https://art-bobcat.autodesk.com:443/artifactory/team-maya-generic/Maya/master/pmac/2024-02-05-12-27_c3d1f9c8bf/202402051227-c3d1f9c8bf-RUNDEV.dmg",
[2024-02-06T14:40:44.105Z]   "mimeType" : "application/octet-stream",
[2024-02-06T14:40:44.105Z]   "size" : "2883392726",
[2024-02-06T14:40:44.105Z]   "checksums" : {
[2024-02-06T14:40:44.105Z]     "sha1" : "06b4068e3e169d81601b59c061eda5f032c0a005",
[2024-02-06T14:40:44.105Z]     "md5" : "68c207efa08e9f0550e35b0313b4313c",
[2024-02-06T14:40:44.105Z]     "sha256" : "034ca054b057d1874e17ba7faceff6cd32877bb27d5d9dff4b961a9f6b67ff63"
[2024-02-06T14:40:44.105Z]   },
[2024-02-06T14:40:44.105Z]   "originalChecksums" : {
[2024-02-06T14:40:44.105Z]     "sha1" : "06b4068e3e169d81601b59c061eda5f032c0a005",
[2024-02-06T14:40:44.105Z]     "md5" : "68c207efa08e9f0550e35b0313b4313c",
[2024-02-06T14:40:44.105Z]     "sha256" : "034ca054b057d1874e17ba7faceff6cd32877bb27d5d9dff4b961a9f6b67ff63"
[2024-02-06T14:40:44.105Z]   },
[2024-02-06T14:40:44.105Z]   "uri" : "https://art-bobcat.autodesk.com:443/artifactory/api/storage/team-maya-generic/Maya/master/pmac/2024-02-05-12-27_c3d1f9c8bf/202402051227-c3d1f9c8bf-RUNDEV.dmg"
[2024-02-06T14:40:44.105Z] }
[2024-02-06T14:40:44.105Z] [VERBOSE] End loading URL (CURL): https://art-bobcat.autodesk.com:443/artifactory/api/storage/team-maya-generic/Maya/master/pmac/2024-02-05-12-27_c3d1f9c8bf/202402051227-c3d1f9c8bf-RUNDEV.dmg
[2024-02-06T14:40:44.105Z] Using Maya cut from /local/S/jenkins/workspace/shared/Artifactory/OSX/rundev-master/202402051227/runtime/06b4068/runTime
[2024-02-06T14:40:44.105Z] Using Maya ADSK Signatures from /local/S/jenkins/workspace/shared/Artifactory/OSX/adsk-plugin-signatures-maya/2023/3ae1ae7
[2024-02-06T14:40:44.105Z] Using Maya Security Library from /local/S/jenkins/workspace/shared/Artifactory/OSX/maya-security-library/3.4.0/5e08f3e
[2024-02-06T14:40:44.105Z] 
[2024-02-06T14:40:44.105Z] ================================================================================
[2024-02-06T14:40:44.105Z]                              setup (RelWithDebInfo)
[2024-02-06T14:40:44.105Z] ================================================================================
[Pipeline] }
[Pipeline] // withEnv
[Pipeline] }
[Pipeline] // timeout
[Pipeline] }
[Pipeline] // stage
[Pipeline] }
[Pipeline] // timestamps
[Pipeline] timestamps
[Pipeline] {
[Pipeline] stage
[Pipeline] { (Clean)
[Pipeline] timeout
[2024-02-06T14:40:44.443Z] Timeout set to expire in 6 hr 0 min
[Pipeline] {
[Pipeline] withEnv
[Pipeline] {
[Pipeline] sh
[2024-02-06T14:40:45.695Z] + python ecg-maya-hydra/build.py --stages=clean --workspace-dir=/local/S/jenkins/workspace/ECP/ecg-maya-hydra/ecg-maya-hydra-branch-preflight-python3-osx --artifactory-dir=/local/S/jenkins/workspace/shared/Artifactory --build-dir=/local/S/jenkins/workspace/ECP/ecg-maya-hydra/ecg-maya-hydra-branch-preflight-python3-osx/build --install-dir=/local/S/jenkins/workspace/ECP/ecg-maya-hydra/ecg-maya-hydra-branch-preflight-python3-osx/install --signing-dir=/local/S/jenkins/workspace/ECP/ecg-maya-hydra/ecg-maya-hydra-branch-preflight-python3-osx/signing --package-dir=/local/S/jenkins/workspace/ECP/ecg-maya-hydra/ecg-maya-hydra-branch-preflight-python3-osx/package --output-dir=/local/S/jenkins/workspace/ECP/ecg-maya-hydra/ecg-maya-hydra-branch-preflight-python3-osx/output --stash-dir=/local/S/jenkins/workspace/ECP/ecg-maya-hydra/ecg-maya-hydra-branch-preflight-python3-osx/stash --jenkins-build=552 --git-commit=9234b8cc91b4c69453ced9056bc0fcd2b1d25111 --git-branch=master --variants=Debug --interactive-tests=true --post-zips=false --osx-binary-architecture-target=ub2 --osx-deployment-target=11.0 --osx-base-sdk=CurrentActiveSDK --maya-cut-config=maya-rundev-master-debug.yaml --maya-package=rundev-master-debug --stage-banner
[2024-02-06T14:40:45.695Z] config_file /Volumes/DATA/local/S/jenkins/workspace/ECP/ecg-maya-hydra/ecg-maya-hydra-branch-preflight-python3-osx/ecg-maya-hydra/maya-rundev-master-debug.yaml
[2024-02-06T14:40:45.695Z] Using Maya cut from /local/S/jenkins/workspace/shared/Artifactory/OSX/rundev-master-debug/202402020718/runtime/7d1b151/runTime
[2024-02-06T14:40:45.695Z] Using Maya ADSK Signatures from /local/S/jenkins/workspace/shared/Artifactory/OSX/adsk-plugin-signatures-maya/2023/3ae1ae7
[2024-02-06T14:40:45.696Z] Using Maya Security Library from /local/S/jenkins/workspace/shared/Artifactory/OSX/maya-security-library/3.4.0/5e08f3e
[2024-02-06T14:40:45.696Z] 
[2024-02-06T14:40:45.696Z] ================================================================================
[2024-02-06T14:40:45.696Z]                                  clean (Debug)
[2024-02-06T14:40:45.696Z] ================================================================================
[2024-02-06T14:40:45.696Z] Maya Python Debug Info:
[2024-02-06T14:40:45.696Z]   mayapy executable   = /local/S/jenkins/workspace/shared/Artifactory/OSX/rundev-master-debug/202402020718/runtime/7d1b151/runTime/Maya.app/Contents/bin/mayapy
[2024-02-06T14:40:45.696Z]   Include Folder      = /local/S/jenkins/workspace/shared/Artifactory/OSX/rundev-master-debug/202402020718/runtime/7d1b151/runTime/Maya.app/Contents/Frameworks/Python.framework/Versions/Current/include/python3.11
[2024-02-06T14:40:45.696Z]   Library             = /local/S/jenkins/workspace/shared/Artifactory/OSX/rundev-master-debug/202402020718/runtime/7d1b151/runTime/Maya.app/Contents/Frameworks/Python.framework/Versions/Current/lib/libpython3.11.dylib
[2024-02-06T14:40:45.696Z]   site-package Folder = /local/S/jenkins/workspace/shared/Artifactory/OSX/rundev-master-debug/202402020718/runtime/7d1b151/runTime/Maya.app/Contents/Frameworks/Python.framework/Versions/Current/lib/python3.11/site-packages
[2024-02-06T14:40:45.696Z] In workdir: /Volumes/DATA/local/S/jenkins/workspace/ECP/ecg-maya-hydra/ecg-maya-hydra-branch-preflight-python3-osx/ecg-maya-hydra/maya-hydra
[2024-02-06T14:40:45.696Z] Executing: arch -arch arm64 /local/S/jenkins/workspace/shared/Artifactory/OSX/rundev-master-debug/202402020718/runtime/7d1b151/runTime/Maya.app/Contents/bin/mayapy /Volumes/DATA/local/S/jenkins/workspace/ECP/ecg-maya-hydra/ecg-maya-hydra-branch-preflight-python3-osx/ecg-maya-hydra/maya-hydra/build.py --generator Ninja --build-debug --maya-location /local/S/jenkins/workspace/shared/Artifactory/OSX/rundev-master-debug/202402020718/runtime/7d1b151/runTime --devkit-location /local/S/jenkins/workspace/shared/Artifactory/OSX/rundev-master-debug/202402020718/runtime/7d1b151/devkitBase --pxrusd-location /local/S/jenkins/workspace/shared/Artifactory/OSX/USD/ca7f6ed --build-args=-DCMAKE_MAKE_PROGRAM=/local/S/jenkins/workspace/shared/Artifactory/OSX/ninja/1.10.2/95d0ca5/ninja,-DPYTHON_INCLUDE_DIR=/local/S/jenkins/workspace/shared/Artifactory/OSX/rundev-master-debug/202402020718/runtime/7d1b151/runTime/Maya.app/Contents/Frameworks/Python.framework/Versions/Current/include/python3.11,-DPython_EXECUTABLE=/local/S/jenkins/workspace/shared/Artifactory/OSX/rundev-master-debug/202402020718/runtime/7d1b151/runTime/Maya.app/Contents/bin/mayapy,-DPYTHON_LIBRARIES=/local/S/jenkins/workspace/shared/Artifactory/OSX/rundev-master-debug/202402020718/runtime/7d1b151/runTime/Maya.app/Contents/Frameworks/Python.framework/Versions/Current/lib/libpython3.11.dylib,-DBUILD_WITH_PYTHON_3_VERSION=3.11,-DBUILD_UB2=ON,-DCMAKE_WANT_MATERIALX_BUILD=ON,-DCMAKE_PREFIX_PATH=/local/S/jenkins/workspace/shared/Artifactory/OSX/USD/ca7f6ed,-DMAYAHYDRA_BUILD_NUMBER=552,-DMAYAHYDRA_GIT_COMMIT=9234b8cc91b4c69453ced9056bc0fcd2b1d25111,-DMAYAHYDRA_GIT_BRANCH=master,-DMAYAUSD_LOCATION=/local/S/jenkins/workspace/shared/Artifactory/OSX/mayausd-cotd-debug/202401312329/runtime/e642f63/mayausd/MayaUSD '--ctest-args=--parallel 8' --stages=clean --redirect-outstream-file=False --install-location /local/S/jenkins/workspace/ECP/ecg-maya-hydra/ecg-maya-hydra-branch-preflight-python3-osx/install/Debug/MayaHydra /local/S/jenkins/workspace/ECP/ecg-maya-hydra/ecg-maya-hydra-branch-preflight-python3-osx
[2024-02-06T14:40:45.696Z] Modified environment variables:
[2024-02-06T14:40:45.696Z]     PATH=/local/S/jenkins/workspace/shared/Artifactory/OSX/cmake/3.20.3/2594509/bin:/opt/homebrew/bin:/usr/local/bin:/bin:/usr/sbin:/sbin:/usr/bin:/usr/bin:/bin:/usr/sbin:/sbin
[2024-02-06T14:40:45.696Z]     
[2024-02-06T14:40:45.696Z]         Building with settings:
[2024-02-06T14:40:45.696Z]           Source directory          /Volumes/DATA/local/S/jenkins/workspace/ECP/ecg-maya-hydra/ecg-maya-hydra-branch-preflight-python3-osx/ecg-maya-hydra/maya-hydra
[2024-02-06T14:40:45.696Z]           Workspace directory       /local/S/jenkins/workspace/ECP/ecg-maya-hydra/ecg-maya-hydra-branch-preflight-python3-osx
[2024-02-06T14:40:45.696Z]           Build directory           /local/S/jenkins/workspace/ECP/ecg-maya-hydra/ecg-maya-hydra-branch-preflight-python3-osx/build/Debug
[2024-02-06T14:40:45.696Z]           Install directory         /local/S/jenkins/workspace/ECP/ecg-maya-hydra/ecg-maya-hydra-branch-preflight-python3-osx/install/Debug/MayaHydra
[2024-02-06T14:40:45.696Z]           Variant                   Debug
[2024-02-06T14:40:45.696Z]           Python Debug              Off
[2024-02-06T14:40:45.696Z]           CMake generator           Ninja
[2024-02-06T14:40:45.696Z]           Build arguments           ['-DCMAKE_MAKE_PROGRAM=/local/S/jenkins/workspace/shared/Artifactory/OSX/ninja/1.10.2/95d0ca5/ninja', '-DPYTHON_INCLUDE_DIR=/local/S/jenkins/workspace/shared/Artifactory/OSX/rundev-master-debug/202402020718/runtime/7d1b151/runTime/Maya.app/Contents/Frameworks/Python.framework/Versions/Current/include/python3.11', '-DPython_EXECUTABLE=/local/S/jenkins/workspace/shared/Artifactory/OSX/rundev-master-debug/202402020718/runtime/7d1b151/runTime/Maya.app/Contents/bin/mayapy', '-DPYTHON_LIBRARIES=/local/S/jenkins/workspace/shared/Artifactory/OSX/rundev-master-debug/202402020718/runtime/7d1b151/runTime/Maya.app/Contents/Frameworks/Python.framework/Versions/Current/lib/libpython3.11.dylib', '-DBUILD_WITH_PYTHON_3_VERSION=3.11', '-DBUILD_UB2=ON', '-DCMAKE_WANT_MATERIALX_BUILD=ON', '-DCMAKE_PREFIX_PATH=/local/S/jenkins/workspace/shared/Artifactory/OSX/USD/ca7f6ed', '-DMAYAHYDRA_BUILD_NUMBER=552', '-DMAYAHYDRA_GIT_COMMIT=9234b8cc91b4c69453ced9056bc0fcd2b1d25111', '-DMAYAHYDRA_GIT_BRANCH=master', '-DMAYAUSD_LOCATION=/local/S/jenkins/workspace/shared/Artifactory/OSX/mayausd-cotd-debug/202401312329/runtime/e642f63/mayausd/MayaUSD']
[2024-02-06T14:40:45.696Z]           Stages arguments          ['clean']
[2024-02-06T14:40:45.696Z]           CTest arguments           ['--parallel 8']
[2024-02-06T14:40:45.696Z]     Success MayaHydra build and install !!!!
[2024-02-06T14:40:45.696Z]     Elapsed time: 00:00:00
[Pipeline] sh
[2024-02-06T14:40:47.182Z] + python ecg-maya-hydra/build.py --stages=clean --workspace-dir=/local/S/jenkins/workspace/ECP/ecg-maya-hydra/ecg-maya-hydra-branch-preflight-python3-osx --artifactory-dir=/local/S/jenkins/workspace/shared/Artifactory --build-dir=/local/S/jenkins/workspace/ECP/ecg-maya-hydra/ecg-maya-hydra-branch-preflight-python3-osx/build --install-dir=/local/S/jenkins/workspace/ECP/ecg-maya-hydra/ecg-maya-hydra-branch-preflight-python3-osx/install --signing-dir=/local/S/jenkins/workspace/ECP/ecg-maya-hydra/ecg-maya-hydra-branch-preflight-python3-osx/signing --package-dir=/local/S/jenkins/workspace/ECP/ecg-maya-hydra/ecg-maya-hydra-branch-preflight-python3-osx/package --output-dir=/local/S/jenkins/workspace/ECP/ecg-maya-hydra/ecg-maya-hydra-branch-preflight-python3-osx/output --stash-dir=/local/S/jenkins/workspace/ECP/ecg-maya-hydra/ecg-maya-hydra-branch-preflight-python3-osx/stash --jenkins-build=552 --git-commit=9234b8cc91b4c69453ced9056bc0fcd2b1d25111 --git-branch=master --variants=RelWithDebInfo --interactive-tests=true --post-zips=false --osx-binary-architecture-target=ub2 --osx-deployment-target=11.0 --osx-base-sdk=CurrentActiveSDK --maya-cut-config=maya-rundev-master.yaml --maya-package=rundev-master --stage-banner
[2024-02-06T14:40:47.182Z] config_file /Volumes/DATA/local/S/jenkins/workspace/ECP/ecg-maya-hydra/ecg-maya-hydra-branch-preflight-python3-osx/ecg-maya-hydra/maya-rundev-master.yaml
[2024-02-06T14:40:47.182Z] Using Maya cut from /local/S/jenkins/workspace/shared/Artifactory/OSX/rundev-master/202402051227/runtime/06b4068/runTime
[2024-02-06T14:40:47.182Z] Using Maya ADSK Signatures from /local/S/jenkins/workspace/shared/Artifactory/OSX/adsk-plugin-signatures-maya/2023/3ae1ae7
[2024-02-06T14:40:47.182Z] Using Maya Security Library from /local/S/jenkins/workspace/shared/Artifactory/OSX/maya-security-library/3.4.0/5e08f3e
[2024-02-06T14:40:47.182Z] 
[2024-02-06T14:40:47.182Z] ================================================================================
[2024-02-06T14:40:47.182Z]                              clean (RelWithDebInfo)
[2024-02-06T14:40:47.182Z] ================================================================================
[2024-02-06T14:40:47.182Z] Maya Python RelWithDebInfo Info:
[2024-02-06T14:40:47.182Z]   mayapy executable   = /local/S/jenkins/workspace/shared/Artifactory/OSX/rundev-master/202402051227/runtime/06b4068/runTime/Maya.app/Contents/bin/mayapy
[2024-02-06T14:40:47.182Z]   Include Folder      = /local/S/jenkins/workspace/shared/Artifactory/OSX/rundev-master/202402051227/runtime/06b4068/runTime/Maya.app/Contents/Frameworks/Python.framework/Versions/Current/include/python3.11
[2024-02-06T14:40:47.182Z]   Library             = /local/S/jenkins/workspace/shared/Artifactory/OSX/rundev-master/202402051227/runtime/06b4068/runTime/Maya.app/Contents/Frameworks/Python.framework/Versions/Current/lib/libpython3.11.dylib
[2024-02-06T14:40:47.182Z]   site-package Folder = /local/S/jenkins/workspace/shared/Artifactory/OSX/rundev-master/202402051227/runtime/06b4068/runTime/Maya.app/Contents/Frameworks/Python.framework/Versions/Current/lib/python3.11/site-packages
[2024-02-06T14:40:47.182Z] In workdir: /Volumes/DATA/local/S/jenkins/workspace/ECP/ecg-maya-hydra/ecg-maya-hydra-branch-preflight-python3-osx/ecg-maya-hydra/maya-hydra
[2024-02-06T14:40:47.182Z] Executing: arch -arch arm64 /local/S/jenkins/workspace/shared/Artifactory/OSX/rundev-master/202402051227/runtime/06b4068/runTime/Maya.app/Contents/bin/mayapy /Volumes/DATA/local/S/jenkins/workspace/ECP/ecg-maya-hydra/ecg-maya-hydra-branch-preflight-python3-osx/ecg-maya-hydra/maya-hydra/build.py --generator Ninja --build-relwithdebug --maya-location /local/S/jenkins/workspace/shared/Artifactory/OSX/rundev-master/202402051227/runtime/06b4068/runTime --devkit-location /local/S/jenkins/workspace/shared/Artifactory/OSX/rundev-master/202402051227/runtime/06b4068/devkitBase --pxrusd-location /local/S/jenkins/workspace/shared/Artifactory/OSX/USD/8270819 --build-args=-DCMAKE_MAKE_PROGRAM=/local/S/jenkins/workspace/shared/Artifactory/OSX/ninja/1.10.2/95d0ca5/ninja,-DPYTHON_INCLUDE_DIR=/local/S/jenkins/workspace/shared/Artifactory/OSX/rundev-master/202402051227/runtime/06b4068/runTime/Maya.app/Contents/Frameworks/Python.framework/Versions/Current/include/python3.11,-DPython_EXECUTABLE=/local/S/jenkins/workspace/shared/Artifactory/OSX/rundev-master/202402051227/runtime/06b4068/runTime/Maya.app/Contents/bin/mayapy,-DPYTHON_LIBRARIES=/local/S/jenkins/workspace/shared/Artifactory/OSX/rundev-master/202402051227/runtime/06b4068/runTime/Maya.app/Contents/Frameworks/Python.framework/Versions/Current/lib/libpython3.11.dylib,-DBUILD_WITH_PYTHON_3_VERSION=3.11,-DBUILD_UB2=ON,-DCMAKE_WANT_MATERIALX_BUILD=ON,-DCMAKE_PREFIX_PATH=/local/S/jenkins/workspace/shared/Artifactory/OSX/USD/8270819,-DMAYAHYDRA_BUILD_NUMBER=552,-DMAYAHYDRA_GIT_COMMIT=9234b8cc91b4c69453ced9056bc0fcd2b1d25111,-DMAYAHYDRA_GIT_BRANCH=master,-DMAYAUSD_LOCATION=/local/S/jenkins/workspace/shared/Artifactory/OSX/mayausd-cotd/202401312329/runtime/a401aa9/mayausd/MayaUSD '--ctest-args=--parallel 8' --stages=clean --redirect-outstream-file=False --install-location /local/S/jenkins/workspace/ECP/ecg-maya-hydra/ecg-maya-hydra-branch-preflight-python3-osx/install/RelWithDebInfo/MayaHydra /local/S/jenkins/workspace/ECP/ecg-maya-hydra/ecg-maya-hydra-branch-preflight-python3-osx
[2024-02-06T14:40:47.182Z] Modified environment variables:
[2024-02-06T14:40:47.182Z]     PATH=/local/S/jenkins/workspace/shared/Artifactory/OSX/cmake/3.20.3/2594509/bin:/opt/homebrew/bin:/usr/local/bin:/bin:/usr/sbin:/sbin:/usr/bin:/usr/bin:/bin:/usr/sbin:/sbin
[2024-02-06T14:40:47.390Z]     
[2024-02-06T14:40:47.390Z]         Building with settings:
[2024-02-06T14:40:47.390Z]           Source directory          /Volumes/DATA/local/S/jenkins/workspace/ECP/ecg-maya-hydra/ecg-maya-hydra-branch-preflight-python3-osx/ecg-maya-hydra/maya-hydra
[2024-02-06T14:40:47.390Z]           Workspace directory       /local/S/jenkins/workspace/ECP/ecg-maya-hydra/ecg-maya-hydra-branch-preflight-python3-osx
[2024-02-06T14:40:47.390Z]           Build directory           /local/S/jenkins/workspace/ECP/ecg-maya-hydra/ecg-maya-hydra-branch-preflight-python3-osx/build/RelWithDebInfo
[2024-02-06T14:40:47.390Z]           Install directory         /local/S/jenkins/workspace/ECP/ecg-maya-hydra/ecg-maya-hydra-branch-preflight-python3-osx/install/RelWithDebInfo/MayaHydra
[2024-02-06T14:40:47.390Z]           Variant                   RelWithDebInfo
[2024-02-06T14:40:47.390Z]           Python Debug              Off
[2024-02-06T14:40:47.390Z]           CMake generator           Ninja
[2024-02-06T14:40:47.390Z]           Build arguments           ['-DCMAKE_MAKE_PROGRAM=/local/S/jenkins/workspace/shared/Artifactory/OSX/ninja/1.10.2/95d0ca5/ninja', '-DPYTHON_INCLUDE_DIR=/local/S/jenkins/workspace/shared/Artifactory/OSX/rundev-master/202402051227/runtime/06b4068/runTime/Maya.app/Contents/Frameworks/Python.framework/Versions/Current/include/python3.11', '-DPython_EXECUTABLE=/local/S/jenkins/workspace/shared/Artifactory/OSX/rundev-master/202402051227/runtime/06b4068/runTime/Maya.app/Contents/bin/mayapy', '-DPYTHON_LIBRARIES=/local/S/jenkins/workspace/shared/Artifactory/OSX/rundev-master/202402051227/runtime/06b4068/runTime/Maya.app/Contents/Frameworks/Python.framework/Versions/Current/lib/libpython3.11.dylib', '-DBUILD_WITH_PYTHON_3_VERSION=3.11', '-DBUILD_UB2=ON', '-DCMAKE_WANT_MATERIALX_BUILD=ON', '-DCMAKE_PREFIX_PATH=/local/S/jenkins/workspace/shared/Artifactory/OSX/USD/8270819', '-DMAYAHYDRA_BUILD_NUMBER=552', '-DMAYAHYDRA_GIT_COMMIT=9234b8cc91b4c69453ced9056bc0fcd2b1d25111', '-DMAYAHYDRA_GIT_BRANCH=master', '-DMAYAUSD_LOCATION=/local/S/jenkins/workspace/shared/Artifactory/OSX/mayausd-cotd/202401312329/runtime/a401aa9/mayausd/MayaUSD']
[2024-02-06T14:40:47.390Z]           Stages arguments          ['clean']
[2024-02-06T14:40:47.390Z]           CTest arguments           ['--parallel 8']
[2024-02-06T14:40:47.390Z]     Success MayaHydra build and install !!!!
[2024-02-06T14:40:47.390Z]     Elapsed time: 00:00:00
[Pipeline] }
[Pipeline] // withEnv
[Pipeline] }
[Pipeline] // timeout
[Pipeline] }
[Pipeline] // stage
[Pipeline] }
[Pipeline] // timestamps
[Pipeline] timestamps
[Pipeline] {
[Pipeline] stage
[Pipeline] { (Configure)
[Pipeline] timeout
[2024-02-06T14:40:47.532Z] Timeout set to expire in 6 hr 0 min
[Pipeline] {
[Pipeline] withEnv
[Pipeline] {
[Pipeline] sh
[2024-02-06T14:40:48.685Z] + python ecg-maya-hydra/build.py --stages=configure --workspace-dir=/local/S/jenkins/workspace/ECP/ecg-maya-hydra/ecg-maya-hydra-branch-preflight-python3-osx --artifactory-dir=/local/S/jenkins/workspace/shared/Artifactory --build-dir=/local/S/jenkins/workspace/ECP/ecg-maya-hydra/ecg-maya-hydra-branch-preflight-python3-osx/build --install-dir=/local/S/jenkins/workspace/ECP/ecg-maya-hydra/ecg-maya-hydra-branch-preflight-python3-osx/install --signing-dir=/local/S/jenkins/workspace/ECP/ecg-maya-hydra/ecg-maya-hydra-branch-preflight-python3-osx/signing --package-dir=/local/S/jenkins/workspace/ECP/ecg-maya-hydra/ecg-maya-hydra-branch-preflight-python3-osx/package --output-dir=/local/S/jenkins/workspace/ECP/ecg-maya-hydra/ecg-maya-hydra-branch-preflight-python3-osx/output --stash-dir=/local/S/jenkins/workspace/ECP/ecg-maya-hydra/ecg-maya-hydra-branch-preflight-python3-osx/stash --jenkins-build=552 --git-commit=9234b8cc91b4c69453ced9056bc0fcd2b1d25111 --git-branch=master --variants=Debug --interactive-tests=true --post-zips=false --osx-binary-architecture-target=ub2 --osx-deployment-target=11.0 --osx-base-sdk=CurrentActiveSDK --maya-cut-config=maya-rundev-master-debug.yaml --maya-package=rundev-master-debug --stage-banner
[2024-02-06T14:40:48.685Z] config_file /Volumes/DATA/local/S/jenkins/workspace/ECP/ecg-maya-hydra/ecg-maya-hydra-branch-preflight-python3-osx/ecg-maya-hydra/maya-rundev-master-debug.yaml
[2024-02-06T14:40:48.685Z] Using Maya cut from /local/S/jenkins/workspace/shared/Artifactory/OSX/rundev-master-debug/202402020718/runtime/7d1b151/runTime
[2024-02-06T14:40:48.685Z] Using Maya ADSK Signatures from /local/S/jenkins/workspace/shared/Artifactory/OSX/adsk-plugin-signatures-maya/2023/3ae1ae7
[2024-02-06T14:40:48.685Z] Using Maya Security Library from /local/S/jenkins/workspace/shared/Artifactory/OSX/maya-security-library/3.4.0/5e08f3e
[2024-02-06T14:40:48.685Z] 
[2024-02-06T14:40:48.685Z] ================================================================================
[2024-02-06T14:40:48.685Z]                                configure (Debug)
[2024-02-06T14:40:48.685Z] ================================================================================
[2024-02-06T14:40:48.685Z] Maya Python Debug Info:
[2024-02-06T14:40:48.685Z]   mayapy executable   = /local/S/jenkins/workspace/shared/Artifactory/OSX/rundev-master-debug/202402020718/runtime/7d1b151/runTime/Maya.app/Contents/bin/mayapy
[2024-02-06T14:40:48.685Z]   Include Folder      = /local/S/jenkins/workspace/shared/Artifactory/OSX/rundev-master-debug/202402020718/runtime/7d1b151/runTime/Maya.app/Contents/Frameworks/Python.framework/Versions/Current/include/python3.11
[2024-02-06T14:40:48.685Z]   Library             = /local/S/jenkins/workspace/shared/Artifactory/OSX/rundev-master-debug/202402020718/runtime/7d1b151/runTime/Maya.app/Contents/Frameworks/Python.framework/Versions/Current/lib/libpython3.11.dylib
[2024-02-06T14:40:48.685Z]   site-package Folder = /local/S/jenkins/workspace/shared/Artifactory/OSX/rundev-master-debug/202402020718/runtime/7d1b151/runTime/Maya.app/Contents/Frameworks/Python.framework/Versions/Current/lib/python3.11/site-packages
[2024-02-06T14:40:48.685Z] In workdir: /Volumes/DATA/local/S/jenkins/workspace/ECP/ecg-maya-hydra/ecg-maya-hydra-branch-preflight-python3-osx/ecg-maya-hydra/maya-hydra
[2024-02-06T14:40:48.685Z] Executing: arch -arch arm64 /local/S/jenkins/workspace/shared/Artifactory/OSX/rundev-master-debug/202402020718/runtime/7d1b151/runTime/Maya.app/Contents/bin/mayapy /Volumes/DATA/local/S/jenkins/workspace/ECP/ecg-maya-hydra/ecg-maya-hydra-branch-preflight-python3-osx/ecg-maya-hydra/maya-hydra/build.py --generator Ninja --build-debug --maya-location /local/S/jenkins/workspace/shared/Artifactory/OSX/rundev-master-debug/202402020718/runtime/7d1b151/runTime --devkit-location /local/S/jenkins/workspace/shared/Artifactory/OSX/rundev-master-debug/202402020718/runtime/7d1b151/devkitBase --pxrusd-location /local/S/jenkins/workspace/shared/Artifactory/OSX/USD/ca7f6ed --build-args=-DCMAKE_MAKE_PROGRAM=/local/S/jenkins/workspace/shared/Artifactory/OSX/ninja/1.10.2/95d0ca5/ninja,-DPYTHON_INCLUDE_DIR=/local/S/jenkins/workspace/shared/Artifactory/OSX/rundev-master-debug/202402020718/runtime/7d1b151/runTime/Maya.app/Contents/Frameworks/Python.framework/Versions/Current/include/python3.11,-DPython_EXECUTABLE=/local/S/jenkins/workspace/shared/Artifactory/OSX/rundev-master-debug/202402020718/runtime/7d1b151/runTime/Maya.app/Contents/bin/mayapy,-DPYTHON_LIBRARIES=/local/S/jenkins/workspace/shared/Artifactory/OSX/rundev-master-debug/202402020718/runtime/7d1b151/runTime/Maya.app/Contents/Frameworks/Python.framework/Versions/Current/lib/libpython3.11.dylib,-DBUILD_WITH_PYTHON_3_VERSION=3.11,-DBUILD_UB2=ON,-DCMAKE_WANT_MATERIALX_BUILD=ON,-DCMAKE_PREFIX_PATH=/local/S/jenkins/workspace/shared/Artifactory/OSX/USD/ca7f6ed,-DMAYAHYDRA_BUILD_NUMBER=552,-DMAYAHYDRA_GIT_COMMIT=9234b8cc91b4c69453ced9056bc0fcd2b1d25111,-DMAYAHYDRA_GIT_BRANCH=master,-DMAYAUSD_LOCATION=/local/S/jenkins/workspace/shared/Artifactory/OSX/mayausd-cotd-debug/202401312329/runtime/e642f63/mayausd/MayaUSD '--ctest-args=--parallel 8' --stages=configure --redirect-outstream-file=False --install-location /local/S/jenkins/workspace/ECP/ecg-maya-hydra/ecg-maya-hydra-branch-preflight-python3-osx/install/Debug/MayaHydra /local/S/jenkins/workspace/ECP/ecg-maya-hydra/ecg-maya-hydra-branch-preflight-python3-osx
[2024-02-06T14:40:48.685Z] Modified environment variables:
[2024-02-06T14:40:48.685Z]     PATH=/local/S/jenkins/workspace/shared/Artifactory/OSX/cmake/3.20.3/2594509/bin:/opt/homebrew/bin:/usr/local/bin:/bin:/usr/sbin:/sbin:/usr/bin:/usr/bin:/bin:/usr/sbin:/sbin
[2024-02-06T14:40:59.802Z]     -- The C compiler identification is AppleClang 13.1.6.13160021
[2024-02-06T14:40:59.802Z]     -- The CXX compiler identification is AppleClang 13.1.6.13160021
[2024-02-06T14:40:59.802Z]     -- Detecting C compiler ABI info
[2024-02-06T14:40:59.802Z]     -- Detecting C compiler ABI info - done
[2024-02-06T14:40:59.802Z]     -- Check for working C compiler: /Applications/Xcode.app/Contents/Developer/Toolchains/XcodeDefault.xctoolchain/usr/bin/cc - skipped
[2024-02-06T14:40:59.802Z]     -- Detecting C compile features
[2024-02-06T14:40:59.802Z]     -- Detecting C compile features - done
[2024-02-06T14:40:59.802Z]     -- Detecting CXX compiler ABI info
[2024-02-06T14:40:59.802Z]     -- Detecting CXX compiler ABI info - done
[2024-02-06T14:40:59.802Z]     -- Check for working CXX compiler: /Applications/Xcode.app/Contents/Developer/Toolchains/XcodeDefault.xctoolchain/usr/bin/c++ - skipped
[2024-02-06T14:40:59.802Z]     -- Detecting CXX compile features
[2024-02-06T14:40:59.802Z]     -- Detecting CXX compile features - done
[2024-02-06T14:40:59.802Z]     -- Building with Universal Binary 2
[2024-02-06T14:41:00.921Z]     -- Using Maya Light API Version 3
[2024-02-06T14:41:00.922Z]     -- Maya has setDefaultMaterialHandling API
[2024-02-06T14:41:00.922Z]     -- Maya has new point snapping API
[2024-02-06T14:41:00.922Z]     -- Maya has isInCrashHandler API
[2024-02-06T14:41:00.922Z]     -- Maya has getDisplayStyleOfAllViewports API
[2024-02-06T14:41:00.922Z]     -- Maya array iterator has difference_type trait
[2024-02-06T14:41:00.922Z]     -- MFnSet has getMemberPaths function
[2024-02-06T14:41:00.922Z]     -- MFnDisplayLayer exists
[2024-02-06T14:41:00.922Z]     -- MDisplayLayerMessage has MDisplayLayerMemberChangedFunction
[2024-02-06T14:41:00.922Z]     -- MRenderItem has HideOnPlayback API
[2024-02-06T14:41:00.922Z]     -- MacOSX: Maya was built with Universal Binary 2 (x86_64/arm64)
[2024-02-06T14:41:00.922Z]     -- Found Maya: /local/S/jenkins/workspace/shared/Artifactory/OSX/rundev-master-debug/202402020718/runtime/7d1b151/runTime/maya.app/Contents/MacOS/Maya (found suitable version "2026", minimum required is "2024")
[2024-02-06T14:41:00.922Z]     -- Found Python: /local/S/jenkins/workspace/shared/Artifactory/OSX/rundev-master-debug/202402020718/runtime/7d1b151/runTime/Maya.app/Contents/bin/mayapy (found suitable exact version "3.11.4") found components: Interpreter
[2024-02-06T14:41:00.922Z]     -- Build mayaHydra with Python3 = 3.11
[2024-02-06T14:41:00.922Z]     --    PYTHON_INCLUDE_DIRS = /local/S/jenkins/workspace/shared/Artifactory/OSX/rundev-master-debug/202402020718/runtime/7d1b151/runTime/Maya.app/Contents/Frameworks/Python.framework/Versions/Current/include/python3.11
[2024-02-06T14:41:00.922Z]     --    PYTHON_LIBRARIES    = /local/S/jenkins/workspace/shared/Artifactory/OSX/rundev-master-debug/202402020718/runtime/7d1b151/runTime/Maya.app/Contents/Frameworks/Python.framework/Versions/Current/lib/libpython3.11.dylib
[2024-02-06T14:41:00.922Z]     --    Python_EXECUTABLE   = /local/S/jenkins/workspace/shared/Artifactory/OSX/rundev-master-debug/202402020718/runtime/7d1b151/runTime/Maya.app/Contents/bin/mayapy
[2024-02-06T14:41:00.922Z]     -- Found Python3: /local/S/jenkins/workspace/shared/Artifactory/OSX/rundev-master-debug/202402020718/runtime/7d1b151/runTime/Maya.app/Contents/Frameworks/Python.framework/Versions/Current/include/python3.11 (found suitable exact version "3.11.4") found components: Development Development.Module Development.Embed
[2024-02-06T14:41:00.922Z]     -- USD has new Sdr.PropertyTypes.Color4
[2024-02-06T14:41:00.922Z]     -- USD has MaterialX metadata support
[2024-02-06T14:41:00.922Z]     -- USD include dir: /local/S/jenkins/workspace/shared/Artifactory/OSX/USD/ca7f6ed/include
[2024-02-06T14:41:00.922Z]     -- USD library dir: /local/S/jenkins/workspace/shared/Artifactory/OSX/USD/ca7f6ed/lib
[2024-02-06T14:41:00.922Z]     -- USD version: 0.23.11
[2024-02-06T14:41:00.922Z]     -- Found USD: /local/S/jenkins/workspace/shared/Artifactory/OSX/USD/ca7f6ed (found suitable version "0.23.11", minimum required is "0.22.11")
[2024-02-06T14:41:00.922Z]     Updated PYTHONPATH: /local/S/jenkins/workspace/shared/Artifactory/OSX/USD/ca7f6ed/lib/python
[2024-02-06T14:41:00.922Z]     -- Found UFE: /local/S/jenkins/workspace/shared/Artifactory/OSX/rundev-master-debug/202402020718/runtime/7d1b151/devkitBase/devkit/ufe/include (found version "5.0.0")
[2024-02-06T14:41:00.922Z]     -- UFE include dir: /local/S/jenkins/workspace/shared/Artifactory/OSX/rundev-master-debug/202402020718/runtime/7d1b151/devkitBase/devkit/ufe/include
[2024-02-06T14:41:00.922Z]     -- UFE library: /local/S/jenkins/workspace/shared/Artifactory/OSX/rundev-master-debug/202402020718/runtime/7d1b151/devkitBase/devkit/ufe/lib/libufe_5.dylib
[2024-02-06T14:41:00.922Z]     -- UFE version: 5.0.0
[2024-02-06T14:41:00.922Z]     -- Maya has UFE lights API
[2024-02-06T14:41:00.922Z]     -- Maya has UFE scene segment API
[2024-02-06T14:41:00.922Z]     -- Maya has UFE TrieNode childrenComponents accessor
[2024-02-06T14:41:00.922Z]     -- Building with UFE 5.0.0.
[2024-02-06T14:41:01.511Z]     -- Could NOT find MayaUsd (missing: MAYAUSD_MOD_PATH)
[2024-02-06T14:41:01.511Z]     -- MayaUsd not used to build.
[2024-02-06T14:41:01.511Z]     -- Found MaterialX
[2024-02-06T14:41:01.511Z]     -- Performing Test HAVE_STDATOMIC
[2024-02-06T14:41:01.511Z]     -- Performing Test HAVE_STDATOMIC - Success
[2024-02-06T14:41:01.511Z]     -- Found OpenGL: /Applications/Xcode.app/Contents/Developer/Platforms/MacOSX.platform/Developer/SDKs/MacOSX12.3.sdk/System/Library/Frameworks/OpenGL.framework
[2024-02-06T14:41:02.039Z]     -- Check if linker can resolve circular dependencies - TRUE
[2024-02-06T14:41:02.039Z]     -- Found Qt 6.5.3 in Maya devkit. Hydra Scene Browser will be built.
[2024-02-06T14:41:02.039Z]     -- **** Building Gulrak From Github Repository.
[2024-02-06T14:41:02.039Z]     -- Populating gulrak
[2024-02-06T14:41:02.039Z]     -- Configuring done
[2024-02-06T14:41:02.039Z]     -- Generating done
[2024-02-06T14:41:02.039Z]     -- Build files have been written to: /Volumes/DATA/local/S/jenkins/workspace/ECP/ecg-maya-hydra/ecg-maya-hydra-branch-preflight-python3-osx/build/Debug/_deps/gulrak-subbuild
[2024-02-06T14:41:02.039Z]     [1/9] Creating directories for 'gulrak-populate'
[2024-02-06T14:41:02.039Z]     [1/9] Performing download step (git clone) for 'gulrak-populate'
[2024-02-06T14:41:02.039Z]     Cloning into 'gulrak-src'...
[2024-02-06T14:41:02.039Z]     HEAD is now at 4e21ab3 Version bump and updated readme.
[2024-02-06T14:41:02.039Z]     [2/9] Performing update step for 'gulrak-populate'
[2024-02-06T14:41:02.571Z]     [4/9] No patch step for 'gulrak-populate'
[2024-02-06T14:41:02.571Z]     [5/9] No configure step for 'gulrak-populate'
[2024-02-06T14:41:02.571Z]     [6/9] No build step for 'gulrak-populate'
[2024-02-06T14:41:02.571Z]     [7/9] No install step for 'gulrak-populate'
[2024-02-06T14:41:02.571Z]     [8/9] No test step for 'gulrak-populate'
[2024-02-06T14:41:02.571Z]     [9/9] Completed 'gulrak-populate'
[2024-02-06T14:41:02.571Z]     -- ========== Installing GoogleTest... ==========
[2024-02-06T14:41:02.571Z]     -- Configuring done
[2024-02-06T14:41:02.571Z]     -- Generating done
[2024-02-06T14:41:02.571Z]     -- Build files have been written to: /Volumes/DATA/local/S/jenkins/workspace/ECP/ecg-maya-hydra/ecg-maya-hydra-branch-preflight-python3-osx/build/Debug/googletest-config
[2024-02-06T14:41:02.571Z]     [1/8] Creating directories for 'googletest'
[2024-02-06T14:41:04.323Z]     [2/8] Performing download step (git clone) for 'googletest'
[2024-02-06T14:41:04.324Z]     Cloning into 'googletest-src'...
[2024-02-06T14:41:04.324Z]     HEAD is now at 703bd9ca Googletest export
[2024-02-06T14:41:04.324Z]     [3/8] Performing update step for 'googletest'
[2024-02-06T14:41:04.324Z]     [4/8] No patch step for 'googletest'
[2024-02-06T14:41:04.852Z]     [5/8] Performing configure step for 'googletest'
[2024-02-06T14:41:04.853Z]     Not searching for unused variables given on the command line.
[2024-02-06T14:41:04.853Z]     CMake Deprecation Warning at CMakeLists.txt:4 (cmake_minimum_required):
[2024-02-06T14:41:04.853Z]       Compatibility with CMake < 2.8.12 will be removed from a future version of
[2024-02-06T14:41:04.853Z]       CMake.
[2024-02-06T14:41:04.853Z]     
[2024-02-06T14:41:04.853Z]       Update the VERSION argument <min> value or use a ...<max> suffix to tell
[2024-02-06T14:41:04.853Z]       CMake that the project does not need compatibility with older versions.
[2024-02-06T14:41:04.853Z]     
[2024-02-06T14:41:04.853Z]     
[2024-02-06T14:41:04.853Z]     -- The C compiler identification is AppleClang 13.1.6.13160021
[2024-02-06T14:41:04.853Z]     -- The CXX compiler identification is AppleClang 13.1.6.13160021
[2024-02-06T14:41:04.853Z]     -- Detecting C compiler ABI info
[2024-02-06T14:41:04.853Z]     -- Detecting C compiler ABI info - done
[2024-02-06T14:41:04.853Z]     -- Check for working C compiler: /Applications/Xcode.app/Contents/Developer/Toolchains/XcodeDefault.xctoolchain/usr/bin/cc - skipped
[2024-02-06T14:41:04.853Z]     -- Detecting C compile features
[2024-02-06T14:41:04.853Z]     -- Detecting C compile features - done
[2024-02-06T14:41:04.853Z]     -- Detecting CXX compiler ABI info
[2024-02-06T14:41:04.853Z]     -- Detecting CXX compiler ABI info - done
[2024-02-06T14:41:04.853Z]     -- Check for working CXX compiler: /Applications/Xcode.app/Contents/Developer/Toolchains/XcodeDefault.xctoolchain/usr/bin/c++ - skipped
[2024-02-06T14:41:04.853Z]     -- Detecting CXX compile features
[2024-02-06T14:41:04.853Z]     -- Detecting CXX compile features - done
[2024-02-06T14:41:04.853Z]     CMake Deprecation Warning at googletest/CMakeLists.txt:56 (cmake_minimum_required):
[2024-02-06T14:41:04.853Z]       Compatibility with CMake < 2.8.12 will be removed from a future version of
[2024-02-06T14:41:04.853Z]       CMake.
[2024-02-06T14:41:04.853Z]     
[2024-02-06T14:41:04.853Z]       Update the VERSION argument <min> value or use a ...<max> suffix to tell
[2024-02-06T14:41:04.853Z]       CMake that the project does not need compatibility with older versions.
[2024-02-06T14:41:04.853Z]     
[2024-02-06T14:41:04.853Z]     
[2024-02-06T14:41:04.853Z]     -- Found PythonInterp: /usr/local/bin/python (found version "3.10.6")
[2024-02-06T14:41:04.853Z]     -- Looking for pthread.h
[2024-02-06T14:41:04.853Z]     -- Looking for pthread.h - found
[2024-02-06T14:41:04.853Z]     -- Performing Test CMAKE_HAVE_LIBC_PTHREAD
[2024-02-06T14:41:04.853Z]     -- Performing Test CMAKE_HAVE_LIBC_PTHREAD - Success
[2024-02-06T14:41:04.853Z]     -- Found Threads: TRUE
[2024-02-06T14:41:04.853Z]     -- Configuring done
[2024-02-06T14:41:04.853Z]     -- Generating done
[2024-02-06T14:41:04.853Z]     -- Build files have been written to: /Volumes/DATA/local/S/jenkins/workspace/ECP/ecg-maya-hydra/ecg-maya-hydra-branch-preflight-python3-osx/build/Debug/googletest-build
[2024-02-06T14:41:07.416Z]     [6/8] Performing build step for 'googletest'
[2024-02-06T14:41:07.416Z]     [1/4] Building CXX object googletest/CMakeFiles/gtest_main.dir/src/gtest_main.cc.o
[2024-02-06T14:41:07.416Z]     [2/4] Building CXX object googletest/CMakeFiles/gtest.dir/src/gtest-all.cc.o
[2024-02-06T14:41:07.416Z]     [3/4] Linking CXX shared library lib/libgtestd.dylib
[2024-02-06T14:41:07.416Z]     [4/4] Linking CXX shared library lib/libgtest_maind.dylib
[2024-02-06T14:41:07.416Z]     [7/8] Performing install step for 'googletest'
[2024-02-06T14:41:07.416Z]     [0/1] Install the project...
[2024-02-06T14:41:07.416Z]     -- Install configuration: "Debug"
[2024-02-06T14:41:07.416Z]     [8/8] Completed 'googletest'
[2024-02-06T14:41:07.416Z]     -- ========== ...  GoogleTest installed. ==========
[2024-02-06T14:41:07.416Z]     CMake Error at cmake/test.cmake:200 (add_test):
[2024-02-06T14:41:07.416Z]       add_test given test NAME "testArnoldLights" which already exists in this
[2024-02-06T14:41:07.416Z]       directory.
[2024-02-06T14:41:07.416Z]     Call Stack (most recent call first):
[2024-02-06T14:41:07.416Z]       test/lib/mayaUsd/render/mayaToHydra/CMakeLists.txt:121 (mayaUsd_add_test)
[2024-02-06T14:41:07.416Z]     
[2024-02-06T14:41:07.416Z]     
[2024-02-06T14:41:07.416Z]     -- Found GTest: /Volumes/DATA/local/S/jenkins/workspace/ECP/ecg-maya-hydra/ecg-maya-hydra-branch-preflight-python3-osx/build/Debug/googletest-install/lib/libgtestd.dylib
[2024-02-06T14:41:07.416Z]     -- promoting: /Volumes/DATA/local/S/jenkins/workspace/ECP/ecg-maya-hydra/ecg-maya-hydra-branch-preflight-python3-osx/ecg-maya-hydra/maya-hydra/lib/mayaHydra/mayaPlugin/pluginUtils.h
[2024-02-06T14:41:07.416Z]     -- promoting: /Volumes/DATA/local/S/jenkins/workspace/ECP/ecg-maya-hydra/ecg-maya-hydra-branch-preflight-python3-osx/ecg-maya-hydra/maya-hydra/lib/mayaHydra/hydraExtensions/api.h
[2024-02-06T14:41:07.416Z]     -- promoting: /Volumes/DATA/local/S/jenkins/workspace/ECP/ecg-maya-hydra/ecg-maya-hydra-branch-preflight-python3-osx/ecg-maya-hydra/maya-hydra/lib/mayaHydra/hydraExtensions/debugCodes.h
[2024-02-06T14:41:07.416Z]     -- promoting: /Volumes/DATA/local/S/jenkins/workspace/ECP/ecg-maya-hydra/ecg-maya-hydra-branch-preflight-python3-osx/ecg-maya-hydra/maya-hydra/lib/mayaHydra/hydraExtensions/hydraUtils.h
[2024-02-06T14:41:07.416Z]     -- promoting: /Volumes/DATA/local/S/jenkins/workspace/ECP/ecg-maya-hydra/ecg-maya-hydra-branch-preflight-python3-osx/ecg-maya-hydra/maya-hydra/lib/mayaHydra/hydraExtensions/mayaHydraLibInterface.h
[2024-02-06T14:41:07.416Z]     -- promoting: /Volumes/DATA/local/S/jenkins/workspace/ECP/ecg-maya-hydra/ecg-maya-hydra-branch-preflight-python3-osx/ecg-maya-hydra/maya-hydra/lib/mayaHydra/hydraExtensions/mayaHydraLibInterfaceImp.h
[2024-02-06T14:41:07.416Z]     -- promoting: /Volumes/DATA/local/S/jenkins/workspace/ECP/ecg-maya-hydra/ecg-maya-hydra-branch-preflight-python3-osx/ecg-maya-hydra/maya-hydra/lib/mayaHydra/hydraExtensions/mayaUtils.h
[2024-02-06T14:41:07.416Z]     -- promoting: /Volumes/DATA/local/S/jenkins/workspace/ECP/ecg-maya-hydra/ecg-maya-hydra-branch-preflight-python3-osx/ecg-maya-hydra/maya-hydra/lib/mayaHydra/hydraExtensions/mixedUtils.h
[2024-02-06T14:41:07.416Z]     -- promoting: /Volumes/DATA/local/S/jenkins/workspace/ECP/ecg-maya-hydra/ecg-maya-hydra-branch-preflight-python3-osx/ecg-maya-hydra/maya-hydra/lib/mayaHydra/hydraExtensions/mayaHydraSceneProducer.h
[2024-02-06T14:41:07.416Z]     -- promoting: /Volumes/DATA/local/S/jenkins/workspace/ECP/ecg-maya-hydra/ecg-maya-hydra-branch-preflight-python3-osx/ecg-maya-hydra/maya-hydra/lib/mayaHydra/hydraExtensions/adapters/adapter.h
[2024-02-06T14:41:07.416Z]     -- promoting: /Volumes/DATA/local/S/jenkins/workspace/ECP/ecg-maya-hydra/ecg-maya-hydra-branch-preflight-python3-osx/ecg-maya-hydra/maya-hydra/lib/mayaHydra/hydraExtensions/adapters/adapterDebugCodes.h
[2024-02-06T14:41:07.416Z]     -- promoting: /Volumes/DATA/local/S/jenkins/workspace/ECP/ecg-maya-hydra/ecg-maya-hydra-branch-preflight-python3-osx/ecg-maya-hydra/maya-hydra/lib/mayaHydra/hydraExtensions/adapters/adapterRegistry.h
[2024-02-06T14:41:07.416Z]     -- promoting: /Volumes/DATA/local/S/jenkins/workspace/ECP/ecg-maya-hydra/ecg-maya-hydra-branch-preflight-python3-osx/ecg-maya-hydra/maya-hydra/lib/mayaHydra/hydraExtensions/adapters/cameraAdapter.h
[2024-02-06T14:41:07.416Z]     -- promoting: /Volumes/DATA/local/S/jenkins/workspace/ECP/ecg-maya-hydra/ecg-maya-hydra-branch-preflight-python3-osx/ecg-maya-hydra/maya-hydra/lib/mayaHydra/hydraExtensions/adapters/constantShadowMatrix.h
[2024-02-06T14:41:07.416Z]     -- promoting: /Volumes/DATA/local/S/jenkins/workspace/ECP/ecg-maya-hydra/ecg-maya-hydra-branch-preflight-python3-osx/ecg-maya-hydra/maya-hydra/lib/mayaHydra/hydraExtensions/adapters/dagAdapter.h
[2024-02-06T14:41:07.416Z]     -- promoting: /Volumes/DATA/local/S/jenkins/workspace/ECP/ecg-maya-hydra/ecg-maya-hydra-branch-preflight-python3-osx/ecg-maya-hydra/maya-hydra/lib/mayaHydra/hydraExtensions/adapters/renderItemAdapter.h
[2024-02-06T14:41:07.416Z]     -- promoting: /Volumes/DATA/local/S/jenkins/workspace/ECP/ecg-maya-hydra/ecg-maya-hydra-branch-preflight-python3-osx/ecg-maya-hydra/maya-hydra/lib/mayaHydra/hydraExtensions/adapters/lightAdapter.h
[2024-02-06T14:41:07.416Z]     -- promoting: /Volumes/DATA/local/S/jenkins/workspace/ECP/ecg-maya-hydra/ecg-maya-hydra-branch-preflight-python3-osx/ecg-maya-hydra/maya-hydra/lib/mayaHydra/hydraExtensions/adapters/materialAdapter.h
[2024-02-06T14:41:07.416Z]     -- promoting: /Volumes/DATA/local/S/jenkins/workspace/ECP/ecg-maya-hydra/ecg-maya-hydra-branch-preflight-python3-osx/ecg-maya-hydra/maya-hydra/lib/mayaHydra/hydraExtensions/adapters/materialNetworkConverter.h
[2024-02-06T14:41:07.416Z]     -- promoting: /Volumes/DATA/local/S/jenkins/workspace/ECP/ecg-maya-hydra/ecg-maya-hydra-branch-preflight-python3-osx/ecg-maya-hydra/maya-hydra/lib/mayaHydra/hydraExtensions/adapters/mayaAttrs.h
[2024-02-06T14:41:07.416Z]     -- promoting: /Volumes/DATA/local/S/jenkins/workspace/ECP/ecg-maya-hydra/ecg-maya-hydra-branch-preflight-python3-osx/ecg-maya-hydra/maya-hydra/lib/mayaHydra/hydraExtensions/adapters/shapeAdapter.h
[2024-02-06T14:41:07.416Z]     -- promoting: /Volumes/DATA/local/S/jenkins/workspace/ECP/ecg-maya-hydra/ecg-maya-hydra-branch-preflight-python3-osx/ecg-maya-hydra/maya-hydra/lib/mayaHydra/hydraExtensions/adapters/tokens.h
[2024-02-06T14:41:07.416Z]     -- promoting: /Volumes/DATA/local/S/jenkins/workspace/ECP/ecg-maya-hydra/ecg-maya-hydra-branch-preflight-python3-osx/ecg-maya-hydra/maya-hydra/lib/mayaHydra/hydraExtensions/delegates/delegate.h
[2024-02-06T14:41:07.416Z]     -- promoting: /Volumes/DATA/local/S/jenkins/workspace/ECP/ecg-maya-hydra/ecg-maya-hydra-branch-preflight-python3-osx/ecg-maya-hydra/maya-hydra/lib/mayaHydra/hydraExtensions/delegates/delegateCtx.h
[2024-02-06T14:41:07.416Z]     -- promoting: /Volumes/DATA/local/S/jenkins/workspace/ECP/ecg-maya-hydra/ecg-maya-hydra-branch-preflight-python3-osx/ecg-maya-hydra/maya-hydra/lib/mayaHydra/hydraExtensions/delegates/delegateDebugCodes.h
[2024-02-06T14:41:07.416Z]     -- promoting: /Volumes/DATA/local/S/jenkins/workspace/ECP/ecg-maya-hydra/ecg-maya-hydra-branch-preflight-python3-osx/ecg-maya-hydra/maya-hydra/lib/mayaHydra/hydraExtensions/delegates/delegateRegistry.h
[2024-02-06T14:41:07.416Z]     -- promoting: /Volumes/DATA/local/S/jenkins/workspace/ECP/ecg-maya-hydra/ecg-maya-hydra-branch-preflight-python3-osx/ecg-maya-hydra/maya-hydra/lib/mayaHydra/hydraExtensions/delegates/params.h
[2024-02-06T14:41:07.416Z]     -- promoting: /Volumes/DATA/local/S/jenkins/workspace/ECP/ecg-maya-hydra/ecg-maya-hydra-branch-preflight-python3-osx/ecg-maya-hydra/maya-hydra/lib/mayaHydra/hydraExtensions/delegates/sceneDelegate.h
[2024-02-06T14:41:07.416Z]     -- promoting: /Volumes/DATA/local/S/jenkins/workspace/ECP/ecg-maya-hydra/ecg-maya-hydra-branch-preflight-python3-osx/ecg-maya-hydra/maya-hydra/lib/mayaHydra/hydraExtensions/delegates/defaultLightDelegate.h
[2024-02-06T14:41:07.416Z]     -- promoting: /Volumes/DATA/local/S/jenkins/workspace/ECP/ecg-maya-hydra/ecg-maya-hydra-branch-preflight-python3-osx/ecg-maya-hydra/maya-hydra/lib/mayaHydra/hydraExtensions/delegates/testDelegate.h
[2024-02-06T14:41:07.416Z]     -- promoting: /Volumes/DATA/local/S/jenkins/workspace/ECP/ecg-maya-hydra/ecg-maya-hydra-branch-preflight-python3-osx/ecg-maya-hydra/maya-hydra/lib/mayaHydra/hydraExtensions/sceneIndex/registration.h
[2024-02-06T14:41:07.416Z]     -- promoting: /Volumes/DATA/local/S/jenkins/workspace/ECP/ecg-maya-hydra/ecg-maya-hydra-branch-preflight-python3-osx/ecg-maya-hydra/maya-hydra/lib/mayaHydra/hydraExtensions/sceneIndex/mayaHydraSceneIndex.h
[2024-02-06T14:41:07.416Z]     -- promoting: /Volumes/DATA/local/S/jenkins/workspace/ECP/ecg-maya-hydra/ecg-maya-hydra-branch-preflight-python3-osx/ecg-maya-hydra/maya-hydra/lib/mayaHydra/hydraExtensions/sceneIndex/mayaHydraDataSource.h
[2024-02-06T14:41:07.416Z]     -- promoting: /Volumes/DATA/local/S/jenkins/workspace/ECP/ecg-maya-hydra/ecg-maya-hydra-branch-preflight-python3-osx/ecg-maya-hydra/maya-hydra/lib/mayaHydra/hydraExtensions/sceneIndex/mayaHydraPrimvarDataSource.h
[2024-02-06T14:41:07.416Z]     -- promoting: /Volumes/DATA/local/S/jenkins/workspace/ECP/ecg-maya-hydra/ecg-maya-hydra-branch-preflight-python3-osx/ecg-maya-hydra/maya-hydra/lib/mayaHydra/hydraExtensions/sceneIndex/mayaHydraDisplayStyleDataSource.h
[2024-02-06T14:41:07.416Z]     -- promoting: /Volumes/DATA/local/S/jenkins/workspace/ECP/ecg-maya-hydra/ecg-maya-hydra-branch-preflight-python3-osx/ecg-maya-hydra/maya-hydra/lib/mayaHydra/hydraExtensions/sceneIndex/mayaHydraCameraDataSource.h
[2024-02-06T14:41:07.416Z]     -- promoting: /Volumes/DATA/local/S/jenkins/workspace/ECP/ecg-maya-hydra/ecg-maya-hydra-branch-preflight-python3-osx/ecg-maya-hydra/maya-hydra/lib/mayaHydra/hydraExtensions/sceneIndex/mayaHydraLightDataSource.h
[2024-02-06T14:41:07.416Z]     -- promoting: /Volumes/DATA/local/S/jenkins/workspace/ECP/ecg-maya-hydra/ecg-maya-hydra-branch-preflight-python3-osx/ecg-maya-hydra/maya-hydra/lib/mayaHydra/hydraExtensions/sceneIndex/mayaHydraDefaultLightDataSource.h
[2024-02-06T14:41:07.416Z]     -- promoting: /Volumes/DATA/local/S/jenkins/workspace/ECP/ecg-maya-hydra/ecg-maya-hydra-branch-preflight-python3-osx/ecg-maya-hydra/maya-hydra/lib/mayaHydra/hydraExtensions/sceneIndex/mayaHydraMayaDataProducerSceneIndexData.h
[2024-02-06T14:41:07.416Z]     -- promoting: /Volumes/DATA/local/S/jenkins/workspace/ECP/ecg-maya-hydra/ecg-maya-hydra-branch-preflight-python3-osx/ecg-maya-hydra/maya-hydra/lib/mayaHydra/hydraExtensions/sceneIndex/mayaHydraMayaDataProducerSceneIndexDataConcreteFactory.h
[2024-02-06T14:41:07.416Z]     -- promoting: /Volumes/DATA/local/S/jenkins/workspace/ECP/ecg-maya-hydra/ecg-maya-hydra-branch-preflight-python3-osx/ecg-maya-hydra/maya-hydra/lib/mayaHydra/hydraExtensions/sceneIndex/mayaHydraSceneIndexDataFactoriesSetup.h
[2024-02-06T14:41:07.416Z]     -- promoting: /Volumes/DATA/local/S/jenkins/workspace/ECP/ecg-maya-hydra/ecg-maya-hydra-branch-preflight-python3-osx/ecg-maya-hydra/maya-hydra/lib/mayaHydra/hydraExtensions/sceneIndex/mayaHydraMayaFilteringSceneIndexData.h
[2024-02-06T14:41:07.416Z]     -- promoting: /Volumes/DATA/local/S/jenkins/workspace/ECP/ecg-maya-hydra/ecg-maya-hydra-branch-preflight-python3-osx/ecg-maya-hydra/maya-hydra/lib/mayaHydra/hydraExtensions/sceneIndex/mayaHydraMayaFilteringSceneIndexDataConcreteFactory.h
[2024-02-06T14:41:07.416Z]     -- promoting: /Volumes/DATA/local/S/jenkins/workspace/ECP/ecg-maya-hydra/ecg-maya-hydra-branch-preflight-python3-osx/ecg-maya-hydra/maya-hydra/lib/mayaHydra/hydraExtensions/sceneIndex/mhMayaUsdProxyShapeSceneIndex.h
[2024-02-06T14:41:07.416Z]     -- promoting: /Volumes/DATA/local/S/jenkins/workspace/ECP/ecg-maya-hydra/ecg-maya-hydra-branch-preflight-python3-osx/ecg-maya-hydra/maya-hydra/lib/mayaHydra/ufeExtensions/api.h
[2024-02-06T14:41:07.416Z]     -- promoting: /Volumes/DATA/local/S/jenkins/workspace/ECP/ecg-maya-hydra/ecg-maya-hydra-branch-preflight-python3-osx/ecg-maya-hydra/maya-hydra/lib/mayaHydra/ufeExtensions/Global.h
[2024-02-06T14:41:07.416Z]     -- promoting: /Volumes/DATA/local/S/jenkins/workspace/ECP/ecg-maya-hydra/ecg-maya-hydra-branch-preflight-python3-osx/ecg-maya-hydra/maya-hydra/lib/flowViewport/api.h
[2024-02-06T14:41:07.416Z]     -- promoting: /Volumes/DATA/local/S/jenkins/workspace/ECP/ecg-maya-hydra/ecg-maya-hydra-branch-preflight-python3-osx/ecg-maya-hydra/maya-hydra/lib/flowViewport/debugCodes.h
[2024-02-06T14:41:07.416Z]     -- promoting: /Volumes/DATA/local/S/jenkins/workspace/ECP/ecg-maya-hydra/ecg-maya-hydra-branch-preflight-python3-osx/ecg-maya-hydra/maya-hydra/lib/flowViewport/global.h
[2024-02-06T14:41:07.416Z]     -- promoting: /Volumes/DATA/local/S/jenkins/workspace/ECP/ecg-maya-hydra/ecg-maya-hydra-branch-preflight-python3-osx/ecg-maya-hydra/maya-hydra/lib/flowViewport/tokens.h
[2024-02-06T14:41:07.416Z]     -- promoting: /Volumes/DATA/local/S/jenkins/workspace/ECP/ecg-maya-hydra/ecg-maya-hydra-branch-preflight-python3-osx/ecg-maya-hydra/maya-hydra/lib/flowViewport/colorPreferences/fvpColorChanged.h
[2024-02-06T14:41:07.416Z]     -- promoting: /Volumes/DATA/local/S/jenkins/workspace/ECP/ecg-maya-hydra/ecg-maya-hydra-branch-preflight-python3-osx/ecg-maya-hydra/maya-hydra/lib/flowViewport/colorPreferences/fvpColorPreferences.h
[2024-02-06T14:41:07.416Z]     -- promoting: /Volumes/DATA/local/S/jenkins/workspace/ECP/ecg-maya-hydra/ecg-maya-hydra-branch-preflight-python3-osx/ecg-maya-hydra/maya-hydra/lib/flowViewport/colorPreferences/fvpColorPreferencesTokens.h
[2024-02-06T14:41:07.416Z]     -- promoting: /Volumes/DATA/local/S/jenkins/workspace/ECP/ecg-maya-hydra/ecg-maya-hydra-branch-preflight-python3-osx/ecg-maya-hydra/maya-hydra/lib/flowViewport/colorPreferences/fvpColorPreferencesTranslator.h
[2024-02-06T14:41:07.416Z]     -- promoting: /Volumes/DATA/local/S/jenkins/workspace/ECP/ecg-maya-hydra/ecg-maya-hydra-branch-preflight-python3-osx/ecg-maya-hydra/maya-hydra/lib/flowViewport/sceneIndex/fvpMergingSceneIndex.h
[2024-02-06T14:41:07.417Z]     -- promoting: /Volumes/DATA/local/S/jenkins/workspace/ECP/ecg-maya-hydra/ecg-maya-hydra-branch-preflight-python3-osx/ecg-maya-hydra/maya-hydra/lib/flowViewport/sceneIndex/fvpPathInterface.h
[2024-02-06T14:41:07.417Z]     -- promoting: /Volumes/DATA/local/S/jenkins/workspace/ECP/ecg-maya-hydra/ecg-maya-hydra-branch-preflight-python3-osx/ecg-maya-hydra/maya-hydra/lib/flowViewport/sceneIndex/fvpPathInterfaceSceneIndex.h
[2024-02-06T14:41:07.417Z]     -- promoting: /Volumes/DATA/local/S/jenkins/workspace/ECP/ecg-maya-hydra/ecg-maya-hydra-branch-preflight-python3-osx/ecg-maya-hydra/maya-hydra/lib/flowViewport/sceneIndex/fvpRenderIndexProxy.h
[2024-02-06T14:41:07.417Z]     -- promoting: /Volumes/DATA/local/S/jenkins/workspace/ECP/ecg-maya-hydra/ecg-maya-hydra-branch-preflight-python3-osx/ecg-maya-hydra/maya-hydra/lib/flowViewport/sceneIndex/fvpRenderIndexProxyFwd.h
[2024-02-06T14:41:07.417Z]     -- promoting: /Volumes/DATA/local/S/jenkins/workspace/ECP/ecg-maya-hydra/ecg-maya-hydra-branch-preflight-python3-osx/ecg-maya-hydra/maya-hydra/lib/flowViewport/sceneIndex/fvpSelectionSceneIndex.h
[2024-02-06T14:41:07.417Z]     -- promoting: /Volumes/DATA/local/S/jenkins/workspace/ECP/ecg-maya-hydra/ecg-maya-hydra-branch-preflight-python3-osx/ecg-maya-hydra/maya-hydra/lib/flowViewport/sceneIndex/fvpWireframeSelectionHighlightSceneIndex.h
[2024-02-06T14:41:07.417Z]     -- promoting: /Volumes/DATA/local/S/jenkins/workspace/ECP/ecg-maya-hydra/ecg-maya-hydra-branch-preflight-python3-osx/ecg-maya-hydra/maya-hydra/lib/flowViewport/sceneIndex/fvpParentDataModifierSceneIndex.h
[2024-02-06T14:41:07.417Z]     -- promoting: /Volumes/DATA/local/S/jenkins/workspace/ECP/ecg-maya-hydra/ecg-maya-hydra-branch-preflight-python3-osx/ecg-maya-hydra/maya-hydra/lib/flowViewport/API/fvpSelectionClient.h
[2024-02-06T14:41:07.417Z]     -- promoting: /Volumes/DATA/local/S/jenkins/workspace/ECP/ecg-maya-hydra/ecg-maya-hydra-branch-preflight-python3-osx/ecg-maya-hydra/maya-hydra/lib/flowViewport/API/fvpSelectionInterface.h
[2024-02-06T14:41:07.417Z]     -- promoting: /Volumes/DATA/local/S/jenkins/workspace/ECP/ecg-maya-hydra/ecg-maya-hydra-branch-preflight-python3-osx/ecg-maya-hydra/maya-hydra/lib/flowViewport/API/fvpVersionInterface.h
[2024-02-06T14:41:07.417Z]     -- promoting: /Volumes/DATA/local/S/jenkins/workspace/ECP/ecg-maya-hydra/ecg-maya-hydra-branch-preflight-python3-osx/ecg-maya-hydra/maya-hydra/lib/flowViewport/API/fvpInformationInterface.h
[2024-02-06T14:41:07.417Z]     -- promoting: /Volumes/DATA/local/S/jenkins/workspace/ECP/ecg-maya-hydra/ecg-maya-hydra-branch-preflight-python3-osx/ecg-maya-hydra/maya-hydra/lib/flowViewport/API/fvpInformationClient.h
[2024-02-06T14:41:07.417Z]     -- promoting: /Volumes/DATA/local/S/jenkins/workspace/ECP/ecg-maya-hydra/ecg-maya-hydra-branch-preflight-python3-osx/ecg-maya-hydra/maya-hydra/lib/flowViewport/API/fvpDataProducerSceneIndexInterface.h
[2024-02-06T14:41:07.417Z]     -- promoting: /Volumes/DATA/local/S/jenkins/workspace/ECP/ecg-maya-hydra/ecg-maya-hydra-branch-preflight-python3-osx/ecg-maya-hydra/maya-hydra/lib/flowViewport/API/fvpFilteringSceneIndexClient.h
[2024-02-06T14:41:07.417Z]     -- promoting: /Volumes/DATA/local/S/jenkins/workspace/ECP/ecg-maya-hydra/ecg-maya-hydra-branch-preflight-python3-osx/ecg-maya-hydra/maya-hydra/lib/flowViewport/API/fvpFilteringSceneIndexClientFwd.h
[2024-02-06T14:41:07.417Z]     -- promoting: /Volumes/DATA/local/S/jenkins/workspace/ECP/ecg-maya-hydra/ecg-maya-hydra-branch-preflight-python3-osx/ecg-maya-hydra/maya-hydra/lib/flowViewport/API/fvpFilteringSceneIndexInterface.h
[2024-02-06T14:41:07.417Z]     -- promoting: /Volumes/DATA/local/S/jenkins/workspace/ECP/ecg-maya-hydra/ecg-maya-hydra-branch-preflight-python3-osx/ecg-maya-hydra/maya-hydra/lib/flowViewport/API/fvpViewportAPITokens.h
[2024-02-06T14:41:07.417Z]     -- promoting: /Volumes/DATA/local/S/jenkins/workspace/ECP/ecg-maya-hydra/ecg-maya-hydra-branch-preflight-python3-osx/ecg-maya-hydra/maya-hydra/lib/flowViewport/API/interfacesImp/fvpSelectionInterfaceImp.h
[2024-02-06T14:41:07.417Z]     -- promoting: /Volumes/DATA/local/S/jenkins/workspace/ECP/ecg-maya-hydra/ecg-maya-hydra-branch-preflight-python3-osx/ecg-maya-hydra/maya-hydra/lib/flowViewport/API/interfacesImp/fvpVersionInterfaceImp.h
[2024-02-06T14:41:07.417Z]     -- promoting: /Volumes/DATA/local/S/jenkins/workspace/ECP/ecg-maya-hydra/ecg-maya-hydra-branch-preflight-python3-osx/ecg-maya-hydra/maya-hydra/lib/flowViewport/API/interfacesImp/fvpInformationInterfaceImp.h
[2024-02-06T14:41:07.417Z]     -- promoting: /Volumes/DATA/local/S/jenkins/workspace/ECP/ecg-maya-hydra/ecg-maya-hydra-branch-preflight-python3-osx/ecg-maya-hydra/maya-hydra/lib/flowViewport/API/interfacesImp/fvpDataProducerSceneIndexInterfaceImp.h
[2024-02-06T14:41:07.417Z]     -- promoting: /Volumes/DATA/local/S/jenkins/workspace/ECP/ecg-maya-hydra/ecg-maya-hydra-branch-preflight-python3-osx/ecg-maya-hydra/maya-hydra/lib/flowViewport/API/interfacesImp/fvpFilteringSceneIndexInterfaceImp.h
[2024-02-06T14:41:07.417Z]     -- promoting: /Volumes/DATA/local/S/jenkins/workspace/ECP/ecg-maya-hydra/ecg-maya-hydra-branch-preflight-python3-osx/ecg-maya-hydra/maya-hydra/lib/flowViewport/API/samples/fvpSelectionClientExample.h
[2024-02-06T14:41:07.417Z]     -- promoting: /Volumes/DATA/local/S/jenkins/workspace/ECP/ecg-maya-hydra/ecg-maya-hydra-branch-preflight-python3-osx/ecg-maya-hydra/maya-hydra/lib/flowViewport/API/samples/fvpInformationClientExample.h
[2024-02-06T14:41:07.417Z]     -- promoting: /Volumes/DATA/local/S/jenkins/workspace/ECP/ecg-maya-hydra/ecg-maya-hydra-branch-preflight-python3-osx/ecg-maya-hydra/maya-hydra/lib/flowViewport/API/samples/fvpDataProducerSceneIndexExample.h
[2024-02-06T14:41:07.417Z]     -- promoting: /Volumes/DATA/local/S/jenkins/workspace/ECP/ecg-maya-hydra/ecg-maya-hydra-branch-preflight-python3-osx/ecg-maya-hydra/maya-hydra/lib/flowViewport/API/samples/fvpFilteringSceneIndexExample.h
[2024-02-06T14:41:07.417Z]     -- promoting: /Volumes/DATA/local/S/jenkins/workspace/ECP/ecg-maya-hydra/ecg-maya-hydra-branch-preflight-python3-osx/ecg-maya-hydra/maya-hydra/lib/flowViewport/API/samples/fvpFilteringSceneIndexClientExample.h
[2024-02-06T14:41:07.417Z]     -- promoting: /Volumes/DATA/local/S/jenkins/workspace/ECP/ecg-maya-hydra/ecg-maya-hydra-branch-preflight-python3-osx/ecg-maya-hydra/maya-hydra/lib/flowViewport/API/perViewportSceneIndicesData/fvpViewportInformationAndSceneIndicesPerViewportData.h
[2024-02-06T14:41:07.417Z]     -- promoting: /Volumes/DATA/local/S/jenkins/workspace/ECP/ecg-maya-hydra/ecg-maya-hydra-branch-preflight-python3-osx/ecg-maya-hydra/maya-hydra/lib/flowViewport/API/perViewportSceneIndicesData/fvpViewportInformationAndSceneIndicesPerViewportDataManager.h
[2024-02-06T14:41:07.417Z]     -- promoting: /Volumes/DATA/local/S/jenkins/workspace/ECP/ecg-maya-hydra/ecg-maya-hydra-branch-preflight-python3-osx/ecg-maya-hydra/maya-hydra/lib/flowViewport/API/perViewportSceneIndicesData/fvpDataProducerSceneIndexDataAbstractFactory.h
[2024-02-06T14:41:07.417Z]     -- promoting: /Volumes/DATA/local/S/jenkins/workspace/ECP/ecg-maya-hydra/ecg-maya-hydra-branch-preflight-python3-osx/ecg-maya-hydra/maya-hydra/lib/flowViewport/API/perViewportSceneIndicesData/fvpDataProducerSceneIndexDataBase.h
[2024-02-06T14:41:07.417Z]     -- promoting: /Volumes/DATA/local/S/jenkins/workspace/ECP/ecg-maya-hydra/ecg-maya-hydra-branch-preflight-python3-osx/ecg-maya-hydra/maya-hydra/lib/flowViewport/API/perViewportSceneIndicesData/fvpFilteringSceneIndexDataAbstractFactory.h
[2024-02-06T14:41:07.417Z]     -- promoting: /Volumes/DATA/local/S/jenkins/workspace/ECP/ecg-maya-hydra/ecg-maya-hydra-branch-preflight-python3-osx/ecg-maya-hydra/maya-hydra/lib/flowViewport/API/perViewportSceneIndicesData/fvpFilteringSceneIndexDataBase.h
[2024-02-06T14:41:07.417Z]     -- promoting: /Volumes/DATA/local/S/jenkins/workspace/ECP/ecg-maya-hydra/ecg-maya-hydra-branch-preflight-python3-osx/ecg-maya-hydra/maya-hydra/lib/flowViewport/API/perViewportSceneIndicesData/fvpFilteringSceneIndicesChainManager.h
[2024-02-06T14:41:07.417Z]     -- promoting: /Volumes/DATA/local/S/jenkins/workspace/ECP/ecg-maya-hydra/ecg-maya-hydra-branch-preflight-python3-osx/ecg-maya-hydra/maya-hydra/lib/flowViewport/selection/fvpSelection.h
[2024-02-06T14:41:07.417Z]     -- promoting: /Volumes/DATA/local/S/jenkins/workspace/ECP/ecg-maya-hydra/ecg-maya-hydra-branch-preflight-python3-osx/ecg-maya-hydra/maya-hydra/lib/flowViewport/selection/fvpSelectionFwd.h
[2024-02-06T14:41:07.417Z]     -- promoting: /Volumes/DATA/local/S/jenkins/workspace/ECP/ecg-maya-hydra/ecg-maya-hydra-branch-preflight-python3-osx/ecg-maya-hydra/maya-hydra/lib/flowViewport/selection/fvpSelectionTask.h
[2024-02-06T14:41:07.417Z]     -- promoting: /Volumes/DATA/local/S/jenkins/workspace/ECP/ecg-maya-hydra/ecg-maya-hydra-branch-preflight-python3-osx/ecg-maya-hydra/maya-hydra/lib/flowViewport/selection/fvpSelectionTracker.h
[2024-02-06T14:41:08.029Z]     -- Configuring incomplete, errors occurred!
[2024-02-06T14:41:08.030Z]     See also "/Volumes/DATA/local/S/jenkins/workspace/ECP/ecg-maya-hydra/ecg-maya-hydra-branch-preflight-python3-osx/build/Debug/CMakeFiles/CMakeOutput.log".
[2024-02-06T14:41:08.030Z]     See also "/Volumes/DATA/local/S/jenkins/workspace/ECP/ecg-maya-hydra/ecg-maya-hydra-branch-preflight-python3-osx/build/Debug/CMakeFiles/CMakeError.log".
[2024-02-06T14:41:08.030Z]     
[2024-02-06T14:41:08.030Z]         Building with settings:
[2024-02-06T14:41:08.030Z]           Source directory          /Volumes/DATA/local/S/jenkins/workspace/ECP/ecg-maya-hydra/ecg-maya-hydra-branch-preflight-python3-osx/ecg-maya-hydra/maya-hydra
[2024-02-06T14:41:08.030Z]           Workspace directory       /local/S/jenkins/workspace/ECP/ecg-maya-hydra/ecg-maya-hydra-branch-preflight-python3-osx
[2024-02-06T14:41:08.030Z]           Build directory           /local/S/jenkins/workspace/ECP/ecg-maya-hydra/ecg-maya-hydra-branch-preflight-python3-osx/build/Debug
[2024-02-06T14:41:08.030Z]           Install directory         /local/S/jenkins/workspace/ECP/ecg-maya-hydra/ecg-maya-hydra-branch-preflight-python3-osx/install/Debug/MayaHydra
[2024-02-06T14:41:08.030Z]           Variant                   Debug
[2024-02-06T14:41:08.030Z]           Python Debug              Off
[2024-02-06T14:41:08.030Z]           CMake generator           Ninja
[2024-02-06T14:41:08.030Z]           Build arguments           ['-DCMAKE_MAKE_PROGRAM=/local/S/jenkins/workspace/shared/Artifactory/OSX/ninja/1.10.2/95d0ca5/ninja', '-DPYTHON_INCLUDE_DIR=/local/S/jenkins/workspace/shared/Artifactory/OSX/rundev-master-debug/202402020718/runtime/7d1b151/runTime/Maya.app/Contents/Frameworks/Python.framework/Versions/Current/include/python3.11', '-DPython_EXECUTABLE=/local/S/jenkins/workspace/shared/Artifactory/OSX/rundev-master-debug/202402020718/runtime/7d1b151/runTime/Maya.app/Contents/bin/mayapy', '-DPYTHON_LIBRARIES=/local/S/jenkins/workspace/shared/Artifactory/OSX/rundev-master-debug/202402020718/runtime/7d1b151/runTime/Maya.app/Contents/Frameworks/Python.framework/Versions/Current/lib/libpython3.11.dylib', '-DBUILD_WITH_PYTHON_3_VERSION=3.11', '-DBUILD_UB2=ON', '-DCMAKE_WANT_MATERIALX_BUILD=ON', '-DCMAKE_PREFIX_PATH=/local/S/jenkins/workspace/shared/Artifactory/OSX/USD/ca7f6ed', '-DMAYAHYDRA_BUILD_NUMBER=552', '-DMAYAHYDRA_GIT_COMMIT=9234b8cc91b4c69453ced9056bc0fcd2b1d25111', '-DMAYAHYDRA_GIT_BRANCH=master', '-DMAYAUSD_LOCATION=/local/S/jenkins/workspace/shared/Artifactory/OSX/mayausd-cotd-debug/202401312329/runtime/e642f63/mayausd/MayaUSD']
[2024-02-06T14:41:08.030Z]           Stages arguments          ['configure']
[2024-02-06T14:41:08.030Z]           CTest arguments           ['--parallel 8']
[2024-02-06T14:41:08.030Z]     STATUS: Could not find Maya Qt6.
[2024-02-06T14:41:08.030Z]     STATUS:   Extracting '/local/S/jenkins/workspace/shared/Artifactory/OSX/rundev-master-debug/202402020718/runtime/7d1b151/devkitBase/Qt.tgz' to '/local/S/jenkins/workspace/shared/Artifactory/OSX/rundev-master-debug/202402020718/runtime/7d1b151/devkitBase'
[2024-02-06T14:41:08.030Z]     #####################################################################################
[2024-02-06T14:41:08.030Z]     log date: 2024-02-06 06:40
[2024-02-06T14:41:08.030Z]     commit sha: bf6ceb4a7d91166ae0ccef37877af37808a87715
[2024-02-06T14:41:08.030Z]     commit date: Tue Feb 6 13:54:33 2024 +0100
[2024-02-06T14:41:08.030Z]     #####################################################################################
[2024-02-06T14:41:08.030Z]     
[2024-02-06T14:41:08.030Z]     cmake -DCMAKE_INSTALL_PREFIX="/local/S/jenkins/workspace/ECP/ecg-maya-hydra/ecg-maya-hydra-branch-preflight-python3-osx/install/Debug/MayaHydra" -DCMAKE_BUILD_TYPE=Debug -DCMAKE_EXPORT_COMPILE_COMMANDS=ON -G "Ninja" -DMAYA_LOCATION="/local/S/jenkins/workspace/shared/Artifactory/OSX/rundev-master-debug/202402020718/runtime/7d1b151/runTime" -DPXR_USD_LOCATION="/local/S/jenkins/workspace/shared/Artifactory/OSX/USD/ca7f6ed" -DMAYA_DEVKIT_LOCATION="/local/S/jenkins/workspace/shared/Artifactory/OSX/rundev-master-debug/202402020718/runtime/7d1b151/devkitBase" -DCMAKE_MAKE_PROGRAM=/local/S/jenkins/workspace/shared/Artifactory/OSX/ninja/1.10.2/95d0ca5/ninja -DPYTHON_INCLUDE_DIR=/local/S/jenkins/workspace/shared/Artifactory/OSX/rundev-master-debug/202402020718/runtime/7d1b151/runTime/Maya.app/Contents/Frameworks/Python.framework/Versions/Current/include/python3.11 -DPython_EXECUTABLE=/local/S/jenkins/workspace/shared/Artifactory/OSX/rundev-master-debug/202402020718/runtime/7d1b151/runTime/Maya.app/Contents/bin/mayapy -DPYTHON_LIBRARIES=/local/S/jenkins/workspace/shared/Artifactory/OSX/rundev-master-debug/202402020718/runtime/7d1b151/runTime/Maya.app/Contents/Frameworks/Python.framework/Versions/Current/lib/libpython3.11.dylib -DBUILD_WITH_PYTHON_3_VERSION=3.11 -DBUILD_UB2=ON -DCMAKE_WANT_MATERIALX_BUILD=ON -DCMAKE_PREFIX_PATH=/local/S/jenkins/workspace/shared/Artifactory/OSX/USD/ca7f6ed -DMAYAHYDRA_BUILD_NUMBER=552 -DMAYAHYDRA_GIT_COMMIT=9234b8cc91b4c69453ced9056bc0fcd2b1d25111 -DMAYAHYDRA_GIT_BRANCH=master -DMAYAUSD_LOCATION=/local/S/jenkins/workspace/shared/Artifactory/OSX/mayausd-cotd-debug/202401312329/runtime/e642f63/mayausd/MayaUSD "/Volumes/DATA/local/S/jenkins/workspace/ECP/ecg-maya-hydra/ecg-maya-hydra-branch-preflight-python3-osx/ecg-maya-hydra/maya-hydra"
[2024-02-06T14:41:08.030Z]     
[2024-02-06T14:41:08.030Z]     Traceback (most recent call last):
[2024-02-06T14:41:08.030Z]       File "/Volumes/DATA/local/S/jenkins/workspace/ECP/ecg-maya-hydra/ecg-maya-hydra-branch-preflight-python3-osx/ecg-maya-hydra/maya-hydra/build.py", line 745, in <module>
[2024-02-06T14:41:08.030Z]         BuildAndInstall(context, context.buildArgs, context.stagesArgs)
[2024-02-06T14:41:08.030Z]       File "/Volumes/DATA/local/S/jenkins/workspace/ECP/ecg-maya-hydra/ecg-maya-hydra-branch-preflight-python3-osx/ecg-maya-hydra/maya-hydra/build.py", line 502, in BuildAndInstall
[2024-02-06T14:41:08.030Z]         RunCMake(context, extraArgs, stagesArgs)
[2024-02-06T14:41:08.030Z]       File "/Volumes/DATA/local/S/jenkins/workspace/ECP/ecg-maya-hydra/ecg-maya-hydra-branch-preflight-python3-osx/ecg-maya-hydra/maya-hydra/build.py", line 305, in RunCMake
[2024-02-06T14:41:08.030Z]         Run(context,
[2024-02-06T14:41:08.030Z]       File "/Volumes/DATA/local/S/jenkins/workspace/ECP/ecg-maya-hydra/ecg-maya-hydra-branch-preflight-python3-osx/ecg-maya-hydra/maya-hydra/build.py", line 197, in Run
[2024-02-06T14:41:08.030Z]         raise RuntimeError("Failed to run '{cmd}'\nSee {log} for more details."
[2024-02-06T14:41:08.030Z]     RuntimeError: Failed to run 'cmake -DCMAKE_INSTALL_PREFIX="/local/S/jenkins/workspace/ECP/ecg-maya-hydra/ecg-maya-hydra-branch-preflight-python3-osx/install/Debug/MayaHydra" -DCMAKE_BUILD_TYPE=Debug -DCMAKE_EXPORT_COMPILE_COMMANDS=ON -G "Ninja" -DMAYA_LOCATION="/local/S/jenkins/workspace/shared/Artifactory/OSX/rundev-master-debug/202402020718/runtime/7d1b151/runTime" -DPXR_USD_LOCATION="/local/S/jenkins/workspace/shared/Artifactory/OSX/USD/ca7f6ed" -DMAYA_DEVKIT_LOCATION="/local/S/jenkins/workspace/shared/Artifactory/OSX/rundev-master-debug/202402020718/runtime/7d1b151/devkitBase" -DCMAKE_MAKE_PROGRAM=/local/S/jenkins/workspace/shared/Artifactory/OSX/ninja/1.10.2/95d0ca5/ninja -DPYTHON_INCLUDE_DIR=/local/S/jenkins/workspace/shared/Artifactory/OSX/rundev-master-debug/202402020718/runtime/7d1b151/runTime/Maya.app/Contents/Frameworks/Python.framework/Versions/Current/include/python3.11 -DPython_EXECUTABLE=/local/S/jenkins/workspace/shared/Artifactory/OSX/rundev-master-debug/202402020718/runtime/7d1b151/runTime/Maya.app/Contents/bin/mayapy -DPYTHON_LIBRARIES=/local/S/jenkins/workspace/shared/Artifactory/OSX/rundev-master-debug/202402020718/runtime/7d1b151/runTime/Maya.app/Contents/Frameworks/Python.framework/Versions/Current/lib/libpython3.11.dylib -DBUILD_WITH_PYTHON_3_VERSION=3.11 -DBUILD_UB2=ON -DCMAKE_WANT_MATERIALX_BUILD=ON -DCMAKE_PREFIX_PATH=/local/S/jenkins/workspace/shared/Artifactory/OSX/USD/ca7f6ed -DMAYAHYDRA_BUILD_NUMBER=552 -DMAYAHYDRA_GIT_COMMIT=9234b8cc91b4c69453ced9056bc0fcd2b1d25111 -DMAYAHYDRA_GIT_BRANCH=master -DMAYAUSD_LOCATION=/local/S/jenkins/workspace/shared/Artifactory/OSX/mayausd-cotd-debug/202401312329/runtime/e642f63/mayausd/MayaUSD "/Volumes/DATA/local/S/jenkins/workspace/ECP/ecg-maya-hydra/ecg-maya-hydra-branch-preflight-python3-osx/ecg-maya-hydra/maya-hydra"'
[2024-02-06T14:41:08.030Z]     See /local/S/jenkins/workspace/ECP/ecg-maya-hydra/ecg-maya-hydra-branch-preflight-python3-osx/build/Debug/build_log.txt for more details.
[2024-02-06T14:41:08.030Z] build.py: error: Command failed with error code: 1
[Pipeline] }
[Pipeline] // withEnv
[Pipeline] }
[Pipeline] // timeout
[Pipeline] }
[Pipeline] // stage
[Pipeline] }
[Pipeline] // timestamps
[Pipeline] emailextrecipients
Not sending mail to user ecg.jenkins@autodesk.com with no permission to view ECP  ecg-maya-hydra  Maya Hydra [Python 3, Interactive] - Branch - Preflight (OSX) [M1/UB2] #552Not sending mail to user ecg.jenkins@autodesk.com with no permission to view ECP  ecg-maya-hydra  Maya Hydra [Python 3, Interactive] - Branch - Preflight (OSX) [M1/UB2] #552[Pipeline] echo
No recipients to send notification.
[Pipeline] }
[Pipeline] // node
[Pipeline] End of Pipeline
ERROR: script returned exit code 1
[Checks API] No suitable checks publisher found.
Finished: FAILURE
