================================================================================
                                 setup (Debug)
================================================================================
Installing license file 'melicense.lic'.
[Pipeline] }
[Pipeline] // withEnv
[Pipeline] withEnv
[Pipeline] {
[Pipeline] sh
[ecg-mayausd-branch-preflight-python3-osx] Running shell script
+ python ecg-maya-usd/build.py --stages=setup --workspace-dir=/local/S/jenkins/workspace/ecg-mayausd-branch-preflight-python3-osx --artifactory-dir=/local/S/jenkins/workspace/shared/Artifactory --build-dir=/local/S/jenkins/workspace/ecg-mayausd-branch-preflight-python3-osx/build --install-dir=/local/S/jenkins/workspace/ecg-mayausd-branch-preflight-python3-osx/install --signing-dir=/local/S/jenkins/workspace/ecg-mayausd-branch-preflight-python3-osx/signing --package-dir=/local/S/jenkins/workspace/ecg-mayausd-branch-preflight-python3-osx/package --output-dir=/local/S/jenkins/workspace/ecg-mayausd-branch-preflight-python3-osx/output --stash-dir=/local/S/jenkins/workspace/ecg-mayausd-branch-preflight-python3-osx/stash --jenkins-build=853 --git-commit=5bc1184c4fa9b193e199d9e396b0cc5f12832e48 --git-branch=master --variants=RelWithDebInfo --python=3 --post-zips=false --extra-license-file=ecg-maya-usd/jenkins/melicense.lic --prune-versions=2 --prune-revisions=2 --maya-cut-config=maya-rundev-master.yaml --stage-banner --prune-artifacts --force-pruning
Getting Maya cut download URL from Maya SHA-1 hash
Finding Artifactory servers response times
[VERBOSE] Start loading URL (CURL): https://art-bobcat.autodesk.com/artifactory/api/search/checksum?sha1=6889a6581b30e6a1f933a1ec38124f1bc5fe0875
[DEBUG] Running: /usr/bin/curl -s -X GET --keepalive-time 10 --connect-timeout 60 --speed-limit 10000 --speed-time 60 --max-time 3600 --retry 5 --retry-max-time 2400 -H Connection:close -H Authorization:Basic ZWNnYmlmcm9zdDpvcGUqKjAw https://art-bobcat.autodesk.com/artifactory/api/search/checksum?sha1=6889a6581b30e6a1f933a1ec38124f1bc5fe0875
[DEBUG] Output:
{
  "results" : [ {
    "uri" : "https://art-bobcat.autodesk.com:443/artifactory/api/storage/oss-stg-generic/Maya/master/2021-05-01-09-15/osx/202105010915-0019afe294-RUNDEV.dmg"
  } ]
}
[VERBOSE] End loading URL (CURL): https://art-bobcat.autodesk.com/artifactory/api/search/checksum?sha1=6889a6581b30e6a1f933a1ec38124f1bc5fe0875
[VERBOSE] Start loading URL (CURL): https://art-bobcat.autodesk.com:443/artifactory/api/storage/oss-stg-generic/Maya/master/2021-05-01-09-15/osx/202105010915-0019afe294-RUNDEV.dmg
[DEBUG] Running: /usr/bin/curl -s -X GET --keepalive-time 10 --connect-timeout 60 --speed-limit 10000 --speed-time 60 --max-time 3600 --retry 5 --retry-max-time 2400 -H Connection:close -H Authorization:Basic ZWNnYmlmcm9zdDpvcGUqKjAw https://art-bobcat.autodesk.com:443/artifactory/api/storage/oss-stg-generic/Maya/master/2021-05-01-09-15/osx/202105010915-0019afe294-RUNDEV.dmg
[DEBUG] Output:
{
  "repo" : "oss-stg-generic",
  "path" : "/Maya/master/2021-05-01-09-15/osx/202105010915-0019afe294-RUNDEV.dmg",
  "created" : "2021-05-01T13:04:12.263-07:00",
  "createdBy" : "svc_p_mescm",
  "lastModified" : "2021-05-01T12:46:40.790-07:00",
  "modifiedBy" : "svc_p_mescm",
  "lastUpdated" : "2021-05-01T13:04:12.264-07:00",
  "downloadUri" : "https://art-bobcat.autodesk.com:443/artifactory/oss-stg-generic/Maya/master/2021-05-01-09-15/osx/202105010915-0019afe294-RUNDEV.dmg",
  "mimeType" : "application/octet-stream",
  "size" : "1930571100",
  "checksums" : {
    "sha1" : "6889a6581b30e6a1f933a1ec38124f1bc5fe0875",
    "md5" : "daae711fea4330938d212adf5f596574",
    "sha256" : "956d8eb22faad808a023e8134af3e250c4a7cfd03f718baf88283dcd4ee8e569"
  },
  "originalChecksums" : {
    "sha1" : "6889a6581b30e6a1f933a1ec38124f1bc5fe0875",
    "md5" : "daae711fea4330938d212adf5f596574",
    "sha256" : "956d8eb22faad808a023e8134af3e250c4a7cfd03f718baf88283dcd4ee8e569"
  },
  "uri" : "https://art-bobcat.autodesk.com:443/artifactory/api/storage/oss-stg-generic/Maya/master/2021-05-01-09-15/osx/202105010915-0019afe294-RUNDEV.dmg"
}
[VERBOSE] End loading URL (CURL): https://art-bobcat.autodesk.com:443/artifactory/api/storage/oss-stg-generic/Maya/master/2021-05-01-09-15/osx/202105010915-0019afe294-RUNDEV.dmg
Using Maya cut from /local/S/jenkins/workspace/shared/Artifactory/OSX/rundev-master/202105010915/runtime/6889a65
Pruning artifacts in /local/S/jenkins/workspace/shared/Artifactory/OSX
The following artifact versions will be pruned:
	rundev-master-debug/202104271515
Removing directory: /local/S/jenkins/workspace/shared/Artifactory/OSX/rundev-master-debug/202104271515
[VERBOSE] Start loading URL (CURL): https://art-bobcat.autodesk.com:443/artifactory/api/storage/oss-stg-generic/Maya/master/2021-05-01-09-15/osx/202105010915-0019afe294-RUNDEV.dmg.multipart
[DEBUG] Running: /usr/bin/curl -s -X GET --keepalive-time 10 --connect-timeout 60 --speed-limit 10000 --speed-time 60 --max-time 3600 --retry 5 --retry-max-time 2400 -H Connection:close -H Authorization:Basic ZWNnYmlmcm9zdDpvcGUqKjAw https://art-bobcat.autodesk.com:443/artifactory/api/storage/oss-stg-generic/Maya/master/2021-05-01-09-15/osx/202105010915-0019afe294-RUNDEV.dmg.multipart
[DEBUG] Output:
{
  "errors" : [ {
    "status" : 404,
    "message" : "Unable to find item"
  } ]
}
[VERBOSE] End loading URL (CURL): https://art-bobcat.autodesk.com:443/artifactory/api/storage/oss-stg-generic/Maya/master/2021-05-01-09-15/osx/202105010915-0019afe294-RUNDEV.dmg.multipart
Downloading https://art-bobcat.autodesk.com:443/artifactory/oss-stg-generic/Maya/master/2021-05-01-09-15/osx/202105010915-0019afe294-RUNDEV.dmg to /local/S/jenkins/workspace/shared/Artifactory/OSX/tmp/tmp0asdIT
[VERBOSE] Start downloading file (CURL): https://art-bobcat.autodesk.com:443/artifactory/oss-stg-generic/Maya/master/2021-05-01-09-15/osx/202105010915-0019afe294-RUNDEV.dmg
[DEBUG] Running: /usr/bin/curl -sI -X GET --keepalive-time 10 --connect-timeout 60 --speed-limit 10000 --speed-time 60 --max-time 3600 --retry 5 --retry-max-time 2400 -H Connection:close -H Authorization:Basic ZWNnYmlmcm9zdDpvcGUqKjAw https://art-bobcat.autodesk.com:443/artifactory/oss-stg-generic/Maya/master/2021-05-01-09-15/osx/202105010915-0019afe294-RUNDEV.dmg
[DEBUG] Header:
HTTP/1.1 200 OK
Date: Tue, 04 May 2021 18:38:50 GMT
Content-Type: application/octet-stream
Content-Length: 1930571100
Connection: close
X-JFrog-Version: Artifactory/7.10.2 71002900
X-Artifactory-Id: 5aa32083ab9e0a4fce139038706e4ca4cef2d476
X-Artifactory-Node-Id: ussclpdrsync007
Last-Modified: Sat, 01 May 2021 19:46:40 GMT
ETag: 6889a6581b30e6a1f933a1ec38124f1bc5fe0875
X-Checksum-Sha1: 6889a6581b30e6a1f933a1ec38124f1bc5fe0875
X-Checksum-Sha256: 956d8eb22faad808a023e8134af3e250c4a7cfd03f718baf88283dcd4ee8e569
X-Checksum-Md5: daae711fea4330938d212adf5f596574
Accept-Ranges: bytes
X-Artifactory-Filename: 202105010915-0019afe294-RUNDEV.dmg
Content-Disposition: attachment; filename="202105010915-0019afe294-RUNDEV.dmg"; filename*=UTF-8''202105010915-0019afe294-RUNDEV.dmg
Access-Control-Allow-Methods: GET, PUT, POST, OPTIONS, HEAD
Access-Control-Allow-Headers: Authorization, Origin, X-Requested-With, Content-Type, Accept
Access-Control-Allow-Credentials: true
Set-Cookie: AlteonSC=2539135754.47873.0000; path=/; Httponly; Secure
[DEBUG] Running: /usr/bin/curl --progress-bar -X GET --keepalive-time 10 --connect-timeout 60 --speed-limit 10000 --speed-time 60 --max-time 3600 --retry 5 --retry-max-time 2400 -H Connection:close -H Authorization:Basic ZWNnYmlmcm9zdDpvcGUqKjAw https://art-bobcat.autodesk.com:443/artifactory/oss-stg-generic/Maya/master/2021-05-01-09-15/osx/202105010915-0019afe294-RUNDEV.dmg -o /local/S/jenkins/workspace/shared/Artifactory/OSX/tmp/tmp0asdIT/202105010915-0019afe294-RUNDEV.dmg
      0% complete.
      1% complete.
      2% complete.
      3% complete.
      4% complete.
      5% complete.
      6% complete.
      7% complete.
      8% complete.
      9% complete.
Hard kill!
Finished: ABORTED
