================================================================================
                                 setup (Debug)
================================================================================
[Pipeline] }
[Pipeline] // withEnv
[Pipeline] withEnv
[Pipeline] {
[Pipeline] sh
[ecg-mayausd-branch-preflight-python3-linux] Running shell script
+ scl enable devtoolset-6 -
python ecg-maya-usd/build.py --stages=setup --workspace-dir=/local/S/jenkins/workspace/ecg-mayausd-branch-preflight-python3-linux --artifactory-dir=/local/S/jenkins/workspace/shared/Artifactory --build-dir=/local/S/jenkins/workspace/ecg-mayausd-branch-preflight-python3-linux/build --install-dir=/local/S/jenkins/workspace/ecg-mayausd-branch-preflight-python3-linux/install --signing-dir=/local/S/jenkins/workspace/ecg-mayausd-branch-preflight-python3-linux/signing --package-dir=/local/S/jenkins/workspace/ecg-mayausd-branch-preflight-python3-linux/package --output-dir=/local/S/jenkins/workspace/ecg-mayausd-branch-preflight-python3-linux/output --stash-dir=/local/S/jenkins/workspace/ecg-mayausd-branch-preflight-python3-linux/stash --jenkins-build=863 --git-commit=0be9c22742dd5f830a3f872a97f3f38782c9216b --git-branch=master --variants=RelWithDebInfo --python=3 --post-zips=false --extra-license-file=ecg-maya-usd/jenkins/melicense.lic --prune-versions=2 --prune-revisions=2 --maya-cut-config=maya-rundev-master.yaml --stage-banner --prune-artifacts --force-pruning
Using Maya cut from /local/S/jenkins/workspace/shared/Artifactory/Linux/rundev-master/202105040821/runtime/d7ec8d4

================================================================================
                             setup (RelWithDebInfo)
================================================================================
[Pipeline] }
[Pipeline] // withEnv
[Pipeline] }
[Pipeline] // stage
[Pipeline] }
[Pipeline] // timestamps
[Pipeline] }
[Pipeline] // timeout
[Pipeline] timeout
Timeout set to expire in 6 hr 0 min
[Pipeline] {
[Pipeline] timestamps
[Pipeline] {
[Pipeline] stage
[Pipeline] { (Clean)
[Pipeline] withEnv
[Pipeline] {
Calling Pipeline was cancelled
[Pipeline] sh
[ecg-mayausd-branch-preflight-python3-linux] Running shell script
Sending interrupt signal to process
+ scl enable devtoolset-6 -
python ecg-maya-usd/build.py --stages=clean --workspace-dir=/local/S/jenkins/workspace/ecg-mayausd-branch-preflight-python3-linux --artifactory-dir=/local/S/jenkins/workspace/shared/Artifactory --build-dir=/local/S/jenkins/workspace/ecg-mayausd-branch-preflight-python3-linux/build --install-dir=/local/S/jenkins/workspace/ecg-mayausd-branch-preflight-python3-linux/install --signing-dir=/local/S/jenkins/workspace/ecg-mayausd-branch-preflight-python3-linux/signing --package-dir=/local/S/jenkins/workspace/ecg-mayausd-branch-preflight-python3-linux/package --output-dir=/local/S/jenkins/workspace/ecg-mayausd-branch-preflight-python3-linux/output --stash-dir=/local/S/jenkins/workspace/ecg-mayausd-branch-preflight-python3-linux/stash --jenkins-build=863 --git-commit=0be9c22742dd5f830a3f872a97f3f38782c9216b --git-branch=master --variants=Debug --python=3 --post-zips=false --maya-cut-config=maya-rundev-master-debug.yaml --stage-banner
/var/tmp/scltOkFWI: line 9: 19109 Terminated              python ecg-maya-usd/build.py --stages=clean --workspace-dir=/local/S/jenkins/workspace/ecg-mayausd-branch-preflight-python3-linux --artifactory-dir=/local/S/jenkins/workspace/shared/Artifactory --build-dir=/local/S/jenkins/workspace/ecg-mayausd-branch-preflight-python3-linux/build --install-dir=/local/S/jenkins/workspace/ecg-mayausd-branch-preflight-python3-linux/install --signing-dir=/local/S/jenkins/workspace/ecg-mayausd-branch-preflight-python3-linux/signing --package-dir=/local/S/jenkins/workspace/ecg-mayausd-branch-preflight-python3-linux/package --output-dir=/local/S/jenkins/workspace/ecg-mayausd-branch-preflight-python3-linux/output --stash-dir=/local/S/jenkins/workspace/ecg-mayausd-branch-preflight-python3-linux/stash --jenkins-build=863 --git-commit=0be9c22742dd5f830a3f872a97f3f38782c9216b --git-branch=master --variants=Debug --python=3 --post-zips=false --maya-cut-config=maya-rundev-master-debug.yaml --stage-banner
[Pipeline] }
[Pipeline] // withEnv
[Pipeline] }
[Pipeline] // stage
[Pipeline] }
[Pipeline] // timestamps
[Pipeline] }
[Pipeline] // timeout
[Pipeline] emailextrecipients
[Pipeline] echo
No recipients to send notification.
[Pipeline] }
[Pipeline] // node
[Pipeline] End of Pipeline
ERROR: script returned exit code 143
Finished: ABORTED
