================================================================================
                             setup (RelWithDebInfo)
================================================================================
Deleting subst P:
Deleting subst W:
[Pipeline] }
[Pipeline] // withEnv
[Pipeline] }
[Pipeline] // stage
[Pipeline] }
[Pipeline] // timestamps
[Pipeline] }
[Pipeline] // timeout
[Pipeline] timeout
Timeout set to expire in 6 hr 0 min
[Pipeline] {
[Pipeline] timestamps
[Pipeline] {
[Pipeline] stage
[Pipeline] { (Clean)
[Pipeline] withEnv
[Pipeline] {
[Pipeline] bat
[ecg-mayausd-branch-preflight-2022-windows] Running batch script
Subst W: S:\jenkins\workspace\ecg-mayausd-branch-preflight-2022-windows
Subst P: S:\jenkins\workspace
"C:\Program Files (x86)\Microsoft Visual Studio\2017\Professional\VC\Auxiliary\Build\vcvarsall.bat" x64
**********************************************************************
** Visual Studio 2017 Developer Command Prompt v15.9.15
** Copyright (c) 2017 Microsoft Corporation
**********************************************************************
Calling Pipeline was cancelled
[vcvarsall.bat] Environment initialized for: 'x64'
python ecg-maya-usd/build.py --stages=clean --workspace-dir=W:\ --artifactory-dir=P:\shared\Artifactory --build-dir=W:\build --install-dir=W:\install --signing-dir=W:\signing --package-dir=W:\package --output-dir=W:\output --stash-dir=W:\stash --jenkins-build=441 --git-commit=0be9c22742dd5f830a3f872a97f3f38782c9216b --git-branch=master --variants=RelWithDebInfo --python=2 --post-zips=false --maya-cut-config=maya-rundev-2022.yaml --stage-banner
Sending interrupt signal to process
Using Maya cut from P:\shared\Artifactory\Windows\rundev-2022\202105041415\runtime\1bf8b6c

================================================================================
                             clean (RelWithDebInfo)
================================================================================
Maya Python RelWithDebInfo Info:
  mayapy executable   = P:\shared\Artifactory\Windows\rundev-2022\202105041415\runtime\1bf8b6c\runTime\bin\mayapy2.exe
  Include Folder      = P:\shared\Artifactory\Windows\rundev-2022\202105041415\runtime\1bf8b6c\runTime\include\Python27\Python
  Library             = P:\shared\Artifactory\Windows\rundev-2022\202105041415\runtime\1bf8b6c\runTime\lib\python27.lib
  site-package Folder = P:\shared\Artifactory\Windows\rundev-2022\202105041415\runtime\1bf8b6c\runTime\Python27\Lib\site-packages
build.py: error: Command failed with error code: -1073741502
Deleting subst P:
[Pipeline] }
[Pipeline] // withEnv
[Pipeline] }
[Pipeline] // stage
[Pipeline] }
[Pipeline] // timestamps
[Pipeline] }
[Pipeline] // timeout
[Pipeline] emailextrecipients
[Pipeline] echo
No recipients to send notification.
[Pipeline] }
[Pipeline] // node
[Pipeline] End of Pipeline
ERROR: script returned exit code -1073741502
Finished: ABORTED
