================================================================================
                             setup (RelWithDebInfo)
================================================================================
Deleting subst P:
Deleting subst W:
[Pipeline] }
[Pipeline] // withEnv
[Pipeline] }
[Pipeline] // stage
[Pipeline] }
[Pipeline] // timestamps
[Pipeline] }
[Pipeline] // timeout
[Pipeline] timeout
Timeout set to expire in 6 hr 0 min
[Pipeline] {
[Pipeline] timestamps
[Pipeline] {
[Pipeline] stage
[Pipeline] { (Clean)
[Pipeline] withEnv
[Pipeline] {
[Pipeline] bat
[ecg-mayausd-branch-preflight-2022-python2-pxrusd-0.20.02-interactive-windows] Running batch script
Subst W: S:\jenkins\workspace\ecg-mayausd-branch-preflight-2022-python2-pxrusd-0.20.02-interactive-windows
Subst P: S:\jenkins\workspace
"C:\Program Files (x86)\Microsoft Visual Studio\2017\Professional\VC\Auxiliary\Build\vcvarsall.bat" x64
**********************************************************************
** Visual Studio 2017 Developer Command Prompt v15.9.15
** Copyright (c) 2017 Microsoft Corporation
**********************************************************************
[vcvarsall.bat] Environment initialized for: 'x64'
python ecg-maya-usd/build.py --stages=clean --workspace-dir=W:\ --artifactory-dir=P:\shared\Artifactory --build-dir=W:\build --install-dir=W:\install --signing-dir=W:\signing --package-dir=W:\package --output-dir=W:\output --stash-dir=W:\stash --jenkins-build=131 --git-commit=1502f55e15165b08089f2c57da616a1212a32c66 --git-branch=master --variants=RelWithDebInfo --python=2 --pxrusd-version=0.20.2-adsk1 --interactive-tests=true --post-zips=false --maya-cut-config=maya-rundev-2022.yaml --maya-cut-id=202105191053-29bfc1879c --stage-banner
Finding Artifactory servers response times
[VERBOSE] Start loading URL (CURL): https://art-bobcat.autodesk.com/artifactory/api/system/ping
[DEBUG] Running: C:\WINDOWS\system32\curl.exe -s -X GET --keepalive-time 10 --connect-timeout 60 --speed-limit 10000 --speed-time 60 --max-time 1800 --retry 5 --retry-max-time 2400 -H Connection:close https://art-bobcat.autodesk.com/artifactory/api/system/ping
[DEBUG] Output:
OK
[VERBOSE] End loading URL (CURL): https://art-bobcat.autodesk.com/artifactory/api/system/ping
[VERBOSE] Start loading URL (CURL): https://art-marmotte.autodesk.com/artifactory/api/system/ping
[DEBUG] Running: C:\WINDOWS\system32\curl.exe -s -X GET --keepalive-time 10 --connect-timeout 60 --speed-limit 10000 --speed-time 60 --max-time 1800 --retry 5 --retry-max-time 2400 -H Connection:close https://art-marmotte.autodesk.com/artifactory/api/system/ping
[DEBUG] Output:
OK
[VERBOSE] End loading URL (CURL): https://art-marmotte.autodesk.com/artifactory/api/system/ping
[VERBOSE] Start loading URL (CURL): https://art-bear.autodesk.com/artifactory/api/system/ping
[DEBUG] Running: C:\WINDOWS\system32\curl.exe -s -X GET --keepalive-time 10 --connect-timeout 60 --speed-limit 10000 --speed-time 60 --max-time 1800 --retry 5 --retry-max-time 2400 -H Connection:close https://art-bear.autodesk.com/artifactory/api/system/ping
[DEBUG] Output:
OK
[VERBOSE] End loading URL (CURL): https://art-bear.autodesk.com/artifactory/api/system/ping
[VERBOSE] Start loading URL (CURL): https://art-cougar.autodesk.com/artifactory/api/system/ping
[DEBUG] Running: C:\WINDOWS\system32\curl.exe -s -X GET --keepalive-time 10 --connect-timeout 60 --speed-limit 10000 --speed-time 60 --max-time 1800 --retry 5 --retry-max-time 2400 -H Connection:close https://art-cougar.autodesk.com/artifactory/api/system/ping
[DEBUG] Output:
OK
[VERBOSE] End loading URL (CURL): https://art-cougar.autodesk.com/artifactory/api/system/ping
[VERBOSE] Start loading URL (CURL): https://art-panda.autodesk.com/artifactory/api/system/ping
[DEBUG] Running: C:\WINDOWS\system32\curl.exe -s -X GET --keepalive-time 10 --connect-timeout 60 --speed-limit 10000 --speed-time 60 --max-time 1800 --retry 5 --retry-max-time 2400 -H Connection:close https://art-panda.autodesk.com/artifactory/api/system/ping
[DEBUG] Output:
OK
[VERBOSE] End loading URL (CURL): https://art-panda.autodesk.com/artifactory/api/system/ping
[VERBOSE] Start loading URL (CURL): https://art-hare.autodesk.com/artifactory/api/system/ping
[DEBUG] Running: C:\WINDOWS\system32\curl.exe -s -X GET --keepalive-time 10 --connect-timeout 60 --speed-limit 10000 --speed-time 60 --max-time 1800 --retry 5 --retry-max-time 2400 -H Connection:close https://art-hare.autodesk.com/artifactory/api/system/ping
[DEBUG] Output:
OK
[VERBOSE] End loading URL (CURL): https://art-hare.autodesk.com/artifactory/api/system/ping
[VERBOSE] Start loading URL (CURL): https://art-lion.autodesk.com/artifactory/api/system/ping
[DEBUG] Running: C:\WINDOWS\system32\curl.exe -s -X GET --keepalive-time 10 --connect-timeout 60 --speed-limit 10000 --speed-time 60 --max-time 1800 --retry 5 --retry-max-time 2400 -H Connection:close https://art-lion.autodesk.com/artifactory/api/system/ping
[DEBUG] Output:
OK
[VERBOSE] End loading URL (CURL): https://art-lion.autodesk.com/artifactory/api/system/ping
[VERBOSE] Start loading URL (CURL): https://art-kangaroo.autodesk.com/artifactory/api/system/ping
[DEBUG] Running: C:\WINDOWS\system32\curl.exe -s -X GET --keepalive-time 10 --connect-timeout 60 --speed-limit 10000 --speed-time 60 --max-time 1800 --retry 5 --retry-max-time 2400 -H Connection:close https://art-kangaroo.autodesk.com/artifactory/api/system/ping
[DEBUG] Output:
OK
[VERBOSE] End loading URL (CURL): https://art-kangaroo.autodesk.com/artifactory/api/system/ping
Checking server art-bobcat.autodesk.com for artifacts matching properties:
	cut_id=202105191053-29bfc1879c
	package=rundev-2022
	platform=win
[VERBOSE] Start loading URL (CURL): https://art-bobcat.autodesk.com/artifactory/api/search/aql
[DEBUG] Running: C:\WINDOWS\system32\curl.exe -s -X POST --keepalive-time 10 --connect-timeout 60 --speed-limit 10000 --speed-time 60 --max-time 1800 --retry 5 --retry-max-time 2400 -H Connection:close -H Authorization:Basic ZWNnYmlmcm9zdDpvcGUqKjAw -H Content-Type:text/plain --data items.find({"@cut_id": "202105191053-29bfc1879c", "@package": "rundev-2022", "@platform": "win"}) https://art-bobcat.autodesk.com/artifactory/api/search/aql
[DEBUG] Output:
{
"results" : [ {
  "repo" : "oss-stg-generic",
  "path" : "Maya/2022/2021-05-19-10-53/windows",
  "name" : "202105191053-29bfc1879c-RUNDEV.zip",
  "type" : "file",
  "size" : 1650110847,
  "created" : "2021-05-19T16:06:33.031-07:00",
  "created_by" : "svc_p_mescm",
  "modified" : "2021-05-19T15:38:02.320-07:00",
  "modified_by" : "svc_p_mescm",
  "updated" : "2021-05-19T16:06:33.032-07:00"
},{
  "repo" : "oss-stg-generic",
  "path" : "Maya/2022/2021-05-19-10-53.Gold/windows",
  "name" : "202105191053-29bfc1879c-RUNDEV.zip",
  "type" : "file",
  "size" : 1650110847,
  "created" : "2021-05-19T19:02:46.222-07:00",
  "created_by" : "svc_p_mescm",
  "modified" : "2021-05-19T18:34:10.096-07:00",
  "modified_by" : "svc_p_mescm",
  "updated" : "2021-05-19T19:02:46.223-07:00"
} ],
"range" : {
  "start_pos" : 0,
  "end_pos" : 2,
  "total" : 2
}
}
[VERBOSE] End loading URL (CURL): https://art-bobcat.autodesk.com/artifactory/api/search/aql
Multiple artifacts matching the selection properties were found on server art-bobcat.autodesk.com.
[VERBOSE] Start loading URL (CURL): https://art-bobcat.autodesk.com/artifactory/api/storage/oss-stg-generic/Maya/2022/2021-05-19-10-53/windows/202105191053-29bfc1879c-RUNDEV.zip
[DEBUG] Running: C:\WINDOWS\system32\curl.exe -s -X GET --keepalive-time 10 --connect-timeout 60 --speed-limit 10000 --speed-time 60 --max-time 1800 --retry 5 --retry-max-time 2400 -H Connection:close -H Authorization:Basic ZWNnYmlmcm9zdDpvcGUqKjAw https://art-bobcat.autodesk.com/artifactory/api/storage/oss-stg-generic/Maya/2022/2021-05-19-10-53/windows/202105191053-29bfc1879c-RUNDEV.zip
[DEBUG] Output:
{
  "repo" : "oss-stg-generic",
  "path" : "/Maya/2022/2021-05-19-10-53/windows/202105191053-29bfc1879c-RUNDEV.zip",
  "created" : "2021-05-19T16:06:33.031-07:00",
  "createdBy" : "svc_p_mescm",
  "lastModified" : "2021-05-19T15:38:02.320-07:00",
  "modifiedBy" : "svc_p_mescm",
  "lastUpdated" : "2021-05-19T16:06:33.032-07:00",
  "downloadUri" : "https://art-bobcat.autodesk.com:443/artifactory/oss-stg-generic/Maya/2022/2021-05-19-10-53/windows/202105191053-29bfc1879c-RUNDEV.zip",
  "mimeType" : "application/zip",
  "size" : "1650110847",
  "checksums" : {
    "sha1" : "afaaa3d25493885df25ec84e99344b947aeaca90",
    "md5" : "c037eefa6e0c389f41e4039d40efce99",
    "sha256" : "dcc58bcfc8609d6220a74414eae7393fc27694a8594299fb4e52d87dd21726fb"
  },
  "originalChecksums" : {
    "sha1" : "afaaa3d25493885df25ec84e99344b947aeaca90",
    "md5" : "c037eefa6e0c389f41e4039d40efce99",
    "sha256" : "dcc58bcfc8609d6220a74414eae7393fc27694a8594299fb4e52d87dd21726fb"
  },
  "uri" : "https://art-bobcat.autodesk.com:443/artifactory/api/storage/oss-stg-generic/Maya/2022/2021-05-19-10-53/windows/202105191053-29bfc1879c-RUNDEV.zip"
}
[VERBOSE] End loading URL (CURL): https://art-bobcat.autodesk.com/artifactory/api/storage/oss-stg-generic/Maya/2022/2021-05-19-10-53/windows/202105191053-29bfc1879c-RUNDEV.zip
[VERBOSE] Start loading URL (CURL): https://art-bobcat.autodesk.com/artifactory/api/storage/oss-stg-generic/Maya/2022/2021-05-19-10-53.Gold/windows/202105191053-29bfc1879c-RUNDEV.zip
[DEBUG] Running: C:\WINDOWS\system32\curl.exe -s -X GET --keepalive-time 10 --connect-timeout 60 --speed-limit 10000 --speed-time 60 --max-time 1800 --retry 5 --retry-max-time 2400 -H Connection:close -H Authorization:Basic ZWNnYmlmcm9zdDpvcGUqKjAw https://art-bobcat.autodesk.com/artifactory/api/storage/oss-stg-generic/Maya/2022/2021-05-19-10-53.Gold/windows/202105191053-29bfc1879c-RUNDEV.zip
[DEBUG] Output:
{
  "repo" : "oss-stg-generic",
  "path" : "/Maya/2022/2021-05-19-10-53.Gold/windows/202105191053-29bfc1879c-RUNDEV.zip",
  "created" : "2021-05-19T19:02:46.222-07:00",
  "createdBy" : "svc_p_mescm",
  "lastModified" : "2021-05-19T18:34:10.096-07:00",
  "modifiedBy" : "svc_p_mescm",
  "lastUpdated" : "2021-05-19T19:02:46.223-07:00",
  "downloadUri" : "https://art-bobcat.autodesk.com:443/artifactory/oss-stg-generic/Maya/2022/2021-05-19-10-53.Gold/windows/202105191053-29bfc1879c-RUNDEV.zip",
  "mimeType" : "application/zip",
  "size" : "1650110847",
  "checksums" : {
    "sha1" : "75ce724ec25d6059a1485789ba50f46562c66b00",
    "md5" : "f1ae76e064209fa12f3198469607ef12",
    "sha256" : "d7f808390b03025e6387dda1e7ea7002436e08b56b0dad4067b44a58f37316e0"
  },
  "originalChecksums" : {
    "sha1" : "75ce724ec25d6059a1485789ba50f46562c66b00",
    "md5" : "f1ae76e064209fa12f3198469607ef12",
    "sha256" : "d7f808390b03025e6387dda1e7ea7002436e08b56b0dad4067b44a58f37316e0"
  },
  "uri" : "https://art-bobcat.autodesk.com:443/artifactory/api/storage/oss-stg-generic/Maya/2022/2021-05-19-10-53.Gold/windows/202105191053-29bfc1879c-RUNDEV.zip"
}
[VERBOSE] End loading URL (CURL): https://art-bobcat.autodesk.com/artifactory/api/storage/oss-stg-generic/Maya/2022/2021-05-19-10-53.Gold/windows/202105191053-29bfc1879c-RUNDEV.zip
Query returned artifacts with different hashes.
Selecting latest Maya cut
[VERBOSE] Start loading URL (CURL): https://art-bobcat.autodesk.com:443/artifactory/api/storage/oss-stg-generic/Maya/2022/2021-05-19-10-53/windows/202105191053-29bfc1879c-RUNDEV.zip
[DEBUG] Running: C:\WINDOWS\system32\curl.exe -s -X GET --keepalive-time 10 --connect-timeout 60 --speed-limit 10000 --speed-time 60 --max-time 1800 --retry 5 --retry-max-time 2400 -H Connection:close -H Authorization:Basic ZWNnYmlmcm9zdDpvcGUqKjAw https://art-bobcat.autodesk.com:443/artifactory/api/storage/oss-stg-generic/Maya/2022/2021-05-19-10-53/windows/202105191053-29bfc1879c-RUNDEV.zip
[DEBUG] Output:
{
  "repo" : "oss-stg-generic",
  "path" : "/Maya/2022/2021-05-19-10-53/windows/202105191053-29bfc1879c-RUNDEV.zip",
  "created" : "2021-05-19T16:06:33.031-07:00",
  "createdBy" : "svc_p_mescm",
  "lastModified" : "2021-05-19T15:38:02.320-07:00",
  "modifiedBy" : "svc_p_mescm",
  "lastUpdated" : "2021-05-19T16:06:33.032-07:00",
  "downloadUri" : "https://art-bobcat.autodesk.com:443/artifactory/oss-stg-generic/Maya/2022/2021-05-19-10-53/windows/202105191053-29bfc1879c-RUNDEV.zip",
  "mimeType" : "application/zip",
  "size" : "1650110847",
  "checksums" : {
    "sha1" : "afaaa3d25493885df25ec84e99344b947aeaca90",
    "md5" : "c037eefa6e0c389f41e4039d40efce99",
    "sha256" : "dcc58bcfc8609d6220a74414eae7393fc27694a8594299fb4e52d87dd21726fb"
  },
  "originalChecksums" : {
    "sha1" : "afaaa3d25493885df25ec84e99344b947aeaca90",
    "md5" : "c037eefa6e0c389f41e4039d40efce99",
    "sha256" : "dcc58bcfc8609d6220a74414eae7393fc27694a8594299fb4e52d87dd21726fb"
  },
  "uri" : "https://art-bobcat.autodesk.com:443/artifactory/api/storage/oss-stg-generic/Maya/2022/2021-05-19-10-53/windows/202105191053-29bfc1879c-RUNDEV.zip"
}
[VERBOSE] End loading URL (CURL): https://art-bobcat.autodesk.com:443/artifactory/api/storage/oss-stg-generic/Maya/2022/2021-05-19-10-53/windows/202105191053-29bfc1879c-RUNDEV.zip
[VERBOSE] Start loading URL (CURL): https://art-bobcat.autodesk.com:443/artifactory/api/storage/oss-stg-generic/Maya/2022/2021-05-19-10-53/windows/202105191053-29bfc1879c-RUNDEV.zip?properties
[DEBUG] Running: C:\WINDOWS\system32\curl.exe -s -X GET --keepalive-time 10 --connect-timeout 60 --speed-limit 10000 --speed-time 60 --max-time 1800 --retry 5 --retry-max-time 2400 -H Connection:close -H Authorization:Basic ZWNnYmlmcm9zdDpvcGUqKjAw https://art-bobcat.autodesk.com:443/artifactory/api/storage/oss-stg-generic/Maya/2022/2021-05-19-10-53/windows/202105191053-29bfc1879c-RUNDEV.zip?properties
[DEBUG] Output:
{
  "properties" : {
    "RetentionPolicy" : [ "30" ],
    "branch" : [ "2022" ],
    "change_set" : [ "29bfc1879c621fb870c2f63a78056a5be702ef68" ],
    "cut_id" : [ "202105191053-29bfc1879c" ],
    "package" : [ "rundev-2022" ],
    "platform" : [ "win" ]
  },
  "uri" : "https://art-bobcat.autodesk.com:443/artifactory/api/storage/oss-stg-generic/Maya/2022/2021-05-19-10-53/windows/202105191053-29bfc1879c-RUNDEV.zip"
}
[VERBOSE] End loading URL (CURL): https://art-bobcat.autodesk.com:443/artifactory/api/storage/oss-stg-generic/Maya/2022/2021-05-19-10-53/windows/202105191053-29bfc1879c-RUNDEV.zip?properties
[VERBOSE] Start loading URL (CURL): https://art-bobcat.autodesk.com:443/artifactory/api/storage/oss-stg-generic/Maya/2022/2021-05-19-10-53.Gold/windows/202105191053-29bfc1879c-RUNDEV.zip
[DEBUG] Running: C:\WINDOWS\system32\curl.exe -s -X GET --keepalive-time 10 --connect-timeout 60 --speed-limit 10000 --speed-time 60 --max-time 1800 --retry 5 --retry-max-time 2400 -H Connection:close -H Authorization:Basic ZWNnYmlmcm9zdDpvcGUqKjAw https://art-bobcat.autodesk.com:443/artifactory/api/storage/oss-stg-generic/Maya/2022/2021-05-19-10-53.Gold/windows/202105191053-29bfc1879c-RUNDEV.zip
[DEBUG] Output:
{
  "repo" : "oss-stg-generic",
  "path" : "/Maya/2022/2021-05-19-10-53.Gold/windows/202105191053-29bfc1879c-RUNDEV.zip",
  "created" : "2021-05-19T19:02:46.222-07:00",
  "createdBy" : "svc_p_mescm",
  "lastModified" : "2021-05-19T18:34:10.096-07:00",
  "modifiedBy" : "svc_p_mescm",
  "lastUpdated" : "2021-05-19T19:02:46.223-07:00",
  "downloadUri" : "https://art-bobcat.autodesk.com:443/artifactory/oss-stg-generic/Maya/2022/2021-05-19-10-53.Gold/windows/202105191053-29bfc1879c-RUNDEV.zip",
  "mimeType" : "application/zip",
  "size" : "1650110847",
  "checksums" : {
    "sha1" : "75ce724ec25d6059a1485789ba50f46562c66b00",
    "md5" : "f1ae76e064209fa12f3198469607ef12",
    "sha256" : "d7f808390b03025e6387dda1e7ea7002436e08b56b0dad4067b44a58f37316e0"
  },
  "originalChecksums" : {
    "sha1" : "75ce724ec25d6059a1485789ba50f46562c66b00",
    "md5" : "f1ae76e064209fa12f3198469607ef12",
    "sha256" : "d7f808390b03025e6387dda1e7ea7002436e08b56b0dad4067b44a58f37316e0"
  },
  "uri" : "https://art-bobcat.autodesk.com:443/artifactory/api/storage/oss-stg-generic/Maya/2022/2021-05-19-10-53.Gold/windows/202105191053-29bfc1879c-RUNDEV.zip"
}
[VERBOSE] End loading URL (CURL): https://art-bobcat.autodesk.com:443/artifactory/api/storage/oss-stg-generic/Maya/2022/2021-05-19-10-53.Gold/windows/202105191053-29bfc1879c-RUNDEV.zip
[VERBOSE] Start loading URL (CURL): https://art-bobcat.autodesk.com:443/artifactory/api/storage/oss-stg-generic/Maya/2022/2021-05-19-10-53.Gold/windows/202105191053-29bfc1879c-RUNDEV.zip?properties
[DEBUG] Running: C:\WINDOWS\system32\curl.exe -s -X GET --keepalive-time 10 --connect-timeout 60 --speed-limit 10000 --speed-time 60 --max-time 1800 --retry 5 --retry-max-time 2400 -H Connection:close -H Authorization:Basic ZWNnYmlmcm9zdDpvcGUqKjAw https://art-bobcat.autodesk.com:443/artifactory/api/storage/oss-stg-generic/Maya/2022/2021-05-19-10-53.Gold/windows/202105191053-29bfc1879c-RUNDEV.zip?properties
[DEBUG] Output:
{
  "properties" : {
    "branch" : [ "2022" ],
    "change_set" : [ "29bfc1879c" ],
    "cut_id" : [ "202105191053-29bfc1879c" ],
    "package" : [ "rundev-2022" ],
    "platform" : [ "win" ]
  },
  "uri" : "https://art-bobcat.autodesk.com:443/artifactory/api/storage/oss-stg-generic/Maya/2022/2021-05-19-10-53.Gold/windows/202105191053-29bfc1879c-RUNDEV.zip"
}
[VERBOSE] End loading URL (CURL): https://art-bobcat.autodesk.com:443/artifactory/api/storage/oss-stg-generic/Maya/2022/2021-05-19-10-53.Gold/windows/202105191053-29bfc1879c-RUNDEV.zip?properties
[VERBOSE] Start loading URL (CURL): https://art-bobcat.autodesk.com:443/artifactory/api/storage/oss-stg-generic/Maya/2022/2021-05-19-10-53/windows/202105191053-29bfc1879c-RUNDEV.zip
[DEBUG] Running: C:\WINDOWS\system32\curl.exe -s -X GET --keepalive-time 10 --connect-timeout 60 --speed-limit 10000 --speed-time 60 --max-time 1800 --retry 5 --retry-max-time 2400 -H Connection:close -H Authorization:Basic ZWNnYmlmcm9zdDpvcGUqKjAw https://art-bobcat.autodesk.com:443/artifactory/api/storage/oss-stg-generic/Maya/2022/2021-05-19-10-53/windows/202105191053-29bfc1879c-RUNDEV.zip
[DEBUG] Output:
{
  "repo" : "oss-stg-generic",
  "path" : "/Maya/2022/2021-05-19-10-53/windows/202105191053-29bfc1879c-RUNDEV.zip",
  "created" : "2021-05-19T16:06:33.031-07:00",
  "createdBy" : "svc_p_mescm",
  "lastModified" : "2021-05-19T15:38:02.320-07:00",
  "modifiedBy" : "svc_p_mescm",
  "lastUpdated" : "2021-05-19T16:06:33.032-07:00",
  "downloadUri" : "https://art-bobcat.autodesk.com:443/artifactory/oss-stg-generic/Maya/2022/2021-05-19-10-53/windows/202105191053-29bfc1879c-RUNDEV.zip",
  "mimeType" : "application/zip",
  "size" : "1650110847",
  "checksums" : {
    "sha1" : "afaaa3d25493885df25ec84e99344b947aeaca90",
    "md5" : "c037eefa6e0c389f41e4039d40efce99",
    "sha256" : "dcc58bcfc8609d6220a74414eae7393fc27694a8594299fb4e52d87dd21726fb"
  },
  "originalChecksums" : {
    "sha1" : "afaaa3d25493885df25ec84e99344b947aeaca90",
    "md5" : "c037eefa6e0c389f41e4039d40efce99",
    "sha256" : "dcc58bcfc8609d6220a74414eae7393fc27694a8594299fb4e52d87dd21726fb"
  },
  "uri" : "https://art-bobcat.autodesk.com:443/artifactory/api/storage/oss-stg-generic/Maya/2022/2021-05-19-10-53/windows/202105191053-29bfc1879c-RUNDEV.zip"
}
[VERBOSE] End loading URL (CURL): https://art-bobcat.autodesk.com:443/artifactory/api/storage/oss-stg-generic/Maya/2022/2021-05-19-10-53/windows/202105191053-29bfc1879c-RUNDEV.zip
[VERBOSE] Start loading URL (CURL): https://art-bobcat.autodesk.com:443/artifactory/api/storage/oss-stg-generic/Maya/2022/2021-05-19-10-53/windows/202105191053-29bfc1879c-RUNDEV.zip?properties
[DEBUG] Running: C:\WINDOWS\system32\curl.exe -s -X GET --keepalive-time 10 --connect-timeout 60 --speed-limit 10000 --speed-time 60 --max-time 1800 --retry 5 --retry-max-time 2400 -H Connection:close -H Authorization:Basic ZWNnYmlmcm9zdDpvcGUqKjAw https://art-bobcat.autodesk.com:443/artifactory/api/storage/oss-stg-generic/Maya/2022/2021-05-19-10-53/windows/202105191053-29bfc1879c-RUNDEV.zip?properties
[DEBUG] Output:
{
  "properties" : {
    "RetentionPolicy" : [ "30" ],
    "branch" : [ "2022" ],
    "change_set" : [ "29bfc1879c621fb870c2f63a78056a5be702ef68" ],
    "cut_id" : [ "202105191053-29bfc1879c" ],
    "package" : [ "rundev-2022" ],
    "platform" : [ "win" ]
  },
  "uri" : "https://art-bobcat.autodesk.com:443/artifactory/api/storage/oss-stg-generic/Maya/2022/2021-05-19-10-53/windows/202105191053-29bfc1879c-RUNDEV.zip"
}
[VERBOSE] End loading URL (CURL): https://art-bobcat.autodesk.com:443/artifactory/api/storage/oss-stg-generic/Maya/2022/2021-05-19-10-53/windows/202105191053-29bfc1879c-RUNDEV.zip?properties
Using Maya cut from P:\shared\Artifactory\Windows\rundev-2022\202105191053\runtime\afaaa3d

================================================================================
                             clean (RelWithDebInfo)
================================================================================
Maya Python RelWithDebInfo Info:
  mayapy executable   = P:\shared\Artifactory\Windows\rundev-2022\202105191053\runtime\afaaa3d\runTime\bin\mayapy2.exe
  Include Folder      = P:\shared\Artifactory\Windows\rundev-2022\202105191053\runtime\afaaa3d\runTime\include\Python27\Python
  Library             = P:\shared\Artifactory\Windows\rundev-2022\202105191053\runtime\afaaa3d\runTime\lib\python27.lib
  site-package Folder = P:\shared\Artifactory\Windows\rundev-2022\202105191053\runtime\afaaa3d\runTime\Python27\Lib\site-packages
In workdir: S:\jenkins\workspace\ecg-mayausd-branch-preflight-2022-python2-pxrusd-0.20.02-interactive-windows\ecg-maya-usd\maya-usd
Executing: 'P:\\shared\\Artifactory\\Windows\\rundev-2022\\202105191053\\runtime\\afaaa3d\\runTime\\bin\\mayapy2.exe' 'S:\\jenkins\\workspace\\ecg-mayausd-branch-preflight-2022-python2-pxrusd-0.20.02-interactive-windows\\ecg-maya-usd\\maya-usd\\build.py' --generator Ninja --build-relwithdebug --maya-location 'P:\\shared\\Artifactory\\Windows\\rundev-2022\\202105191053\\runtime\\afaaa3d\\runTime' --devkit-location 'P:\\shared\\Artifactory\\Windows\\rundev-2022\\202105191053\\runtime\\afaaa3d\\devkitBase' --pxrusd-location 'P:\\shared\\Artifactory\\Windows\\USD\\bc76c60' --qt-location 'P:\\shared\\Artifactory\\Windows\\qt\\5.15.2\\28999d0' '--build-args=-DCMAKE_MAKE_PROGRAM=P:/shared/Artifactory/Windows/ninja/1.9.0/c68f192/ninja.exe,-DPYTHON_INCLUDE_DIR=P:/shared/Artifactory/Windows/rundev-2022/202105191053/runtime/afaaa3d/runTime/include/Python27/Python,-DPython_EXECUTABLE=P:/shared/Artifactory/Windows/rundev-2022/202105191053/runtime/afaaa3d/runTime/bin/mayapy2.exe,-DPYTHON_LIBRARIES=P:/shared/Artifactory/Windows/rundev-2022/202105191053/runtime/afaaa3d/runTime/lib/python27.lib' '--ctest-args=-E testUsdReferenceAssemblySelection|testUsdMayaAppDir|testUsdExportAsClip,--parallel 8' --stages=clean --redirect-outstream-file=False --install-location 'W:\\install\\RelWithDebInfo\\MayaUSD' 'W:\\'
Modified environment variables:
    PATH=P:\shared\Artifactory\Windows\cmake\3.14.4\c5af748\bin;C:\Python27\lib\site-packages\pywin32_system32;C:\Program Files (x86)\Microsoft Visual Studio\2017\Professional\VC\Tools\MSVC\14.16.27023\bin\HostX64\x64;C:\Program Files (x86)\Microsoft Visual Studio\2017\Professional\Common7\IDE\VC\VCPackages;C:\Program Files (x86)\Microsoft Visual Studio\2017\Professional\Common7\IDE\CommonExtensions\Microsoft\TestWindow;C:\Program Files (x86)\Microsoft Visual Studio\2017\Professional\Common7\IDE\CommonExtensions\Microsoft\TeamFoundation\Team Explorer;C:\Program Files (x86)\Microsoft Visual Studio\2017\Professional\MSBuild\15.0\bin\Roslyn;C:\Program Files (x86)\Microsoft Visual Studio\2017\Professional\Team Tools\Performance Tools\x64;C:\Program Files (x86)\Microsoft Visual Studio\2017\Professional\Team Tools\Performance Tools;C:\Program Files (x86)\Microsoft Visual Studio\Shared\Common\VSPerfCollectionTools\\x64;C:\Program Files (x86)\Microsoft Visual Studio\Shared\Common\VSPerfCollectionTools\;C:\Program Files (x86)\Microsoft SDKs\Windows\v10.0A\bin\NETFX 4.6.1 Tools\x64\;C:\Program Files (x86)\HTML Help Workshop;C:\Program Files (x86)\Windows Kits\10\bin\10.0.17763.0\x64;C:\Program Files (x86)\Windows Kits\10\bin\x64;C:\Program Files (x86)\Microsoft Visual Studio\2017\Professional\\MSBuild\15.0\bin;C:\WINDOWS\Microsoft.NET\Framework64\v4.0.30319;C:\Program Files (x86)\Microsoft Visual Studio\2017\Professional\Common7\IDE\;C:\Program Files (x86)\Microsoft Visual Studio\2017\Professional\Common7\Tools\;C:\Program Files (x86)\Common Files\Oracle\Java\javapath;C:\WINDOWS\system32;C:\WINDOWS;C:\WINDOWS\System32\Wbem;C:\WINDOWS\System32\WindowsPowerShell\v1.0\;C:\WINDOWS\System32\OpenSSH\;C:\PathVerify;C:\Program Files (x86)\WiX Toolset v3.7\bin;C:\Program Files (x86)\Windows Kits\10\bin\10.0.17763.0\x64;C:\Program Files (x86)\Windows Kits\10\bin\x64;C:\Python27\;C:\Python27\Scripts;C:\Program Files\Git\cmd;C:\Program Files\Git\usr\bin;C:\Program Files\Git\mingw64\bin;C:\Program Files\Git\bin;C:\StoreBoxClientWindows;C:\Program Files\Electric Cloud\ElectricCommander\bin;C:\Program Files\WinRAR;C:\Program Files\7-Zip;C:\Users\Administrator\AppData\Local\Microsoft\WindowsApps;C:\Program Files (x86)\Microsoft Visual Studio\2017\Professional\Common7\IDE\CommonExtensions\Microsoft\CMake\CMake\bin;C:\Program Files (x86)\Microsoft Visual Studio\2017\Professional\Common7\IDE\CommonExtensions\Microsoft\CMake\Ninja
    
        Building with settings:
          Source directory          S:\jenkins\workspace\ecg-mayausd-branch-preflight-2022-python2-pxrusd-0.20.02-interactive-windows\ecg-maya-usd\maya-usd
          Workspace directory       W:\
          Build directory           W:\build\RelWithDebInfo
          Install directory         W:\install\RelWithDebInfo\MayaUSD
          Variant                   RelWithDebInfo
          Python Debug              Off
          CMake generator           Ninja
          Build arguments           ['-DCMAKE_MAKE_PROGRAM=P:/shared/Artifactory/Windows/ninja/1.9.0/c68f192/ninja.exe', '-DPYTHON_INCLUDE_DIR=P:/shared/Artifactory/Windows/rundev-2022/202105191053/runtime/afaaa3d/runTime/include/Python27/Python', '-DPython_EXECUTABLE=P:/shared/Artifactory/Windows/rundev-2022/202105191053/runtime/afaaa3d/runTime/bin/mayapy2.exe', '-DPYTHON_LIBRARIES=P:/shared/Artifactory/Windows/rundev-2022/202105191053/runtime/afaaa3d/runTime/lib/python27.lib']
          Stages arguments          ['clean']
          CTest arguments           ['-E testUsdReferenceAssemblySelection|testUsdMayaAppDir|testUsdExportAsClip', '--parallel 8']
    Success MayaUSD build and install !!!!
    Elapsed time: 00:00:00
Deleting subst P:
Deleting subst W:
[Pipeline] }
[Pipeline] // withEnv
[Pipeline] }
[Pipeline] // stage
[Pipeline] }
[Pipeline] // timestamps
[Pipeline] }
[Pipeline] // timeout
[Pipeline] timeout
Timeout set to expire in 6 hr 0 min
[Pipeline] {
[Pipeline] timestamps
[Pipeline] {
[Pipeline] stage
[Pipeline] { (Configure)
[Pipeline] withEnv
[Pipeline] {
[Pipeline] bat
[ecg-mayausd-branch-preflight-2022-python2-pxrusd-0.20.02-interactive-windows] Running batch script
Subst W: S:\jenkins\workspace\ecg-mayausd-branch-preflight-2022-python2-pxrusd-0.20.02-interactive-windows
Subst P: S:\jenkins\workspace
"C:\Program Files (x86)\Microsoft Visual Studio\2017\Professional\VC\Auxiliary\Build\vcvarsall.bat" x64
**********************************************************************
** Visual Studio 2017 Developer Command Prompt v15.9.15
** Copyright (c) 2017 Microsoft Corporation
**********************************************************************
[vcvarsall.bat] Environment initialized for: 'x64'
python ecg-maya-usd/build.py --stages=configure --workspace-dir=W:\ --artifactory-dir=P:\shared\Artifactory --build-dir=W:\build --install-dir=W:\install --signing-dir=W:\signing --package-dir=W:\package --output-dir=W:\output --stash-dir=W:\stash --jenkins-build=131 --git-commit=1502f55e15165b08089f2c57da616a1212a32c66 --git-branch=master --variants=RelWithDebInfo --python=2 --pxrusd-version=0.20.2-adsk1 --interactive-tests=true --post-zips=false --maya-cut-config=maya-rundev-2022.yaml --maya-cut-id=202105191053-29bfc1879c --stage-banner
Finding Artifactory servers response times
[VERBOSE] Start loading URL (CURL): https://art-bobcat.autodesk.com/artifactory/api/system/ping
[DEBUG] Running: C:\WINDOWS\system32\curl.exe -s -X GET --keepalive-time 10 --connect-timeout 60 --speed-limit 10000 --speed-time 60 --max-time 1800 --retry 5 --retry-max-time 2400 -H Connection:close https://art-bobcat.autodesk.com/artifactory/api/system/ping
[DEBUG] Output:
OK
[VERBOSE] End loading URL (CURL): https://art-bobcat.autodesk.com/artifactory/api/system/ping
[VERBOSE] Start loading URL (CURL): https://art-cougar.autodesk.com/artifactory/api/system/ping
[DEBUG] Running: C:\WINDOWS\system32\curl.exe -s -X GET --keepalive-time 10 --connect-timeout 60 --speed-limit 10000 --speed-time 60 --max-time 1800 --retry 5 --retry-max-time 2400 -H Connection:close https://art-cougar.autodesk.com/artifactory/api/system/ping
[DEBUG] Output:
OK
[VERBOSE] End loading URL (CURL): https://art-cougar.autodesk.com/artifactory/api/system/ping
[VERBOSE] Start loading URL (CURL): https://art-bear.autodesk.com/artifactory/api/system/ping
[DEBUG] Running: C:\WINDOWS\system32\curl.exe -s -X GET --keepalive-time 10 --connect-timeout 60 --speed-limit 10000 --speed-time 60 --max-time 1800 --retry 5 --retry-max-time 2400 -H Connection:close https://art-bear.autodesk.com/artifactory/api/system/ping
[DEBUG] Output:
OK
[VERBOSE] End loading URL (CURL): https://art-bear.autodesk.com/artifactory/api/system/ping
[VERBOSE] Start loading URL (CURL): https://art-marmotte.autodesk.com/artifactory/api/system/ping
[DEBUG] Running: C:\WINDOWS\system32\curl.exe -s -X GET --keepalive-time 10 --connect-timeout 60 --speed-limit 10000 --speed-time 60 --max-time 1800 --retry 5 --retry-max-time 2400 -H Connection:close https://art-marmotte.autodesk.com/artifactory/api/system/ping
[DEBUG] Output:
OK
[VERBOSE] End loading URL (CURL): https://art-marmotte.autodesk.com/artifactory/api/system/ping
[VERBOSE] Start loading URL (CURL): https://art-panda.autodesk.com/artifactory/api/system/ping
[DEBUG] Running: C:\WINDOWS\system32\curl.exe -s -X GET --keepalive-time 10 --connect-timeout 60 --speed-limit 10000 --speed-time 60 --max-time 1800 --retry 5 --retry-max-time 2400 -H Connection:close https://art-panda.autodesk.com/artifactory/api/system/ping
[DEBUG] Output:
OK
[VERBOSE] End loading URL (CURL): https://art-panda.autodesk.com/artifactory/api/system/ping
[VERBOSE] Start loading URL (CURL): https://art-hare.autodesk.com/artifactory/api/system/ping
[DEBUG] Running: C:\WINDOWS\system32\curl.exe -s -X GET --keepalive-time 10 --connect-timeout 60 --speed-limit 10000 --speed-time 60 --max-time 1800 --retry 5 --retry-max-time 2400 -H Connection:close https://art-hare.autodesk.com/artifactory/api/system/ping
[DEBUG] Output:
OK
[VERBOSE] End loading URL (CURL): https://art-hare.autodesk.com/artifactory/api/system/ping
[VERBOSE] Start loading URL (CURL): https://art-lion.autodesk.com/artifactory/api/system/ping
[DEBUG] Running: C:\WINDOWS\system32\curl.exe -s -X GET --keepalive-time 10 --connect-timeout 60 --speed-limit 10000 --speed-time 60 --max-time 1800 --retry 5 --retry-max-time 2400 -H Connection:close https://art-lion.autodesk.com/artifactory/api/system/ping
[DEBUG] Output:
OK
[VERBOSE] End loading URL (CURL): https://art-lion.autodesk.com/artifactory/api/system/ping
[VERBOSE] Start loading URL (CURL): https://art-kangaroo.autodesk.com/artifactory/api/system/ping
[DEBUG] Running: C:\WINDOWS\system32\curl.exe -s -X GET --keepalive-time 10 --connect-timeout 60 --speed-limit 10000 --speed-time 60 --max-time 1800 --retry 5 --retry-max-time 2400 -H Connection:close https://art-kangaroo.autodesk.com/artifactory/api/system/ping
[DEBUG] Output:
OK
[VERBOSE] End loading URL (CURL): https://art-kangaroo.autodesk.com/artifactory/api/system/ping
Checking server art-bobcat.autodesk.com for artifacts matching properties:
	cut_id=202105191053-29bfc1879c
	package=rundev-2022
	platform=win
[VERBOSE] Start loading URL (CURL): https://art-bobcat.autodesk.com/artifactory/api/search/aql
[DEBUG] Running: C:\WINDOWS\system32\curl.exe -s -X POST --keepalive-time 10 --connect-timeout 60 --speed-limit 10000 --speed-time 60 --max-time 1800 --retry 5 --retry-max-time 2400 -H Connection:close -H Authorization:Basic ZWNnYmlmcm9zdDpvcGUqKjAw -H Content-Type:text/plain --data items.find({"@cut_id": "202105191053-29bfc1879c", "@package": "rundev-2022", "@platform": "win"}) https://art-bobcat.autodesk.com/artifactory/api/search/aql
[DEBUG] Output:
{
"results" : [ {
  "repo" : "oss-stg-generic",
  "path" : "Maya/2022/2021-05-19-10-53/windows",
  "name" : "202105191053-29bfc1879c-RUNDEV.zip",
  "type" : "file",
  "size" : 1650110847,
  "created" : "2021-05-19T16:06:33.031-07:00",
  "created_by" : "svc_p_mescm",
  "modified" : "2021-05-19T15:38:02.320-07:00",
  "modified_by" : "svc_p_mescm",
  "updated" : "2021-05-19T16:06:33.032-07:00"
},{
  "repo" : "oss-stg-generic",
  "path" : "Maya/2022/2021-05-19-10-53.Gold/windows",
  "name" : "202105191053-29bfc1879c-RUNDEV.zip",
  "type" : "file",
  "size" : 1650110847,
  "created" : "2021-05-19T19:02:46.222-07:00",
  "created_by" : "svc_p_mescm",
  "modified" : "2021-05-19T18:34:10.096-07:00",
  "modified_by" : "svc_p_mescm",
  "updated" : "2021-05-19T19:02:46.223-07:00"
} ],
"range" : {
  "start_pos" : 0,
  "end_pos" : 2,
  "total" : 2
}
}
[VERBOSE] End loading URL (CURL): https://art-bobcat.autodesk.com/artifactory/api/search/aql
Multiple artifacts matching the selection properties were found on server art-bobcat.autodesk.com.
[VERBOSE] Start loading URL (CURL): https://art-bobcat.autodesk.com/artifactory/api/storage/oss-stg-generic/Maya/2022/2021-05-19-10-53/windows/202105191053-29bfc1879c-RUNDEV.zip
[DEBUG] Running: C:\WINDOWS\system32\curl.exe -s -X GET --keepalive-time 10 --connect-timeout 60 --speed-limit 10000 --speed-time 60 --max-time 1800 --retry 5 --retry-max-time 2400 -H Connection:close -H Authorization:Basic ZWNnYmlmcm9zdDpvcGUqKjAw https://art-bobcat.autodesk.com/artifactory/api/storage/oss-stg-generic/Maya/2022/2021-05-19-10-53/windows/202105191053-29bfc1879c-RUNDEV.zip
[DEBUG] Output:
{
  "repo" : "oss-stg-generic",
  "path" : "/Maya/2022/2021-05-19-10-53/windows/202105191053-29bfc1879c-RUNDEV.zip",
  "created" : "2021-05-19T16:06:33.031-07:00",
  "createdBy" : "svc_p_mescm",
  "lastModified" : "2021-05-19T15:38:02.320-07:00",
  "modifiedBy" : "svc_p_mescm",
  "lastUpdated" : "2021-05-19T16:06:33.032-07:00",
  "downloadUri" : "https://art-bobcat.autodesk.com:443/artifactory/oss-stg-generic/Maya/2022/2021-05-19-10-53/windows/202105191053-29bfc1879c-RUNDEV.zip",
  "mimeType" : "application/zip",
  "size" : "1650110847",
  "checksums" : {
    "sha1" : "afaaa3d25493885df25ec84e99344b947aeaca90",
    "md5" : "c037eefa6e0c389f41e4039d40efce99",
    "sha256" : "dcc58bcfc8609d6220a74414eae7393fc27694a8594299fb4e52d87dd21726fb"
  },
  "originalChecksums" : {
    "sha1" : "afaaa3d25493885df25ec84e99344b947aeaca90",
    "md5" : "c037eefa6e0c389f41e4039d40efce99",
    "sha256" : "dcc58bcfc8609d6220a74414eae7393fc27694a8594299fb4e52d87dd21726fb"
  },
  "uri" : "https://art-bobcat.autodesk.com:443/artifactory/api/storage/oss-stg-generic/Maya/2022/2021-05-19-10-53/windows/202105191053-29bfc1879c-RUNDEV.zip"
}
[VERBOSE] End loading URL (CURL): https://art-bobcat.autodesk.com/artifactory/api/storage/oss-stg-generic/Maya/2022/2021-05-19-10-53/windows/202105191053-29bfc1879c-RUNDEV.zip
[VERBOSE] Start loading URL (CURL): https://art-bobcat.autodesk.com/artifactory/api/storage/oss-stg-generic/Maya/2022/2021-05-19-10-53.Gold/windows/202105191053-29bfc1879c-RUNDEV.zip
[DEBUG] Running: C:\WINDOWS\system32\curl.exe -s -X GET --keepalive-time 10 --connect-timeout 60 --speed-limit 10000 --speed-time 60 --max-time 1800 --retry 5 --retry-max-time 2400 -H Connection:close -H Authorization:Basic ZWNnYmlmcm9zdDpvcGUqKjAw https://art-bobcat.autodesk.com/artifactory/api/storage/oss-stg-generic/Maya/2022/2021-05-19-10-53.Gold/windows/202105191053-29bfc1879c-RUNDEV.zip
[DEBUG] Output:
{
  "repo" : "oss-stg-generic",
  "path" : "/Maya/2022/2021-05-19-10-53.Gold/windows/202105191053-29bfc1879c-RUNDEV.zip",
  "created" : "2021-05-19T19:02:46.222-07:00",
  "createdBy" : "svc_p_mescm",
  "lastModified" : "2021-05-19T18:34:10.096-07:00",
  "modifiedBy" : "svc_p_mescm",
  "lastUpdated" : "2021-05-19T19:02:46.223-07:00",
  "downloadUri" : "https://art-bobcat.autodesk.com:443/artifactory/oss-stg-generic/Maya/2022/2021-05-19-10-53.Gold/windows/202105191053-29bfc1879c-RUNDEV.zip",
  "mimeType" : "application/zip",
  "size" : "1650110847",
  "checksums" : {
    "sha1" : "75ce724ec25d6059a1485789ba50f46562c66b00",
    "md5" : "f1ae76e064209fa12f3198469607ef12",
    "sha256" : "d7f808390b03025e6387dda1e7ea7002436e08b56b0dad4067b44a58f37316e0"
  },
  "originalChecksums" : {
    "sha1" : "75ce724ec25d6059a1485789ba50f46562c66b00",
    "md5" : "f1ae76e064209fa12f3198469607ef12",
    "sha256" : "d7f808390b03025e6387dda1e7ea7002436e08b56b0dad4067b44a58f37316e0"
  },
  "uri" : "https://art-bobcat.autodesk.com:443/artifactory/api/storage/oss-stg-generic/Maya/2022/2021-05-19-10-53.Gold/windows/202105191053-29bfc1879c-RUNDEV.zip"
}
[VERBOSE] End loading URL (CURL): https://art-bobcat.autodesk.com/artifactory/api/storage/oss-stg-generic/Maya/2022/2021-05-19-10-53.Gold/windows/202105191053-29bfc1879c-RUNDEV.zip
Query returned artifacts with different hashes.
Selecting latest Maya cut
[VERBOSE] Start loading URL (CURL): https://art-bobcat.autodesk.com:443/artifactory/api/storage/oss-stg-generic/Maya/2022/2021-05-19-10-53/windows/202105191053-29bfc1879c-RUNDEV.zip
[DEBUG] Running: C:\WINDOWS\system32\curl.exe -s -X GET --keepalive-time 10 --connect-timeout 60 --speed-limit 10000 --speed-time 60 --max-time 1800 --retry 5 --retry-max-time 2400 -H Connection:close -H Authorization:Basic ZWNnYmlmcm9zdDpvcGUqKjAw https://art-bobcat.autodesk.com:443/artifactory/api/storage/oss-stg-generic/Maya/2022/2021-05-19-10-53/windows/202105191053-29bfc1879c-RUNDEV.zip
[DEBUG] Output:
{
  "repo" : "oss-stg-generic",
  "path" : "/Maya/2022/2021-05-19-10-53/windows/202105191053-29bfc1879c-RUNDEV.zip",
  "created" : "2021-05-19T16:06:33.031-07:00",
  "createdBy" : "svc_p_mescm",
  "lastModified" : "2021-05-19T15:38:02.320-07:00",
  "modifiedBy" : "svc_p_mescm",
  "lastUpdated" : "2021-05-19T16:06:33.032-07:00",
  "downloadUri" : "https://art-bobcat.autodesk.com:443/artifactory/oss-stg-generic/Maya/2022/2021-05-19-10-53/windows/202105191053-29bfc1879c-RUNDEV.zip",
  "mimeType" : "application/zip",
  "size" : "1650110847",
  "checksums" : {
    "sha1" : "afaaa3d25493885df25ec84e99344b947aeaca90",
    "md5" : "c037eefa6e0c389f41e4039d40efce99",
    "sha256" : "dcc58bcfc8609d6220a74414eae7393fc27694a8594299fb4e52d87dd21726fb"
  },
  "originalChecksums" : {
    "sha1" : "afaaa3d25493885df25ec84e99344b947aeaca90",
    "md5" : "c037eefa6e0c389f41e4039d40efce99",
    "sha256" : "dcc58bcfc8609d6220a74414eae7393fc27694a8594299fb4e52d87dd21726fb"
  },
  "uri" : "https://art-bobcat.autodesk.com:443/artifactory/api/storage/oss-stg-generic/Maya/2022/2021-05-19-10-53/windows/202105191053-29bfc1879c-RUNDEV.zip"
}
[VERBOSE] End loading URL (CURL): https://art-bobcat.autodesk.com:443/artifactory/api/storage/oss-stg-generic/Maya/2022/2021-05-19-10-53/windows/202105191053-29bfc1879c-RUNDEV.zip
[VERBOSE] Start loading URL (CURL): https://art-bobcat.autodesk.com:443/artifactory/api/storage/oss-stg-generic/Maya/2022/2021-05-19-10-53/windows/202105191053-29bfc1879c-RUNDEV.zip?properties
[DEBUG] Running: C:\WINDOWS\system32\curl.exe -s -X GET --keepalive-time 10 --connect-timeout 60 --speed-limit 10000 --speed-time 60 --max-time 1800 --retry 5 --retry-max-time 2400 -H Connection:close -H Authorization:Basic ZWNnYmlmcm9zdDpvcGUqKjAw https://art-bobcat.autodesk.com:443/artifactory/api/storage/oss-stg-generic/Maya/2022/2021-05-19-10-53/windows/202105191053-29bfc1879c-RUNDEV.zip?properties
[DEBUG] Output:
{
  "properties" : {
    "RetentionPolicy" : [ "30" ],
    "branch" : [ "2022" ],
    "change_set" : [ "29bfc1879c621fb870c2f63a78056a5be702ef68" ],
    "cut_id" : [ "202105191053-29bfc1879c" ],
    "package" : [ "rundev-2022" ],
    "platform" : [ "win" ]
  },
  "uri" : "https://art-bobcat.autodesk.com:443/artifactory/api/storage/oss-stg-generic/Maya/2022/2021-05-19-10-53/windows/202105191053-29bfc1879c-RUNDEV.zip"
}
[VERBOSE] End loading URL (CURL): https://art-bobcat.autodesk.com:443/artifactory/api/storage/oss-stg-generic/Maya/2022/2021-05-19-10-53/windows/202105191053-29bfc1879c-RUNDEV.zip?properties
[VERBOSE] Start loading URL (CURL): https://art-bobcat.autodesk.com:443/artifactory/api/storage/oss-stg-generic/Maya/2022/2021-05-19-10-53.Gold/windows/202105191053-29bfc1879c-RUNDEV.zip
[DEBUG] Running: C:\WINDOWS\system32\curl.exe -s -X GET --keepalive-time 10 --connect-timeout 60 --speed-limit 10000 --speed-time 60 --max-time 1800 --retry 5 --retry-max-time 2400 -H Connection:close -H Authorization:Basic ZWNnYmlmcm9zdDpvcGUqKjAw https://art-bobcat.autodesk.com:443/artifactory/api/storage/oss-stg-generic/Maya/2022/2021-05-19-10-53.Gold/windows/202105191053-29bfc1879c-RUNDEV.zip
[DEBUG] Output:
{
  "repo" : "oss-stg-generic",
  "path" : "/Maya/2022/2021-05-19-10-53.Gold/windows/202105191053-29bfc1879c-RUNDEV.zip",
  "created" : "2021-05-19T19:02:46.222-07:00",
  "createdBy" : "svc_p_mescm",
  "lastModified" : "2021-05-19T18:34:10.096-07:00",
  "modifiedBy" : "svc_p_mescm",
  "lastUpdated" : "2021-05-19T19:02:46.223-07:00",
  "downloadUri" : "https://art-bobcat.autodesk.com:443/artifactory/oss-stg-generic/Maya/2022/2021-05-19-10-53.Gold/windows/202105191053-29bfc1879c-RUNDEV.zip",
  "mimeType" : "application/zip",
  "size" : "1650110847",
  "checksums" : {
    "sha1" : "75ce724ec25d6059a1485789ba50f46562c66b00",
    "md5" : "f1ae76e064209fa12f3198469607ef12",
    "sha256" : "d7f808390b03025e6387dda1e7ea7002436e08b56b0dad4067b44a58f37316e0"
  },
  "originalChecksums" : {
    "sha1" : "75ce724ec25d6059a1485789ba50f46562c66b00",
    "md5" : "f1ae76e064209fa12f3198469607ef12",
    "sha256" : "d7f808390b03025e6387dda1e7ea7002436e08b56b0dad4067b44a58f37316e0"
  },
  "uri" : "https://art-bobcat.autodesk.com:443/artifactory/api/storage/oss-stg-generic/Maya/2022/2021-05-19-10-53.Gold/windows/202105191053-29bfc1879c-RUNDEV.zip"
}
[VERBOSE] End loading URL (CURL): https://art-bobcat.autodesk.com:443/artifactory/api/storage/oss-stg-generic/Maya/2022/2021-05-19-10-53.Gold/windows/202105191053-29bfc1879c-RUNDEV.zip
[VERBOSE] Start loading URL (CURL): https://art-bobcat.autodesk.com:443/artifactory/api/storage/oss-stg-generic/Maya/2022/2021-05-19-10-53.Gold/windows/202105191053-29bfc1879c-RUNDEV.zip?properties
[DEBUG] Running: C:\WINDOWS\system32\curl.exe -s -X GET --keepalive-time 10 --connect-timeout 60 --speed-limit 10000 --speed-time 60 --max-time 1800 --retry 5 --retry-max-time 2400 -H Connection:close -H Authorization:Basic ZWNnYmlmcm9zdDpvcGUqKjAw https://art-bobcat.autodesk.com:443/artifactory/api/storage/oss-stg-generic/Maya/2022/2021-05-19-10-53.Gold/windows/202105191053-29bfc1879c-RUNDEV.zip?properties
[DEBUG] Output:
{
  "properties" : {
    "branch" : [ "2022" ],
    "change_set" : [ "29bfc1879c" ],
    "cut_id" : [ "202105191053-29bfc1879c" ],
    "package" : [ "rundev-2022" ],
    "platform" : [ "win" ]
  },
  "uri" : "https://art-bobcat.autodesk.com:443/artifactory/api/storage/oss-stg-generic/Maya/2022/2021-05-19-10-53.Gold/windows/202105191053-29bfc1879c-RUNDEV.zip"
}
[VERBOSE] End loading URL (CURL): https://art-bobcat.autodesk.com:443/artifactory/api/storage/oss-stg-generic/Maya/2022/2021-05-19-10-53.Gold/windows/202105191053-29bfc1879c-RUNDEV.zip?properties
[VERBOSE] Start loading URL (CURL): https://art-bobcat.autodesk.com:443/artifactory/api/storage/oss-stg-generic/Maya/2022/2021-05-19-10-53/windows/202105191053-29bfc1879c-RUNDEV.zip
[DEBUG] Running: C:\WINDOWS\system32\curl.exe -s -X GET --keepalive-time 10 --connect-timeout 60 --speed-limit 10000 --speed-time 60 --max-time 1800 --retry 5 --retry-max-time 2400 -H Connection:close -H Authorization:Basic ZWNnYmlmcm9zdDpvcGUqKjAw https://art-bobcat.autodesk.com:443/artifactory/api/storage/oss-stg-generic/Maya/2022/2021-05-19-10-53/windows/202105191053-29bfc1879c-RUNDEV.zip
[DEBUG] Output:
{
  "repo" : "oss-stg-generic",
  "path" : "/Maya/2022/2021-05-19-10-53/windows/202105191053-29bfc1879c-RUNDEV.zip",
  "created" : "2021-05-19T16:06:33.031-07:00",
  "createdBy" : "svc_p_mescm",
  "lastModified" : "2021-05-19T15:38:02.320-07:00",
  "modifiedBy" : "svc_p_mescm",
  "lastUpdated" : "2021-05-19T16:06:33.032-07:00",
  "downloadUri" : "https://art-bobcat.autodesk.com:443/artifactory/oss-stg-generic/Maya/2022/2021-05-19-10-53/windows/202105191053-29bfc1879c-RUNDEV.zip",
  "mimeType" : "application/zip",
  "size" : "1650110847",
  "checksums" : {
    "sha1" : "afaaa3d25493885df25ec84e99344b947aeaca90",
    "md5" : "c037eefa6e0c389f41e4039d40efce99",
    "sha256" : "dcc58bcfc8609d6220a74414eae7393fc27694a8594299fb4e52d87dd21726fb"
  },
  "originalChecksums" : {
    "sha1" : "afaaa3d25493885df25ec84e99344b947aeaca90",
    "md5" : "c037eefa6e0c389f41e4039d40efce99",
    "sha256" : "dcc58bcfc8609d6220a74414eae7393fc27694a8594299fb4e52d87dd21726fb"
  },
  "uri" : "https://art-bobcat.autodesk.com:443/artifactory/api/storage/oss-stg-generic/Maya/2022/2021-05-19-10-53/windows/202105191053-29bfc1879c-RUNDEV.zip"
}
[VERBOSE] End loading URL (CURL): https://art-bobcat.autodesk.com:443/artifactory/api/storage/oss-stg-generic/Maya/2022/2021-05-19-10-53/windows/202105191053-29bfc1879c-RUNDEV.zip
[VERBOSE] Start loading URL (CURL): https://art-bobcat.autodesk.com:443/artifactory/api/storage/oss-stg-generic/Maya/2022/2021-05-19-10-53/windows/202105191053-29bfc1879c-RUNDEV.zip?properties
[DEBUG] Running: C:\WINDOWS\system32\curl.exe -s -X GET --keepalive-time 10 --connect-timeout 60 --speed-limit 10000 --speed-time 60 --max-time 1800 --retry 5 --retry-max-time 2400 -H Connection:close -H Authorization:Basic ZWNnYmlmcm9zdDpvcGUqKjAw https://art-bobcat.autodesk.com:443/artifactory/api/storage/oss-stg-generic/Maya/2022/2021-05-19-10-53/windows/202105191053-29bfc1879c-RUNDEV.zip?properties
[DEBUG] Output:
{
  "properties" : {
    "RetentionPolicy" : [ "30" ],
    "branch" : [ "2022" ],
    "change_set" : [ "29bfc1879c621fb870c2f63a78056a5be702ef68" ],
    "cut_id" : [ "202105191053-29bfc1879c" ],
    "package" : [ "rundev-2022" ],
    "platform" : [ "win" ]
  },
  "uri" : "https://art-bobcat.autodesk.com:443/artifactory/api/storage/oss-stg-generic/Maya/2022/2021-05-19-10-53/windows/202105191053-29bfc1879c-RUNDEV.zip"
}
[VERBOSE] End loading URL (CURL): https://art-bobcat.autodesk.com:443/artifactory/api/storage/oss-stg-generic/Maya/2022/2021-05-19-10-53/windows/202105191053-29bfc1879c-RUNDEV.zip?properties
Using Maya cut from P:\shared\Artifactory\Windows\rundev-2022\202105191053\runtime\afaaa3d

================================================================================
                           configure (RelWithDebInfo)
================================================================================
Maya Python RelWithDebInfo Info:
  mayapy executable   = P:\shared\Artifactory\Windows\rundev-2022\202105191053\runtime\afaaa3d\runTime\bin\mayapy2.exe
  Include Folder      = P:\shared\Artifactory\Windows\rundev-2022\202105191053\runtime\afaaa3d\runTime\include\Python27\Python
  Library             = P:\shared\Artifactory\Windows\rundev-2022\202105191053\runtime\afaaa3d\runTime\lib\python27.lib
  site-package Folder = P:\shared\Artifactory\Windows\rundev-2022\202105191053\runtime\afaaa3d\runTime\Python27\Lib\site-packages
In workdir: S:\jenkins\workspace\ecg-mayausd-branch-preflight-2022-python2-pxrusd-0.20.02-interactive-windows\ecg-maya-usd\maya-usd
Executing: 'P:\\shared\\Artifactory\\Windows\\rundev-2022\\202105191053\\runtime\\afaaa3d\\runTime\\bin\\mayapy2.exe' 'S:\\jenkins\\workspace\\ecg-mayausd-branch-preflight-2022-python2-pxrusd-0.20.02-interactive-windows\\ecg-maya-usd\\maya-usd\\build.py' --generator Ninja --build-relwithdebug --maya-location 'P:\\shared\\Artifactory\\Windows\\rundev-2022\\202105191053\\runtime\\afaaa3d\\runTime' --devkit-location 'P:\\shared\\Artifactory\\Windows\\rundev-2022\\202105191053\\runtime\\afaaa3d\\devkitBase' --pxrusd-location 'P:\\shared\\Artifactory\\Windows\\USD\\bc76c60' --qt-location 'P:\\shared\\Artifactory\\Windows\\qt\\5.15.2\\28999d0' '--build-args=-DCMAKE_MAKE_PROGRAM=P:/shared/Artifactory/Windows/ninja/1.9.0/c68f192/ninja.exe,-DPYTHON_INCLUDE_DIR=P:/shared/Artifactory/Windows/rundev-2022/202105191053/runtime/afaaa3d/runTime/include/Python27/Python,-DPython_EXECUTABLE=P:/shared/Artifactory/Windows/rundev-2022/202105191053/runtime/afaaa3d/runTime/bin/mayapy2.exe,-DPYTHON_LIBRARIES=P:/shared/Artifactory/Windows/rundev-2022/202105191053/runtime/afaaa3d/runTime/lib/python27.lib' '--ctest-args=-E testUsdReferenceAssemblySelection|testUsdMayaAppDir|testUsdExportAsClip,--parallel 8' --stages=configure --redirect-outstream-file=False --install-location 'W:\\install\\RelWithDebInfo\\MayaUSD' 'W:\\'
Modified environment variables:
    PATH=P:\shared\Artifactory\Windows\cmake\3.14.4\c5af748\bin;C:\Python27\lib\site-packages\pywin32_system32;C:\Program Files (x86)\Microsoft Visual Studio\2017\Professional\VC\Tools\MSVC\14.16.27023\bin\HostX64\x64;C:\Program Files (x86)\Microsoft Visual Studio\2017\Professional\Common7\IDE\VC\VCPackages;C:\Program Files (x86)\Microsoft Visual Studio\2017\Professional\Common7\IDE\CommonExtensions\Microsoft\TestWindow;C:\Program Files (x86)\Microsoft Visual Studio\2017\Professional\Common7\IDE\CommonExtensions\Microsoft\TeamFoundation\Team Explorer;C:\Program Files (x86)\Microsoft Visual Studio\2017\Professional\MSBuild\15.0\bin\Roslyn;C:\Program Files (x86)\Microsoft Visual Studio\2017\Professional\Team Tools\Performance Tools\x64;C:\Program Files (x86)\Microsoft Visual Studio\2017\Professional\Team Tools\Performance Tools;C:\Program Files (x86)\Microsoft Visual Studio\Shared\Common\VSPerfCollectionTools\\x64;C:\Program Files (x86)\Microsoft Visual Studio\Shared\Common\VSPerfCollectionTools\;C:\Program Files (x86)\Microsoft SDKs\Windows\v10.0A\bin\NETFX 4.6.1 Tools\x64\;C:\Program Files (x86)\HTML Help Workshop;C:\Program Files (x86)\Windows Kits\10\bin\10.0.17763.0\x64;C:\Program Files (x86)\Windows Kits\10\bin\x64;C:\Program Files (x86)\Microsoft Visual Studio\2017\Professional\\MSBuild\15.0\bin;C:\WINDOWS\Microsoft.NET\Framework64\v4.0.30319;C:\Program Files (x86)\Microsoft Visual Studio\2017\Professional\Common7\IDE\;C:\Program Files (x86)\Microsoft Visual Studio\2017\Professional\Common7\Tools\;C:\Program Files (x86)\Common Files\Oracle\Java\javapath;C:\WINDOWS\system32;C:\WINDOWS;C:\WINDOWS\System32\Wbem;C:\WINDOWS\System32\WindowsPowerShell\v1.0\;C:\WINDOWS\System32\OpenSSH\;C:\PathVerify;C:\Program Files (x86)\WiX Toolset v3.7\bin;C:\Program Files (x86)\Windows Kits\10\bin\10.0.17763.0\x64;C:\Program Files (x86)\Windows Kits\10\bin\x64;C:\Python27\;C:\Python27\Scripts;C:\Program Files\Git\cmd;C:\Program Files\Git\usr\bin;C:\Program Files\Git\mingw64\bin;C:\Program Files\Git\bin;C:\StoreBoxClientWindows;C:\Program Files\Electric Cloud\ElectricCommander\bin;C:\Program Files\WinRAR;C:\Program Files\7-Zip;C:\Users\Administrator\AppData\Local\Microsoft\WindowsApps;C:\Program Files (x86)\Microsoft Visual Studio\2017\Professional\Common7\IDE\CommonExtensions\Microsoft\CMake\CMake\bin;C:\Program Files (x86)\Microsoft Visual Studio\2017\Professional\Common7\IDE\CommonExtensions\Microsoft\CMake\Ninja
    -- The C compiler identification is MSVC 19.16.27032.1
    -- The CXX compiler identification is MSVC 19.16.27032.1
    -- Check for working C compiler: C:/Program Files (x86)/Microsoft Visual Studio/2017/Professional/VC/Tools/MSVC/14.16.27023/bin/Hostx64/x64/cl.exe
    -- Check for working C compiler: C:/Program Files (x86)/Microsoft Visual Studio/2017/Professional/VC/Tools/MSVC/14.16.27023/bin/Hostx64/x64/cl.exe -- works
    -- Detecting C compiler ABI info
    -- Detecting C compiler ABI info - done
    -- Detecting C compile features
    -- Detecting C compile features - done
    -- Check for working CXX compiler: C:/Program Files (x86)/Microsoft Visual Studio/2017/Professional/VC/Tools/MSVC/14.16.27023/bin/Hostx64/x64/cl.exe
    -- Check for working CXX compiler: C:/Program Files (x86)/Microsoft Visual Studio/2017/Professional/VC/Tools/MSVC/14.16.27023/bin/Hostx64/x64/cl.exe -- works
    -- Detecting CXX compiler ABI info
    -- Detecting CXX compiler ABI info - done
    -- Detecting CXX compile features
    -- Detecting CXX compile features - done
    -- Found Python: P:/shared/Artifactory/Windows/rundev-2022/202105191053/runtime/afaaa3d/runTime/bin/mayapy2.exe (found suitable exact version "2.7.11") found components:  Interpreter
    -- Build MayaUSD with Python3 = OFF
    --    PYTHON_INCLUDE_DIRS = P:/shared/Artifactory/Windows/rundev-2022/202105191053/runtime/afaaa3d/runTime/include/Python27/Python
    --    PYTHON_LIBRARIES    = P:/shared/Artifactory/Windows/rundev-2022/202105191053/runtime/afaaa3d/runTime/lib/python27.lib
    --    Python_EXECUTABLE   = P:/shared/Artifactory/Windows/rundev-2022/202105191053/runtime/afaaa3d/runTime/bin/mayapy2.exe
    INFO Got MAYA_OGSDEVICES_LIBRARY = P:/shared/Artifactory/Windows/rundev-2022/202105191053/runtime/afaaa3d/runTime/bin/OGSDevices.dll
    INFO Got MAYA_LIGHTAPI_VERSION = 1
    -- Found Maya: P:/shared/Artifactory/Windows/rundev-2022/202105191053/runtime/afaaa3d/runTime/bin/maya.exe (found suitable version "2022", minimum required is "2018")
    -- USD include dir: P:/shared/Artifactory/Windows/USD/bc76c60/include
    -- USD library dir: P:/shared/Artifactory/Windows/USD/bc76c60/lib
    -- USD version: 0.20.2
    -- USD Boost::boost version: 106600
    CMake Error at S:/jenkins/workspace/shared/Artifactory/Windows/cmake/3.14.4/c5af748/share/cmake-3.14/Modules/FindPackageHandleStandardArgs.cmake:137 (message):
      Could NOT find USD: Found unsuitable version "0.20.2", but required is at
      least "0.20.05" (found P:/shared/Artifactory/Windows/USD/bc76c60)
    Call Stack (most recent call first):
      S:/jenkins/workspace/shared/Artifactory/Windows/cmake/3.14.4/c5af748/share/cmake-3.14/Modules/FindPackageHandleStandardArgs.cmake:376 (_FPHSA_FAILURE_MESSAGE)
      cmake/modules/FindUSD.cmake:130 (find_package_handle_standard_args)
      CMakeLists.txt:102 (find_package)
    
    
    -- Configuring incomplete, errors occurred!
    See also "W:/build/RelWithDebInfo/CMakeFiles/CMakeOutput.log".
    
        Building with settings:
          Source directory          S:\jenkins\workspace\ecg-mayausd-branch-preflight-2022-python2-pxrusd-0.20.02-interactive-windows\ecg-maya-usd\maya-usd
          Workspace directory       W:\
          Build directory           W:\build\RelWithDebInfo
          Install directory         W:\install\RelWithDebInfo\MayaUSD
          Variant                   RelWithDebInfo
          Python Debug              Off
          CMake generator           Ninja
          Build arguments           ['-DCMAKE_MAKE_PROGRAM=P:/shared/Artifactory/Windows/ninja/1.9.0/c68f192/ninja.exe', '-DPYTHON_INCLUDE_DIR=P:/shared/Artifactory/Windows/rundev-2022/202105191053/runtime/afaaa3d/runTime/include/Python27/Python', '-DPython_EXECUTABLE=P:/shared/Artifactory/Windows/rundev-2022/202105191053/runtime/afaaa3d/runTime/bin/mayapy2.exe', '-DPYTHON_LIBRARIES=P:/shared/Artifactory/Windows/rundev-2022/202105191053/runtime/afaaa3d/runTime/lib/python27.lib']
          Stages arguments          ['configure']
          CTest arguments           ['-E testUsdReferenceAssemblySelection|testUsdMayaAppDir|testUsdExportAsClip', '--parallel 8']
    #####################################################################################
    log date: 2021-06-14 12:56
    commit sha: 5787c66b4ad0569d2b52590bf7aa43e0e7bcba70
    commit date: Mon Jun 14 15:49:36 2021 -0400
    #####################################################################################
    
    cmake -DCMAKE_INSTALL_PREFIX="W:\install\RelWithDebInfo\MayaUSD" -DCMAKE_BUILD_TYPE=RelWithDebInfo -DCMAKE_EXPORT_COMPILE_COMMANDS=ON -G "Ninja" -DMAYA_LOCATION="P:\shared\Artifactory\Windows\rundev-2022\202105191053\runtime\afaaa3d\runTime" -DPXR_USD_LOCATION="P:\shared\Artifactory\Windows\USD\bc76c60" -DMAYA_DEVKIT_LOCATION="P:\shared\Artifactory\Windows\rundev-2022\202105191053\runtime\afaaa3d\devkitBase" -DMAYAUSD_DEFINE_BOOST_DEBUG_PYTHON_FLAG=OFF -DQT_LOCATION="P:\shared\Artifactory\Windows\qt\5.15.2\28999d0" -DCMAKE_MAKE_PROGRAM=P:/shared/Artifactory/Windows/ninja/1.9.0/c68f192/ninja.exe -DPYTHON_INCLUDE_DIR=P:/shared/Artifactory/Windows/rundev-2022/202105191053/runtime/afaaa3d/runTime/include/Python27/Python -DPython_EXECUTABLE=P:/shared/Artifactory/Windows/rundev-2022/202105191053/runtime/afaaa3d/runTime/bin/mayapy2.exe -DPYTHON_LIBRARIES=P:/shared/Artifactory/Windows/rundev-2022/202105191053/runtime/afaaa3d/runTime/lib/python27.lib "S:\jenkins\workspace\ecg-mayausd-branch-preflight-2022-python2-pxrusd-0.20.02-interactive-windows\ecg-maya-usd\maya-usd"
    
    Traceback (most recent call last):
      File "S:\jenkins\workspace\ecg-mayausd-branch-preflight-2022-python2-pxrusd-0.20.02-interactive-windows\ecg-maya-usd\maya-usd\build.py", line 602, in <module>
        BuildAndInstall(context, context.buildArgs, context.stagesArgs)
      File "S:\jenkins\workspace\ecg-mayausd-branch-preflight-2022-python2-pxrusd-0.20.02-interactive-windows\ecg-maya-usd\maya-usd\build.py", line 371, in BuildAndInstall
        RunCMake(context, extraArgs, stagesArgs)
      File "S:\jenkins\workspace\ecg-mayausd-branch-preflight-2022-python2-pxrusd-0.20.02-interactive-windows\ecg-maya-usd\maya-usd\build.py", line 277, in RunCMake
        extraArgs=(" ".join(extraArgs) if extraArgs else "")))
      File "S:\jenkins\workspace\ecg-mayausd-branch-preflight-2022-python2-pxrusd-0.20.02-interactive-windows\ecg-maya-usd\maya-usd\build.py", line 165, in Run
        .format(cmd=cmd, log=os.path.abspath(context.logFileLocation)))
    RuntimeError: Failed to run 'cmake -DCMAKE_INSTALL_PREFIX="W:\install\RelWithDebInfo\MayaUSD" -DCMAKE_BUILD_TYPE=RelWithDebInfo -DCMAKE_EXPORT_COMPILE_COMMANDS=ON -G "Ninja" -DMAYA_LOCATION="P:\shared\Artifactory\Windows\rundev-2022\202105191053\runtime\afaaa3d\runTime" -DPXR_USD_LOCATION="P:\shared\Artifactory\Windows\USD\bc76c60" -DMAYA_DEVKIT_LOCATION="P:\shared\Artifactory\Windows\rundev-2022\202105191053\runtime\afaaa3d\devkitBase" -DMAYAUSD_DEFINE_BOOST_DEBUG_PYTHON_FLAG=OFF -DQT_LOCATION="P:\shared\Artifactory\Windows\qt\5.15.2\28999d0" -DCMAKE_MAKE_PROGRAM=P:/shared/Artifactory/Windows/ninja/1.9.0/c68f192/ninja.exe -DPYTHON_INCLUDE_DIR=P:/shared/Artifactory/Windows/rundev-2022/202105191053/runtime/afaaa3d/runTime/include/Python27/Python -DPython_EXECUTABLE=P:/shared/Artifactory/Windows/rundev-2022/202105191053/runtime/afaaa3d/runTime/bin/mayapy2.exe -DPYTHON_LIBRARIES=P:/shared/Artifactory/Windows/rundev-2022/202105191053/runtime/afaaa3d/runTime/lib/python27.lib "S:\jenkins\workspace\ecg-mayausd-branch-preflight-2022-python2-pxrusd-0.20.02-interactive-windows\ecg-maya-usd\maya-usd"'
    See W:\build\RelWithDebInfo\build_log.txt for more details.
build.py: error: Command failed with error code: 1
Deleting subst P:
[Pipeline] }
[Pipeline] // withEnv
[Pipeline] }
[Pipeline] // stage
[Pipeline] }
[Pipeline] // timestamps
[Pipeline] }
[Pipeline] // timeout
[Pipeline] emailextrecipients
[Pipeline] echo
No recipients to send notification.
[Pipeline] }
[Pipeline] // node
[Pipeline] End of Pipeline
ERROR: script returned exit code 1
Finished: FAILURE
