[2024-01-12T21:05:37.157Z] ================================================================================
[2024-01-12T21:05:37.157Z]                                  setup (Debug)
[2024-01-12T21:05:37.157Z] ================================================================================
[2024-01-12T21:05:37.157Z] Installing license file 'melicense.lic'.
[Pipeline] sh
[2024-01-12T21:05:38.487Z] + scl enable gcc-toolset-11 -
[2024-01-12T21:05:38.487Z] + '[' enable = load -o enable = unload ']'
[2024-01-12T21:05:38.487Z] + /usr/bin/scl enable gcc-toolset-11 -
[2024-01-12T21:05:38.487Z] python ecg-maya-hydra/build.py --stages=setup --workspace-dir=/local/S/jenkins/workspace/ECP/ecg-maya-hydra/ecg-maya-hydra-branch-preflight-python3-linux --artifactory-dir=/local/S/jenkins/workspace/shared/Artifactory --build-dir=/local/S/jenkins/workspace/ECP/ecg-maya-hydra/ecg-maya-hydra-branch-preflight-python3-linux/build --install-dir=/local/S/jenkins/workspace/ECP/ecg-maya-hydra/ecg-maya-hydra-branch-preflight-python3-linux/install --signing-dir=/local/S/jenkins/workspace/ECP/ecg-maya-hydra/ecg-maya-hydra-branch-preflight-python3-linux/signing --package-dir=/local/S/jenkins/workspace/ECP/ecg-maya-hydra/ecg-maya-hydra-branch-preflight-python3-linux/package --output-dir=/local/S/jenkins/workspace/ECP/ecg-maya-hydra/ecg-maya-hydra-branch-preflight-python3-linux/output --stash-dir=/local/S/jenkins/workspace/ECP/ecg-maya-hydra/ecg-maya-hydra-branch-preflight-python3-linux/stash --jenkins-build=455 --git-commit=663948a416cb68fc4846e77ff8a6b1f8066eb715 --git-branch=master --variants=RelWithDebInfo --interactive-tests=true --post-zips=false --extra-license-file=ecg-maya-hydra/jenkins-o03-cot/melicense.lic --prune-versions=3 --prune-revisions=3 --maya-cut-config=maya-rundev-master.yaml --maya-package=rundev-master --stage-banner --prune-artifacts --force-pruning
[2024-01-12T21:05:38.487Z] config_file /home/S/jenkins/workspace/ECP/ecg-maya-hydra/ecg-maya-hydra-branch-preflight-python3-linux/ecg-maya-hydra/maya-rundev-master.yaml
[2024-01-12T21:05:38.487Z] Getting rundev-master download URL from Maya SHA-1 hash
[2024-01-12T21:05:38.487Z] Finding Artifactory servers response times
[2024-01-12T21:05:40.983Z] [VERBOSE] Start loading URL (CURL): https://art-bear.autodesk.com/artifactory/api/system/ping
[2024-01-12T21:05:40.983Z] [DEBUG] Running: /usr/bin/curl -s -X GET --keepalive-time 10 --connect-timeout 60 --speed-limit 10000 --speed-time 120 --max-time 3600 --retry 5 --retry-max-time 2400 -H Connection:close https://art-bear.autodesk.com/artifactory/api/system/ping
[2024-01-12T21:05:40.983Z] [DEBUG] Output:
[2024-01-12T21:05:40.983Z] OK
[2024-01-12T21:05:40.983Z] [VERBOSE] End loading URL (CURL): https://art-bear.autodesk.com/artifactory/api/system/ping
[2024-01-12T21:05:40.983Z] [VERBOSE] Start loading URL (CURL): https://art-marmotte.autodesk.com/artifactory/api/system/ping
[2024-01-12T21:05:40.983Z] [DEBUG] Running: /usr/bin/curl -s -X GET --keepalive-time 10 --connect-timeout 60 --speed-limit 10000 --speed-time 120 --max-time 3600 --retry 5 --retry-max-time 2400 -H Connection:close https://art-marmotte.autodesk.com/artifactory/api/system/ping
[2024-01-12T21:05:40.983Z] [DEBUG] Output:
[2024-01-12T21:05:40.983Z] OK
[2024-01-12T21:05:40.983Z] [VERBOSE] End loading URL (CURL): https://art-marmotte.autodesk.com/artifactory/api/system/ping
[2024-01-12T21:05:40.983Z] [VERBOSE] Start loading URL (CURL): https://art-bobcat.autodesk.com/artifactory/api/system/ping
[2024-01-12T21:05:40.983Z] [DEBUG] Running: /usr/bin/curl -s -X GET --keepalive-time 10 --connect-timeout 60 --speed-limit 10000 --speed-time 120 --max-time 3600 --retry 5 --retry-max-time 2400 -H Connection:close https://art-bobcat.autodesk.com/artifactory/api/system/ping
[2024-01-12T21:05:40.983Z] [DEBUG] Output:
[2024-01-12T21:05:40.983Z] OK
[2024-01-12T21:05:40.983Z] [VERBOSE] End loading URL (CURL): https://art-bobcat.autodesk.com/artifactory/api/system/ping
[2024-01-12T21:05:42.763Z] [VERBOSE] Start loading URL (CURL): https://art-bear.autodesk.com/artifactory/api/search/checksum?repos=autodesk-3p-generic,adsk-build-tools-generic,team-ecg-generic,team-maya-generic,oss-stg-generic,team-mayausd-post-generic&sha1=0bebfcf4d2cf9780a82aaf90fa8cd2a12467c6ab
[2024-01-12T21:05:42.763Z] [DEBUG] Running: /usr/bin/curl -s -X GET --keepalive-time 10 --connect-timeout 60 --speed-limit 10000 --speed-time 120 --max-time 3600 --retry 5 --retry-max-time 2400 -H Connection:close -H Authorization:Basic ZWNnYmlmcm9zdDpvcGUqKjAw https://art-bear.autodesk.com/artifactory/api/search/checksum?repos=autodesk-3p-generic,adsk-build-tools-generic,team-ecg-generic,team-maya-generic,oss-stg-generic,team-mayausd-post-generic&sha1=0bebfcf4d2cf9780a82aaf90fa8cd2a12467c6ab
[2024-01-12T21:05:42.763Z] [DEBUG] Output:
[2024-01-12T21:05:42.763Z] {
[2024-01-12T21:05:42.763Z]   "results" : [ {
[2024-01-12T21:05:42.763Z]     "uri" : "https://art-bear.autodesk.com:443/artifactory/api/storage/team-maya-generic/Maya/master/plnx/2024-01-09-10-36_300902d361/202401091036-300902d361-RUNDEV.tgz"
[2024-01-12T21:05:42.763Z]   } ]
[2024-01-12T21:05:42.763Z] }
[2024-01-12T21:05:42.763Z] [VERBOSE] End loading URL (CURL): https://art-bear.autodesk.com/artifactory/api/search/checksum?repos=autodesk-3p-generic,adsk-build-tools-generic,team-ecg-generic,team-maya-generic,oss-stg-generic,team-mayausd-post-generic&sha1=0bebfcf4d2cf9780a82aaf90fa8cd2a12467c6ab
[2024-01-12T21:05:42.763Z] [VERBOSE] Start loading URL (CURL): https://art-bear.autodesk.com:443/artifactory/api/storage/team-maya-generic/Maya/master/plnx/2024-01-09-10-36_300902d361/202401091036-300902d361-RUNDEV.tgz
[2024-01-12T21:05:42.763Z] [DEBUG] Running: /usr/bin/curl -s -X GET --keepalive-time 10 --connect-timeout 60 --speed-limit 10000 --speed-time 120 --max-time 3600 --retry 5 --retry-max-time 2400 -H Connection:close -H Authorization:Basic ZWNnYmlmcm9zdDpvcGUqKjAw https://art-bear.autodesk.com:443/artifactory/api/storage/team-maya-generic/Maya/master/plnx/2024-01-09-10-36_300902d361/202401091036-300902d361-RUNDEV.tgz
[2024-01-12T21:05:42.763Z] [DEBUG] Output:
[2024-01-12T21:05:42.763Z] {
[2024-01-12T21:05:42.763Z]   "repo" : "team-maya-generic",
[2024-01-12T21:05:42.763Z]   "path" : "/Maya/master/plnx/2024-01-09-10-36_300902d361/202401091036-300902d361-RUNDEV.tgz",
[2024-01-12T21:05:42.763Z]   "created" : "2024-01-09T15:38:31.760-05:00",
[2024-01-12T21:05:42.763Z]   "createdBy" : "token:art-bear.autodesk.com",
[2024-01-12T21:05:42.763Z]   "lastModified" : "2024-01-09T15:38:31.612-05:00",
[2024-01-12T21:05:42.763Z]   "modifiedBy" : "token:art-bear.autodesk.com",
[2024-01-12T21:05:42.763Z]   "lastUpdated" : "2024-01-09T15:38:31.761-05:00",
[2024-01-12T21:05:42.763Z]   "downloadUri" : "https://art-bear.autodesk.com:443/artifactory/team-maya-generic/Maya/master/plnx/2024-01-09-10-36_300902d361/202401091036-300902d361-RUNDEV.tgz",
[2024-01-12T21:05:42.763Z]   "mimeType" : "application/x-gzip",
[2024-01-12T21:05:42.763Z]   "size" : "3085510863",
[2024-01-12T21:05:42.763Z]   "checksums" : {
[2024-01-12T21:05:42.763Z]     "sha1" : "0bebfcf4d2cf9780a82aaf90fa8cd2a12467c6ab",
[2024-01-12T21:05:42.763Z]     "md5" : "c004118e35fbf2efbfb96c9918634250",
[2024-01-12T21:05:42.763Z]     "sha256" : "04f4043aac58ae0f5c120df70843dbbc26b2ce263222d95645366bfcf953296c"
[2024-01-12T21:05:42.763Z]   },
[2024-01-12T21:05:42.763Z]   "originalChecksums" : {
[2024-01-12T21:05:42.763Z]     "sha1" : "0bebfcf4d2cf9780a82aaf90fa8cd2a12467c6ab",
[2024-01-12T21:05:42.763Z]     "md5" : "c004118e35fbf2efbfb96c9918634250",
[2024-01-12T21:05:42.763Z]     "sha256" : "04f4043aac58ae0f5c120df70843dbbc26b2ce263222d95645366bfcf953296c"
[2024-01-12T21:05:42.763Z]   },
[2024-01-12T21:05:42.763Z]   "uri" : "https://art-bear.autodesk.com:443/artifactory/api/storage/team-maya-generic/Maya/master/plnx/2024-01-09-10-36_300902d361/202401091036-300902d361-RUNDEV.tgz"
[2024-01-12T21:05:42.763Z] }
[2024-01-12T21:05:42.763Z] [VERBOSE] End loading URL (CURL): https://art-bear.autodesk.com:443/artifactory/api/storage/team-maya-generic/Maya/master/plnx/2024-01-09-10-36_300902d361/202401091036-300902d361-RUNDEV.tgz
[2024-01-12T21:05:42.763Z] Using Maya cut from /local/S/jenkins/workspace/shared/Artifactory/Linux/rundev-master/202401091036/runtime/0bebfcf/runTime
[2024-01-12T21:05:42.763Z] self.artifactory_platform_dir = /local/S/jenkins/workspace/shared/Artifactory/Linux
[2024-01-12T21:05:42.763Z] package_dirs = ['/local/S/jenkins/workspace/shared/Artifactory/Linux/tmp', '/local/S/jenkins/workspace/shared/Artifactory/Linux/cmake', '/local/S/jenkins/workspace/shared/Artifactory/Linux/ninja', '/local/S/jenkins/workspace/shared/Artifactory/Linux/doxygen', '/local/S/jenkins/workspace/shared/Artifactory/Linux/harmony', '/local/S/jenkins/workspace/shared/Artifactory/Linux/python-dateutil', '/local/S/jenkins/workspace/shared/Artifactory/Linux/tbb', '/local/S/jenkins/workspace/shared/Artifactory/Linux/USD', '/local/S/jenkins/workspace/shared/Artifactory/Linux/MayaHydra', '/local/S/jenkins/workspace/shared/Artifactory/Linux/rundev-master-debug', '/local/S/jenkins/workspace/shared/Artifactory/Linux/rundev-master', '/local/S/jenkins/workspace/shared/Artifactory/Linux/rundev-2024', '/local/S/jenkins/workspace/shared/Artifactory/Linux/rundev-2025', '/local/S/jenkins/workspace/shared/Artifactory/Linux/mayausd-cotd']
[2024-01-12T21:05:42.763Z] prune_version_dirs = ['/local/S/jenkins/workspace/shared/Artifactory/Linux/rundev-master-debug/202401090634']
[2024-01-12T21:05:42.763Z] prune_revision_dirs = []
[2024-01-12T21:05:42.763Z] non_standard_dirs = []
[2024-01-12T21:05:42.763Z] Pruning artifacts in /local/S/jenkins/workspace/shared/Artifactory/Linux
[2024-01-12T21:05:42.763Z] The following artifact versions will be pruned:
[2024-01-12T21:05:42.763Z] 	rundev-master-debug/202401090634
[2024-01-12T21:05:42.763Z] 	rundev-master-debug/202401090634
[2024-01-12T21:05:42.763Z] Removing directory: /local/S/jenkins/workspace/shared/Artifactory/Linux/rundev-master-debug/202401090634
[2024-01-12T21:05:43.893Z] [VERBOSE] Start loading URL (CURL): https://art-bear.autodesk.com:443/artifactory/api/storage/team-maya-generic/Maya/master/plnx/2024-01-09-10-36_300902d361/202401091036-300902d361-RUNDEV.tgz.multipart
[2024-01-12T21:05:43.893Z] [DEBUG] Running: /usr/bin/curl -s -X GET --keepalive-time 10 --connect-timeout 60 --speed-limit 10000 --speed-time 120 --max-time 3600 --retry 5 --retry-max-time 2400 -H Connection:close -H Authorization:Basic ZWNnYmlmcm9zdDpvcGUqKjAw https://art-bear.autodesk.com:443/artifactory/api/storage/team-maya-generic/Maya/master/plnx/2024-01-09-10-36_300902d361/202401091036-300902d361-RUNDEV.tgz.multipart
[2024-01-12T21:05:43.893Z] [DEBUG] Output:
[2024-01-12T21:05:43.893Z] {
[2024-01-12T21:05:43.893Z]   "errors" : [ {
[2024-01-12T21:05:43.893Z]     "status" : 404,
[2024-01-12T21:05:43.893Z]     "message" : "Unable to find item"
[2024-01-12T21:05:43.893Z]   } ]
[2024-01-12T21:05:43.893Z] }
[2024-01-12T21:05:43.893Z] [VERBOSE] End loading URL (CURL): https://art-bear.autodesk.com:443/artifactory/api/storage/team-maya-generic/Maya/master/plnx/2024-01-09-10-36_300902d361/202401091036-300902d361-RUNDEV.tgz.multipart
[2024-01-12T21:05:43.893Z] Downloading https://art-bear.autodesk.com:443/artifactory/team-maya-generic/Maya/master/plnx/2024-01-09-10-36_300902d361/202401091036-300902d361-RUNDEV.tgz to /local/S/jenkins/workspace/shared/Artifactory/Linux/tmp/tmpfk6xfwdq
[2024-01-12T21:05:43.893Z] [VERBOSE] Start downloading file (CURL): https://art-bear.autodesk.com:443/artifactory/team-maya-generic/Maya/master/plnx/2024-01-09-10-36_300902d361/202401091036-300902d361-RUNDEV.tgz
[2024-01-12T21:05:43.893Z] [DEBUG] Running: /usr/bin/curl -sI -X GET --keepalive-time 10 --connect-timeout 60 --speed-limit 10000 --speed-time 120 --max-time 3600 --retry 5 --retry-max-time 2400 -H Connection:close -H Authorization:Basic ZWNnYmlmcm9zdDpvcGUqKjAw https://art-bear.autodesk.com:443/artifactory/team-maya-generic/Maya/master/plnx/2024-01-09-10-36_300902d361/202401091036-300902d361-RUNDEV.tgz
[2024-01-12T21:05:43.893Z] [DEBUG] Header:
[2024-01-12T21:05:43.893Z] HTTP/1.1 200 
[2024-01-12T21:05:43.893Z] Date: Fri, 12 Jan 2024 21:05:43 GMT
[2024-01-12T21:05:43.893Z] Content-Type: application/x-gzip
[2024-01-12T21:05:43.893Z] Content-Length: 3085510863
[2024-01-12T21:05:43.893Z] Connection: close
[2024-01-12T21:05:43.893Z] X-JFrog-Version: Artifactory/7.55.9 75509900
[2024-01-12T21:05:43.893Z] X-Artifactory-Id: 4b5c2cfa9bf2f461:-5b53be7b:18c71189944:-8000
[2024-01-12T21:05:43.893Z] X-Artifactory-Node-Id: uscrlpdrsync006.autodesk.com
[2024-01-12T21:05:43.893Z] Last-Modified: Tue, 09 Jan 2024 20:38:31 GMT
[2024-01-12T21:05:43.893Z] ETag: 0bebfcf4d2cf9780a82aaf90fa8cd2a12467c6ab
[2024-01-12T21:05:43.893Z] X-Checksum-Sha1: 0bebfcf4d2cf9780a82aaf90fa8cd2a12467c6ab
[2024-01-12T21:05:43.894Z] X-Checksum-Sha256: 04f4043aac58ae0f5c120df70843dbbc26b2ce263222d95645366bfcf953296c
[2024-01-12T21:05:43.894Z] X-Checksum-Md5: c004118e35fbf2efbfb96c9918634250
[2024-01-12T21:05:43.894Z] Accept-Ranges: bytes
[2024-01-12T21:05:43.894Z] X-Artifactory-Filename: 202401091036-300902d361-RUNDEV.tgz
[2024-01-12T21:05:43.894Z] Content-Disposition: attachment; filename="202401091036-300902d361-RUNDEV.tgz"; filename*=UTF-8''"202401091036-300902d361-RUNDEV.tgz"
[2024-01-12T21:05:43.894Z] [DEBUG] Running: /usr/bin/curl --progress-bar -X GET --keepalive-time 10 --connect-timeout 60 --speed-limit 10000 --speed-time 120 --max-time 3600 --retry 5 --retry-max-time 2400 -H Connection:close -H Authorization:Basic ZWNnYmlmcm9zdDpvcGUqKjAw https://art-bear.autodesk.com:443/artifactory/team-maya-generic/Maya/master/plnx/2024-01-09-10-36_300902d361/202401091036-300902d361-RUNDEV.tgz -o /local/S/jenkins/workspace/shared/Artifactory/Linux/tmp/tmpfk6xfwdq/202401091036-300902d361-RUNDEV.tgz
[2024-01-12T21:05:43.894Z]       0% complete.
[2024-01-12T21:05:44.433Z]       1% complete.
[2024-01-12T21:05:44.433Z]       2% complete.
[2024-01-12T21:05:44.433Z]       3% complete.
[2024-01-12T21:05:44.433Z]       4% complete.
[2024-01-12T21:05:44.433Z]       5% complete.
[2024-01-12T21:05:44.433Z]       6% complete.
[2024-01-12T21:05:44.970Z]       7% complete.
[2024-01-12T21:05:45.509Z]       8% complete.
[2024-01-12T21:05:45.509Z]       9% complete.
[2024-01-12T21:05:45.509Z]      10% complete.
[2024-01-12T21:05:45.509Z]      11% complete.
[2024-01-12T21:05:45.509Z]      12% complete.
[2024-01-12T21:05:45.509Z]      14% complete.
[2024-01-12T21:05:46.049Z]      15% complete.
[2024-01-12T21:05:46.049Z]      16% complete.
[2024-01-12T21:05:46.049Z]      18% complete.
[2024-01-12T21:05:46.049Z]      19% complete.
[2024-01-12T21:05:46.049Z]      20% complete.
[2024-01-12T21:05:46.588Z]      21% complete.
[2024-01-12T21:05:46.588Z]      22% complete.
[2024-01-12T21:05:46.588Z]      24% complete.
[2024-01-12T21:05:46.588Z]      25% complete.
[2024-01-12T21:05:46.588Z]      27% complete.
[2024-01-12T21:05:47.187Z]      28% complete.
[2024-01-12T21:05:47.187Z]      29% complete.
[2024-01-12T21:05:47.187Z]      31% complete.
[2024-01-12T21:05:47.187Z]      32% complete.
[2024-01-12T21:05:47.187Z]      33% complete.
[2024-01-12T21:05:47.187Z]      34% complete.
[2024-01-12T21:05:47.727Z]      35% complete.
[2024-01-12T21:05:47.727Z]      37% complete.
[2024-01-12T21:05:47.727Z]      38% complete.
[2024-01-12T21:05:47.727Z]      39% complete.
[2024-01-12T21:05:47.727Z]      41% complete.
[2024-01-12T21:05:47.727Z]      42% complete.
[2024-01-12T21:05:48.262Z]      43% complete.
[2024-01-12T21:05:48.262Z]      45% complete.
[2024-01-12T21:05:48.262Z]      46% complete.
[2024-01-12T21:05:48.262Z]      47% complete.
[2024-01-12T21:05:48.806Z]      49% complete.
[2024-01-12T21:05:48.806Z]      50% complete.
[2024-01-12T21:05:48.806Z]      51% complete.
[2024-01-12T21:05:48.806Z]      52% complete.
[2024-01-12T21:05:48.806Z]      54% complete.
[2024-01-12T21:05:49.343Z]      55% complete.
[2024-01-12T21:05:50.479Z]      56% complete.
[2024-01-12T21:05:50.479Z]      57% complete.
[2024-01-12T21:05:51.020Z]      58% complete.
[2024-01-12T21:05:51.020Z]      59% complete.
[2024-01-12T21:05:51.020Z]      60% complete.
[2024-01-12T21:05:51.020Z]      61% complete.
[2024-01-12T21:05:51.020Z]      62% complete.
[2024-01-12T21:05:51.020Z]      63% complete.
[2024-01-12T21:05:51.556Z]      64% complete.
[2024-01-12T21:05:51.556Z]      65% complete.
[2024-01-12T21:05:51.556Z]      66% complete.
[2024-01-12T21:05:51.556Z]      67% complete.
[2024-01-12T21:05:52.147Z]      68% complete.
[2024-01-12T21:05:52.147Z]      69% complete.
[2024-01-12T21:05:52.147Z]      70% complete.
[2024-01-12T21:05:52.147Z]      71% complete.
[2024-01-12T21:05:52.147Z]      72% complete.
[2024-01-12T21:05:52.687Z]      73% complete.
[2024-01-12T21:05:52.687Z]      74% complete.
[2024-01-12T21:05:52.687Z]      75% complete.
[2024-01-12T21:05:52.687Z]      76% complete.
[2024-01-12T21:05:53.222Z]      77% complete.
[2024-01-12T21:05:53.222Z]      78% complete.
[2024-01-12T21:05:53.222Z]      79% complete.
[2024-01-12T21:05:53.222Z]      80% complete.
[2024-01-12T21:05:53.222Z]      81% complete.
[2024-01-12T21:05:53.222Z]      82% complete.
[2024-01-12T21:05:53.761Z]      83% complete.
[2024-01-12T21:05:53.761Z]      84% complete.
[2024-01-12T21:05:53.761Z]      85% complete.
[2024-01-12T21:05:54.301Z]      86% complete.
[2024-01-12T21:05:54.301Z]      87% complete.
[2024-01-12T21:05:54.838Z]      88% complete.
[2024-01-12T21:05:55.397Z]      89% complete.
[2024-01-12T21:05:55.936Z]      90% complete.
[2024-01-12T21:05:56.485Z]      91% complete.
[2024-01-12T21:05:57.026Z]      92% complete.
[2024-01-12T21:05:57.562Z]      93% complete.
[2024-01-12T21:05:58.109Z]      94% complete.
[2024-01-12T21:05:58.652Z]      96% complete.
[2024-01-12T21:05:58.652Z]      97% complete.
[2024-01-12T21:05:58.652Z]      98% complete.
[2024-01-12T21:05:58.652Z]      99% complete.
[2024-01-12T21:05:58.652Z]     100% complete.
[2024-01-12T21:05:58.652Z] [VERBOSE] End downloading file (CURL): https://art-bear.autodesk.com:443/artifactory/team-maya-generic/Maya/master/plnx/2024-01-09-10-36_300902d361/202401091036-300902d361-RUNDEV.tgz
[2024-01-12T21:05:58.652Z] Extracting 202401091036-300902d361-RUNDEV.tgz to /local/S/jenkins/workspace/shared/Artifactory/Linux/tmp/tmp76i4j7ic
Calling Pipeline was cancelled
[2024-01-12T21:06:16.767Z] Sending interrupt signal to process
[2024-01-12T21:06:17.808Z] tar: Unexpected EOF in archive
[2024-01-12T21:06:17.808Z] tar: Unexpected EOF in archive
[2024-01-12T21:06:17.808Z] tar: Error is not recoverable: exiting now
[2024-01-12T21:06:17.808Z] /var/tmp/sclsBc7By: line 6: 1052538 Terminated              python ecg-maya-hydra/build.py --stages=setup --workspace-dir=/local/S/jenkins/workspace/ECP/ecg-maya-hydra/ecg-maya-hydra-branch-preflight-python3-linux --artifactory-dir=/local/S/jenkins/workspace/shared/Artifactory --build-dir=/local/S/jenkins/workspace/ECP/ecg-maya-hydra/ecg-maya-hydra-branch-preflight-python3-linux/build --install-dir=/local/S/jenkins/workspace/ECP/ecg-maya-hydra/ecg-maya-hydra-branch-preflight-python3-linux/install --signing-dir=/local/S/jenkins/workspace/ECP/ecg-maya-hydra/ecg-maya-hydra-branch-preflight-python3-linux/signing --package-dir=/local/S/jenkins/workspace/ECP/ecg-maya-hydra/ecg-maya-hydra-branch-preflight-python3-linux/package --output-dir=/local/S/jenkins/workspace/ECP/ecg-maya-hydra/ecg-maya-hydra-branch-preflight-python3-linux/output --stash-dir=/local/S/jenkins/workspace/ECP/ecg-maya-hydra/ecg-maya-hydra-branch-preflight-python3-linux/stash --jenkins-build=455 --git-commit=663948a416cb68fc4846e77ff8a6b1f8066eb715 --git-branch=master --variants=RelWithDebInfo --interactive-tests=true --post-zips=false --extra-license-file=ecg-maya-hydra/jenkins-o03-cot/melicense.lic --prune-versions=3 --prune-revisions=3 --maya-cut-config=maya-rundev-master.yaml --maya-package=rundev-master --stage-banner --prune-artifacts --force-pruning
[2024-01-12T21:06:18.039Z] script returned exit code 143
[Pipeline] }
[Pipeline] // withEnv
[Pipeline] }
[Pipeline] // timeout
[Pipeline] }
[Pipeline] // stage
[Pipeline] }
[Pipeline] // timestamps
[Pipeline] emailextrecipients
Not sending mail to user Sean.Donnelly@autodesk.com with no permission to view ECP » ecg-maya-hydra » Maya Hydra [Python 3, Interactive] - Branch - Preflight (Linux) [RHEL8] #455Not sending mail to user notifications@git.autodesk.com with no permission to view ECP » ecg-maya-hydra » Maya Hydra [Python 3, Interactive] - Branch - Preflight (Linux) [RHEL8] #455Not sending mail to user Sean.Donnelly@autodesk.com with no permission to view ECP » ecg-maya-hydra » Maya Hydra [Python 3, Interactive] - Branch - Preflight (Linux) [RHEL8] #455Not sending mail to user notifications@git.autodesk.com with no permission to view ECP » ecg-maya-hydra » Maya Hydra [Python 3, Interactive] - Branch - Preflight (Linux) [RHEL8] #455[Pipeline] isUnix
[Pipeline] echo
Sending notification via SendGrid.
Sending email to philippe.de.blois@autodesk.com
[Pipeline] withCredentials
Masking supported pattern matches of $TOKEN
[Pipeline] {
[Pipeline] isUnix
[Pipeline] sh
[Pipeline] }
[Pipeline] // withCredentials
[Pipeline] }
[Pipeline] // node
[Pipeline] End of Pipeline
[Checks API] No suitable checks publisher found.
Finished: ABORTED
